ID;Event;Duration;Pattern Duration
0;0x8a4a2663ce60ce4955c595da2894de0415240f1ace024cfbff85f513b656bdae;15;0
1;0x8a4a2663ce60ce4955c595da2894de0415240f1ace024cfbff85f513b656bdae;14;0
2;0x8a4a2663ce60ce4955c595da2894de0415240f1ace024cfbff85f513b656bdae;12;0
3;0x8a4a2663ce60ce4955c595da2894de0415240f1ace024cfbff85f513b656bdae;12;0
4;0x8a4a2663ce60ce4955c595da2894de0415240f1ace024cfbff85f513b656bdae;12;0
5;0x8a4a2663ce60ce4955c595da2894de0415240f1ace024cfbff85f513b656bdae;13;0
6;0x8a4a2663ce60ce4955c595da2894de0415240f1ace024cfbff85f513b656bdae;10;0
7;0x8a4a2663ce60ce4955c595da2894de0415240f1ace024cfbff85f513b656bdae;12;0
8;0x8a4a2663ce60ce4955c595da2894de0415240f1ace024cfbff85f513b656bdae;13;0
9;0x8a4a2663ce60ce4955c595da2894de0415240f1ace024cfbff85f513b656bdae;16;0
10;0x8a4a2663ce60ce4955c595da2894de0415240f1ace024cfbff85f513b656bdae;12;0
11;0x8a4a2663ce60ce4955c595da2894de0415240f1ace024cfbff85f513b656bdae;12;0
12;0x8a4a2663ce60ce4955c595da2894de0415240f1ace024cfbff85f513b656bdae;12;0
13;0x8a4a2663ce60ce4955c595da2894de0415240f1ace024cfbff85f513b656bdae;12;0
14;0x8a4a2663ce60ce4955c595da2894de0415240f1ace024cfbff85f513b656bdae;10;0
15;0x8a4a2663ce60ce4955c595da2894de0415240f1ace024cfbff85f513b656bdae;12;0
16;0x8a4a2663ce60ce4955c595da2894de0415240f1ace024cfbff85f513b656bdae;12;0
17;0x8a4a2663ce60ce4955c595da2894de0415240f1ace024cfbff85f513b656bdae;11;0
18;0x8a4a2663ce60ce4955c595da2894de0415240f1ace024cfbff85f513b656bdae;12;0
19;0x8a4a2663ce60ce4955c595da2894de0415240f1ace024cfbff85f513b656bdae;10;0
20;0x8a4a2663ce60ce4955c595da2894de0415240f1ace024cfbff85f513b656bdae;12;0
21;0x8a4a2663ce60ce4955c595da2894de0415240f1ace024cfbff85f513b656bdae;11;0
22;0x8a4a2663ce60ce4955c595da2894de0415240f1ace024cfbff85f513b656bdae;12;0
23;0x8a4a2663ce60ce4955c595da2894de0415240f1ace024cfbff85f513b656bdae;12;0
24;0x8a4a2663ce60ce4955c595da2894de0415240f1ace024cfbff85f513b656bdae;12;0
25;0x8a4a2663ce60ce4955c595da2894de0415240f1ace024cfbff85f513b656bdae;11;0
26;0x8a4a2663ce60ce4955c595da2894de0415240f1ace024cfbff85f513b656bdae;10;0
27;0x8a4a2663ce60ce4955c595da2894de0415240f1ace024cfbff85f513b656bdae;11;0
28;0x8a4a2663ce60ce4955c595da2894de0415240f1ace024cfbff85f513b656bdae;12;0
29;0x8a4a2663ce60ce4955c595da2894de0415240f1ace024cfbff85f513b656bdae;15;0
30;0x8a4a2663ce60ce4955c595da2894de0415240f1ace024cfbff85f513b656bdae;11;0
31;0x8a4a2663ce60ce4955c595da2894de0415240f1ace024cfbff85f513b656bdae;11;0
32;0x8a4a2663ce60ce4955c595da2894de0415240f1ace024cfbff85f513b656bdae;11;0
33;0x8a4a2663ce60ce4955c595da2894de0415240f1ace024cfbff85f513b656bdae;12;0
34;0x8a4a2663ce60ce4955c595da2894de0415240f1ace024cfbff85f513b656bdae;10;0
35;0x8a4a2663ce60ce4955c595da2894de0415240f1ace024cfbff85f513b656bdae;12;0
36;0x8a4a2663ce60ce4955c595da2894de0415240f1ace024cfbff85f513b656bdae;11;0
37;0x8a4a2663ce60ce4955c595da2894de0415240f1ace024cfbff85f513b656bdae;11;0
38;0x8a4a2663ce60ce4955c595da2894de0415240f1ace024cfbff85f513b656bdae;11;0
39;0x8a4a2663ce60ce4955c595da2894de0415240f1ace024cfbff85f513b656bdae;12;0
40;0x8a4a2663ce60ce4955c595da2894de0415240f1ace024cfbff85f513b656bdae;13;0
41;0x8a4a2663ce60ce4955c595da2894de0415240f1ace024cfbff85f513b656bdae;11;0
42;0x8a4a2663ce60ce4955c595da2894de0415240f1ace024cfbff85f513b656bdae;12;0
43;0x8a4a2663ce60ce4955c595da2894de0415240f1ace024cfbff85f513b656bdae;11;0
44;0x8a4a2663ce60ce4955c595da2894de0415240f1ace024cfbff85f513b656bdae;11;0
45;0x8a4a2663ce60ce4955c595da2894de0415240f1ace024cfbff85f513b656bdae;12;0
46;0x8a4a2663ce60ce4955c595da2894de0415240f1ace024cfbff85f513b656bdae;10;0
47;0x8a4a2663ce60ce4955c595da2894de0415240f1ace024cfbff85f513b656bdae;12;0
48;0x8a4a2663ce60ce4955c595da2894de0415240f1ace024cfbff85f513b656bdae;11;0
49;0x8a4a2663ce60ce4955c595da2894de0415240f1ace024cfbff85f513b656bdae;11;0
50;0x8a4a2663ce60ce4955c595da2894de0415240f1ace024cfbff85f513b656bdae;11;0
51;0x8a4a2663ce60ce4955c595da2894de0415240f1ace024cfbff85f513b656bdae;11;0
52;0x8a4a2663ce60ce4955c595da2894de0415240f1ace024cfbff85f513b656bdae;12;0
53;0x8a4a2663ce60ce4955c595da2894de0415240f1ace024cfbff85f513b656bdae;11;0
54;0x8a4a2663ce60ce4955c595da2894de0415240f1ace024cfbff85f513b656bdae;11;0
55;0x8a4a2663ce60ce4955c595da2894de0415240f1ace024cfbff85f513b656bdae;12;0
56;0x8a4a2663ce60ce4955c595da2894de0415240f1ace024cfbff85f513b656bdae;12;0
57;0x8a4a2663ce60ce4955c595da2894de0415240f1ace024cfbff85f513b656bdae;12;0
58;0x8a4a2663ce60ce4955c595da2894de0415240f1ace024cfbff85f513b656bdae;11;0
59;0x8a4a2663ce60ce4955c595da2894de0415240f1ace024cfbff85f513b656bdae;11;0
60;0x8a4a2663ce60ce4955c595da2894de0415240f1ace024cfbff85f513b656bdae;12;0
61;0x8a4a2663ce60ce4955c595da2894de0415240f1ace024cfbff85f513b656bdae;12;0
62;0x8a4a2663ce60ce4955c595da2894de0415240f1ace024cfbff85f513b656bdae;12;0
63;0x8a4a2663ce60ce4955c595da2894de0415240f1ace024cfbff85f513b656bdae;11;0
64;0x8a4a2663ce60ce4955c595da2894de0415240f1ace024cfbff85f513b656bdae;11;0
65;0x8a4a2663ce60ce4955c595da2894de0415240f1ace024cfbff85f513b656bdae;12;0
66;0x8a4a2663ce60ce4955c595da2894de0415240f1ace024cfbff85f513b656bdae;11;0
67;0x8a4a2663ce60ce4955c595da2894de0415240f1ace024cfbff85f513b656bdae;12;0
68;0x8a4a2663ce60ce4955c595da2894de0415240f1ace024cfbff85f513b656bdae;12;0
69;0x8a4a2663ce60ce4955c595da2894de0415240f1ace024cfbff85f513b656bdae;10;0
70;0x8a4a2663ce60ce4955c595da2894de0415240f1ace024cfbff85f513b656bdae;12;0
71;0x8a4a2663ce60ce4955c595da2894de0415240f1ace024cfbff85f513b656bdae;11;0
72;0x8a4a2663ce60ce4955c595da2894de0415240f1ace024cfbff85f513b656bdae;10;0
73;0x8a4a2663ce60ce4955c595da2894de0415240f1ace024cfbff85f513b656bdae;12;0
74;0x8a4a2663ce60ce4955c595da2894de0415240f1ace024cfbff85f513b656bdae;47;0
75;0x8a4a2663ce60ce4955c595da2894de0415240f1ace024cfbff85f513b656bdae;11;0
76;0x8a4a2663ce60ce4955c595da2894de0415240f1ace024cfbff85f513b656bdae;11;0
77;0x8a4a2663ce60ce4955c595da2894de0415240f1ace024cfbff85f513b656bdae;11;0
78;0x8a4a2663ce60ce4955c595da2894de0415240f1ace024cfbff85f513b656bdae;11;0
79;0x8a4a2663ce60ce4955c595da2894de0415240f1ace024cfbff85f513b656bdae;11;0
80;0x8a4a2663ce60ce4955c595da2894de0415240f1ace024cfbff85f513b656bdae;11;0
81;0x8a4a2663ce60ce4955c595da2894de0415240f1ace024cfbff85f513b656bdae;12;0
82;0x8a4a2663ce60ce4955c595da2894de0415240f1ace024cfbff85f513b656bdae;12;0
83;0x8a4a2663ce60ce4955c595da2894de0415240f1ace024cfbff85f513b656bdae;12;0
84;0x8a4a2663ce60ce4955c595da2894de0415240f1ace024cfbff85f513b656bdae;11;0
85;0x8a4a2663ce60ce4955c595da2894de0415240f1ace024cfbff85f513b656bdae;11;0
86;0x8a4a2663ce60ce4955c595da2894de0415240f1ace024cfbff85f513b656bdae;10;0
87;0x8a4a2663ce60ce4955c595da2894de0415240f1ace024cfbff85f513b656bdae;11;0
88;0x8a4a2663ce60ce4955c595da2894de0415240f1ace024cfbff85f513b656bdae;11;0
89;0x8a4a2663ce60ce4955c595da2894de0415240f1ace024cfbff85f513b656bdae;10;0
90;0x8a4a2663ce60ce4955c595da2894de0415240f1ace024cfbff85f513b656bdae;11;0
91;0x8a4a2663ce60ce4955c595da2894de0415240f1ace024cfbff85f513b656bdae;11;0
92;0x8a4a2663ce60ce4955c595da2894de0415240f1ace024cfbff85f513b656bdae;10;0
93;0x8a4a2663ce60ce4955c595da2894de0415240f1ace024cfbff85f513b656bdae;11;0
94;0x8a4a2663ce60ce4955c595da2894de0415240f1ace024cfbff85f513b656bdae;11;0
95;0x8a4a2663ce60ce4955c595da2894de0415240f1ace024cfbff85f513b656bdae;11;0
96;0x8a4a2663ce60ce4955c595da2894de0415240f1ace024cfbff85f513b656bdae;12;0
97;0x8a4a2663ce60ce4955c595da2894de0415240f1ace024cfbff85f513b656bdae;11;0
98;0x8a4a2663ce60ce4955c595da2894de0415240f1ace024cfbff85f513b656bdae;11;0
99;0x8a4a2663ce60ce4955c595da2894de0415240f1ace024cfbff85f513b656bdae;11;0
100;0x8a4a2663ce60ce4955c595da2894de0415240f1ace024cfbff85f513b656bdae;10;0
101;0x8a4a2663ce60ce4955c595da2894de0415240f1ace024cfbff85f513b656bdae;11;0
102;0x8a4a2663ce60ce4955c595da2894de0415240f1ace024cfbff85f513b656bdae;11;0
103;0x8a4a2663ce60ce4955c595da2894de0415240f1ace024cfbff85f513b656bdae;12;0
104;0x8a4a2663ce60ce4955c595da2894de0415240f1ace024cfbff85f513b656bdae;11;0
105;0x8a4a2663ce60ce4955c595da2894de0415240f1ace024cfbff85f513b656bdae;9;0
106;0x8a4a2663ce60ce4955c595da2894de0415240f1ace024cfbff85f513b656bdae;11;0
107;0x8a4a2663ce60ce4955c595da2894de0415240f1ace024cfbff85f513b656bdae;10;0
108;0x8a4a2663ce60ce4955c595da2894de0415240f1ace024cfbff85f513b656bdae;11;0
109;0x8a4a2663ce60ce4955c595da2894de0415240f1ace024cfbff85f513b656bdae;11;0
110;0x8a4a2663ce60ce4955c595da2894de0415240f1ace024cfbff85f513b656bdae;12;0
111;0x8a4a2663ce60ce4955c595da2894de0415240f1ace024cfbff85f513b656bdae;11;0
112;0x8a4a2663ce60ce4955c595da2894de0415240f1ace024cfbff85f513b656bdae;11;0
113;0x8a4a2663ce60ce4955c595da2894de0415240f1ace024cfbff85f513b656bdae;11;0
114;0x8a4a2663ce60ce4955c595da2894de0415240f1ace024cfbff85f513b656bdae;11;0
115;0x8a4a2663ce60ce4955c595da2894de0415240f1ace024cfbff85f513b656bdae;11;0
116;0x8a4a2663ce60ce4955c595da2894de0415240f1ace024cfbff85f513b656bdae;11;0
117;0x8a4a2663ce60ce4955c595da2894de0415240f1ace024cfbff85f513b656bdae;10;0
118;0x8a4a2663ce60ce4955c595da2894de0415240f1ace024cfbff85f513b656bdae;11;0
119;0x8a4a2663ce60ce4955c595da2894de0415240f1ace024cfbff85f513b656bdae;10;0
120;0x8a4a2663ce60ce4955c595da2894de0415240f1ace024cfbff85f513b656bdae;11;0
121;0x8a4a2663ce60ce4955c595da2894de0415240f1ace024cfbff85f513b656bdae;10;0
122;0x8a4a2663ce60ce4955c595da2894de0415240f1ace024cfbff85f513b656bdae;12;0
123;0x8a4a2663ce60ce4955c595da2894de0415240f1ace024cfbff85f513b656bdae;11;0
124;0x8a4a2663ce60ce4955c595da2894de0415240f1ace024cfbff85f513b656bdae;10;0
125;0x8a4a2663ce60ce4955c595da2894de0415240f1ace024cfbff85f513b656bdae;11;0
126;0x8a4a2663ce60ce4955c595da2894de0415240f1ace024cfbff85f513b656bdae;11;0
127;0x8a4a2663ce60ce4955c595da2894de0415240f1ace024cfbff85f513b656bdae;11;0
128;0x8a4a2663ce60ce4955c595da2894de0415240f1ace024cfbff85f513b656bdae;10;0
129;0x8a4a2663ce60ce4955c595da2894de0415240f1ace024cfbff85f513b656bdae;11;0
130;0x8a4a2663ce60ce4955c595da2894de0415240f1ace024cfbff85f513b656bdae;11;0
131;0x8a4a2663ce60ce4955c595da2894de0415240f1ace024cfbff85f513b656bdae;11;0
132;0x8a4a2663ce60ce4955c595da2894de0415240f1ace024cfbff85f513b656bdae;12;0
133;0x8a4a2663ce60ce4955c595da2894de0415240f1ace024cfbff85f513b656bdae;11;0
134;0x8a4a2663ce60ce4955c595da2894de0415240f1ace024cfbff85f513b656bdae;11;0
135;0x8a4a2663ce60ce4955c595da2894de0415240f1ace024cfbff85f513b656bdae;11;0
136;0x8a4a2663ce60ce4955c595da2894de0415240f1ace024cfbff85f513b656bdae;11;0
137;0x8a4a2663ce60ce4955c595da2894de0415240f1ace024cfbff85f513b656bdae;11;0
138;0x8a4a2663ce60ce4955c595da2894de0415240f1ace024cfbff85f513b656bdae;11;0
139;0x8a4a2663ce60ce4955c595da2894de0415240f1ace024cfbff85f513b656bdae;11;0
140;0x8a4a2663ce60ce4955c595da2894de0415240f1ace024cfbff85f513b656bdae;11;0
141;0x8a4a2663ce60ce4955c595da2894de0415240f1ace024cfbff85f513b656bdae;12;0
142;0x8a4a2663ce60ce4955c595da2894de0415240f1ace024cfbff85f513b656bdae;11;0
143;0x8a4a2663ce60ce4955c595da2894de0415240f1ace024cfbff85f513b656bdae;12;0
144;0x8a4a2663ce60ce4955c595da2894de0415240f1ace024cfbff85f513b656bdae;11;0
145;0x8a4a2663ce60ce4955c595da2894de0415240f1ace024cfbff85f513b656bdae;11;0
146;0x8a4a2663ce60ce4955c595da2894de0415240f1ace024cfbff85f513b656bdae;13;0
147;0x8a4a2663ce60ce4955c595da2894de0415240f1ace024cfbff85f513b656bdae;12;0
148;0x8a4a2663ce60ce4955c595da2894de0415240f1ace024cfbff85f513b656bdae;11;0
149;0x8a4a2663ce60ce4955c595da2894de0415240f1ace024cfbff85f513b656bdae;11;0
150;0x8a4a2663ce60ce4955c595da2894de0415240f1ace024cfbff85f513b656bdae;10;0
151;0x8a4a2663ce60ce4955c595da2894de0415240f1ace024cfbff85f513b656bdae;10;0
152;0x8a4a2663ce60ce4955c595da2894de0415240f1ace024cfbff85f513b656bdae;11;0
153;0x8a4a2663ce60ce4955c595da2894de0415240f1ace024cfbff85f513b656bdae;10;0
154;0x8a4a2663ce60ce4955c595da2894de0415240f1ace024cfbff85f513b656bdae;12;0
155;0x8a4a2663ce60ce4955c595da2894de0415240f1ace024cfbff85f513b656bdae;11;0
156;0x8a4a2663ce60ce4955c595da2894de0415240f1ace024cfbff85f513b656bdae;10;0
157;0x8a4a2663ce60ce4955c595da2894de0415240f1ace024cfbff85f513b656bdae;10;0
158;0x8a4a2663ce60ce4955c595da2894de0415240f1ace024cfbff85f513b656bdae;11;0
159;0x8a4a2663ce60ce4955c595da2894de0415240f1ace024cfbff85f513b656bdae;10;0
160;0x8a4a2663ce60ce4955c595da2894de0415240f1ace024cfbff85f513b656bdae;11;0
161;0x8a4a2663ce60ce4955c595da2894de0415240f1ace024cfbff85f513b656bdae;11;0
162;0x8a4a2663ce60ce4955c595da2894de0415240f1ace024cfbff85f513b656bdae;11;0
163;0x8a4a2663ce60ce4955c595da2894de0415240f1ace024cfbff85f513b656bdae;11;0
164;0x8a4a2663ce60ce4955c595da2894de0415240f1ace024cfbff85f513b656bdae;10;0
165;0x8a4a2663ce60ce4955c595da2894de0415240f1ace024cfbff85f513b656bdae;11;0
166;0x8a4a2663ce60ce4955c595da2894de0415240f1ace024cfbff85f513b656bdae;10;0
167;0x8a4a2663ce60ce4955c595da2894de0415240f1ace024cfbff85f513b656bdae;10;0
168;0x8a4a2663ce60ce4955c595da2894de0415240f1ace024cfbff85f513b656bdae;11;0
169;0x8a4a2663ce60ce4955c595da2894de0415240f1ace024cfbff85f513b656bdae;11;0
170;0x8a4a2663ce60ce4955c595da2894de0415240f1ace024cfbff85f513b656bdae;12;0
171;0x8a4a2663ce60ce4955c595da2894de0415240f1ace024cfbff85f513b656bdae;13;0
172;0x8a4a2663ce60ce4955c595da2894de0415240f1ace024cfbff85f513b656bdae;12;0
173;0x8a4a2663ce60ce4955c595da2894de0415240f1ace024cfbff85f513b656bdae;10;0
174;0x8a4a2663ce60ce4955c595da2894de0415240f1ace024cfbff85f513b656bdae;10;0
175;0x8a4a2663ce60ce4955c595da2894de0415240f1ace024cfbff85f513b656bdae;11;0
176;0x8a4a2663ce60ce4955c595da2894de0415240f1ace024cfbff85f513b656bdae;11;0
177;0x8a4a2663ce60ce4955c595da2894de0415240f1ace024cfbff85f513b656bdae;11;0
178;0x8a4a2663ce60ce4955c595da2894de0415240f1ace024cfbff85f513b656bdae;10;0
179;0x8a4a2663ce60ce4955c595da2894de0415240f1ace024cfbff85f513b656bdae;10;0
180;0x8a4a2663ce60ce4955c595da2894de0415240f1ace024cfbff85f513b656bdae;11;0
181;0x8a4a2663ce60ce4955c595da2894de0415240f1ace024cfbff85f513b656bdae;11;0
182;0x8a4a2663ce60ce4955c595da2894de0415240f1ace024cfbff85f513b656bdae;10;0
183;0x8a4a2663ce60ce4955c595da2894de0415240f1ace024cfbff85f513b656bdae;10;0
184;0x8a4a2663ce60ce4955c595da2894de0415240f1ace024cfbff85f513b656bdae;10;0
185;0x8a4a2663ce60ce4955c595da2894de0415240f1ace024cfbff85f513b656bdae;11;0
186;0x8a4a2663ce60ce4955c595da2894de0415240f1ace024cfbff85f513b656bdae;14;0
187;0x8a4a2663ce60ce4955c595da2894de0415240f1ace024cfbff85f513b656bdae;12;0
188;0x8a4a2663ce60ce4955c595da2894de0415240f1ace024cfbff85f513b656bdae;12;0
189;0x8a4a2663ce60ce4955c595da2894de0415240f1ace024cfbff85f513b656bdae;10;0
190;0x8a4a2663ce60ce4955c595da2894de0415240f1ace024cfbff85f513b656bdae;13;0
191;0x8a4a2663ce60ce4955c595da2894de0415240f1ace024cfbff85f513b656bdae;12;0
192;0x8a4a2663ce60ce4955c595da2894de0415240f1ace024cfbff85f513b656bdae;9;0
193;0x8a4a2663ce60ce4955c595da2894de0415240f1ace024cfbff85f513b656bdae;11;0
194;0x8a4a2663ce60ce4955c595da2894de0415240f1ace024cfbff85f513b656bdae;10;0
195;0x8a4a2663ce60ce4955c595da2894de0415240f1ace024cfbff85f513b656bdae;11;0
196;0x8a4a2663ce60ce4955c595da2894de0415240f1ace024cfbff85f513b656bdae;11;0
197;0x8a4a2663ce60ce4955c595da2894de0415240f1ace024cfbff85f513b656bdae;10;0
198;0x8a4a2663ce60ce4955c595da2894de0415240f1ace024cfbff85f513b656bdae;11;0
199;0x8a4a2663ce60ce4955c595da2894de0415240f1ace024cfbff85f513b656bdae;11;0
200;0x8a4a2663ce60ce4955c595da2894de0415240f1ace024cfbff85f513b656bdae;11;0
201;0x8a4a2663ce60ce4955c595da2894de0415240f1ace024cfbff85f513b656bdae;12;0
202;0x8a4a2663ce60ce4955c595da2894de0415240f1ace024cfbff85f513b656bdae;11;0
203;0x8a4a2663ce60ce4955c595da2894de0415240f1ace024cfbff85f513b656bdae;10;0
204;0x8a4a2663ce60ce4955c595da2894de0415240f1ace024cfbff85f513b656bdae;11;0
205;0x8a4a2663ce60ce4955c595da2894de0415240f1ace024cfbff85f513b656bdae;11;0
206;0x8a4a2663ce60ce4955c595da2894de0415240f1ace024cfbff85f513b656bdae;11;0
207;0x8a4a2663ce60ce4955c595da2894de0415240f1ace024cfbff85f513b656bdae;10;0
208;0x8a4a2663ce60ce4955c595da2894de0415240f1ace024cfbff85f513b656bdae;11;0
209;0x8a4a2663ce60ce4955c595da2894de0415240f1ace024cfbff85f513b656bdae;11;0
210;0x8a4a2663ce60ce4955c595da2894de0415240f1ace024cfbff85f513b656bdae;12;0
211;0x8a4a2663ce60ce4955c595da2894de0415240f1ace024cfbff85f513b656bdae;11;0
212;0x8a4a2663ce60ce4955c595da2894de0415240f1ace024cfbff85f513b656bdae;10;0
213;0x8a4a2663ce60ce4955c595da2894de0415240f1ace024cfbff85f513b656bdae;10;0
214;0x8a4a2663ce60ce4955c595da2894de0415240f1ace024cfbff85f513b656bdae;11;0
215;0x8a4a2663ce60ce4955c595da2894de0415240f1ace024cfbff85f513b656bdae;10;0
216;0x8a4a2663ce60ce4955c595da2894de0415240f1ace024cfbff85f513b656bdae;12;0
217;0x8a4a2663ce60ce4955c595da2894de0415240f1ace024cfbff85f513b656bdae;10;0
218;0x8a4a2663ce60ce4955c595da2894de0415240f1ace024cfbff85f513b656bdae;11;0
219;0x8a4a2663ce60ce4955c595da2894de0415240f1ace024cfbff85f513b656bdae;11;0
220;0x8a4a2663ce60ce4955c595da2894de0415240f1ace024cfbff85f513b656bdae;11;0
221;0x8a4a2663ce60ce4955c595da2894de0415240f1ace024cfbff85f513b656bdae;12;0
222;0x8a4a2663ce60ce4955c595da2894de0415240f1ace024cfbff85f513b656bdae;12;0
223;0x8a4a2663ce60ce4955c595da2894de0415240f1ace024cfbff85f513b656bdae;11;0
224;0x8a4a2663ce60ce4955c595da2894de0415240f1ace024cfbff85f513b656bdae;14;0
225;0x8a4a2663ce60ce4955c595da2894de0415240f1ace024cfbff85f513b656bdae;13;0
226;0x8a4a2663ce60ce4955c595da2894de0415240f1ace024cfbff85f513b656bdae;12;0
227;0x8a4a2663ce60ce4955c595da2894de0415240f1ace024cfbff85f513b656bdae;10;0
228;0x8a4a2663ce60ce4955c595da2894de0415240f1ace024cfbff85f513b656bdae;10;0
229;0x8a4a2663ce60ce4955c595da2894de0415240f1ace024cfbff85f513b656bdae;11;0
230;0x8a4a2663ce60ce4955c595da2894de0415240f1ace024cfbff85f513b656bdae;11;0
231;0x8a4a2663ce60ce4955c595da2894de0415240f1ace024cfbff85f513b656bdae;11;0
232;0x8a4a2663ce60ce4955c595da2894de0415240f1ace024cfbff85f513b656bdae;11;0
233;0x8a4a2663ce60ce4955c595da2894de0415240f1ace024cfbff85f513b656bdae;11;0
234;0x8a4a2663ce60ce4955c595da2894de0415240f1ace024cfbff85f513b656bdae;12;0
235;0x8a4a2663ce60ce4955c595da2894de0415240f1ace024cfbff85f513b656bdae;14;0
236;0x8a4a2663ce60ce4955c595da2894de0415240f1ace024cfbff85f513b656bdae;12;0
237;0x8a4a2663ce60ce4955c595da2894de0415240f1ace024cfbff85f513b656bdae;11;0
238;0x8a4a2663ce60ce4955c595da2894de0415240f1ace024cfbff85f513b656bdae;42;0
239;0x8a4a2663ce60ce4955c595da2894de0415240f1ace024cfbff85f513b656bdae;12;0
240;0x8a4a2663ce60ce4955c595da2894de0415240f1ace024cfbff85f513b656bdae;11;0
241;0x8a4a2663ce60ce4955c595da2894de0415240f1ace024cfbff85f513b656bdae;12;0
242;0x8a4a2663ce60ce4955c595da2894de0415240f1ace024cfbff85f513b656bdae;10;0
243;0x8a4a2663ce60ce4955c595da2894de0415240f1ace024cfbff85f513b656bdae;11;0
244;0x8a4a2663ce60ce4955c595da2894de0415240f1ace024cfbff85f513b656bdae;10;0
245;0x8a4a2663ce60ce4955c595da2894de0415240f1ace024cfbff85f513b656bdae;10;0
246;0x8a4a2663ce60ce4955c595da2894de0415240f1ace024cfbff85f513b656bdae;11;0
247;0x8a4a2663ce60ce4955c595da2894de0415240f1ace024cfbff85f513b656bdae;15;0
248;0x8a4a2663ce60ce4955c595da2894de0415240f1ace024cfbff85f513b656bdae;14;0
249;0x8a4a2663ce60ce4955c595da2894de0415240f1ace024cfbff85f513b656bdae;11;0
250;0x8a4a2663ce60ce4955c595da2894de0415240f1ace024cfbff85f513b656bdae;11;0
251;0x8a4a2663ce60ce4955c595da2894de0415240f1ace024cfbff85f513b656bdae;10;0
252;0x8a4a2663ce60ce4955c595da2894de0415240f1ace024cfbff85f513b656bdae;11;0
253;0x8a4a2663ce60ce4955c595da2894de0415240f1ace024cfbff85f513b656bdae;11;0
254;0x8a4a2663ce60ce4955c595da2894de0415240f1ace024cfbff85f513b656bdae;11;0
255;0x8a4a2663ce60ce4955c595da2894de0415240f1ace024cfbff85f513b656bdae;11;0
256;0x8a4a2663ce60ce4955c595da2894de0415240f1ace024cfbff85f513b656bdae;11;0
257;0x8a4a2663ce60ce4955c595da2894de0415240f1ace024cfbff85f513b656bdae;12;0
258;0x8a4a2663ce60ce4955c595da2894de0415240f1ace024cfbff85f513b656bdae;10;0
259;0x8a4a2663ce60ce4955c595da2894de0415240f1ace024cfbff85f513b656bdae;13;0
260;0x8a4a2663ce60ce4955c595da2894de0415240f1ace024cfbff85f513b656bdae;12;0
261;0x8a4a2663ce60ce4955c595da2894de0415240f1ace024cfbff85f513b656bdae;11;0
262;0x8a4a2663ce60ce4955c595da2894de0415240f1ace024cfbff85f513b656bdae;11;0
263;0x8a4a2663ce60ce4955c595da2894de0415240f1ace024cfbff85f513b656bdae;10;0
264;0x8a4a2663ce60ce4955c595da2894de0415240f1ace024cfbff85f513b656bdae;11;0
265;0x8a4a2663ce60ce4955c595da2894de0415240f1ace024cfbff85f513b656bdae;11;0
266;0x8a4a2663ce60ce4955c595da2894de0415240f1ace024cfbff85f513b656bdae;11;0
267;0x8a4a2663ce60ce4955c595da2894de0415240f1ace024cfbff85f513b656bdae;11;0
268;0x8a4a2663ce60ce4955c595da2894de0415240f1ace024cfbff85f513b656bdae;10;0
269;0x8a4a2663ce60ce4955c595da2894de0415240f1ace024cfbff85f513b656bdae;13;0
270;0x8a4a2663ce60ce4955c595da2894de0415240f1ace024cfbff85f513b656bdae;12;0
271;0x8a4a2663ce60ce4955c595da2894de0415240f1ace024cfbff85f513b656bdae;12;0
272;0x8a4a2663ce60ce4955c595da2894de0415240f1ace024cfbff85f513b656bdae;10;0
273;0x8a4a2663ce60ce4955c595da2894de0415240f1ace024cfbff85f513b656bdae;11;0
274;0x8a4a2663ce60ce4955c595da2894de0415240f1ace024cfbff85f513b656bdae;12;0
275;0x8a4a2663ce60ce4955c595da2894de0415240f1ace024cfbff85f513b656bdae;11;0
276;0x8a4a2663ce60ce4955c595da2894de0415240f1ace024cfbff85f513b656bdae;11;0
277;0x8a4a2663ce60ce4955c595da2894de0415240f1ace024cfbff85f513b656bdae;11;0
278;0x8a4a2663ce60ce4955c595da2894de0415240f1ace024cfbff85f513b656bdae;11;0
279;0x8a4a2663ce60ce4955c595da2894de0415240f1ace024cfbff85f513b656bdae;13;0
280;0x8a4a2663ce60ce4955c595da2894de0415240f1ace024cfbff85f513b656bdae;13;0
281;0x8a4a2663ce60ce4955c595da2894de0415240f1ace024cfbff85f513b656bdae;10;0
282;0x8a4a2663ce60ce4955c595da2894de0415240f1ace024cfbff85f513b656bdae;11;0
283;0x8a4a2663ce60ce4955c595da2894de0415240f1ace024cfbff85f513b656bdae;11;0
284;0x8a4a2663ce60ce4955c595da2894de0415240f1ace024cfbff85f513b656bdae;12;0
285;0x8a4a2663ce60ce4955c595da2894de0415240f1ace024cfbff85f513b656bdae;11;0
286;0x8a4a2663ce60ce4955c595da2894de0415240f1ace024cfbff85f513b656bdae;14;0
287;0x8a4a2663ce60ce4955c595da2894de0415240f1ace024cfbff85f513b656bdae;12;0
288;0x8a4a2663ce60ce4955c595da2894de0415240f1ace024cfbff85f513b656bdae;11;0
289;0x8a4a2663ce60ce4955c595da2894de0415240f1ace024cfbff85f513b656bdae;11;0
290;0x8a4a2663ce60ce4955c595da2894de0415240f1ace024cfbff85f513b656bdae;11;0
291;0x8a4a2663ce60ce4955c595da2894de0415240f1ace024cfbff85f513b656bdae;11;0
292;0x8a4a2663ce60ce4955c595da2894de0415240f1ace024cfbff85f513b656bdae;11;0
293;0x8a4a2663ce60ce4955c595da2894de0415240f1ace024cfbff85f513b656bdae;15;0
294;0x8a4a2663ce60ce4955c595da2894de0415240f1ace024cfbff85f513b656bdae;12;0
295;0x8a4a2663ce60ce4955c595da2894de0415240f1ace024cfbff85f513b656bdae;10;0
296;0x8a4a2663ce60ce4955c595da2894de0415240f1ace024cfbff85f513b656bdae;11;0
297;0x8a4a2663ce60ce4955c595da2894de0415240f1ace024cfbff85f513b656bdae;11;0
298;0x8a4a2663ce60ce4955c595da2894de0415240f1ace024cfbff85f513b656bdae;11;0
299;0x8a4a2663ce60ce4955c595da2894de0415240f1ace024cfbff85f513b656bdae;11;0
300;0x8a4a2663ce60ce4955c595da2894de0415240f1ace024cfbff85f513b656bdae;10;0
301;0x8a4a2663ce60ce4955c595da2894de0415240f1ace024cfbff85f513b656bdae;11;0
302;0x8a4a2663ce60ce4955c595da2894de0415240f1ace024cfbff85f513b656bdae;13;0
303;0x8a4a2663ce60ce4955c595da2894de0415240f1ace024cfbff85f513b656bdae;12;0
304;0x8a4a2663ce60ce4955c595da2894de0415240f1ace024cfbff85f513b656bdae;13;0
305;0x8a4a2663ce60ce4955c595da2894de0415240f1ace024cfbff85f513b656bdae;13;0
306;0x8a4a2663ce60ce4955c595da2894de0415240f1ace024cfbff85f513b656bdae;12;0
307;0x8a4a2663ce60ce4955c595da2894de0415240f1ace024cfbff85f513b656bdae;15;0
308;0x8a4a2663ce60ce4955c595da2894de0415240f1ace024cfbff85f513b656bdae;13;0
309;0x8a4a2663ce60ce4955c595da2894de0415240f1ace024cfbff85f513b656bdae;12;0
310;0x8a4a2663ce60ce4955c595da2894de0415240f1ace024cfbff85f513b656bdae;17;0
311;0x8a4a2663ce60ce4955c595da2894de0415240f1ace024cfbff85f513b656bdae;11;0
312;0x8a4a2663ce60ce4955c595da2894de0415240f1ace024cfbff85f513b656bdae;11;0
313;0x8a4a2663ce60ce4955c595da2894de0415240f1ace024cfbff85f513b656bdae;11;0
314;0x8a4a2663ce60ce4955c595da2894de0415240f1ace024cfbff85f513b656bdae;12;0
315;0x8a4a2663ce60ce4955c595da2894de0415240f1ace024cfbff85f513b656bdae;10;0
316;0x8a4a2663ce60ce4955c595da2894de0415240f1ace024cfbff85f513b656bdae;11;0
317;0x8a4a2663ce60ce4955c595da2894de0415240f1ace024cfbff85f513b656bdae;10;0
318;0x8a4a2663ce60ce4955c595da2894de0415240f1ace024cfbff85f513b656bdae;10;0
319;0x8a4a2663ce60ce4955c595da2894de0415240f1ace024cfbff85f513b656bdae;10;0
320;0x8a4a2663ce60ce4955c595da2894de0415240f1ace024cfbff85f513b656bdae;10;0
321;0x8a4a2663ce60ce4955c595da2894de0415240f1ace024cfbff85f513b656bdae;10;0
322;0x8a4a2663ce60ce4955c595da2894de0415240f1ace024cfbff85f513b656bdae;11;0
323;0x8a4a2663ce60ce4955c595da2894de0415240f1ace024cfbff85f513b656bdae;11;0
324;0x8a4a2663ce60ce4955c595da2894de0415240f1ace024cfbff85f513b656bdae;10;0
325;0x8a4a2663ce60ce4955c595da2894de0415240f1ace024cfbff85f513b656bdae;12;0
326;0x8a4a2663ce60ce4955c595da2894de0415240f1ace024cfbff85f513b656bdae;11;0
327;0x8a4a2663ce60ce4955c595da2894de0415240f1ace024cfbff85f513b656bdae;11;0
328;0x8a4a2663ce60ce4955c595da2894de0415240f1ace024cfbff85f513b656bdae;11;0
329;0x8a4a2663ce60ce4955c595da2894de0415240f1ace024cfbff85f513b656bdae;12;0
330;0x8a4a2663ce60ce4955c595da2894de0415240f1ace024cfbff85f513b656bdae;11;0
331;0x8a4a2663ce60ce4955c595da2894de0415240f1ace024cfbff85f513b656bdae;10;0
332;0x8a4a2663ce60ce4955c595da2894de0415240f1ace024cfbff85f513b656bdae;12;0
333;0x8a4a2663ce60ce4955c595da2894de0415240f1ace024cfbff85f513b656bdae;11;0
334;0x8a4a2663ce60ce4955c595da2894de0415240f1ace024cfbff85f513b656bdae;11;0
335;0x8a4a2663ce60ce4955c595da2894de0415240f1ace024cfbff85f513b656bdae;14;0
336;0x8a4a2663ce60ce4955c595da2894de0415240f1ace024cfbff85f513b656bdae;11;0
337;0x8a4a2663ce60ce4955c595da2894de0415240f1ace024cfbff85f513b656bdae;9;0
338;0x8a4a2663ce60ce4955c595da2894de0415240f1ace024cfbff85f513b656bdae;11;0
339;0x8a4a2663ce60ce4955c595da2894de0415240f1ace024cfbff85f513b656bdae;11;0
340;0x8a4a2663ce60ce4955c595da2894de0415240f1ace024cfbff85f513b656bdae;10;0
341;0x8a4a2663ce60ce4955c595da2894de0415240f1ace024cfbff85f513b656bdae;10;0
342;0x8a4a2663ce60ce4955c595da2894de0415240f1ace024cfbff85f513b656bdae;10;0
343;0x8a4a2663ce60ce4955c595da2894de0415240f1ace024cfbff85f513b656bdae;16;0
344;0x8a4a2663ce60ce4955c595da2894de0415240f1ace024cfbff85f513b656bdae;11;0
345;0x8a4a2663ce60ce4955c595da2894de0415240f1ace024cfbff85f513b656bdae;11;0
346;0x8a4a2663ce60ce4955c595da2894de0415240f1ace024cfbff85f513b656bdae;13;0
347;0x8a4a2663ce60ce4955c595da2894de0415240f1ace024cfbff85f513b656bdae;13;0
348;0x8a4a2663ce60ce4955c595da2894de0415240f1ace024cfbff85f513b656bdae;11;0
349;0x8a4a2663ce60ce4955c595da2894de0415240f1ace024cfbff85f513b656bdae;12;0
350;0x8a4a2663ce60ce4955c595da2894de0415240f1ace024cfbff85f513b656bdae;13;0
351;0x8a4a2663ce60ce4955c595da2894de0415240f1ace024cfbff85f513b656bdae;13;0
352;0x8a4a2663ce60ce4955c595da2894de0415240f1ace024cfbff85f513b656bdae;11;0
353;0x8a4a2663ce60ce4955c595da2894de0415240f1ace024cfbff85f513b656bdae;10;0
354;0x8a4a2663ce60ce4955c595da2894de0415240f1ace024cfbff85f513b656bdae;11;0
355;0x8a4a2663ce60ce4955c595da2894de0415240f1ace024cfbff85f513b656bdae;10;0
356;0x8a4a2663ce60ce4955c595da2894de0415240f1ace024cfbff85f513b656bdae;11;0
357;0x8a4a2663ce60ce4955c595da2894de0415240f1ace024cfbff85f513b656bdae;12;0
358;0x8a4a2663ce60ce4955c595da2894de0415240f1ace024cfbff85f513b656bdae;10;0
359;0x8a4a2663ce60ce4955c595da2894de0415240f1ace024cfbff85f513b656bdae;19;0
360;0x8a4a2663ce60ce4955c595da2894de0415240f1ace024cfbff85f513b656bdae;15;0
361;0x8a4a2663ce60ce4955c595da2894de0415240f1ace024cfbff85f513b656bdae;9;0
362;0x8a4a2663ce60ce4955c595da2894de0415240f1ace024cfbff85f513b656bdae;11;0
363;0x8a4a2663ce60ce4955c595da2894de0415240f1ace024cfbff85f513b656bdae;11;0
364;0x8a4a2663ce60ce4955c595da2894de0415240f1ace024cfbff85f513b656bdae;10;0
365;0x8a4a2663ce60ce4955c595da2894de0415240f1ace024cfbff85f513b656bdae;9;0
366;0x8a4a2663ce60ce4955c595da2894de0415240f1ace024cfbff85f513b656bdae;12;0
367;0x8a4a2663ce60ce4955c595da2894de0415240f1ace024cfbff85f513b656bdae;11;0
368;0x8a4a2663ce60ce4955c595da2894de0415240f1ace024cfbff85f513b656bdae;12;0
369;0x8a4a2663ce60ce4955c595da2894de0415240f1ace024cfbff85f513b656bdae;11;0
370;0x8a4a2663ce60ce4955c595da2894de0415240f1ace024cfbff85f513b656bdae;11;0
371;0x8a4a2663ce60ce4955c595da2894de0415240f1ace024cfbff85f513b656bdae;11;0
372;0x8a4a2663ce60ce4955c595da2894de0415240f1ace024cfbff85f513b656bdae;11;0
373;0x8a4a2663ce60ce4955c595da2894de0415240f1ace024cfbff85f513b656bdae;12;0
374;0x8a4a2663ce60ce4955c595da2894de0415240f1ace024cfbff85f513b656bdae;11;0
375;0x8a4a2663ce60ce4955c595da2894de0415240f1ace024cfbff85f513b656bdae;11;0
376;0x8a4a2663ce60ce4955c595da2894de0415240f1ace024cfbff85f513b656bdae;11;0
377;0x8a4a2663ce60ce4955c595da2894de0415240f1ace024cfbff85f513b656bdae;11;0
378;0x8a4a2663ce60ce4955c595da2894de0415240f1ace024cfbff85f513b656bdae;11;0
379;0x8a4a2663ce60ce4955c595da2894de0415240f1ace024cfbff85f513b656bdae;10;0
380;0x8a4a2663ce60ce4955c595da2894de0415240f1ace024cfbff85f513b656bdae;10;0
381;0x8a4a2663ce60ce4955c595da2894de0415240f1ace024cfbff85f513b656bdae;11;0
382;0x8a4a2663ce60ce4955c595da2894de0415240f1ace024cfbff85f513b656bdae;11;0
383;0x8a4a2663ce60ce4955c595da2894de0415240f1ace024cfbff85f513b656bdae;11;0
384;0x8a4a2663ce60ce4955c595da2894de0415240f1ace024cfbff85f513b656bdae;11;0
385;0x8a4a2663ce60ce4955c595da2894de0415240f1ace024cfbff85f513b656bdae;12;0
386;0x8a4a2663ce60ce4955c595da2894de0415240f1ace024cfbff85f513b656bdae;12;0
387;0x8a4a2663ce60ce4955c595da2894de0415240f1ace024cfbff85f513b656bdae;10;0
388;0x8a4a2663ce60ce4955c595da2894de0415240f1ace024cfbff85f513b656bdae;12;0
389;0x8a4a2663ce60ce4955c595da2894de0415240f1ace024cfbff85f513b656bdae;11;0
390;0x8a4a2663ce60ce4955c595da2894de0415240f1ace024cfbff85f513b656bdae;11;0
391;0x8a4a2663ce60ce4955c595da2894de0415240f1ace024cfbff85f513b656bdae;9;0
392;0x8a4a2663ce60ce4955c595da2894de0415240f1ace024cfbff85f513b656bdae;12;0
393;0x8a4a2663ce60ce4955c595da2894de0415240f1ace024cfbff85f513b656bdae;13;0
394;0x8a4a2663ce60ce4955c595da2894de0415240f1ace024cfbff85f513b656bdae;12;0
395;0x8a4a2663ce60ce4955c595da2894de0415240f1ace024cfbff85f513b656bdae;10;0
396;0x8a4a2663ce60ce4955c595da2894de0415240f1ace024cfbff85f513b656bdae;12;0
397;0x8a4a2663ce60ce4955c595da2894de0415240f1ace024cfbff85f513b656bdae;11;0
398;0x8a4a2663ce60ce4955c595da2894de0415240f1ace024cfbff85f513b656bdae;14;0
399;0x8a4a2663ce60ce4955c595da2894de0415240f1ace024cfbff85f513b656bdae;27;0
400;0x8a4a2663ce60ce4955c595da2894de0415240f1ace024cfbff85f513b656bdae;57;0
401;0x8a4a2663ce60ce4955c595da2894de0415240f1ace024cfbff85f513b656bdae;93;0
402;0x8a4a2663ce60ce4955c595da2894de0415240f1ace024cfbff85f513b656bdae;29;0
403;0x8a4a2663ce60ce4955c595da2894de0415240f1ace024cfbff85f513b656bdae;30;0
404;0x8a4a2663ce60ce4955c595da2894de0415240f1ace024cfbff85f513b656bdae;36;0
405;0x8a4a2663ce60ce4955c595da2894de0415240f1ace024cfbff85f513b656bdae;19;0
406;0x8a4a2663ce60ce4955c595da2894de0415240f1ace024cfbff85f513b656bdae;29;0
407;0x8a4a2663ce60ce4955c595da2894de0415240f1ace024cfbff85f513b656bdae;35;0
408;0x8a4a2663ce60ce4955c595da2894de0415240f1ace024cfbff85f513b656bdae;49;0
409;0x8a4a2663ce60ce4955c595da2894de0415240f1ace024cfbff85f513b656bdae;37;0
410;0x8a4a2663ce60ce4955c595da2894de0415240f1ace024cfbff85f513b656bdae;22;0
411;0x8a4a2663ce60ce4955c595da2894de0415240f1ace024cfbff85f513b656bdae;16;0
412;0x8a4a2663ce60ce4955c595da2894de0415240f1ace024cfbff85f513b656bdae;18;0
413;0x8a4a2663ce60ce4955c595da2894de0415240f1ace024cfbff85f513b656bdae;31;0
414;0x8a4a2663ce60ce4955c595da2894de0415240f1ace024cfbff85f513b656bdae;32;0
415;0x8a4a2663ce60ce4955c595da2894de0415240f1ace024cfbff85f513b656bdae;50;0
416;0x8a4a2663ce60ce4955c595da2894de0415240f1ace024cfbff85f513b656bdae;25;0
417;0x8a4a2663ce60ce4955c595da2894de0415240f1ace024cfbff85f513b656bdae;31;0
418;0x8a4a2663ce60ce4955c595da2894de0415240f1ace024cfbff85f513b656bdae;49;0
419;0x8a4a2663ce60ce4955c595da2894de0415240f1ace024cfbff85f513b656bdae;15;0
420;0x8a4a2663ce60ce4955c595da2894de0415240f1ace024cfbff85f513b656bdae;31;0
421;0x8a4a2663ce60ce4955c595da2894de0415240f1ace024cfbff85f513b656bdae;50;0
422;0x8a4a2663ce60ce4955c595da2894de0415240f1ace024cfbff85f513b656bdae;27;0
423;0x8a4a2663ce60ce4955c595da2894de0415240f1ace024cfbff85f513b656bdae;80;0
424;0x8a4a2663ce60ce4955c595da2894de0415240f1ace024cfbff85f513b656bdae;34;0
425;0x8a4a2663ce60ce4955c595da2894de0415240f1ace024cfbff85f513b656bdae;22;0
426;0x8a4a2663ce60ce4955c595da2894de0415240f1ace024cfbff85f513b656bdae;24;0
427;0x8a4a2663ce60ce4955c595da2894de0415240f1ace024cfbff85f513b656bdae;20;0
428;0x8a4a2663ce60ce4955c595da2894de0415240f1ace024cfbff85f513b656bdae;40;0
429;0x8a4a2663ce60ce4955c595da2894de0415240f1ace024cfbff85f513b656bdae;51;0
430;0x8a4a2663ce60ce4955c595da2894de0415240f1ace024cfbff85f513b656bdae;34;0
431;0x8a4a2663ce60ce4955c595da2894de0415240f1ace024cfbff85f513b656bdae;51;0
432;0x8a4a2663ce60ce4955c595da2894de0415240f1ace024cfbff85f513b656bdae;29;0
433;0x8a4a2663ce60ce4955c595da2894de0415240f1ace024cfbff85f513b656bdae;30;0
434;0x8a4a2663ce60ce4955c595da2894de0415240f1ace024cfbff85f513b656bdae;28;0
435;0x8a4a2663ce60ce4955c595da2894de0415240f1ace024cfbff85f513b656bdae;47;0
436;0x8a4a2663ce60ce4955c595da2894de0415240f1ace024cfbff85f513b656bdae;47;0
437;0x8a4a2663ce60ce4955c595da2894de0415240f1ace024cfbff85f513b656bdae;17;0
438;0x8a4a2663ce60ce4955c595da2894de0415240f1ace024cfbff85f513b656bdae;52;0
439;0x8a4a2663ce60ce4955c595da2894de0415240f1ace024cfbff85f513b656bdae;46;0
440;0x8a4a2663ce60ce4955c595da2894de0415240f1ace024cfbff85f513b656bdae;36;0
441;0x8a4a2663ce60ce4955c595da2894de0415240f1ace024cfbff85f513b656bdae;29;0
442;0x8a4a2663ce60ce4955c595da2894de0415240f1ace024cfbff85f513b656bdae;39;0
443;0x8a4a2663ce60ce4955c595da2894de0415240f1ace024cfbff85f513b656bdae;57;0
444;0x8a4a2663ce60ce4955c595da2894de0415240f1ace024cfbff85f513b656bdae;15;0
445;0x8a4a2663ce60ce4955c595da2894de0415240f1ace024cfbff85f513b656bdae;31;0
446;0x8a4a2663ce60ce4955c595da2894de0415240f1ace024cfbff85f513b656bdae;69;0
447;0x8a4a2663ce60ce4955c595da2894de0415240f1ace024cfbff85f513b656bdae;70;0
448;0x8a4a2663ce60ce4955c595da2894de0415240f1ace024cfbff85f513b656bdae;26;0
449;0x8a4a2663ce60ce4955c595da2894de0415240f1ace024cfbff85f513b656bdae;21;0
450;0x8a4a2663ce60ce4955c595da2894de0415240f1ace024cfbff85f513b656bdae;51;0
451;0x8a4a2663ce60ce4955c595da2894de0415240f1ace024cfbff85f513b656bdae;30;0
452;0x8a4a2663ce60ce4955c595da2894de0415240f1ace024cfbff85f513b656bdae;47;0
453;0x8a4a2663ce60ce4955c595da2894de0415240f1ace024cfbff85f513b656bdae;50;0
454;0x8a4a2663ce60ce4955c595da2894de0415240f1ace024cfbff85f513b656bdae;51;0
455;0x8a4a2663ce60ce4955c595da2894de0415240f1ace024cfbff85f513b656bdae;52;0
456;0x8a4a2663ce60ce4955c595da2894de0415240f1ace024cfbff85f513b656bdae;23;0
457;0x8a4a2663ce60ce4955c595da2894de0415240f1ace024cfbff85f513b656bdae;29;0
458;0x8a4a2663ce60ce4955c595da2894de0415240f1ace024cfbff85f513b656bdae;27;0
459;0x8a4a2663ce60ce4955c595da2894de0415240f1ace024cfbff85f513b656bdae;31;0
460;0x8a4a2663ce60ce4955c595da2894de0415240f1ace024cfbff85f513b656bdae;56;0
461;0x8a4a2663ce60ce4955c595da2894de0415240f1ace024cfbff85f513b656bdae;59;0
462;0x8a4a2663ce60ce4955c595da2894de0415240f1ace024cfbff85f513b656bdae;14;0
463;0x8a4a2663ce60ce4955c595da2894de0415240f1ace024cfbff85f513b656bdae;31;0
464;0x8a4a2663ce60ce4955c595da2894de0415240f1ace024cfbff85f513b656bdae;29;0
465;0x8a4a2663ce60ce4955c595da2894de0415240f1ace024cfbff85f513b656bdae;33;0
466;0x8a4a2663ce60ce4955c595da2894de0415240f1ace024cfbff85f513b656bdae;35;0
467;0x8a4a2663ce60ce4955c595da2894de0415240f1ace024cfbff85f513b656bdae;16;0
468;0x8a4a2663ce60ce4955c595da2894de0415240f1ace024cfbff85f513b656bdae;30;0
469;0x8a4a2663ce60ce4955c595da2894de0415240f1ace024cfbff85f513b656bdae;28;0
470;0x8a4a2663ce60ce4955c595da2894de0415240f1ace024cfbff85f513b656bdae;24;0
471;0x8a4a2663ce60ce4955c595da2894de0415240f1ace024cfbff85f513b656bdae;47;0
472;0x8a4a2663ce60ce4955c595da2894de0415240f1ace024cfbff85f513b656bdae;30;0
473;0x8a4a2663ce60ce4955c595da2894de0415240f1ace024cfbff85f513b656bdae;32;0
474;0x8a4a2663ce60ce4955c595da2894de0415240f1ace024cfbff85f513b656bdae;29;0
475;0x8a4a2663ce60ce4955c595da2894de0415240f1ace024cfbff85f513b656bdae;28;0
476;0x8a4a2663ce60ce4955c595da2894de0415240f1ace024cfbff85f513b656bdae;15;0
477;0x8a4a2663ce60ce4955c595da2894de0415240f1ace024cfbff85f513b656bdae;17;0
478;0x8a4a2663ce60ce4955c595da2894de0415240f1ace024cfbff85f513b656bdae;19;0
479;0x8a4a2663ce60ce4955c595da2894de0415240f1ace024cfbff85f513b656bdae;17;0
480;0x8a4a2663ce60ce4955c595da2894de0415240f1ace024cfbff85f513b656bdae;34;0
481;0x8a4a2663ce60ce4955c595da2894de0415240f1ace024cfbff85f513b656bdae;54;0
482;0x8a4a2663ce60ce4955c595da2894de0415240f1ace024cfbff85f513b656bdae;31;0
483;0x8a4a2663ce60ce4955c595da2894de0415240f1ace024cfbff85f513b656bdae;44;0
484;0x8a4a2663ce60ce4955c595da2894de0415240f1ace024cfbff85f513b656bdae;46;0
485;0x8a4a2663ce60ce4955c595da2894de0415240f1ace024cfbff85f513b656bdae;37;0
486;0x8a4a2663ce60ce4955c595da2894de0415240f1ace024cfbff85f513b656bdae;28;0
487;0x8a4a2663ce60ce4955c595da2894de0415240f1ace024cfbff85f513b656bdae;45;0
488;0x8a4a2663ce60ce4955c595da2894de0415240f1ace024cfbff85f513b656bdae;31;0
489;0x8a4a2663ce60ce4955c595da2894de0415240f1ace024cfbff85f513b656bdae;46;0
490;0x8a4a2663ce60ce4955c595da2894de0415240f1ace024cfbff85f513b656bdae;45;0
491;0x8a4a2663ce60ce4955c595da2894de0415240f1ace024cfbff85f513b656bdae;32;0
492;0x8a4a2663ce60ce4955c595da2894de0415240f1ace024cfbff85f513b656bdae;28;0
493;0x8a4a2663ce60ce4955c595da2894de0415240f1ace024cfbff85f513b656bdae;26;0
494;0x8a4a2663ce60ce4955c595da2894de0415240f1ace024cfbff85f513b656bdae;47;0
495;0x8a4a2663ce60ce4955c595da2894de0415240f1ace024cfbff85f513b656bdae;30;0
496;0x8a4a2663ce60ce4955c595da2894de0415240f1ace024cfbff85f513b656bdae;57;0
497;0x8a4a2663ce60ce4955c595da2894de0415240f1ace024cfbff85f513b656bdae;44;0
498;0x8a4a2663ce60ce4955c595da2894de0415240f1ace024cfbff85f513b656bdae;21;0
499;0x8a4a2663ce60ce4955c595da2894de0415240f1ace024cfbff85f513b656bdae;31;0
500;0x8a4a2663ce60ce4955c595da2894de0415240f1ace024cfbff85f513b656bdae;35;0
501;0x8a4a2663ce60ce4955c595da2894de0415240f1ace024cfbff85f513b656bdae;33;0
502;0x8a4a2663ce60ce4955c595da2894de0415240f1ace024cfbff85f513b656bdae;16;0
503;0x8a4a2663ce60ce4955c595da2894de0415240f1ace024cfbff85f513b656bdae;49;0
504;0x8a4a2663ce60ce4955c595da2894de0415240f1ace024cfbff85f513b656bdae;17;0
505;0x8a4a2663ce60ce4955c595da2894de0415240f1ace024cfbff85f513b656bdae;46;0
506;0x8a4a2663ce60ce4955c595da2894de0415240f1ace024cfbff85f513b656bdae;55;0
507;0x8a4a2663ce60ce4955c595da2894de0415240f1ace024cfbff85f513b656bdae;50;0
508;0x8a4a2663ce60ce4955c595da2894de0415240f1ace024cfbff85f513b656bdae;31;0
509;0x8a4a2663ce60ce4955c595da2894de0415240f1ace024cfbff85f513b656bdae;15;0
510;0x8a4a2663ce60ce4955c595da2894de0415240f1ace024cfbff85f513b656bdae;29;0
511;0x8a4a2663ce60ce4955c595da2894de0415240f1ace024cfbff85f513b656bdae;48;0
512;0x8a4a2663ce60ce4955c595da2894de0415240f1ace024cfbff85f513b656bdae;28;0
513;0x8a4a2663ce60ce4955c595da2894de0415240f1ace024cfbff85f513b656bdae;30;0
514;0x8a4a2663ce60ce4955c595da2894de0415240f1ace024cfbff85f513b656bdae;52;0
515;0x8a4a2663ce60ce4955c595da2894de0415240f1ace024cfbff85f513b656bdae;19;0
516;0x8a4a2663ce60ce4955c595da2894de0415240f1ace024cfbff85f513b656bdae;48;0
517;0x8a4a2663ce60ce4955c595da2894de0415240f1ace024cfbff85f513b656bdae;30;0
518;0x8a4a2663ce60ce4955c595da2894de0415240f1ace024cfbff85f513b656bdae;31;0
519;0x8a4a2663ce60ce4955c595da2894de0415240f1ace024cfbff85f513b656bdae;30;0
520;0x8a4a2663ce60ce4955c595da2894de0415240f1ace024cfbff85f513b656bdae;35;0
521;0x8a4a2663ce60ce4955c595da2894de0415240f1ace024cfbff85f513b656bdae;36;0
522;0x8a4a2663ce60ce4955c595da2894de0415240f1ace024cfbff85f513b656bdae;50;0
523;0x8a4a2663ce60ce4955c595da2894de0415240f1ace024cfbff85f513b656bdae;15;0
524;0x8a4a2663ce60ce4955c595da2894de0415240f1ace024cfbff85f513b656bdae;29;0
525;0x8a4a2663ce60ce4955c595da2894de0415240f1ace024cfbff85f513b656bdae;48;0
526;0x8a4a2663ce60ce4955c595da2894de0415240f1ace024cfbff85f513b656bdae;18;0
527;0x8a4a2663ce60ce4955c595da2894de0415240f1ace024cfbff85f513b656bdae;29;0
528;0x8a4a2663ce60ce4955c595da2894de0415240f1ace024cfbff85f513b656bdae;50;0
529;0x8a4a2663ce60ce4955c595da2894de0415240f1ace024cfbff85f513b656bdae;37;0
530;0x8a4a2663ce60ce4955c595da2894de0415240f1ace024cfbff85f513b656bdae;33;0
531;0x8a4a2663ce60ce4955c595da2894de0415240f1ace024cfbff85f513b656bdae;20;0
532;0x8a4a2663ce60ce4955c595da2894de0415240f1ace024cfbff85f513b656bdae;50;0
533;0x8a4a2663ce60ce4955c595da2894de0415240f1ace024cfbff85f513b656bdae;37;0
534;0x8a4a2663ce60ce4955c595da2894de0415240f1ace024cfbff85f513b656bdae;18;0
535;0x8a4a2663ce60ce4955c595da2894de0415240f1ace024cfbff85f513b656bdae;30;0
536;0x8a4a2663ce60ce4955c595da2894de0415240f1ace024cfbff85f513b656bdae;44;0
537;0x8a4a2663ce60ce4955c595da2894de0415240f1ace024cfbff85f513b656bdae;20;0
538;0x8a4a2663ce60ce4955c595da2894de0415240f1ace024cfbff85f513b656bdae;56;0
539;0x8a4a2663ce60ce4955c595da2894de0415240f1ace024cfbff85f513b656bdae;28;0
540;0x8a4a2663ce60ce4955c595da2894de0415240f1ace024cfbff85f513b656bdae;14;0
541;0x8a4a2663ce60ce4955c595da2894de0415240f1ace024cfbff85f513b656bdae;47;0
542;0x8a4a2663ce60ce4955c595da2894de0415240f1ace024cfbff85f513b656bdae;15;0
543;0x8a4a2663ce60ce4955c595da2894de0415240f1ace024cfbff85f513b656bdae;35;0
544;0x8a4a2663ce60ce4955c595da2894de0415240f1ace024cfbff85f513b656bdae;36;0
545;0x8a4a2663ce60ce4955c595da2894de0415240f1ace024cfbff85f513b656bdae;36;0
546;0x8a4a2663ce60ce4955c595da2894de0415240f1ace024cfbff85f513b656bdae;34;0
547;0x8a4a2663ce60ce4955c595da2894de0415240f1ace024cfbff85f513b656bdae;52;0
548;0x8a4a2663ce60ce4955c595da2894de0415240f1ace024cfbff85f513b656bdae;17;0
549;0x8a4a2663ce60ce4955c595da2894de0415240f1ace024cfbff85f513b656bdae;18;0
550;0x8a4a2663ce60ce4955c595da2894de0415240f1ace024cfbff85f513b656bdae;27;0
551;0x8a4a2663ce60ce4955c595da2894de0415240f1ace024cfbff85f513b656bdae;31;0
552;0x8a4a2663ce60ce4955c595da2894de0415240f1ace024cfbff85f513b656bdae;48;0
553;0x8a4a2663ce60ce4955c595da2894de0415240f1ace024cfbff85f513b656bdae;51;0
554;0x8a4a2663ce60ce4955c595da2894de0415240f1ace024cfbff85f513b656bdae;28;0
555;0x8a4a2663ce60ce4955c595da2894de0415240f1ace024cfbff85f513b656bdae;53;0
556;0x8a4a2663ce60ce4955c595da2894de0415240f1ace024cfbff85f513b656bdae;45;0
557;0x8a4a2663ce60ce4955c595da2894de0415240f1ace024cfbff85f513b656bdae;16;0
558;0x8a4a2663ce60ce4955c595da2894de0415240f1ace024cfbff85f513b656bdae;15;0
559;0x8a4a2663ce60ce4955c595da2894de0415240f1ace024cfbff85f513b656bdae;32;0
560;0x8a4a2663ce60ce4955c595da2894de0415240f1ace024cfbff85f513b656bdae;16;0
561;0x8a4a2663ce60ce4955c595da2894de0415240f1ace024cfbff85f513b656bdae;17;0
562;0x8a4a2663ce60ce4955c595da2894de0415240f1ace024cfbff85f513b656bdae;46;0
563;0x8a4a2663ce60ce4955c595da2894de0415240f1ace024cfbff85f513b656bdae;51;0
564;0x8a4a2663ce60ce4955c595da2894de0415240f1ace024cfbff85f513b656bdae;32;0
565;0x8a4a2663ce60ce4955c595da2894de0415240f1ace024cfbff85f513b656bdae;48;0
566;0x8a4a2663ce60ce4955c595da2894de0415240f1ace024cfbff85f513b656bdae;41;0
567;0x8a4a2663ce60ce4955c595da2894de0415240f1ace024cfbff85f513b656bdae;48;0
568;0x8a4a2663ce60ce4955c595da2894de0415240f1ace024cfbff85f513b656bdae;29;0
569;0x8a4a2663ce60ce4955c595da2894de0415240f1ace024cfbff85f513b656bdae;46;0
570;0x8a4a2663ce60ce4955c595da2894de0415240f1ace024cfbff85f513b656bdae;19;0
571;0x8a4a2663ce60ce4955c595da2894de0415240f1ace024cfbff85f513b656bdae;17;0
572;0x8a4a2663ce60ce4955c595da2894de0415240f1ace024cfbff85f513b656bdae;53;0
573;0x8a4a2663ce60ce4955c595da2894de0415240f1ace024cfbff85f513b656bdae;64;0
574;0x8a4a2663ce60ce4955c595da2894de0415240f1ace024cfbff85f513b656bdae;37;0
575;0x8a4a2663ce60ce4955c595da2894de0415240f1ace024cfbff85f513b656bdae;32;0
576;0x8a4a2663ce60ce4955c595da2894de0415240f1ace024cfbff85f513b656bdae;46;0
577;0x8a4a2663ce60ce4955c595da2894de0415240f1ace024cfbff85f513b656bdae;54;0
578;0x8a4a2663ce60ce4955c595da2894de0415240f1ace024cfbff85f513b656bdae;52;0
579;0x8a4a2663ce60ce4955c595da2894de0415240f1ace024cfbff85f513b656bdae;31;0
580;0x8a4a2663ce60ce4955c595da2894de0415240f1ace024cfbff85f513b656bdae;35;0
581;0x8a4a2663ce60ce4955c595da2894de0415240f1ace024cfbff85f513b656bdae;21;0
582;0x8a4a2663ce60ce4955c595da2894de0415240f1ace024cfbff85f513b656bdae;34;0
583;0x8a4a2663ce60ce4955c595da2894de0415240f1ace024cfbff85f513b656bdae;33;0
584;0x8a4a2663ce60ce4955c595da2894de0415240f1ace024cfbff85f513b656bdae;15;0
585;0x8a4a2663ce60ce4955c595da2894de0415240f1ace024cfbff85f513b656bdae;26;0
586;0x8a4a2663ce60ce4955c595da2894de0415240f1ace024cfbff85f513b656bdae;47;0
587;0x8a4a2663ce60ce4955c595da2894de0415240f1ace024cfbff85f513b656bdae;58;0
588;0x8a4a2663ce60ce4955c595da2894de0415240f1ace024cfbff85f513b656bdae;29;0
589;0x8a4a2663ce60ce4955c595da2894de0415240f1ace024cfbff85f513b656bdae;22;0
590;0x8a4a2663ce60ce4955c595da2894de0415240f1ace024cfbff85f513b656bdae;57;0
591;0x8a4a2663ce60ce4955c595da2894de0415240f1ace024cfbff85f513b656bdae;32;0
592;0x8a4a2663ce60ce4955c595da2894de0415240f1ace024cfbff85f513b656bdae;40;0
593;0x8a4a2663ce60ce4955c595da2894de0415240f1ace024cfbff85f513b656bdae;30;0
594;0x8a4a2663ce60ce4955c595da2894de0415240f1ace024cfbff85f513b656bdae;25;0
595;0x8a4a2663ce60ce4955c595da2894de0415240f1ace024cfbff85f513b656bdae;33;0
596;0x8a4a2663ce60ce4955c595da2894de0415240f1ace024cfbff85f513b656bdae;42;0
597;0x8a4a2663ce60ce4955c595da2894de0415240f1ace024cfbff85f513b656bdae;61;0
598;0x8a4a2663ce60ce4955c595da2894de0415240f1ace024cfbff85f513b656bdae;28;0
599;0x8a4a2663ce60ce4955c595da2894de0415240f1ace024cfbff85f513b656bdae;26;0
600;0x8a4a2663ce60ce4955c595da2894de0415240f1ace024cfbff85f513b656bdae;29;0
601;0x8a4a2663ce60ce4955c595da2894de0415240f1ace024cfbff85f513b656bdae;56;0
602;0x8a4a2663ce60ce4955c595da2894de0415240f1ace024cfbff85f513b656bdae;34;0
603;0x8a4a2663ce60ce4955c595da2894de0415240f1ace024cfbff85f513b656bdae;91;0
604;0x8a4a2663ce60ce4955c595da2894de0415240f1ace024cfbff85f513b656bdae;30;0
605;0x8a4a2663ce60ce4955c595da2894de0415240f1ace024cfbff85f513b656bdae;15;0
606;0x8a4a2663ce60ce4955c595da2894de0415240f1ace024cfbff85f513b656bdae;52;0
607;0x8a4a2663ce60ce4955c595da2894de0415240f1ace024cfbff85f513b656bdae;30;0
608;0x8a4a2663ce60ce4955c595da2894de0415240f1ace024cfbff85f513b656bdae;22;0
609;0x8a4a2663ce60ce4955c595da2894de0415240f1ace024cfbff85f513b656bdae;16;0
610;0x8a4a2663ce60ce4955c595da2894de0415240f1ace024cfbff85f513b656bdae;47;0
611;0x8a4a2663ce60ce4955c595da2894de0415240f1ace024cfbff85f513b656bdae;52;0
612;0x8a4a2663ce60ce4955c595da2894de0415240f1ace024cfbff85f513b656bdae;15;0
613;0x8a4a2663ce60ce4955c595da2894de0415240f1ace024cfbff85f513b656bdae;48;0
614;0x8a4a2663ce60ce4955c595da2894de0415240f1ace024cfbff85f513b656bdae;66;0
615;0x8a4a2663ce60ce4955c595da2894de0415240f1ace024cfbff85f513b656bdae;74;0
616;0x8a4a2663ce60ce4955c595da2894de0415240f1ace024cfbff85f513b656bdae;32;0
617;0x8a4a2663ce60ce4955c595da2894de0415240f1ace024cfbff85f513b656bdae;27;0
618;0x8a4a2663ce60ce4955c595da2894de0415240f1ace024cfbff85f513b656bdae;30;0
619;0x8a4a2663ce60ce4955c595da2894de0415240f1ace024cfbff85f513b656bdae;81;0
620;0x8a4a2663ce60ce4955c595da2894de0415240f1ace024cfbff85f513b656bdae;45;0
621;0x8a4a2663ce60ce4955c595da2894de0415240f1ace024cfbff85f513b656bdae;15;0
622;0x8a4a2663ce60ce4955c595da2894de0415240f1ace024cfbff85f513b656bdae;30;0
623;0x8a4a2663ce60ce4955c595da2894de0415240f1ace024cfbff85f513b656bdae;14;0
624;0x8a4a2663ce60ce4955c595da2894de0415240f1ace024cfbff85f513b656bdae;27;0
625;0x8a4a2663ce60ce4955c595da2894de0415240f1ace024cfbff85f513b656bdae;36;0
626;0x8a4a2663ce60ce4955c595da2894de0415240f1ace024cfbff85f513b656bdae;47;0
627;0x8a4a2663ce60ce4955c595da2894de0415240f1ace024cfbff85f513b656bdae;20;0
628;0x8a4a2663ce60ce4955c595da2894de0415240f1ace024cfbff85f513b656bdae;45;0
629;0x8a4a2663ce60ce4955c595da2894de0415240f1ace024cfbff85f513b656bdae;31;0
630;0x8a4a2663ce60ce4955c595da2894de0415240f1ace024cfbff85f513b656bdae;31;0
631;0x8a4a2663ce60ce4955c595da2894de0415240f1ace024cfbff85f513b656bdae;46;0
632;0x8a4a2663ce60ce4955c595da2894de0415240f1ace024cfbff85f513b656bdae;28;0
633;0x8a4a2663ce60ce4955c595da2894de0415240f1ace024cfbff85f513b656bdae;32;0
634;0x8a4a2663ce60ce4955c595da2894de0415240f1ace024cfbff85f513b656bdae;22;0
635;0x8a4a2663ce60ce4955c595da2894de0415240f1ace024cfbff85f513b656bdae;44;0
636;0x8a4a2663ce60ce4955c595da2894de0415240f1ace024cfbff85f513b656bdae;19;0
637;0x8a4a2663ce60ce4955c595da2894de0415240f1ace024cfbff85f513b656bdae;27;0
638;0x8a4a2663ce60ce4955c595da2894de0415240f1ace024cfbff85f513b656bdae;47;0
639;0x8a4a2663ce60ce4955c595da2894de0415240f1ace024cfbff85f513b656bdae;28;0
640;0x8a4a2663ce60ce4955c595da2894de0415240f1ace024cfbff85f513b656bdae;82;0
641;0x8a4a2663ce60ce4955c595da2894de0415240f1ace024cfbff85f513b656bdae;38;0
642;0x8a4a2663ce60ce4955c595da2894de0415240f1ace024cfbff85f513b656bdae;29;0
643;0x8a4a2663ce60ce4955c595da2894de0415240f1ace024cfbff85f513b656bdae;53;0
644;0x8a4a2663ce60ce4955c595da2894de0415240f1ace024cfbff85f513b656bdae;34;0
645;0x8a4a2663ce60ce4955c595da2894de0415240f1ace024cfbff85f513b656bdae;91;0
646;0x8a4a2663ce60ce4955c595da2894de0415240f1ace024cfbff85f513b656bdae;32;0
647;0x8a4a2663ce60ce4955c595da2894de0415240f1ace024cfbff85f513b656bdae;46;0
648;0x8a4a2663ce60ce4955c595da2894de0415240f1ace024cfbff85f513b656bdae;22;0
649;0x8a4a2663ce60ce4955c595da2894de0415240f1ace024cfbff85f513b656bdae;36;0
650;0x8a4a2663ce60ce4955c595da2894de0415240f1ace024cfbff85f513b656bdae;21;0
651;0x8a4a2663ce60ce4955c595da2894de0415240f1ace024cfbff85f513b656bdae;20;0
652;0x8a4a2663ce60ce4955c595da2894de0415240f1ace024cfbff85f513b656bdae;37;0
653;0x8a4a2663ce60ce4955c595da2894de0415240f1ace024cfbff85f513b656bdae;36;0
654;0x8a4a2663ce60ce4955c595da2894de0415240f1ace024cfbff85f513b656bdae;44;0
655;0x8a4a2663ce60ce4955c595da2894de0415240f1ace024cfbff85f513b656bdae;46;0
656;0x8a4a2663ce60ce4955c595da2894de0415240f1ace024cfbff85f513b656bdae;49;0
657;0x8a4a2663ce60ce4955c595da2894de0415240f1ace024cfbff85f513b656bdae;48;0
658;0x8a4a2663ce60ce4955c595da2894de0415240f1ace024cfbff85f513b656bdae;46;0
659;0x8a4a2663ce60ce4955c595da2894de0415240f1ace024cfbff85f513b656bdae;51;0
660;0x8a4a2663ce60ce4955c595da2894de0415240f1ace024cfbff85f513b656bdae;45;0
661;0x8a4a2663ce60ce4955c595da2894de0415240f1ace024cfbff85f513b656bdae;32;0
662;0x8a4a2663ce60ce4955c595da2894de0415240f1ace024cfbff85f513b656bdae;50;0
663;0x8a4a2663ce60ce4955c595da2894de0415240f1ace024cfbff85f513b656bdae;15;0
664;0x8a4a2663ce60ce4955c595da2894de0415240f1ace024cfbff85f513b656bdae;20;0
665;0x8a4a2663ce60ce4955c595da2894de0415240f1ace024cfbff85f513b656bdae;47;0
666;0x8a4a2663ce60ce4955c595da2894de0415240f1ace024cfbff85f513b656bdae;35;0
667;0x8a4a2663ce60ce4955c595da2894de0415240f1ace024cfbff85f513b656bdae;19;0
668;0x8a4a2663ce60ce4955c595da2894de0415240f1ace024cfbff85f513b656bdae;14;0
669;0x8a4a2663ce60ce4955c595da2894de0415240f1ace024cfbff85f513b656bdae;32;0
670;0x8a4a2663ce60ce4955c595da2894de0415240f1ace024cfbff85f513b656bdae;45;0
671;0x8a4a2663ce60ce4955c595da2894de0415240f1ace024cfbff85f513b656bdae;37;0
672;0x8a4a2663ce60ce4955c595da2894de0415240f1ace024cfbff85f513b656bdae;25;0
673;0x8a4a2663ce60ce4955c595da2894de0415240f1ace024cfbff85f513b656bdae;28;0
674;0x8a4a2663ce60ce4955c595da2894de0415240f1ace024cfbff85f513b656bdae;30;0
675;0x8a4a2663ce60ce4955c595da2894de0415240f1ace024cfbff85f513b656bdae;38;0
676;0x8a4a2663ce60ce4955c595da2894de0415240f1ace024cfbff85f513b656bdae;50;0
677;0x8a4a2663ce60ce4955c595da2894de0415240f1ace024cfbff85f513b656bdae;31;0
678;0x8a4a2663ce60ce4955c595da2894de0415240f1ace024cfbff85f513b656bdae;41;0
679;0x8a4a2663ce60ce4955c595da2894de0415240f1ace024cfbff85f513b656bdae;16;0
680;0x8a4a2663ce60ce4955c595da2894de0415240f1ace024cfbff85f513b656bdae;17;0
681;0x8a4a2663ce60ce4955c595da2894de0415240f1ace024cfbff85f513b656bdae;19;0
682;0x8a4a2663ce60ce4955c595da2894de0415240f1ace024cfbff85f513b656bdae;49;0
683;0x8a4a2663ce60ce4955c595da2894de0415240f1ace024cfbff85f513b656bdae;15;0
684;0x8a4a2663ce60ce4955c595da2894de0415240f1ace024cfbff85f513b656bdae;49;0
685;0x8a4a2663ce60ce4955c595da2894de0415240f1ace024cfbff85f513b656bdae;18;0
686;0x8a4a2663ce60ce4955c595da2894de0415240f1ace024cfbff85f513b656bdae;17;0
687;0x8a4a2663ce60ce4955c595da2894de0415240f1ace024cfbff85f513b656bdae;30;0
688;0x8a4a2663ce60ce4955c595da2894de0415240f1ace024cfbff85f513b656bdae;52;0
689;0x8a4a2663ce60ce4955c595da2894de0415240f1ace024cfbff85f513b656bdae;30;0
690;0x8a4a2663ce60ce4955c595da2894de0415240f1ace024cfbff85f513b656bdae;27;0
691;0x8a4a2663ce60ce4955c595da2894de0415240f1ace024cfbff85f513b656bdae;47;0
692;0x8a4a2663ce60ce4955c595da2894de0415240f1ace024cfbff85f513b656bdae;29;0
693;0x8a4a2663ce60ce4955c595da2894de0415240f1ace024cfbff85f513b656bdae;27;0
694;0x8a4a2663ce60ce4955c595da2894de0415240f1ace024cfbff85f513b656bdae;17;0
695;0x8a4a2663ce60ce4955c595da2894de0415240f1ace024cfbff85f513b656bdae;46;0
696;0x8a4a2663ce60ce4955c595da2894de0415240f1ace024cfbff85f513b656bdae;34;0
697;0x8a4a2663ce60ce4955c595da2894de0415240f1ace024cfbff85f513b656bdae;29;0
698;0x8a4a2663ce60ce4955c595da2894de0415240f1ace024cfbff85f513b656bdae;34;0
699;0x8a4a2663ce60ce4955c595da2894de0415240f1ace024cfbff85f513b656bdae;48;0
700;0x8a4a2663ce60ce4955c595da2894de0415240f1ace024cfbff85f513b656bdae;28;0
701;0x8a4a2663ce60ce4955c595da2894de0415240f1ace024cfbff85f513b656bdae;28;0
702;0x8a4a2663ce60ce4955c595da2894de0415240f1ace024cfbff85f513b656bdae;26;0
703;0x8a4a2663ce60ce4955c595da2894de0415240f1ace024cfbff85f513b656bdae;48;0
704;0x8a4a2663ce60ce4955c595da2894de0415240f1ace024cfbff85f513b656bdae;47;0
705;0x8a4a2663ce60ce4955c595da2894de0415240f1ace024cfbff85f513b656bdae;56;0
706;0x8a4a2663ce60ce4955c595da2894de0415240f1ace024cfbff85f513b656bdae;44;0
707;0x8a4a2663ce60ce4955c595da2894de0415240f1ace024cfbff85f513b656bdae;15;0
708;0x8a4a2663ce60ce4955c595da2894de0415240f1ace024cfbff85f513b656bdae;27;0
709;0x8a4a2663ce60ce4955c595da2894de0415240f1ace024cfbff85f513b656bdae;59;0
710;0x8a4a2663ce60ce4955c595da2894de0415240f1ace024cfbff85f513b656bdae;51;0
711;0x8a4a2663ce60ce4955c595da2894de0415240f1ace024cfbff85f513b656bdae;27;0
712;0x8a4a2663ce60ce4955c595da2894de0415240f1ace024cfbff85f513b656bdae;49;0
713;0x8a4a2663ce60ce4955c595da2894de0415240f1ace024cfbff85f513b656bdae;44;0
714;0x8a4a2663ce60ce4955c595da2894de0415240f1ace024cfbff85f513b656bdae;29;0
715;0x8a4a2663ce60ce4955c595da2894de0415240f1ace024cfbff85f513b656bdae;94;0
716;0x8a4a2663ce60ce4955c595da2894de0415240f1ace024cfbff85f513b656bdae;50;0
717;0x8a4a2663ce60ce4955c595da2894de0415240f1ace024cfbff85f513b656bdae;36;0
718;0x8a4a2663ce60ce4955c595da2894de0415240f1ace024cfbff85f513b656bdae;25;0
719;0x8a4a2663ce60ce4955c595da2894de0415240f1ace024cfbff85f513b656bdae;17;0
720;0x8a4a2663ce60ce4955c595da2894de0415240f1ace024cfbff85f513b656bdae;34;0
721;0x8a4a2663ce60ce4955c595da2894de0415240f1ace024cfbff85f513b656bdae;43;0
722;0x8a4a2663ce60ce4955c595da2894de0415240f1ace024cfbff85f513b656bdae;16;0
723;0x8a4a2663ce60ce4955c595da2894de0415240f1ace024cfbff85f513b656bdae;18;0
724;0x8a4a2663ce60ce4955c595da2894de0415240f1ace024cfbff85f513b656bdae;47;0
725;0x8a4a2663ce60ce4955c595da2894de0415240f1ace024cfbff85f513b656bdae;51;0
726;0x8a4a2663ce60ce4955c595da2894de0415240f1ace024cfbff85f513b656bdae;26;0
727;0x8a4a2663ce60ce4955c595da2894de0415240f1ace024cfbff85f513b656bdae;26;0
728;0x8a4a2663ce60ce4955c595da2894de0415240f1ace024cfbff85f513b656bdae;21;0
729;0x8a4a2663ce60ce4955c595da2894de0415240f1ace024cfbff85f513b656bdae;38;0
730;0x8a4a2663ce60ce4955c595da2894de0415240f1ace024cfbff85f513b656bdae;23;0
731;0x8a4a2663ce60ce4955c595da2894de0415240f1ace024cfbff85f513b656bdae;81;0
732;0x8a4a2663ce60ce4955c595da2894de0415240f1ace024cfbff85f513b656bdae;30;0
733;0x8a4a2663ce60ce4955c595da2894de0415240f1ace024cfbff85f513b656bdae;16;0
734;0x8a4a2663ce60ce4955c595da2894de0415240f1ace024cfbff85f513b656bdae;35;0
735;0x8a4a2663ce60ce4955c595da2894de0415240f1ace024cfbff85f513b656bdae;45;0
736;0x8a4a2663ce60ce4955c595da2894de0415240f1ace024cfbff85f513b656bdae;20;0
737;0x8a4a2663ce60ce4955c595da2894de0415240f1ace024cfbff85f513b656bdae;35;0
738;0x8a4a2663ce60ce4955c595da2894de0415240f1ace024cfbff85f513b656bdae;49;0
739;0x8a4a2663ce60ce4955c595da2894de0415240f1ace024cfbff85f513b656bdae;46;0
740;0x8a4a2663ce60ce4955c595da2894de0415240f1ace024cfbff85f513b656bdae;50;0
741;0x8a4a2663ce60ce4955c595da2894de0415240f1ace024cfbff85f513b656bdae;30;0
742;0x8a4a2663ce60ce4955c595da2894de0415240f1ace024cfbff85f513b656bdae;48;0
743;0x8a4a2663ce60ce4955c595da2894de0415240f1ace024cfbff85f513b656bdae;33;0
744;0x8a4a2663ce60ce4955c595da2894de0415240f1ace024cfbff85f513b656bdae;48;0
745;0x8a4a2663ce60ce4955c595da2894de0415240f1ace024cfbff85f513b656bdae;44;0
746;0x8a4a2663ce60ce4955c595da2894de0415240f1ace024cfbff85f513b656bdae;18;0
747;0x8a4a2663ce60ce4955c595da2894de0415240f1ace024cfbff85f513b656bdae;56;0
748;0x8a4a2663ce60ce4955c595da2894de0415240f1ace024cfbff85f513b656bdae;22;0
749;0x8a4a2663ce60ce4955c595da2894de0415240f1ace024cfbff85f513b656bdae;27;0
750;0x8a4a2663ce60ce4955c595da2894de0415240f1ace024cfbff85f513b656bdae;47;0
751;0x8a4a2663ce60ce4955c595da2894de0415240f1ace024cfbff85f513b656bdae;49;0
752;0x8a4a2663ce60ce4955c595da2894de0415240f1ace024cfbff85f513b656bdae;45;0
753;0x8a4a2663ce60ce4955c595da2894de0415240f1ace024cfbff85f513b656bdae;41;0
754;0x8a4a2663ce60ce4955c595da2894de0415240f1ace024cfbff85f513b656bdae;29;0
755;0x8a4a2663ce60ce4955c595da2894de0415240f1ace024cfbff85f513b656bdae;28;0
756;0x8a4a2663ce60ce4955c595da2894de0415240f1ace024cfbff85f513b656bdae;26;0
757;0x8a4a2663ce60ce4955c595da2894de0415240f1ace024cfbff85f513b656bdae;17;0
758;0x8a4a2663ce60ce4955c595da2894de0415240f1ace024cfbff85f513b656bdae;41;0
759;0x8a4a2663ce60ce4955c595da2894de0415240f1ace024cfbff85f513b656bdae;46;0
760;0x8a4a2663ce60ce4955c595da2894de0415240f1ace024cfbff85f513b656bdae;48;0
761;0x8a4a2663ce60ce4955c595da2894de0415240f1ace024cfbff85f513b656bdae;20;0
762;0x8a4a2663ce60ce4955c595da2894de0415240f1ace024cfbff85f513b656bdae;21;0
763;0x8a4a2663ce60ce4955c595da2894de0415240f1ace024cfbff85f513b656bdae;29;0
764;0x8a4a2663ce60ce4955c595da2894de0415240f1ace024cfbff85f513b656bdae;47;0
765;0x8a4a2663ce60ce4955c595da2894de0415240f1ace024cfbff85f513b656bdae;23;0
766;0x8a4a2663ce60ce4955c595da2894de0415240f1ace024cfbff85f513b656bdae;42;0
767;0x8a4a2663ce60ce4955c595da2894de0415240f1ace024cfbff85f513b656bdae;54;0
768;0x8a4a2663ce60ce4955c595da2894de0415240f1ace024cfbff85f513b656bdae;35;0
769;0x8a4a2663ce60ce4955c595da2894de0415240f1ace024cfbff85f513b656bdae;49;0
770;0x8a4a2663ce60ce4955c595da2894de0415240f1ace024cfbff85f513b656bdae;35;0
771;0x8a4a2663ce60ce4955c595da2894de0415240f1ace024cfbff85f513b656bdae;16;0
772;0x8a4a2663ce60ce4955c595da2894de0415240f1ace024cfbff85f513b656bdae;50;0
773;0x8a4a2663ce60ce4955c595da2894de0415240f1ace024cfbff85f513b656bdae;46;0
774;0x8a4a2663ce60ce4955c595da2894de0415240f1ace024cfbff85f513b656bdae;34;0
775;0x8a4a2663ce60ce4955c595da2894de0415240f1ace024cfbff85f513b656bdae;16;0
776;0x8a4a2663ce60ce4955c595da2894de0415240f1ace024cfbff85f513b656bdae;50;0
777;0x8a4a2663ce60ce4955c595da2894de0415240f1ace024cfbff85f513b656bdae;18;0
778;0x8a4a2663ce60ce4955c595da2894de0415240f1ace024cfbff85f513b656bdae;38;0
779;0x8a4a2663ce60ce4955c595da2894de0415240f1ace024cfbff85f513b656bdae;45;0
780;0x8a4a2663ce60ce4955c595da2894de0415240f1ace024cfbff85f513b656bdae;34;0
781;0x8a4a2663ce60ce4955c595da2894de0415240f1ace024cfbff85f513b656bdae;49;0
782;0x8a4a2663ce60ce4955c595da2894de0415240f1ace024cfbff85f513b656bdae;44;0
783;0x8a4a2663ce60ce4955c595da2894de0415240f1ace024cfbff85f513b656bdae;52;0
784;0x8a4a2663ce60ce4955c595da2894de0415240f1ace024cfbff85f513b656bdae;29;0
785;0x8a4a2663ce60ce4955c595da2894de0415240f1ace024cfbff85f513b656bdae;22;0
786;0x8a4a2663ce60ce4955c595da2894de0415240f1ace024cfbff85f513b656bdae;51;0
787;0x8a4a2663ce60ce4955c595da2894de0415240f1ace024cfbff85f513b656bdae;27;0
788;0x8a4a2663ce60ce4955c595da2894de0415240f1ace024cfbff85f513b656bdae;58;0
789;0x8a4a2663ce60ce4955c595da2894de0415240f1ace024cfbff85f513b656bdae;48;0
790;0x8a4a2663ce60ce4955c595da2894de0415240f1ace024cfbff85f513b656bdae;29;0
791;0x8a4a2663ce60ce4955c595da2894de0415240f1ace024cfbff85f513b656bdae;15;0
792;0x8a4a2663ce60ce4955c595da2894de0415240f1ace024cfbff85f513b656bdae;14;0
793;0x8a4a2663ce60ce4955c595da2894de0415240f1ace024cfbff85f513b656bdae;41;0
794;0x8a4a2663ce60ce4955c595da2894de0415240f1ace024cfbff85f513b656bdae;32;0
795;0x8a4a2663ce60ce4955c595da2894de0415240f1ace024cfbff85f513b656bdae;17;0
796;0x8a4a2663ce60ce4955c595da2894de0415240f1ace024cfbff85f513b656bdae;38;0
797;0x8a4a2663ce60ce4955c595da2894de0415240f1ace024cfbff85f513b656bdae;50;0
798;0x8a4a2663ce60ce4955c595da2894de0415240f1ace024cfbff85f513b656bdae;79;0
799;0x8a4a2663ce60ce4955c595da2894de0415240f1ace024cfbff85f513b656bdae;47;0
800;0x8a4a2663ce60ce4955c595da2894de0415240f1ace024cfbff85f513b656bdae;53;0
801;0x8a4a2663ce60ce4955c595da2894de0415240f1ace024cfbff85f513b656bdae;48;0
802;0x8a4a2663ce60ce4955c595da2894de0415240f1ace024cfbff85f513b656bdae;20;0
803;0x8a4a2663ce60ce4955c595da2894de0415240f1ace024cfbff85f513b656bdae;32;0
804;0x8a4a2663ce60ce4955c595da2894de0415240f1ace024cfbff85f513b656bdae;50;0
805;0x8a4a2663ce60ce4955c595da2894de0415240f1ace024cfbff85f513b656bdae;31;0
806;0x8a4a2663ce60ce4955c595da2894de0415240f1ace024cfbff85f513b656bdae;45;0
807;0x8a4a2663ce60ce4955c595da2894de0415240f1ace024cfbff85f513b656bdae;45;0
808;0x8a4a2663ce60ce4955c595da2894de0415240f1ace024cfbff85f513b656bdae;72;0
809;0x8a4a2663ce60ce4955c595da2894de0415240f1ace024cfbff85f513b656bdae;16;0
810;0x8a4a2663ce60ce4955c595da2894de0415240f1ace024cfbff85f513b656bdae;42;0
811;0x8a4a2663ce60ce4955c595da2894de0415240f1ace024cfbff85f513b656bdae;65;0
812;0x8a4a2663ce60ce4955c595da2894de0415240f1ace024cfbff85f513b656bdae;15;0
813;0x8a4a2663ce60ce4955c595da2894de0415240f1ace024cfbff85f513b656bdae;48;0
814;0x8a4a2663ce60ce4955c595da2894de0415240f1ace024cfbff85f513b656bdae;31;0
815;0x8a4a2663ce60ce4955c595da2894de0415240f1ace024cfbff85f513b656bdae;46;0
816;0x8a4a2663ce60ce4955c595da2894de0415240f1ace024cfbff85f513b656bdae;17;0
817;0x8a4a2663ce60ce4955c595da2894de0415240f1ace024cfbff85f513b656bdae;32;0
818;0x8a4a2663ce60ce4955c595da2894de0415240f1ace024cfbff85f513b656bdae;27;0
819;0x8a4a2663ce60ce4955c595da2894de0415240f1ace024cfbff85f513b656bdae;43;0
820;0x8a4a2663ce60ce4955c595da2894de0415240f1ace024cfbff85f513b656bdae;57;0
821;0x8a4a2663ce60ce4955c595da2894de0415240f1ace024cfbff85f513b656bdae;48;0
822;0x8a4a2663ce60ce4955c595da2894de0415240f1ace024cfbff85f513b656bdae;28;0
823;0x8a4a2663ce60ce4955c595da2894de0415240f1ace024cfbff85f513b656bdae;23;0
824;0x8a4a2663ce60ce4955c595da2894de0415240f1ace024cfbff85f513b656bdae;53;0
825;0x8a4a2663ce60ce4955c595da2894de0415240f1ace024cfbff85f513b656bdae;44;0
826;0x8a4a2663ce60ce4955c595da2894de0415240f1ace024cfbff85f513b656bdae;47;0
827;0x8a4a2663ce60ce4955c595da2894de0415240f1ace024cfbff85f513b656bdae;27;0
828;0x8a4a2663ce60ce4955c595da2894de0415240f1ace024cfbff85f513b656bdae;27;0
829;0x8a4a2663ce60ce4955c595da2894de0415240f1ace024cfbff85f513b656bdae;42;0
830;0x8a4a2663ce60ce4955c595da2894de0415240f1ace024cfbff85f513b656bdae;53;0
831;0x8a4a2663ce60ce4955c595da2894de0415240f1ace024cfbff85f513b656bdae;14;0
832;0x8a4a2663ce60ce4955c595da2894de0415240f1ace024cfbff85f513b656bdae;46;0
833;0x8a4a2663ce60ce4955c595da2894de0415240f1ace024cfbff85f513b656bdae;85;0
834;0x8a4a2663ce60ce4955c595da2894de0415240f1ace024cfbff85f513b656bdae;49;0
835;0x8a4a2663ce60ce4955c595da2894de0415240f1ace024cfbff85f513b656bdae;14;0
836;0x8a4a2663ce60ce4955c595da2894de0415240f1ace024cfbff85f513b656bdae;52;0
837;0x8a4a2663ce60ce4955c595da2894de0415240f1ace024cfbff85f513b656bdae;28;0
838;0x8a4a2663ce60ce4955c595da2894de0415240f1ace024cfbff85f513b656bdae;55;0
839;0x8a4a2663ce60ce4955c595da2894de0415240f1ace024cfbff85f513b656bdae;14;0
840;0x8a4a2663ce60ce4955c595da2894de0415240f1ace024cfbff85f513b656bdae;23;0
841;0x8a4a2663ce60ce4955c595da2894de0415240f1ace024cfbff85f513b656bdae;12;0
842;0x8a4a2663ce60ce4955c595da2894de0415240f1ace024cfbff85f513b656bdae;10;0
843;0x8a4a2663ce60ce4955c595da2894de0415240f1ace024cfbff85f513b656bdae;11;0
844;0x8a4a2663ce60ce4955c595da2894de0415240f1ace024cfbff85f513b656bdae;12;0
845;0x8a4a2663ce60ce4955c595da2894de0415240f1ace024cfbff85f513b656bdae;10;0
846;0x8a4a2663ce60ce4955c595da2894de0415240f1ace024cfbff85f513b656bdae;10;0
847;0x8a4a2663ce60ce4955c595da2894de0415240f1ace024cfbff85f513b656bdae;11;0
848;0x8a4a2663ce60ce4955c595da2894de0415240f1ace024cfbff85f513b656bdae;11;0
849;0x8a4a2663ce60ce4955c595da2894de0415240f1ace024cfbff85f513b656bdae;10;0
850;0x8a4a2663ce60ce4955c595da2894de0415240f1ace024cfbff85f513b656bdae;11;0
851;0x8a4a2663ce60ce4955c595da2894de0415240f1ace024cfbff85f513b656bdae;11;0
852;0x8a4a2663ce60ce4955c595da2894de0415240f1ace024cfbff85f513b656bdae;14;0
853;0x8a4a2663ce60ce4955c595da2894de0415240f1ace024cfbff85f513b656bdae;13;0
854;0x8a4a2663ce60ce4955c595da2894de0415240f1ace024cfbff85f513b656bdae;10;0
855;0x8a4a2663ce60ce4955c595da2894de0415240f1ace024cfbff85f513b656bdae;12;0
856;0x8a4a2663ce60ce4955c595da2894de0415240f1ace024cfbff85f513b656bdae;11;0
857;0x8a4a2663ce60ce4955c595da2894de0415240f1ace024cfbff85f513b656bdae;10;0
858;0x8a4a2663ce60ce4955c595da2894de0415240f1ace024cfbff85f513b656bdae;10;0
859;0x8a4a2663ce60ce4955c595da2894de0415240f1ace024cfbff85f513b656bdae;12;0
860;0x8a4a2663ce60ce4955c595da2894de0415240f1ace024cfbff85f513b656bdae;10;0
861;0x8a4a2663ce60ce4955c595da2894de0415240f1ace024cfbff85f513b656bdae;11;0
862;0x8a4a2663ce60ce4955c595da2894de0415240f1ace024cfbff85f513b656bdae;10;0
863;0x8a4a2663ce60ce4955c595da2894de0415240f1ace024cfbff85f513b656bdae;11;0
864;0x8a4a2663ce60ce4955c595da2894de0415240f1ace024cfbff85f513b656bdae;11;0
865;0x8a4a2663ce60ce4955c595da2894de0415240f1ace024cfbff85f513b656bdae;11;0
866;0x8a4a2663ce60ce4955c595da2894de0415240f1ace024cfbff85f513b656bdae;11;0
867;0x8a4a2663ce60ce4955c595da2894de0415240f1ace024cfbff85f513b656bdae;11;0
868;0x8a4a2663ce60ce4955c595da2894de0415240f1ace024cfbff85f513b656bdae;10;0
869;0x8a4a2663ce60ce4955c595da2894de0415240f1ace024cfbff85f513b656bdae;11;0
870;0x8a4a2663ce60ce4955c595da2894de0415240f1ace024cfbff85f513b656bdae;12;0
871;0x8a4a2663ce60ce4955c595da2894de0415240f1ace024cfbff85f513b656bdae;11;0
872;0x8a4a2663ce60ce4955c595da2894de0415240f1ace024cfbff85f513b656bdae;11;0
873;0x8a4a2663ce60ce4955c595da2894de0415240f1ace024cfbff85f513b656bdae;9;0
874;0x8a4a2663ce60ce4955c595da2894de0415240f1ace024cfbff85f513b656bdae;10;0
875;0x8a4a2663ce60ce4955c595da2894de0415240f1ace024cfbff85f513b656bdae;10;0
876;0x8a4a2663ce60ce4955c595da2894de0415240f1ace024cfbff85f513b656bdae;11;0
877;0x8a4a2663ce60ce4955c595da2894de0415240f1ace024cfbff85f513b656bdae;10;0
878;0x8a4a2663ce60ce4955c595da2894de0415240f1ace024cfbff85f513b656bdae;11;0
879;0x8a4a2663ce60ce4955c595da2894de0415240f1ace024cfbff85f513b656bdae;11;0
880;0x8a4a2663ce60ce4955c595da2894de0415240f1ace024cfbff85f513b656bdae;11;0
881;0x8a4a2663ce60ce4955c595da2894de0415240f1ace024cfbff85f513b656bdae;11;0
882;0x8a4a2663ce60ce4955c595da2894de0415240f1ace024cfbff85f513b656bdae;11;0
883;0x8a4a2663ce60ce4955c595da2894de0415240f1ace024cfbff85f513b656bdae;11;0
884;0x8a4a2663ce60ce4955c595da2894de0415240f1ace024cfbff85f513b656bdae;11;0
885;0x8a4a2663ce60ce4955c595da2894de0415240f1ace024cfbff85f513b656bdae;11;0
886;0x8a4a2663ce60ce4955c595da2894de0415240f1ace024cfbff85f513b656bdae;11;0
887;0x8a4a2663ce60ce4955c595da2894de0415240f1ace024cfbff85f513b656bdae;10;0
888;0x8a4a2663ce60ce4955c595da2894de0415240f1ace024cfbff85f513b656bdae;10;0
889;0x8a4a2663ce60ce4955c595da2894de0415240f1ace024cfbff85f513b656bdae;10;0
890;0x8a4a2663ce60ce4955c595da2894de0415240f1ace024cfbff85f513b656bdae;10;0
891;0x8a4a2663ce60ce4955c595da2894de0415240f1ace024cfbff85f513b656bdae;11;0
892;0x8a4a2663ce60ce4955c595da2894de0415240f1ace024cfbff85f513b656bdae;10;0
893;0x8a4a2663ce60ce4955c595da2894de0415240f1ace024cfbff85f513b656bdae;11;0
894;0x8a4a2663ce60ce4955c595da2894de0415240f1ace024cfbff85f513b656bdae;10;0
895;0x8a4a2663ce60ce4955c595da2894de0415240f1ace024cfbff85f513b656bdae;11;0
896;0x8a4a2663ce60ce4955c595da2894de0415240f1ace024cfbff85f513b656bdae;12;0
897;0x8a4a2663ce60ce4955c595da2894de0415240f1ace024cfbff85f513b656bdae;11;0
898;0x8a4a2663ce60ce4955c595da2894de0415240f1ace024cfbff85f513b656bdae;11;0
899;0x8a4a2663ce60ce4955c595da2894de0415240f1ace024cfbff85f513b656bdae;11;0
900;0x8a4a2663ce60ce4955c595da2894de0415240f1ace024cfbff85f513b656bdae;12;0
901;0x8a4a2663ce60ce4955c595da2894de0415240f1ace024cfbff85f513b656bdae;10;0
902;0x8a4a2663ce60ce4955c595da2894de0415240f1ace024cfbff85f513b656bdae;9;0
903;0x8a4a2663ce60ce4955c595da2894de0415240f1ace024cfbff85f513b656bdae;13;0
904;0x8a4a2663ce60ce4955c595da2894de0415240f1ace024cfbff85f513b656bdae;11;0
905;0x8a4a2663ce60ce4955c595da2894de0415240f1ace024cfbff85f513b656bdae;11;0
906;0x8a4a2663ce60ce4955c595da2894de0415240f1ace024cfbff85f513b656bdae;11;0
907;0x8a4a2663ce60ce4955c595da2894de0415240f1ace024cfbff85f513b656bdae;10;0
908;0x8a4a2663ce60ce4955c595da2894de0415240f1ace024cfbff85f513b656bdae;14;0
909;0x8a4a2663ce60ce4955c595da2894de0415240f1ace024cfbff85f513b656bdae;11;0
910;0x8a4a2663ce60ce4955c595da2894de0415240f1ace024cfbff85f513b656bdae;12;0
911;0x8a4a2663ce60ce4955c595da2894de0415240f1ace024cfbff85f513b656bdae;11;0
912;0x8a4a2663ce60ce4955c595da2894de0415240f1ace024cfbff85f513b656bdae;14;0
913;0x8a4a2663ce60ce4955c595da2894de0415240f1ace024cfbff85f513b656bdae;11;0
914;0x8a4a2663ce60ce4955c595da2894de0415240f1ace024cfbff85f513b656bdae;11;0
915;0x8a4a2663ce60ce4955c595da2894de0415240f1ace024cfbff85f513b656bdae;11;0
916;0x8a4a2663ce60ce4955c595da2894de0415240f1ace024cfbff85f513b656bdae;11;0
917;0x8a4a2663ce60ce4955c595da2894de0415240f1ace024cfbff85f513b656bdae;11;0
918;0x8a4a2663ce60ce4955c595da2894de0415240f1ace024cfbff85f513b656bdae;10;0
919;0x8a4a2663ce60ce4955c595da2894de0415240f1ace024cfbff85f513b656bdae;10;0
920;0x8a4a2663ce60ce4955c595da2894de0415240f1ace024cfbff85f513b656bdae;11;0
921;0x8a4a2663ce60ce4955c595da2894de0415240f1ace024cfbff85f513b656bdae;11;0
922;0x8a4a2663ce60ce4955c595da2894de0415240f1ace024cfbff85f513b656bdae;11;0
923;0x8a4a2663ce60ce4955c595da2894de0415240f1ace024cfbff85f513b656bdae;12;0
924;0x8a4a2663ce60ce4955c595da2894de0415240f1ace024cfbff85f513b656bdae;12;0
925;0x8a4a2663ce60ce4955c595da2894de0415240f1ace024cfbff85f513b656bdae;11;0
926;0x8a4a2663ce60ce4955c595da2894de0415240f1ace024cfbff85f513b656bdae;11;0
927;0x8a4a2663ce60ce4955c595da2894de0415240f1ace024cfbff85f513b656bdae;11;0
928;0x8a4a2663ce60ce4955c595da2894de0415240f1ace024cfbff85f513b656bdae;12;0
929;0x8a4a2663ce60ce4955c595da2894de0415240f1ace024cfbff85f513b656bdae;11;0
930;0x8a4a2663ce60ce4955c595da2894de0415240f1ace024cfbff85f513b656bdae;11;0
931;0x8a4a2663ce60ce4955c595da2894de0415240f1ace024cfbff85f513b656bdae;11;0
932;0x8a4a2663ce60ce4955c595da2894de0415240f1ace024cfbff85f513b656bdae;11;0
933;0x8a4a2663ce60ce4955c595da2894de0415240f1ace024cfbff85f513b656bdae;11;0
934;0x8a4a2663ce60ce4955c595da2894de0415240f1ace024cfbff85f513b656bdae;9;0
935;0x8a4a2663ce60ce4955c595da2894de0415240f1ace024cfbff85f513b656bdae;10;0
936;0x8a4a2663ce60ce4955c595da2894de0415240f1ace024cfbff85f513b656bdae;10;0
937;0x8a4a2663ce60ce4955c595da2894de0415240f1ace024cfbff85f513b656bdae;11;0
938;0x8a4a2663ce60ce4955c595da2894de0415240f1ace024cfbff85f513b656bdae;11;0
939;0x8a4a2663ce60ce4955c595da2894de0415240f1ace024cfbff85f513b656bdae;12;0
940;0x8a4a2663ce60ce4955c595da2894de0415240f1ace024cfbff85f513b656bdae;11;0
941;0x8a4a2663ce60ce4955c595da2894de0415240f1ace024cfbff85f513b656bdae;10;0
942;0x8a4a2663ce60ce4955c595da2894de0415240f1ace024cfbff85f513b656bdae;11;0
943;0x8a4a2663ce60ce4955c595da2894de0415240f1ace024cfbff85f513b656bdae;11;0
944;0x8a4a2663ce60ce4955c595da2894de0415240f1ace024cfbff85f513b656bdae;11;0
945;0x8a4a2663ce60ce4955c595da2894de0415240f1ace024cfbff85f513b656bdae;11;0
946;0x8a4a2663ce60ce4955c595da2894de0415240f1ace024cfbff85f513b656bdae;12;0
947;0x8a4a2663ce60ce4955c595da2894de0415240f1ace024cfbff85f513b656bdae;11;0
948;0x8a4a2663ce60ce4955c595da2894de0415240f1ace024cfbff85f513b656bdae;9;0
949;0x8a4a2663ce60ce4955c595da2894de0415240f1ace024cfbff85f513b656bdae;12;0
950;0x8a4a2663ce60ce4955c595da2894de0415240f1ace024cfbff85f513b656bdae;11;0
951;0x8a4a2663ce60ce4955c595da2894de0415240f1ace024cfbff85f513b656bdae;11;0
952;0x8a4a2663ce60ce4955c595da2894de0415240f1ace024cfbff85f513b656bdae;11;0
953;0x8a4a2663ce60ce4955c595da2894de0415240f1ace024cfbff85f513b656bdae;11;0
954;0x8a4a2663ce60ce4955c595da2894de0415240f1ace024cfbff85f513b656bdae;11;0
955;0x8a4a2663ce60ce4955c595da2894de0415240f1ace024cfbff85f513b656bdae;11;0
956;0x8a4a2663ce60ce4955c595da2894de0415240f1ace024cfbff85f513b656bdae;11;0
957;0x8a4a2663ce60ce4955c595da2894de0415240f1ace024cfbff85f513b656bdae;11;0
958;0x8a4a2663ce60ce4955c595da2894de0415240f1ace024cfbff85f513b656bdae;12;0
959;0x8a4a2663ce60ce4955c595da2894de0415240f1ace024cfbff85f513b656bdae;11;0
960;0x8a4a2663ce60ce4955c595da2894de0415240f1ace024cfbff85f513b656bdae;11;0
961;0x8a4a2663ce60ce4955c595da2894de0415240f1ace024cfbff85f513b656bdae;12;0
962;0x8a4a2663ce60ce4955c595da2894de0415240f1ace024cfbff85f513b656bdae;11;0
963;0x8a4a2663ce60ce4955c595da2894de0415240f1ace024cfbff85f513b656bdae;11;0
964;0x8a4a2663ce60ce4955c595da2894de0415240f1ace024cfbff85f513b656bdae;12;0
965;0x8a4a2663ce60ce4955c595da2894de0415240f1ace024cfbff85f513b656bdae;11;0
966;0x8a4a2663ce60ce4955c595da2894de0415240f1ace024cfbff85f513b656bdae;11;0
967;0x8a4a2663ce60ce4955c595da2894de0415240f1ace024cfbff85f513b656bdae;11;0
968;0x8a4a2663ce60ce4955c595da2894de0415240f1ace024cfbff85f513b656bdae;14;0
969;0x8a4a2663ce60ce4955c595da2894de0415240f1ace024cfbff85f513b656bdae;12;0
970;0x8a4a2663ce60ce4955c595da2894de0415240f1ace024cfbff85f513b656bdae;12;0
971;0x8a4a2663ce60ce4955c595da2894de0415240f1ace024cfbff85f513b656bdae;11;0
972;0x8a4a2663ce60ce4955c595da2894de0415240f1ace024cfbff85f513b656bdae;11;0
973;0x8a4a2663ce60ce4955c595da2894de0415240f1ace024cfbff85f513b656bdae;11;0
974;0x8a4a2663ce60ce4955c595da2894de0415240f1ace024cfbff85f513b656bdae;10;0
975;0x8a4a2663ce60ce4955c595da2894de0415240f1ace024cfbff85f513b656bdae;11;0
976;0x8a4a2663ce60ce4955c595da2894de0415240f1ace024cfbff85f513b656bdae;11;0
977;0x8a4a2663ce60ce4955c595da2894de0415240f1ace024cfbff85f513b656bdae;11;0
978;0x8a4a2663ce60ce4955c595da2894de0415240f1ace024cfbff85f513b656bdae;11;0
979;0x8a4a2663ce60ce4955c595da2894de0415240f1ace024cfbff85f513b656bdae;11;0
980;0x8a4a2663ce60ce4955c595da2894de0415240f1ace024cfbff85f513b656bdae;10;0
981;0x8a4a2663ce60ce4955c595da2894de0415240f1ace024cfbff85f513b656bdae;12;0
982;0x8a4a2663ce60ce4955c595da2894de0415240f1ace024cfbff85f513b656bdae;11;0
983;0x8a4a2663ce60ce4955c595da2894de0415240f1ace024cfbff85f513b656bdae;11;0
984;0x8a4a2663ce60ce4955c595da2894de0415240f1ace024cfbff85f513b656bdae;10;0
985;0x8a4a2663ce60ce4955c595da2894de0415240f1ace024cfbff85f513b656bdae;10;0
986;0x8a4a2663ce60ce4955c595da2894de0415240f1ace024cfbff85f513b656bdae;10;0
987;0x8a4a2663ce60ce4955c595da2894de0415240f1ace024cfbff85f513b656bdae;12;0
988;0x8a4a2663ce60ce4955c595da2894de0415240f1ace024cfbff85f513b656bdae;10;0
989;0x8a4a2663ce60ce4955c595da2894de0415240f1ace024cfbff85f513b656bdae;10;0
990;0x8a4a2663ce60ce4955c595da2894de0415240f1ace024cfbff85f513b656bdae;12;0
991;0x8a4a2663ce60ce4955c595da2894de0415240f1ace024cfbff85f513b656bdae;11;0
992;0x8a4a2663ce60ce4955c595da2894de0415240f1ace024cfbff85f513b656bdae;10;0
993;0x8a4a2663ce60ce4955c595da2894de0415240f1ace024cfbff85f513b656bdae;11;0
994;0x8a4a2663ce60ce4955c595da2894de0415240f1ace024cfbff85f513b656bdae;10;0
995;0x8a4a2663ce60ce4955c595da2894de0415240f1ace024cfbff85f513b656bdae;11;0
996;0x8a4a2663ce60ce4955c595da2894de0415240f1ace024cfbff85f513b656bdae;11;0
997;0x8a4a2663ce60ce4955c595da2894de0415240f1ace024cfbff85f513b656bdae;11;0
998;0x8a4a2663ce60ce4955c595da2894de0415240f1ace024cfbff85f513b656bdae;11;0
999;0x8a4a2663ce60ce4955c595da2894de0415240f1ace024cfbff85f513b656bdae;11;0
