ID;Event;Duration;Pattern Duration
0;0xdbb69440df8433824a026ef190652f29929eb64b4d1d5d2a69be8afe3e6eaed8;246;0
1;0xdbb69440df8433824a026ef190652f29929eb64b4d1d5d2a69be8afe3e6eaed8;172;0
2;0xdbb69440df8433824a026ef190652f29929eb64b4d1d5d2a69be8afe3e6eaed8;310;0
3;0xdbb69440df8433824a026ef190652f29929eb64b4d1d5d2a69be8afe3e6eaed8;172;0
4;0xdbb69440df8433824a026ef190652f29929eb64b4d1d5d2a69be8afe3e6eaed8;226;0
5;0xdbb69440df8433824a026ef190652f29929eb64b4d1d5d2a69be8afe3e6eaed8;259;0
6;0xdbb69440df8433824a026ef190652f29929eb64b4d1d5d2a69be8afe3e6eaed8;321;0
7;0xdbb69440df8433824a026ef190652f29929eb64b4d1d5d2a69be8afe3e6eaed8;223;0
8;0xdbb69440df8433824a026ef190652f29929eb64b4d1d5d2a69be8afe3e6eaed8;158;0
9;0xdbb69440df8433824a026ef190652f29929eb64b4d1d5d2a69be8afe3e6eaed8;260;0
10;0xdbb69440df8433824a026ef190652f29929eb64b4d1d5d2a69be8afe3e6eaed8;250;0
11;0xdbb69440df8433824a026ef190652f29929eb64b4d1d5d2a69be8afe3e6eaed8;259;0
12;0xdbb69440df8433824a026ef190652f29929eb64b4d1d5d2a69be8afe3e6eaed8;313;0
13;0xdbb69440df8433824a026ef190652f29929eb64b4d1d5d2a69be8afe3e6eaed8;225;0
14;0xdbb69440df8433824a026ef190652f29929eb64b4d1d5d2a69be8afe3e6eaed8;313;0
15;0xdbb69440df8433824a026ef190652f29929eb64b4d1d5d2a69be8afe3e6eaed8;250;0
16;0xdbb69440df8433824a026ef190652f29929eb64b4d1d5d2a69be8afe3e6eaed8;266;0
17;0xdbb69440df8433824a026ef190652f29929eb64b4d1d5d2a69be8afe3e6eaed8;225;0
18;0xdbb69440df8433824a026ef190652f29929eb64b4d1d5d2a69be8afe3e6eaed8;255;0
19;0xdbb69440df8433824a026ef190652f29929eb64b4d1d5d2a69be8afe3e6eaed8;266;0
20;0xdbb69440df8433824a026ef190652f29929eb64b4d1d5d2a69be8afe3e6eaed8;246;0
21;0xdbb69440df8433824a026ef190652f29929eb64b4d1d5d2a69be8afe3e6eaed8;251;0
22;0xdbb69440df8433824a026ef190652f29929eb64b4d1d5d2a69be8afe3e6eaed8;257;0
23;0xdbb69440df8433824a026ef190652f29929eb64b4d1d5d2a69be8afe3e6eaed8;251;0
24;0xdbb69440df8433824a026ef190652f29929eb64b4d1d5d2a69be8afe3e6eaed8;272;0
25;0xdbb69440df8433824a026ef190652f29929eb64b4d1d5d2a69be8afe3e6eaed8;283;0
26;0xdbb69440df8433824a026ef190652f29929eb64b4d1d5d2a69be8afe3e6eaed8;277;0
27;0xdbb69440df8433824a026ef190652f29929eb64b4d1d5d2a69be8afe3e6eaed8;241;0
28;0xdbb69440df8433824a026ef190652f29929eb64b4d1d5d2a69be8afe3e6eaed8;233;0
29;0xdbb69440df8433824a026ef190652f29929eb64b4d1d5d2a69be8afe3e6eaed8;206;0
30;0xdbb69440df8433824a026ef190652f29929eb64b4d1d5d2a69be8afe3e6eaed8;246;0
31;0xdbb69440df8433824a026ef190652f29929eb64b4d1d5d2a69be8afe3e6eaed8;249;0
32;0xdbb69440df8433824a026ef190652f29929eb64b4d1d5d2a69be8afe3e6eaed8;278;0
33;0xdbb69440df8433824a026ef190652f29929eb64b4d1d5d2a69be8afe3e6eaed8;152;0
34;0xdbb69440df8433824a026ef190652f29929eb64b4d1d5d2a69be8afe3e6eaed8;171;0
35;0xdbb69440df8433824a026ef190652f29929eb64b4d1d5d2a69be8afe3e6eaed8;224;0
36;0xdbb69440df8433824a026ef190652f29929eb64b4d1d5d2a69be8afe3e6eaed8;243;0
37;0xdbb69440df8433824a026ef190652f29929eb64b4d1d5d2a69be8afe3e6eaed8;252;0
38;0xdbb69440df8433824a026ef190652f29929eb64b4d1d5d2a69be8afe3e6eaed8;189;0
39;0xdbb69440df8433824a026ef190652f29929eb64b4d1d5d2a69be8afe3e6eaed8;275;0
40;0xdbb69440df8433824a026ef190652f29929eb64b4d1d5d2a69be8afe3e6eaed8;250;0
41;0xdbb69440df8433824a026ef190652f29929eb64b4d1d5d2a69be8afe3e6eaed8;96;0
42;0xdbb69440df8433824a026ef190652f29929eb64b4d1d5d2a69be8afe3e6eaed8;94;0
43;0xdbb69440df8433824a026ef190652f29929eb64b4d1d5d2a69be8afe3e6eaed8;94;0
44;0xdbb69440df8433824a026ef190652f29929eb64b4d1d5d2a69be8afe3e6eaed8;91;0
45;0xdbb69440df8433824a026ef190652f29929eb64b4d1d5d2a69be8afe3e6eaed8;92;0
46;0xdbb69440df8433824a026ef190652f29929eb64b4d1d5d2a69be8afe3e6eaed8;95;0
47;0xdbb69440df8433824a026ef190652f29929eb64b4d1d5d2a69be8afe3e6eaed8;96;0
48;0xdbb69440df8433824a026ef190652f29929eb64b4d1d5d2a69be8afe3e6eaed8;99;0
49;0xdbb69440df8433824a026ef190652f29929eb64b4d1d5d2a69be8afe3e6eaed8;97;0
50;0xdbb69440df8433824a026ef190652f29929eb64b4d1d5d2a69be8afe3e6eaed8;94;0
51;0xdbb69440df8433824a026ef190652f29929eb64b4d1d5d2a69be8afe3e6eaed8;93;0
52;0xdbb69440df8433824a026ef190652f29929eb64b4d1d5d2a69be8afe3e6eaed8;93;0
53;0xdbb69440df8433824a026ef190652f29929eb64b4d1d5d2a69be8afe3e6eaed8;91;0
54;0xdbb69440df8433824a026ef190652f29929eb64b4d1d5d2a69be8afe3e6eaed8;101;0
55;0xdbb69440df8433824a026ef190652f29929eb64b4d1d5d2a69be8afe3e6eaed8;102;0
56;0xdbb69440df8433824a026ef190652f29929eb64b4d1d5d2a69be8afe3e6eaed8;100;0
57;0xdbb69440df8433824a026ef190652f29929eb64b4d1d5d2a69be8afe3e6eaed8;93;0
58;0xdbb69440df8433824a026ef190652f29929eb64b4d1d5d2a69be8afe3e6eaed8;100;0
59;0xdbb69440df8433824a026ef190652f29929eb64b4d1d5d2a69be8afe3e6eaed8;102;0
60;0xdbb69440df8433824a026ef190652f29929eb64b4d1d5d2a69be8afe3e6eaed8;93;0
61;0xdbb69440df8433824a026ef190652f29929eb64b4d1d5d2a69be8afe3e6eaed8;95;0
62;0xdbb69440df8433824a026ef190652f29929eb64b4d1d5d2a69be8afe3e6eaed8;93;0
63;0xdbb69440df8433824a026ef190652f29929eb64b4d1d5d2a69be8afe3e6eaed8;95;0
64;0xdbb69440df8433824a026ef190652f29929eb64b4d1d5d2a69be8afe3e6eaed8;99;0
65;0xdbb69440df8433824a026ef190652f29929eb64b4d1d5d2a69be8afe3e6eaed8;103;0
66;0xdbb69440df8433824a026ef190652f29929eb64b4d1d5d2a69be8afe3e6eaed8;95;0
67;0xdbb69440df8433824a026ef190652f29929eb64b4d1d5d2a69be8afe3e6eaed8;96;0
68;0xdbb69440df8433824a026ef190652f29929eb64b4d1d5d2a69be8afe3e6eaed8;95;0
69;0xdbb69440df8433824a026ef190652f29929eb64b4d1d5d2a69be8afe3e6eaed8;93;0
70;0xdbb69440df8433824a026ef190652f29929eb64b4d1d5d2a69be8afe3e6eaed8;95;0
71;0xdbb69440df8433824a026ef190652f29929eb64b4d1d5d2a69be8afe3e6eaed8;97;0
72;0xdbb69440df8433824a026ef190652f29929eb64b4d1d5d2a69be8afe3e6eaed8;100;0
73;0xdbb69440df8433824a026ef190652f29929eb64b4d1d5d2a69be8afe3e6eaed8;96;0
74;0xdbb69440df8433824a026ef190652f29929eb64b4d1d5d2a69be8afe3e6eaed8;93;0
75;0xdbb69440df8433824a026ef190652f29929eb64b4d1d5d2a69be8afe3e6eaed8;95;0
76;0xdbb69440df8433824a026ef190652f29929eb64b4d1d5d2a69be8afe3e6eaed8;94;0
77;0xdbb69440df8433824a026ef190652f29929eb64b4d1d5d2a69be8afe3e6eaed8;93;0
78;0xdbb69440df8433824a026ef190652f29929eb64b4d1d5d2a69be8afe3e6eaed8;101;0
79;0xdbb69440df8433824a026ef190652f29929eb64b4d1d5d2a69be8afe3e6eaed8;94;0
80;0xdbb69440df8433824a026ef190652f29929eb64b4d1d5d2a69be8afe3e6eaed8;97;0
81;0xdbb69440df8433824a026ef190652f29929eb64b4d1d5d2a69be8afe3e6eaed8;95;0
82;0xdbb69440df8433824a026ef190652f29929eb64b4d1d5d2a69be8afe3e6eaed8;94;0
83;0xdbb69440df8433824a026ef190652f29929eb64b4d1d5d2a69be8afe3e6eaed8;95;0
84;0xdbb69440df8433824a026ef190652f29929eb64b4d1d5d2a69be8afe3e6eaed8;93;0
85;0xdbb69440df8433824a026ef190652f29929eb64b4d1d5d2a69be8afe3e6eaed8;95;0
86;0xdbb69440df8433824a026ef190652f29929eb64b4d1d5d2a69be8afe3e6eaed8;92;0
87;0xdbb69440df8433824a026ef190652f29929eb64b4d1d5d2a69be8afe3e6eaed8;93;0
88;0xdbb69440df8433824a026ef190652f29929eb64b4d1d5d2a69be8afe3e6eaed8;101;0
89;0xdbb69440df8433824a026ef190652f29929eb64b4d1d5d2a69be8afe3e6eaed8;94;0
90;0xdbb69440df8433824a026ef190652f29929eb64b4d1d5d2a69be8afe3e6eaed8;94;0
91;0xdbb69440df8433824a026ef190652f29929eb64b4d1d5d2a69be8afe3e6eaed8;93;0
92;0xdbb69440df8433824a026ef190652f29929eb64b4d1d5d2a69be8afe3e6eaed8;93;0
93;0xdbb69440df8433824a026ef190652f29929eb64b4d1d5d2a69be8afe3e6eaed8;108;0
94;0xdbb69440df8433824a026ef190652f29929eb64b4d1d5d2a69be8afe3e6eaed8;93;0
95;0xdbb69440df8433824a026ef190652f29929eb64b4d1d5d2a69be8afe3e6eaed8;96;0
96;0xdbb69440df8433824a026ef190652f29929eb64b4d1d5d2a69be8afe3e6eaed8;113;0
97;0xdbb69440df8433824a026ef190652f29929eb64b4d1d5d2a69be8afe3e6eaed8;97;0
98;0xdbb69440df8433824a026ef190652f29929eb64b4d1d5d2a69be8afe3e6eaed8;94;0
99;0xdbb69440df8433824a026ef190652f29929eb64b4d1d5d2a69be8afe3e6eaed8;94;0
100;0xdbb69440df8433824a026ef190652f29929eb64b4d1d5d2a69be8afe3e6eaed8;100;0
101;0xdbb69440df8433824a026ef190652f29929eb64b4d1d5d2a69be8afe3e6eaed8;100;0
102;0xdbb69440df8433824a026ef190652f29929eb64b4d1d5d2a69be8afe3e6eaed8;93;0
103;0xdbb69440df8433824a026ef190652f29929eb64b4d1d5d2a69be8afe3e6eaed8;98;0
104;0xdbb69440df8433824a026ef190652f29929eb64b4d1d5d2a69be8afe3e6eaed8;93;0
105;0xdbb69440df8433824a026ef190652f29929eb64b4d1d5d2a69be8afe3e6eaed8;100;0
106;0xdbb69440df8433824a026ef190652f29929eb64b4d1d5d2a69be8afe3e6eaed8;95;0
107;0xdbb69440df8433824a026ef190652f29929eb64b4d1d5d2a69be8afe3e6eaed8;94;0
108;0xdbb69440df8433824a026ef190652f29929eb64b4d1d5d2a69be8afe3e6eaed8;95;0
109;0xdbb69440df8433824a026ef190652f29929eb64b4d1d5d2a69be8afe3e6eaed8;107;0
110;0xdbb69440df8433824a026ef190652f29929eb64b4d1d5d2a69be8afe3e6eaed8;98;0
111;0xdbb69440df8433824a026ef190652f29929eb64b4d1d5d2a69be8afe3e6eaed8;98;0
112;0xdbb69440df8433824a026ef190652f29929eb64b4d1d5d2a69be8afe3e6eaed8;95;0
113;0xdbb69440df8433824a026ef190652f29929eb64b4d1d5d2a69be8afe3e6eaed8;94;0
114;0xdbb69440df8433824a026ef190652f29929eb64b4d1d5d2a69be8afe3e6eaed8;98;0
115;0xdbb69440df8433824a026ef190652f29929eb64b4d1d5d2a69be8afe3e6eaed8;103;0
116;0xdbb69440df8433824a026ef190652f29929eb64b4d1d5d2a69be8afe3e6eaed8;97;0
117;0xdbb69440df8433824a026ef190652f29929eb64b4d1d5d2a69be8afe3e6eaed8;100;0
118;0xdbb69440df8433824a026ef190652f29929eb64b4d1d5d2a69be8afe3e6eaed8;94;0
119;0xdbb69440df8433824a026ef190652f29929eb64b4d1d5d2a69be8afe3e6eaed8;98;0
120;0xdbb69440df8433824a026ef190652f29929eb64b4d1d5d2a69be8afe3e6eaed8;94;0
121;0xdbb69440df8433824a026ef190652f29929eb64b4d1d5d2a69be8afe3e6eaed8;98;0
122;0xdbb69440df8433824a026ef190652f29929eb64b4d1d5d2a69be8afe3e6eaed8;97;0
123;0xdbb69440df8433824a026ef190652f29929eb64b4d1d5d2a69be8afe3e6eaed8;96;0
124;0xdbb69440df8433824a026ef190652f29929eb64b4d1d5d2a69be8afe3e6eaed8;96;0
125;0xdbb69440df8433824a026ef190652f29929eb64b4d1d5d2a69be8afe3e6eaed8;94;0
126;0xdbb69440df8433824a026ef190652f29929eb64b4d1d5d2a69be8afe3e6eaed8;104;0
127;0xdbb69440df8433824a026ef190652f29929eb64b4d1d5d2a69be8afe3e6eaed8;94;0
128;0xdbb69440df8433824a026ef190652f29929eb64b4d1d5d2a69be8afe3e6eaed8;96;0
129;0xdbb69440df8433824a026ef190652f29929eb64b4d1d5d2a69be8afe3e6eaed8;95;0
130;0xdbb69440df8433824a026ef190652f29929eb64b4d1d5d2a69be8afe3e6eaed8;99;0
131;0xdbb69440df8433824a026ef190652f29929eb64b4d1d5d2a69be8afe3e6eaed8;96;0
132;0xdbb69440df8433824a026ef190652f29929eb64b4d1d5d2a69be8afe3e6eaed8;95;0
133;0xdbb69440df8433824a026ef190652f29929eb64b4d1d5d2a69be8afe3e6eaed8;94;0
134;0xdbb69440df8433824a026ef190652f29929eb64b4d1d5d2a69be8afe3e6eaed8;93;0
135;0xdbb69440df8433824a026ef190652f29929eb64b4d1d5d2a69be8afe3e6eaed8;94;0
136;0xdbb69440df8433824a026ef190652f29929eb64b4d1d5d2a69be8afe3e6eaed8;96;0
137;0xdbb69440df8433824a026ef190652f29929eb64b4d1d5d2a69be8afe3e6eaed8;97;0
138;0xdbb69440df8433824a026ef190652f29929eb64b4d1d5d2a69be8afe3e6eaed8;95;0
139;0xdbb69440df8433824a026ef190652f29929eb64b4d1d5d2a69be8afe3e6eaed8;94;0
140;0xdbb69440df8433824a026ef190652f29929eb64b4d1d5d2a69be8afe3e6eaed8;92;0
141;0xdbb69440df8433824a026ef190652f29929eb64b4d1d5d2a69be8afe3e6eaed8;95;0
142;0xdbb69440df8433824a026ef190652f29929eb64b4d1d5d2a69be8afe3e6eaed8;97;0
143;0xdbb69440df8433824a026ef190652f29929eb64b4d1d5d2a69be8afe3e6eaed8;94;0
144;0xdbb69440df8433824a026ef190652f29929eb64b4d1d5d2a69be8afe3e6eaed8;97;0
145;0xdbb69440df8433824a026ef190652f29929eb64b4d1d5d2a69be8afe3e6eaed8;93;0
146;0xdbb69440df8433824a026ef190652f29929eb64b4d1d5d2a69be8afe3e6eaed8;97;0
147;0xdbb69440df8433824a026ef190652f29929eb64b4d1d5d2a69be8afe3e6eaed8;94;0
148;0xdbb69440df8433824a026ef190652f29929eb64b4d1d5d2a69be8afe3e6eaed8;94;0
149;0xdbb69440df8433824a026ef190652f29929eb64b4d1d5d2a69be8afe3e6eaed8;95;0
150;0xdbb69440df8433824a026ef190652f29929eb64b4d1d5d2a69be8afe3e6eaed8;96;0
151;0xdbb69440df8433824a026ef190652f29929eb64b4d1d5d2a69be8afe3e6eaed8;98;0
152;0xdbb69440df8433824a026ef190652f29929eb64b4d1d5d2a69be8afe3e6eaed8;97;0
153;0xdbb69440df8433824a026ef190652f29929eb64b4d1d5d2a69be8afe3e6eaed8;96;0
154;0xdbb69440df8433824a026ef190652f29929eb64b4d1d5d2a69be8afe3e6eaed8;97;0
155;0xdbb69440df8433824a026ef190652f29929eb64b4d1d5d2a69be8afe3e6eaed8;97;0
156;0xdbb69440df8433824a026ef190652f29929eb64b4d1d5d2a69be8afe3e6eaed8;96;0
157;0xdbb69440df8433824a026ef190652f29929eb64b4d1d5d2a69be8afe3e6eaed8;95;0
158;0xdbb69440df8433824a026ef190652f29929eb64b4d1d5d2a69be8afe3e6eaed8;98;0
159;0xdbb69440df8433824a026ef190652f29929eb64b4d1d5d2a69be8afe3e6eaed8;94;0
160;0xdbb69440df8433824a026ef190652f29929eb64b4d1d5d2a69be8afe3e6eaed8;95;0
161;0xdbb69440df8433824a026ef190652f29929eb64b4d1d5d2a69be8afe3e6eaed8;97;0
162;0xdbb69440df8433824a026ef190652f29929eb64b4d1d5d2a69be8afe3e6eaed8;98;0
163;0xdbb69440df8433824a026ef190652f29929eb64b4d1d5d2a69be8afe3e6eaed8;98;0
164;0xdbb69440df8433824a026ef190652f29929eb64b4d1d5d2a69be8afe3e6eaed8;95;0
165;0xdbb69440df8433824a026ef190652f29929eb64b4d1d5d2a69be8afe3e6eaed8;94;0
166;0xdbb69440df8433824a026ef190652f29929eb64b4d1d5d2a69be8afe3e6eaed8;102;0
167;0xdbb69440df8433824a026ef190652f29929eb64b4d1d5d2a69be8afe3e6eaed8;95;0
168;0xdbb69440df8433824a026ef190652f29929eb64b4d1d5d2a69be8afe3e6eaed8;97;0
169;0xdbb69440df8433824a026ef190652f29929eb64b4d1d5d2a69be8afe3e6eaed8;94;0
170;0xdbb69440df8433824a026ef190652f29929eb64b4d1d5d2a69be8afe3e6eaed8;105;0
171;0xdbb69440df8433824a026ef190652f29929eb64b4d1d5d2a69be8afe3e6eaed8;95;0
172;0xdbb69440df8433824a026ef190652f29929eb64b4d1d5d2a69be8afe3e6eaed8;102;0
173;0xdbb69440df8433824a026ef190652f29929eb64b4d1d5d2a69be8afe3e6eaed8;95;0
174;0xdbb69440df8433824a026ef190652f29929eb64b4d1d5d2a69be8afe3e6eaed8;100;0
175;0xdbb69440df8433824a026ef190652f29929eb64b4d1d5d2a69be8afe3e6eaed8;97;0
176;0xdbb69440df8433824a026ef190652f29929eb64b4d1d5d2a69be8afe3e6eaed8;92;0
177;0xdbb69440df8433824a026ef190652f29929eb64b4d1d5d2a69be8afe3e6eaed8;97;0
178;0xdbb69440df8433824a026ef190652f29929eb64b4d1d5d2a69be8afe3e6eaed8;101;0
179;0xdbb69440df8433824a026ef190652f29929eb64b4d1d5d2a69be8afe3e6eaed8;101;0
180;0xdbb69440df8433824a026ef190652f29929eb64b4d1d5d2a69be8afe3e6eaed8;96;0
181;0xdbb69440df8433824a026ef190652f29929eb64b4d1d5d2a69be8afe3e6eaed8;100;0
182;0xdbb69440df8433824a026ef190652f29929eb64b4d1d5d2a69be8afe3e6eaed8;93;0
183;0xdbb69440df8433824a026ef190652f29929eb64b4d1d5d2a69be8afe3e6eaed8;93;0
184;0xdbb69440df8433824a026ef190652f29929eb64b4d1d5d2a69be8afe3e6eaed8;97;0
185;0xdbb69440df8433824a026ef190652f29929eb64b4d1d5d2a69be8afe3e6eaed8;93;0
186;0xdbb69440df8433824a026ef190652f29929eb64b4d1d5d2a69be8afe3e6eaed8;95;0
187;0xdbb69440df8433824a026ef190652f29929eb64b4d1d5d2a69be8afe3e6eaed8;104;0
188;0xdbb69440df8433824a026ef190652f29929eb64b4d1d5d2a69be8afe3e6eaed8;121;0
189;0xdbb69440df8433824a026ef190652f29929eb64b4d1d5d2a69be8afe3e6eaed8;94;0
190;0xdbb69440df8433824a026ef190652f29929eb64b4d1d5d2a69be8afe3e6eaed8;94;0
191;0xdbb69440df8433824a026ef190652f29929eb64b4d1d5d2a69be8afe3e6eaed8;94;0
192;0xdbb69440df8433824a026ef190652f29929eb64b4d1d5d2a69be8afe3e6eaed8;93;0
193;0xdbb69440df8433824a026ef190652f29929eb64b4d1d5d2a69be8afe3e6eaed8;93;0
194;0xdbb69440df8433824a026ef190652f29929eb64b4d1d5d2a69be8afe3e6eaed8;97;0
195;0xdbb69440df8433824a026ef190652f29929eb64b4d1d5d2a69be8afe3e6eaed8;94;0
196;0xdbb69440df8433824a026ef190652f29929eb64b4d1d5d2a69be8afe3e6eaed8;95;0
197;0xdbb69440df8433824a026ef190652f29929eb64b4d1d5d2a69be8afe3e6eaed8;93;0
198;0xdbb69440df8433824a026ef190652f29929eb64b4d1d5d2a69be8afe3e6eaed8;93;0
199;0xdbb69440df8433824a026ef190652f29929eb64b4d1d5d2a69be8afe3e6eaed8;98;0
200;0xdbb69440df8433824a026ef190652f29929eb64b4d1d5d2a69be8afe3e6eaed8;93;0
201;0xdbb69440df8433824a026ef190652f29929eb64b4d1d5d2a69be8afe3e6eaed8;97;0
202;0xdbb69440df8433824a026ef190652f29929eb64b4d1d5d2a69be8afe3e6eaed8;97;0
203;0xdbb69440df8433824a026ef190652f29929eb64b4d1d5d2a69be8afe3e6eaed8;93;0
204;0xdbb69440df8433824a026ef190652f29929eb64b4d1d5d2a69be8afe3e6eaed8;96;0
205;0xdbb69440df8433824a026ef190652f29929eb64b4d1d5d2a69be8afe3e6eaed8;93;0
206;0xdbb69440df8433824a026ef190652f29929eb64b4d1d5d2a69be8afe3e6eaed8;93;0
207;0xdbb69440df8433824a026ef190652f29929eb64b4d1d5d2a69be8afe3e6eaed8;94;0
208;0xdbb69440df8433824a026ef190652f29929eb64b4d1d5d2a69be8afe3e6eaed8;93;0
209;0xdbb69440df8433824a026ef190652f29929eb64b4d1d5d2a69be8afe3e6eaed8;101;0
210;0xdbb69440df8433824a026ef190652f29929eb64b4d1d5d2a69be8afe3e6eaed8;94;0
211;0xdbb69440df8433824a026ef190652f29929eb64b4d1d5d2a69be8afe3e6eaed8;94;0
212;0xdbb69440df8433824a026ef190652f29929eb64b4d1d5d2a69be8afe3e6eaed8;100;0
213;0xdbb69440df8433824a026ef190652f29929eb64b4d1d5d2a69be8afe3e6eaed8;110;0
214;0xdbb69440df8433824a026ef190652f29929eb64b4d1d5d2a69be8afe3e6eaed8;100;0
215;0xdbb69440df8433824a026ef190652f29929eb64b4d1d5d2a69be8afe3e6eaed8;110;0
216;0xdbb69440df8433824a026ef190652f29929eb64b4d1d5d2a69be8afe3e6eaed8;99;0
217;0xdbb69440df8433824a026ef190652f29929eb64b4d1d5d2a69be8afe3e6eaed8;92;0
218;0xdbb69440df8433824a026ef190652f29929eb64b4d1d5d2a69be8afe3e6eaed8;94;0
219;0xdbb69440df8433824a026ef190652f29929eb64b4d1d5d2a69be8afe3e6eaed8;96;0
220;0xdbb69440df8433824a026ef190652f29929eb64b4d1d5d2a69be8afe3e6eaed8;97;0
221;0xdbb69440df8433824a026ef190652f29929eb64b4d1d5d2a69be8afe3e6eaed8;95;0
222;0xdbb69440df8433824a026ef190652f29929eb64b4d1d5d2a69be8afe3e6eaed8;93;0
223;0xdbb69440df8433824a026ef190652f29929eb64b4d1d5d2a69be8afe3e6eaed8;93;0
224;0xdbb69440df8433824a026ef190652f29929eb64b4d1d5d2a69be8afe3e6eaed8;94;0
225;0xdbb69440df8433824a026ef190652f29929eb64b4d1d5d2a69be8afe3e6eaed8;102;0
226;0xdbb69440df8433824a026ef190652f29929eb64b4d1d5d2a69be8afe3e6eaed8;94;0
227;0xdbb69440df8433824a026ef190652f29929eb64b4d1d5d2a69be8afe3e6eaed8;92;0
228;0xdbb69440df8433824a026ef190652f29929eb64b4d1d5d2a69be8afe3e6eaed8;93;0
229;0xdbb69440df8433824a026ef190652f29929eb64b4d1d5d2a69be8afe3e6eaed8;96;0
230;0xdbb69440df8433824a026ef190652f29929eb64b4d1d5d2a69be8afe3e6eaed8;92;0
231;0xdbb69440df8433824a026ef190652f29929eb64b4d1d5d2a69be8afe3e6eaed8;100;0
232;0xdbb69440df8433824a026ef190652f29929eb64b4d1d5d2a69be8afe3e6eaed8;93;0
233;0xdbb69440df8433824a026ef190652f29929eb64b4d1d5d2a69be8afe3e6eaed8;94;0
234;0xdbb69440df8433824a026ef190652f29929eb64b4d1d5d2a69be8afe3e6eaed8;94;0
235;0xdbb69440df8433824a026ef190652f29929eb64b4d1d5d2a69be8afe3e6eaed8;97;0
236;0xdbb69440df8433824a026ef190652f29929eb64b4d1d5d2a69be8afe3e6eaed8;94;0
237;0xdbb69440df8433824a026ef190652f29929eb64b4d1d5d2a69be8afe3e6eaed8;94;0
238;0xdbb69440df8433824a026ef190652f29929eb64b4d1d5d2a69be8afe3e6eaed8;93;0
239;0xdbb69440df8433824a026ef190652f29929eb64b4d1d5d2a69be8afe3e6eaed8;94;0
240;0xdbb69440df8433824a026ef190652f29929eb64b4d1d5d2a69be8afe3e6eaed8;95;0
241;0xdbb69440df8433824a026ef190652f29929eb64b4d1d5d2a69be8afe3e6eaed8;94;0
242;0xdbb69440df8433824a026ef190652f29929eb64b4d1d5d2a69be8afe3e6eaed8;95;0
243;0xdbb69440df8433824a026ef190652f29929eb64b4d1d5d2a69be8afe3e6eaed8;95;0
244;0xdbb69440df8433824a026ef190652f29929eb64b4d1d5d2a69be8afe3e6eaed8;95;0
245;0xdbb69440df8433824a026ef190652f29929eb64b4d1d5d2a69be8afe3e6eaed8;93;0
246;0xdbb69440df8433824a026ef190652f29929eb64b4d1d5d2a69be8afe3e6eaed8;103;0
247;0xdbb69440df8433824a026ef190652f29929eb64b4d1d5d2a69be8afe3e6eaed8;94;0
248;0xdbb69440df8433824a026ef190652f29929eb64b4d1d5d2a69be8afe3e6eaed8;93;0
249;0xdbb69440df8433824a026ef190652f29929eb64b4d1d5d2a69be8afe3e6eaed8;111;0
250;0xdbb69440df8433824a026ef190652f29929eb64b4d1d5d2a69be8afe3e6eaed8;96;0
251;0xdbb69440df8433824a026ef190652f29929eb64b4d1d5d2a69be8afe3e6eaed8;117;0
252;0xdbb69440df8433824a026ef190652f29929eb64b4d1d5d2a69be8afe3e6eaed8;97;0
253;0xdbb69440df8433824a026ef190652f29929eb64b4d1d5d2a69be8afe3e6eaed8;152;0
254;0xdbb69440df8433824a026ef190652f29929eb64b4d1d5d2a69be8afe3e6eaed8;93;0
255;0xdbb69440df8433824a026ef190652f29929eb64b4d1d5d2a69be8afe3e6eaed8;96;0
256;0xdbb69440df8433824a026ef190652f29929eb64b4d1d5d2a69be8afe3e6eaed8;92;0
257;0xdbb69440df8433824a026ef190652f29929eb64b4d1d5d2a69be8afe3e6eaed8;93;0
258;0xdbb69440df8433824a026ef190652f29929eb64b4d1d5d2a69be8afe3e6eaed8;94;0
259;0xdbb69440df8433824a026ef190652f29929eb64b4d1d5d2a69be8afe3e6eaed8;96;0
260;0xdbb69440df8433824a026ef190652f29929eb64b4d1d5d2a69be8afe3e6eaed8;93;0
261;0xdbb69440df8433824a026ef190652f29929eb64b4d1d5d2a69be8afe3e6eaed8;96;0
262;0xdbb69440df8433824a026ef190652f29929eb64b4d1d5d2a69be8afe3e6eaed8;94;0
263;0xdbb69440df8433824a026ef190652f29929eb64b4d1d5d2a69be8afe3e6eaed8;95;0
264;0xdbb69440df8433824a026ef190652f29929eb64b4d1d5d2a69be8afe3e6eaed8;93;0
265;0xdbb69440df8433824a026ef190652f29929eb64b4d1d5d2a69be8afe3e6eaed8;95;0
266;0xdbb69440df8433824a026ef190652f29929eb64b4d1d5d2a69be8afe3e6eaed8;92;0
267;0xdbb69440df8433824a026ef190652f29929eb64b4d1d5d2a69be8afe3e6eaed8;92;0
268;0xdbb69440df8433824a026ef190652f29929eb64b4d1d5d2a69be8afe3e6eaed8;96;0
269;0xdbb69440df8433824a026ef190652f29929eb64b4d1d5d2a69be8afe3e6eaed8;93;0
270;0xdbb69440df8433824a026ef190652f29929eb64b4d1d5d2a69be8afe3e6eaed8;93;0
271;0xdbb69440df8433824a026ef190652f29929eb64b4d1d5d2a69be8afe3e6eaed8;93;0
272;0xdbb69440df8433824a026ef190652f29929eb64b4d1d5d2a69be8afe3e6eaed8;92;0
273;0xdbb69440df8433824a026ef190652f29929eb64b4d1d5d2a69be8afe3e6eaed8;93;0
274;0xdbb69440df8433824a026ef190652f29929eb64b4d1d5d2a69be8afe3e6eaed8;155;0
275;0xdbb69440df8433824a026ef190652f29929eb64b4d1d5d2a69be8afe3e6eaed8;112;0
276;0xdbb69440df8433824a026ef190652f29929eb64b4d1d5d2a69be8afe3e6eaed8;104;0
277;0xdbb69440df8433824a026ef190652f29929eb64b4d1d5d2a69be8afe3e6eaed8;97;0
278;0xdbb69440df8433824a026ef190652f29929eb64b4d1d5d2a69be8afe3e6eaed8;113;0
279;0xdbb69440df8433824a026ef190652f29929eb64b4d1d5d2a69be8afe3e6eaed8;111;0
280;0xdbb69440df8433824a026ef190652f29929eb64b4d1d5d2a69be8afe3e6eaed8;110;0
281;0xdbb69440df8433824a026ef190652f29929eb64b4d1d5d2a69be8afe3e6eaed8;110;0
282;0xdbb69440df8433824a026ef190652f29929eb64b4d1d5d2a69be8afe3e6eaed8;99;0
283;0xdbb69440df8433824a026ef190652f29929eb64b4d1d5d2a69be8afe3e6eaed8;100;0
284;0xdbb69440df8433824a026ef190652f29929eb64b4d1d5d2a69be8afe3e6eaed8;94;0
285;0xdbb69440df8433824a026ef190652f29929eb64b4d1d5d2a69be8afe3e6eaed8;94;0
286;0xdbb69440df8433824a026ef190652f29929eb64b4d1d5d2a69be8afe3e6eaed8;96;0
287;0xdbb69440df8433824a026ef190652f29929eb64b4d1d5d2a69be8afe3e6eaed8;94;0
288;0xdbb69440df8433824a026ef190652f29929eb64b4d1d5d2a69be8afe3e6eaed8;95;0
289;0xdbb69440df8433824a026ef190652f29929eb64b4d1d5d2a69be8afe3e6eaed8;94;0
290;0xdbb69440df8433824a026ef190652f29929eb64b4d1d5d2a69be8afe3e6eaed8;92;0
291;0xdbb69440df8433824a026ef190652f29929eb64b4d1d5d2a69be8afe3e6eaed8;96;0
292;0xdbb69440df8433824a026ef190652f29929eb64b4d1d5d2a69be8afe3e6eaed8;99;0
293;0xdbb69440df8433824a026ef190652f29929eb64b4d1d5d2a69be8afe3e6eaed8;99;0
294;0xdbb69440df8433824a026ef190652f29929eb64b4d1d5d2a69be8afe3e6eaed8;94;0
295;0xdbb69440df8433824a026ef190652f29929eb64b4d1d5d2a69be8afe3e6eaed8;97;0
296;0xdbb69440df8433824a026ef190652f29929eb64b4d1d5d2a69be8afe3e6eaed8;92;0
297;0xdbb69440df8433824a026ef190652f29929eb64b4d1d5d2a69be8afe3e6eaed8;95;0
298;0xdbb69440df8433824a026ef190652f29929eb64b4d1d5d2a69be8afe3e6eaed8;99;0
299;0xdbb69440df8433824a026ef190652f29929eb64b4d1d5d2a69be8afe3e6eaed8;94;0
300;0xdbb69440df8433824a026ef190652f29929eb64b4d1d5d2a69be8afe3e6eaed8;93;0
301;0xdbb69440df8433824a026ef190652f29929eb64b4d1d5d2a69be8afe3e6eaed8;108;0
302;0xdbb69440df8433824a026ef190652f29929eb64b4d1d5d2a69be8afe3e6eaed8;92;0
303;0xdbb69440df8433824a026ef190652f29929eb64b4d1d5d2a69be8afe3e6eaed8;94;0
304;0xdbb69440df8433824a026ef190652f29929eb64b4d1d5d2a69be8afe3e6eaed8;93;0
305;0xdbb69440df8433824a026ef190652f29929eb64b4d1d5d2a69be8afe3e6eaed8;101;0
306;0xdbb69440df8433824a026ef190652f29929eb64b4d1d5d2a69be8afe3e6eaed8;97;0
307;0xdbb69440df8433824a026ef190652f29929eb64b4d1d5d2a69be8afe3e6eaed8;99;0
308;0xdbb69440df8433824a026ef190652f29929eb64b4d1d5d2a69be8afe3e6eaed8;96;0
309;0xdbb69440df8433824a026ef190652f29929eb64b4d1d5d2a69be8afe3e6eaed8;94;0
310;0xdbb69440df8433824a026ef190652f29929eb64b4d1d5d2a69be8afe3e6eaed8;93;0
311;0xdbb69440df8433824a026ef190652f29929eb64b4d1d5d2a69be8afe3e6eaed8;99;0
312;0xdbb69440df8433824a026ef190652f29929eb64b4d1d5d2a69be8afe3e6eaed8;99;0
313;0xdbb69440df8433824a026ef190652f29929eb64b4d1d5d2a69be8afe3e6eaed8;97;0
314;0xdbb69440df8433824a026ef190652f29929eb64b4d1d5d2a69be8afe3e6eaed8;92;0
315;0xdbb69440df8433824a026ef190652f29929eb64b4d1d5d2a69be8afe3e6eaed8;108;0
316;0xdbb69440df8433824a026ef190652f29929eb64b4d1d5d2a69be8afe3e6eaed8;97;0
317;0xdbb69440df8433824a026ef190652f29929eb64b4d1d5d2a69be8afe3e6eaed8;96;0
318;0xdbb69440df8433824a026ef190652f29929eb64b4d1d5d2a69be8afe3e6eaed8;115;0
319;0xdbb69440df8433824a026ef190652f29929eb64b4d1d5d2a69be8afe3e6eaed8;102;0
320;0xdbb69440df8433824a026ef190652f29929eb64b4d1d5d2a69be8afe3e6eaed8;94;0
321;0xdbb69440df8433824a026ef190652f29929eb64b4d1d5d2a69be8afe3e6eaed8;94;0
322;0xdbb69440df8433824a026ef190652f29929eb64b4d1d5d2a69be8afe3e6eaed8;94;0
323;0xdbb69440df8433824a026ef190652f29929eb64b4d1d5d2a69be8afe3e6eaed8;93;0
324;0xdbb69440df8433824a026ef190652f29929eb64b4d1d5d2a69be8afe3e6eaed8;93;0
325;0xdbb69440df8433824a026ef190652f29929eb64b4d1d5d2a69be8afe3e6eaed8;95;0
326;0xdbb69440df8433824a026ef190652f29929eb64b4d1d5d2a69be8afe3e6eaed8;126;0
327;0xdbb69440df8433824a026ef190652f29929eb64b4d1d5d2a69be8afe3e6eaed8;98;0
328;0xdbb69440df8433824a026ef190652f29929eb64b4d1d5d2a69be8afe3e6eaed8;97;0
329;0xdbb69440df8433824a026ef190652f29929eb64b4d1d5d2a69be8afe3e6eaed8;97;0
330;0xdbb69440df8433824a026ef190652f29929eb64b4d1d5d2a69be8afe3e6eaed8;97;0
331;0xdbb69440df8433824a026ef190652f29929eb64b4d1d5d2a69be8afe3e6eaed8;102;0
332;0xdbb69440df8433824a026ef190652f29929eb64b4d1d5d2a69be8afe3e6eaed8;96;0
333;0xdbb69440df8433824a026ef190652f29929eb64b4d1d5d2a69be8afe3e6eaed8;100;0
334;0xdbb69440df8433824a026ef190652f29929eb64b4d1d5d2a69be8afe3e6eaed8;99;0
335;0xdbb69440df8433824a026ef190652f29929eb64b4d1d5d2a69be8afe3e6eaed8;105;0
336;0xdbb69440df8433824a026ef190652f29929eb64b4d1d5d2a69be8afe3e6eaed8;102;0
337;0xdbb69440df8433824a026ef190652f29929eb64b4d1d5d2a69be8afe3e6eaed8;100;0
338;0xdbb69440df8433824a026ef190652f29929eb64b4d1d5d2a69be8afe3e6eaed8;100;0
339;0xdbb69440df8433824a026ef190652f29929eb64b4d1d5d2a69be8afe3e6eaed8;97;0
340;0xdbb69440df8433824a026ef190652f29929eb64b4d1d5d2a69be8afe3e6eaed8;100;0
341;0xdbb69440df8433824a026ef190652f29929eb64b4d1d5d2a69be8afe3e6eaed8;99;0
342;0xdbb69440df8433824a026ef190652f29929eb64b4d1d5d2a69be8afe3e6eaed8;99;0
343;0xdbb69440df8433824a026ef190652f29929eb64b4d1d5d2a69be8afe3e6eaed8;113;0
344;0xdbb69440df8433824a026ef190652f29929eb64b4d1d5d2a69be8afe3e6eaed8;99;0
345;0xdbb69440df8433824a026ef190652f29929eb64b4d1d5d2a69be8afe3e6eaed8;112;0
346;0xdbb69440df8433824a026ef190652f29929eb64b4d1d5d2a69be8afe3e6eaed8;105;0
347;0xdbb69440df8433824a026ef190652f29929eb64b4d1d5d2a69be8afe3e6eaed8;119;0
348;0xdbb69440df8433824a026ef190652f29929eb64b4d1d5d2a69be8afe3e6eaed8;105;0
349;0xdbb69440df8433824a026ef190652f29929eb64b4d1d5d2a69be8afe3e6eaed8;100;0
350;0xdbb69440df8433824a026ef190652f29929eb64b4d1d5d2a69be8afe3e6eaed8;100;0
351;0xdbb69440df8433824a026ef190652f29929eb64b4d1d5d2a69be8afe3e6eaed8;131;0
352;0xdbb69440df8433824a026ef190652f29929eb64b4d1d5d2a69be8afe3e6eaed8;97;0
353;0xdbb69440df8433824a026ef190652f29929eb64b4d1d5d2a69be8afe3e6eaed8;95;0
354;0xdbb69440df8433824a026ef190652f29929eb64b4d1d5d2a69be8afe3e6eaed8;94;0
355;0xdbb69440df8433824a026ef190652f29929eb64b4d1d5d2a69be8afe3e6eaed8;95;0
356;0xdbb69440df8433824a026ef190652f29929eb64b4d1d5d2a69be8afe3e6eaed8;93;0
357;0xdbb69440df8433824a026ef190652f29929eb64b4d1d5d2a69be8afe3e6eaed8;96;0
358;0xdbb69440df8433824a026ef190652f29929eb64b4d1d5d2a69be8afe3e6eaed8;97;0
359;0xdbb69440df8433824a026ef190652f29929eb64b4d1d5d2a69be8afe3e6eaed8;94;0
360;0xdbb69440df8433824a026ef190652f29929eb64b4d1d5d2a69be8afe3e6eaed8;93;0
361;0xdbb69440df8433824a026ef190652f29929eb64b4d1d5d2a69be8afe3e6eaed8;107;0
362;0xdbb69440df8433824a026ef190652f29929eb64b4d1d5d2a69be8afe3e6eaed8;104;0
363;0xdbb69440df8433824a026ef190652f29929eb64b4d1d5d2a69be8afe3e6eaed8;100;0
364;0xdbb69440df8433824a026ef190652f29929eb64b4d1d5d2a69be8afe3e6eaed8;98;0
365;0xdbb69440df8433824a026ef190652f29929eb64b4d1d5d2a69be8afe3e6eaed8;96;0
366;0xdbb69440df8433824a026ef190652f29929eb64b4d1d5d2a69be8afe3e6eaed8;93;0
367;0xdbb69440df8433824a026ef190652f29929eb64b4d1d5d2a69be8afe3e6eaed8;96;0
368;0xdbb69440df8433824a026ef190652f29929eb64b4d1d5d2a69be8afe3e6eaed8;95;0
369;0xdbb69440df8433824a026ef190652f29929eb64b4d1d5d2a69be8afe3e6eaed8;102;0
370;0xdbb69440df8433824a026ef190652f29929eb64b4d1d5d2a69be8afe3e6eaed8;101;0
371;0xdbb69440df8433824a026ef190652f29929eb64b4d1d5d2a69be8afe3e6eaed8;96;0
372;0xdbb69440df8433824a026ef190652f29929eb64b4d1d5d2a69be8afe3e6eaed8;94;0
373;0xdbb69440df8433824a026ef190652f29929eb64b4d1d5d2a69be8afe3e6eaed8;92;0
374;0xdbb69440df8433824a026ef190652f29929eb64b4d1d5d2a69be8afe3e6eaed8;97;0
375;0xdbb69440df8433824a026ef190652f29929eb64b4d1d5d2a69be8afe3e6eaed8;95;0
376;0xdbb69440df8433824a026ef190652f29929eb64b4d1d5d2a69be8afe3e6eaed8;95;0
377;0xdbb69440df8433824a026ef190652f29929eb64b4d1d5d2a69be8afe3e6eaed8;104;0
378;0xdbb69440df8433824a026ef190652f29929eb64b4d1d5d2a69be8afe3e6eaed8;99;0
379;0xdbb69440df8433824a026ef190652f29929eb64b4d1d5d2a69be8afe3e6eaed8;102;0
380;0xdbb69440df8433824a026ef190652f29929eb64b4d1d5d2a69be8afe3e6eaed8;104;0
381;0xdbb69440df8433824a026ef190652f29929eb64b4d1d5d2a69be8afe3e6eaed8;95;0
382;0xdbb69440df8433824a026ef190652f29929eb64b4d1d5d2a69be8afe3e6eaed8;93;0
383;0xdbb69440df8433824a026ef190652f29929eb64b4d1d5d2a69be8afe3e6eaed8;94;0
384;0xdbb69440df8433824a026ef190652f29929eb64b4d1d5d2a69be8afe3e6eaed8;113;0
385;0xdbb69440df8433824a026ef190652f29929eb64b4d1d5d2a69be8afe3e6eaed8;100;0
386;0xdbb69440df8433824a026ef190652f29929eb64b4d1d5d2a69be8afe3e6eaed8;93;0
387;0xdbb69440df8433824a026ef190652f29929eb64b4d1d5d2a69be8afe3e6eaed8;93;0
388;0xdbb69440df8433824a026ef190652f29929eb64b4d1d5d2a69be8afe3e6eaed8;92;0
389;0xdbb69440df8433824a026ef190652f29929eb64b4d1d5d2a69be8afe3e6eaed8;93;0
390;0xdbb69440df8433824a026ef190652f29929eb64b4d1d5d2a69be8afe3e6eaed8;92;0
391;0xdbb69440df8433824a026ef190652f29929eb64b4d1d5d2a69be8afe3e6eaed8;94;0
392;0xdbb69440df8433824a026ef190652f29929eb64b4d1d5d2a69be8afe3e6eaed8;93;0
393;0xdbb69440df8433824a026ef190652f29929eb64b4d1d5d2a69be8afe3e6eaed8;100;0
394;0xdbb69440df8433824a026ef190652f29929eb64b4d1d5d2a69be8afe3e6eaed8;95;0
395;0xdbb69440df8433824a026ef190652f29929eb64b4d1d5d2a69be8afe3e6eaed8;98;0
396;0xdbb69440df8433824a026ef190652f29929eb64b4d1d5d2a69be8afe3e6eaed8;93;0
397;0xdbb69440df8433824a026ef190652f29929eb64b4d1d5d2a69be8afe3e6eaed8;98;0
398;0xdbb69440df8433824a026ef190652f29929eb64b4d1d5d2a69be8afe3e6eaed8;92;0
399;0xdbb69440df8433824a026ef190652f29929eb64b4d1d5d2a69be8afe3e6eaed8;93;0
400;0xdbb69440df8433824a026ef190652f29929eb64b4d1d5d2a69be8afe3e6eaed8;94;0
401;0xdbb69440df8433824a026ef190652f29929eb64b4d1d5d2a69be8afe3e6eaed8;94;0
402;0xdbb69440df8433824a026ef190652f29929eb64b4d1d5d2a69be8afe3e6eaed8;95;0
403;0xdbb69440df8433824a026ef190652f29929eb64b4d1d5d2a69be8afe3e6eaed8;101;0
404;0xdbb69440df8433824a026ef190652f29929eb64b4d1d5d2a69be8afe3e6eaed8;93;0
405;0xdbb69440df8433824a026ef190652f29929eb64b4d1d5d2a69be8afe3e6eaed8;98;0
406;0xdbb69440df8433824a026ef190652f29929eb64b4d1d5d2a69be8afe3e6eaed8;96;0
407;0xdbb69440df8433824a026ef190652f29929eb64b4d1d5d2a69be8afe3e6eaed8;95;0
408;0xdbb69440df8433824a026ef190652f29929eb64b4d1d5d2a69be8afe3e6eaed8;94;0
409;0xdbb69440df8433824a026ef190652f29929eb64b4d1d5d2a69be8afe3e6eaed8;94;0
410;0xdbb69440df8433824a026ef190652f29929eb64b4d1d5d2a69be8afe3e6eaed8;94;0
411;0xdbb69440df8433824a026ef190652f29929eb64b4d1d5d2a69be8afe3e6eaed8;104;0
412;0xdbb69440df8433824a026ef190652f29929eb64b4d1d5d2a69be8afe3e6eaed8;103;0
413;0xdbb69440df8433824a026ef190652f29929eb64b4d1d5d2a69be8afe3e6eaed8;101;0
414;0xdbb69440df8433824a026ef190652f29929eb64b4d1d5d2a69be8afe3e6eaed8;94;0
415;0xdbb69440df8433824a026ef190652f29929eb64b4d1d5d2a69be8afe3e6eaed8;93;0
416;0xdbb69440df8433824a026ef190652f29929eb64b4d1d5d2a69be8afe3e6eaed8;93;0
417;0xdbb69440df8433824a026ef190652f29929eb64b4d1d5d2a69be8afe3e6eaed8;93;0
418;0xdbb69440df8433824a026ef190652f29929eb64b4d1d5d2a69be8afe3e6eaed8;100;0
419;0xdbb69440df8433824a026ef190652f29929eb64b4d1d5d2a69be8afe3e6eaed8;98;0
420;0xdbb69440df8433824a026ef190652f29929eb64b4d1d5d2a69be8afe3e6eaed8;100;0
421;0xdbb69440df8433824a026ef190652f29929eb64b4d1d5d2a69be8afe3e6eaed8;98;0
422;0xdbb69440df8433824a026ef190652f29929eb64b4d1d5d2a69be8afe3e6eaed8;96;0
423;0xdbb69440df8433824a026ef190652f29929eb64b4d1d5d2a69be8afe3e6eaed8;101;0
424;0xdbb69440df8433824a026ef190652f29929eb64b4d1d5d2a69be8afe3e6eaed8;101;0
425;0xdbb69440df8433824a026ef190652f29929eb64b4d1d5d2a69be8afe3e6eaed8;110;0
426;0xdbb69440df8433824a026ef190652f29929eb64b4d1d5d2a69be8afe3e6eaed8;96;0
427;0xdbb69440df8433824a026ef190652f29929eb64b4d1d5d2a69be8afe3e6eaed8;102;0
428;0xdbb69440df8433824a026ef190652f29929eb64b4d1d5d2a69be8afe3e6eaed8;103;0
429;0xdbb69440df8433824a026ef190652f29929eb64b4d1d5d2a69be8afe3e6eaed8;96;0
430;0xdbb69440df8433824a026ef190652f29929eb64b4d1d5d2a69be8afe3e6eaed8;96;0
431;0xdbb69440df8433824a026ef190652f29929eb64b4d1d5d2a69be8afe3e6eaed8;101;0
432;0xdbb69440df8433824a026ef190652f29929eb64b4d1d5d2a69be8afe3e6eaed8;99;0
433;0xdbb69440df8433824a026ef190652f29929eb64b4d1d5d2a69be8afe3e6eaed8;97;0
434;0xdbb69440df8433824a026ef190652f29929eb64b4d1d5d2a69be8afe3e6eaed8;95;0
435;0xdbb69440df8433824a026ef190652f29929eb64b4d1d5d2a69be8afe3e6eaed8;106;0
436;0xdbb69440df8433824a026ef190652f29929eb64b4d1d5d2a69be8afe3e6eaed8;107;0
437;0xdbb69440df8433824a026ef190652f29929eb64b4d1d5d2a69be8afe3e6eaed8;94;0
438;0xdbb69440df8433824a026ef190652f29929eb64b4d1d5d2a69be8afe3e6eaed8;98;0
439;0xdbb69440df8433824a026ef190652f29929eb64b4d1d5d2a69be8afe3e6eaed8;96;0
440;0xdbb69440df8433824a026ef190652f29929eb64b4d1d5d2a69be8afe3e6eaed8;99;0
441;0xdbb69440df8433824a026ef190652f29929eb64b4d1d5d2a69be8afe3e6eaed8;100;0
442;0xdbb69440df8433824a026ef190652f29929eb64b4d1d5d2a69be8afe3e6eaed8;96;0
443;0xdbb69440df8433824a026ef190652f29929eb64b4d1d5d2a69be8afe3e6eaed8;97;0
444;0xdbb69440df8433824a026ef190652f29929eb64b4d1d5d2a69be8afe3e6eaed8;108;0
445;0xdbb69440df8433824a026ef190652f29929eb64b4d1d5d2a69be8afe3e6eaed8;106;0
446;0xdbb69440df8433824a026ef190652f29929eb64b4d1d5d2a69be8afe3e6eaed8;97;0
447;0xdbb69440df8433824a026ef190652f29929eb64b4d1d5d2a69be8afe3e6eaed8;98;0
448;0xdbb69440df8433824a026ef190652f29929eb64b4d1d5d2a69be8afe3e6eaed8;100;0
449;0xdbb69440df8433824a026ef190652f29929eb64b4d1d5d2a69be8afe3e6eaed8;95;0
450;0xdbb69440df8433824a026ef190652f29929eb64b4d1d5d2a69be8afe3e6eaed8;95;0
451;0xdbb69440df8433824a026ef190652f29929eb64b4d1d5d2a69be8afe3e6eaed8;98;0
452;0xdbb69440df8433824a026ef190652f29929eb64b4d1d5d2a69be8afe3e6eaed8;102;0
453;0xdbb69440df8433824a026ef190652f29929eb64b4d1d5d2a69be8afe3e6eaed8;106;0
454;0xdbb69440df8433824a026ef190652f29929eb64b4d1d5d2a69be8afe3e6eaed8;108;0
455;0xdbb69440df8433824a026ef190652f29929eb64b4d1d5d2a69be8afe3e6eaed8;104;0
456;0xdbb69440df8433824a026ef190652f29929eb64b4d1d5d2a69be8afe3e6eaed8;122;0
457;0xdbb69440df8433824a026ef190652f29929eb64b4d1d5d2a69be8afe3e6eaed8;95;0
458;0xdbb69440df8433824a026ef190652f29929eb64b4d1d5d2a69be8afe3e6eaed8;97;0
459;0xdbb69440df8433824a026ef190652f29929eb64b4d1d5d2a69be8afe3e6eaed8;99;0
460;0xdbb69440df8433824a026ef190652f29929eb64b4d1d5d2a69be8afe3e6eaed8;98;0
461;0xdbb69440df8433824a026ef190652f29929eb64b4d1d5d2a69be8afe3e6eaed8;98;0
462;0xdbb69440df8433824a026ef190652f29929eb64b4d1d5d2a69be8afe3e6eaed8;100;0
463;0xdbb69440df8433824a026ef190652f29929eb64b4d1d5d2a69be8afe3e6eaed8;95;0
464;0xdbb69440df8433824a026ef190652f29929eb64b4d1d5d2a69be8afe3e6eaed8;111;0
465;0xdbb69440df8433824a026ef190652f29929eb64b4d1d5d2a69be8afe3e6eaed8;94;0
466;0xdbb69440df8433824a026ef190652f29929eb64b4d1d5d2a69be8afe3e6eaed8;96;0
467;0xdbb69440df8433824a026ef190652f29929eb64b4d1d5d2a69be8afe3e6eaed8;93;0
468;0xdbb69440df8433824a026ef190652f29929eb64b4d1d5d2a69be8afe3e6eaed8;95;0
469;0xdbb69440df8433824a026ef190652f29929eb64b4d1d5d2a69be8afe3e6eaed8;95;0
470;0xdbb69440df8433824a026ef190652f29929eb64b4d1d5d2a69be8afe3e6eaed8;93;0
471;0xdbb69440df8433824a026ef190652f29929eb64b4d1d5d2a69be8afe3e6eaed8;94;0
472;0xdbb69440df8433824a026ef190652f29929eb64b4d1d5d2a69be8afe3e6eaed8;93;0
473;0xdbb69440df8433824a026ef190652f29929eb64b4d1d5d2a69be8afe3e6eaed8;105;0
474;0xdbb69440df8433824a026ef190652f29929eb64b4d1d5d2a69be8afe3e6eaed8;96;0
475;0xdbb69440df8433824a026ef190652f29929eb64b4d1d5d2a69be8afe3e6eaed8;94;0
476;0xdbb69440df8433824a026ef190652f29929eb64b4d1d5d2a69be8afe3e6eaed8;91;0
477;0xdbb69440df8433824a026ef190652f29929eb64b4d1d5d2a69be8afe3e6eaed8;95;0
478;0xdbb69440df8433824a026ef190652f29929eb64b4d1d5d2a69be8afe3e6eaed8;92;0
479;0xdbb69440df8433824a026ef190652f29929eb64b4d1d5d2a69be8afe3e6eaed8;98;0
480;0xdbb69440df8433824a026ef190652f29929eb64b4d1d5d2a69be8afe3e6eaed8;102;0
481;0xdbb69440df8433824a026ef190652f29929eb64b4d1d5d2a69be8afe3e6eaed8;99;0
482;0xdbb69440df8433824a026ef190652f29929eb64b4d1d5d2a69be8afe3e6eaed8;92;0
483;0xdbb69440df8433824a026ef190652f29929eb64b4d1d5d2a69be8afe3e6eaed8;101;0
484;0xdbb69440df8433824a026ef190652f29929eb64b4d1d5d2a69be8afe3e6eaed8;93;0
485;0xdbb69440df8433824a026ef190652f29929eb64b4d1d5d2a69be8afe3e6eaed8;97;0
486;0xdbb69440df8433824a026ef190652f29929eb64b4d1d5d2a69be8afe3e6eaed8;92;0
487;0xdbb69440df8433824a026ef190652f29929eb64b4d1d5d2a69be8afe3e6eaed8;93;0
488;0xdbb69440df8433824a026ef190652f29929eb64b4d1d5d2a69be8afe3e6eaed8;95;0
489;0xdbb69440df8433824a026ef190652f29929eb64b4d1d5d2a69be8afe3e6eaed8;93;0
490;0xdbb69440df8433824a026ef190652f29929eb64b4d1d5d2a69be8afe3e6eaed8;96;0
491;0xdbb69440df8433824a026ef190652f29929eb64b4d1d5d2a69be8afe3e6eaed8;94;0
492;0xdbb69440df8433824a026ef190652f29929eb64b4d1d5d2a69be8afe3e6eaed8;94;0
493;0xdbb69440df8433824a026ef190652f29929eb64b4d1d5d2a69be8afe3e6eaed8;102;0
494;0xdbb69440df8433824a026ef190652f29929eb64b4d1d5d2a69be8afe3e6eaed8;92;0
495;0xdbb69440df8433824a026ef190652f29929eb64b4d1d5d2a69be8afe3e6eaed8;92;0
496;0xdbb69440df8433824a026ef190652f29929eb64b4d1d5d2a69be8afe3e6eaed8;93;0
497;0xdbb69440df8433824a026ef190652f29929eb64b4d1d5d2a69be8afe3e6eaed8;95;0
498;0xdbb69440df8433824a026ef190652f29929eb64b4d1d5d2a69be8afe3e6eaed8;94;0
499;0xdbb69440df8433824a026ef190652f29929eb64b4d1d5d2a69be8afe3e6eaed8;94;0
500;0xdbb69440df8433824a026ef190652f29929eb64b4d1d5d2a69be8afe3e6eaed8;93;0
501;0xdbb69440df8433824a026ef190652f29929eb64b4d1d5d2a69be8afe3e6eaed8;95;0
502;0xdbb69440df8433824a026ef190652f29929eb64b4d1d5d2a69be8afe3e6eaed8;95;0
503;0xdbb69440df8433824a026ef190652f29929eb64b4d1d5d2a69be8afe3e6eaed8;93;0
504;0xdbb69440df8433824a026ef190652f29929eb64b4d1d5d2a69be8afe3e6eaed8;95;0
505;0xdbb69440df8433824a026ef190652f29929eb64b4d1d5d2a69be8afe3e6eaed8;94;0
506;0xdbb69440df8433824a026ef190652f29929eb64b4d1d5d2a69be8afe3e6eaed8;93;0
507;0xdbb69440df8433824a026ef190652f29929eb64b4d1d5d2a69be8afe3e6eaed8;98;0
508;0xdbb69440df8433824a026ef190652f29929eb64b4d1d5d2a69be8afe3e6eaed8;96;0
509;0xdbb69440df8433824a026ef190652f29929eb64b4d1d5d2a69be8afe3e6eaed8;97;0
510;0xdbb69440df8433824a026ef190652f29929eb64b4d1d5d2a69be8afe3e6eaed8;95;0
511;0xdbb69440df8433824a026ef190652f29929eb64b4d1d5d2a69be8afe3e6eaed8;92;0
512;0xdbb69440df8433824a026ef190652f29929eb64b4d1d5d2a69be8afe3e6eaed8;95;0
513;0xdbb69440df8433824a026ef190652f29929eb64b4d1d5d2a69be8afe3e6eaed8;94;0
514;0xdbb69440df8433824a026ef190652f29929eb64b4d1d5d2a69be8afe3e6eaed8;150;0
515;0xdbb69440df8433824a026ef190652f29929eb64b4d1d5d2a69be8afe3e6eaed8;122;0
516;0xdbb69440df8433824a026ef190652f29929eb64b4d1d5d2a69be8afe3e6eaed8;112;0
517;0xdbb69440df8433824a026ef190652f29929eb64b4d1d5d2a69be8afe3e6eaed8;103;0
518;0xdbb69440df8433824a026ef190652f29929eb64b4d1d5d2a69be8afe3e6eaed8;94;0
519;0xdbb69440df8433824a026ef190652f29929eb64b4d1d5d2a69be8afe3e6eaed8;95;0
520;0xdbb69440df8433824a026ef190652f29929eb64b4d1d5d2a69be8afe3e6eaed8;102;0
521;0xdbb69440df8433824a026ef190652f29929eb64b4d1d5d2a69be8afe3e6eaed8;92;0
522;0xdbb69440df8433824a026ef190652f29929eb64b4d1d5d2a69be8afe3e6eaed8;94;0
523;0xdbb69440df8433824a026ef190652f29929eb64b4d1d5d2a69be8afe3e6eaed8;94;0
524;0xdbb69440df8433824a026ef190652f29929eb64b4d1d5d2a69be8afe3e6eaed8;107;0
525;0xdbb69440df8433824a026ef190652f29929eb64b4d1d5d2a69be8afe3e6eaed8;94;0
526;0xdbb69440df8433824a026ef190652f29929eb64b4d1d5d2a69be8afe3e6eaed8;95;0
527;0xdbb69440df8433824a026ef190652f29929eb64b4d1d5d2a69be8afe3e6eaed8;96;0
528;0xdbb69440df8433824a026ef190652f29929eb64b4d1d5d2a69be8afe3e6eaed8;93;0
529;0xdbb69440df8433824a026ef190652f29929eb64b4d1d5d2a69be8afe3e6eaed8;95;0
530;0xdbb69440df8433824a026ef190652f29929eb64b4d1d5d2a69be8afe3e6eaed8;96;0
531;0xdbb69440df8433824a026ef190652f29929eb64b4d1d5d2a69be8afe3e6eaed8;94;0
532;0xdbb69440df8433824a026ef190652f29929eb64b4d1d5d2a69be8afe3e6eaed8;97;0
533;0xdbb69440df8433824a026ef190652f29929eb64b4d1d5d2a69be8afe3e6eaed8;94;0
534;0xdbb69440df8433824a026ef190652f29929eb64b4d1d5d2a69be8afe3e6eaed8;97;0
535;0xdbb69440df8433824a026ef190652f29929eb64b4d1d5d2a69be8afe3e6eaed8;95;0
536;0xdbb69440df8433824a026ef190652f29929eb64b4d1d5d2a69be8afe3e6eaed8;93;0
537;0xdbb69440df8433824a026ef190652f29929eb64b4d1d5d2a69be8afe3e6eaed8;95;0
538;0xdbb69440df8433824a026ef190652f29929eb64b4d1d5d2a69be8afe3e6eaed8;93;0
539;0xdbb69440df8433824a026ef190652f29929eb64b4d1d5d2a69be8afe3e6eaed8;93;0
540;0xdbb69440df8433824a026ef190652f29929eb64b4d1d5d2a69be8afe3e6eaed8;93;0
541;0xdbb69440df8433824a026ef190652f29929eb64b4d1d5d2a69be8afe3e6eaed8;101;0
542;0xdbb69440df8433824a026ef190652f29929eb64b4d1d5d2a69be8afe3e6eaed8;96;0
543;0xdbb69440df8433824a026ef190652f29929eb64b4d1d5d2a69be8afe3e6eaed8;96;0
544;0xdbb69440df8433824a026ef190652f29929eb64b4d1d5d2a69be8afe3e6eaed8;95;0
545;0xdbb69440df8433824a026ef190652f29929eb64b4d1d5d2a69be8afe3e6eaed8;94;0
546;0xdbb69440df8433824a026ef190652f29929eb64b4d1d5d2a69be8afe3e6eaed8;93;0
547;0xdbb69440df8433824a026ef190652f29929eb64b4d1d5d2a69be8afe3e6eaed8;94;0
548;0xdbb69440df8433824a026ef190652f29929eb64b4d1d5d2a69be8afe3e6eaed8;93;0
549;0xdbb69440df8433824a026ef190652f29929eb64b4d1d5d2a69be8afe3e6eaed8;105;0
550;0xdbb69440df8433824a026ef190652f29929eb64b4d1d5d2a69be8afe3e6eaed8;98;0
551;0xdbb69440df8433824a026ef190652f29929eb64b4d1d5d2a69be8afe3e6eaed8;128;0
552;0xdbb69440df8433824a026ef190652f29929eb64b4d1d5d2a69be8afe3e6eaed8;96;0
553;0xdbb69440df8433824a026ef190652f29929eb64b4d1d5d2a69be8afe3e6eaed8;95;0
554;0xdbb69440df8433824a026ef190652f29929eb64b4d1d5d2a69be8afe3e6eaed8;100;0
555;0xdbb69440df8433824a026ef190652f29929eb64b4d1d5d2a69be8afe3e6eaed8;96;0
556;0xdbb69440df8433824a026ef190652f29929eb64b4d1d5d2a69be8afe3e6eaed8;102;0
557;0xdbb69440df8433824a026ef190652f29929eb64b4d1d5d2a69be8afe3e6eaed8;102;0
558;0xdbb69440df8433824a026ef190652f29929eb64b4d1d5d2a69be8afe3e6eaed8;94;0
559;0xdbb69440df8433824a026ef190652f29929eb64b4d1d5d2a69be8afe3e6eaed8;94;0
560;0xdbb69440df8433824a026ef190652f29929eb64b4d1d5d2a69be8afe3e6eaed8;93;0
561;0xdbb69440df8433824a026ef190652f29929eb64b4d1d5d2a69be8afe3e6eaed8;100;0
562;0xdbb69440df8433824a026ef190652f29929eb64b4d1d5d2a69be8afe3e6eaed8;94;0
563;0xdbb69440df8433824a026ef190652f29929eb64b4d1d5d2a69be8afe3e6eaed8;95;0
564;0xdbb69440df8433824a026ef190652f29929eb64b4d1d5d2a69be8afe3e6eaed8;93;0
565;0xdbb69440df8433824a026ef190652f29929eb64b4d1d5d2a69be8afe3e6eaed8;96;0
566;0xdbb69440df8433824a026ef190652f29929eb64b4d1d5d2a69be8afe3e6eaed8;92;0
567;0xdbb69440df8433824a026ef190652f29929eb64b4d1d5d2a69be8afe3e6eaed8;99;0
568;0xdbb69440df8433824a026ef190652f29929eb64b4d1d5d2a69be8afe3e6eaed8;92;0
569;0xdbb69440df8433824a026ef190652f29929eb64b4d1d5d2a69be8afe3e6eaed8;92;0
570;0xdbb69440df8433824a026ef190652f29929eb64b4d1d5d2a69be8afe3e6eaed8;94;0
571;0xdbb69440df8433824a026ef190652f29929eb64b4d1d5d2a69be8afe3e6eaed8;94;0
572;0xdbb69440df8433824a026ef190652f29929eb64b4d1d5d2a69be8afe3e6eaed8;94;0
573;0xdbb69440df8433824a026ef190652f29929eb64b4d1d5d2a69be8afe3e6eaed8;95;0
574;0xdbb69440df8433824a026ef190652f29929eb64b4d1d5d2a69be8afe3e6eaed8;96;0
575;0xdbb69440df8433824a026ef190652f29929eb64b4d1d5d2a69be8afe3e6eaed8;95;0
576;0xdbb69440df8433824a026ef190652f29929eb64b4d1d5d2a69be8afe3e6eaed8;94;0
577;0xdbb69440df8433824a026ef190652f29929eb64b4d1d5d2a69be8afe3e6eaed8;93;0
578;0xdbb69440df8433824a026ef190652f29929eb64b4d1d5d2a69be8afe3e6eaed8;93;0
579;0xdbb69440df8433824a026ef190652f29929eb64b4d1d5d2a69be8afe3e6eaed8;99;0
580;0xdbb69440df8433824a026ef190652f29929eb64b4d1d5d2a69be8afe3e6eaed8;98;0
581;0xdbb69440df8433824a026ef190652f29929eb64b4d1d5d2a69be8afe3e6eaed8;99;0
582;0xdbb69440df8433824a026ef190652f29929eb64b4d1d5d2a69be8afe3e6eaed8;124;0
583;0xdbb69440df8433824a026ef190652f29929eb64b4d1d5d2a69be8afe3e6eaed8;106;0
584;0xdbb69440df8433824a026ef190652f29929eb64b4d1d5d2a69be8afe3e6eaed8;107;0
585;0xdbb69440df8433824a026ef190652f29929eb64b4d1d5d2a69be8afe3e6eaed8;95;0
586;0xdbb69440df8433824a026ef190652f29929eb64b4d1d5d2a69be8afe3e6eaed8;100;0
587;0xdbb69440df8433824a026ef190652f29929eb64b4d1d5d2a69be8afe3e6eaed8;94;0
588;0xdbb69440df8433824a026ef190652f29929eb64b4d1d5d2a69be8afe3e6eaed8;98;0
589;0xdbb69440df8433824a026ef190652f29929eb64b4d1d5d2a69be8afe3e6eaed8;93;0
590;0xdbb69440df8433824a026ef190652f29929eb64b4d1d5d2a69be8afe3e6eaed8;94;0
591;0xdbb69440df8433824a026ef190652f29929eb64b4d1d5d2a69be8afe3e6eaed8;93;0
592;0xdbb69440df8433824a026ef190652f29929eb64b4d1d5d2a69be8afe3e6eaed8;99;0
593;0xdbb69440df8433824a026ef190652f29929eb64b4d1d5d2a69be8afe3e6eaed8;98;0
594;0xdbb69440df8433824a026ef190652f29929eb64b4d1d5d2a69be8afe3e6eaed8;96;0
595;0xdbb69440df8433824a026ef190652f29929eb64b4d1d5d2a69be8afe3e6eaed8;99;0
596;0xdbb69440df8433824a026ef190652f29929eb64b4d1d5d2a69be8afe3e6eaed8;94;0
597;0xdbb69440df8433824a026ef190652f29929eb64b4d1d5d2a69be8afe3e6eaed8;96;0
598;0xdbb69440df8433824a026ef190652f29929eb64b4d1d5d2a69be8afe3e6eaed8;101;0
599;0xdbb69440df8433824a026ef190652f29929eb64b4d1d5d2a69be8afe3e6eaed8;101;0
600;0xdbb69440df8433824a026ef190652f29929eb64b4d1d5d2a69be8afe3e6eaed8;98;0
601;0xdbb69440df8433824a026ef190652f29929eb64b4d1d5d2a69be8afe3e6eaed8;98;0
602;0xdbb69440df8433824a026ef190652f29929eb64b4d1d5d2a69be8afe3e6eaed8;94;0
603;0xdbb69440df8433824a026ef190652f29929eb64b4d1d5d2a69be8afe3e6eaed8;99;0
604;0xdbb69440df8433824a026ef190652f29929eb64b4d1d5d2a69be8afe3e6eaed8;96;0
605;0xdbb69440df8433824a026ef190652f29929eb64b4d1d5d2a69be8afe3e6eaed8;103;0
606;0xdbb69440df8433824a026ef190652f29929eb64b4d1d5d2a69be8afe3e6eaed8;114;0
607;0xdbb69440df8433824a026ef190652f29929eb64b4d1d5d2a69be8afe3e6eaed8;115;0
608;0xdbb69440df8433824a026ef190652f29929eb64b4d1d5d2a69be8afe3e6eaed8;102;0
609;0xdbb69440df8433824a026ef190652f29929eb64b4d1d5d2a69be8afe3e6eaed8;93;0
610;0xdbb69440df8433824a026ef190652f29929eb64b4d1d5d2a69be8afe3e6eaed8;97;0
611;0xdbb69440df8433824a026ef190652f29929eb64b4d1d5d2a69be8afe3e6eaed8;94;0
612;0xdbb69440df8433824a026ef190652f29929eb64b4d1d5d2a69be8afe3e6eaed8;100;0
613;0xdbb69440df8433824a026ef190652f29929eb64b4d1d5d2a69be8afe3e6eaed8;99;0
614;0xdbb69440df8433824a026ef190652f29929eb64b4d1d5d2a69be8afe3e6eaed8;94;0
615;0xdbb69440df8433824a026ef190652f29929eb64b4d1d5d2a69be8afe3e6eaed8;96;0
616;0xdbb69440df8433824a026ef190652f29929eb64b4d1d5d2a69be8afe3e6eaed8;116;0
617;0xdbb69440df8433824a026ef190652f29929eb64b4d1d5d2a69be8afe3e6eaed8;99;0
618;0xdbb69440df8433824a026ef190652f29929eb64b4d1d5d2a69be8afe3e6eaed8;98;0
619;0xdbb69440df8433824a026ef190652f29929eb64b4d1d5d2a69be8afe3e6eaed8;179;0
620;0xdbb69440df8433824a026ef190652f29929eb64b4d1d5d2a69be8afe3e6eaed8;96;0
621;0xdbb69440df8433824a026ef190652f29929eb64b4d1d5d2a69be8afe3e6eaed8;101;0
622;0xdbb69440df8433824a026ef190652f29929eb64b4d1d5d2a69be8afe3e6eaed8;103;0
623;0xdbb69440df8433824a026ef190652f29929eb64b4d1d5d2a69be8afe3e6eaed8;99;0
624;0xdbb69440df8433824a026ef190652f29929eb64b4d1d5d2a69be8afe3e6eaed8;105;0
625;0xdbb69440df8433824a026ef190652f29929eb64b4d1d5d2a69be8afe3e6eaed8;99;0
626;0xdbb69440df8433824a026ef190652f29929eb64b4d1d5d2a69be8afe3e6eaed8;106;0
627;0xdbb69440df8433824a026ef190652f29929eb64b4d1d5d2a69be8afe3e6eaed8;99;0
628;0xdbb69440df8433824a026ef190652f29929eb64b4d1d5d2a69be8afe3e6eaed8;104;0
629;0xdbb69440df8433824a026ef190652f29929eb64b4d1d5d2a69be8afe3e6eaed8;98;0
630;0xdbb69440df8433824a026ef190652f29929eb64b4d1d5d2a69be8afe3e6eaed8;100;0
631;0xdbb69440df8433824a026ef190652f29929eb64b4d1d5d2a69be8afe3e6eaed8;101;0
632;0xdbb69440df8433824a026ef190652f29929eb64b4d1d5d2a69be8afe3e6eaed8;114;0
633;0xdbb69440df8433824a026ef190652f29929eb64b4d1d5d2a69be8afe3e6eaed8;111;0
634;0xdbb69440df8433824a026ef190652f29929eb64b4d1d5d2a69be8afe3e6eaed8;107;0
635;0xdbb69440df8433824a026ef190652f29929eb64b4d1d5d2a69be8afe3e6eaed8;101;0
636;0xdbb69440df8433824a026ef190652f29929eb64b4d1d5d2a69be8afe3e6eaed8;103;0
637;0xdbb69440df8433824a026ef190652f29929eb64b4d1d5d2a69be8afe3e6eaed8;99;0
638;0xdbb69440df8433824a026ef190652f29929eb64b4d1d5d2a69be8afe3e6eaed8;97;0
639;0xdbb69440df8433824a026ef190652f29929eb64b4d1d5d2a69be8afe3e6eaed8;104;0
640;0xdbb69440df8433824a026ef190652f29929eb64b4d1d5d2a69be8afe3e6eaed8;99;0
641;0xdbb69440df8433824a026ef190652f29929eb64b4d1d5d2a69be8afe3e6eaed8;117;0
642;0xdbb69440df8433824a026ef190652f29929eb64b4d1d5d2a69be8afe3e6eaed8;100;0
643;0xdbb69440df8433824a026ef190652f29929eb64b4d1d5d2a69be8afe3e6eaed8;105;0
644;0xdbb69440df8433824a026ef190652f29929eb64b4d1d5d2a69be8afe3e6eaed8;91;0
645;0xdbb69440df8433824a026ef190652f29929eb64b4d1d5d2a69be8afe3e6eaed8;103;0
646;0xdbb69440df8433824a026ef190652f29929eb64b4d1d5d2a69be8afe3e6eaed8;107;0
647;0xdbb69440df8433824a026ef190652f29929eb64b4d1d5d2a69be8afe3e6eaed8;97;0
648;0xdbb69440df8433824a026ef190652f29929eb64b4d1d5d2a69be8afe3e6eaed8;94;0
649;0xdbb69440df8433824a026ef190652f29929eb64b4d1d5d2a69be8afe3e6eaed8;94;0
650;0xdbb69440df8433824a026ef190652f29929eb64b4d1d5d2a69be8afe3e6eaed8;97;0
651;0xdbb69440df8433824a026ef190652f29929eb64b4d1d5d2a69be8afe3e6eaed8;97;0
652;0xdbb69440df8433824a026ef190652f29929eb64b4d1d5d2a69be8afe3e6eaed8;92;0
653;0xdbb69440df8433824a026ef190652f29929eb64b4d1d5d2a69be8afe3e6eaed8;95;0
654;0xdbb69440df8433824a026ef190652f29929eb64b4d1d5d2a69be8afe3e6eaed8;123;0
655;0xdbb69440df8433824a026ef190652f29929eb64b4d1d5d2a69be8afe3e6eaed8;101;0
656;0xdbb69440df8433824a026ef190652f29929eb64b4d1d5d2a69be8afe3e6eaed8;97;0
657;0xdbb69440df8433824a026ef190652f29929eb64b4d1d5d2a69be8afe3e6eaed8;101;0
658;0xdbb69440df8433824a026ef190652f29929eb64b4d1d5d2a69be8afe3e6eaed8;97;0
659;0xdbb69440df8433824a026ef190652f29929eb64b4d1d5d2a69be8afe3e6eaed8;100;0
660;0xdbb69440df8433824a026ef190652f29929eb64b4d1d5d2a69be8afe3e6eaed8;95;0
661;0xdbb69440df8433824a026ef190652f29929eb64b4d1d5d2a69be8afe3e6eaed8;96;0
662;0xdbb69440df8433824a026ef190652f29929eb64b4d1d5d2a69be8afe3e6eaed8;94;0
663;0xdbb69440df8433824a026ef190652f29929eb64b4d1d5d2a69be8afe3e6eaed8;98;0
664;0xdbb69440df8433824a026ef190652f29929eb64b4d1d5d2a69be8afe3e6eaed8;99;0
665;0xdbb69440df8433824a026ef190652f29929eb64b4d1d5d2a69be8afe3e6eaed8;102;0
666;0xdbb69440df8433824a026ef190652f29929eb64b4d1d5d2a69be8afe3e6eaed8;181;0
667;0xdbb69440df8433824a026ef190652f29929eb64b4d1d5d2a69be8afe3e6eaed8;107;0
668;0xdbb69440df8433824a026ef190652f29929eb64b4d1d5d2a69be8afe3e6eaed8;112;0
669;0xdbb69440df8433824a026ef190652f29929eb64b4d1d5d2a69be8afe3e6eaed8;105;0
670;0xdbb69440df8433824a026ef190652f29929eb64b4d1d5d2a69be8afe3e6eaed8;111;0
671;0xdbb69440df8433824a026ef190652f29929eb64b4d1d5d2a69be8afe3e6eaed8;104;0
672;0xdbb69440df8433824a026ef190652f29929eb64b4d1d5d2a69be8afe3e6eaed8;114;0
673;0xdbb69440df8433824a026ef190652f29929eb64b4d1d5d2a69be8afe3e6eaed8;113;0
674;0xdbb69440df8433824a026ef190652f29929eb64b4d1d5d2a69be8afe3e6eaed8;108;0
675;0xdbb69440df8433824a026ef190652f29929eb64b4d1d5d2a69be8afe3e6eaed8;113;0
676;0xdbb69440df8433824a026ef190652f29929eb64b4d1d5d2a69be8afe3e6eaed8;108;0
677;0xdbb69440df8433824a026ef190652f29929eb64b4d1d5d2a69be8afe3e6eaed8;105;0
678;0xdbb69440df8433824a026ef190652f29929eb64b4d1d5d2a69be8afe3e6eaed8;120;0
679;0xdbb69440df8433824a026ef190652f29929eb64b4d1d5d2a69be8afe3e6eaed8;105;0
680;0xdbb69440df8433824a026ef190652f29929eb64b4d1d5d2a69be8afe3e6eaed8;113;0
681;0xdbb69440df8433824a026ef190652f29929eb64b4d1d5d2a69be8afe3e6eaed8;119;0
682;0xdbb69440df8433824a026ef190652f29929eb64b4d1d5d2a69be8afe3e6eaed8;163;0
683;0xdbb69440df8433824a026ef190652f29929eb64b4d1d5d2a69be8afe3e6eaed8;113;0
684;0xdbb69440df8433824a026ef190652f29929eb64b4d1d5d2a69be8afe3e6eaed8;111;0
685;0xdbb69440df8433824a026ef190652f29929eb64b4d1d5d2a69be8afe3e6eaed8;105;0
686;0xdbb69440df8433824a026ef190652f29929eb64b4d1d5d2a69be8afe3e6eaed8;107;0
687;0xdbb69440df8433824a026ef190652f29929eb64b4d1d5d2a69be8afe3e6eaed8;123;0
688;0xdbb69440df8433824a026ef190652f29929eb64b4d1d5d2a69be8afe3e6eaed8;109;0
689;0xdbb69440df8433824a026ef190652f29929eb64b4d1d5d2a69be8afe3e6eaed8;112;0
690;0xdbb69440df8433824a026ef190652f29929eb64b4d1d5d2a69be8afe3e6eaed8;105;0
691;0xdbb69440df8433824a026ef190652f29929eb64b4d1d5d2a69be8afe3e6eaed8;100;0
692;0xdbb69440df8433824a026ef190652f29929eb64b4d1d5d2a69be8afe3e6eaed8;120;0
693;0xdbb69440df8433824a026ef190652f29929eb64b4d1d5d2a69be8afe3e6eaed8;124;0
694;0xdbb69440df8433824a026ef190652f29929eb64b4d1d5d2a69be8afe3e6eaed8;112;0
695;0xdbb69440df8433824a026ef190652f29929eb64b4d1d5d2a69be8afe3e6eaed8;116;0
696;0xdbb69440df8433824a026ef190652f29929eb64b4d1d5d2a69be8afe3e6eaed8;109;0
697;0xdbb69440df8433824a026ef190652f29929eb64b4d1d5d2a69be8afe3e6eaed8;104;0
698;0xdbb69440df8433824a026ef190652f29929eb64b4d1d5d2a69be8afe3e6eaed8;106;0
699;0xdbb69440df8433824a026ef190652f29929eb64b4d1d5d2a69be8afe3e6eaed8;109;0
700;0xdbb69440df8433824a026ef190652f29929eb64b4d1d5d2a69be8afe3e6eaed8;106;0
701;0xdbb69440df8433824a026ef190652f29929eb64b4d1d5d2a69be8afe3e6eaed8;108;0
702;0xdbb69440df8433824a026ef190652f29929eb64b4d1d5d2a69be8afe3e6eaed8;103;0
703;0xdbb69440df8433824a026ef190652f29929eb64b4d1d5d2a69be8afe3e6eaed8;106;0
704;0xdbb69440df8433824a026ef190652f29929eb64b4d1d5d2a69be8afe3e6eaed8;113;0
705;0xdbb69440df8433824a026ef190652f29929eb64b4d1d5d2a69be8afe3e6eaed8;115;0
706;0xdbb69440df8433824a026ef190652f29929eb64b4d1d5d2a69be8afe3e6eaed8;109;0
707;0xdbb69440df8433824a026ef190652f29929eb64b4d1d5d2a69be8afe3e6eaed8;105;0
708;0xdbb69440df8433824a026ef190652f29929eb64b4d1d5d2a69be8afe3e6eaed8;114;0
709;0xdbb69440df8433824a026ef190652f29929eb64b4d1d5d2a69be8afe3e6eaed8;117;0
710;0xdbb69440df8433824a026ef190652f29929eb64b4d1d5d2a69be8afe3e6eaed8;150;0
711;0xdbb69440df8433824a026ef190652f29929eb64b4d1d5d2a69be8afe3e6eaed8;102;0
712;0xdbb69440df8433824a026ef190652f29929eb64b4d1d5d2a69be8afe3e6eaed8;107;0
713;0xdbb69440df8433824a026ef190652f29929eb64b4d1d5d2a69be8afe3e6eaed8;106;0
714;0xdbb69440df8433824a026ef190652f29929eb64b4d1d5d2a69be8afe3e6eaed8;130;0
715;0xdbb69440df8433824a026ef190652f29929eb64b4d1d5d2a69be8afe3e6eaed8;110;0
716;0xdbb69440df8433824a026ef190652f29929eb64b4d1d5d2a69be8afe3e6eaed8;108;0
717;0xdbb69440df8433824a026ef190652f29929eb64b4d1d5d2a69be8afe3e6eaed8;101;0
718;0xdbb69440df8433824a026ef190652f29929eb64b4d1d5d2a69be8afe3e6eaed8;105;0
719;0xdbb69440df8433824a026ef190652f29929eb64b4d1d5d2a69be8afe3e6eaed8;109;0
720;0xdbb69440df8433824a026ef190652f29929eb64b4d1d5d2a69be8afe3e6eaed8;108;0
721;0xdbb69440df8433824a026ef190652f29929eb64b4d1d5d2a69be8afe3e6eaed8;103;0
722;0xdbb69440df8433824a026ef190652f29929eb64b4d1d5d2a69be8afe3e6eaed8;109;0
723;0xdbb69440df8433824a026ef190652f29929eb64b4d1d5d2a69be8afe3e6eaed8;103;0
724;0xdbb69440df8433824a026ef190652f29929eb64b4d1d5d2a69be8afe3e6eaed8;100;0
725;0xdbb69440df8433824a026ef190652f29929eb64b4d1d5d2a69be8afe3e6eaed8;107;0
726;0xdbb69440df8433824a026ef190652f29929eb64b4d1d5d2a69be8afe3e6eaed8;108;0
727;0xdbb69440df8433824a026ef190652f29929eb64b4d1d5d2a69be8afe3e6eaed8;106;0
728;0xdbb69440df8433824a026ef190652f29929eb64b4d1d5d2a69be8afe3e6eaed8;105;0
729;0xdbb69440df8433824a026ef190652f29929eb64b4d1d5d2a69be8afe3e6eaed8;102;0
730;0xdbb69440df8433824a026ef190652f29929eb64b4d1d5d2a69be8afe3e6eaed8;113;0
731;0xdbb69440df8433824a026ef190652f29929eb64b4d1d5d2a69be8afe3e6eaed8;102;0
732;0xdbb69440df8433824a026ef190652f29929eb64b4d1d5d2a69be8afe3e6eaed8;102;0
733;0xdbb69440df8433824a026ef190652f29929eb64b4d1d5d2a69be8afe3e6eaed8;107;0
734;0xdbb69440df8433824a026ef190652f29929eb64b4d1d5d2a69be8afe3e6eaed8;119;0
735;0xdbb69440df8433824a026ef190652f29929eb64b4d1d5d2a69be8afe3e6eaed8;105;0
736;0xdbb69440df8433824a026ef190652f29929eb64b4d1d5d2a69be8afe3e6eaed8;100;0
737;0xdbb69440df8433824a026ef190652f29929eb64b4d1d5d2a69be8afe3e6eaed8;107;0
738;0xdbb69440df8433824a026ef190652f29929eb64b4d1d5d2a69be8afe3e6eaed8;139;0
739;0xdbb69440df8433824a026ef190652f29929eb64b4d1d5d2a69be8afe3e6eaed8;130;0
740;0xdbb69440df8433824a026ef190652f29929eb64b4d1d5d2a69be8afe3e6eaed8;102;0
741;0xdbb69440df8433824a026ef190652f29929eb64b4d1d5d2a69be8afe3e6eaed8;144;0
742;0xdbb69440df8433824a026ef190652f29929eb64b4d1d5d2a69be8afe3e6eaed8;112;0
743;0xdbb69440df8433824a026ef190652f29929eb64b4d1d5d2a69be8afe3e6eaed8;126;0
744;0xdbb69440df8433824a026ef190652f29929eb64b4d1d5d2a69be8afe3e6eaed8;108;0
745;0xdbb69440df8433824a026ef190652f29929eb64b4d1d5d2a69be8afe3e6eaed8;101;0
746;0xdbb69440df8433824a026ef190652f29929eb64b4d1d5d2a69be8afe3e6eaed8;101;0
747;0xdbb69440df8433824a026ef190652f29929eb64b4d1d5d2a69be8afe3e6eaed8;104;0
748;0xdbb69440df8433824a026ef190652f29929eb64b4d1d5d2a69be8afe3e6eaed8;105;0
749;0xdbb69440df8433824a026ef190652f29929eb64b4d1d5d2a69be8afe3e6eaed8;128;0
750;0xdbb69440df8433824a026ef190652f29929eb64b4d1d5d2a69be8afe3e6eaed8;110;0
751;0xdbb69440df8433824a026ef190652f29929eb64b4d1d5d2a69be8afe3e6eaed8;106;0
752;0xdbb69440df8433824a026ef190652f29929eb64b4d1d5d2a69be8afe3e6eaed8;104;0
753;0xdbb69440df8433824a026ef190652f29929eb64b4d1d5d2a69be8afe3e6eaed8;138;0
754;0xdbb69440df8433824a026ef190652f29929eb64b4d1d5d2a69be8afe3e6eaed8;106;0
755;0xdbb69440df8433824a026ef190652f29929eb64b4d1d5d2a69be8afe3e6eaed8;116;0
756;0xdbb69440df8433824a026ef190652f29929eb64b4d1d5d2a69be8afe3e6eaed8;111;0
757;0xdbb69440df8433824a026ef190652f29929eb64b4d1d5d2a69be8afe3e6eaed8;124;0
758;0xdbb69440df8433824a026ef190652f29929eb64b4d1d5d2a69be8afe3e6eaed8;114;0
759;0xdbb69440df8433824a026ef190652f29929eb64b4d1d5d2a69be8afe3e6eaed8;102;0
760;0xdbb69440df8433824a026ef190652f29929eb64b4d1d5d2a69be8afe3e6eaed8;101;0
761;0xdbb69440df8433824a026ef190652f29929eb64b4d1d5d2a69be8afe3e6eaed8;102;0
762;0xdbb69440df8433824a026ef190652f29929eb64b4d1d5d2a69be8afe3e6eaed8;110;0
763;0xdbb69440df8433824a026ef190652f29929eb64b4d1d5d2a69be8afe3e6eaed8;103;0
764;0xdbb69440df8433824a026ef190652f29929eb64b4d1d5d2a69be8afe3e6eaed8;128;0
765;0xdbb69440df8433824a026ef190652f29929eb64b4d1d5d2a69be8afe3e6eaed8;108;0
766;0xdbb69440df8433824a026ef190652f29929eb64b4d1d5d2a69be8afe3e6eaed8;106;0
767;0xdbb69440df8433824a026ef190652f29929eb64b4d1d5d2a69be8afe3e6eaed8;103;0
768;0xdbb69440df8433824a026ef190652f29929eb64b4d1d5d2a69be8afe3e6eaed8;112;0
769;0xdbb69440df8433824a026ef190652f29929eb64b4d1d5d2a69be8afe3e6eaed8;107;0
770;0xdbb69440df8433824a026ef190652f29929eb64b4d1d5d2a69be8afe3e6eaed8;115;0
771;0xdbb69440df8433824a026ef190652f29929eb64b4d1d5d2a69be8afe3e6eaed8;104;0
772;0xdbb69440df8433824a026ef190652f29929eb64b4d1d5d2a69be8afe3e6eaed8;101;0
773;0xdbb69440df8433824a026ef190652f29929eb64b4d1d5d2a69be8afe3e6eaed8;129;0
774;0xdbb69440df8433824a026ef190652f29929eb64b4d1d5d2a69be8afe3e6eaed8;124;0
775;0xdbb69440df8433824a026ef190652f29929eb64b4d1d5d2a69be8afe3e6eaed8;115;0
776;0xdbb69440df8433824a026ef190652f29929eb64b4d1d5d2a69be8afe3e6eaed8;116;0
777;0xdbb69440df8433824a026ef190652f29929eb64b4d1d5d2a69be8afe3e6eaed8;109;0
778;0xdbb69440df8433824a026ef190652f29929eb64b4d1d5d2a69be8afe3e6eaed8;129;0
779;0xdbb69440df8433824a026ef190652f29929eb64b4d1d5d2a69be8afe3e6eaed8;100;0
780;0xdbb69440df8433824a026ef190652f29929eb64b4d1d5d2a69be8afe3e6eaed8;106;0
781;0xdbb69440df8433824a026ef190652f29929eb64b4d1d5d2a69be8afe3e6eaed8;118;0
782;0xdbb69440df8433824a026ef190652f29929eb64b4d1d5d2a69be8afe3e6eaed8;104;0
783;0xdbb69440df8433824a026ef190652f29929eb64b4d1d5d2a69be8afe3e6eaed8;103;0
784;0xdbb69440df8433824a026ef190652f29929eb64b4d1d5d2a69be8afe3e6eaed8;102;0
785;0xdbb69440df8433824a026ef190652f29929eb64b4d1d5d2a69be8afe3e6eaed8;101;0
786;0xdbb69440df8433824a026ef190652f29929eb64b4d1d5d2a69be8afe3e6eaed8;100;0
787;0xdbb69440df8433824a026ef190652f29929eb64b4d1d5d2a69be8afe3e6eaed8;111;0
788;0xdbb69440df8433824a026ef190652f29929eb64b4d1d5d2a69be8afe3e6eaed8;103;0
789;0xdbb69440df8433824a026ef190652f29929eb64b4d1d5d2a69be8afe3e6eaed8;131;0
790;0xdbb69440df8433824a026ef190652f29929eb64b4d1d5d2a69be8afe3e6eaed8;98;0
791;0xdbb69440df8433824a026ef190652f29929eb64b4d1d5d2a69be8afe3e6eaed8;135;0
792;0xdbb69440df8433824a026ef190652f29929eb64b4d1d5d2a69be8afe3e6eaed8;110;0
793;0xdbb69440df8433824a026ef190652f29929eb64b4d1d5d2a69be8afe3e6eaed8;105;0
794;0xdbb69440df8433824a026ef190652f29929eb64b4d1d5d2a69be8afe3e6eaed8;96;0
795;0xdbb69440df8433824a026ef190652f29929eb64b4d1d5d2a69be8afe3e6eaed8;107;0
796;0xdbb69440df8433824a026ef190652f29929eb64b4d1d5d2a69be8afe3e6eaed8;100;0
797;0xdbb69440df8433824a026ef190652f29929eb64b4d1d5d2a69be8afe3e6eaed8;97;0
798;0xdbb69440df8433824a026ef190652f29929eb64b4d1d5d2a69be8afe3e6eaed8;100;0
799;0xdbb69440df8433824a026ef190652f29929eb64b4d1d5d2a69be8afe3e6eaed8;107;0
800;0xdbb69440df8433824a026ef190652f29929eb64b4d1d5d2a69be8afe3e6eaed8;106;0
801;0xdbb69440df8433824a026ef190652f29929eb64b4d1d5d2a69be8afe3e6eaed8;99;0
802;0xdbb69440df8433824a026ef190652f29929eb64b4d1d5d2a69be8afe3e6eaed8;101;0
803;0xdbb69440df8433824a026ef190652f29929eb64b4d1d5d2a69be8afe3e6eaed8;106;0
804;0xdbb69440df8433824a026ef190652f29929eb64b4d1d5d2a69be8afe3e6eaed8;128;0
805;0xdbb69440df8433824a026ef190652f29929eb64b4d1d5d2a69be8afe3e6eaed8;122;0
806;0xdbb69440df8433824a026ef190652f29929eb64b4d1d5d2a69be8afe3e6eaed8;96;0
807;0xdbb69440df8433824a026ef190652f29929eb64b4d1d5d2a69be8afe3e6eaed8;163;0
808;0xdbb69440df8433824a026ef190652f29929eb64b4d1d5d2a69be8afe3e6eaed8;107;0
809;0xdbb69440df8433824a026ef190652f29929eb64b4d1d5d2a69be8afe3e6eaed8;104;0
810;0xdbb69440df8433824a026ef190652f29929eb64b4d1d5d2a69be8afe3e6eaed8;105;0
811;0xdbb69440df8433824a026ef190652f29929eb64b4d1d5d2a69be8afe3e6eaed8;101;0
812;0xdbb69440df8433824a026ef190652f29929eb64b4d1d5d2a69be8afe3e6eaed8;144;0
813;0xdbb69440df8433824a026ef190652f29929eb64b4d1d5d2a69be8afe3e6eaed8;103;0
814;0xdbb69440df8433824a026ef190652f29929eb64b4d1d5d2a69be8afe3e6eaed8;101;0
815;0xdbb69440df8433824a026ef190652f29929eb64b4d1d5d2a69be8afe3e6eaed8;99;0
816;0xdbb69440df8433824a026ef190652f29929eb64b4d1d5d2a69be8afe3e6eaed8;102;0
817;0xdbb69440df8433824a026ef190652f29929eb64b4d1d5d2a69be8afe3e6eaed8;112;0
818;0xdbb69440df8433824a026ef190652f29929eb64b4d1d5d2a69be8afe3e6eaed8;146;0
819;0xdbb69440df8433824a026ef190652f29929eb64b4d1d5d2a69be8afe3e6eaed8;99;0
820;0xdbb69440df8433824a026ef190652f29929eb64b4d1d5d2a69be8afe3e6eaed8;155;0
821;0xdbb69440df8433824a026ef190652f29929eb64b4d1d5d2a69be8afe3e6eaed8;106;0
822;0xdbb69440df8433824a026ef190652f29929eb64b4d1d5d2a69be8afe3e6eaed8;106;0
823;0xdbb69440df8433824a026ef190652f29929eb64b4d1d5d2a69be8afe3e6eaed8;118;0
824;0xdbb69440df8433824a026ef190652f29929eb64b4d1d5d2a69be8afe3e6eaed8;106;0
825;0xdbb69440df8433824a026ef190652f29929eb64b4d1d5d2a69be8afe3e6eaed8;103;0
826;0xdbb69440df8433824a026ef190652f29929eb64b4d1d5d2a69be8afe3e6eaed8;182;0
827;0xdbb69440df8433824a026ef190652f29929eb64b4d1d5d2a69be8afe3e6eaed8;126;0
828;0xdbb69440df8433824a026ef190652f29929eb64b4d1d5d2a69be8afe3e6eaed8;102;0
829;0xdbb69440df8433824a026ef190652f29929eb64b4d1d5d2a69be8afe3e6eaed8;103;0
830;0xdbb69440df8433824a026ef190652f29929eb64b4d1d5d2a69be8afe3e6eaed8;102;0
831;0xdbb69440df8433824a026ef190652f29929eb64b4d1d5d2a69be8afe3e6eaed8;99;0
832;0xdbb69440df8433824a026ef190652f29929eb64b4d1d5d2a69be8afe3e6eaed8;98;0
833;0xdbb69440df8433824a026ef190652f29929eb64b4d1d5d2a69be8afe3e6eaed8;108;0
834;0xdbb69440df8433824a026ef190652f29929eb64b4d1d5d2a69be8afe3e6eaed8;100;0
835;0xdbb69440df8433824a026ef190652f29929eb64b4d1d5d2a69be8afe3e6eaed8;98;0
836;0xdbb69440df8433824a026ef190652f29929eb64b4d1d5d2a69be8afe3e6eaed8;98;0
837;0xdbb69440df8433824a026ef190652f29929eb64b4d1d5d2a69be8afe3e6eaed8;112;0
838;0xdbb69440df8433824a026ef190652f29929eb64b4d1d5d2a69be8afe3e6eaed8;99;0
839;0xdbb69440df8433824a026ef190652f29929eb64b4d1d5d2a69be8afe3e6eaed8;100;0
840;0xdbb69440df8433824a026ef190652f29929eb64b4d1d5d2a69be8afe3e6eaed8;103;0
841;0xdbb69440df8433824a026ef190652f29929eb64b4d1d5d2a69be8afe3e6eaed8;101;0
842;0xdbb69440df8433824a026ef190652f29929eb64b4d1d5d2a69be8afe3e6eaed8;102;0
843;0xdbb69440df8433824a026ef190652f29929eb64b4d1d5d2a69be8afe3e6eaed8;101;0
844;0xdbb69440df8433824a026ef190652f29929eb64b4d1d5d2a69be8afe3e6eaed8;112;0
845;0xdbb69440df8433824a026ef190652f29929eb64b4d1d5d2a69be8afe3e6eaed8;102;0
846;0xdbb69440df8433824a026ef190652f29929eb64b4d1d5d2a69be8afe3e6eaed8;102;0
847;0xdbb69440df8433824a026ef190652f29929eb64b4d1d5d2a69be8afe3e6eaed8;107;0
848;0xdbb69440df8433824a026ef190652f29929eb64b4d1d5d2a69be8afe3e6eaed8;99;0
849;0xdbb69440df8433824a026ef190652f29929eb64b4d1d5d2a69be8afe3e6eaed8;103;0
850;0xdbb69440df8433824a026ef190652f29929eb64b4d1d5d2a69be8afe3e6eaed8;104;0
851;0xdbb69440df8433824a026ef190652f29929eb64b4d1d5d2a69be8afe3e6eaed8;104;0
852;0xdbb69440df8433824a026ef190652f29929eb64b4d1d5d2a69be8afe3e6eaed8;100;0
853;0xdbb69440df8433824a026ef190652f29929eb64b4d1d5d2a69be8afe3e6eaed8;99;0
854;0xdbb69440df8433824a026ef190652f29929eb64b4d1d5d2a69be8afe3e6eaed8;117;0
855;0xdbb69440df8433824a026ef190652f29929eb64b4d1d5d2a69be8afe3e6eaed8;98;0
856;0xdbb69440df8433824a026ef190652f29929eb64b4d1d5d2a69be8afe3e6eaed8;100;0
857;0xdbb69440df8433824a026ef190652f29929eb64b4d1d5d2a69be8afe3e6eaed8;101;0
858;0xdbb69440df8433824a026ef190652f29929eb64b4d1d5d2a69be8afe3e6eaed8;100;0
859;0xdbb69440df8433824a026ef190652f29929eb64b4d1d5d2a69be8afe3e6eaed8;104;0
860;0xdbb69440df8433824a026ef190652f29929eb64b4d1d5d2a69be8afe3e6eaed8;100;0
861;0xdbb69440df8433824a026ef190652f29929eb64b4d1d5d2a69be8afe3e6eaed8;100;0
862;0xdbb69440df8433824a026ef190652f29929eb64b4d1d5d2a69be8afe3e6eaed8;100;0
863;0xdbb69440df8433824a026ef190652f29929eb64b4d1d5d2a69be8afe3e6eaed8;100;0
864;0xdbb69440df8433824a026ef190652f29929eb64b4d1d5d2a69be8afe3e6eaed8;99;0
865;0xdbb69440df8433824a026ef190652f29929eb64b4d1d5d2a69be8afe3e6eaed8;100;0
866;0xdbb69440df8433824a026ef190652f29929eb64b4d1d5d2a69be8afe3e6eaed8;101;0
867;0xdbb69440df8433824a026ef190652f29929eb64b4d1d5d2a69be8afe3e6eaed8;104;0
868;0xdbb69440df8433824a026ef190652f29929eb64b4d1d5d2a69be8afe3e6eaed8;102;0
869;0xdbb69440df8433824a026ef190652f29929eb64b4d1d5d2a69be8afe3e6eaed8;102;0
870;0xdbb69440df8433824a026ef190652f29929eb64b4d1d5d2a69be8afe3e6eaed8;116;0
871;0xdbb69440df8433824a026ef190652f29929eb64b4d1d5d2a69be8afe3e6eaed8;100;0
872;0xdbb69440df8433824a026ef190652f29929eb64b4d1d5d2a69be8afe3e6eaed8;147;0
873;0xdbb69440df8433824a026ef190652f29929eb64b4d1d5d2a69be8afe3e6eaed8;103;0
874;0xdbb69440df8433824a026ef190652f29929eb64b4d1d5d2a69be8afe3e6eaed8;100;0
875;0xdbb69440df8433824a026ef190652f29929eb64b4d1d5d2a69be8afe3e6eaed8;110;0
876;0xdbb69440df8433824a026ef190652f29929eb64b4d1d5d2a69be8afe3e6eaed8;102;0
877;0xdbb69440df8433824a026ef190652f29929eb64b4d1d5d2a69be8afe3e6eaed8;105;0
878;0xdbb69440df8433824a026ef190652f29929eb64b4d1d5d2a69be8afe3e6eaed8;104;0
879;0xdbb69440df8433824a026ef190652f29929eb64b4d1d5d2a69be8afe3e6eaed8;152;0
880;0xdbb69440df8433824a026ef190652f29929eb64b4d1d5d2a69be8afe3e6eaed8;100;0
881;0xdbb69440df8433824a026ef190652f29929eb64b4d1d5d2a69be8afe3e6eaed8;129;0
882;0xdbb69440df8433824a026ef190652f29929eb64b4d1d5d2a69be8afe3e6eaed8;156;0
883;0xdbb69440df8433824a026ef190652f29929eb64b4d1d5d2a69be8afe3e6eaed8;104;0
884;0xdbb69440df8433824a026ef190652f29929eb64b4d1d5d2a69be8afe3e6eaed8;105;0
885;0xdbb69440df8433824a026ef190652f29929eb64b4d1d5d2a69be8afe3e6eaed8;106;0
886;0xdbb69440df8433824a026ef190652f29929eb64b4d1d5d2a69be8afe3e6eaed8;102;0
887;0xdbb69440df8433824a026ef190652f29929eb64b4d1d5d2a69be8afe3e6eaed8;143;0
888;0xdbb69440df8433824a026ef190652f29929eb64b4d1d5d2a69be8afe3e6eaed8;99;0
889;0xdbb69440df8433824a026ef190652f29929eb64b4d1d5d2a69be8afe3e6eaed8;98;0
890;0xdbb69440df8433824a026ef190652f29929eb64b4d1d5d2a69be8afe3e6eaed8;143;0
891;0xdbb69440df8433824a026ef190652f29929eb64b4d1d5d2a69be8afe3e6eaed8;103;0
892;0xdbb69440df8433824a026ef190652f29929eb64b4d1d5d2a69be8afe3e6eaed8;99;0
893;0xdbb69440df8433824a026ef190652f29929eb64b4d1d5d2a69be8afe3e6eaed8;98;0
894;0xdbb69440df8433824a026ef190652f29929eb64b4d1d5d2a69be8afe3e6eaed8;110;0
895;0xdbb69440df8433824a026ef190652f29929eb64b4d1d5d2a69be8afe3e6eaed8;99;0
896;0xdbb69440df8433824a026ef190652f29929eb64b4d1d5d2a69be8afe3e6eaed8;97;0
897;0xdbb69440df8433824a026ef190652f29929eb64b4d1d5d2a69be8afe3e6eaed8;100;0
898;0xdbb69440df8433824a026ef190652f29929eb64b4d1d5d2a69be8afe3e6eaed8;103;0
899;0xdbb69440df8433824a026ef190652f29929eb64b4d1d5d2a69be8afe3e6eaed8;99;0
900;0xdbb69440df8433824a026ef190652f29929eb64b4d1d5d2a69be8afe3e6eaed8;111;0
901;0xdbb69440df8433824a026ef190652f29929eb64b4d1d5d2a69be8afe3e6eaed8;101;0
902;0xdbb69440df8433824a026ef190652f29929eb64b4d1d5d2a69be8afe3e6eaed8;99;0
903;0xdbb69440df8433824a026ef190652f29929eb64b4d1d5d2a69be8afe3e6eaed8;102;0
904;0xdbb69440df8433824a026ef190652f29929eb64b4d1d5d2a69be8afe3e6eaed8;103;0
905;0xdbb69440df8433824a026ef190652f29929eb64b4d1d5d2a69be8afe3e6eaed8;128;0
906;0xdbb69440df8433824a026ef190652f29929eb64b4d1d5d2a69be8afe3e6eaed8;106;0
907;0xdbb69440df8433824a026ef190652f29929eb64b4d1d5d2a69be8afe3e6eaed8;101;0
908;0xdbb69440df8433824a026ef190652f29929eb64b4d1d5d2a69be8afe3e6eaed8;102;0
909;0xdbb69440df8433824a026ef190652f29929eb64b4d1d5d2a69be8afe3e6eaed8;99;0
910;0xdbb69440df8433824a026ef190652f29929eb64b4d1d5d2a69be8afe3e6eaed8;100;0
911;0xdbb69440df8433824a026ef190652f29929eb64b4d1d5d2a69be8afe3e6eaed8;108;0
912;0xdbb69440df8433824a026ef190652f29929eb64b4d1d5d2a69be8afe3e6eaed8;103;0
913;0xdbb69440df8433824a026ef190652f29929eb64b4d1d5d2a69be8afe3e6eaed8;104;0
914;0xdbb69440df8433824a026ef190652f29929eb64b4d1d5d2a69be8afe3e6eaed8;100;0
915;0xdbb69440df8433824a026ef190652f29929eb64b4d1d5d2a69be8afe3e6eaed8;109;0
916;0xdbb69440df8433824a026ef190652f29929eb64b4d1d5d2a69be8afe3e6eaed8;102;0
917;0xdbb69440df8433824a026ef190652f29929eb64b4d1d5d2a69be8afe3e6eaed8;102;0
918;0xdbb69440df8433824a026ef190652f29929eb64b4d1d5d2a69be8afe3e6eaed8;103;0
919;0xdbb69440df8433824a026ef190652f29929eb64b4d1d5d2a69be8afe3e6eaed8;97;0
920;0xdbb69440df8433824a026ef190652f29929eb64b4d1d5d2a69be8afe3e6eaed8;110;0
921;0xdbb69440df8433824a026ef190652f29929eb64b4d1d5d2a69be8afe3e6eaed8;103;0
922;0xdbb69440df8433824a026ef190652f29929eb64b4d1d5d2a69be8afe3e6eaed8;106;0
923;0xdbb69440df8433824a026ef190652f29929eb64b4d1d5d2a69be8afe3e6eaed8;103;0
924;0xdbb69440df8433824a026ef190652f29929eb64b4d1d5d2a69be8afe3e6eaed8;100;0
925;0xdbb69440df8433824a026ef190652f29929eb64b4d1d5d2a69be8afe3e6eaed8;109;0
926;0xdbb69440df8433824a026ef190652f29929eb64b4d1d5d2a69be8afe3e6eaed8;109;0
927;0xdbb69440df8433824a026ef190652f29929eb64b4d1d5d2a69be8afe3e6eaed8;104;0
928;0xdbb69440df8433824a026ef190652f29929eb64b4d1d5d2a69be8afe3e6eaed8;102;0
929;0xdbb69440df8433824a026ef190652f29929eb64b4d1d5d2a69be8afe3e6eaed8;105;0
930;0xdbb69440df8433824a026ef190652f29929eb64b4d1d5d2a69be8afe3e6eaed8;102;0
931;0xdbb69440df8433824a026ef190652f29929eb64b4d1d5d2a69be8afe3e6eaed8;98;0
932;0xdbb69440df8433824a026ef190652f29929eb64b4d1d5d2a69be8afe3e6eaed8;99;0
933;0xdbb69440df8433824a026ef190652f29929eb64b4d1d5d2a69be8afe3e6eaed8;103;0
934;0xdbb69440df8433824a026ef190652f29929eb64b4d1d5d2a69be8afe3e6eaed8;100;0
935;0xdbb69440df8433824a026ef190652f29929eb64b4d1d5d2a69be8afe3e6eaed8;102;0
936;0xdbb69440df8433824a026ef190652f29929eb64b4d1d5d2a69be8afe3e6eaed8;101;0
937;0xdbb69440df8433824a026ef190652f29929eb64b4d1d5d2a69be8afe3e6eaed8;108;0
938;0xdbb69440df8433824a026ef190652f29929eb64b4d1d5d2a69be8afe3e6eaed8;103;0
939;0xdbb69440df8433824a026ef190652f29929eb64b4d1d5d2a69be8afe3e6eaed8;121;0
940;0xdbb69440df8433824a026ef190652f29929eb64b4d1d5d2a69be8afe3e6eaed8;103;0
941;0xdbb69440df8433824a026ef190652f29929eb64b4d1d5d2a69be8afe3e6eaed8;114;0
942;0xdbb69440df8433824a026ef190652f29929eb64b4d1d5d2a69be8afe3e6eaed8;97;0
943;0xdbb69440df8433824a026ef190652f29929eb64b4d1d5d2a69be8afe3e6eaed8;112;0
944;0xdbb69440df8433824a026ef190652f29929eb64b4d1d5d2a69be8afe3e6eaed8;100;0
945;0xdbb69440df8433824a026ef190652f29929eb64b4d1d5d2a69be8afe3e6eaed8;139;0
946;0xdbb69440df8433824a026ef190652f29929eb64b4d1d5d2a69be8afe3e6eaed8;107;0
947;0xdbb69440df8433824a026ef190652f29929eb64b4d1d5d2a69be8afe3e6eaed8;215;0
948;0xdbb69440df8433824a026ef190652f29929eb64b4d1d5d2a69be8afe3e6eaed8;99;0
949;0xdbb69440df8433824a026ef190652f29929eb64b4d1d5d2a69be8afe3e6eaed8;98;0
950;0xdbb69440df8433824a026ef190652f29929eb64b4d1d5d2a69be8afe3e6eaed8;102;0
951;0xdbb69440df8433824a026ef190652f29929eb64b4d1d5d2a69be8afe3e6eaed8;136;0
952;0xdbb69440df8433824a026ef190652f29929eb64b4d1d5d2a69be8afe3e6eaed8;164;0
953;0xdbb69440df8433824a026ef190652f29929eb64b4d1d5d2a69be8afe3e6eaed8;99;0
954;0xdbb69440df8433824a026ef190652f29929eb64b4d1d5d2a69be8afe3e6eaed8;113;0
955;0xdbb69440df8433824a026ef190652f29929eb64b4d1d5d2a69be8afe3e6eaed8;111;0
956;0xdbb69440df8433824a026ef190652f29929eb64b4d1d5d2a69be8afe3e6eaed8;103;0
957;0xdbb69440df8433824a026ef190652f29929eb64b4d1d5d2a69be8afe3e6eaed8;130;0
958;0xdbb69440df8433824a026ef190652f29929eb64b4d1d5d2a69be8afe3e6eaed8;143;0
959;0xdbb69440df8433824a026ef190652f29929eb64b4d1d5d2a69be8afe3e6eaed8;101;0
960;0xdbb69440df8433824a026ef190652f29929eb64b4d1d5d2a69be8afe3e6eaed8;110;0
961;0xdbb69440df8433824a026ef190652f29929eb64b4d1d5d2a69be8afe3e6eaed8;101;0
962;0xdbb69440df8433824a026ef190652f29929eb64b4d1d5d2a69be8afe3e6eaed8;101;0
963;0xdbb69440df8433824a026ef190652f29929eb64b4d1d5d2a69be8afe3e6eaed8;105;0
964;0xdbb69440df8433824a026ef190652f29929eb64b4d1d5d2a69be8afe3e6eaed8;105;0
965;0xdbb69440df8433824a026ef190652f29929eb64b4d1d5d2a69be8afe3e6eaed8;100;0
966;0xdbb69440df8433824a026ef190652f29929eb64b4d1d5d2a69be8afe3e6eaed8;101;0
967;0xdbb69440df8433824a026ef190652f29929eb64b4d1d5d2a69be8afe3e6eaed8;98;0
968;0xdbb69440df8433824a026ef190652f29929eb64b4d1d5d2a69be8afe3e6eaed8;95;0
969;0xdbb69440df8433824a026ef190652f29929eb64b4d1d5d2a69be8afe3e6eaed8;97;0
970;0xdbb69440df8433824a026ef190652f29929eb64b4d1d5d2a69be8afe3e6eaed8;100;0
971;0xdbb69440df8433824a026ef190652f29929eb64b4d1d5d2a69be8afe3e6eaed8;100;0
972;0xdbb69440df8433824a026ef190652f29929eb64b4d1d5d2a69be8afe3e6eaed8;100;0
973;0xdbb69440df8433824a026ef190652f29929eb64b4d1d5d2a69be8afe3e6eaed8;103;0
974;0xdbb69440df8433824a026ef190652f29929eb64b4d1d5d2a69be8afe3e6eaed8;107;0
975;0xdbb69440df8433824a026ef190652f29929eb64b4d1d5d2a69be8afe3e6eaed8;100;0
976;0xdbb69440df8433824a026ef190652f29929eb64b4d1d5d2a69be8afe3e6eaed8;100;0
977;0xdbb69440df8433824a026ef190652f29929eb64b4d1d5d2a69be8afe3e6eaed8;102;0
978;0xdbb69440df8433824a026ef190652f29929eb64b4d1d5d2a69be8afe3e6eaed8;99;0
979;0xdbb69440df8433824a026ef190652f29929eb64b4d1d5d2a69be8afe3e6eaed8;102;0
980;0xdbb69440df8433824a026ef190652f29929eb64b4d1d5d2a69be8afe3e6eaed8;106;0
981;0xdbb69440df8433824a026ef190652f29929eb64b4d1d5d2a69be8afe3e6eaed8;102;0
982;0xdbb69440df8433824a026ef190652f29929eb64b4d1d5d2a69be8afe3e6eaed8;101;0
983;0xdbb69440df8433824a026ef190652f29929eb64b4d1d5d2a69be8afe3e6eaed8;108;0
984;0xdbb69440df8433824a026ef190652f29929eb64b4d1d5d2a69be8afe3e6eaed8;108;0
985;0xdbb69440df8433824a026ef190652f29929eb64b4d1d5d2a69be8afe3e6eaed8;129;0
986;0xdbb69440df8433824a026ef190652f29929eb64b4d1d5d2a69be8afe3e6eaed8;195;0
987;0xdbb69440df8433824a026ef190652f29929eb64b4d1d5d2a69be8afe3e6eaed8;180;0
988;0xdbb69440df8433824a026ef190652f29929eb64b4d1d5d2a69be8afe3e6eaed8;177;0
989;0xdbb69440df8433824a026ef190652f29929eb64b4d1d5d2a69be8afe3e6eaed8;230;0
990;0xdbb69440df8433824a026ef190652f29929eb64b4d1d5d2a69be8afe3e6eaed8;105;0
991;0xdbb69440df8433824a026ef190652f29929eb64b4d1d5d2a69be8afe3e6eaed8;101;0
992;0xdbb69440df8433824a026ef190652f29929eb64b4d1d5d2a69be8afe3e6eaed8;99;0
993;0xdbb69440df8433824a026ef190652f29929eb64b4d1d5d2a69be8afe3e6eaed8;111;0
994;0xdbb69440df8433824a026ef190652f29929eb64b4d1d5d2a69be8afe3e6eaed8;100;0
995;0xdbb69440df8433824a026ef190652f29929eb64b4d1d5d2a69be8afe3e6eaed8;99;0
996;0xdbb69440df8433824a026ef190652f29929eb64b4d1d5d2a69be8afe3e6eaed8;97;0
997;0xdbb69440df8433824a026ef190652f29929eb64b4d1d5d2a69be8afe3e6eaed8;100;0
998;0xdbb69440df8433824a026ef190652f29929eb64b4d1d5d2a69be8afe3e6eaed8;104;0
999;0xdbb69440df8433824a026ef190652f29929eb64b4d1d5d2a69be8afe3e6eaed8;98;0
