ID;Event;Duration;Pattern Duration
0;0x36afdaf439a8f43fe72135135d804ae620b37a474f0943b5b85f6788312cad40;35;0
1;0x36afdaf439a8f43fe72135135d804ae620b37a474f0943b5b85f6788312cad40;30;0
2;0x36afdaf439a8f43fe72135135d804ae620b37a474f0943b5b85f6788312cad40;66;0
3;0x36afdaf439a8f43fe72135135d804ae620b37a474f0943b5b85f6788312cad40;45;0
4;0x36afdaf439a8f43fe72135135d804ae620b37a474f0943b5b85f6788312cad40;54;0
5;0x36afdaf439a8f43fe72135135d804ae620b37a474f0943b5b85f6788312cad40;37;0
6;0x36afdaf439a8f43fe72135135d804ae620b37a474f0943b5b85f6788312cad40;99;0
7;0x36afdaf439a8f43fe72135135d804ae620b37a474f0943b5b85f6788312cad40;100;0
8;0x36afdaf439a8f43fe72135135d804ae620b37a474f0943b5b85f6788312cad40;54;0
9;0x36afdaf439a8f43fe72135135d804ae620b37a474f0943b5b85f6788312cad40;66;0
10;0x36afdaf439a8f43fe72135135d804ae620b37a474f0943b5b85f6788312cad40;94;0
11;0x36afdaf439a8f43fe72135135d804ae620b37a474f0943b5b85f6788312cad40;89;0
12;0x36afdaf439a8f43fe72135135d804ae620b37a474f0943b5b85f6788312cad40;53;0
13;0x36afdaf439a8f43fe72135135d804ae620b37a474f0943b5b85f6788312cad40;27;0
14;0x36afdaf439a8f43fe72135135d804ae620b37a474f0943b5b85f6788312cad40;74;0
15;0x36afdaf439a8f43fe72135135d804ae620b37a474f0943b5b85f6788312cad40;41;0
16;0x36afdaf439a8f43fe72135135d804ae620b37a474f0943b5b85f6788312cad40;98;0
17;0x36afdaf439a8f43fe72135135d804ae620b37a474f0943b5b85f6788312cad40;39;0
18;0x36afdaf439a8f43fe72135135d804ae620b37a474f0943b5b85f6788312cad40;72;0
19;0x36afdaf439a8f43fe72135135d804ae620b37a474f0943b5b85f6788312cad40;89;0
20;0x36afdaf439a8f43fe72135135d804ae620b37a474f0943b5b85f6788312cad40;82;0
21;0x36afdaf439a8f43fe72135135d804ae620b37a474f0943b5b85f6788312cad40;59;0
22;0x36afdaf439a8f43fe72135135d804ae620b37a474f0943b5b85f6788312cad40;31;0
23;0x36afdaf439a8f43fe72135135d804ae620b37a474f0943b5b85f6788312cad40;55;0
24;0x36afdaf439a8f43fe72135135d804ae620b37a474f0943b5b85f6788312cad40;71;0
25;0x36afdaf439a8f43fe72135135d804ae620b37a474f0943b5b85f6788312cad40;61;0
26;0x36afdaf439a8f43fe72135135d804ae620b37a474f0943b5b85f6788312cad40;29;0
27;0x36afdaf439a8f43fe72135135d804ae620b37a474f0943b5b85f6788312cad40;118;0
28;0x36afdaf439a8f43fe72135135d804ae620b37a474f0943b5b85f6788312cad40;67;0
29;0x36afdaf439a8f43fe72135135d804ae620b37a474f0943b5b85f6788312cad40;79;0
30;0x36afdaf439a8f43fe72135135d804ae620b37a474f0943b5b85f6788312cad40;97;0
31;0x36afdaf439a8f43fe72135135d804ae620b37a474f0943b5b85f6788312cad40;95;0
32;0x36afdaf439a8f43fe72135135d804ae620b37a474f0943b5b85f6788312cad40;39;0
33;0x36afdaf439a8f43fe72135135d804ae620b37a474f0943b5b85f6788312cad40;96;0
34;0x36afdaf439a8f43fe72135135d804ae620b37a474f0943b5b85f6788312cad40;62;0
35;0x36afdaf439a8f43fe72135135d804ae620b37a474f0943b5b85f6788312cad40;75;0
36;0x36afdaf439a8f43fe72135135d804ae620b37a474f0943b5b85f6788312cad40;68;0
37;0x36afdaf439a8f43fe72135135d804ae620b37a474f0943b5b85f6788312cad40;29;0
38;0x36afdaf439a8f43fe72135135d804ae620b37a474f0943b5b85f6788312cad40;94;0
39;0x36afdaf439a8f43fe72135135d804ae620b37a474f0943b5b85f6788312cad40;71;0
40;0x36afdaf439a8f43fe72135135d804ae620b37a474f0943b5b85f6788312cad40;96;0
41;0x36afdaf439a8f43fe72135135d804ae620b37a474f0943b5b85f6788312cad40;58;0
42;0x36afdaf439a8f43fe72135135d804ae620b37a474f0943b5b85f6788312cad40;55;0
43;0x36afdaf439a8f43fe72135135d804ae620b37a474f0943b5b85f6788312cad40;54;0
44;0x36afdaf439a8f43fe72135135d804ae620b37a474f0943b5b85f6788312cad40;45;0
45;0x36afdaf439a8f43fe72135135d804ae620b37a474f0943b5b85f6788312cad40;55;0
46;0x36afdaf439a8f43fe72135135d804ae620b37a474f0943b5b85f6788312cad40;55;0
47;0x36afdaf439a8f43fe72135135d804ae620b37a474f0943b5b85f6788312cad40;61;0
48;0x36afdaf439a8f43fe72135135d804ae620b37a474f0943b5b85f6788312cad40;39;0
49;0x36afdaf439a8f43fe72135135d804ae620b37a474f0943b5b85f6788312cad40;60;0
50;0x36afdaf439a8f43fe72135135d804ae620b37a474f0943b5b85f6788312cad40;56;0
51;0x36afdaf439a8f43fe72135135d804ae620b37a474f0943b5b85f6788312cad40;39;0
52;0x36afdaf439a8f43fe72135135d804ae620b37a474f0943b5b85f6788312cad40;61;0
53;0x36afdaf439a8f43fe72135135d804ae620b37a474f0943b5b85f6788312cad40;58;0
54;0x36afdaf439a8f43fe72135135d804ae620b37a474f0943b5b85f6788312cad40;47;0
55;0x36afdaf439a8f43fe72135135d804ae620b37a474f0943b5b85f6788312cad40;49;0
56;0x36afdaf439a8f43fe72135135d804ae620b37a474f0943b5b85f6788312cad40;47;0
57;0x36afdaf439a8f43fe72135135d804ae620b37a474f0943b5b85f6788312cad40;45;0
58;0x36afdaf439a8f43fe72135135d804ae620b37a474f0943b5b85f6788312cad40;67;0
59;0x36afdaf439a8f43fe72135135d804ae620b37a474f0943b5b85f6788312cad40;80;0
60;0x36afdaf439a8f43fe72135135d804ae620b37a474f0943b5b85f6788312cad40;76;0
61;0x36afdaf439a8f43fe72135135d804ae620b37a474f0943b5b85f6788312cad40;61;0
62;0x36afdaf439a8f43fe72135135d804ae620b37a474f0943b5b85f6788312cad40;38;0
63;0x36afdaf439a8f43fe72135135d804ae620b37a474f0943b5b85f6788312cad40;69;0
64;0x36afdaf439a8f43fe72135135d804ae620b37a474f0943b5b85f6788312cad40;31;0
65;0x36afdaf439a8f43fe72135135d804ae620b37a474f0943b5b85f6788312cad40;53;0
66;0x36afdaf439a8f43fe72135135d804ae620b37a474f0943b5b85f6788312cad40;50;0
67;0x36afdaf439a8f43fe72135135d804ae620b37a474f0943b5b85f6788312cad40;45;0
68;0x36afdaf439a8f43fe72135135d804ae620b37a474f0943b5b85f6788312cad40;57;0
69;0x36afdaf439a8f43fe72135135d804ae620b37a474f0943b5b85f6788312cad40;66;0
70;0x36afdaf439a8f43fe72135135d804ae620b37a474f0943b5b85f6788312cad40;41;0
71;0x36afdaf439a8f43fe72135135d804ae620b37a474f0943b5b85f6788312cad40;31;0
72;0x36afdaf439a8f43fe72135135d804ae620b37a474f0943b5b85f6788312cad40;47;0
73;0x36afdaf439a8f43fe72135135d804ae620b37a474f0943b5b85f6788312cad40;62;0
74;0x36afdaf439a8f43fe72135135d804ae620b37a474f0943b5b85f6788312cad40;36;0
75;0x36afdaf439a8f43fe72135135d804ae620b37a474f0943b5b85f6788312cad40;51;0
76;0x36afdaf439a8f43fe72135135d804ae620b37a474f0943b5b85f6788312cad40;104;0
77;0x36afdaf439a8f43fe72135135d804ae620b37a474f0943b5b85f6788312cad40;44;0
78;0x36afdaf439a8f43fe72135135d804ae620b37a474f0943b5b85f6788312cad40;35;0
79;0x36afdaf439a8f43fe72135135d804ae620b37a474f0943b5b85f6788312cad40;89;0
80;0x36afdaf439a8f43fe72135135d804ae620b37a474f0943b5b85f6788312cad40;32;0
81;0x36afdaf439a8f43fe72135135d804ae620b37a474f0943b5b85f6788312cad40;45;0
82;0x36afdaf439a8f43fe72135135d804ae620b37a474f0943b5b85f6788312cad40;79;0
83;0x36afdaf439a8f43fe72135135d804ae620b37a474f0943b5b85f6788312cad40;96;0
84;0x36afdaf439a8f43fe72135135d804ae620b37a474f0943b5b85f6788312cad40;84;0
85;0x36afdaf439a8f43fe72135135d804ae620b37a474f0943b5b85f6788312cad40;52;0
86;0x36afdaf439a8f43fe72135135d804ae620b37a474f0943b5b85f6788312cad40;39;0
87;0x36afdaf439a8f43fe72135135d804ae620b37a474f0943b5b85f6788312cad40;44;0
88;0x36afdaf439a8f43fe72135135d804ae620b37a474f0943b5b85f6788312cad40;48;0
89;0x36afdaf439a8f43fe72135135d804ae620b37a474f0943b5b85f6788312cad40;62;0
90;0x36afdaf439a8f43fe72135135d804ae620b37a474f0943b5b85f6788312cad40;46;0
91;0x36afdaf439a8f43fe72135135d804ae620b37a474f0943b5b85f6788312cad40;48;0
92;0x36afdaf439a8f43fe72135135d804ae620b37a474f0943b5b85f6788312cad40;61;0
93;0x36afdaf439a8f43fe72135135d804ae620b37a474f0943b5b85f6788312cad40;71;0
94;0x36afdaf439a8f43fe72135135d804ae620b37a474f0943b5b85f6788312cad40;67;0
95;0x36afdaf439a8f43fe72135135d804ae620b37a474f0943b5b85f6788312cad40;81;0
96;0x36afdaf439a8f43fe72135135d804ae620b37a474f0943b5b85f6788312cad40;93;0
97;0x36afdaf439a8f43fe72135135d804ae620b37a474f0943b5b85f6788312cad40;31;0
98;0x36afdaf439a8f43fe72135135d804ae620b37a474f0943b5b85f6788312cad40;63;0
99;0x36afdaf439a8f43fe72135135d804ae620b37a474f0943b5b85f6788312cad40;58;0
100;0x36afdaf439a8f43fe72135135d804ae620b37a474f0943b5b85f6788312cad40;47;0
101;0x36afdaf439a8f43fe72135135d804ae620b37a474f0943b5b85f6788312cad40;48;0
102;0x36afdaf439a8f43fe72135135d804ae620b37a474f0943b5b85f6788312cad40;41;0
103;0x36afdaf439a8f43fe72135135d804ae620b37a474f0943b5b85f6788312cad40;47;0
104;0x36afdaf439a8f43fe72135135d804ae620b37a474f0943b5b85f6788312cad40;46;0
105;0x36afdaf439a8f43fe72135135d804ae620b37a474f0943b5b85f6788312cad40;98;0
106;0x36afdaf439a8f43fe72135135d804ae620b37a474f0943b5b85f6788312cad40;49;0
107;0x36afdaf439a8f43fe72135135d804ae620b37a474f0943b5b85f6788312cad40;67;0
108;0x36afdaf439a8f43fe72135135d804ae620b37a474f0943b5b85f6788312cad40;58;0
109;0x36afdaf439a8f43fe72135135d804ae620b37a474f0943b5b85f6788312cad40;47;0
110;0x36afdaf439a8f43fe72135135d804ae620b37a474f0943b5b85f6788312cad40;32;0
111;0x36afdaf439a8f43fe72135135d804ae620b37a474f0943b5b85f6788312cad40;60;0
112;0x36afdaf439a8f43fe72135135d804ae620b37a474f0943b5b85f6788312cad40;59;0
113;0x36afdaf439a8f43fe72135135d804ae620b37a474f0943b5b85f6788312cad40;51;0
114;0x36afdaf439a8f43fe72135135d804ae620b37a474f0943b5b85f6788312cad40;101;0
115;0x36afdaf439a8f43fe72135135d804ae620b37a474f0943b5b85f6788312cad40;101;0
116;0x36afdaf439a8f43fe72135135d804ae620b37a474f0943b5b85f6788312cad40;63;0
117;0x36afdaf439a8f43fe72135135d804ae620b37a474f0943b5b85f6788312cad40;75;0
118;0x36afdaf439a8f43fe72135135d804ae620b37a474f0943b5b85f6788312cad40;30;0
119;0x36afdaf439a8f43fe72135135d804ae620b37a474f0943b5b85f6788312cad40;60;0
120;0x36afdaf439a8f43fe72135135d804ae620b37a474f0943b5b85f6788312cad40;51;0
121;0x36afdaf439a8f43fe72135135d804ae620b37a474f0943b5b85f6788312cad40;49;0
122;0x36afdaf439a8f43fe72135135d804ae620b37a474f0943b5b85f6788312cad40;45;0
123;0x36afdaf439a8f43fe72135135d804ae620b37a474f0943b5b85f6788312cad40;54;0
124;0x36afdaf439a8f43fe72135135d804ae620b37a474f0943b5b85f6788312cad40;45;0
125;0x36afdaf439a8f43fe72135135d804ae620b37a474f0943b5b85f6788312cad40;60;0
126;0x36afdaf439a8f43fe72135135d804ae620b37a474f0943b5b85f6788312cad40;62;0
127;0x36afdaf439a8f43fe72135135d804ae620b37a474f0943b5b85f6788312cad40;57;0
128;0x36afdaf439a8f43fe72135135d804ae620b37a474f0943b5b85f6788312cad40;66;0
129;0x36afdaf439a8f43fe72135135d804ae620b37a474f0943b5b85f6788312cad40;43;0
130;0x36afdaf439a8f43fe72135135d804ae620b37a474f0943b5b85f6788312cad40;45;0
131;0x36afdaf439a8f43fe72135135d804ae620b37a474f0943b5b85f6788312cad40;58;0
132;0x36afdaf439a8f43fe72135135d804ae620b37a474f0943b5b85f6788312cad40;47;0
133;0x36afdaf439a8f43fe72135135d804ae620b37a474f0943b5b85f6788312cad40;35;0
134;0x36afdaf439a8f43fe72135135d804ae620b37a474f0943b5b85f6788312cad40;41;0
135;0x36afdaf439a8f43fe72135135d804ae620b37a474f0943b5b85f6788312cad40;44;0
136;0x36afdaf439a8f43fe72135135d804ae620b37a474f0943b5b85f6788312cad40;46;0
137;0x36afdaf439a8f43fe72135135d804ae620b37a474f0943b5b85f6788312cad40;30;0
138;0x36afdaf439a8f43fe72135135d804ae620b37a474f0943b5b85f6788312cad40;34;0
139;0x36afdaf439a8f43fe72135135d804ae620b37a474f0943b5b85f6788312cad40;55;0
140;0x36afdaf439a8f43fe72135135d804ae620b37a474f0943b5b85f6788312cad40;55;0
141;0x36afdaf439a8f43fe72135135d804ae620b37a474f0943b5b85f6788312cad40;77;0
142;0x36afdaf439a8f43fe72135135d804ae620b37a474f0943b5b85f6788312cad40;36;0
143;0x36afdaf439a8f43fe72135135d804ae620b37a474f0943b5b85f6788312cad40;49;0
144;0x36afdaf439a8f43fe72135135d804ae620b37a474f0943b5b85f6788312cad40;56;0
145;0x36afdaf439a8f43fe72135135d804ae620b37a474f0943b5b85f6788312cad40;54;0
146;0x36afdaf439a8f43fe72135135d804ae620b37a474f0943b5b85f6788312cad40;27;0
147;0x36afdaf439a8f43fe72135135d804ae620b37a474f0943b5b85f6788312cad40;90;0
148;0x36afdaf439a8f43fe72135135d804ae620b37a474f0943b5b85f6788312cad40;46;0
149;0x36afdaf439a8f43fe72135135d804ae620b37a474f0943b5b85f6788312cad40;97;0
150;0x36afdaf439a8f43fe72135135d804ae620b37a474f0943b5b85f6788312cad40;55;0
151;0x36afdaf439a8f43fe72135135d804ae620b37a474f0943b5b85f6788312cad40;37;0
152;0x36afdaf439a8f43fe72135135d804ae620b37a474f0943b5b85f6788312cad40;46;0
153;0x36afdaf439a8f43fe72135135d804ae620b37a474f0943b5b85f6788312cad40;51;0
154;0x36afdaf439a8f43fe72135135d804ae620b37a474f0943b5b85f6788312cad40;48;0
155;0x36afdaf439a8f43fe72135135d804ae620b37a474f0943b5b85f6788312cad40;37;0
156;0x36afdaf439a8f43fe72135135d804ae620b37a474f0943b5b85f6788312cad40;60;0
157;0x36afdaf439a8f43fe72135135d804ae620b37a474f0943b5b85f6788312cad40;41;0
158;0x36afdaf439a8f43fe72135135d804ae620b37a474f0943b5b85f6788312cad40;42;0
159;0x36afdaf439a8f43fe72135135d804ae620b37a474f0943b5b85f6788312cad40;42;0
160;0x36afdaf439a8f43fe72135135d804ae620b37a474f0943b5b85f6788312cad40;30;0
161;0x36afdaf439a8f43fe72135135d804ae620b37a474f0943b5b85f6788312cad40;40;0
162;0x36afdaf439a8f43fe72135135d804ae620b37a474f0943b5b85f6788312cad40;51;0
163;0x36afdaf439a8f43fe72135135d804ae620b37a474f0943b5b85f6788312cad40;46;0
164;0x36afdaf439a8f43fe72135135d804ae620b37a474f0943b5b85f6788312cad40;72;0
165;0x36afdaf439a8f43fe72135135d804ae620b37a474f0943b5b85f6788312cad40;73;0
166;0x36afdaf439a8f43fe72135135d804ae620b37a474f0943b5b85f6788312cad40;44;0
167;0x36afdaf439a8f43fe72135135d804ae620b37a474f0943b5b85f6788312cad40;37;0
168;0x36afdaf439a8f43fe72135135d804ae620b37a474f0943b5b85f6788312cad40;59;0
169;0x36afdaf439a8f43fe72135135d804ae620b37a474f0943b5b85f6788312cad40;44;0
170;0x36afdaf439a8f43fe72135135d804ae620b37a474f0943b5b85f6788312cad40;45;0
171;0x36afdaf439a8f43fe72135135d804ae620b37a474f0943b5b85f6788312cad40;65;0
172;0x36afdaf439a8f43fe72135135d804ae620b37a474f0943b5b85f6788312cad40;61;0
173;0x36afdaf439a8f43fe72135135d804ae620b37a474f0943b5b85f6788312cad40;48;0
174;0x36afdaf439a8f43fe72135135d804ae620b37a474f0943b5b85f6788312cad40;52;0
175;0x36afdaf439a8f43fe72135135d804ae620b37a474f0943b5b85f6788312cad40;46;0
176;0x36afdaf439a8f43fe72135135d804ae620b37a474f0943b5b85f6788312cad40;54;0
177;0x36afdaf439a8f43fe72135135d804ae620b37a474f0943b5b85f6788312cad40;52;0
178;0x36afdaf439a8f43fe72135135d804ae620b37a474f0943b5b85f6788312cad40;67;0
179;0x36afdaf439a8f43fe72135135d804ae620b37a474f0943b5b85f6788312cad40;59;0
180;0x36afdaf439a8f43fe72135135d804ae620b37a474f0943b5b85f6788312cad40;41;0
181;0x36afdaf439a8f43fe72135135d804ae620b37a474f0943b5b85f6788312cad40;30;0
182;0x36afdaf439a8f43fe72135135d804ae620b37a474f0943b5b85f6788312cad40;60;0
183;0x36afdaf439a8f43fe72135135d804ae620b37a474f0943b5b85f6788312cad40;100;0
184;0x36afdaf439a8f43fe72135135d804ae620b37a474f0943b5b85f6788312cad40;61;0
185;0x36afdaf439a8f43fe72135135d804ae620b37a474f0943b5b85f6788312cad40;66;0
186;0x36afdaf439a8f43fe72135135d804ae620b37a474f0943b5b85f6788312cad40;41;0
187;0x36afdaf439a8f43fe72135135d804ae620b37a474f0943b5b85f6788312cad40;28;0
188;0x36afdaf439a8f43fe72135135d804ae620b37a474f0943b5b85f6788312cad40;56;0
189;0x36afdaf439a8f43fe72135135d804ae620b37a474f0943b5b85f6788312cad40;32;0
190;0x36afdaf439a8f43fe72135135d804ae620b37a474f0943b5b85f6788312cad40;37;0
191;0x36afdaf439a8f43fe72135135d804ae620b37a474f0943b5b85f6788312cad40;39;0
192;0x36afdaf439a8f43fe72135135d804ae620b37a474f0943b5b85f6788312cad40;65;0
193;0x36afdaf439a8f43fe72135135d804ae620b37a474f0943b5b85f6788312cad40;91;0
194;0x36afdaf439a8f43fe72135135d804ae620b37a474f0943b5b85f6788312cad40;39;0
195;0x36afdaf439a8f43fe72135135d804ae620b37a474f0943b5b85f6788312cad40;45;0
196;0x36afdaf439a8f43fe72135135d804ae620b37a474f0943b5b85f6788312cad40;86;0
197;0x36afdaf439a8f43fe72135135d804ae620b37a474f0943b5b85f6788312cad40;44;0
198;0x36afdaf439a8f43fe72135135d804ae620b37a474f0943b5b85f6788312cad40;58;0
199;0x36afdaf439a8f43fe72135135d804ae620b37a474f0943b5b85f6788312cad40;45;0
200;0x36afdaf439a8f43fe72135135d804ae620b37a474f0943b5b85f6788312cad40;51;0
201;0x36afdaf439a8f43fe72135135d804ae620b37a474f0943b5b85f6788312cad40;84;0
202;0x36afdaf439a8f43fe72135135d804ae620b37a474f0943b5b85f6788312cad40;98;0
203;0x36afdaf439a8f43fe72135135d804ae620b37a474f0943b5b85f6788312cad40;51;0
204;0x36afdaf439a8f43fe72135135d804ae620b37a474f0943b5b85f6788312cad40;29;0
205;0x36afdaf439a8f43fe72135135d804ae620b37a474f0943b5b85f6788312cad40;46;0
206;0x36afdaf439a8f43fe72135135d804ae620b37a474f0943b5b85f6788312cad40;57;0
207;0x36afdaf439a8f43fe72135135d804ae620b37a474f0943b5b85f6788312cad40;58;0
208;0x36afdaf439a8f43fe72135135d804ae620b37a474f0943b5b85f6788312cad40;73;0
209;0x36afdaf439a8f43fe72135135d804ae620b37a474f0943b5b85f6788312cad40;88;0
210;0x36afdaf439a8f43fe72135135d804ae620b37a474f0943b5b85f6788312cad40;61;0
211;0x36afdaf439a8f43fe72135135d804ae620b37a474f0943b5b85f6788312cad40;77;0
212;0x36afdaf439a8f43fe72135135d804ae620b37a474f0943b5b85f6788312cad40;96;0
213;0x36afdaf439a8f43fe72135135d804ae620b37a474f0943b5b85f6788312cad40;29;0
214;0x36afdaf439a8f43fe72135135d804ae620b37a474f0943b5b85f6788312cad40;28;0
215;0x36afdaf439a8f43fe72135135d804ae620b37a474f0943b5b85f6788312cad40;57;0
216;0x36afdaf439a8f43fe72135135d804ae620b37a474f0943b5b85f6788312cad40;99;0
217;0x36afdaf439a8f43fe72135135d804ae620b37a474f0943b5b85f6788312cad40;34;0
218;0x36afdaf439a8f43fe72135135d804ae620b37a474f0943b5b85f6788312cad40;59;0
219;0x36afdaf439a8f43fe72135135d804ae620b37a474f0943b5b85f6788312cad40;55;0
220;0x36afdaf439a8f43fe72135135d804ae620b37a474f0943b5b85f6788312cad40;57;0
221;0x36afdaf439a8f43fe72135135d804ae620b37a474f0943b5b85f6788312cad40;44;0
222;0x36afdaf439a8f43fe72135135d804ae620b37a474f0943b5b85f6788312cad40;56;0
223;0x36afdaf439a8f43fe72135135d804ae620b37a474f0943b5b85f6788312cad40;32;0
224;0x36afdaf439a8f43fe72135135d804ae620b37a474f0943b5b85f6788312cad40;40;0
225;0x36afdaf439a8f43fe72135135d804ae620b37a474f0943b5b85f6788312cad40;97;0
226;0x36afdaf439a8f43fe72135135d804ae620b37a474f0943b5b85f6788312cad40;95;0
227;0x36afdaf439a8f43fe72135135d804ae620b37a474f0943b5b85f6788312cad40;62;0
228;0x36afdaf439a8f43fe72135135d804ae620b37a474f0943b5b85f6788312cad40;48;0
229;0x36afdaf439a8f43fe72135135d804ae620b37a474f0943b5b85f6788312cad40;35;0
230;0x36afdaf439a8f43fe72135135d804ae620b37a474f0943b5b85f6788312cad40;83;0
231;0x36afdaf439a8f43fe72135135d804ae620b37a474f0943b5b85f6788312cad40;56;0
232;0x36afdaf439a8f43fe72135135d804ae620b37a474f0943b5b85f6788312cad40;43;0
233;0x36afdaf439a8f43fe72135135d804ae620b37a474f0943b5b85f6788312cad40;91;0
234;0x36afdaf439a8f43fe72135135d804ae620b37a474f0943b5b85f6788312cad40;29;0
235;0x36afdaf439a8f43fe72135135d804ae620b37a474f0943b5b85f6788312cad40;30;0
236;0x36afdaf439a8f43fe72135135d804ae620b37a474f0943b5b85f6788312cad40;91;0
237;0x36afdaf439a8f43fe72135135d804ae620b37a474f0943b5b85f6788312cad40;57;0
238;0x36afdaf439a8f43fe72135135d804ae620b37a474f0943b5b85f6788312cad40;40;0
239;0x36afdaf439a8f43fe72135135d804ae620b37a474f0943b5b85f6788312cad40;29;0
240;0x36afdaf439a8f43fe72135135d804ae620b37a474f0943b5b85f6788312cad40;58;0
241;0x36afdaf439a8f43fe72135135d804ae620b37a474f0943b5b85f6788312cad40;90;0
242;0x36afdaf439a8f43fe72135135d804ae620b37a474f0943b5b85f6788312cad40;48;0
243;0x36afdaf439a8f43fe72135135d804ae620b37a474f0943b5b85f6788312cad40;60;0
244;0x36afdaf439a8f43fe72135135d804ae620b37a474f0943b5b85f6788312cad40;63;0
245;0x36afdaf439a8f43fe72135135d804ae620b37a474f0943b5b85f6788312cad40;57;0
246;0x36afdaf439a8f43fe72135135d804ae620b37a474f0943b5b85f6788312cad40;55;0
247;0x36afdaf439a8f43fe72135135d804ae620b37a474f0943b5b85f6788312cad40;59;0
248;0x36afdaf439a8f43fe72135135d804ae620b37a474f0943b5b85f6788312cad40;52;0
249;0x36afdaf439a8f43fe72135135d804ae620b37a474f0943b5b85f6788312cad40;60;0
250;0x36afdaf439a8f43fe72135135d804ae620b37a474f0943b5b85f6788312cad40;55;0
251;0x36afdaf439a8f43fe72135135d804ae620b37a474f0943b5b85f6788312cad40;37;0
252;0x36afdaf439a8f43fe72135135d804ae620b37a474f0943b5b85f6788312cad40;65;0
253;0x36afdaf439a8f43fe72135135d804ae620b37a474f0943b5b85f6788312cad40;92;0
254;0x36afdaf439a8f43fe72135135d804ae620b37a474f0943b5b85f6788312cad40;37;0
255;0x36afdaf439a8f43fe72135135d804ae620b37a474f0943b5b85f6788312cad40;46;0
256;0x36afdaf439a8f43fe72135135d804ae620b37a474f0943b5b85f6788312cad40;78;0
257;0x36afdaf439a8f43fe72135135d804ae620b37a474f0943b5b85f6788312cad40;30;0
258;0x36afdaf439a8f43fe72135135d804ae620b37a474f0943b5b85f6788312cad40;48;0
259;0x36afdaf439a8f43fe72135135d804ae620b37a474f0943b5b85f6788312cad40;56;0
260;0x36afdaf439a8f43fe72135135d804ae620b37a474f0943b5b85f6788312cad40;57;0
261;0x36afdaf439a8f43fe72135135d804ae620b37a474f0943b5b85f6788312cad40;89;0
262;0x36afdaf439a8f43fe72135135d804ae620b37a474f0943b5b85f6788312cad40;32;0
263;0x36afdaf439a8f43fe72135135d804ae620b37a474f0943b5b85f6788312cad40;82;0
264;0x36afdaf439a8f43fe72135135d804ae620b37a474f0943b5b85f6788312cad40;73;0
265;0x36afdaf439a8f43fe72135135d804ae620b37a474f0943b5b85f6788312cad40;74;0
266;0x36afdaf439a8f43fe72135135d804ae620b37a474f0943b5b85f6788312cad40;58;0
267;0x36afdaf439a8f43fe72135135d804ae620b37a474f0943b5b85f6788312cad40;97;0
268;0x36afdaf439a8f43fe72135135d804ae620b37a474f0943b5b85f6788312cad40;44;0
269;0x36afdaf439a8f43fe72135135d804ae620b37a474f0943b5b85f6788312cad40;41;0
270;0x36afdaf439a8f43fe72135135d804ae620b37a474f0943b5b85f6788312cad40;62;0
271;0x36afdaf439a8f43fe72135135d804ae620b37a474f0943b5b85f6788312cad40;49;0
272;0x36afdaf439a8f43fe72135135d804ae620b37a474f0943b5b85f6788312cad40;89;0
273;0x36afdaf439a8f43fe72135135d804ae620b37a474f0943b5b85f6788312cad40;70;0
274;0x36afdaf439a8f43fe72135135d804ae620b37a474f0943b5b85f6788312cad40;54;0
275;0x36afdaf439a8f43fe72135135d804ae620b37a474f0943b5b85f6788312cad40;60;0
276;0x36afdaf439a8f43fe72135135d804ae620b37a474f0943b5b85f6788312cad40;58;0
277;0x36afdaf439a8f43fe72135135d804ae620b37a474f0943b5b85f6788312cad40;62;0
278;0x36afdaf439a8f43fe72135135d804ae620b37a474f0943b5b85f6788312cad40;43;0
279;0x36afdaf439a8f43fe72135135d804ae620b37a474f0943b5b85f6788312cad40;30;0
280;0x36afdaf439a8f43fe72135135d804ae620b37a474f0943b5b85f6788312cad40;101;0
281;0x36afdaf439a8f43fe72135135d804ae620b37a474f0943b5b85f6788312cad40;41;0
282;0x36afdaf439a8f43fe72135135d804ae620b37a474f0943b5b85f6788312cad40;66;0
283;0x36afdaf439a8f43fe72135135d804ae620b37a474f0943b5b85f6788312cad40;48;0
284;0x36afdaf439a8f43fe72135135d804ae620b37a474f0943b5b85f6788312cad40;66;0
285;0x36afdaf439a8f43fe72135135d804ae620b37a474f0943b5b85f6788312cad40;34;0
286;0x36afdaf439a8f43fe72135135d804ae620b37a474f0943b5b85f6788312cad40;45;0
287;0x36afdaf439a8f43fe72135135d804ae620b37a474f0943b5b85f6788312cad40;53;0
288;0x36afdaf439a8f43fe72135135d804ae620b37a474f0943b5b85f6788312cad40;51;0
289;0x36afdaf439a8f43fe72135135d804ae620b37a474f0943b5b85f6788312cad40;37;0
290;0x36afdaf439a8f43fe72135135d804ae620b37a474f0943b5b85f6788312cad40;39;0
291;0x36afdaf439a8f43fe72135135d804ae620b37a474f0943b5b85f6788312cad40;54;0
292;0x36afdaf439a8f43fe72135135d804ae620b37a474f0943b5b85f6788312cad40;46;0
293;0x36afdaf439a8f43fe72135135d804ae620b37a474f0943b5b85f6788312cad40;44;0
294;0x36afdaf439a8f43fe72135135d804ae620b37a474f0943b5b85f6788312cad40;43;0
295;0x36afdaf439a8f43fe72135135d804ae620b37a474f0943b5b85f6788312cad40;60;0
296;0x36afdaf439a8f43fe72135135d804ae620b37a474f0943b5b85f6788312cad40;67;0
297;0x36afdaf439a8f43fe72135135d804ae620b37a474f0943b5b85f6788312cad40;74;0
298;0x36afdaf439a8f43fe72135135d804ae620b37a474f0943b5b85f6788312cad40;93;0
299;0x36afdaf439a8f43fe72135135d804ae620b37a474f0943b5b85f6788312cad40;43;0
300;0x36afdaf439a8f43fe72135135d804ae620b37a474f0943b5b85f6788312cad40;35;0
301;0x36afdaf439a8f43fe72135135d804ae620b37a474f0943b5b85f6788312cad40;25;0
302;0x36afdaf439a8f43fe72135135d804ae620b37a474f0943b5b85f6788312cad40;33;0
303;0x36afdaf439a8f43fe72135135d804ae620b37a474f0943b5b85f6788312cad40;48;0
304;0x36afdaf439a8f43fe72135135d804ae620b37a474f0943b5b85f6788312cad40;28;0
305;0x36afdaf439a8f43fe72135135d804ae620b37a474f0943b5b85f6788312cad40;52;0
306;0x36afdaf439a8f43fe72135135d804ae620b37a474f0943b5b85f6788312cad40;32;0
307;0x36afdaf439a8f43fe72135135d804ae620b37a474f0943b5b85f6788312cad40;47;0
308;0x36afdaf439a8f43fe72135135d804ae620b37a474f0943b5b85f6788312cad40;42;0
309;0x36afdaf439a8f43fe72135135d804ae620b37a474f0943b5b85f6788312cad40;57;0
310;0x36afdaf439a8f43fe72135135d804ae620b37a474f0943b5b85f6788312cad40;45;0
311;0x36afdaf439a8f43fe72135135d804ae620b37a474f0943b5b85f6788312cad40;43;0
312;0x36afdaf439a8f43fe72135135d804ae620b37a474f0943b5b85f6788312cad40;35;0
313;0x36afdaf439a8f43fe72135135d804ae620b37a474f0943b5b85f6788312cad40;55;0
314;0x36afdaf439a8f43fe72135135d804ae620b37a474f0943b5b85f6788312cad40;26;0
315;0x36afdaf439a8f43fe72135135d804ae620b37a474f0943b5b85f6788312cad40;68;0
316;0x36afdaf439a8f43fe72135135d804ae620b37a474f0943b5b85f6788312cad40;70;0
317;0x36afdaf439a8f43fe72135135d804ae620b37a474f0943b5b85f6788312cad40;69;0
318;0x36afdaf439a8f43fe72135135d804ae620b37a474f0943b5b85f6788312cad40;70;0
319;0x36afdaf439a8f43fe72135135d804ae620b37a474f0943b5b85f6788312cad40;50;0
320;0x36afdaf439a8f43fe72135135d804ae620b37a474f0943b5b85f6788312cad40;66;0
321;0x36afdaf439a8f43fe72135135d804ae620b37a474f0943b5b85f6788312cad40;34;0
322;0x36afdaf439a8f43fe72135135d804ae620b37a474f0943b5b85f6788312cad40;33;0
323;0x36afdaf439a8f43fe72135135d804ae620b37a474f0943b5b85f6788312cad40;36;0
324;0x36afdaf439a8f43fe72135135d804ae620b37a474f0943b5b85f6788312cad40;47;0
325;0x36afdaf439a8f43fe72135135d804ae620b37a474f0943b5b85f6788312cad40;43;0
326;0x36afdaf439a8f43fe72135135d804ae620b37a474f0943b5b85f6788312cad40;99;0
327;0x36afdaf439a8f43fe72135135d804ae620b37a474f0943b5b85f6788312cad40;41;0
328;0x36afdaf439a8f43fe72135135d804ae620b37a474f0943b5b85f6788312cad40;53;0
329;0x36afdaf439a8f43fe72135135d804ae620b37a474f0943b5b85f6788312cad40;90;0
330;0x36afdaf439a8f43fe72135135d804ae620b37a474f0943b5b85f6788312cad40;54;0
331;0x36afdaf439a8f43fe72135135d804ae620b37a474f0943b5b85f6788312cad40;58;0
332;0x36afdaf439a8f43fe72135135d804ae620b37a474f0943b5b85f6788312cad40;89;0
333;0x36afdaf439a8f43fe72135135d804ae620b37a474f0943b5b85f6788312cad40;56;0
334;0x36afdaf439a8f43fe72135135d804ae620b37a474f0943b5b85f6788312cad40;65;0
335;0x36afdaf439a8f43fe72135135d804ae620b37a474f0943b5b85f6788312cad40;100;0
336;0x36afdaf439a8f43fe72135135d804ae620b37a474f0943b5b85f6788312cad40;83;0
337;0x36afdaf439a8f43fe72135135d804ae620b37a474f0943b5b85f6788312cad40;29;0
338;0x36afdaf439a8f43fe72135135d804ae620b37a474f0943b5b85f6788312cad40;60;0
339;0x36afdaf439a8f43fe72135135d804ae620b37a474f0943b5b85f6788312cad40;27;0
340;0x36afdaf439a8f43fe72135135d804ae620b37a474f0943b5b85f6788312cad40;27;0
341;0x36afdaf439a8f43fe72135135d804ae620b37a474f0943b5b85f6788312cad40;45;0
342;0x36afdaf439a8f43fe72135135d804ae620b37a474f0943b5b85f6788312cad40;37;0
343;0x36afdaf439a8f43fe72135135d804ae620b37a474f0943b5b85f6788312cad40;32;0
344;0x36afdaf439a8f43fe72135135d804ae620b37a474f0943b5b85f6788312cad40;37;0
345;0x36afdaf439a8f43fe72135135d804ae620b37a474f0943b5b85f6788312cad40;68;0
346;0x36afdaf439a8f43fe72135135d804ae620b37a474f0943b5b85f6788312cad40;44;0
347;0x36afdaf439a8f43fe72135135d804ae620b37a474f0943b5b85f6788312cad40;98;0
348;0x36afdaf439a8f43fe72135135d804ae620b37a474f0943b5b85f6788312cad40;57;0
349;0x36afdaf439a8f43fe72135135d804ae620b37a474f0943b5b85f6788312cad40;60;0
350;0x36afdaf439a8f43fe72135135d804ae620b37a474f0943b5b85f6788312cad40;39;0
351;0x36afdaf439a8f43fe72135135d804ae620b37a474f0943b5b85f6788312cad40;74;0
352;0x36afdaf439a8f43fe72135135d804ae620b37a474f0943b5b85f6788312cad40;38;0
353;0x36afdaf439a8f43fe72135135d804ae620b37a474f0943b5b85f6788312cad40;63;0
354;0x36afdaf439a8f43fe72135135d804ae620b37a474f0943b5b85f6788312cad40;86;0
355;0x36afdaf439a8f43fe72135135d804ae620b37a474f0943b5b85f6788312cad40;62;0
356;0x36afdaf439a8f43fe72135135d804ae620b37a474f0943b5b85f6788312cad40;62;0
357;0x36afdaf439a8f43fe72135135d804ae620b37a474f0943b5b85f6788312cad40;79;0
358;0x36afdaf439a8f43fe72135135d804ae620b37a474f0943b5b85f6788312cad40;61;0
359;0x36afdaf439a8f43fe72135135d804ae620b37a474f0943b5b85f6788312cad40;37;0
360;0x36afdaf439a8f43fe72135135d804ae620b37a474f0943b5b85f6788312cad40;44;0
361;0x36afdaf439a8f43fe72135135d804ae620b37a474f0943b5b85f6788312cad40;100;0
362;0x36afdaf439a8f43fe72135135d804ae620b37a474f0943b5b85f6788312cad40;19;0
363;0x36afdaf439a8f43fe72135135d804ae620b37a474f0943b5b85f6788312cad40;20;0
364;0x36afdaf439a8f43fe72135135d804ae620b37a474f0943b5b85f6788312cad40;20;0
365;0x36afdaf439a8f43fe72135135d804ae620b37a474f0943b5b85f6788312cad40;19;0
366;0x36afdaf439a8f43fe72135135d804ae620b37a474f0943b5b85f6788312cad40;21;0
367;0x36afdaf439a8f43fe72135135d804ae620b37a474f0943b5b85f6788312cad40;21;0
368;0x36afdaf439a8f43fe72135135d804ae620b37a474f0943b5b85f6788312cad40;22;0
369;0x36afdaf439a8f43fe72135135d804ae620b37a474f0943b5b85f6788312cad40;22;0
370;0x36afdaf439a8f43fe72135135d804ae620b37a474f0943b5b85f6788312cad40;25;0
371;0x36afdaf439a8f43fe72135135d804ae620b37a474f0943b5b85f6788312cad40;19;0
372;0x36afdaf439a8f43fe72135135d804ae620b37a474f0943b5b85f6788312cad40;22;0
373;0x36afdaf439a8f43fe72135135d804ae620b37a474f0943b5b85f6788312cad40;24;0
374;0x36afdaf439a8f43fe72135135d804ae620b37a474f0943b5b85f6788312cad40;22;0
375;0x36afdaf439a8f43fe72135135d804ae620b37a474f0943b5b85f6788312cad40;18;0
376;0x36afdaf439a8f43fe72135135d804ae620b37a474f0943b5b85f6788312cad40;24;0
377;0x36afdaf439a8f43fe72135135d804ae620b37a474f0943b5b85f6788312cad40;22;0
378;0x36afdaf439a8f43fe72135135d804ae620b37a474f0943b5b85f6788312cad40;22;0
379;0x36afdaf439a8f43fe72135135d804ae620b37a474f0943b5b85f6788312cad40;20;0
380;0x36afdaf439a8f43fe72135135d804ae620b37a474f0943b5b85f6788312cad40;21;0
381;0x36afdaf439a8f43fe72135135d804ae620b37a474f0943b5b85f6788312cad40;21;0
382;0x36afdaf439a8f43fe72135135d804ae620b37a474f0943b5b85f6788312cad40;22;0
383;0x36afdaf439a8f43fe72135135d804ae620b37a474f0943b5b85f6788312cad40;19;0
384;0x36afdaf439a8f43fe72135135d804ae620b37a474f0943b5b85f6788312cad40;29;0
385;0x36afdaf439a8f43fe72135135d804ae620b37a474f0943b5b85f6788312cad40;20;0
386;0x36afdaf439a8f43fe72135135d804ae620b37a474f0943b5b85f6788312cad40;21;0
387;0x36afdaf439a8f43fe72135135d804ae620b37a474f0943b5b85f6788312cad40;22;0
388;0x36afdaf439a8f43fe72135135d804ae620b37a474f0943b5b85f6788312cad40;24;0
389;0x36afdaf439a8f43fe72135135d804ae620b37a474f0943b5b85f6788312cad40;21;0
390;0x36afdaf439a8f43fe72135135d804ae620b37a474f0943b5b85f6788312cad40;22;0
391;0x36afdaf439a8f43fe72135135d804ae620b37a474f0943b5b85f6788312cad40;20;0
392;0x36afdaf439a8f43fe72135135d804ae620b37a474f0943b5b85f6788312cad40;30;0
393;0x36afdaf439a8f43fe72135135d804ae620b37a474f0943b5b85f6788312cad40;23;0
394;0x36afdaf439a8f43fe72135135d804ae620b37a474f0943b5b85f6788312cad40;22;0
395;0x36afdaf439a8f43fe72135135d804ae620b37a474f0943b5b85f6788312cad40;23;0
396;0x36afdaf439a8f43fe72135135d804ae620b37a474f0943b5b85f6788312cad40;19;0
397;0x36afdaf439a8f43fe72135135d804ae620b37a474f0943b5b85f6788312cad40;22;0
398;0x36afdaf439a8f43fe72135135d804ae620b37a474f0943b5b85f6788312cad40;21;0
399;0x36afdaf439a8f43fe72135135d804ae620b37a474f0943b5b85f6788312cad40;21;0
400;0x36afdaf439a8f43fe72135135d804ae620b37a474f0943b5b85f6788312cad40;22;0
401;0x36afdaf439a8f43fe72135135d804ae620b37a474f0943b5b85f6788312cad40;24;0
402;0x36afdaf439a8f43fe72135135d804ae620b37a474f0943b5b85f6788312cad40;23;0
403;0x36afdaf439a8f43fe72135135d804ae620b37a474f0943b5b85f6788312cad40;32;0
404;0x36afdaf439a8f43fe72135135d804ae620b37a474f0943b5b85f6788312cad40;30;0
405;0x36afdaf439a8f43fe72135135d804ae620b37a474f0943b5b85f6788312cad40;22;0
406;0x36afdaf439a8f43fe72135135d804ae620b37a474f0943b5b85f6788312cad40;18;0
407;0x36afdaf439a8f43fe72135135d804ae620b37a474f0943b5b85f6788312cad40;21;0
408;0x36afdaf439a8f43fe72135135d804ae620b37a474f0943b5b85f6788312cad40;21;0
409;0x36afdaf439a8f43fe72135135d804ae620b37a474f0943b5b85f6788312cad40;20;0
410;0x36afdaf439a8f43fe72135135d804ae620b37a474f0943b5b85f6788312cad40;21;0
411;0x36afdaf439a8f43fe72135135d804ae620b37a474f0943b5b85f6788312cad40;20;0
412;0x36afdaf439a8f43fe72135135d804ae620b37a474f0943b5b85f6788312cad40;19;0
413;0x36afdaf439a8f43fe72135135d804ae620b37a474f0943b5b85f6788312cad40;18;0
414;0x36afdaf439a8f43fe72135135d804ae620b37a474f0943b5b85f6788312cad40;20;0
415;0x36afdaf439a8f43fe72135135d804ae620b37a474f0943b5b85f6788312cad40;21;0
416;0x36afdaf439a8f43fe72135135d804ae620b37a474f0943b5b85f6788312cad40;20;0
417;0x36afdaf439a8f43fe72135135d804ae620b37a474f0943b5b85f6788312cad40;20;0
418;0x36afdaf439a8f43fe72135135d804ae620b37a474f0943b5b85f6788312cad40;21;0
419;0x36afdaf439a8f43fe72135135d804ae620b37a474f0943b5b85f6788312cad40;22;0
420;0x36afdaf439a8f43fe72135135d804ae620b37a474f0943b5b85f6788312cad40;20;0
421;0x36afdaf439a8f43fe72135135d804ae620b37a474f0943b5b85f6788312cad40;20;0
422;0x36afdaf439a8f43fe72135135d804ae620b37a474f0943b5b85f6788312cad40;19;0
423;0x36afdaf439a8f43fe72135135d804ae620b37a474f0943b5b85f6788312cad40;21;0
424;0x36afdaf439a8f43fe72135135d804ae620b37a474f0943b5b85f6788312cad40;20;0
425;0x36afdaf439a8f43fe72135135d804ae620b37a474f0943b5b85f6788312cad40;20;0
426;0x36afdaf439a8f43fe72135135d804ae620b37a474f0943b5b85f6788312cad40;20;0
427;0x36afdaf439a8f43fe72135135d804ae620b37a474f0943b5b85f6788312cad40;22;0
428;0x36afdaf439a8f43fe72135135d804ae620b37a474f0943b5b85f6788312cad40;21;0
429;0x36afdaf439a8f43fe72135135d804ae620b37a474f0943b5b85f6788312cad40;23;0
430;0x36afdaf439a8f43fe72135135d804ae620b37a474f0943b5b85f6788312cad40;21;0
431;0x36afdaf439a8f43fe72135135d804ae620b37a474f0943b5b85f6788312cad40;19;0
432;0x36afdaf439a8f43fe72135135d804ae620b37a474f0943b5b85f6788312cad40;20;0
433;0x36afdaf439a8f43fe72135135d804ae620b37a474f0943b5b85f6788312cad40;24;0
434;0x36afdaf439a8f43fe72135135d804ae620b37a474f0943b5b85f6788312cad40;21;0
435;0x36afdaf439a8f43fe72135135d804ae620b37a474f0943b5b85f6788312cad40;24;0
436;0x36afdaf439a8f43fe72135135d804ae620b37a474f0943b5b85f6788312cad40;22;0
437;0x36afdaf439a8f43fe72135135d804ae620b37a474f0943b5b85f6788312cad40;22;0
438;0x36afdaf439a8f43fe72135135d804ae620b37a474f0943b5b85f6788312cad40;20;0
439;0x36afdaf439a8f43fe72135135d804ae620b37a474f0943b5b85f6788312cad40;21;0
440;0x36afdaf439a8f43fe72135135d804ae620b37a474f0943b5b85f6788312cad40;55;0
441;0x36afdaf439a8f43fe72135135d804ae620b37a474f0943b5b85f6788312cad40;24;0
442;0x36afdaf439a8f43fe72135135d804ae620b37a474f0943b5b85f6788312cad40;18;0
443;0x36afdaf439a8f43fe72135135d804ae620b37a474f0943b5b85f6788312cad40;22;0
444;0x36afdaf439a8f43fe72135135d804ae620b37a474f0943b5b85f6788312cad40;20;0
445;0x36afdaf439a8f43fe72135135d804ae620b37a474f0943b5b85f6788312cad40;21;0
446;0x36afdaf439a8f43fe72135135d804ae620b37a474f0943b5b85f6788312cad40;20;0
447;0x36afdaf439a8f43fe72135135d804ae620b37a474f0943b5b85f6788312cad40;20;0
448;0x36afdaf439a8f43fe72135135d804ae620b37a474f0943b5b85f6788312cad40;20;0
449;0x36afdaf439a8f43fe72135135d804ae620b37a474f0943b5b85f6788312cad40;25;0
450;0x36afdaf439a8f43fe72135135d804ae620b37a474f0943b5b85f6788312cad40;27;0
451;0x36afdaf439a8f43fe72135135d804ae620b37a474f0943b5b85f6788312cad40;25;0
452;0x36afdaf439a8f43fe72135135d804ae620b37a474f0943b5b85f6788312cad40;21;0
453;0x36afdaf439a8f43fe72135135d804ae620b37a474f0943b5b85f6788312cad40;21;0
454;0x36afdaf439a8f43fe72135135d804ae620b37a474f0943b5b85f6788312cad40;23;0
455;0x36afdaf439a8f43fe72135135d804ae620b37a474f0943b5b85f6788312cad40;20;0
456;0x36afdaf439a8f43fe72135135d804ae620b37a474f0943b5b85f6788312cad40;25;0
457;0x36afdaf439a8f43fe72135135d804ae620b37a474f0943b5b85f6788312cad40;19;0
458;0x36afdaf439a8f43fe72135135d804ae620b37a474f0943b5b85f6788312cad40;22;0
459;0x36afdaf439a8f43fe72135135d804ae620b37a474f0943b5b85f6788312cad40;24;0
460;0x36afdaf439a8f43fe72135135d804ae620b37a474f0943b5b85f6788312cad40;23;0
461;0x36afdaf439a8f43fe72135135d804ae620b37a474f0943b5b85f6788312cad40;19;0
462;0x36afdaf439a8f43fe72135135d804ae620b37a474f0943b5b85f6788312cad40;19;0
463;0x36afdaf439a8f43fe72135135d804ae620b37a474f0943b5b85f6788312cad40;22;0
464;0x36afdaf439a8f43fe72135135d804ae620b37a474f0943b5b85f6788312cad40;19;0
465;0x36afdaf439a8f43fe72135135d804ae620b37a474f0943b5b85f6788312cad40;20;0
466;0x36afdaf439a8f43fe72135135d804ae620b37a474f0943b5b85f6788312cad40;21;0
467;0x36afdaf439a8f43fe72135135d804ae620b37a474f0943b5b85f6788312cad40;23;0
468;0x36afdaf439a8f43fe72135135d804ae620b37a474f0943b5b85f6788312cad40;21;0
469;0x36afdaf439a8f43fe72135135d804ae620b37a474f0943b5b85f6788312cad40;25;0
470;0x36afdaf439a8f43fe72135135d804ae620b37a474f0943b5b85f6788312cad40;28;0
471;0x36afdaf439a8f43fe72135135d804ae620b37a474f0943b5b85f6788312cad40;22;0
472;0x36afdaf439a8f43fe72135135d804ae620b37a474f0943b5b85f6788312cad40;21;0
473;0x36afdaf439a8f43fe72135135d804ae620b37a474f0943b5b85f6788312cad40;19;0
474;0x36afdaf439a8f43fe72135135d804ae620b37a474f0943b5b85f6788312cad40;22;0
475;0x36afdaf439a8f43fe72135135d804ae620b37a474f0943b5b85f6788312cad40;19;0
476;0x36afdaf439a8f43fe72135135d804ae620b37a474f0943b5b85f6788312cad40;21;0
477;0x36afdaf439a8f43fe72135135d804ae620b37a474f0943b5b85f6788312cad40;22;0
478;0x36afdaf439a8f43fe72135135d804ae620b37a474f0943b5b85f6788312cad40;23;0
479;0x36afdaf439a8f43fe72135135d804ae620b37a474f0943b5b85f6788312cad40;23;0
480;0x36afdaf439a8f43fe72135135d804ae620b37a474f0943b5b85f6788312cad40;19;0
481;0x36afdaf439a8f43fe72135135d804ae620b37a474f0943b5b85f6788312cad40;21;0
482;0x36afdaf439a8f43fe72135135d804ae620b37a474f0943b5b85f6788312cad40;21;0
483;0x36afdaf439a8f43fe72135135d804ae620b37a474f0943b5b85f6788312cad40;19;0
484;0x36afdaf439a8f43fe72135135d804ae620b37a474f0943b5b85f6788312cad40;21;0
485;0x36afdaf439a8f43fe72135135d804ae620b37a474f0943b5b85f6788312cad40;20;0
486;0x36afdaf439a8f43fe72135135d804ae620b37a474f0943b5b85f6788312cad40;19;0
487;0x36afdaf439a8f43fe72135135d804ae620b37a474f0943b5b85f6788312cad40;20;0
488;0x36afdaf439a8f43fe72135135d804ae620b37a474f0943b5b85f6788312cad40;20;0
489;0x36afdaf439a8f43fe72135135d804ae620b37a474f0943b5b85f6788312cad40;20;0
490;0x36afdaf439a8f43fe72135135d804ae620b37a474f0943b5b85f6788312cad40;20;0
491;0x36afdaf439a8f43fe72135135d804ae620b37a474f0943b5b85f6788312cad40;24;0
492;0x36afdaf439a8f43fe72135135d804ae620b37a474f0943b5b85f6788312cad40;20;0
493;0x36afdaf439a8f43fe72135135d804ae620b37a474f0943b5b85f6788312cad40;21;0
494;0x36afdaf439a8f43fe72135135d804ae620b37a474f0943b5b85f6788312cad40;28;0
495;0x36afdaf439a8f43fe72135135d804ae620b37a474f0943b5b85f6788312cad40;20;0
496;0x36afdaf439a8f43fe72135135d804ae620b37a474f0943b5b85f6788312cad40;21;0
497;0x36afdaf439a8f43fe72135135d804ae620b37a474f0943b5b85f6788312cad40;20;0
498;0x36afdaf439a8f43fe72135135d804ae620b37a474f0943b5b85f6788312cad40;21;0
499;0x36afdaf439a8f43fe72135135d804ae620b37a474f0943b5b85f6788312cad40;22;0
500;0x36afdaf439a8f43fe72135135d804ae620b37a474f0943b5b85f6788312cad40;20;0
501;0x36afdaf439a8f43fe72135135d804ae620b37a474f0943b5b85f6788312cad40;25;0
502;0x36afdaf439a8f43fe72135135d804ae620b37a474f0943b5b85f6788312cad40;19;0
503;0x36afdaf439a8f43fe72135135d804ae620b37a474f0943b5b85f6788312cad40;24;0
504;0x36afdaf439a8f43fe72135135d804ae620b37a474f0943b5b85f6788312cad40;22;0
505;0x36afdaf439a8f43fe72135135d804ae620b37a474f0943b5b85f6788312cad40;20;0
506;0x36afdaf439a8f43fe72135135d804ae620b37a474f0943b5b85f6788312cad40;19;0
507;0x36afdaf439a8f43fe72135135d804ae620b37a474f0943b5b85f6788312cad40;20;0
508;0x36afdaf439a8f43fe72135135d804ae620b37a474f0943b5b85f6788312cad40;20;0
509;0x36afdaf439a8f43fe72135135d804ae620b37a474f0943b5b85f6788312cad40;21;0
510;0x36afdaf439a8f43fe72135135d804ae620b37a474f0943b5b85f6788312cad40;18;0
511;0x36afdaf439a8f43fe72135135d804ae620b37a474f0943b5b85f6788312cad40;20;0
512;0x36afdaf439a8f43fe72135135d804ae620b37a474f0943b5b85f6788312cad40;29;0
513;0x36afdaf439a8f43fe72135135d804ae620b37a474f0943b5b85f6788312cad40;21;0
514;0x36afdaf439a8f43fe72135135d804ae620b37a474f0943b5b85f6788312cad40;20;0
515;0x36afdaf439a8f43fe72135135d804ae620b37a474f0943b5b85f6788312cad40;18;0
516;0x36afdaf439a8f43fe72135135d804ae620b37a474f0943b5b85f6788312cad40;19;0
517;0x36afdaf439a8f43fe72135135d804ae620b37a474f0943b5b85f6788312cad40;20;0
518;0x36afdaf439a8f43fe72135135d804ae620b37a474f0943b5b85f6788312cad40;20;0
519;0x36afdaf439a8f43fe72135135d804ae620b37a474f0943b5b85f6788312cad40;18;0
520;0x36afdaf439a8f43fe72135135d804ae620b37a474f0943b5b85f6788312cad40;28;0
521;0x36afdaf439a8f43fe72135135d804ae620b37a474f0943b5b85f6788312cad40;20;0
522;0x36afdaf439a8f43fe72135135d804ae620b37a474f0943b5b85f6788312cad40;22;0
523;0x36afdaf439a8f43fe72135135d804ae620b37a474f0943b5b85f6788312cad40;19;0
524;0x36afdaf439a8f43fe72135135d804ae620b37a474f0943b5b85f6788312cad40;20;0
525;0x36afdaf439a8f43fe72135135d804ae620b37a474f0943b5b85f6788312cad40;20;0
526;0x36afdaf439a8f43fe72135135d804ae620b37a474f0943b5b85f6788312cad40;20;0
527;0x36afdaf439a8f43fe72135135d804ae620b37a474f0943b5b85f6788312cad40;23;0
528;0x36afdaf439a8f43fe72135135d804ae620b37a474f0943b5b85f6788312cad40;26;0
529;0x36afdaf439a8f43fe72135135d804ae620b37a474f0943b5b85f6788312cad40;19;0
530;0x36afdaf439a8f43fe72135135d804ae620b37a474f0943b5b85f6788312cad40;20;0
531;0x36afdaf439a8f43fe72135135d804ae620b37a474f0943b5b85f6788312cad40;20;0
532;0x36afdaf439a8f43fe72135135d804ae620b37a474f0943b5b85f6788312cad40;19;0
533;0x36afdaf439a8f43fe72135135d804ae620b37a474f0943b5b85f6788312cad40;18;0
534;0x36afdaf439a8f43fe72135135d804ae620b37a474f0943b5b85f6788312cad40;26;0
535;0x36afdaf439a8f43fe72135135d804ae620b37a474f0943b5b85f6788312cad40;21;0
536;0x36afdaf439a8f43fe72135135d804ae620b37a474f0943b5b85f6788312cad40;20;0
537;0x36afdaf439a8f43fe72135135d804ae620b37a474f0943b5b85f6788312cad40;20;0
538;0x36afdaf439a8f43fe72135135d804ae620b37a474f0943b5b85f6788312cad40;25;0
539;0x36afdaf439a8f43fe72135135d804ae620b37a474f0943b5b85f6788312cad40;23;0
