ID;Event;Duration;Pattern Duration
0;0x9685971ce323aadcdbcd895683b8947d4454b020a263e7fa49aefb0fd0c9317d;87;0
1;0x9685971ce323aadcdbcd895683b8947d4454b020a263e7fa49aefb0fd0c9317d;86;0
2;0x9685971ce323aadcdbcd895683b8947d4454b020a263e7fa49aefb0fd0c9317d;87;0
3;0x9685971ce323aadcdbcd895683b8947d4454b020a263e7fa49aefb0fd0c9317d;89;0
4;0x9685971ce323aadcdbcd895683b8947d4454b020a263e7fa49aefb0fd0c9317d;92;0
5;0x9685971ce323aadcdbcd895683b8947d4454b020a263e7fa49aefb0fd0c9317d;91;0
6;0x9685971ce323aadcdbcd895683b8947d4454b020a263e7fa49aefb0fd0c9317d;84;0
7;0x9685971ce323aadcdbcd895683b8947d4454b020a263e7fa49aefb0fd0c9317d;85;0
8;0x9685971ce323aadcdbcd895683b8947d4454b020a263e7fa49aefb0fd0c9317d;85;0
9;0x9685971ce323aadcdbcd895683b8947d4454b020a263e7fa49aefb0fd0c9317d;96;0
10;0x9685971ce323aadcdbcd895683b8947d4454b020a263e7fa49aefb0fd0c9317d;82;0
11;0x9685971ce323aadcdbcd895683b8947d4454b020a263e7fa49aefb0fd0c9317d;91;0
12;0x9685971ce323aadcdbcd895683b8947d4454b020a263e7fa49aefb0fd0c9317d;84;0
13;0x9685971ce323aadcdbcd895683b8947d4454b020a263e7fa49aefb0fd0c9317d;84;0
14;0x9685971ce323aadcdbcd895683b8947d4454b020a263e7fa49aefb0fd0c9317d;98;0
15;0x9685971ce323aadcdbcd895683b8947d4454b020a263e7fa49aefb0fd0c9317d;88;0
16;0x9685971ce323aadcdbcd895683b8947d4454b020a263e7fa49aefb0fd0c9317d;85;0
17;0x9685971ce323aadcdbcd895683b8947d4454b020a263e7fa49aefb0fd0c9317d;84;0
18;0x9685971ce323aadcdbcd895683b8947d4454b020a263e7fa49aefb0fd0c9317d;85;0
19;0x9685971ce323aadcdbcd895683b8947d4454b020a263e7fa49aefb0fd0c9317d;83;0
20;0x9685971ce323aadcdbcd895683b8947d4454b020a263e7fa49aefb0fd0c9317d;97;0
21;0x9685971ce323aadcdbcd895683b8947d4454b020a263e7fa49aefb0fd0c9317d;85;0
22;0x9685971ce323aadcdbcd895683b8947d4454b020a263e7fa49aefb0fd0c9317d;85;0
23;0x9685971ce323aadcdbcd895683b8947d4454b020a263e7fa49aefb0fd0c9317d;84;0
24;0x9685971ce323aadcdbcd895683b8947d4454b020a263e7fa49aefb0fd0c9317d;84;0
25;0x9685971ce323aadcdbcd895683b8947d4454b020a263e7fa49aefb0fd0c9317d;89;0
26;0x9685971ce323aadcdbcd895683b8947d4454b020a263e7fa49aefb0fd0c9317d;86;0
27;0x9685971ce323aadcdbcd895683b8947d4454b020a263e7fa49aefb0fd0c9317d;112;0
28;0x9685971ce323aadcdbcd895683b8947d4454b020a263e7fa49aefb0fd0c9317d;108;0
29;0x9685971ce323aadcdbcd895683b8947d4454b020a263e7fa49aefb0fd0c9317d;81;0
30;0x9685971ce323aadcdbcd895683b8947d4454b020a263e7fa49aefb0fd0c9317d;86;0
31;0x9685971ce323aadcdbcd895683b8947d4454b020a263e7fa49aefb0fd0c9317d;94;0
32;0x9685971ce323aadcdbcd895683b8947d4454b020a263e7fa49aefb0fd0c9317d;80;0
33;0x9685971ce323aadcdbcd895683b8947d4454b020a263e7fa49aefb0fd0c9317d;88;0
34;0x9685971ce323aadcdbcd895683b8947d4454b020a263e7fa49aefb0fd0c9317d;91;0
35;0x9685971ce323aadcdbcd895683b8947d4454b020a263e7fa49aefb0fd0c9317d;125;0
36;0x9685971ce323aadcdbcd895683b8947d4454b020a263e7fa49aefb0fd0c9317d;90;0
37;0x9685971ce323aadcdbcd895683b8947d4454b020a263e7fa49aefb0fd0c9317d;83;0
38;0x9685971ce323aadcdbcd895683b8947d4454b020a263e7fa49aefb0fd0c9317d;83;0
39;0x9685971ce323aadcdbcd895683b8947d4454b020a263e7fa49aefb0fd0c9317d;83;0
40;0x9685971ce323aadcdbcd895683b8947d4454b020a263e7fa49aefb0fd0c9317d;87;0
41;0x9685971ce323aadcdbcd895683b8947d4454b020a263e7fa49aefb0fd0c9317d;86;0
42;0x9685971ce323aadcdbcd895683b8947d4454b020a263e7fa49aefb0fd0c9317d;87;0
43;0x9685971ce323aadcdbcd895683b8947d4454b020a263e7fa49aefb0fd0c9317d;98;0
44;0x9685971ce323aadcdbcd895683b8947d4454b020a263e7fa49aefb0fd0c9317d;85;0
45;0x9685971ce323aadcdbcd895683b8947d4454b020a263e7fa49aefb0fd0c9317d;85;0
46;0x9685971ce323aadcdbcd895683b8947d4454b020a263e7fa49aefb0fd0c9317d;83;0
47;0x9685971ce323aadcdbcd895683b8947d4454b020a263e7fa49aefb0fd0c9317d;93;0
48;0x9685971ce323aadcdbcd895683b8947d4454b020a263e7fa49aefb0fd0c9317d;82;0
49;0x9685971ce323aadcdbcd895683b8947d4454b020a263e7fa49aefb0fd0c9317d;79;0
50;0x9685971ce323aadcdbcd895683b8947d4454b020a263e7fa49aefb0fd0c9317d;83;0
51;0x9685971ce323aadcdbcd895683b8947d4454b020a263e7fa49aefb0fd0c9317d;84;0
52;0x9685971ce323aadcdbcd895683b8947d4454b020a263e7fa49aefb0fd0c9317d;80;0
53;0x9685971ce323aadcdbcd895683b8947d4454b020a263e7fa49aefb0fd0c9317d;82;0
54;0x9685971ce323aadcdbcd895683b8947d4454b020a263e7fa49aefb0fd0c9317d;83;0
55;0x9685971ce323aadcdbcd895683b8947d4454b020a263e7fa49aefb0fd0c9317d;85;0
56;0x9685971ce323aadcdbcd895683b8947d4454b020a263e7fa49aefb0fd0c9317d;82;0
57;0x9685971ce323aadcdbcd895683b8947d4454b020a263e7fa49aefb0fd0c9317d;82;0
58;0x9685971ce323aadcdbcd895683b8947d4454b020a263e7fa49aefb0fd0c9317d;81;0
59;0x9685971ce323aadcdbcd895683b8947d4454b020a263e7fa49aefb0fd0c9317d;81;0
60;0x9685971ce323aadcdbcd895683b8947d4454b020a263e7fa49aefb0fd0c9317d;98;0
61;0x9685971ce323aadcdbcd895683b8947d4454b020a263e7fa49aefb0fd0c9317d;83;0
62;0x9685971ce323aadcdbcd895683b8947d4454b020a263e7fa49aefb0fd0c9317d;79;0
63;0x9685971ce323aadcdbcd895683b8947d4454b020a263e7fa49aefb0fd0c9317d;90;0
64;0x9685971ce323aadcdbcd895683b8947d4454b020a263e7fa49aefb0fd0c9317d;87;0
65;0x9685971ce323aadcdbcd895683b8947d4454b020a263e7fa49aefb0fd0c9317d;99;0
66;0x9685971ce323aadcdbcd895683b8947d4454b020a263e7fa49aefb0fd0c9317d;83;0
67;0x9685971ce323aadcdbcd895683b8947d4454b020a263e7fa49aefb0fd0c9317d;87;0
68;0x9685971ce323aadcdbcd895683b8947d4454b020a263e7fa49aefb0fd0c9317d;83;0
69;0x9685971ce323aadcdbcd895683b8947d4454b020a263e7fa49aefb0fd0c9317d;87;0
70;0x9685971ce323aadcdbcd895683b8947d4454b020a263e7fa49aefb0fd0c9317d;93;0
71;0x9685971ce323aadcdbcd895683b8947d4454b020a263e7fa49aefb0fd0c9317d;87;0
72;0x9685971ce323aadcdbcd895683b8947d4454b020a263e7fa49aefb0fd0c9317d;79;0
73;0x9685971ce323aadcdbcd895683b8947d4454b020a263e7fa49aefb0fd0c9317d;81;0
74;0x9685971ce323aadcdbcd895683b8947d4454b020a263e7fa49aefb0fd0c9317d;124;0
75;0x9685971ce323aadcdbcd895683b8947d4454b020a263e7fa49aefb0fd0c9317d;81;0
76;0x9685971ce323aadcdbcd895683b8947d4454b020a263e7fa49aefb0fd0c9317d;82;0
77;0x9685971ce323aadcdbcd895683b8947d4454b020a263e7fa49aefb0fd0c9317d;80;0
78;0x9685971ce323aadcdbcd895683b8947d4454b020a263e7fa49aefb0fd0c9317d;80;0
79;0x9685971ce323aadcdbcd895683b8947d4454b020a263e7fa49aefb0fd0c9317d;80;0
80;0x9685971ce323aadcdbcd895683b8947d4454b020a263e7fa49aefb0fd0c9317d;80;0
81;0x9685971ce323aadcdbcd895683b8947d4454b020a263e7fa49aefb0fd0c9317d;81;0
82;0x9685971ce323aadcdbcd895683b8947d4454b020a263e7fa49aefb0fd0c9317d;83;0
83;0x9685971ce323aadcdbcd895683b8947d4454b020a263e7fa49aefb0fd0c9317d;79;0
84;0x9685971ce323aadcdbcd895683b8947d4454b020a263e7fa49aefb0fd0c9317d;78;0
85;0x9685971ce323aadcdbcd895683b8947d4454b020a263e7fa49aefb0fd0c9317d;81;0
86;0x9685971ce323aadcdbcd895683b8947d4454b020a263e7fa49aefb0fd0c9317d;81;0
87;0x9685971ce323aadcdbcd895683b8947d4454b020a263e7fa49aefb0fd0c9317d;83;0
88;0x9685971ce323aadcdbcd895683b8947d4454b020a263e7fa49aefb0fd0c9317d;80;0
89;0x9685971ce323aadcdbcd895683b8947d4454b020a263e7fa49aefb0fd0c9317d;78;0
90;0x9685971ce323aadcdbcd895683b8947d4454b020a263e7fa49aefb0fd0c9317d;79;0
91;0x9685971ce323aadcdbcd895683b8947d4454b020a263e7fa49aefb0fd0c9317d;80;0
92;0x9685971ce323aadcdbcd895683b8947d4454b020a263e7fa49aefb0fd0c9317d;80;0
93;0x9685971ce323aadcdbcd895683b8947d4454b020a263e7fa49aefb0fd0c9317d;82;0
94;0x9685971ce323aadcdbcd895683b8947d4454b020a263e7fa49aefb0fd0c9317d;80;0
95;0x9685971ce323aadcdbcd895683b8947d4454b020a263e7fa49aefb0fd0c9317d;88;0
96;0x9685971ce323aadcdbcd895683b8947d4454b020a263e7fa49aefb0fd0c9317d;82;0
97;0x9685971ce323aadcdbcd895683b8947d4454b020a263e7fa49aefb0fd0c9317d;83;0
98;0x9685971ce323aadcdbcd895683b8947d4454b020a263e7fa49aefb0fd0c9317d;83;0
99;0x9685971ce323aadcdbcd895683b8947d4454b020a263e7fa49aefb0fd0c9317d;83;0
100;0x9685971ce323aadcdbcd895683b8947d4454b020a263e7fa49aefb0fd0c9317d;81;0
101;0x9685971ce323aadcdbcd895683b8947d4454b020a263e7fa49aefb0fd0c9317d;81;0
102;0x9685971ce323aadcdbcd895683b8947d4454b020a263e7fa49aefb0fd0c9317d;82;0
103;0x9685971ce323aadcdbcd895683b8947d4454b020a263e7fa49aefb0fd0c9317d;81;0
104;0x9685971ce323aadcdbcd895683b8947d4454b020a263e7fa49aefb0fd0c9317d;81;0
105;0x9685971ce323aadcdbcd895683b8947d4454b020a263e7fa49aefb0fd0c9317d;91;0
106;0x9685971ce323aadcdbcd895683b8947d4454b020a263e7fa49aefb0fd0c9317d;81;0
107;0x9685971ce323aadcdbcd895683b8947d4454b020a263e7fa49aefb0fd0c9317d;80;0
108;0x9685971ce323aadcdbcd895683b8947d4454b020a263e7fa49aefb0fd0c9317d;89;0
109;0x9685971ce323aadcdbcd895683b8947d4454b020a263e7fa49aefb0fd0c9317d;85;0
110;0x9685971ce323aadcdbcd895683b8947d4454b020a263e7fa49aefb0fd0c9317d;82;0
111;0x9685971ce323aadcdbcd895683b8947d4454b020a263e7fa49aefb0fd0c9317d;84;0
112;0x9685971ce323aadcdbcd895683b8947d4454b020a263e7fa49aefb0fd0c9317d;81;0
113;0x9685971ce323aadcdbcd895683b8947d4454b020a263e7fa49aefb0fd0c9317d;83;0
114;0x9685971ce323aadcdbcd895683b8947d4454b020a263e7fa49aefb0fd0c9317d;81;0
115;0x9685971ce323aadcdbcd895683b8947d4454b020a263e7fa49aefb0fd0c9317d;90;0
116;0x9685971ce323aadcdbcd895683b8947d4454b020a263e7fa49aefb0fd0c9317d;89;0
117;0x9685971ce323aadcdbcd895683b8947d4454b020a263e7fa49aefb0fd0c9317d;90;0
118;0x9685971ce323aadcdbcd895683b8947d4454b020a263e7fa49aefb0fd0c9317d;83;0
119;0x9685971ce323aadcdbcd895683b8947d4454b020a263e7fa49aefb0fd0c9317d;90;0
120;0x9685971ce323aadcdbcd895683b8947d4454b020a263e7fa49aefb0fd0c9317d;264;0
121;0x9685971ce323aadcdbcd895683b8947d4454b020a263e7fa49aefb0fd0c9317d;80;0
122;0x9685971ce323aadcdbcd895683b8947d4454b020a263e7fa49aefb0fd0c9317d;80;0
123;0x9685971ce323aadcdbcd895683b8947d4454b020a263e7fa49aefb0fd0c9317d;78;0
124;0x9685971ce323aadcdbcd895683b8947d4454b020a263e7fa49aefb0fd0c9317d;78;0
125;0x9685971ce323aadcdbcd895683b8947d4454b020a263e7fa49aefb0fd0c9317d;104;0
126;0x9685971ce323aadcdbcd895683b8947d4454b020a263e7fa49aefb0fd0c9317d;80;0
127;0x9685971ce323aadcdbcd895683b8947d4454b020a263e7fa49aefb0fd0c9317d;81;0
128;0x9685971ce323aadcdbcd895683b8947d4454b020a263e7fa49aefb0fd0c9317d;77;0
129;0x9685971ce323aadcdbcd895683b8947d4454b020a263e7fa49aefb0fd0c9317d;78;0
130;0x9685971ce323aadcdbcd895683b8947d4454b020a263e7fa49aefb0fd0c9317d;80;0
131;0x9685971ce323aadcdbcd895683b8947d4454b020a263e7fa49aefb0fd0c9317d;86;0
132;0x9685971ce323aadcdbcd895683b8947d4454b020a263e7fa49aefb0fd0c9317d;80;0
133;0x9685971ce323aadcdbcd895683b8947d4454b020a263e7fa49aefb0fd0c9317d;81;0
134;0x9685971ce323aadcdbcd895683b8947d4454b020a263e7fa49aefb0fd0c9317d;81;0
135;0x9685971ce323aadcdbcd895683b8947d4454b020a263e7fa49aefb0fd0c9317d;80;0
136;0x9685971ce323aadcdbcd895683b8947d4454b020a263e7fa49aefb0fd0c9317d;82;0
137;0x9685971ce323aadcdbcd895683b8947d4454b020a263e7fa49aefb0fd0c9317d;82;0
138;0x9685971ce323aadcdbcd895683b8947d4454b020a263e7fa49aefb0fd0c9317d;81;0
139;0x9685971ce323aadcdbcd895683b8947d4454b020a263e7fa49aefb0fd0c9317d;81;0
140;0x9685971ce323aadcdbcd895683b8947d4454b020a263e7fa49aefb0fd0c9317d;81;0
141;0x9685971ce323aadcdbcd895683b8947d4454b020a263e7fa49aefb0fd0c9317d;81;0
142;0x9685971ce323aadcdbcd895683b8947d4454b020a263e7fa49aefb0fd0c9317d;80;0
143;0x9685971ce323aadcdbcd895683b8947d4454b020a263e7fa49aefb0fd0c9317d;80;0
144;0x9685971ce323aadcdbcd895683b8947d4454b020a263e7fa49aefb0fd0c9317d;81;0
145;0x9685971ce323aadcdbcd895683b8947d4454b020a263e7fa49aefb0fd0c9317d;80;0
146;0x9685971ce323aadcdbcd895683b8947d4454b020a263e7fa49aefb0fd0c9317d;83;0
147;0x9685971ce323aadcdbcd895683b8947d4454b020a263e7fa49aefb0fd0c9317d;80;0
148;0x9685971ce323aadcdbcd895683b8947d4454b020a263e7fa49aefb0fd0c9317d;81;0
149;0x9685971ce323aadcdbcd895683b8947d4454b020a263e7fa49aefb0fd0c9317d;79;0
150;0x9685971ce323aadcdbcd895683b8947d4454b020a263e7fa49aefb0fd0c9317d;81;0
151;0x9685971ce323aadcdbcd895683b8947d4454b020a263e7fa49aefb0fd0c9317d;79;0
152;0x9685971ce323aadcdbcd895683b8947d4454b020a263e7fa49aefb0fd0c9317d;87;0
153;0x9685971ce323aadcdbcd895683b8947d4454b020a263e7fa49aefb0fd0c9317d;80;0
154;0x9685971ce323aadcdbcd895683b8947d4454b020a263e7fa49aefb0fd0c9317d;81;0
155;0x9685971ce323aadcdbcd895683b8947d4454b020a263e7fa49aefb0fd0c9317d;81;0
156;0x9685971ce323aadcdbcd895683b8947d4454b020a263e7fa49aefb0fd0c9317d;80;0
157;0x9685971ce323aadcdbcd895683b8947d4454b020a263e7fa49aefb0fd0c9317d;81;0
158;0x9685971ce323aadcdbcd895683b8947d4454b020a263e7fa49aefb0fd0c9317d;81;0
159;0x9685971ce323aadcdbcd895683b8947d4454b020a263e7fa49aefb0fd0c9317d;84;0
160;0x9685971ce323aadcdbcd895683b8947d4454b020a263e7fa49aefb0fd0c9317d;81;0
161;0x9685971ce323aadcdbcd895683b8947d4454b020a263e7fa49aefb0fd0c9317d;81;0
162;0x9685971ce323aadcdbcd895683b8947d4454b020a263e7fa49aefb0fd0c9317d;79;0
163;0x9685971ce323aadcdbcd895683b8947d4454b020a263e7fa49aefb0fd0c9317d;80;0
164;0x9685971ce323aadcdbcd895683b8947d4454b020a263e7fa49aefb0fd0c9317d;115;0
165;0x9685971ce323aadcdbcd895683b8947d4454b020a263e7fa49aefb0fd0c9317d;80;0
166;0x9685971ce323aadcdbcd895683b8947d4454b020a263e7fa49aefb0fd0c9317d;80;0
167;0x9685971ce323aadcdbcd895683b8947d4454b020a263e7fa49aefb0fd0c9317d;80;0
168;0x9685971ce323aadcdbcd895683b8947d4454b020a263e7fa49aefb0fd0c9317d;80;0
169;0x9685971ce323aadcdbcd895683b8947d4454b020a263e7fa49aefb0fd0c9317d;81;0
170;0x9685971ce323aadcdbcd895683b8947d4454b020a263e7fa49aefb0fd0c9317d;79;0
171;0x9685971ce323aadcdbcd895683b8947d4454b020a263e7fa49aefb0fd0c9317d;212;0
172;0x9685971ce323aadcdbcd895683b8947d4454b020a263e7fa49aefb0fd0c9317d;264;0
173;0x9685971ce323aadcdbcd895683b8947d4454b020a263e7fa49aefb0fd0c9317d;259;0
174;0x9685971ce323aadcdbcd895683b8947d4454b020a263e7fa49aefb0fd0c9317d;216;0
175;0x9685971ce323aadcdbcd895683b8947d4454b020a263e7fa49aefb0fd0c9317d;220;0
176;0x9685971ce323aadcdbcd895683b8947d4454b020a263e7fa49aefb0fd0c9317d;195;0
177;0x9685971ce323aadcdbcd895683b8947d4454b020a263e7fa49aefb0fd0c9317d;218;0
178;0x9685971ce323aadcdbcd895683b8947d4454b020a263e7fa49aefb0fd0c9317d;210;0
179;0x9685971ce323aadcdbcd895683b8947d4454b020a263e7fa49aefb0fd0c9317d;198;0
180;0x9685971ce323aadcdbcd895683b8947d4454b020a263e7fa49aefb0fd0c9317d;218;0
181;0x9685971ce323aadcdbcd895683b8947d4454b020a263e7fa49aefb0fd0c9317d;204;0
182;0x9685971ce323aadcdbcd895683b8947d4454b020a263e7fa49aefb0fd0c9317d;217;0
183;0x9685971ce323aadcdbcd895683b8947d4454b020a263e7fa49aefb0fd0c9317d;204;0
184;0x9685971ce323aadcdbcd895683b8947d4454b020a263e7fa49aefb0fd0c9317d;211;0
185;0x9685971ce323aadcdbcd895683b8947d4454b020a263e7fa49aefb0fd0c9317d;203;0
186;0x9685971ce323aadcdbcd895683b8947d4454b020a263e7fa49aefb0fd0c9317d;196;0
187;0x9685971ce323aadcdbcd895683b8947d4454b020a263e7fa49aefb0fd0c9317d;186;0
188;0x9685971ce323aadcdbcd895683b8947d4454b020a263e7fa49aefb0fd0c9317d;238;0
189;0x9685971ce323aadcdbcd895683b8947d4454b020a263e7fa49aefb0fd0c9317d;317;0
190;0x9685971ce323aadcdbcd895683b8947d4454b020a263e7fa49aefb0fd0c9317d;202;0
191;0x9685971ce323aadcdbcd895683b8947d4454b020a263e7fa49aefb0fd0c9317d;258;0
192;0x9685971ce323aadcdbcd895683b8947d4454b020a263e7fa49aefb0fd0c9317d;190;0
193;0x9685971ce323aadcdbcd895683b8947d4454b020a263e7fa49aefb0fd0c9317d;214;0
194;0x9685971ce323aadcdbcd895683b8947d4454b020a263e7fa49aefb0fd0c9317d;238;0
195;0x9685971ce323aadcdbcd895683b8947d4454b020a263e7fa49aefb0fd0c9317d;215;0
196;0x9685971ce323aadcdbcd895683b8947d4454b020a263e7fa49aefb0fd0c9317d;199;0
197;0x9685971ce323aadcdbcd895683b8947d4454b020a263e7fa49aefb0fd0c9317d;246;0
198;0x9685971ce323aadcdbcd895683b8947d4454b020a263e7fa49aefb0fd0c9317d;251;0
199;0x9685971ce323aadcdbcd895683b8947d4454b020a263e7fa49aefb0fd0c9317d;209;0
200;0x9685971ce323aadcdbcd895683b8947d4454b020a263e7fa49aefb0fd0c9317d;148;0
201;0x9685971ce323aadcdbcd895683b8947d4454b020a263e7fa49aefb0fd0c9317d;256;0
202;0x9685971ce323aadcdbcd895683b8947d4454b020a263e7fa49aefb0fd0c9317d;112;0
203;0x9685971ce323aadcdbcd895683b8947d4454b020a263e7fa49aefb0fd0c9317d;139;0
204;0x9685971ce323aadcdbcd895683b8947d4454b020a263e7fa49aefb0fd0c9317d;208;0
205;0x9685971ce323aadcdbcd895683b8947d4454b020a263e7fa49aefb0fd0c9317d;200;0
206;0x9685971ce323aadcdbcd895683b8947d4454b020a263e7fa49aefb0fd0c9317d;137;0
207;0x9685971ce323aadcdbcd895683b8947d4454b020a263e7fa49aefb0fd0c9317d;153;0
208;0x9685971ce323aadcdbcd895683b8947d4454b020a263e7fa49aefb0fd0c9317d;110;0
209;0x9685971ce323aadcdbcd895683b8947d4454b020a263e7fa49aefb0fd0c9317d;154;0
210;0x9685971ce323aadcdbcd895683b8947d4454b020a263e7fa49aefb0fd0c9317d;317;0
211;0x9685971ce323aadcdbcd895683b8947d4454b020a263e7fa49aefb0fd0c9317d;213;0
212;0x9685971ce323aadcdbcd895683b8947d4454b020a263e7fa49aefb0fd0c9317d;325;0
213;0x9685971ce323aadcdbcd895683b8947d4454b020a263e7fa49aefb0fd0c9317d;121;0
214;0x9685971ce323aadcdbcd895683b8947d4454b020a263e7fa49aefb0fd0c9317d;228;0
215;0x9685971ce323aadcdbcd895683b8947d4454b020a263e7fa49aefb0fd0c9317d;118;0
216;0x9685971ce323aadcdbcd895683b8947d4454b020a263e7fa49aefb0fd0c9317d;270;0
217;0x9685971ce323aadcdbcd895683b8947d4454b020a263e7fa49aefb0fd0c9317d;211;0
218;0x9685971ce323aadcdbcd895683b8947d4454b020a263e7fa49aefb0fd0c9317d;110;0
219;0x9685971ce323aadcdbcd895683b8947d4454b020a263e7fa49aefb0fd0c9317d;110;0
220;0x9685971ce323aadcdbcd895683b8947d4454b020a263e7fa49aefb0fd0c9317d;228;0
221;0x9685971ce323aadcdbcd895683b8947d4454b020a263e7fa49aefb0fd0c9317d;188;0
222;0x9685971ce323aadcdbcd895683b8947d4454b020a263e7fa49aefb0fd0c9317d;112;0
223;0x9685971ce323aadcdbcd895683b8947d4454b020a263e7fa49aefb0fd0c9317d;112;0
224;0x9685971ce323aadcdbcd895683b8947d4454b020a263e7fa49aefb0fd0c9317d;129;0
225;0x9685971ce323aadcdbcd895683b8947d4454b020a263e7fa49aefb0fd0c9317d;120;0
226;0x9685971ce323aadcdbcd895683b8947d4454b020a263e7fa49aefb0fd0c9317d;133;0
227;0x9685971ce323aadcdbcd895683b8947d4454b020a263e7fa49aefb0fd0c9317d;162;0
228;0x9685971ce323aadcdbcd895683b8947d4454b020a263e7fa49aefb0fd0c9317d;187;0
229;0x9685971ce323aadcdbcd895683b8947d4454b020a263e7fa49aefb0fd0c9317d;108;0
230;0x9685971ce323aadcdbcd895683b8947d4454b020a263e7fa49aefb0fd0c9317d;270;0
231;0x9685971ce323aadcdbcd895683b8947d4454b020a263e7fa49aefb0fd0c9317d;205;0
232;0x9685971ce323aadcdbcd895683b8947d4454b020a263e7fa49aefb0fd0c9317d;127;0
233;0x9685971ce323aadcdbcd895683b8947d4454b020a263e7fa49aefb0fd0c9317d;240;0
234;0x9685971ce323aadcdbcd895683b8947d4454b020a263e7fa49aefb0fd0c9317d;129;0
235;0x9685971ce323aadcdbcd895683b8947d4454b020a263e7fa49aefb0fd0c9317d;123;0
236;0x9685971ce323aadcdbcd895683b8947d4454b020a263e7fa49aefb0fd0c9317d;120;0
237;0x9685971ce323aadcdbcd895683b8947d4454b020a263e7fa49aefb0fd0c9317d;162;0
238;0x9685971ce323aadcdbcd895683b8947d4454b020a263e7fa49aefb0fd0c9317d;113;0
239;0x9685971ce323aadcdbcd895683b8947d4454b020a263e7fa49aefb0fd0c9317d;122;0
240;0x9685971ce323aadcdbcd895683b8947d4454b020a263e7fa49aefb0fd0c9317d;234;0
241;0x9685971ce323aadcdbcd895683b8947d4454b020a263e7fa49aefb0fd0c9317d;204;0
242;0x9685971ce323aadcdbcd895683b8947d4454b020a263e7fa49aefb0fd0c9317d;268;0
243;0x9685971ce323aadcdbcd895683b8947d4454b020a263e7fa49aefb0fd0c9317d;277;0
244;0x9685971ce323aadcdbcd895683b8947d4454b020a263e7fa49aefb0fd0c9317d;109;0
245;0x9685971ce323aadcdbcd895683b8947d4454b020a263e7fa49aefb0fd0c9317d;184;0
246;0x9685971ce323aadcdbcd895683b8947d4454b020a263e7fa49aefb0fd0c9317d;101;0
247;0x9685971ce323aadcdbcd895683b8947d4454b020a263e7fa49aefb0fd0c9317d;106;0
248;0x9685971ce323aadcdbcd895683b8947d4454b020a263e7fa49aefb0fd0c9317d;101;0
249;0x9685971ce323aadcdbcd895683b8947d4454b020a263e7fa49aefb0fd0c9317d;112;0
250;0x9685971ce323aadcdbcd895683b8947d4454b020a263e7fa49aefb0fd0c9317d;112;0
251;0x9685971ce323aadcdbcd895683b8947d4454b020a263e7fa49aefb0fd0c9317d;210;0
252;0x9685971ce323aadcdbcd895683b8947d4454b020a263e7fa49aefb0fd0c9317d;160;0
253;0x9685971ce323aadcdbcd895683b8947d4454b020a263e7fa49aefb0fd0c9317d;139;0
254;0x9685971ce323aadcdbcd895683b8947d4454b020a263e7fa49aefb0fd0c9317d;158;0
255;0x9685971ce323aadcdbcd895683b8947d4454b020a263e7fa49aefb0fd0c9317d;155;0
256;0x9685971ce323aadcdbcd895683b8947d4454b020a263e7fa49aefb0fd0c9317d;138;0
257;0x9685971ce323aadcdbcd895683b8947d4454b020a263e7fa49aefb0fd0c9317d;120;0
258;0x9685971ce323aadcdbcd895683b8947d4454b020a263e7fa49aefb0fd0c9317d;113;0
259;0x9685971ce323aadcdbcd895683b8947d4454b020a263e7fa49aefb0fd0c9317d;221;0
260;0x9685971ce323aadcdbcd895683b8947d4454b020a263e7fa49aefb0fd0c9317d;125;0
261;0x9685971ce323aadcdbcd895683b8947d4454b020a263e7fa49aefb0fd0c9317d;113;0
262;0x9685971ce323aadcdbcd895683b8947d4454b020a263e7fa49aefb0fd0c9317d;119;0
263;0x9685971ce323aadcdbcd895683b8947d4454b020a263e7fa49aefb0fd0c9317d;169;0
264;0x9685971ce323aadcdbcd895683b8947d4454b020a263e7fa49aefb0fd0c9317d;205;0
265;0x9685971ce323aadcdbcd895683b8947d4454b020a263e7fa49aefb0fd0c9317d;209;0
266;0x9685971ce323aadcdbcd895683b8947d4454b020a263e7fa49aefb0fd0c9317d;108;0
267;0x9685971ce323aadcdbcd895683b8947d4454b020a263e7fa49aefb0fd0c9317d;109;0
268;0x9685971ce323aadcdbcd895683b8947d4454b020a263e7fa49aefb0fd0c9317d;111;0
269;0x9685971ce323aadcdbcd895683b8947d4454b020a263e7fa49aefb0fd0c9317d;111;0
270;0x9685971ce323aadcdbcd895683b8947d4454b020a263e7fa49aefb0fd0c9317d;304;0
271;0x9685971ce323aadcdbcd895683b8947d4454b020a263e7fa49aefb0fd0c9317d;121;0
272;0x9685971ce323aadcdbcd895683b8947d4454b020a263e7fa49aefb0fd0c9317d;197;0
273;0x9685971ce323aadcdbcd895683b8947d4454b020a263e7fa49aefb0fd0c9317d;183;0
274;0x9685971ce323aadcdbcd895683b8947d4454b020a263e7fa49aefb0fd0c9317d;165;0
275;0x9685971ce323aadcdbcd895683b8947d4454b020a263e7fa49aefb0fd0c9317d;188;0
276;0x9685971ce323aadcdbcd895683b8947d4454b020a263e7fa49aefb0fd0c9317d;146;0
277;0x9685971ce323aadcdbcd895683b8947d4454b020a263e7fa49aefb0fd0c9317d;111;0
278;0x9685971ce323aadcdbcd895683b8947d4454b020a263e7fa49aefb0fd0c9317d;112;0
279;0x9685971ce323aadcdbcd895683b8947d4454b020a263e7fa49aefb0fd0c9317d;110;0
280;0x9685971ce323aadcdbcd895683b8947d4454b020a263e7fa49aefb0fd0c9317d;113;0
281;0x9685971ce323aadcdbcd895683b8947d4454b020a263e7fa49aefb0fd0c9317d;101;0
282;0x9685971ce323aadcdbcd895683b8947d4454b020a263e7fa49aefb0fd0c9317d;104;0
283;0x9685971ce323aadcdbcd895683b8947d4454b020a263e7fa49aefb0fd0c9317d;115;0
284;0x9685971ce323aadcdbcd895683b8947d4454b020a263e7fa49aefb0fd0c9317d;216;0
285;0x9685971ce323aadcdbcd895683b8947d4454b020a263e7fa49aefb0fd0c9317d;108;0
286;0x9685971ce323aadcdbcd895683b8947d4454b020a263e7fa49aefb0fd0c9317d;111;0
287;0x9685971ce323aadcdbcd895683b8947d4454b020a263e7fa49aefb0fd0c9317d;110;0
288;0x9685971ce323aadcdbcd895683b8947d4454b020a263e7fa49aefb0fd0c9317d;123;0
289;0x9685971ce323aadcdbcd895683b8947d4454b020a263e7fa49aefb0fd0c9317d;201;0
290;0x9685971ce323aadcdbcd895683b8947d4454b020a263e7fa49aefb0fd0c9317d;125;0
291;0x9685971ce323aadcdbcd895683b8947d4454b020a263e7fa49aefb0fd0c9317d;184;0
292;0x9685971ce323aadcdbcd895683b8947d4454b020a263e7fa49aefb0fd0c9317d;112;0
293;0x9685971ce323aadcdbcd895683b8947d4454b020a263e7fa49aefb0fd0c9317d;154;0
294;0x9685971ce323aadcdbcd895683b8947d4454b020a263e7fa49aefb0fd0c9317d;348;0
295;0x9685971ce323aadcdbcd895683b8947d4454b020a263e7fa49aefb0fd0c9317d;211;0
296;0x9685971ce323aadcdbcd895683b8947d4454b020a263e7fa49aefb0fd0c9317d;115;0
297;0x9685971ce323aadcdbcd895683b8947d4454b020a263e7fa49aefb0fd0c9317d;128;0
298;0x9685971ce323aadcdbcd895683b8947d4454b020a263e7fa49aefb0fd0c9317d;134;0
299;0x9685971ce323aadcdbcd895683b8947d4454b020a263e7fa49aefb0fd0c9317d;114;0
300;0x9685971ce323aadcdbcd895683b8947d4454b020a263e7fa49aefb0fd0c9317d;183;0
301;0x9685971ce323aadcdbcd895683b8947d4454b020a263e7fa49aefb0fd0c9317d;121;0
302;0x9685971ce323aadcdbcd895683b8947d4454b020a263e7fa49aefb0fd0c9317d;182;0
303;0x9685971ce323aadcdbcd895683b8947d4454b020a263e7fa49aefb0fd0c9317d;123;0
304;0x9685971ce323aadcdbcd895683b8947d4454b020a263e7fa49aefb0fd0c9317d;187;0
305;0x9685971ce323aadcdbcd895683b8947d4454b020a263e7fa49aefb0fd0c9317d;108;0
306;0x9685971ce323aadcdbcd895683b8947d4454b020a263e7fa49aefb0fd0c9317d;142;0
307;0x9685971ce323aadcdbcd895683b8947d4454b020a263e7fa49aefb0fd0c9317d;123;0
308;0x9685971ce323aadcdbcd895683b8947d4454b020a263e7fa49aefb0fd0c9317d;107;0
309;0x9685971ce323aadcdbcd895683b8947d4454b020a263e7fa49aefb0fd0c9317d;114;0
310;0x9685971ce323aadcdbcd895683b8947d4454b020a263e7fa49aefb0fd0c9317d;209;0
311;0x9685971ce323aadcdbcd895683b8947d4454b020a263e7fa49aefb0fd0c9317d;114;0
312;0x9685971ce323aadcdbcd895683b8947d4454b020a263e7fa49aefb0fd0c9317d;110;0
313;0x9685971ce323aadcdbcd895683b8947d4454b020a263e7fa49aefb0fd0c9317d;105;0
314;0x9685971ce323aadcdbcd895683b8947d4454b020a263e7fa49aefb0fd0c9317d;114;0
315;0x9685971ce323aadcdbcd895683b8947d4454b020a263e7fa49aefb0fd0c9317d;115;0
316;0x9685971ce323aadcdbcd895683b8947d4454b020a263e7fa49aefb0fd0c9317d;278;0
317;0x9685971ce323aadcdbcd895683b8947d4454b020a263e7fa49aefb0fd0c9317d;177;0
318;0x9685971ce323aadcdbcd895683b8947d4454b020a263e7fa49aefb0fd0c9317d;228;0
319;0x9685971ce323aadcdbcd895683b8947d4454b020a263e7fa49aefb0fd0c9317d;119;0
320;0x9685971ce323aadcdbcd895683b8947d4454b020a263e7fa49aefb0fd0c9317d;177;0
321;0x9685971ce323aadcdbcd895683b8947d4454b020a263e7fa49aefb0fd0c9317d;109;0
322;0x9685971ce323aadcdbcd895683b8947d4454b020a263e7fa49aefb0fd0c9317d;113;0
323;0x9685971ce323aadcdbcd895683b8947d4454b020a263e7fa49aefb0fd0c9317d;233;0
324;0x9685971ce323aadcdbcd895683b8947d4454b020a263e7fa49aefb0fd0c9317d;176;0
325;0x9685971ce323aadcdbcd895683b8947d4454b020a263e7fa49aefb0fd0c9317d;107;0
326;0x9685971ce323aadcdbcd895683b8947d4454b020a263e7fa49aefb0fd0c9317d;200;0
327;0x9685971ce323aadcdbcd895683b8947d4454b020a263e7fa49aefb0fd0c9317d;166;0
328;0x9685971ce323aadcdbcd895683b8947d4454b020a263e7fa49aefb0fd0c9317d;122;0
329;0x9685971ce323aadcdbcd895683b8947d4454b020a263e7fa49aefb0fd0c9317d;126;0
330;0x9685971ce323aadcdbcd895683b8947d4454b020a263e7fa49aefb0fd0c9317d;137;0
331;0x9685971ce323aadcdbcd895683b8947d4454b020a263e7fa49aefb0fd0c9317d;125;0
332;0x9685971ce323aadcdbcd895683b8947d4454b020a263e7fa49aefb0fd0c9317d;120;0
333;0x9685971ce323aadcdbcd895683b8947d4454b020a263e7fa49aefb0fd0c9317d;122;0
334;0x9685971ce323aadcdbcd895683b8947d4454b020a263e7fa49aefb0fd0c9317d;106;0
335;0x9685971ce323aadcdbcd895683b8947d4454b020a263e7fa49aefb0fd0c9317d;234;0
336;0x9685971ce323aadcdbcd895683b8947d4454b020a263e7fa49aefb0fd0c9317d;141;0
337;0x9685971ce323aadcdbcd895683b8947d4454b020a263e7fa49aefb0fd0c9317d;192;0
338;0x9685971ce323aadcdbcd895683b8947d4454b020a263e7fa49aefb0fd0c9317d;111;0
339;0x9685971ce323aadcdbcd895683b8947d4454b020a263e7fa49aefb0fd0c9317d;170;0
340;0x9685971ce323aadcdbcd895683b8947d4454b020a263e7fa49aefb0fd0c9317d;337;0
341;0x9685971ce323aadcdbcd895683b8947d4454b020a263e7fa49aefb0fd0c9317d;119;0
342;0x9685971ce323aadcdbcd895683b8947d4454b020a263e7fa49aefb0fd0c9317d;149;0
343;0x9685971ce323aadcdbcd895683b8947d4454b020a263e7fa49aefb0fd0c9317d;113;0
344;0x9685971ce323aadcdbcd895683b8947d4454b020a263e7fa49aefb0fd0c9317d;107;0
345;0x9685971ce323aadcdbcd895683b8947d4454b020a263e7fa49aefb0fd0c9317d;263;0
346;0x9685971ce323aadcdbcd895683b8947d4454b020a263e7fa49aefb0fd0c9317d;134;0
347;0x9685971ce323aadcdbcd895683b8947d4454b020a263e7fa49aefb0fd0c9317d;177;0
348;0x9685971ce323aadcdbcd895683b8947d4454b020a263e7fa49aefb0fd0c9317d;143;0
349;0x9685971ce323aadcdbcd895683b8947d4454b020a263e7fa49aefb0fd0c9317d;113;0
350;0x9685971ce323aadcdbcd895683b8947d4454b020a263e7fa49aefb0fd0c9317d;121;0
351;0x9685971ce323aadcdbcd895683b8947d4454b020a263e7fa49aefb0fd0c9317d;146;0
352;0x9685971ce323aadcdbcd895683b8947d4454b020a263e7fa49aefb0fd0c9317d;140;0
353;0x9685971ce323aadcdbcd895683b8947d4454b020a263e7fa49aefb0fd0c9317d;144;0
354;0x9685971ce323aadcdbcd895683b8947d4454b020a263e7fa49aefb0fd0c9317d;148;0
355;0x9685971ce323aadcdbcd895683b8947d4454b020a263e7fa49aefb0fd0c9317d;117;0
356;0x9685971ce323aadcdbcd895683b8947d4454b020a263e7fa49aefb0fd0c9317d;113;0
357;0x9685971ce323aadcdbcd895683b8947d4454b020a263e7fa49aefb0fd0c9317d;138;0
358;0x9685971ce323aadcdbcd895683b8947d4454b020a263e7fa49aefb0fd0c9317d;126;0
359;0x9685971ce323aadcdbcd895683b8947d4454b020a263e7fa49aefb0fd0c9317d;176;0
360;0x9685971ce323aadcdbcd895683b8947d4454b020a263e7fa49aefb0fd0c9317d;230;0
361;0x9685971ce323aadcdbcd895683b8947d4454b020a263e7fa49aefb0fd0c9317d;106;0
362;0x9685971ce323aadcdbcd895683b8947d4454b020a263e7fa49aefb0fd0c9317d;109;0
363;0x9685971ce323aadcdbcd895683b8947d4454b020a263e7fa49aefb0fd0c9317d;112;0
364;0x9685971ce323aadcdbcd895683b8947d4454b020a263e7fa49aefb0fd0c9317d;218;0
365;0x9685971ce323aadcdbcd895683b8947d4454b020a263e7fa49aefb0fd0c9317d;258;0
366;0x9685971ce323aadcdbcd895683b8947d4454b020a263e7fa49aefb0fd0c9317d;255;0
367;0x9685971ce323aadcdbcd895683b8947d4454b020a263e7fa49aefb0fd0c9317d;113;0
368;0x9685971ce323aadcdbcd895683b8947d4454b020a263e7fa49aefb0fd0c9317d;174;0
369;0x9685971ce323aadcdbcd895683b8947d4454b020a263e7fa49aefb0fd0c9317d;117;0
370;0x9685971ce323aadcdbcd895683b8947d4454b020a263e7fa49aefb0fd0c9317d;99;0
371;0x9685971ce323aadcdbcd895683b8947d4454b020a263e7fa49aefb0fd0c9317d;108;0
372;0x9685971ce323aadcdbcd895683b8947d4454b020a263e7fa49aefb0fd0c9317d;130;0
373;0x9685971ce323aadcdbcd895683b8947d4454b020a263e7fa49aefb0fd0c9317d;144;0
374;0x9685971ce323aadcdbcd895683b8947d4454b020a263e7fa49aefb0fd0c9317d;111;0
375;0x9685971ce323aadcdbcd895683b8947d4454b020a263e7fa49aefb0fd0c9317d;164;0
376;0x9685971ce323aadcdbcd895683b8947d4454b020a263e7fa49aefb0fd0c9317d;115;0
377;0x9685971ce323aadcdbcd895683b8947d4454b020a263e7fa49aefb0fd0c9317d;189;0
378;0x9685971ce323aadcdbcd895683b8947d4454b020a263e7fa49aefb0fd0c9317d;141;0
379;0x9685971ce323aadcdbcd895683b8947d4454b020a263e7fa49aefb0fd0c9317d;114;0
380;0x9685971ce323aadcdbcd895683b8947d4454b020a263e7fa49aefb0fd0c9317d;134;0
381;0x9685971ce323aadcdbcd895683b8947d4454b020a263e7fa49aefb0fd0c9317d;189;0
382;0x9685971ce323aadcdbcd895683b8947d4454b020a263e7fa49aefb0fd0c9317d;251;0
383;0x9685971ce323aadcdbcd895683b8947d4454b020a263e7fa49aefb0fd0c9317d;113;0
384;0x9685971ce323aadcdbcd895683b8947d4454b020a263e7fa49aefb0fd0c9317d;136;0
385;0x9685971ce323aadcdbcd895683b8947d4454b020a263e7fa49aefb0fd0c9317d;216;0
386;0x9685971ce323aadcdbcd895683b8947d4454b020a263e7fa49aefb0fd0c9317d;106;0
387;0x9685971ce323aadcdbcd895683b8947d4454b020a263e7fa49aefb0fd0c9317d;125;0
388;0x9685971ce323aadcdbcd895683b8947d4454b020a263e7fa49aefb0fd0c9317d;303;0
389;0x9685971ce323aadcdbcd895683b8947d4454b020a263e7fa49aefb0fd0c9317d;115;0
390;0x9685971ce323aadcdbcd895683b8947d4454b020a263e7fa49aefb0fd0c9317d;235;0
391;0x9685971ce323aadcdbcd895683b8947d4454b020a263e7fa49aefb0fd0c9317d;193;0
392;0x9685971ce323aadcdbcd895683b8947d4454b020a263e7fa49aefb0fd0c9317d;183;0
393;0x9685971ce323aadcdbcd895683b8947d4454b020a263e7fa49aefb0fd0c9317d;117;0
394;0x9685971ce323aadcdbcd895683b8947d4454b020a263e7fa49aefb0fd0c9317d;164;0
395;0x9685971ce323aadcdbcd895683b8947d4454b020a263e7fa49aefb0fd0c9317d;182;0
396;0x9685971ce323aadcdbcd895683b8947d4454b020a263e7fa49aefb0fd0c9317d;108;0
397;0x9685971ce323aadcdbcd895683b8947d4454b020a263e7fa49aefb0fd0c9317d;201;0
398;0x9685971ce323aadcdbcd895683b8947d4454b020a263e7fa49aefb0fd0c9317d;216;0
399;0x9685971ce323aadcdbcd895683b8947d4454b020a263e7fa49aefb0fd0c9317d;127;0
400;0x9685971ce323aadcdbcd895683b8947d4454b020a263e7fa49aefb0fd0c9317d;130;0
401;0x9685971ce323aadcdbcd895683b8947d4454b020a263e7fa49aefb0fd0c9317d;205;0
402;0x9685971ce323aadcdbcd895683b8947d4454b020a263e7fa49aefb0fd0c9317d;147;0
403;0x9685971ce323aadcdbcd895683b8947d4454b020a263e7fa49aefb0fd0c9317d;115;0
404;0x9685971ce323aadcdbcd895683b8947d4454b020a263e7fa49aefb0fd0c9317d;165;0
405;0x9685971ce323aadcdbcd895683b8947d4454b020a263e7fa49aefb0fd0c9317d;141;0
406;0x9685971ce323aadcdbcd895683b8947d4454b020a263e7fa49aefb0fd0c9317d;148;0
407;0x9685971ce323aadcdbcd895683b8947d4454b020a263e7fa49aefb0fd0c9317d;164;0
408;0x9685971ce323aadcdbcd895683b8947d4454b020a263e7fa49aefb0fd0c9317d;164;0
409;0x9685971ce323aadcdbcd895683b8947d4454b020a263e7fa49aefb0fd0c9317d;111;0
410;0x9685971ce323aadcdbcd895683b8947d4454b020a263e7fa49aefb0fd0c9317d;191;0
411;0x9685971ce323aadcdbcd895683b8947d4454b020a263e7fa49aefb0fd0c9317d;115;0
412;0x9685971ce323aadcdbcd895683b8947d4454b020a263e7fa49aefb0fd0c9317d;125;0
413;0x9685971ce323aadcdbcd895683b8947d4454b020a263e7fa49aefb0fd0c9317d;111;0
414;0x9685971ce323aadcdbcd895683b8947d4454b020a263e7fa49aefb0fd0c9317d;182;0
415;0x9685971ce323aadcdbcd895683b8947d4454b020a263e7fa49aefb0fd0c9317d;165;0
416;0x9685971ce323aadcdbcd895683b8947d4454b020a263e7fa49aefb0fd0c9317d;166;0
417;0x9685971ce323aadcdbcd895683b8947d4454b020a263e7fa49aefb0fd0c9317d;154;0
418;0x9685971ce323aadcdbcd895683b8947d4454b020a263e7fa49aefb0fd0c9317d;129;0
419;0x9685971ce323aadcdbcd895683b8947d4454b020a263e7fa49aefb0fd0c9317d;112;0
420;0x9685971ce323aadcdbcd895683b8947d4454b020a263e7fa49aefb0fd0c9317d;180;0
421;0x9685971ce323aadcdbcd895683b8947d4454b020a263e7fa49aefb0fd0c9317d;212;0
422;0x9685971ce323aadcdbcd895683b8947d4454b020a263e7fa49aefb0fd0c9317d;131;0
423;0x9685971ce323aadcdbcd895683b8947d4454b020a263e7fa49aefb0fd0c9317d;201;0
424;0x9685971ce323aadcdbcd895683b8947d4454b020a263e7fa49aefb0fd0c9317d;126;0
425;0x9685971ce323aadcdbcd895683b8947d4454b020a263e7fa49aefb0fd0c9317d;216;0
426;0x9685971ce323aadcdbcd895683b8947d4454b020a263e7fa49aefb0fd0c9317d;154;0
427;0x9685971ce323aadcdbcd895683b8947d4454b020a263e7fa49aefb0fd0c9317d;106;0
428;0x9685971ce323aadcdbcd895683b8947d4454b020a263e7fa49aefb0fd0c9317d;126;0
429;0x9685971ce323aadcdbcd895683b8947d4454b020a263e7fa49aefb0fd0c9317d;158;0
430;0x9685971ce323aadcdbcd895683b8947d4454b020a263e7fa49aefb0fd0c9317d;119;0
431;0x9685971ce323aadcdbcd895683b8947d4454b020a263e7fa49aefb0fd0c9317d;156;0
432;0x9685971ce323aadcdbcd895683b8947d4454b020a263e7fa49aefb0fd0c9317d;274;0
433;0x9685971ce323aadcdbcd895683b8947d4454b020a263e7fa49aefb0fd0c9317d;158;0
434;0x9685971ce323aadcdbcd895683b8947d4454b020a263e7fa49aefb0fd0c9317d;263;0
435;0x9685971ce323aadcdbcd895683b8947d4454b020a263e7fa49aefb0fd0c9317d;184;0
436;0x9685971ce323aadcdbcd895683b8947d4454b020a263e7fa49aefb0fd0c9317d;126;0
437;0x9685971ce323aadcdbcd895683b8947d4454b020a263e7fa49aefb0fd0c9317d;169;0
438;0x9685971ce323aadcdbcd895683b8947d4454b020a263e7fa49aefb0fd0c9317d;116;0
439;0x9685971ce323aadcdbcd895683b8947d4454b020a263e7fa49aefb0fd0c9317d;117;0
440;0x9685971ce323aadcdbcd895683b8947d4454b020a263e7fa49aefb0fd0c9317d;103;0
441;0x9685971ce323aadcdbcd895683b8947d4454b020a263e7fa49aefb0fd0c9317d;108;0
442;0x9685971ce323aadcdbcd895683b8947d4454b020a263e7fa49aefb0fd0c9317d;216;0
443;0x9685971ce323aadcdbcd895683b8947d4454b020a263e7fa49aefb0fd0c9317d;207;0
444;0x9685971ce323aadcdbcd895683b8947d4454b020a263e7fa49aefb0fd0c9317d;120;0
445;0x9685971ce323aadcdbcd895683b8947d4454b020a263e7fa49aefb0fd0c9317d;141;0
446;0x9685971ce323aadcdbcd895683b8947d4454b020a263e7fa49aefb0fd0c9317d;104;0
447;0x9685971ce323aadcdbcd895683b8947d4454b020a263e7fa49aefb0fd0c9317d;114;0
448;0x9685971ce323aadcdbcd895683b8947d4454b020a263e7fa49aefb0fd0c9317d;168;0
449;0x9685971ce323aadcdbcd895683b8947d4454b020a263e7fa49aefb0fd0c9317d;132;0
450;0x9685971ce323aadcdbcd895683b8947d4454b020a263e7fa49aefb0fd0c9317d;282;0
451;0x9685971ce323aadcdbcd895683b8947d4454b020a263e7fa49aefb0fd0c9317d;214;0
452;0x9685971ce323aadcdbcd895683b8947d4454b020a263e7fa49aefb0fd0c9317d;174;0
453;0x9685971ce323aadcdbcd895683b8947d4454b020a263e7fa49aefb0fd0c9317d;117;0
454;0x9685971ce323aadcdbcd895683b8947d4454b020a263e7fa49aefb0fd0c9317d;180;0
455;0x9685971ce323aadcdbcd895683b8947d4454b020a263e7fa49aefb0fd0c9317d;163;0
456;0x9685971ce323aadcdbcd895683b8947d4454b020a263e7fa49aefb0fd0c9317d;191;0
457;0x9685971ce323aadcdbcd895683b8947d4454b020a263e7fa49aefb0fd0c9317d;197;0
458;0x9685971ce323aadcdbcd895683b8947d4454b020a263e7fa49aefb0fd0c9317d;110;0
459;0x9685971ce323aadcdbcd895683b8947d4454b020a263e7fa49aefb0fd0c9317d;108;0
460;0x9685971ce323aadcdbcd895683b8947d4454b020a263e7fa49aefb0fd0c9317d;134;0
461;0x9685971ce323aadcdbcd895683b8947d4454b020a263e7fa49aefb0fd0c9317d;110;0
462;0x9685971ce323aadcdbcd895683b8947d4454b020a263e7fa49aefb0fd0c9317d;112;0
463;0x9685971ce323aadcdbcd895683b8947d4454b020a263e7fa49aefb0fd0c9317d;237;0
464;0x9685971ce323aadcdbcd895683b8947d4454b020a263e7fa49aefb0fd0c9317d;176;0
465;0x9685971ce323aadcdbcd895683b8947d4454b020a263e7fa49aefb0fd0c9317d;175;0
466;0x9685971ce323aadcdbcd895683b8947d4454b020a263e7fa49aefb0fd0c9317d;159;0
467;0x9685971ce323aadcdbcd895683b8947d4454b020a263e7fa49aefb0fd0c9317d;288;0
468;0x9685971ce323aadcdbcd895683b8947d4454b020a263e7fa49aefb0fd0c9317d;157;0
469;0x9685971ce323aadcdbcd895683b8947d4454b020a263e7fa49aefb0fd0c9317d;125;0
470;0x9685971ce323aadcdbcd895683b8947d4454b020a263e7fa49aefb0fd0c9317d;122;0
471;0x9685971ce323aadcdbcd895683b8947d4454b020a263e7fa49aefb0fd0c9317d;181;0
472;0x9685971ce323aadcdbcd895683b8947d4454b020a263e7fa49aefb0fd0c9317d;185;0
473;0x9685971ce323aadcdbcd895683b8947d4454b020a263e7fa49aefb0fd0c9317d;107;0
474;0x9685971ce323aadcdbcd895683b8947d4454b020a263e7fa49aefb0fd0c9317d;135;0
475;0x9685971ce323aadcdbcd895683b8947d4454b020a263e7fa49aefb0fd0c9317d;187;0
476;0x9685971ce323aadcdbcd895683b8947d4454b020a263e7fa49aefb0fd0c9317d;134;0
477;0x9685971ce323aadcdbcd895683b8947d4454b020a263e7fa49aefb0fd0c9317d;197;0
478;0x9685971ce323aadcdbcd895683b8947d4454b020a263e7fa49aefb0fd0c9317d;199;0
479;0x9685971ce323aadcdbcd895683b8947d4454b020a263e7fa49aefb0fd0c9317d;249;0
480;0x9685971ce323aadcdbcd895683b8947d4454b020a263e7fa49aefb0fd0c9317d;200;0
481;0x9685971ce323aadcdbcd895683b8947d4454b020a263e7fa49aefb0fd0c9317d;277;0
482;0x9685971ce323aadcdbcd895683b8947d4454b020a263e7fa49aefb0fd0c9317d;113;0
483;0x9685971ce323aadcdbcd895683b8947d4454b020a263e7fa49aefb0fd0c9317d;129;0
484;0x9685971ce323aadcdbcd895683b8947d4454b020a263e7fa49aefb0fd0c9317d;104;0
485;0x9685971ce323aadcdbcd895683b8947d4454b020a263e7fa49aefb0fd0c9317d;108;0
486;0x9685971ce323aadcdbcd895683b8947d4454b020a263e7fa49aefb0fd0c9317d;178;0
487;0x9685971ce323aadcdbcd895683b8947d4454b020a263e7fa49aefb0fd0c9317d;108;0
488;0x9685971ce323aadcdbcd895683b8947d4454b020a263e7fa49aefb0fd0c9317d;143;0
489;0x9685971ce323aadcdbcd895683b8947d4454b020a263e7fa49aefb0fd0c9317d;144;0
490;0x9685971ce323aadcdbcd895683b8947d4454b020a263e7fa49aefb0fd0c9317d;148;0
491;0x9685971ce323aadcdbcd895683b8947d4454b020a263e7fa49aefb0fd0c9317d;133;0
492;0x9685971ce323aadcdbcd895683b8947d4454b020a263e7fa49aefb0fd0c9317d;137;0
493;0x9685971ce323aadcdbcd895683b8947d4454b020a263e7fa49aefb0fd0c9317d;113;0
494;0x9685971ce323aadcdbcd895683b8947d4454b020a263e7fa49aefb0fd0c9317d;118;0
495;0x9685971ce323aadcdbcd895683b8947d4454b020a263e7fa49aefb0fd0c9317d;150;0
496;0x9685971ce323aadcdbcd895683b8947d4454b020a263e7fa49aefb0fd0c9317d;101;0
497;0x9685971ce323aadcdbcd895683b8947d4454b020a263e7fa49aefb0fd0c9317d;198;0
498;0x9685971ce323aadcdbcd895683b8947d4454b020a263e7fa49aefb0fd0c9317d;106;0
499;0x9685971ce323aadcdbcd895683b8947d4454b020a263e7fa49aefb0fd0c9317d;118;0
500;0x9685971ce323aadcdbcd895683b8947d4454b020a263e7fa49aefb0fd0c9317d;108;0
501;0x9685971ce323aadcdbcd895683b8947d4454b020a263e7fa49aefb0fd0c9317d;121;0
502;0x9685971ce323aadcdbcd895683b8947d4454b020a263e7fa49aefb0fd0c9317d;184;0
503;0x9685971ce323aadcdbcd895683b8947d4454b020a263e7fa49aefb0fd0c9317d;200;0
504;0x9685971ce323aadcdbcd895683b8947d4454b020a263e7fa49aefb0fd0c9317d;123;0
505;0x9685971ce323aadcdbcd895683b8947d4454b020a263e7fa49aefb0fd0c9317d;107;0
506;0x9685971ce323aadcdbcd895683b8947d4454b020a263e7fa49aefb0fd0c9317d;240;0
507;0x9685971ce323aadcdbcd895683b8947d4454b020a263e7fa49aefb0fd0c9317d;237;0
508;0x9685971ce323aadcdbcd895683b8947d4454b020a263e7fa49aefb0fd0c9317d;175;0
509;0x9685971ce323aadcdbcd895683b8947d4454b020a263e7fa49aefb0fd0c9317d;205;0
510;0x9685971ce323aadcdbcd895683b8947d4454b020a263e7fa49aefb0fd0c9317d;115;0
511;0x9685971ce323aadcdbcd895683b8947d4454b020a263e7fa49aefb0fd0c9317d;226;0
512;0x9685971ce323aadcdbcd895683b8947d4454b020a263e7fa49aefb0fd0c9317d;176;0
513;0x9685971ce323aadcdbcd895683b8947d4454b020a263e7fa49aefb0fd0c9317d;103;0
514;0x9685971ce323aadcdbcd895683b8947d4454b020a263e7fa49aefb0fd0c9317d;154;0
515;0x9685971ce323aadcdbcd895683b8947d4454b020a263e7fa49aefb0fd0c9317d;193;0
516;0x9685971ce323aadcdbcd895683b8947d4454b020a263e7fa49aefb0fd0c9317d;112;0
517;0x9685971ce323aadcdbcd895683b8947d4454b020a263e7fa49aefb0fd0c9317d;113;0
518;0x9685971ce323aadcdbcd895683b8947d4454b020a263e7fa49aefb0fd0c9317d;187;0
519;0x9685971ce323aadcdbcd895683b8947d4454b020a263e7fa49aefb0fd0c9317d;153;0
520;0x9685971ce323aadcdbcd895683b8947d4454b020a263e7fa49aefb0fd0c9317d;110;0
521;0x9685971ce323aadcdbcd895683b8947d4454b020a263e7fa49aefb0fd0c9317d;112;0
522;0x9685971ce323aadcdbcd895683b8947d4454b020a263e7fa49aefb0fd0c9317d;204;0
523;0x9685971ce323aadcdbcd895683b8947d4454b020a263e7fa49aefb0fd0c9317d;122;0
524;0x9685971ce323aadcdbcd895683b8947d4454b020a263e7fa49aefb0fd0c9317d;188;0
525;0x9685971ce323aadcdbcd895683b8947d4454b020a263e7fa49aefb0fd0c9317d;111;0
526;0x9685971ce323aadcdbcd895683b8947d4454b020a263e7fa49aefb0fd0c9317d;102;0
527;0x9685971ce323aadcdbcd895683b8947d4454b020a263e7fa49aefb0fd0c9317d;189;0
528;0x9685971ce323aadcdbcd895683b8947d4454b020a263e7fa49aefb0fd0c9317d;190;0
529;0x9685971ce323aadcdbcd895683b8947d4454b020a263e7fa49aefb0fd0c9317d;217;0
530;0x9685971ce323aadcdbcd895683b8947d4454b020a263e7fa49aefb0fd0c9317d;146;0
531;0x9685971ce323aadcdbcd895683b8947d4454b020a263e7fa49aefb0fd0c9317d;199;0
532;0x9685971ce323aadcdbcd895683b8947d4454b020a263e7fa49aefb0fd0c9317d;217;0
533;0x9685971ce323aadcdbcd895683b8947d4454b020a263e7fa49aefb0fd0c9317d;178;0
534;0x9685971ce323aadcdbcd895683b8947d4454b020a263e7fa49aefb0fd0c9317d;241;0
535;0x9685971ce323aadcdbcd895683b8947d4454b020a263e7fa49aefb0fd0c9317d;166;0
536;0x9685971ce323aadcdbcd895683b8947d4454b020a263e7fa49aefb0fd0c9317d;211;0
537;0x9685971ce323aadcdbcd895683b8947d4454b020a263e7fa49aefb0fd0c9317d;198;0
538;0x9685971ce323aadcdbcd895683b8947d4454b020a263e7fa49aefb0fd0c9317d;111;0
539;0x9685971ce323aadcdbcd895683b8947d4454b020a263e7fa49aefb0fd0c9317d;106;0
540;0x9685971ce323aadcdbcd895683b8947d4454b020a263e7fa49aefb0fd0c9317d;163;0
541;0x9685971ce323aadcdbcd895683b8947d4454b020a263e7fa49aefb0fd0c9317d;188;0
542;0x9685971ce323aadcdbcd895683b8947d4454b020a263e7fa49aefb0fd0c9317d;176;0
543;0x9685971ce323aadcdbcd895683b8947d4454b020a263e7fa49aefb0fd0c9317d;111;0
544;0x9685971ce323aadcdbcd895683b8947d4454b020a263e7fa49aefb0fd0c9317d;182;0
545;0x9685971ce323aadcdbcd895683b8947d4454b020a263e7fa49aefb0fd0c9317d;221;0
546;0x9685971ce323aadcdbcd895683b8947d4454b020a263e7fa49aefb0fd0c9317d;210;0
547;0x9685971ce323aadcdbcd895683b8947d4454b020a263e7fa49aefb0fd0c9317d;206;0
548;0x9685971ce323aadcdbcd895683b8947d4454b020a263e7fa49aefb0fd0c9317d;225;0
549;0x9685971ce323aadcdbcd895683b8947d4454b020a263e7fa49aefb0fd0c9317d;109;0
550;0x9685971ce323aadcdbcd895683b8947d4454b020a263e7fa49aefb0fd0c9317d;269;0
551;0x9685971ce323aadcdbcd895683b8947d4454b020a263e7fa49aefb0fd0c9317d;122;0
552;0x9685971ce323aadcdbcd895683b8947d4454b020a263e7fa49aefb0fd0c9317d;201;0
553;0x9685971ce323aadcdbcd895683b8947d4454b020a263e7fa49aefb0fd0c9317d;132;0
554;0x9685971ce323aadcdbcd895683b8947d4454b020a263e7fa49aefb0fd0c9317d;212;0
555;0x9685971ce323aadcdbcd895683b8947d4454b020a263e7fa49aefb0fd0c9317d;111;0
556;0x9685971ce323aadcdbcd895683b8947d4454b020a263e7fa49aefb0fd0c9317d;118;0
557;0x9685971ce323aadcdbcd895683b8947d4454b020a263e7fa49aefb0fd0c9317d;128;0
558;0x9685971ce323aadcdbcd895683b8947d4454b020a263e7fa49aefb0fd0c9317d;151;0
559;0x9685971ce323aadcdbcd895683b8947d4454b020a263e7fa49aefb0fd0c9317d;160;0
560;0x9685971ce323aadcdbcd895683b8947d4454b020a263e7fa49aefb0fd0c9317d;112;0
561;0x9685971ce323aadcdbcd895683b8947d4454b020a263e7fa49aefb0fd0c9317d;179;0
562;0x9685971ce323aadcdbcd895683b8947d4454b020a263e7fa49aefb0fd0c9317d;109;0
563;0x9685971ce323aadcdbcd895683b8947d4454b020a263e7fa49aefb0fd0c9317d;118;0
564;0x9685971ce323aadcdbcd895683b8947d4454b020a263e7fa49aefb0fd0c9317d;110;0
565;0x9685971ce323aadcdbcd895683b8947d4454b020a263e7fa49aefb0fd0c9317d;160;0
566;0x9685971ce323aadcdbcd895683b8947d4454b020a263e7fa49aefb0fd0c9317d;113;0
567;0x9685971ce323aadcdbcd895683b8947d4454b020a263e7fa49aefb0fd0c9317d;101;0
568;0x9685971ce323aadcdbcd895683b8947d4454b020a263e7fa49aefb0fd0c9317d;138;0
569;0x9685971ce323aadcdbcd895683b8947d4454b020a263e7fa49aefb0fd0c9317d;250;0
570;0x9685971ce323aadcdbcd895683b8947d4454b020a263e7fa49aefb0fd0c9317d;137;0
571;0x9685971ce323aadcdbcd895683b8947d4454b020a263e7fa49aefb0fd0c9317d;106;0
572;0x9685971ce323aadcdbcd895683b8947d4454b020a263e7fa49aefb0fd0c9317d;205;0
573;0x9685971ce323aadcdbcd895683b8947d4454b020a263e7fa49aefb0fd0c9317d;210;0
574;0x9685971ce323aadcdbcd895683b8947d4454b020a263e7fa49aefb0fd0c9317d;172;0
575;0x9685971ce323aadcdbcd895683b8947d4454b020a263e7fa49aefb0fd0c9317d;198;0
576;0x9685971ce323aadcdbcd895683b8947d4454b020a263e7fa49aefb0fd0c9317d;114;0
577;0x9685971ce323aadcdbcd895683b8947d4454b020a263e7fa49aefb0fd0c9317d;138;0
578;0x9685971ce323aadcdbcd895683b8947d4454b020a263e7fa49aefb0fd0c9317d;166;0
579;0x9685971ce323aadcdbcd895683b8947d4454b020a263e7fa49aefb0fd0c9317d;176;0
580;0x9685971ce323aadcdbcd895683b8947d4454b020a263e7fa49aefb0fd0c9317d;114;0
581;0x9685971ce323aadcdbcd895683b8947d4454b020a263e7fa49aefb0fd0c9317d;107;0
582;0x9685971ce323aadcdbcd895683b8947d4454b020a263e7fa49aefb0fd0c9317d;152;0
583;0x9685971ce323aadcdbcd895683b8947d4454b020a263e7fa49aefb0fd0c9317d;107;0
584;0x9685971ce323aadcdbcd895683b8947d4454b020a263e7fa49aefb0fd0c9317d;203;0
585;0x9685971ce323aadcdbcd895683b8947d4454b020a263e7fa49aefb0fd0c9317d;224;0
586;0x9685971ce323aadcdbcd895683b8947d4454b020a263e7fa49aefb0fd0c9317d;186;0
587;0x9685971ce323aadcdbcd895683b8947d4454b020a263e7fa49aefb0fd0c9317d;207;0
588;0x9685971ce323aadcdbcd895683b8947d4454b020a263e7fa49aefb0fd0c9317d;107;0
589;0x9685971ce323aadcdbcd895683b8947d4454b020a263e7fa49aefb0fd0c9317d;109;0
590;0x9685971ce323aadcdbcd895683b8947d4454b020a263e7fa49aefb0fd0c9317d;139;0
591;0x9685971ce323aadcdbcd895683b8947d4454b020a263e7fa49aefb0fd0c9317d;111;0
592;0x9685971ce323aadcdbcd895683b8947d4454b020a263e7fa49aefb0fd0c9317d;231;0
593;0x9685971ce323aadcdbcd895683b8947d4454b020a263e7fa49aefb0fd0c9317d;183;0
594;0x9685971ce323aadcdbcd895683b8947d4454b020a263e7fa49aefb0fd0c9317d;194;0
595;0x9685971ce323aadcdbcd895683b8947d4454b020a263e7fa49aefb0fd0c9317d;123;0
596;0x9685971ce323aadcdbcd895683b8947d4454b020a263e7fa49aefb0fd0c9317d;115;0
597;0x9685971ce323aadcdbcd895683b8947d4454b020a263e7fa49aefb0fd0c9317d;113;0
598;0x9685971ce323aadcdbcd895683b8947d4454b020a263e7fa49aefb0fd0c9317d;115;0
599;0x9685971ce323aadcdbcd895683b8947d4454b020a263e7fa49aefb0fd0c9317d;107;0
600;0x9685971ce323aadcdbcd895683b8947d4454b020a263e7fa49aefb0fd0c9317d;149;0
601;0x9685971ce323aadcdbcd895683b8947d4454b020a263e7fa49aefb0fd0c9317d;112;0
602;0x9685971ce323aadcdbcd895683b8947d4454b020a263e7fa49aefb0fd0c9317d;279;0
603;0x9685971ce323aadcdbcd895683b8947d4454b020a263e7fa49aefb0fd0c9317d;123;0
604;0x9685971ce323aadcdbcd895683b8947d4454b020a263e7fa49aefb0fd0c9317d;241;0
605;0x9685971ce323aadcdbcd895683b8947d4454b020a263e7fa49aefb0fd0c9317d;261;0
606;0x9685971ce323aadcdbcd895683b8947d4454b020a263e7fa49aefb0fd0c9317d;197;0
607;0x9685971ce323aadcdbcd895683b8947d4454b020a263e7fa49aefb0fd0c9317d;194;0
608;0x9685971ce323aadcdbcd895683b8947d4454b020a263e7fa49aefb0fd0c9317d;110;0
609;0x9685971ce323aadcdbcd895683b8947d4454b020a263e7fa49aefb0fd0c9317d;198;0
610;0x9685971ce323aadcdbcd895683b8947d4454b020a263e7fa49aefb0fd0c9317d;130;0
611;0x9685971ce323aadcdbcd895683b8947d4454b020a263e7fa49aefb0fd0c9317d;104;0
612;0x9685971ce323aadcdbcd895683b8947d4454b020a263e7fa49aefb0fd0c9317d;117;0
613;0x9685971ce323aadcdbcd895683b8947d4454b020a263e7fa49aefb0fd0c9317d;139;0
614;0x9685971ce323aadcdbcd895683b8947d4454b020a263e7fa49aefb0fd0c9317d;107;0
615;0x9685971ce323aadcdbcd895683b8947d4454b020a263e7fa49aefb0fd0c9317d;135;0
616;0x9685971ce323aadcdbcd895683b8947d4454b020a263e7fa49aefb0fd0c9317d;196;0
617;0x9685971ce323aadcdbcd895683b8947d4454b020a263e7fa49aefb0fd0c9317d;120;0
618;0x9685971ce323aadcdbcd895683b8947d4454b020a263e7fa49aefb0fd0c9317d;190;0
619;0x9685971ce323aadcdbcd895683b8947d4454b020a263e7fa49aefb0fd0c9317d;112;0
620;0x9685971ce323aadcdbcd895683b8947d4454b020a263e7fa49aefb0fd0c9317d;225;0
621;0x9685971ce323aadcdbcd895683b8947d4454b020a263e7fa49aefb0fd0c9317d;105;0
622;0x9685971ce323aadcdbcd895683b8947d4454b020a263e7fa49aefb0fd0c9317d;194;0
623;0x9685971ce323aadcdbcd895683b8947d4454b020a263e7fa49aefb0fd0c9317d;104;0
624;0x9685971ce323aadcdbcd895683b8947d4454b020a263e7fa49aefb0fd0c9317d;238;0
625;0x9685971ce323aadcdbcd895683b8947d4454b020a263e7fa49aefb0fd0c9317d;110;0
626;0x9685971ce323aadcdbcd895683b8947d4454b020a263e7fa49aefb0fd0c9317d;142;0
627;0x9685971ce323aadcdbcd895683b8947d4454b020a263e7fa49aefb0fd0c9317d;162;0
628;0x9685971ce323aadcdbcd895683b8947d4454b020a263e7fa49aefb0fd0c9317d;101;0
629;0x9685971ce323aadcdbcd895683b8947d4454b020a263e7fa49aefb0fd0c9317d;210;0
630;0x9685971ce323aadcdbcd895683b8947d4454b020a263e7fa49aefb0fd0c9317d;162;0
631;0x9685971ce323aadcdbcd895683b8947d4454b020a263e7fa49aefb0fd0c9317d;182;0
632;0x9685971ce323aadcdbcd895683b8947d4454b020a263e7fa49aefb0fd0c9317d;238;0
633;0x9685971ce323aadcdbcd895683b8947d4454b020a263e7fa49aefb0fd0c9317d;157;0
634;0x9685971ce323aadcdbcd895683b8947d4454b020a263e7fa49aefb0fd0c9317d;117;0
635;0x9685971ce323aadcdbcd895683b8947d4454b020a263e7fa49aefb0fd0c9317d;238;0
636;0x9685971ce323aadcdbcd895683b8947d4454b020a263e7fa49aefb0fd0c9317d;210;0
637;0x9685971ce323aadcdbcd895683b8947d4454b020a263e7fa49aefb0fd0c9317d;186;0
638;0x9685971ce323aadcdbcd895683b8947d4454b020a263e7fa49aefb0fd0c9317d;195;0
639;0x9685971ce323aadcdbcd895683b8947d4454b020a263e7fa49aefb0fd0c9317d;114;0
640;0x9685971ce323aadcdbcd895683b8947d4454b020a263e7fa49aefb0fd0c9317d;195;0
641;0x9685971ce323aadcdbcd895683b8947d4454b020a263e7fa49aefb0fd0c9317d;107;0
642;0x9685971ce323aadcdbcd895683b8947d4454b020a263e7fa49aefb0fd0c9317d;202;0
643;0x9685971ce323aadcdbcd895683b8947d4454b020a263e7fa49aefb0fd0c9317d;107;0
644;0x9685971ce323aadcdbcd895683b8947d4454b020a263e7fa49aefb0fd0c9317d;154;0
645;0x9685971ce323aadcdbcd895683b8947d4454b020a263e7fa49aefb0fd0c9317d;110;0
646;0x9685971ce323aadcdbcd895683b8947d4454b020a263e7fa49aefb0fd0c9317d;146;0
647;0x9685971ce323aadcdbcd895683b8947d4454b020a263e7fa49aefb0fd0c9317d;157;0
648;0x9685971ce323aadcdbcd895683b8947d4454b020a263e7fa49aefb0fd0c9317d;127;0
649;0x9685971ce323aadcdbcd895683b8947d4454b020a263e7fa49aefb0fd0c9317d;117;0
650;0x9685971ce323aadcdbcd895683b8947d4454b020a263e7fa49aefb0fd0c9317d;116;0
651;0x9685971ce323aadcdbcd895683b8947d4454b020a263e7fa49aefb0fd0c9317d;109;0
652;0x9685971ce323aadcdbcd895683b8947d4454b020a263e7fa49aefb0fd0c9317d;141;0
653;0x9685971ce323aadcdbcd895683b8947d4454b020a263e7fa49aefb0fd0c9317d;169;0
654;0x9685971ce323aadcdbcd895683b8947d4454b020a263e7fa49aefb0fd0c9317d;313;0
655;0x9685971ce323aadcdbcd895683b8947d4454b020a263e7fa49aefb0fd0c9317d;206;0
656;0x9685971ce323aadcdbcd895683b8947d4454b020a263e7fa49aefb0fd0c9317d;110;0
657;0x9685971ce323aadcdbcd895683b8947d4454b020a263e7fa49aefb0fd0c9317d;103;0
658;0x9685971ce323aadcdbcd895683b8947d4454b020a263e7fa49aefb0fd0c9317d;133;0
659;0x9685971ce323aadcdbcd895683b8947d4454b020a263e7fa49aefb0fd0c9317d;272;0
660;0x9685971ce323aadcdbcd895683b8947d4454b020a263e7fa49aefb0fd0c9317d;174;0
661;0x9685971ce323aadcdbcd895683b8947d4454b020a263e7fa49aefb0fd0c9317d;223;0
662;0x9685971ce323aadcdbcd895683b8947d4454b020a263e7fa49aefb0fd0c9317d;120;0
663;0x9685971ce323aadcdbcd895683b8947d4454b020a263e7fa49aefb0fd0c9317d;106;0
664;0x9685971ce323aadcdbcd895683b8947d4454b020a263e7fa49aefb0fd0c9317d;107;0
665;0x9685971ce323aadcdbcd895683b8947d4454b020a263e7fa49aefb0fd0c9317d;207;0
666;0x9685971ce323aadcdbcd895683b8947d4454b020a263e7fa49aefb0fd0c9317d;123;0
667;0x9685971ce323aadcdbcd895683b8947d4454b020a263e7fa49aefb0fd0c9317d;180;0
668;0x9685971ce323aadcdbcd895683b8947d4454b020a263e7fa49aefb0fd0c9317d;104;0
669;0x9685971ce323aadcdbcd895683b8947d4454b020a263e7fa49aefb0fd0c9317d;106;0
670;0x9685971ce323aadcdbcd895683b8947d4454b020a263e7fa49aefb0fd0c9317d;111;0
671;0x9685971ce323aadcdbcd895683b8947d4454b020a263e7fa49aefb0fd0c9317d;213;0
672;0x9685971ce323aadcdbcd895683b8947d4454b020a263e7fa49aefb0fd0c9317d;327;0
673;0x9685971ce323aadcdbcd895683b8947d4454b020a263e7fa49aefb0fd0c9317d;118;0
674;0x9685971ce323aadcdbcd895683b8947d4454b020a263e7fa49aefb0fd0c9317d;102;0
675;0x9685971ce323aadcdbcd895683b8947d4454b020a263e7fa49aefb0fd0c9317d;244;0
676;0x9685971ce323aadcdbcd895683b8947d4454b020a263e7fa49aefb0fd0c9317d;106;0
677;0x9685971ce323aadcdbcd895683b8947d4454b020a263e7fa49aefb0fd0c9317d;179;0
678;0x9685971ce323aadcdbcd895683b8947d4454b020a263e7fa49aefb0fd0c9317d;136;0
679;0x9685971ce323aadcdbcd895683b8947d4454b020a263e7fa49aefb0fd0c9317d;104;0
680;0x9685971ce323aadcdbcd895683b8947d4454b020a263e7fa49aefb0fd0c9317d;195;0
681;0x9685971ce323aadcdbcd895683b8947d4454b020a263e7fa49aefb0fd0c9317d;104;0
682;0x9685971ce323aadcdbcd895683b8947d4454b020a263e7fa49aefb0fd0c9317d;220;0
683;0x9685971ce323aadcdbcd895683b8947d4454b020a263e7fa49aefb0fd0c9317d;106;0
684;0x9685971ce323aadcdbcd895683b8947d4454b020a263e7fa49aefb0fd0c9317d;272;0
685;0x9685971ce323aadcdbcd895683b8947d4454b020a263e7fa49aefb0fd0c9317d;114;0
686;0x9685971ce323aadcdbcd895683b8947d4454b020a263e7fa49aefb0fd0c9317d;197;0
687;0x9685971ce323aadcdbcd895683b8947d4454b020a263e7fa49aefb0fd0c9317d;130;0
688;0x9685971ce323aadcdbcd895683b8947d4454b020a263e7fa49aefb0fd0c9317d;115;0
689;0x9685971ce323aadcdbcd895683b8947d4454b020a263e7fa49aefb0fd0c9317d;177;0
690;0x9685971ce323aadcdbcd895683b8947d4454b020a263e7fa49aefb0fd0c9317d;114;0
691;0x9685971ce323aadcdbcd895683b8947d4454b020a263e7fa49aefb0fd0c9317d;111;0
692;0x9685971ce323aadcdbcd895683b8947d4454b020a263e7fa49aefb0fd0c9317d;119;0
693;0x9685971ce323aadcdbcd895683b8947d4454b020a263e7fa49aefb0fd0c9317d;195;0
694;0x9685971ce323aadcdbcd895683b8947d4454b020a263e7fa49aefb0fd0c9317d;111;0
695;0x9685971ce323aadcdbcd895683b8947d4454b020a263e7fa49aefb0fd0c9317d;114;0
696;0x9685971ce323aadcdbcd895683b8947d4454b020a263e7fa49aefb0fd0c9317d;112;0
697;0x9685971ce323aadcdbcd895683b8947d4454b020a263e7fa49aefb0fd0c9317d;146;0
698;0x9685971ce323aadcdbcd895683b8947d4454b020a263e7fa49aefb0fd0c9317d;170;0
699;0x9685971ce323aadcdbcd895683b8947d4454b020a263e7fa49aefb0fd0c9317d;130;0
700;0x9685971ce323aadcdbcd895683b8947d4454b020a263e7fa49aefb0fd0c9317d;166;0
701;0x9685971ce323aadcdbcd895683b8947d4454b020a263e7fa49aefb0fd0c9317d;102;0
702;0x9685971ce323aadcdbcd895683b8947d4454b020a263e7fa49aefb0fd0c9317d;174;0
703;0x9685971ce323aadcdbcd895683b8947d4454b020a263e7fa49aefb0fd0c9317d;219;0
704;0x9685971ce323aadcdbcd895683b8947d4454b020a263e7fa49aefb0fd0c9317d;110;0
705;0x9685971ce323aadcdbcd895683b8947d4454b020a263e7fa49aefb0fd0c9317d;223;0
706;0x9685971ce323aadcdbcd895683b8947d4454b020a263e7fa49aefb0fd0c9317d;270;0
707;0x9685971ce323aadcdbcd895683b8947d4454b020a263e7fa49aefb0fd0c9317d;114;0
708;0x9685971ce323aadcdbcd895683b8947d4454b020a263e7fa49aefb0fd0c9317d;122;0
709;0x9685971ce323aadcdbcd895683b8947d4454b020a263e7fa49aefb0fd0c9317d;217;0
710;0x9685971ce323aadcdbcd895683b8947d4454b020a263e7fa49aefb0fd0c9317d;166;0
711;0x9685971ce323aadcdbcd895683b8947d4454b020a263e7fa49aefb0fd0c9317d;103;0
712;0x9685971ce323aadcdbcd895683b8947d4454b020a263e7fa49aefb0fd0c9317d;112;0
713;0x9685971ce323aadcdbcd895683b8947d4454b020a263e7fa49aefb0fd0c9317d;160;0
714;0x9685971ce323aadcdbcd895683b8947d4454b020a263e7fa49aefb0fd0c9317d;158;0
715;0x9685971ce323aadcdbcd895683b8947d4454b020a263e7fa49aefb0fd0c9317d;149;0
716;0x9685971ce323aadcdbcd895683b8947d4454b020a263e7fa49aefb0fd0c9317d;181;0
717;0x9685971ce323aadcdbcd895683b8947d4454b020a263e7fa49aefb0fd0c9317d;125;0
718;0x9685971ce323aadcdbcd895683b8947d4454b020a263e7fa49aefb0fd0c9317d;203;0
719;0x9685971ce323aadcdbcd895683b8947d4454b020a263e7fa49aefb0fd0c9317d;109;0
720;0x9685971ce323aadcdbcd895683b8947d4454b020a263e7fa49aefb0fd0c9317d;271;0
721;0x9685971ce323aadcdbcd895683b8947d4454b020a263e7fa49aefb0fd0c9317d;205;0
722;0x9685971ce323aadcdbcd895683b8947d4454b020a263e7fa49aefb0fd0c9317d;198;0
723;0x9685971ce323aadcdbcd895683b8947d4454b020a263e7fa49aefb0fd0c9317d;114;0
724;0x9685971ce323aadcdbcd895683b8947d4454b020a263e7fa49aefb0fd0c9317d;105;0
725;0x9685971ce323aadcdbcd895683b8947d4454b020a263e7fa49aefb0fd0c9317d;216;0
726;0x9685971ce323aadcdbcd895683b8947d4454b020a263e7fa49aefb0fd0c9317d;200;0
727;0x9685971ce323aadcdbcd895683b8947d4454b020a263e7fa49aefb0fd0c9317d;202;0
728;0x9685971ce323aadcdbcd895683b8947d4454b020a263e7fa49aefb0fd0c9317d;100;0
729;0x9685971ce323aadcdbcd895683b8947d4454b020a263e7fa49aefb0fd0c9317d;144;0
730;0x9685971ce323aadcdbcd895683b8947d4454b020a263e7fa49aefb0fd0c9317d;104;0
731;0x9685971ce323aadcdbcd895683b8947d4454b020a263e7fa49aefb0fd0c9317d;108;0
732;0x9685971ce323aadcdbcd895683b8947d4454b020a263e7fa49aefb0fd0c9317d;110;0
733;0x9685971ce323aadcdbcd895683b8947d4454b020a263e7fa49aefb0fd0c9317d;107;0
734;0x9685971ce323aadcdbcd895683b8947d4454b020a263e7fa49aefb0fd0c9317d;107;0
735;0x9685971ce323aadcdbcd895683b8947d4454b020a263e7fa49aefb0fd0c9317d;276;0
736;0x9685971ce323aadcdbcd895683b8947d4454b020a263e7fa49aefb0fd0c9317d;209;0
737;0x9685971ce323aadcdbcd895683b8947d4454b020a263e7fa49aefb0fd0c9317d;110;0
738;0x9685971ce323aadcdbcd895683b8947d4454b020a263e7fa49aefb0fd0c9317d;148;0
739;0x9685971ce323aadcdbcd895683b8947d4454b020a263e7fa49aefb0fd0c9317d;109;0
740;0x9685971ce323aadcdbcd895683b8947d4454b020a263e7fa49aefb0fd0c9317d;229;0
741;0x9685971ce323aadcdbcd895683b8947d4454b020a263e7fa49aefb0fd0c9317d;104;0
742;0x9685971ce323aadcdbcd895683b8947d4454b020a263e7fa49aefb0fd0c9317d;109;0
743;0x9685971ce323aadcdbcd895683b8947d4454b020a263e7fa49aefb0fd0c9317d;115;0
744;0x9685971ce323aadcdbcd895683b8947d4454b020a263e7fa49aefb0fd0c9317d;195;0
745;0x9685971ce323aadcdbcd895683b8947d4454b020a263e7fa49aefb0fd0c9317d;100;0
746;0x9685971ce323aadcdbcd895683b8947d4454b020a263e7fa49aefb0fd0c9317d;198;0
747;0x9685971ce323aadcdbcd895683b8947d4454b020a263e7fa49aefb0fd0c9317d;123;0
748;0x9685971ce323aadcdbcd895683b8947d4454b020a263e7fa49aefb0fd0c9317d;104;0
749;0x9685971ce323aadcdbcd895683b8947d4454b020a263e7fa49aefb0fd0c9317d;142;0
750;0x9685971ce323aadcdbcd895683b8947d4454b020a263e7fa49aefb0fd0c9317d;189;0
751;0x9685971ce323aadcdbcd895683b8947d4454b020a263e7fa49aefb0fd0c9317d;115;0
752;0x9685971ce323aadcdbcd895683b8947d4454b020a263e7fa49aefb0fd0c9317d;304;0
753;0x9685971ce323aadcdbcd895683b8947d4454b020a263e7fa49aefb0fd0c9317d;251;0
754;0x9685971ce323aadcdbcd895683b8947d4454b020a263e7fa49aefb0fd0c9317d;154;0
755;0x9685971ce323aadcdbcd895683b8947d4454b020a263e7fa49aefb0fd0c9317d;240;0
756;0x9685971ce323aadcdbcd895683b8947d4454b020a263e7fa49aefb0fd0c9317d;117;0
757;0x9685971ce323aadcdbcd895683b8947d4454b020a263e7fa49aefb0fd0c9317d;218;0
758;0x9685971ce323aadcdbcd895683b8947d4454b020a263e7fa49aefb0fd0c9317d;109;0
759;0x9685971ce323aadcdbcd895683b8947d4454b020a263e7fa49aefb0fd0c9317d;114;0
760;0x9685971ce323aadcdbcd895683b8947d4454b020a263e7fa49aefb0fd0c9317d;163;0
761;0x9685971ce323aadcdbcd895683b8947d4454b020a263e7fa49aefb0fd0c9317d;108;0
762;0x9685971ce323aadcdbcd895683b8947d4454b020a263e7fa49aefb0fd0c9317d;196;0
763;0x9685971ce323aadcdbcd895683b8947d4454b020a263e7fa49aefb0fd0c9317d;267;0
764;0x9685971ce323aadcdbcd895683b8947d4454b020a263e7fa49aefb0fd0c9317d;201;0
765;0x9685971ce323aadcdbcd895683b8947d4454b020a263e7fa49aefb0fd0c9317d;110;0
766;0x9685971ce323aadcdbcd895683b8947d4454b020a263e7fa49aefb0fd0c9317d;109;0
767;0x9685971ce323aadcdbcd895683b8947d4454b020a263e7fa49aefb0fd0c9317d;154;0
768;0x9685971ce323aadcdbcd895683b8947d4454b020a263e7fa49aefb0fd0c9317d;197;0
769;0x9685971ce323aadcdbcd895683b8947d4454b020a263e7fa49aefb0fd0c9317d;168;0
770;0x9685971ce323aadcdbcd895683b8947d4454b020a263e7fa49aefb0fd0c9317d;114;0
771;0x9685971ce323aadcdbcd895683b8947d4454b020a263e7fa49aefb0fd0c9317d;122;0
772;0x9685971ce323aadcdbcd895683b8947d4454b020a263e7fa49aefb0fd0c9317d;156;0
773;0x9685971ce323aadcdbcd895683b8947d4454b020a263e7fa49aefb0fd0c9317d;116;0
774;0x9685971ce323aadcdbcd895683b8947d4454b020a263e7fa49aefb0fd0c9317d;116;0
775;0x9685971ce323aadcdbcd895683b8947d4454b020a263e7fa49aefb0fd0c9317d;165;0
776;0x9685971ce323aadcdbcd895683b8947d4454b020a263e7fa49aefb0fd0c9317d;234;0
777;0x9685971ce323aadcdbcd895683b8947d4454b020a263e7fa49aefb0fd0c9317d;161;0
778;0x9685971ce323aadcdbcd895683b8947d4454b020a263e7fa49aefb0fd0c9317d;133;0
779;0x9685971ce323aadcdbcd895683b8947d4454b020a263e7fa49aefb0fd0c9317d;166;0
780;0x9685971ce323aadcdbcd895683b8947d4454b020a263e7fa49aefb0fd0c9317d;225;0
781;0x9685971ce323aadcdbcd895683b8947d4454b020a263e7fa49aefb0fd0c9317d;123;0
782;0x9685971ce323aadcdbcd895683b8947d4454b020a263e7fa49aefb0fd0c9317d;158;0
783;0x9685971ce323aadcdbcd895683b8947d4454b020a263e7fa49aefb0fd0c9317d;109;0
784;0x9685971ce323aadcdbcd895683b8947d4454b020a263e7fa49aefb0fd0c9317d;153;0
785;0x9685971ce323aadcdbcd895683b8947d4454b020a263e7fa49aefb0fd0c9317d;111;0
786;0x9685971ce323aadcdbcd895683b8947d4454b020a263e7fa49aefb0fd0c9317d;105;0
787;0x9685971ce323aadcdbcd895683b8947d4454b020a263e7fa49aefb0fd0c9317d;149;0
788;0x9685971ce323aadcdbcd895683b8947d4454b020a263e7fa49aefb0fd0c9317d;109;0
789;0x9685971ce323aadcdbcd895683b8947d4454b020a263e7fa49aefb0fd0c9317d;113;0
790;0x9685971ce323aadcdbcd895683b8947d4454b020a263e7fa49aefb0fd0c9317d;240;0
791;0x9685971ce323aadcdbcd895683b8947d4454b020a263e7fa49aefb0fd0c9317d;141;0
792;0x9685971ce323aadcdbcd895683b8947d4454b020a263e7fa49aefb0fd0c9317d;104;0
793;0x9685971ce323aadcdbcd895683b8947d4454b020a263e7fa49aefb0fd0c9317d;187;0
794;0x9685971ce323aadcdbcd895683b8947d4454b020a263e7fa49aefb0fd0c9317d;113;0
795;0x9685971ce323aadcdbcd895683b8947d4454b020a263e7fa49aefb0fd0c9317d;110;0
796;0x9685971ce323aadcdbcd895683b8947d4454b020a263e7fa49aefb0fd0c9317d;225;0
797;0x9685971ce323aadcdbcd895683b8947d4454b020a263e7fa49aefb0fd0c9317d;139;0
798;0x9685971ce323aadcdbcd895683b8947d4454b020a263e7fa49aefb0fd0c9317d;139;0
799;0x9685971ce323aadcdbcd895683b8947d4454b020a263e7fa49aefb0fd0c9317d;190;0
800;0x9685971ce323aadcdbcd895683b8947d4454b020a263e7fa49aefb0fd0c9317d;117;0
801;0x9685971ce323aadcdbcd895683b8947d4454b020a263e7fa49aefb0fd0c9317d;126;0
802;0x9685971ce323aadcdbcd895683b8947d4454b020a263e7fa49aefb0fd0c9317d;121;0
803;0x9685971ce323aadcdbcd895683b8947d4454b020a263e7fa49aefb0fd0c9317d;109;0
804;0x9685971ce323aadcdbcd895683b8947d4454b020a263e7fa49aefb0fd0c9317d;111;0
805;0x9685971ce323aadcdbcd895683b8947d4454b020a263e7fa49aefb0fd0c9317d;230;0
806;0x9685971ce323aadcdbcd895683b8947d4454b020a263e7fa49aefb0fd0c9317d;113;0
807;0x9685971ce323aadcdbcd895683b8947d4454b020a263e7fa49aefb0fd0c9317d;118;0
808;0x9685971ce323aadcdbcd895683b8947d4454b020a263e7fa49aefb0fd0c9317d;120;0
809;0x9685971ce323aadcdbcd895683b8947d4454b020a263e7fa49aefb0fd0c9317d;132;0
810;0x9685971ce323aadcdbcd895683b8947d4454b020a263e7fa49aefb0fd0c9317d;124;0
811;0x9685971ce323aadcdbcd895683b8947d4454b020a263e7fa49aefb0fd0c9317d;111;0
812;0x9685971ce323aadcdbcd895683b8947d4454b020a263e7fa49aefb0fd0c9317d;201;0
813;0x9685971ce323aadcdbcd895683b8947d4454b020a263e7fa49aefb0fd0c9317d;155;0
814;0x9685971ce323aadcdbcd895683b8947d4454b020a263e7fa49aefb0fd0c9317d;116;0
815;0x9685971ce323aadcdbcd895683b8947d4454b020a263e7fa49aefb0fd0c9317d;105;0
816;0x9685971ce323aadcdbcd895683b8947d4454b020a263e7fa49aefb0fd0c9317d;212;0
817;0x9685971ce323aadcdbcd895683b8947d4454b020a263e7fa49aefb0fd0c9317d;117;0
818;0x9685971ce323aadcdbcd895683b8947d4454b020a263e7fa49aefb0fd0c9317d;168;0
819;0x9685971ce323aadcdbcd895683b8947d4454b020a263e7fa49aefb0fd0c9317d;109;0
820;0x9685971ce323aadcdbcd895683b8947d4454b020a263e7fa49aefb0fd0c9317d;176;0
821;0x9685971ce323aadcdbcd895683b8947d4454b020a263e7fa49aefb0fd0c9317d;143;0
822;0x9685971ce323aadcdbcd895683b8947d4454b020a263e7fa49aefb0fd0c9317d;129;0
823;0x9685971ce323aadcdbcd895683b8947d4454b020a263e7fa49aefb0fd0c9317d;119;0
824;0x9685971ce323aadcdbcd895683b8947d4454b020a263e7fa49aefb0fd0c9317d;150;0
825;0x9685971ce323aadcdbcd895683b8947d4454b020a263e7fa49aefb0fd0c9317d;108;0
826;0x9685971ce323aadcdbcd895683b8947d4454b020a263e7fa49aefb0fd0c9317d;106;0
827;0x9685971ce323aadcdbcd895683b8947d4454b020a263e7fa49aefb0fd0c9317d;106;0
828;0x9685971ce323aadcdbcd895683b8947d4454b020a263e7fa49aefb0fd0c9317d;241;0
829;0x9685971ce323aadcdbcd895683b8947d4454b020a263e7fa49aefb0fd0c9317d;114;0
830;0x9685971ce323aadcdbcd895683b8947d4454b020a263e7fa49aefb0fd0c9317d;197;0
831;0x9685971ce323aadcdbcd895683b8947d4454b020a263e7fa49aefb0fd0c9317d;277;0
832;0x9685971ce323aadcdbcd895683b8947d4454b020a263e7fa49aefb0fd0c9317d;132;0
833;0x9685971ce323aadcdbcd895683b8947d4454b020a263e7fa49aefb0fd0c9317d;119;0
834;0x9685971ce323aadcdbcd895683b8947d4454b020a263e7fa49aefb0fd0c9317d;288;0
835;0x9685971ce323aadcdbcd895683b8947d4454b020a263e7fa49aefb0fd0c9317d;176;0
836;0x9685971ce323aadcdbcd895683b8947d4454b020a263e7fa49aefb0fd0c9317d;175;0
837;0x9685971ce323aadcdbcd895683b8947d4454b020a263e7fa49aefb0fd0c9317d;206;0
838;0x9685971ce323aadcdbcd895683b8947d4454b020a263e7fa49aefb0fd0c9317d;122;0
839;0x9685971ce323aadcdbcd895683b8947d4454b020a263e7fa49aefb0fd0c9317d;169;0
840;0x9685971ce323aadcdbcd895683b8947d4454b020a263e7fa49aefb0fd0c9317d;154;0
841;0x9685971ce323aadcdbcd895683b8947d4454b020a263e7fa49aefb0fd0c9317d;197;0
842;0x9685971ce323aadcdbcd895683b8947d4454b020a263e7fa49aefb0fd0c9317d;99;0
843;0x9685971ce323aadcdbcd895683b8947d4454b020a263e7fa49aefb0fd0c9317d;121;0
844;0x9685971ce323aadcdbcd895683b8947d4454b020a263e7fa49aefb0fd0c9317d;118;0
845;0x9685971ce323aadcdbcd895683b8947d4454b020a263e7fa49aefb0fd0c9317d;105;0
846;0x9685971ce323aadcdbcd895683b8947d4454b020a263e7fa49aefb0fd0c9317d;111;0
847;0x9685971ce323aadcdbcd895683b8947d4454b020a263e7fa49aefb0fd0c9317d;106;0
848;0x9685971ce323aadcdbcd895683b8947d4454b020a263e7fa49aefb0fd0c9317d;162;0
849;0x9685971ce323aadcdbcd895683b8947d4454b020a263e7fa49aefb0fd0c9317d;109;0
850;0x9685971ce323aadcdbcd895683b8947d4454b020a263e7fa49aefb0fd0c9317d;210;0
851;0x9685971ce323aadcdbcd895683b8947d4454b020a263e7fa49aefb0fd0c9317d;165;0
852;0x9685971ce323aadcdbcd895683b8947d4454b020a263e7fa49aefb0fd0c9317d;110;0
853;0x9685971ce323aadcdbcd895683b8947d4454b020a263e7fa49aefb0fd0c9317d;117;0
854;0x9685971ce323aadcdbcd895683b8947d4454b020a263e7fa49aefb0fd0c9317d;122;0
855;0x9685971ce323aadcdbcd895683b8947d4454b020a263e7fa49aefb0fd0c9317d;228;0
856;0x9685971ce323aadcdbcd895683b8947d4454b020a263e7fa49aefb0fd0c9317d;105;0
857;0x9685971ce323aadcdbcd895683b8947d4454b020a263e7fa49aefb0fd0c9317d;236;0
858;0x9685971ce323aadcdbcd895683b8947d4454b020a263e7fa49aefb0fd0c9317d;112;0
859;0x9685971ce323aadcdbcd895683b8947d4454b020a263e7fa49aefb0fd0c9317d;221;0
860;0x9685971ce323aadcdbcd895683b8947d4454b020a263e7fa49aefb0fd0c9317d;197;0
861;0x9685971ce323aadcdbcd895683b8947d4454b020a263e7fa49aefb0fd0c9317d;111;0
862;0x9685971ce323aadcdbcd895683b8947d4454b020a263e7fa49aefb0fd0c9317d;104;0
863;0x9685971ce323aadcdbcd895683b8947d4454b020a263e7fa49aefb0fd0c9317d;113;0
864;0x9685971ce323aadcdbcd895683b8947d4454b020a263e7fa49aefb0fd0c9317d;125;0
865;0x9685971ce323aadcdbcd895683b8947d4454b020a263e7fa49aefb0fd0c9317d;162;0
866;0x9685971ce323aadcdbcd895683b8947d4454b020a263e7fa49aefb0fd0c9317d;173;0
867;0x9685971ce323aadcdbcd895683b8947d4454b020a263e7fa49aefb0fd0c9317d;195;0
868;0x9685971ce323aadcdbcd895683b8947d4454b020a263e7fa49aefb0fd0c9317d;177;0
869;0x9685971ce323aadcdbcd895683b8947d4454b020a263e7fa49aefb0fd0c9317d;183;0
870;0x9685971ce323aadcdbcd895683b8947d4454b020a263e7fa49aefb0fd0c9317d;136;0
871;0x9685971ce323aadcdbcd895683b8947d4454b020a263e7fa49aefb0fd0c9317d;167;0
872;0x9685971ce323aadcdbcd895683b8947d4454b020a263e7fa49aefb0fd0c9317d;108;0
873;0x9685971ce323aadcdbcd895683b8947d4454b020a263e7fa49aefb0fd0c9317d;226;0
874;0x9685971ce323aadcdbcd895683b8947d4454b020a263e7fa49aefb0fd0c9317d;181;0
875;0x9685971ce323aadcdbcd895683b8947d4454b020a263e7fa49aefb0fd0c9317d;114;0
876;0x9685971ce323aadcdbcd895683b8947d4454b020a263e7fa49aefb0fd0c9317d;207;0
877;0x9685971ce323aadcdbcd895683b8947d4454b020a263e7fa49aefb0fd0c9317d;177;0
878;0x9685971ce323aadcdbcd895683b8947d4454b020a263e7fa49aefb0fd0c9317d;210;0
879;0x9685971ce323aadcdbcd895683b8947d4454b020a263e7fa49aefb0fd0c9317d;107;0
880;0x9685971ce323aadcdbcd895683b8947d4454b020a263e7fa49aefb0fd0c9317d;241;0
881;0x9685971ce323aadcdbcd895683b8947d4454b020a263e7fa49aefb0fd0c9317d;100;0
882;0x9685971ce323aadcdbcd895683b8947d4454b020a263e7fa49aefb0fd0c9317d;179;0
883;0x9685971ce323aadcdbcd895683b8947d4454b020a263e7fa49aefb0fd0c9317d;137;0
884;0x9685971ce323aadcdbcd895683b8947d4454b020a263e7fa49aefb0fd0c9317d;208;0
885;0x9685971ce323aadcdbcd895683b8947d4454b020a263e7fa49aefb0fd0c9317d;180;0
886;0x9685971ce323aadcdbcd895683b8947d4454b020a263e7fa49aefb0fd0c9317d;270;0
887;0x9685971ce323aadcdbcd895683b8947d4454b020a263e7fa49aefb0fd0c9317d;213;0
888;0x9685971ce323aadcdbcd895683b8947d4454b020a263e7fa49aefb0fd0c9317d;110;0
889;0x9685971ce323aadcdbcd895683b8947d4454b020a263e7fa49aefb0fd0c9317d;113;0
890;0x9685971ce323aadcdbcd895683b8947d4454b020a263e7fa49aefb0fd0c9317d;148;0
891;0x9685971ce323aadcdbcd895683b8947d4454b020a263e7fa49aefb0fd0c9317d;129;0
892;0x9685971ce323aadcdbcd895683b8947d4454b020a263e7fa49aefb0fd0c9317d;151;0
893;0x9685971ce323aadcdbcd895683b8947d4454b020a263e7fa49aefb0fd0c9317d;127;0
894;0x9685971ce323aadcdbcd895683b8947d4454b020a263e7fa49aefb0fd0c9317d;261;0
895;0x9685971ce323aadcdbcd895683b8947d4454b020a263e7fa49aefb0fd0c9317d;109;0
896;0x9685971ce323aadcdbcd895683b8947d4454b020a263e7fa49aefb0fd0c9317d;110;0
897;0x9685971ce323aadcdbcd895683b8947d4454b020a263e7fa49aefb0fd0c9317d;158;0
898;0x9685971ce323aadcdbcd895683b8947d4454b020a263e7fa49aefb0fd0c9317d;109;0
899;0x9685971ce323aadcdbcd895683b8947d4454b020a263e7fa49aefb0fd0c9317d;186;0
900;0x9685971ce323aadcdbcd895683b8947d4454b020a263e7fa49aefb0fd0c9317d;251;0
901;0x9685971ce323aadcdbcd895683b8947d4454b020a263e7fa49aefb0fd0c9317d;123;0
902;0x9685971ce323aadcdbcd895683b8947d4454b020a263e7fa49aefb0fd0c9317d;174;0
903;0x9685971ce323aadcdbcd895683b8947d4454b020a263e7fa49aefb0fd0c9317d;138;0
904;0x9685971ce323aadcdbcd895683b8947d4454b020a263e7fa49aefb0fd0c9317d;179;0
905;0x9685971ce323aadcdbcd895683b8947d4454b020a263e7fa49aefb0fd0c9317d;128;0
906;0x9685971ce323aadcdbcd895683b8947d4454b020a263e7fa49aefb0fd0c9317d;142;0
907;0x9685971ce323aadcdbcd895683b8947d4454b020a263e7fa49aefb0fd0c9317d;203;0
908;0x9685971ce323aadcdbcd895683b8947d4454b020a263e7fa49aefb0fd0c9317d;119;0
909;0x9685971ce323aadcdbcd895683b8947d4454b020a263e7fa49aefb0fd0c9317d;108;0
910;0x9685971ce323aadcdbcd895683b8947d4454b020a263e7fa49aefb0fd0c9317d;236;0
911;0x9685971ce323aadcdbcd895683b8947d4454b020a263e7fa49aefb0fd0c9317d;113;0
912;0x9685971ce323aadcdbcd895683b8947d4454b020a263e7fa49aefb0fd0c9317d;104;0
913;0x9685971ce323aadcdbcd895683b8947d4454b020a263e7fa49aefb0fd0c9317d;158;0
914;0x9685971ce323aadcdbcd895683b8947d4454b020a263e7fa49aefb0fd0c9317d;111;0
915;0x9685971ce323aadcdbcd895683b8947d4454b020a263e7fa49aefb0fd0c9317d;147;0
916;0x9685971ce323aadcdbcd895683b8947d4454b020a263e7fa49aefb0fd0c9317d;114;0
917;0x9685971ce323aadcdbcd895683b8947d4454b020a263e7fa49aefb0fd0c9317d;244;0
918;0x9685971ce323aadcdbcd895683b8947d4454b020a263e7fa49aefb0fd0c9317d;109;0
919;0x9685971ce323aadcdbcd895683b8947d4454b020a263e7fa49aefb0fd0c9317d;106;0
920;0x9685971ce323aadcdbcd895683b8947d4454b020a263e7fa49aefb0fd0c9317d;153;0
921;0x9685971ce323aadcdbcd895683b8947d4454b020a263e7fa49aefb0fd0c9317d;199;0
922;0x9685971ce323aadcdbcd895683b8947d4454b020a263e7fa49aefb0fd0c9317d;117;0
923;0x9685971ce323aadcdbcd895683b8947d4454b020a263e7fa49aefb0fd0c9317d;101;0
924;0x9685971ce323aadcdbcd895683b8947d4454b020a263e7fa49aefb0fd0c9317d;216;0
925;0x9685971ce323aadcdbcd895683b8947d4454b020a263e7fa49aefb0fd0c9317d;176;0
926;0x9685971ce323aadcdbcd895683b8947d4454b020a263e7fa49aefb0fd0c9317d;115;0
927;0x9685971ce323aadcdbcd895683b8947d4454b020a263e7fa49aefb0fd0c9317d;116;0
928;0x9685971ce323aadcdbcd895683b8947d4454b020a263e7fa49aefb0fd0c9317d;123;0
929;0x9685971ce323aadcdbcd895683b8947d4454b020a263e7fa49aefb0fd0c9317d;125;0
930;0x9685971ce323aadcdbcd895683b8947d4454b020a263e7fa49aefb0fd0c9317d;199;0
931;0x9685971ce323aadcdbcd895683b8947d4454b020a263e7fa49aefb0fd0c9317d;119;0
932;0x9685971ce323aadcdbcd895683b8947d4454b020a263e7fa49aefb0fd0c9317d;131;0
933;0x9685971ce323aadcdbcd895683b8947d4454b020a263e7fa49aefb0fd0c9317d;143;0
934;0x9685971ce323aadcdbcd895683b8947d4454b020a263e7fa49aefb0fd0c9317d;238;0
935;0x9685971ce323aadcdbcd895683b8947d4454b020a263e7fa49aefb0fd0c9317d;179;0
936;0x9685971ce323aadcdbcd895683b8947d4454b020a263e7fa49aefb0fd0c9317d;234;0
937;0x9685971ce323aadcdbcd895683b8947d4454b020a263e7fa49aefb0fd0c9317d;204;0
938;0x9685971ce323aadcdbcd895683b8947d4454b020a263e7fa49aefb0fd0c9317d;236;0
939;0x9685971ce323aadcdbcd895683b8947d4454b020a263e7fa49aefb0fd0c9317d;205;0
940;0x9685971ce323aadcdbcd895683b8947d4454b020a263e7fa49aefb0fd0c9317d;105;0
941;0x9685971ce323aadcdbcd895683b8947d4454b020a263e7fa49aefb0fd0c9317d;227;0
942;0x9685971ce323aadcdbcd895683b8947d4454b020a263e7fa49aefb0fd0c9317d;142;0
943;0x9685971ce323aadcdbcd895683b8947d4454b020a263e7fa49aefb0fd0c9317d;221;0
944;0x9685971ce323aadcdbcd895683b8947d4454b020a263e7fa49aefb0fd0c9317d;122;0
945;0x9685971ce323aadcdbcd895683b8947d4454b020a263e7fa49aefb0fd0c9317d;115;0
946;0x9685971ce323aadcdbcd895683b8947d4454b020a263e7fa49aefb0fd0c9317d;109;0
947;0x9685971ce323aadcdbcd895683b8947d4454b020a263e7fa49aefb0fd0c9317d;154;0
948;0x9685971ce323aadcdbcd895683b8947d4454b020a263e7fa49aefb0fd0c9317d;278;0
949;0x9685971ce323aadcdbcd895683b8947d4454b020a263e7fa49aefb0fd0c9317d;117;0
950;0x9685971ce323aadcdbcd895683b8947d4454b020a263e7fa49aefb0fd0c9317d;214;0
951;0x9685971ce323aadcdbcd895683b8947d4454b020a263e7fa49aefb0fd0c9317d;112;0
952;0x9685971ce323aadcdbcd895683b8947d4454b020a263e7fa49aefb0fd0c9317d;111;0
953;0x9685971ce323aadcdbcd895683b8947d4454b020a263e7fa49aefb0fd0c9317d;114;0
954;0x9685971ce323aadcdbcd895683b8947d4454b020a263e7fa49aefb0fd0c9317d;129;0
955;0x9685971ce323aadcdbcd895683b8947d4454b020a263e7fa49aefb0fd0c9317d;143;0
956;0x9685971ce323aadcdbcd895683b8947d4454b020a263e7fa49aefb0fd0c9317d;111;0
957;0x9685971ce323aadcdbcd895683b8947d4454b020a263e7fa49aefb0fd0c9317d;144;0
958;0x9685971ce323aadcdbcd895683b8947d4454b020a263e7fa49aefb0fd0c9317d;223;0
959;0x9685971ce323aadcdbcd895683b8947d4454b020a263e7fa49aefb0fd0c9317d;109;0
960;0x9685971ce323aadcdbcd895683b8947d4454b020a263e7fa49aefb0fd0c9317d;107;0
961;0x9685971ce323aadcdbcd895683b8947d4454b020a263e7fa49aefb0fd0c9317d;120;0
962;0x9685971ce323aadcdbcd895683b8947d4454b020a263e7fa49aefb0fd0c9317d;108;0
963;0x9685971ce323aadcdbcd895683b8947d4454b020a263e7fa49aefb0fd0c9317d;270;0
964;0x9685971ce323aadcdbcd895683b8947d4454b020a263e7fa49aefb0fd0c9317d;131;0
965;0x9685971ce323aadcdbcd895683b8947d4454b020a263e7fa49aefb0fd0c9317d;112;0
966;0x9685971ce323aadcdbcd895683b8947d4454b020a263e7fa49aefb0fd0c9317d;211;0
967;0x9685971ce323aadcdbcd895683b8947d4454b020a263e7fa49aefb0fd0c9317d;197;0
968;0x9685971ce323aadcdbcd895683b8947d4454b020a263e7fa49aefb0fd0c9317d;115;0
969;0x9685971ce323aadcdbcd895683b8947d4454b020a263e7fa49aefb0fd0c9317d;226;0
970;0x9685971ce323aadcdbcd895683b8947d4454b020a263e7fa49aefb0fd0c9317d;117;0
971;0x9685971ce323aadcdbcd895683b8947d4454b020a263e7fa49aefb0fd0c9317d;112;0
972;0x9685971ce323aadcdbcd895683b8947d4454b020a263e7fa49aefb0fd0c9317d;107;0
973;0x9685971ce323aadcdbcd895683b8947d4454b020a263e7fa49aefb0fd0c9317d;108;0
974;0x9685971ce323aadcdbcd895683b8947d4454b020a263e7fa49aefb0fd0c9317d;143;0
975;0x9685971ce323aadcdbcd895683b8947d4454b020a263e7fa49aefb0fd0c9317d;121;0
976;0x9685971ce323aadcdbcd895683b8947d4454b020a263e7fa49aefb0fd0c9317d;119;0
977;0x9685971ce323aadcdbcd895683b8947d4454b020a263e7fa49aefb0fd0c9317d;112;0
978;0x9685971ce323aadcdbcd895683b8947d4454b020a263e7fa49aefb0fd0c9317d;201;0
979;0x9685971ce323aadcdbcd895683b8947d4454b020a263e7fa49aefb0fd0c9317d;121;0
980;0x9685971ce323aadcdbcd895683b8947d4454b020a263e7fa49aefb0fd0c9317d;187;0
981;0x9685971ce323aadcdbcd895683b8947d4454b020a263e7fa49aefb0fd0c9317d;114;0
982;0x9685971ce323aadcdbcd895683b8947d4454b020a263e7fa49aefb0fd0c9317d;161;0
983;0x9685971ce323aadcdbcd895683b8947d4454b020a263e7fa49aefb0fd0c9317d;105;0
984;0x9685971ce323aadcdbcd895683b8947d4454b020a263e7fa49aefb0fd0c9317d;109;0
985;0x9685971ce323aadcdbcd895683b8947d4454b020a263e7fa49aefb0fd0c9317d;107;0
986;0x9685971ce323aadcdbcd895683b8947d4454b020a263e7fa49aefb0fd0c9317d;161;0
987;0x9685971ce323aadcdbcd895683b8947d4454b020a263e7fa49aefb0fd0c9317d;106;0
988;0x9685971ce323aadcdbcd895683b8947d4454b020a263e7fa49aefb0fd0c9317d;105;0
989;0x9685971ce323aadcdbcd895683b8947d4454b020a263e7fa49aefb0fd0c9317d;148;0
990;0x9685971ce323aadcdbcd895683b8947d4454b020a263e7fa49aefb0fd0c9317d;275;0
991;0x9685971ce323aadcdbcd895683b8947d4454b020a263e7fa49aefb0fd0c9317d;115;0
992;0x9685971ce323aadcdbcd895683b8947d4454b020a263e7fa49aefb0fd0c9317d;200;0
993;0x9685971ce323aadcdbcd895683b8947d4454b020a263e7fa49aefb0fd0c9317d;128;0
994;0x9685971ce323aadcdbcd895683b8947d4454b020a263e7fa49aefb0fd0c9317d;113;0
995;0x9685971ce323aadcdbcd895683b8947d4454b020a263e7fa49aefb0fd0c9317d;142;0
996;0x9685971ce323aadcdbcd895683b8947d4454b020a263e7fa49aefb0fd0c9317d;191;0
997;0x9685971ce323aadcdbcd895683b8947d4454b020a263e7fa49aefb0fd0c9317d;143;0
998;0x9685971ce323aadcdbcd895683b8947d4454b020a263e7fa49aefb0fd0c9317d;201;0
999;0x9685971ce323aadcdbcd895683b8947d4454b020a263e7fa49aefb0fd0c9317d;117;0