ID;Event;Duration;Pattern Duration
0;0xd42de95a9b26f1be134c8ecce389dc4fcfa18753d01661b7b361233569e8fe48;219;0
1;0xd42de95a9b26f1be134c8ecce389dc4fcfa18753d01661b7b361233569e8fe48;13;0
2;0xd42de95a9b26f1be134c8ecce389dc4fcfa18753d01661b7b361233569e8fe48;14;0
3;0xd42de95a9b26f1be134c8ecce389dc4fcfa18753d01661b7b361233569e8fe48;14;0
4;0xd42de95a9b26f1be134c8ecce389dc4fcfa18753d01661b7b361233569e8fe48;12;0
5;0xd42de95a9b26f1be134c8ecce389dc4fcfa18753d01661b7b361233569e8fe48;267;0
6;0xd42de95a9b26f1be134c8ecce389dc4fcfa18753d01661b7b361233569e8fe48;13;0
7;0xd42de95a9b26f1be134c8ecce389dc4fcfa18753d01661b7b361233569e8fe48;15;0
8;0xd42de95a9b26f1be134c8ecce389dc4fcfa18753d01661b7b361233569e8fe48;14;0
9;0xd42de95a9b26f1be134c8ecce389dc4fcfa18753d01661b7b361233569e8fe48;12;0
10;0xd42de95a9b26f1be134c8ecce389dc4fcfa18753d01661b7b361233569e8fe48;12;0
11;0xd42de95a9b26f1be134c8ecce389dc4fcfa18753d01661b7b361233569e8fe48;22;0
12;0xd42de95a9b26f1be134c8ecce389dc4fcfa18753d01661b7b361233569e8fe48;14;0
13;0xd42de95a9b26f1be134c8ecce389dc4fcfa18753d01661b7b361233569e8fe48;13;0
14;0xd42de95a9b26f1be134c8ecce389dc4fcfa18753d01661b7b361233569e8fe48;13;0
15;0xd42de95a9b26f1be134c8ecce389dc4fcfa18753d01661b7b361233569e8fe48;15;0
16;0xd42de95a9b26f1be134c8ecce389dc4fcfa18753d01661b7b361233569e8fe48;13;0
17;0xd42de95a9b26f1be134c8ecce389dc4fcfa18753d01661b7b361233569e8fe48;14;0
18;0xd42de95a9b26f1be134c8ecce389dc4fcfa18753d01661b7b361233569e8fe48;13;0
19;0xd42de95a9b26f1be134c8ecce389dc4fcfa18753d01661b7b361233569e8fe48;14;0
20;0xd42de95a9b26f1be134c8ecce389dc4fcfa18753d01661b7b361233569e8fe48;13;0
21;0xd42de95a9b26f1be134c8ecce389dc4fcfa18753d01661b7b361233569e8fe48;14;0
22;0xd42de95a9b26f1be134c8ecce389dc4fcfa18753d01661b7b361233569e8fe48;13;0
23;0xd42de95a9b26f1be134c8ecce389dc4fcfa18753d01661b7b361233569e8fe48;14;0
24;0xd42de95a9b26f1be134c8ecce389dc4fcfa18753d01661b7b361233569e8fe48;13;0
25;0xd42de95a9b26f1be134c8ecce389dc4fcfa18753d01661b7b361233569e8fe48;13;0
26;0xd42de95a9b26f1be134c8ecce389dc4fcfa18753d01661b7b361233569e8fe48;14;0
27;0xd42de95a9b26f1be134c8ecce389dc4fcfa18753d01661b7b361233569e8fe48;13;0
28;0xd42de95a9b26f1be134c8ecce389dc4fcfa18753d01661b7b361233569e8fe48;14;0
29;0xd42de95a9b26f1be134c8ecce389dc4fcfa18753d01661b7b361233569e8fe48;130;0
30;0xd42de95a9b26f1be134c8ecce389dc4fcfa18753d01661b7b361233569e8fe48;13;0
31;0xd42de95a9b26f1be134c8ecce389dc4fcfa18753d01661b7b361233569e8fe48;14;0
32;0xd42de95a9b26f1be134c8ecce389dc4fcfa18753d01661b7b361233569e8fe48;14;0
33;0xd42de95a9b26f1be134c8ecce389dc4fcfa18753d01661b7b361233569e8fe48;13;0
34;0xd42de95a9b26f1be134c8ecce389dc4fcfa18753d01661b7b361233569e8fe48;14;0
35;0xd42de95a9b26f1be134c8ecce389dc4fcfa18753d01661b7b361233569e8fe48;14;0
36;0xd42de95a9b26f1be134c8ecce389dc4fcfa18753d01661b7b361233569e8fe48;13;0
37;0xd42de95a9b26f1be134c8ecce389dc4fcfa18753d01661b7b361233569e8fe48;13;0
38;0xd42de95a9b26f1be134c8ecce389dc4fcfa18753d01661b7b361233569e8fe48;13;0
39;0xd42de95a9b26f1be134c8ecce389dc4fcfa18753d01661b7b361233569e8fe48;14;0
40;0xd42de95a9b26f1be134c8ecce389dc4fcfa18753d01661b7b361233569e8fe48;12;0
41;0xd42de95a9b26f1be134c8ecce389dc4fcfa18753d01661b7b361233569e8fe48;13;0
42;0xd42de95a9b26f1be134c8ecce389dc4fcfa18753d01661b7b361233569e8fe48;14;0
43;0xd42de95a9b26f1be134c8ecce389dc4fcfa18753d01661b7b361233569e8fe48;16;0
44;0xd42de95a9b26f1be134c8ecce389dc4fcfa18753d01661b7b361233569e8fe48;13;0
45;0xd42de95a9b26f1be134c8ecce389dc4fcfa18753d01661b7b361233569e8fe48;15;0
46;0xd42de95a9b26f1be134c8ecce389dc4fcfa18753d01661b7b361233569e8fe48;13;0
47;0xd42de95a9b26f1be134c8ecce389dc4fcfa18753d01661b7b361233569e8fe48;13;0
48;0xd42de95a9b26f1be134c8ecce389dc4fcfa18753d01661b7b361233569e8fe48;15;0
49;0xd42de95a9b26f1be134c8ecce389dc4fcfa18753d01661b7b361233569e8fe48;13;0
50;0xd42de95a9b26f1be134c8ecce389dc4fcfa18753d01661b7b361233569e8fe48;13;0
51;0xd42de95a9b26f1be134c8ecce389dc4fcfa18753d01661b7b361233569e8fe48;18;0
52;0xd42de95a9b26f1be134c8ecce389dc4fcfa18753d01661b7b361233569e8fe48;14;0
53;0xd42de95a9b26f1be134c8ecce389dc4fcfa18753d01661b7b361233569e8fe48;14;0
54;0xd42de95a9b26f1be134c8ecce389dc4fcfa18753d01661b7b361233569e8fe48;16;0
55;0xd42de95a9b26f1be134c8ecce389dc4fcfa18753d01661b7b361233569e8fe48;15;0
56;0xd42de95a9b26f1be134c8ecce389dc4fcfa18753d01661b7b361233569e8fe48;14;0
57;0xd42de95a9b26f1be134c8ecce389dc4fcfa18753d01661b7b361233569e8fe48;16;0
58;0xd42de95a9b26f1be134c8ecce389dc4fcfa18753d01661b7b361233569e8fe48;14;0
59;0xd42de95a9b26f1be134c8ecce389dc4fcfa18753d01661b7b361233569e8fe48;14;0
60;0xd42de95a9b26f1be134c8ecce389dc4fcfa18753d01661b7b361233569e8fe48;15;0
61;0xd42de95a9b26f1be134c8ecce389dc4fcfa18753d01661b7b361233569e8fe48;13;0
62;0xd42de95a9b26f1be134c8ecce389dc4fcfa18753d01661b7b361233569e8fe48;14;0
63;0xd42de95a9b26f1be134c8ecce389dc4fcfa18753d01661b7b361233569e8fe48;13;0
64;0xd42de95a9b26f1be134c8ecce389dc4fcfa18753d01661b7b361233569e8fe48;13;0
65;0xd42de95a9b26f1be134c8ecce389dc4fcfa18753d01661b7b361233569e8fe48;15;0
66;0xd42de95a9b26f1be134c8ecce389dc4fcfa18753d01661b7b361233569e8fe48;18;0
67;0xd42de95a9b26f1be134c8ecce389dc4fcfa18753d01661b7b361233569e8fe48;16;0
68;0xd42de95a9b26f1be134c8ecce389dc4fcfa18753d01661b7b361233569e8fe48;13;0
69;0xd42de95a9b26f1be134c8ecce389dc4fcfa18753d01661b7b361233569e8fe48;18;0
70;0xd42de95a9b26f1be134c8ecce389dc4fcfa18753d01661b7b361233569e8fe48;15;0
71;0xd42de95a9b26f1be134c8ecce389dc4fcfa18753d01661b7b361233569e8fe48;13;0
72;0xd42de95a9b26f1be134c8ecce389dc4fcfa18753d01661b7b361233569e8fe48;14;0
73;0xd42de95a9b26f1be134c8ecce389dc4fcfa18753d01661b7b361233569e8fe48;15;0
74;0xd42de95a9b26f1be134c8ecce389dc4fcfa18753d01661b7b361233569e8fe48;13;0
75;0xd42de95a9b26f1be134c8ecce389dc4fcfa18753d01661b7b361233569e8fe48;13;0
76;0xd42de95a9b26f1be134c8ecce389dc4fcfa18753d01661b7b361233569e8fe48;95;0
77;0xd42de95a9b26f1be134c8ecce389dc4fcfa18753d01661b7b361233569e8fe48;14;0
78;0xd42de95a9b26f1be134c8ecce389dc4fcfa18753d01661b7b361233569e8fe48;14;0
79;0xd42de95a9b26f1be134c8ecce389dc4fcfa18753d01661b7b361233569e8fe48;15;0
80;0xd42de95a9b26f1be134c8ecce389dc4fcfa18753d01661b7b361233569e8fe48;14;0
81;0xd42de95a9b26f1be134c8ecce389dc4fcfa18753d01661b7b361233569e8fe48;16;0
82;0xd42de95a9b26f1be134c8ecce389dc4fcfa18753d01661b7b361233569e8fe48;13;0
83;0xd42de95a9b26f1be134c8ecce389dc4fcfa18753d01661b7b361233569e8fe48;14;0
84;0xd42de95a9b26f1be134c8ecce389dc4fcfa18753d01661b7b361233569e8fe48;13;0
85;0xd42de95a9b26f1be134c8ecce389dc4fcfa18753d01661b7b361233569e8fe48;14;0
86;0xd42de95a9b26f1be134c8ecce389dc4fcfa18753d01661b7b361233569e8fe48;17;0
87;0xd42de95a9b26f1be134c8ecce389dc4fcfa18753d01661b7b361233569e8fe48;14;0
88;0xd42de95a9b26f1be134c8ecce389dc4fcfa18753d01661b7b361233569e8fe48;35;0
89;0xd42de95a9b26f1be134c8ecce389dc4fcfa18753d01661b7b361233569e8fe48;15;0
90;0xd42de95a9b26f1be134c8ecce389dc4fcfa18753d01661b7b361233569e8fe48;14;0
91;0xd42de95a9b26f1be134c8ecce389dc4fcfa18753d01661b7b361233569e8fe48;20;0
92;0xd42de95a9b26f1be134c8ecce389dc4fcfa18753d01661b7b361233569e8fe48;14;0
93;0xd42de95a9b26f1be134c8ecce389dc4fcfa18753d01661b7b361233569e8fe48;14;0
94;0xd42de95a9b26f1be134c8ecce389dc4fcfa18753d01661b7b361233569e8fe48;15;0
95;0xd42de95a9b26f1be134c8ecce389dc4fcfa18753d01661b7b361233569e8fe48;15;0
96;0xd42de95a9b26f1be134c8ecce389dc4fcfa18753d01661b7b361233569e8fe48;15;0
97;0xd42de95a9b26f1be134c8ecce389dc4fcfa18753d01661b7b361233569e8fe48;15;0
98;0xd42de95a9b26f1be134c8ecce389dc4fcfa18753d01661b7b361233569e8fe48;14;0
99;0xd42de95a9b26f1be134c8ecce389dc4fcfa18753d01661b7b361233569e8fe48;14;0
100;0xd42de95a9b26f1be134c8ecce389dc4fcfa18753d01661b7b361233569e8fe48;14;0
101;0xd42de95a9b26f1be134c8ecce389dc4fcfa18753d01661b7b361233569e8fe48;14;0
102;0xd42de95a9b26f1be134c8ecce389dc4fcfa18753d01661b7b361233569e8fe48;14;0
103;0xd42de95a9b26f1be134c8ecce389dc4fcfa18753d01661b7b361233569e8fe48;15;0
104;0xd42de95a9b26f1be134c8ecce389dc4fcfa18753d01661b7b361233569e8fe48;15;0
105;0xd42de95a9b26f1be134c8ecce389dc4fcfa18753d01661b7b361233569e8fe48;14;0
106;0xd42de95a9b26f1be134c8ecce389dc4fcfa18753d01661b7b361233569e8fe48;14;0
107;0xd42de95a9b26f1be134c8ecce389dc4fcfa18753d01661b7b361233569e8fe48;15;0
108;0xd42de95a9b26f1be134c8ecce389dc4fcfa18753d01661b7b361233569e8fe48;15;0
109;0xd42de95a9b26f1be134c8ecce389dc4fcfa18753d01661b7b361233569e8fe48;15;0
110;0xd42de95a9b26f1be134c8ecce389dc4fcfa18753d01661b7b361233569e8fe48;14;0
111;0xd42de95a9b26f1be134c8ecce389dc4fcfa18753d01661b7b361233569e8fe48;14;0
112;0xd42de95a9b26f1be134c8ecce389dc4fcfa18753d01661b7b361233569e8fe48;15;0
113;0xd42de95a9b26f1be134c8ecce389dc4fcfa18753d01661b7b361233569e8fe48;14;0
114;0xd42de95a9b26f1be134c8ecce389dc4fcfa18753d01661b7b361233569e8fe48;14;0
115;0xd42de95a9b26f1be134c8ecce389dc4fcfa18753d01661b7b361233569e8fe48;14;0
116;0xd42de95a9b26f1be134c8ecce389dc4fcfa18753d01661b7b361233569e8fe48;14;0
117;0xd42de95a9b26f1be134c8ecce389dc4fcfa18753d01661b7b361233569e8fe48;15;0
118;0xd42de95a9b26f1be134c8ecce389dc4fcfa18753d01661b7b361233569e8fe48;13;0
119;0xd42de95a9b26f1be134c8ecce389dc4fcfa18753d01661b7b361233569e8fe48;14;0
120;0xd42de95a9b26f1be134c8ecce389dc4fcfa18753d01661b7b361233569e8fe48;14;0
121;0xd42de95a9b26f1be134c8ecce389dc4fcfa18753d01661b7b361233569e8fe48;15;0
122;0xd42de95a9b26f1be134c8ecce389dc4fcfa18753d01661b7b361233569e8fe48;15;0
123;0xd42de95a9b26f1be134c8ecce389dc4fcfa18753d01661b7b361233569e8fe48;13;0
124;0xd42de95a9b26f1be134c8ecce389dc4fcfa18753d01661b7b361233569e8fe48;14;0
125;0xd42de95a9b26f1be134c8ecce389dc4fcfa18753d01661b7b361233569e8fe48;14;0
126;0xd42de95a9b26f1be134c8ecce389dc4fcfa18753d01661b7b361233569e8fe48;14;0
127;0xd42de95a9b26f1be134c8ecce389dc4fcfa18753d01661b7b361233569e8fe48;15;0
128;0xd42de95a9b26f1be134c8ecce389dc4fcfa18753d01661b7b361233569e8fe48;15;0
129;0xd42de95a9b26f1be134c8ecce389dc4fcfa18753d01661b7b361233569e8fe48;16;0
130;0xd42de95a9b26f1be134c8ecce389dc4fcfa18753d01661b7b361233569e8fe48;14;0
131;0xd42de95a9b26f1be134c8ecce389dc4fcfa18753d01661b7b361233569e8fe48;14;0
132;0xd42de95a9b26f1be134c8ecce389dc4fcfa18753d01661b7b361233569e8fe48;13;0
133;0xd42de95a9b26f1be134c8ecce389dc4fcfa18753d01661b7b361233569e8fe48;13;0
134;0xd42de95a9b26f1be134c8ecce389dc4fcfa18753d01661b7b361233569e8fe48;15;0
135;0xd42de95a9b26f1be134c8ecce389dc4fcfa18753d01661b7b361233569e8fe48;14;0
136;0xd42de95a9b26f1be134c8ecce389dc4fcfa18753d01661b7b361233569e8fe48;14;0
137;0xd42de95a9b26f1be134c8ecce389dc4fcfa18753d01661b7b361233569e8fe48;15;0
138;0xd42de95a9b26f1be134c8ecce389dc4fcfa18753d01661b7b361233569e8fe48;14;0
139;0xd42de95a9b26f1be134c8ecce389dc4fcfa18753d01661b7b361233569e8fe48;14;0
140;0xd42de95a9b26f1be134c8ecce389dc4fcfa18753d01661b7b361233569e8fe48;14;0
141;0xd42de95a9b26f1be134c8ecce389dc4fcfa18753d01661b7b361233569e8fe48;15;0
142;0xd42de95a9b26f1be134c8ecce389dc4fcfa18753d01661b7b361233569e8fe48;13;0
143;0xd42de95a9b26f1be134c8ecce389dc4fcfa18753d01661b7b361233569e8fe48;15;0
144;0xd42de95a9b26f1be134c8ecce389dc4fcfa18753d01661b7b361233569e8fe48;17;0
145;0xd42de95a9b26f1be134c8ecce389dc4fcfa18753d01661b7b361233569e8fe48;14;0
146;0xd42de95a9b26f1be134c8ecce389dc4fcfa18753d01661b7b361233569e8fe48;14;0
147;0xd42de95a9b26f1be134c8ecce389dc4fcfa18753d01661b7b361233569e8fe48;13;0
148;0xd42de95a9b26f1be134c8ecce389dc4fcfa18753d01661b7b361233569e8fe48;14;0
149;0xd42de95a9b26f1be134c8ecce389dc4fcfa18753d01661b7b361233569e8fe48;13;0
150;0xd42de95a9b26f1be134c8ecce389dc4fcfa18753d01661b7b361233569e8fe48;34;0
151;0xd42de95a9b26f1be134c8ecce389dc4fcfa18753d01661b7b361233569e8fe48;14;0
152;0xd42de95a9b26f1be134c8ecce389dc4fcfa18753d01661b7b361233569e8fe48;13;0
153;0xd42de95a9b26f1be134c8ecce389dc4fcfa18753d01661b7b361233569e8fe48;13;0
154;0xd42de95a9b26f1be134c8ecce389dc4fcfa18753d01661b7b361233569e8fe48;14;0
155;0xd42de95a9b26f1be134c8ecce389dc4fcfa18753d01661b7b361233569e8fe48;13;0
156;0xd42de95a9b26f1be134c8ecce389dc4fcfa18753d01661b7b361233569e8fe48;14;0
157;0xd42de95a9b26f1be134c8ecce389dc4fcfa18753d01661b7b361233569e8fe48;15;0
158;0xd42de95a9b26f1be134c8ecce389dc4fcfa18753d01661b7b361233569e8fe48;14;0
159;0xd42de95a9b26f1be134c8ecce389dc4fcfa18753d01661b7b361233569e8fe48;14;0
160;0xd42de95a9b26f1be134c8ecce389dc4fcfa18753d01661b7b361233569e8fe48;14;0
161;0xd42de95a9b26f1be134c8ecce389dc4fcfa18753d01661b7b361233569e8fe48;14;0
162;0xd42de95a9b26f1be134c8ecce389dc4fcfa18753d01661b7b361233569e8fe48;16;0
163;0xd42de95a9b26f1be134c8ecce389dc4fcfa18753d01661b7b361233569e8fe48;15;0
164;0xd42de95a9b26f1be134c8ecce389dc4fcfa18753d01661b7b361233569e8fe48;15;0
165;0xd42de95a9b26f1be134c8ecce389dc4fcfa18753d01661b7b361233569e8fe48;14;0
166;0xd42de95a9b26f1be134c8ecce389dc4fcfa18753d01661b7b361233569e8fe48;15;0
167;0xd42de95a9b26f1be134c8ecce389dc4fcfa18753d01661b7b361233569e8fe48;16;0
168;0xd42de95a9b26f1be134c8ecce389dc4fcfa18753d01661b7b361233569e8fe48;17;0
169;0xd42de95a9b26f1be134c8ecce389dc4fcfa18753d01661b7b361233569e8fe48;15;0
170;0xd42de95a9b26f1be134c8ecce389dc4fcfa18753d01661b7b361233569e8fe48;16;0
171;0xd42de95a9b26f1be134c8ecce389dc4fcfa18753d01661b7b361233569e8fe48;15;0
172;0xd42de95a9b26f1be134c8ecce389dc4fcfa18753d01661b7b361233569e8fe48;14;0
173;0xd42de95a9b26f1be134c8ecce389dc4fcfa18753d01661b7b361233569e8fe48;14;0
174;0xd42de95a9b26f1be134c8ecce389dc4fcfa18753d01661b7b361233569e8fe48;15;0
175;0xd42de95a9b26f1be134c8ecce389dc4fcfa18753d01661b7b361233569e8fe48;13;0
176;0xd42de95a9b26f1be134c8ecce389dc4fcfa18753d01661b7b361233569e8fe48;14;0
177;0xd42de95a9b26f1be134c8ecce389dc4fcfa18753d01661b7b361233569e8fe48;17;0
178;0xd42de95a9b26f1be134c8ecce389dc4fcfa18753d01661b7b361233569e8fe48;15;0
179;0xd42de95a9b26f1be134c8ecce389dc4fcfa18753d01661b7b361233569e8fe48;14;0
180;0xd42de95a9b26f1be134c8ecce389dc4fcfa18753d01661b7b361233569e8fe48;13;0
181;0xd42de95a9b26f1be134c8ecce389dc4fcfa18753d01661b7b361233569e8fe48;14;0
182;0xd42de95a9b26f1be134c8ecce389dc4fcfa18753d01661b7b361233569e8fe48;15;0
183;0xd42de95a9b26f1be134c8ecce389dc4fcfa18753d01661b7b361233569e8fe48;17;0
184;0xd42de95a9b26f1be134c8ecce389dc4fcfa18753d01661b7b361233569e8fe48;15;0
185;0xd42de95a9b26f1be134c8ecce389dc4fcfa18753d01661b7b361233569e8fe48;16;0
186;0xd42de95a9b26f1be134c8ecce389dc4fcfa18753d01661b7b361233569e8fe48;14;0
187;0xd42de95a9b26f1be134c8ecce389dc4fcfa18753d01661b7b361233569e8fe48;16;0
188;0xd42de95a9b26f1be134c8ecce389dc4fcfa18753d01661b7b361233569e8fe48;14;0
189;0xd42de95a9b26f1be134c8ecce389dc4fcfa18753d01661b7b361233569e8fe48;15;0
190;0xd42de95a9b26f1be134c8ecce389dc4fcfa18753d01661b7b361233569e8fe48;14;0
191;0xd42de95a9b26f1be134c8ecce389dc4fcfa18753d01661b7b361233569e8fe48;20;0
192;0xd42de95a9b26f1be134c8ecce389dc4fcfa18753d01661b7b361233569e8fe48;15;0
193;0xd42de95a9b26f1be134c8ecce389dc4fcfa18753d01661b7b361233569e8fe48;15;0
194;0xd42de95a9b26f1be134c8ecce389dc4fcfa18753d01661b7b361233569e8fe48;13;0
195;0xd42de95a9b26f1be134c8ecce389dc4fcfa18753d01661b7b361233569e8fe48;14;0
196;0xd42de95a9b26f1be134c8ecce389dc4fcfa18753d01661b7b361233569e8fe48;14;0
197;0xd42de95a9b26f1be134c8ecce389dc4fcfa18753d01661b7b361233569e8fe48;14;0
198;0xd42de95a9b26f1be134c8ecce389dc4fcfa18753d01661b7b361233569e8fe48;15;0
199;0xd42de95a9b26f1be134c8ecce389dc4fcfa18753d01661b7b361233569e8fe48;18;0
200;0xd42de95a9b26f1be134c8ecce389dc4fcfa18753d01661b7b361233569e8fe48;13;0
201;0xd42de95a9b26f1be134c8ecce389dc4fcfa18753d01661b7b361233569e8fe48;14;0
202;0xd42de95a9b26f1be134c8ecce389dc4fcfa18753d01661b7b361233569e8fe48;15;0
203;0xd42de95a9b26f1be134c8ecce389dc4fcfa18753d01661b7b361233569e8fe48;15;0
204;0xd42de95a9b26f1be134c8ecce389dc4fcfa18753d01661b7b361233569e8fe48;15;0
205;0xd42de95a9b26f1be134c8ecce389dc4fcfa18753d01661b7b361233569e8fe48;14;0
206;0xd42de95a9b26f1be134c8ecce389dc4fcfa18753d01661b7b361233569e8fe48;12;0
207;0xd42de95a9b26f1be134c8ecce389dc4fcfa18753d01661b7b361233569e8fe48;13;0
208;0xd42de95a9b26f1be134c8ecce389dc4fcfa18753d01661b7b361233569e8fe48;13;0
209;0xd42de95a9b26f1be134c8ecce389dc4fcfa18753d01661b7b361233569e8fe48;15;0
210;0xd42de95a9b26f1be134c8ecce389dc4fcfa18753d01661b7b361233569e8fe48;13;0
211;0xd42de95a9b26f1be134c8ecce389dc4fcfa18753d01661b7b361233569e8fe48;15;0
212;0xd42de95a9b26f1be134c8ecce389dc4fcfa18753d01661b7b361233569e8fe48;14;0
213;0xd42de95a9b26f1be134c8ecce389dc4fcfa18753d01661b7b361233569e8fe48;21;0
214;0xd42de95a9b26f1be134c8ecce389dc4fcfa18753d01661b7b361233569e8fe48;14;0
215;0xd42de95a9b26f1be134c8ecce389dc4fcfa18753d01661b7b361233569e8fe48;15;0
216;0xd42de95a9b26f1be134c8ecce389dc4fcfa18753d01661b7b361233569e8fe48;15;0
217;0xd42de95a9b26f1be134c8ecce389dc4fcfa18753d01661b7b361233569e8fe48;14;0
218;0xd42de95a9b26f1be134c8ecce389dc4fcfa18753d01661b7b361233569e8fe48;14;0
219;0xd42de95a9b26f1be134c8ecce389dc4fcfa18753d01661b7b361233569e8fe48;16;0
220;0xd42de95a9b26f1be134c8ecce389dc4fcfa18753d01661b7b361233569e8fe48;15;0
221;0xd42de95a9b26f1be134c8ecce389dc4fcfa18753d01661b7b361233569e8fe48;15;0
222;0xd42de95a9b26f1be134c8ecce389dc4fcfa18753d01661b7b361233569e8fe48;14;0
223;0xd42de95a9b26f1be134c8ecce389dc4fcfa18753d01661b7b361233569e8fe48;14;0
224;0xd42de95a9b26f1be134c8ecce389dc4fcfa18753d01661b7b361233569e8fe48;15;0
225;0xd42de95a9b26f1be134c8ecce389dc4fcfa18753d01661b7b361233569e8fe48;15;0
226;0xd42de95a9b26f1be134c8ecce389dc4fcfa18753d01661b7b361233569e8fe48;14;0
227;0xd42de95a9b26f1be134c8ecce389dc4fcfa18753d01661b7b361233569e8fe48;18;0
228;0xd42de95a9b26f1be134c8ecce389dc4fcfa18753d01661b7b361233569e8fe48;13;0
229;0xd42de95a9b26f1be134c8ecce389dc4fcfa18753d01661b7b361233569e8fe48;16;0
230;0xd42de95a9b26f1be134c8ecce389dc4fcfa18753d01661b7b361233569e8fe48;13;0
231;0xd42de95a9b26f1be134c8ecce389dc4fcfa18753d01661b7b361233569e8fe48;18;0
232;0xd42de95a9b26f1be134c8ecce389dc4fcfa18753d01661b7b361233569e8fe48;14;0
233;0xd42de95a9b26f1be134c8ecce389dc4fcfa18753d01661b7b361233569e8fe48;13;0
234;0xd42de95a9b26f1be134c8ecce389dc4fcfa18753d01661b7b361233569e8fe48;15;0
235;0xd42de95a9b26f1be134c8ecce389dc4fcfa18753d01661b7b361233569e8fe48;14;0
236;0xd42de95a9b26f1be134c8ecce389dc4fcfa18753d01661b7b361233569e8fe48;15;0
237;0xd42de95a9b26f1be134c8ecce389dc4fcfa18753d01661b7b361233569e8fe48;15;0
238;0xd42de95a9b26f1be134c8ecce389dc4fcfa18753d01661b7b361233569e8fe48;15;0
239;0xd42de95a9b26f1be134c8ecce389dc4fcfa18753d01661b7b361233569e8fe48;14;0
240;0xd42de95a9b26f1be134c8ecce389dc4fcfa18753d01661b7b361233569e8fe48;15;0
241;0xd42de95a9b26f1be134c8ecce389dc4fcfa18753d01661b7b361233569e8fe48;13;0
242;0xd42de95a9b26f1be134c8ecce389dc4fcfa18753d01661b7b361233569e8fe48;15;0
243;0xd42de95a9b26f1be134c8ecce389dc4fcfa18753d01661b7b361233569e8fe48;14;0
244;0xd42de95a9b26f1be134c8ecce389dc4fcfa18753d01661b7b361233569e8fe48;17;0
245;0xd42de95a9b26f1be134c8ecce389dc4fcfa18753d01661b7b361233569e8fe48;14;0
246;0xd42de95a9b26f1be134c8ecce389dc4fcfa18753d01661b7b361233569e8fe48;18;0
247;0xd42de95a9b26f1be134c8ecce389dc4fcfa18753d01661b7b361233569e8fe48;14;0
248;0xd42de95a9b26f1be134c8ecce389dc4fcfa18753d01661b7b361233569e8fe48;16;0
249;0xd42de95a9b26f1be134c8ecce389dc4fcfa18753d01661b7b361233569e8fe48;16;0
250;0xd42de95a9b26f1be134c8ecce389dc4fcfa18753d01661b7b361233569e8fe48;13;0
251;0xd42de95a9b26f1be134c8ecce389dc4fcfa18753d01661b7b361233569e8fe48;13;0
252;0xd42de95a9b26f1be134c8ecce389dc4fcfa18753d01661b7b361233569e8fe48;14;0
253;0xd42de95a9b26f1be134c8ecce389dc4fcfa18753d01661b7b361233569e8fe48;14;0
254;0xd42de95a9b26f1be134c8ecce389dc4fcfa18753d01661b7b361233569e8fe48;15;0
255;0xd42de95a9b26f1be134c8ecce389dc4fcfa18753d01661b7b361233569e8fe48;81;0
256;0xd42de95a9b26f1be134c8ecce389dc4fcfa18753d01661b7b361233569e8fe48;13;0
257;0xd42de95a9b26f1be134c8ecce389dc4fcfa18753d01661b7b361233569e8fe48;13;0
258;0xd42de95a9b26f1be134c8ecce389dc4fcfa18753d01661b7b361233569e8fe48;15;0
259;0xd42de95a9b26f1be134c8ecce389dc4fcfa18753d01661b7b361233569e8fe48;14;0
260;0xd42de95a9b26f1be134c8ecce389dc4fcfa18753d01661b7b361233569e8fe48;13;0
261;0xd42de95a9b26f1be134c8ecce389dc4fcfa18753d01661b7b361233569e8fe48;15;0
262;0xd42de95a9b26f1be134c8ecce389dc4fcfa18753d01661b7b361233569e8fe48;15;0
263;0xd42de95a9b26f1be134c8ecce389dc4fcfa18753d01661b7b361233569e8fe48;14;0
264;0xd42de95a9b26f1be134c8ecce389dc4fcfa18753d01661b7b361233569e8fe48;14;0
265;0xd42de95a9b26f1be134c8ecce389dc4fcfa18753d01661b7b361233569e8fe48;13;0
266;0xd42de95a9b26f1be134c8ecce389dc4fcfa18753d01661b7b361233569e8fe48;14;0
267;0xd42de95a9b26f1be134c8ecce389dc4fcfa18753d01661b7b361233569e8fe48;15;0
268;0xd42de95a9b26f1be134c8ecce389dc4fcfa18753d01661b7b361233569e8fe48;14;0
269;0xd42de95a9b26f1be134c8ecce389dc4fcfa18753d01661b7b361233569e8fe48;15;0
270;0xd42de95a9b26f1be134c8ecce389dc4fcfa18753d01661b7b361233569e8fe48;14;0
271;0xd42de95a9b26f1be134c8ecce389dc4fcfa18753d01661b7b361233569e8fe48;15;0
272;0xd42de95a9b26f1be134c8ecce389dc4fcfa18753d01661b7b361233569e8fe48;14;0
273;0xd42de95a9b26f1be134c8ecce389dc4fcfa18753d01661b7b361233569e8fe48;14;0
274;0xd42de95a9b26f1be134c8ecce389dc4fcfa18753d01661b7b361233569e8fe48;13;0
275;0xd42de95a9b26f1be134c8ecce389dc4fcfa18753d01661b7b361233569e8fe48;15;0
276;0xd42de95a9b26f1be134c8ecce389dc4fcfa18753d01661b7b361233569e8fe48;14;0
277;0xd42de95a9b26f1be134c8ecce389dc4fcfa18753d01661b7b361233569e8fe48;14;0
278;0xd42de95a9b26f1be134c8ecce389dc4fcfa18753d01661b7b361233569e8fe48;14;0
279;0xd42de95a9b26f1be134c8ecce389dc4fcfa18753d01661b7b361233569e8fe48;14;0
280;0xd42de95a9b26f1be134c8ecce389dc4fcfa18753d01661b7b361233569e8fe48;14;0
281;0xd42de95a9b26f1be134c8ecce389dc4fcfa18753d01661b7b361233569e8fe48;14;0
282;0xd42de95a9b26f1be134c8ecce389dc4fcfa18753d01661b7b361233569e8fe48;14;0
283;0xd42de95a9b26f1be134c8ecce389dc4fcfa18753d01661b7b361233569e8fe48;13;0
284;0xd42de95a9b26f1be134c8ecce389dc4fcfa18753d01661b7b361233569e8fe48;15;0
285;0xd42de95a9b26f1be134c8ecce389dc4fcfa18753d01661b7b361233569e8fe48;13;0
286;0xd42de95a9b26f1be134c8ecce389dc4fcfa18753d01661b7b361233569e8fe48;13;0
287;0xd42de95a9b26f1be134c8ecce389dc4fcfa18753d01661b7b361233569e8fe48;14;0
288;0xd42de95a9b26f1be134c8ecce389dc4fcfa18753d01661b7b361233569e8fe48;105;0
289;0xd42de95a9b26f1be134c8ecce389dc4fcfa18753d01661b7b361233569e8fe48;15;0
290;0xd42de95a9b26f1be134c8ecce389dc4fcfa18753d01661b7b361233569e8fe48;14;0
291;0xd42de95a9b26f1be134c8ecce389dc4fcfa18753d01661b7b361233569e8fe48;14;0
292;0xd42de95a9b26f1be134c8ecce389dc4fcfa18753d01661b7b361233569e8fe48;12;0
293;0xd42de95a9b26f1be134c8ecce389dc4fcfa18753d01661b7b361233569e8fe48;17;0
294;0xd42de95a9b26f1be134c8ecce389dc4fcfa18753d01661b7b361233569e8fe48;13;0
295;0xd42de95a9b26f1be134c8ecce389dc4fcfa18753d01661b7b361233569e8fe48;13;0
296;0xd42de95a9b26f1be134c8ecce389dc4fcfa18753d01661b7b361233569e8fe48;14;0
297;0xd42de95a9b26f1be134c8ecce389dc4fcfa18753d01661b7b361233569e8fe48;13;0
298;0xd42de95a9b26f1be134c8ecce389dc4fcfa18753d01661b7b361233569e8fe48;15;0
299;0xd42de95a9b26f1be134c8ecce389dc4fcfa18753d01661b7b361233569e8fe48;14;0
300;0xd42de95a9b26f1be134c8ecce389dc4fcfa18753d01661b7b361233569e8fe48;15;0
301;0xd42de95a9b26f1be134c8ecce389dc4fcfa18753d01661b7b361233569e8fe48;14;0
302;0xd42de95a9b26f1be134c8ecce389dc4fcfa18753d01661b7b361233569e8fe48;13;0
303;0xd42de95a9b26f1be134c8ecce389dc4fcfa18753d01661b7b361233569e8fe48;13;0
304;0xd42de95a9b26f1be134c8ecce389dc4fcfa18753d01661b7b361233569e8fe48;14;0
305;0xd42de95a9b26f1be134c8ecce389dc4fcfa18753d01661b7b361233569e8fe48;13;0
306;0xd42de95a9b26f1be134c8ecce389dc4fcfa18753d01661b7b361233569e8fe48;16;0
307;0xd42de95a9b26f1be134c8ecce389dc4fcfa18753d01661b7b361233569e8fe48;14;0
308;0xd42de95a9b26f1be134c8ecce389dc4fcfa18753d01661b7b361233569e8fe48;13;0
309;0xd42de95a9b26f1be134c8ecce389dc4fcfa18753d01661b7b361233569e8fe48;14;0
310;0xd42de95a9b26f1be134c8ecce389dc4fcfa18753d01661b7b361233569e8fe48;12;0
311;0xd42de95a9b26f1be134c8ecce389dc4fcfa18753d01661b7b361233569e8fe48;14;0
312;0xd42de95a9b26f1be134c8ecce389dc4fcfa18753d01661b7b361233569e8fe48;13;0
313;0xd42de95a9b26f1be134c8ecce389dc4fcfa18753d01661b7b361233569e8fe48;13;0
314;0xd42de95a9b26f1be134c8ecce389dc4fcfa18753d01661b7b361233569e8fe48;15;0
315;0xd42de95a9b26f1be134c8ecce389dc4fcfa18753d01661b7b361233569e8fe48;13;0
316;0xd42de95a9b26f1be134c8ecce389dc4fcfa18753d01661b7b361233569e8fe48;13;0
317;0xd42de95a9b26f1be134c8ecce389dc4fcfa18753d01661b7b361233569e8fe48;13;0
318;0xd42de95a9b26f1be134c8ecce389dc4fcfa18753d01661b7b361233569e8fe48;13;0
319;0xd42de95a9b26f1be134c8ecce389dc4fcfa18753d01661b7b361233569e8fe48;15;0
320;0xd42de95a9b26f1be134c8ecce389dc4fcfa18753d01661b7b361233569e8fe48;14;0
321;0xd42de95a9b26f1be134c8ecce389dc4fcfa18753d01661b7b361233569e8fe48;14;0
322;0xd42de95a9b26f1be134c8ecce389dc4fcfa18753d01661b7b361233569e8fe48;14;0
323;0xd42de95a9b26f1be134c8ecce389dc4fcfa18753d01661b7b361233569e8fe48;13;0
324;0xd42de95a9b26f1be134c8ecce389dc4fcfa18753d01661b7b361233569e8fe48;17;0
325;0xd42de95a9b26f1be134c8ecce389dc4fcfa18753d01661b7b361233569e8fe48;16;0
326;0xd42de95a9b26f1be134c8ecce389dc4fcfa18753d01661b7b361233569e8fe48;15;0
327;0xd42de95a9b26f1be134c8ecce389dc4fcfa18753d01661b7b361233569e8fe48;15;0
328;0xd42de95a9b26f1be134c8ecce389dc4fcfa18753d01661b7b361233569e8fe48;14;0
329;0xd42de95a9b26f1be134c8ecce389dc4fcfa18753d01661b7b361233569e8fe48;16;0
330;0xd42de95a9b26f1be134c8ecce389dc4fcfa18753d01661b7b361233569e8fe48;15;0
331;0xd42de95a9b26f1be134c8ecce389dc4fcfa18753d01661b7b361233569e8fe48;13;0
332;0xd42de95a9b26f1be134c8ecce389dc4fcfa18753d01661b7b361233569e8fe48;13;0
333;0xd42de95a9b26f1be134c8ecce389dc4fcfa18753d01661b7b361233569e8fe48;13;0
334;0xd42de95a9b26f1be134c8ecce389dc4fcfa18753d01661b7b361233569e8fe48;13;0
335;0xd42de95a9b26f1be134c8ecce389dc4fcfa18753d01661b7b361233569e8fe48;14;0
336;0xd42de95a9b26f1be134c8ecce389dc4fcfa18753d01661b7b361233569e8fe48;14;0
337;0xd42de95a9b26f1be134c8ecce389dc4fcfa18753d01661b7b361233569e8fe48;13;0
338;0xd42de95a9b26f1be134c8ecce389dc4fcfa18753d01661b7b361233569e8fe48;14;0
339;0xd42de95a9b26f1be134c8ecce389dc4fcfa18753d01661b7b361233569e8fe48;15;0
340;0xd42de95a9b26f1be134c8ecce389dc4fcfa18753d01661b7b361233569e8fe48;13;0
341;0xd42de95a9b26f1be134c8ecce389dc4fcfa18753d01661b7b361233569e8fe48;17;0
342;0xd42de95a9b26f1be134c8ecce389dc4fcfa18753d01661b7b361233569e8fe48;12;0
343;0xd42de95a9b26f1be134c8ecce389dc4fcfa18753d01661b7b361233569e8fe48;14;0
344;0xd42de95a9b26f1be134c8ecce389dc4fcfa18753d01661b7b361233569e8fe48;16;0
345;0xd42de95a9b26f1be134c8ecce389dc4fcfa18753d01661b7b361233569e8fe48;13;0
346;0xd42de95a9b26f1be134c8ecce389dc4fcfa18753d01661b7b361233569e8fe48;15;0
347;0xd42de95a9b26f1be134c8ecce389dc4fcfa18753d01661b7b361233569e8fe48;14;0
348;0xd42de95a9b26f1be134c8ecce389dc4fcfa18753d01661b7b361233569e8fe48;14;0
349;0xd42de95a9b26f1be134c8ecce389dc4fcfa18753d01661b7b361233569e8fe48;13;0
350;0xd42de95a9b26f1be134c8ecce389dc4fcfa18753d01661b7b361233569e8fe48;14;0
351;0xd42de95a9b26f1be134c8ecce389dc4fcfa18753d01661b7b361233569e8fe48;13;0
352;0xd42de95a9b26f1be134c8ecce389dc4fcfa18753d01661b7b361233569e8fe48;14;0
353;0xd42de95a9b26f1be134c8ecce389dc4fcfa18753d01661b7b361233569e8fe48;13;0
354;0xd42de95a9b26f1be134c8ecce389dc4fcfa18753d01661b7b361233569e8fe48;15;0
355;0xd42de95a9b26f1be134c8ecce389dc4fcfa18753d01661b7b361233569e8fe48;12;0
356;0xd42de95a9b26f1be134c8ecce389dc4fcfa18753d01661b7b361233569e8fe48;14;0
357;0xd42de95a9b26f1be134c8ecce389dc4fcfa18753d01661b7b361233569e8fe48;12;0
358;0xd42de95a9b26f1be134c8ecce389dc4fcfa18753d01661b7b361233569e8fe48;14;0
359;0xd42de95a9b26f1be134c8ecce389dc4fcfa18753d01661b7b361233569e8fe48;15;0
360;0xd42de95a9b26f1be134c8ecce389dc4fcfa18753d01661b7b361233569e8fe48;15;0
361;0xd42de95a9b26f1be134c8ecce389dc4fcfa18753d01661b7b361233569e8fe48;15;0
362;0xd42de95a9b26f1be134c8ecce389dc4fcfa18753d01661b7b361233569e8fe48;13;0
363;0xd42de95a9b26f1be134c8ecce389dc4fcfa18753d01661b7b361233569e8fe48;14;0
364;0xd42de95a9b26f1be134c8ecce389dc4fcfa18753d01661b7b361233569e8fe48;13;0
365;0xd42de95a9b26f1be134c8ecce389dc4fcfa18753d01661b7b361233569e8fe48;13;0
366;0xd42de95a9b26f1be134c8ecce389dc4fcfa18753d01661b7b361233569e8fe48;17;0
367;0xd42de95a9b26f1be134c8ecce389dc4fcfa18753d01661b7b361233569e8fe48;13;0
368;0xd42de95a9b26f1be134c8ecce389dc4fcfa18753d01661b7b361233569e8fe48;14;0
369;0xd42de95a9b26f1be134c8ecce389dc4fcfa18753d01661b7b361233569e8fe48;15;0
370;0xd42de95a9b26f1be134c8ecce389dc4fcfa18753d01661b7b361233569e8fe48;15;0
371;0xd42de95a9b26f1be134c8ecce389dc4fcfa18753d01661b7b361233569e8fe48;16;0
372;0xd42de95a9b26f1be134c8ecce389dc4fcfa18753d01661b7b361233569e8fe48;13;0
373;0xd42de95a9b26f1be134c8ecce389dc4fcfa18753d01661b7b361233569e8fe48;15;0
374;0xd42de95a9b26f1be134c8ecce389dc4fcfa18753d01661b7b361233569e8fe48;14;0
375;0xd42de95a9b26f1be134c8ecce389dc4fcfa18753d01661b7b361233569e8fe48;15;0
376;0xd42de95a9b26f1be134c8ecce389dc4fcfa18753d01661b7b361233569e8fe48;14;0
377;0xd42de95a9b26f1be134c8ecce389dc4fcfa18753d01661b7b361233569e8fe48;15;0
378;0xd42de95a9b26f1be134c8ecce389dc4fcfa18753d01661b7b361233569e8fe48;14;0
379;0xd42de95a9b26f1be134c8ecce389dc4fcfa18753d01661b7b361233569e8fe48;14;0
380;0xd42de95a9b26f1be134c8ecce389dc4fcfa18753d01661b7b361233569e8fe48;15;0
381;0xd42de95a9b26f1be134c8ecce389dc4fcfa18753d01661b7b361233569e8fe48;14;0
382;0xd42de95a9b26f1be134c8ecce389dc4fcfa18753d01661b7b361233569e8fe48;15;0
383;0xd42de95a9b26f1be134c8ecce389dc4fcfa18753d01661b7b361233569e8fe48;14;0
384;0xd42de95a9b26f1be134c8ecce389dc4fcfa18753d01661b7b361233569e8fe48;14;0
385;0xd42de95a9b26f1be134c8ecce389dc4fcfa18753d01661b7b361233569e8fe48;14;0
386;0xd42de95a9b26f1be134c8ecce389dc4fcfa18753d01661b7b361233569e8fe48;13;0
387;0xd42de95a9b26f1be134c8ecce389dc4fcfa18753d01661b7b361233569e8fe48;15;0
388;0xd42de95a9b26f1be134c8ecce389dc4fcfa18753d01661b7b361233569e8fe48;17;0
389;0xd42de95a9b26f1be134c8ecce389dc4fcfa18753d01661b7b361233569e8fe48;17;0
390;0xd42de95a9b26f1be134c8ecce389dc4fcfa18753d01661b7b361233569e8fe48;13;0
391;0xd42de95a9b26f1be134c8ecce389dc4fcfa18753d01661b7b361233569e8fe48;15;0
392;0xd42de95a9b26f1be134c8ecce389dc4fcfa18753d01661b7b361233569e8fe48;16;0
393;0xd42de95a9b26f1be134c8ecce389dc4fcfa18753d01661b7b361233569e8fe48;18;0
394;0xd42de95a9b26f1be134c8ecce389dc4fcfa18753d01661b7b361233569e8fe48;16;0
395;0xd42de95a9b26f1be134c8ecce389dc4fcfa18753d01661b7b361233569e8fe48;15;0
396;0xd42de95a9b26f1be134c8ecce389dc4fcfa18753d01661b7b361233569e8fe48;15;0
397;0xd42de95a9b26f1be134c8ecce389dc4fcfa18753d01661b7b361233569e8fe48;14;0
398;0xd42de95a9b26f1be134c8ecce389dc4fcfa18753d01661b7b361233569e8fe48;16;0
399;0xd42de95a9b26f1be134c8ecce389dc4fcfa18753d01661b7b361233569e8fe48;13;0
400;0xd42de95a9b26f1be134c8ecce389dc4fcfa18753d01661b7b361233569e8fe48;16;0
401;0xd42de95a9b26f1be134c8ecce389dc4fcfa18753d01661b7b361233569e8fe48;14;0
402;0xd42de95a9b26f1be134c8ecce389dc4fcfa18753d01661b7b361233569e8fe48;14;0
403;0xd42de95a9b26f1be134c8ecce389dc4fcfa18753d01661b7b361233569e8fe48;15;0
404;0xd42de95a9b26f1be134c8ecce389dc4fcfa18753d01661b7b361233569e8fe48;82;0
405;0xd42de95a9b26f1be134c8ecce389dc4fcfa18753d01661b7b361233569e8fe48;14;0
406;0xd42de95a9b26f1be134c8ecce389dc4fcfa18753d01661b7b361233569e8fe48;14;0
407;0xd42de95a9b26f1be134c8ecce389dc4fcfa18753d01661b7b361233569e8fe48;16;0
408;0xd42de95a9b26f1be134c8ecce389dc4fcfa18753d01661b7b361233569e8fe48;48;0
409;0xd42de95a9b26f1be134c8ecce389dc4fcfa18753d01661b7b361233569e8fe48;13;0
410;0xd42de95a9b26f1be134c8ecce389dc4fcfa18753d01661b7b361233569e8fe48;14;0
411;0xd42de95a9b26f1be134c8ecce389dc4fcfa18753d01661b7b361233569e8fe48;14;0
412;0xd42de95a9b26f1be134c8ecce389dc4fcfa18753d01661b7b361233569e8fe48;13;0
413;0xd42de95a9b26f1be134c8ecce389dc4fcfa18753d01661b7b361233569e8fe48;15;0
414;0xd42de95a9b26f1be134c8ecce389dc4fcfa18753d01661b7b361233569e8fe48;15;0
415;0xd42de95a9b26f1be134c8ecce389dc4fcfa18753d01661b7b361233569e8fe48;13;0
416;0xd42de95a9b26f1be134c8ecce389dc4fcfa18753d01661b7b361233569e8fe48;14;0
417;0xd42de95a9b26f1be134c8ecce389dc4fcfa18753d01661b7b361233569e8fe48;13;0
418;0xd42de95a9b26f1be134c8ecce389dc4fcfa18753d01661b7b361233569e8fe48;15;0
419;0xd42de95a9b26f1be134c8ecce389dc4fcfa18753d01661b7b361233569e8fe48;13;0
420;0xd42de95a9b26f1be134c8ecce389dc4fcfa18753d01661b7b361233569e8fe48;17;0
421;0xd42de95a9b26f1be134c8ecce389dc4fcfa18753d01661b7b361233569e8fe48;15;0
422;0xd42de95a9b26f1be134c8ecce389dc4fcfa18753d01661b7b361233569e8fe48;15;0
423;0xd42de95a9b26f1be134c8ecce389dc4fcfa18753d01661b7b361233569e8fe48;14;0
424;0xd42de95a9b26f1be134c8ecce389dc4fcfa18753d01661b7b361233569e8fe48;15;0
425;0xd42de95a9b26f1be134c8ecce389dc4fcfa18753d01661b7b361233569e8fe48;15;0
426;0xd42de95a9b26f1be134c8ecce389dc4fcfa18753d01661b7b361233569e8fe48;15;0
427;0xd42de95a9b26f1be134c8ecce389dc4fcfa18753d01661b7b361233569e8fe48;15;0
428;0xd42de95a9b26f1be134c8ecce389dc4fcfa18753d01661b7b361233569e8fe48;14;0
429;0xd42de95a9b26f1be134c8ecce389dc4fcfa18753d01661b7b361233569e8fe48;14;0
430;0xd42de95a9b26f1be134c8ecce389dc4fcfa18753d01661b7b361233569e8fe48;15;0
431;0xd42de95a9b26f1be134c8ecce389dc4fcfa18753d01661b7b361233569e8fe48;14;0
432;0xd42de95a9b26f1be134c8ecce389dc4fcfa18753d01661b7b361233569e8fe48;15;0
433;0xd42de95a9b26f1be134c8ecce389dc4fcfa18753d01661b7b361233569e8fe48;15;0
434;0xd42de95a9b26f1be134c8ecce389dc4fcfa18753d01661b7b361233569e8fe48;14;0
435;0xd42de95a9b26f1be134c8ecce389dc4fcfa18753d01661b7b361233569e8fe48;15;0
436;0xd42de95a9b26f1be134c8ecce389dc4fcfa18753d01661b7b361233569e8fe48;13;0
437;0xd42de95a9b26f1be134c8ecce389dc4fcfa18753d01661b7b361233569e8fe48;16;0
438;0xd42de95a9b26f1be134c8ecce389dc4fcfa18753d01661b7b361233569e8fe48;17;0
439;0xd42de95a9b26f1be134c8ecce389dc4fcfa18753d01661b7b361233569e8fe48;14;0
440;0xd42de95a9b26f1be134c8ecce389dc4fcfa18753d01661b7b361233569e8fe48;13;0
441;0xd42de95a9b26f1be134c8ecce389dc4fcfa18753d01661b7b361233569e8fe48;18;0
442;0xd42de95a9b26f1be134c8ecce389dc4fcfa18753d01661b7b361233569e8fe48;14;0
443;0xd42de95a9b26f1be134c8ecce389dc4fcfa18753d01661b7b361233569e8fe48;14;0
444;0xd42de95a9b26f1be134c8ecce389dc4fcfa18753d01661b7b361233569e8fe48;13;0
445;0xd42de95a9b26f1be134c8ecce389dc4fcfa18753d01661b7b361233569e8fe48;13;0
446;0xd42de95a9b26f1be134c8ecce389dc4fcfa18753d01661b7b361233569e8fe48;13;0
447;0xd42de95a9b26f1be134c8ecce389dc4fcfa18753d01661b7b361233569e8fe48;14;0
448;0xd42de95a9b26f1be134c8ecce389dc4fcfa18753d01661b7b361233569e8fe48;14;0
449;0xd42de95a9b26f1be134c8ecce389dc4fcfa18753d01661b7b361233569e8fe48;16;0
450;0xd42de95a9b26f1be134c8ecce389dc4fcfa18753d01661b7b361233569e8fe48;14;0
451;0xd42de95a9b26f1be134c8ecce389dc4fcfa18753d01661b7b361233569e8fe48;13;0
452;0xd42de95a9b26f1be134c8ecce389dc4fcfa18753d01661b7b361233569e8fe48;14;0
453;0xd42de95a9b26f1be134c8ecce389dc4fcfa18753d01661b7b361233569e8fe48;14;0
454;0xd42de95a9b26f1be134c8ecce389dc4fcfa18753d01661b7b361233569e8fe48;13;0
455;0xd42de95a9b26f1be134c8ecce389dc4fcfa18753d01661b7b361233569e8fe48;13;0
456;0xd42de95a9b26f1be134c8ecce389dc4fcfa18753d01661b7b361233569e8fe48;16;0
457;0xd42de95a9b26f1be134c8ecce389dc4fcfa18753d01661b7b361233569e8fe48;12;0
458;0xd42de95a9b26f1be134c8ecce389dc4fcfa18753d01661b7b361233569e8fe48;13;0
459;0xd42de95a9b26f1be134c8ecce389dc4fcfa18753d01661b7b361233569e8fe48;14;0
460;0xd42de95a9b26f1be134c8ecce389dc4fcfa18753d01661b7b361233569e8fe48;14;0
461;0xd42de95a9b26f1be134c8ecce389dc4fcfa18753d01661b7b361233569e8fe48;17;0
462;0xd42de95a9b26f1be134c8ecce389dc4fcfa18753d01661b7b361233569e8fe48;12;0
463;0xd42de95a9b26f1be134c8ecce389dc4fcfa18753d01661b7b361233569e8fe48;47;0
464;0xd42de95a9b26f1be134c8ecce389dc4fcfa18753d01661b7b361233569e8fe48;16;0
465;0xd42de95a9b26f1be134c8ecce389dc4fcfa18753d01661b7b361233569e8fe48;13;0
466;0xd42de95a9b26f1be134c8ecce389dc4fcfa18753d01661b7b361233569e8fe48;14;0
467;0xd42de95a9b26f1be134c8ecce389dc4fcfa18753d01661b7b361233569e8fe48;14;0
468;0xd42de95a9b26f1be134c8ecce389dc4fcfa18753d01661b7b361233569e8fe48;14;0
469;0xd42de95a9b26f1be134c8ecce389dc4fcfa18753d01661b7b361233569e8fe48;13;0
470;0xd42de95a9b26f1be134c8ecce389dc4fcfa18753d01661b7b361233569e8fe48;14;0
471;0xd42de95a9b26f1be134c8ecce389dc4fcfa18753d01661b7b361233569e8fe48;14;0
472;0xd42de95a9b26f1be134c8ecce389dc4fcfa18753d01661b7b361233569e8fe48;13;0
473;0xd42de95a9b26f1be134c8ecce389dc4fcfa18753d01661b7b361233569e8fe48;13;0
474;0xd42de95a9b26f1be134c8ecce389dc4fcfa18753d01661b7b361233569e8fe48;14;0
475;0xd42de95a9b26f1be134c8ecce389dc4fcfa18753d01661b7b361233569e8fe48;13;0
476;0xd42de95a9b26f1be134c8ecce389dc4fcfa18753d01661b7b361233569e8fe48;13;0
477;0xd42de95a9b26f1be134c8ecce389dc4fcfa18753d01661b7b361233569e8fe48;13;0
478;0xd42de95a9b26f1be134c8ecce389dc4fcfa18753d01661b7b361233569e8fe48;14;0
479;0xd42de95a9b26f1be134c8ecce389dc4fcfa18753d01661b7b361233569e8fe48;13;0
480;0xd42de95a9b26f1be134c8ecce389dc4fcfa18753d01661b7b361233569e8fe48;99;0
481;0xd42de95a9b26f1be134c8ecce389dc4fcfa18753d01661b7b361233569e8fe48;14;0
482;0xd42de95a9b26f1be134c8ecce389dc4fcfa18753d01661b7b361233569e8fe48;13;0
483;0xd42de95a9b26f1be134c8ecce389dc4fcfa18753d01661b7b361233569e8fe48;13;0
484;0xd42de95a9b26f1be134c8ecce389dc4fcfa18753d01661b7b361233569e8fe48;14;0
485;0xd42de95a9b26f1be134c8ecce389dc4fcfa18753d01661b7b361233569e8fe48;61;0
486;0xd42de95a9b26f1be134c8ecce389dc4fcfa18753d01661b7b361233569e8fe48;13;0
487;0xd42de95a9b26f1be134c8ecce389dc4fcfa18753d01661b7b361233569e8fe48;15;0
488;0xd42de95a9b26f1be134c8ecce389dc4fcfa18753d01661b7b361233569e8fe48;15;0
489;0xd42de95a9b26f1be134c8ecce389dc4fcfa18753d01661b7b361233569e8fe48;13;0
490;0xd42de95a9b26f1be134c8ecce389dc4fcfa18753d01661b7b361233569e8fe48;13;0
491;0xd42de95a9b26f1be134c8ecce389dc4fcfa18753d01661b7b361233569e8fe48;13;0
492;0xd42de95a9b26f1be134c8ecce389dc4fcfa18753d01661b7b361233569e8fe48;13;0
493;0xd42de95a9b26f1be134c8ecce389dc4fcfa18753d01661b7b361233569e8fe48;14;0
494;0xd42de95a9b26f1be134c8ecce389dc4fcfa18753d01661b7b361233569e8fe48;13;0
495;0xd42de95a9b26f1be134c8ecce389dc4fcfa18753d01661b7b361233569e8fe48;12;0
496;0xd42de95a9b26f1be134c8ecce389dc4fcfa18753d01661b7b361233569e8fe48;13;0
497;0xd42de95a9b26f1be134c8ecce389dc4fcfa18753d01661b7b361233569e8fe48;14;0
498;0xd42de95a9b26f1be134c8ecce389dc4fcfa18753d01661b7b361233569e8fe48;16;0
499;0xd42de95a9b26f1be134c8ecce389dc4fcfa18753d01661b7b361233569e8fe48;15;0
500;0xd42de95a9b26f1be134c8ecce389dc4fcfa18753d01661b7b361233569e8fe48;14;0
501;0xd42de95a9b26f1be134c8ecce389dc4fcfa18753d01661b7b361233569e8fe48;14;0
502;0xd42de95a9b26f1be134c8ecce389dc4fcfa18753d01661b7b361233569e8fe48;14;0
503;0xd42de95a9b26f1be134c8ecce389dc4fcfa18753d01661b7b361233569e8fe48;14;0
504;0xd42de95a9b26f1be134c8ecce389dc4fcfa18753d01661b7b361233569e8fe48;14;0
505;0xd42de95a9b26f1be134c8ecce389dc4fcfa18753d01661b7b361233569e8fe48;17;0
506;0xd42de95a9b26f1be134c8ecce389dc4fcfa18753d01661b7b361233569e8fe48;14;0
507;0xd42de95a9b26f1be134c8ecce389dc4fcfa18753d01661b7b361233569e8fe48;14;0
508;0xd42de95a9b26f1be134c8ecce389dc4fcfa18753d01661b7b361233569e8fe48;14;0
509;0xd42de95a9b26f1be134c8ecce389dc4fcfa18753d01661b7b361233569e8fe48;15;0
510;0xd42de95a9b26f1be134c8ecce389dc4fcfa18753d01661b7b361233569e8fe48;15;0
511;0xd42de95a9b26f1be134c8ecce389dc4fcfa18753d01661b7b361233569e8fe48;15;0
512;0xd42de95a9b26f1be134c8ecce389dc4fcfa18753d01661b7b361233569e8fe48;14;0
513;0xd42de95a9b26f1be134c8ecce389dc4fcfa18753d01661b7b361233569e8fe48;15;0
514;0xd42de95a9b26f1be134c8ecce389dc4fcfa18753d01661b7b361233569e8fe48;14;0
515;0xd42de95a9b26f1be134c8ecce389dc4fcfa18753d01661b7b361233569e8fe48;19;0
516;0xd42de95a9b26f1be134c8ecce389dc4fcfa18753d01661b7b361233569e8fe48;14;0
517;0xd42de95a9b26f1be134c8ecce389dc4fcfa18753d01661b7b361233569e8fe48;13;0
518;0xd42de95a9b26f1be134c8ecce389dc4fcfa18753d01661b7b361233569e8fe48;17;0
519;0xd42de95a9b26f1be134c8ecce389dc4fcfa18753d01661b7b361233569e8fe48;14;0
520;0xd42de95a9b26f1be134c8ecce389dc4fcfa18753d01661b7b361233569e8fe48;12;0
521;0xd42de95a9b26f1be134c8ecce389dc4fcfa18753d01661b7b361233569e8fe48;16;0
522;0xd42de95a9b26f1be134c8ecce389dc4fcfa18753d01661b7b361233569e8fe48;12;0
523;0xd42de95a9b26f1be134c8ecce389dc4fcfa18753d01661b7b361233569e8fe48;13;0
524;0xd42de95a9b26f1be134c8ecce389dc4fcfa18753d01661b7b361233569e8fe48;14;0
525;0xd42de95a9b26f1be134c8ecce389dc4fcfa18753d01661b7b361233569e8fe48;14;0
526;0xd42de95a9b26f1be134c8ecce389dc4fcfa18753d01661b7b361233569e8fe48;14;0
527;0xd42de95a9b26f1be134c8ecce389dc4fcfa18753d01661b7b361233569e8fe48;14;0
528;0xd42de95a9b26f1be134c8ecce389dc4fcfa18753d01661b7b361233569e8fe48;84;0
529;0xd42de95a9b26f1be134c8ecce389dc4fcfa18753d01661b7b361233569e8fe48;14;0
530;0xd42de95a9b26f1be134c8ecce389dc4fcfa18753d01661b7b361233569e8fe48;17;0
531;0xd42de95a9b26f1be134c8ecce389dc4fcfa18753d01661b7b361233569e8fe48;16;0
532;0xd42de95a9b26f1be134c8ecce389dc4fcfa18753d01661b7b361233569e8fe48;14;0
533;0xd42de95a9b26f1be134c8ecce389dc4fcfa18753d01661b7b361233569e8fe48;14;0
534;0xd42de95a9b26f1be134c8ecce389dc4fcfa18753d01661b7b361233569e8fe48;14;0
535;0xd42de95a9b26f1be134c8ecce389dc4fcfa18753d01661b7b361233569e8fe48;13;0
536;0xd42de95a9b26f1be134c8ecce389dc4fcfa18753d01661b7b361233569e8fe48;14;0
537;0xd42de95a9b26f1be134c8ecce389dc4fcfa18753d01661b7b361233569e8fe48;14;0
538;0xd42de95a9b26f1be134c8ecce389dc4fcfa18753d01661b7b361233569e8fe48;14;0
539;0xd42de95a9b26f1be134c8ecce389dc4fcfa18753d01661b7b361233569e8fe48;18;0
540;0xd42de95a9b26f1be134c8ecce389dc4fcfa18753d01661b7b361233569e8fe48;16;0
541;0xd42de95a9b26f1be134c8ecce389dc4fcfa18753d01661b7b361233569e8fe48;17;0
542;0xd42de95a9b26f1be134c8ecce389dc4fcfa18753d01661b7b361233569e8fe48;15;0
543;0xd42de95a9b26f1be134c8ecce389dc4fcfa18753d01661b7b361233569e8fe48;14;0
544;0xd42de95a9b26f1be134c8ecce389dc4fcfa18753d01661b7b361233569e8fe48;18;0
545;0xd42de95a9b26f1be134c8ecce389dc4fcfa18753d01661b7b361233569e8fe48;14;0
546;0xd42de95a9b26f1be134c8ecce389dc4fcfa18753d01661b7b361233569e8fe48;57;0
547;0xd42de95a9b26f1be134c8ecce389dc4fcfa18753d01661b7b361233569e8fe48;15;0
548;0xd42de95a9b26f1be134c8ecce389dc4fcfa18753d01661b7b361233569e8fe48;15;0
549;0xd42de95a9b26f1be134c8ecce389dc4fcfa18753d01661b7b361233569e8fe48;34;0
550;0xd42de95a9b26f1be134c8ecce389dc4fcfa18753d01661b7b361233569e8fe48;14;0
551;0xd42de95a9b26f1be134c8ecce389dc4fcfa18753d01661b7b361233569e8fe48;14;0
552;0xd42de95a9b26f1be134c8ecce389dc4fcfa18753d01661b7b361233569e8fe48;14;0
553;0xd42de95a9b26f1be134c8ecce389dc4fcfa18753d01661b7b361233569e8fe48;14;0
554;0xd42de95a9b26f1be134c8ecce389dc4fcfa18753d01661b7b361233569e8fe48;14;0
555;0xd42de95a9b26f1be134c8ecce389dc4fcfa18753d01661b7b361233569e8fe48;16;0
556;0xd42de95a9b26f1be134c8ecce389dc4fcfa18753d01661b7b361233569e8fe48;14;0
557;0xd42de95a9b26f1be134c8ecce389dc4fcfa18753d01661b7b361233569e8fe48;13;0
558;0xd42de95a9b26f1be134c8ecce389dc4fcfa18753d01661b7b361233569e8fe48;14;0
559;0xd42de95a9b26f1be134c8ecce389dc4fcfa18753d01661b7b361233569e8fe48;14;0
560;0xd42de95a9b26f1be134c8ecce389dc4fcfa18753d01661b7b361233569e8fe48;14;0
561;0xd42de95a9b26f1be134c8ecce389dc4fcfa18753d01661b7b361233569e8fe48;14;0
562;0xd42de95a9b26f1be134c8ecce389dc4fcfa18753d01661b7b361233569e8fe48;16;0
563;0xd42de95a9b26f1be134c8ecce389dc4fcfa18753d01661b7b361233569e8fe48;15;0
564;0xd42de95a9b26f1be134c8ecce389dc4fcfa18753d01661b7b361233569e8fe48;15;0
565;0xd42de95a9b26f1be134c8ecce389dc4fcfa18753d01661b7b361233569e8fe48;14;0
566;0xd42de95a9b26f1be134c8ecce389dc4fcfa18753d01661b7b361233569e8fe48;17;0
567;0xd42de95a9b26f1be134c8ecce389dc4fcfa18753d01661b7b361233569e8fe48;15;0
568;0xd42de95a9b26f1be134c8ecce389dc4fcfa18753d01661b7b361233569e8fe48;14;0
569;0xd42de95a9b26f1be134c8ecce389dc4fcfa18753d01661b7b361233569e8fe48;13;0
570;0xd42de95a9b26f1be134c8ecce389dc4fcfa18753d01661b7b361233569e8fe48;14;0
571;0xd42de95a9b26f1be134c8ecce389dc4fcfa18753d01661b7b361233569e8fe48;15;0
572;0xd42de95a9b26f1be134c8ecce389dc4fcfa18753d01661b7b361233569e8fe48;15;0
573;0xd42de95a9b26f1be134c8ecce389dc4fcfa18753d01661b7b361233569e8fe48;14;0
574;0xd42de95a9b26f1be134c8ecce389dc4fcfa18753d01661b7b361233569e8fe48;13;0
575;0xd42de95a9b26f1be134c8ecce389dc4fcfa18753d01661b7b361233569e8fe48;13;0
576;0xd42de95a9b26f1be134c8ecce389dc4fcfa18753d01661b7b361233569e8fe48;14;0
577;0xd42de95a9b26f1be134c8ecce389dc4fcfa18753d01661b7b361233569e8fe48;14;0
578;0xd42de95a9b26f1be134c8ecce389dc4fcfa18753d01661b7b361233569e8fe48;16;0
579;0xd42de95a9b26f1be134c8ecce389dc4fcfa18753d01661b7b361233569e8fe48;14;0
580;0xd42de95a9b26f1be134c8ecce389dc4fcfa18753d01661b7b361233569e8fe48;16;0
581;0xd42de95a9b26f1be134c8ecce389dc4fcfa18753d01661b7b361233569e8fe48;13;0
582;0xd42de95a9b26f1be134c8ecce389dc4fcfa18753d01661b7b361233569e8fe48;81;0
583;0xd42de95a9b26f1be134c8ecce389dc4fcfa18753d01661b7b361233569e8fe48;14;0
584;0xd42de95a9b26f1be134c8ecce389dc4fcfa18753d01661b7b361233569e8fe48;13;0
585;0xd42de95a9b26f1be134c8ecce389dc4fcfa18753d01661b7b361233569e8fe48;16;0
586;0xd42de95a9b26f1be134c8ecce389dc4fcfa18753d01661b7b361233569e8fe48;18;0
587;0xd42de95a9b26f1be134c8ecce389dc4fcfa18753d01661b7b361233569e8fe48;14;0
588;0xd42de95a9b26f1be134c8ecce389dc4fcfa18753d01661b7b361233569e8fe48;14;0
589;0xd42de95a9b26f1be134c8ecce389dc4fcfa18753d01661b7b361233569e8fe48;20;0
590;0xd42de95a9b26f1be134c8ecce389dc4fcfa18753d01661b7b361233569e8fe48;14;0
591;0xd42de95a9b26f1be134c8ecce389dc4fcfa18753d01661b7b361233569e8fe48;14;0
592;0xd42de95a9b26f1be134c8ecce389dc4fcfa18753d01661b7b361233569e8fe48;14;0
593;0xd42de95a9b26f1be134c8ecce389dc4fcfa18753d01661b7b361233569e8fe48;13;0
594;0xd42de95a9b26f1be134c8ecce389dc4fcfa18753d01661b7b361233569e8fe48;13;0
595;0xd42de95a9b26f1be134c8ecce389dc4fcfa18753d01661b7b361233569e8fe48;14;0
596;0xd42de95a9b26f1be134c8ecce389dc4fcfa18753d01661b7b361233569e8fe48;15;0
597;0xd42de95a9b26f1be134c8ecce389dc4fcfa18753d01661b7b361233569e8fe48;14;0
598;0xd42de95a9b26f1be134c8ecce389dc4fcfa18753d01661b7b361233569e8fe48;15;0
599;0xd42de95a9b26f1be134c8ecce389dc4fcfa18753d01661b7b361233569e8fe48;14;0
600;0xd42de95a9b26f1be134c8ecce389dc4fcfa18753d01661b7b361233569e8fe48;13;0
601;0xd42de95a9b26f1be134c8ecce389dc4fcfa18753d01661b7b361233569e8fe48;14;0
602;0xd42de95a9b26f1be134c8ecce389dc4fcfa18753d01661b7b361233569e8fe48;13;0
603;0xd42de95a9b26f1be134c8ecce389dc4fcfa18753d01661b7b361233569e8fe48;16;0
604;0xd42de95a9b26f1be134c8ecce389dc4fcfa18753d01661b7b361233569e8fe48;14;0
605;0xd42de95a9b26f1be134c8ecce389dc4fcfa18753d01661b7b361233569e8fe48;16;0
606;0xd42de95a9b26f1be134c8ecce389dc4fcfa18753d01661b7b361233569e8fe48;15;0
607;0xd42de95a9b26f1be134c8ecce389dc4fcfa18753d01661b7b361233569e8fe48;14;0
608;0xd42de95a9b26f1be134c8ecce389dc4fcfa18753d01661b7b361233569e8fe48;15;0
609;0xd42de95a9b26f1be134c8ecce389dc4fcfa18753d01661b7b361233569e8fe48;14;0
610;0xd42de95a9b26f1be134c8ecce389dc4fcfa18753d01661b7b361233569e8fe48;14;0
611;0xd42de95a9b26f1be134c8ecce389dc4fcfa18753d01661b7b361233569e8fe48;15;0
612;0xd42de95a9b26f1be134c8ecce389dc4fcfa18753d01661b7b361233569e8fe48;13;0
613;0xd42de95a9b26f1be134c8ecce389dc4fcfa18753d01661b7b361233569e8fe48;28;0
614;0xd42de95a9b26f1be134c8ecce389dc4fcfa18753d01661b7b361233569e8fe48;17;0
615;0xd42de95a9b26f1be134c8ecce389dc4fcfa18753d01661b7b361233569e8fe48;14;0
616;0xd42de95a9b26f1be134c8ecce389dc4fcfa18753d01661b7b361233569e8fe48;14;0
617;0xd42de95a9b26f1be134c8ecce389dc4fcfa18753d01661b7b361233569e8fe48;15;0
618;0xd42de95a9b26f1be134c8ecce389dc4fcfa18753d01661b7b361233569e8fe48;14;0
619;0xd42de95a9b26f1be134c8ecce389dc4fcfa18753d01661b7b361233569e8fe48;12;0
620;0xd42de95a9b26f1be134c8ecce389dc4fcfa18753d01661b7b361233569e8fe48;13;0
621;0xd42de95a9b26f1be134c8ecce389dc4fcfa18753d01661b7b361233569e8fe48;15;0
622;0xd42de95a9b26f1be134c8ecce389dc4fcfa18753d01661b7b361233569e8fe48;13;0
623;0xd42de95a9b26f1be134c8ecce389dc4fcfa18753d01661b7b361233569e8fe48;13;0
624;0xd42de95a9b26f1be134c8ecce389dc4fcfa18753d01661b7b361233569e8fe48;13;0
625;0xd42de95a9b26f1be134c8ecce389dc4fcfa18753d01661b7b361233569e8fe48;14;0
626;0xd42de95a9b26f1be134c8ecce389dc4fcfa18753d01661b7b361233569e8fe48;14;0
627;0xd42de95a9b26f1be134c8ecce389dc4fcfa18753d01661b7b361233569e8fe48;15;0
628;0xd42de95a9b26f1be134c8ecce389dc4fcfa18753d01661b7b361233569e8fe48;15;0
629;0xd42de95a9b26f1be134c8ecce389dc4fcfa18753d01661b7b361233569e8fe48;14;0
630;0xd42de95a9b26f1be134c8ecce389dc4fcfa18753d01661b7b361233569e8fe48;14;0
631;0xd42de95a9b26f1be134c8ecce389dc4fcfa18753d01661b7b361233569e8fe48;16;0
632;0xd42de95a9b26f1be134c8ecce389dc4fcfa18753d01661b7b361233569e8fe48;14;0
633;0xd42de95a9b26f1be134c8ecce389dc4fcfa18753d01661b7b361233569e8fe48;15;0
634;0xd42de95a9b26f1be134c8ecce389dc4fcfa18753d01661b7b361233569e8fe48;14;0
635;0xd42de95a9b26f1be134c8ecce389dc4fcfa18753d01661b7b361233569e8fe48;14;0
636;0xd42de95a9b26f1be134c8ecce389dc4fcfa18753d01661b7b361233569e8fe48;15;0
637;0xd42de95a9b26f1be134c8ecce389dc4fcfa18753d01661b7b361233569e8fe48;13;0
638;0xd42de95a9b26f1be134c8ecce389dc4fcfa18753d01661b7b361233569e8fe48;14;0
639;0xd42de95a9b26f1be134c8ecce389dc4fcfa18753d01661b7b361233569e8fe48;16;0
640;0xd42de95a9b26f1be134c8ecce389dc4fcfa18753d01661b7b361233569e8fe48;15;0
641;0xd42de95a9b26f1be134c8ecce389dc4fcfa18753d01661b7b361233569e8fe48;14;0
642;0xd42de95a9b26f1be134c8ecce389dc4fcfa18753d01661b7b361233569e8fe48;15;0
643;0xd42de95a9b26f1be134c8ecce389dc4fcfa18753d01661b7b361233569e8fe48;14;0
644;0xd42de95a9b26f1be134c8ecce389dc4fcfa18753d01661b7b361233569e8fe48;17;0
645;0xd42de95a9b26f1be134c8ecce389dc4fcfa18753d01661b7b361233569e8fe48;15;0
646;0xd42de95a9b26f1be134c8ecce389dc4fcfa18753d01661b7b361233569e8fe48;17;0
647;0xd42de95a9b26f1be134c8ecce389dc4fcfa18753d01661b7b361233569e8fe48;14;0
648;0xd42de95a9b26f1be134c8ecce389dc4fcfa18753d01661b7b361233569e8fe48;14;0
649;0xd42de95a9b26f1be134c8ecce389dc4fcfa18753d01661b7b361233569e8fe48;53;0
650;0xd42de95a9b26f1be134c8ecce389dc4fcfa18753d01661b7b361233569e8fe48;14;0
651;0xd42de95a9b26f1be134c8ecce389dc4fcfa18753d01661b7b361233569e8fe48;14;0
652;0xd42de95a9b26f1be134c8ecce389dc4fcfa18753d01661b7b361233569e8fe48;13;0
653;0xd42de95a9b26f1be134c8ecce389dc4fcfa18753d01661b7b361233569e8fe48;14;0
654;0xd42de95a9b26f1be134c8ecce389dc4fcfa18753d01661b7b361233569e8fe48;13;0
655;0xd42de95a9b26f1be134c8ecce389dc4fcfa18753d01661b7b361233569e8fe48;13;0
656;0xd42de95a9b26f1be134c8ecce389dc4fcfa18753d01661b7b361233569e8fe48;15;0
657;0xd42de95a9b26f1be134c8ecce389dc4fcfa18753d01661b7b361233569e8fe48;16;0
658;0xd42de95a9b26f1be134c8ecce389dc4fcfa18753d01661b7b361233569e8fe48;14;0
659;0xd42de95a9b26f1be134c8ecce389dc4fcfa18753d01661b7b361233569e8fe48;13;0
660;0xd42de95a9b26f1be134c8ecce389dc4fcfa18753d01661b7b361233569e8fe48;13;0
661;0xd42de95a9b26f1be134c8ecce389dc4fcfa18753d01661b7b361233569e8fe48;14;0
662;0xd42de95a9b26f1be134c8ecce389dc4fcfa18753d01661b7b361233569e8fe48;14;0
663;0xd42de95a9b26f1be134c8ecce389dc4fcfa18753d01661b7b361233569e8fe48;16;0
664;0xd42de95a9b26f1be134c8ecce389dc4fcfa18753d01661b7b361233569e8fe48;15;0
665;0xd42de95a9b26f1be134c8ecce389dc4fcfa18753d01661b7b361233569e8fe48;13;0
666;0xd42de95a9b26f1be134c8ecce389dc4fcfa18753d01661b7b361233569e8fe48;15;0
667;0xd42de95a9b26f1be134c8ecce389dc4fcfa18753d01661b7b361233569e8fe48;14;0
668;0xd42de95a9b26f1be134c8ecce389dc4fcfa18753d01661b7b361233569e8fe48;14;0
669;0xd42de95a9b26f1be134c8ecce389dc4fcfa18753d01661b7b361233569e8fe48;13;0
670;0xd42de95a9b26f1be134c8ecce389dc4fcfa18753d01661b7b361233569e8fe48;15;0
671;0xd42de95a9b26f1be134c8ecce389dc4fcfa18753d01661b7b361233569e8fe48;14;0
672;0xd42de95a9b26f1be134c8ecce389dc4fcfa18753d01661b7b361233569e8fe48;14;0
673;0xd42de95a9b26f1be134c8ecce389dc4fcfa18753d01661b7b361233569e8fe48;15;0
674;0xd42de95a9b26f1be134c8ecce389dc4fcfa18753d01661b7b361233569e8fe48;39;0
675;0xd42de95a9b26f1be134c8ecce389dc4fcfa18753d01661b7b361233569e8fe48;17;0
676;0xd42de95a9b26f1be134c8ecce389dc4fcfa18753d01661b7b361233569e8fe48;14;0
677;0xd42de95a9b26f1be134c8ecce389dc4fcfa18753d01661b7b361233569e8fe48;56;0
678;0xd42de95a9b26f1be134c8ecce389dc4fcfa18753d01661b7b361233569e8fe48;14;0
679;0xd42de95a9b26f1be134c8ecce389dc4fcfa18753d01661b7b361233569e8fe48;15;0
680;0xd42de95a9b26f1be134c8ecce389dc4fcfa18753d01661b7b361233569e8fe48;13;0
681;0xd42de95a9b26f1be134c8ecce389dc4fcfa18753d01661b7b361233569e8fe48;14;0
682;0xd42de95a9b26f1be134c8ecce389dc4fcfa18753d01661b7b361233569e8fe48;14;0
683;0xd42de95a9b26f1be134c8ecce389dc4fcfa18753d01661b7b361233569e8fe48;14;0
684;0xd42de95a9b26f1be134c8ecce389dc4fcfa18753d01661b7b361233569e8fe48;13;0
685;0xd42de95a9b26f1be134c8ecce389dc4fcfa18753d01661b7b361233569e8fe48;13;0
686;0xd42de95a9b26f1be134c8ecce389dc4fcfa18753d01661b7b361233569e8fe48;13;0
687;0xd42de95a9b26f1be134c8ecce389dc4fcfa18753d01661b7b361233569e8fe48;16;0
688;0xd42de95a9b26f1be134c8ecce389dc4fcfa18753d01661b7b361233569e8fe48;14;0
689;0xd42de95a9b26f1be134c8ecce389dc4fcfa18753d01661b7b361233569e8fe48;13;0
690;0xd42de95a9b26f1be134c8ecce389dc4fcfa18753d01661b7b361233569e8fe48;14;0
691;0xd42de95a9b26f1be134c8ecce389dc4fcfa18753d01661b7b361233569e8fe48;16;0
692;0xd42de95a9b26f1be134c8ecce389dc4fcfa18753d01661b7b361233569e8fe48;15;0
693;0xd42de95a9b26f1be134c8ecce389dc4fcfa18753d01661b7b361233569e8fe48;13;0
694;0xd42de95a9b26f1be134c8ecce389dc4fcfa18753d01661b7b361233569e8fe48;13;0
695;0xd42de95a9b26f1be134c8ecce389dc4fcfa18753d01661b7b361233569e8fe48;14;0
696;0xd42de95a9b26f1be134c8ecce389dc4fcfa18753d01661b7b361233569e8fe48;16;0
697;0xd42de95a9b26f1be134c8ecce389dc4fcfa18753d01661b7b361233569e8fe48;14;0
698;0xd42de95a9b26f1be134c8ecce389dc4fcfa18753d01661b7b361233569e8fe48;14;0
699;0xd42de95a9b26f1be134c8ecce389dc4fcfa18753d01661b7b361233569e8fe48;14;0
700;0xd42de95a9b26f1be134c8ecce389dc4fcfa18753d01661b7b361233569e8fe48;16;0
701;0xd42de95a9b26f1be134c8ecce389dc4fcfa18753d01661b7b361233569e8fe48;13;0
702;0xd42de95a9b26f1be134c8ecce389dc4fcfa18753d01661b7b361233569e8fe48;13;0
703;0xd42de95a9b26f1be134c8ecce389dc4fcfa18753d01661b7b361233569e8fe48;14;0
704;0xd42de95a9b26f1be134c8ecce389dc4fcfa18753d01661b7b361233569e8fe48;13;0
705;0xd42de95a9b26f1be134c8ecce389dc4fcfa18753d01661b7b361233569e8fe48;14;0
706;0xd42de95a9b26f1be134c8ecce389dc4fcfa18753d01661b7b361233569e8fe48;13;0
707;0xd42de95a9b26f1be134c8ecce389dc4fcfa18753d01661b7b361233569e8fe48;12;0
708;0xd42de95a9b26f1be134c8ecce389dc4fcfa18753d01661b7b361233569e8fe48;14;0
709;0xd42de95a9b26f1be134c8ecce389dc4fcfa18753d01661b7b361233569e8fe48;15;0
710;0xd42de95a9b26f1be134c8ecce389dc4fcfa18753d01661b7b361233569e8fe48;13;0
711;0xd42de95a9b26f1be134c8ecce389dc4fcfa18753d01661b7b361233569e8fe48;15;0
712;0xd42de95a9b26f1be134c8ecce389dc4fcfa18753d01661b7b361233569e8fe48;14;0
713;0xd42de95a9b26f1be134c8ecce389dc4fcfa18753d01661b7b361233569e8fe48;13;0
714;0xd42de95a9b26f1be134c8ecce389dc4fcfa18753d01661b7b361233569e8fe48;14;0
715;0xd42de95a9b26f1be134c8ecce389dc4fcfa18753d01661b7b361233569e8fe48;14;0
716;0xd42de95a9b26f1be134c8ecce389dc4fcfa18753d01661b7b361233569e8fe48;13;0
717;0xd42de95a9b26f1be134c8ecce389dc4fcfa18753d01661b7b361233569e8fe48;14;0
718;0xd42de95a9b26f1be134c8ecce389dc4fcfa18753d01661b7b361233569e8fe48;14;0
719;0xd42de95a9b26f1be134c8ecce389dc4fcfa18753d01661b7b361233569e8fe48;14;0
720;0xd42de95a9b26f1be134c8ecce389dc4fcfa18753d01661b7b361233569e8fe48;19;0
721;0xd42de95a9b26f1be134c8ecce389dc4fcfa18753d01661b7b361233569e8fe48;15;0
722;0xd42de95a9b26f1be134c8ecce389dc4fcfa18753d01661b7b361233569e8fe48;18;0
723;0xd42de95a9b26f1be134c8ecce389dc4fcfa18753d01661b7b361233569e8fe48;16;0
724;0xd42de95a9b26f1be134c8ecce389dc4fcfa18753d01661b7b361233569e8fe48;19;0
725;0xd42de95a9b26f1be134c8ecce389dc4fcfa18753d01661b7b361233569e8fe48;14;0
726;0xd42de95a9b26f1be134c8ecce389dc4fcfa18753d01661b7b361233569e8fe48;13;0
727;0xd42de95a9b26f1be134c8ecce389dc4fcfa18753d01661b7b361233569e8fe48;13;0
728;0xd42de95a9b26f1be134c8ecce389dc4fcfa18753d01661b7b361233569e8fe48;15;0
729;0xd42de95a9b26f1be134c8ecce389dc4fcfa18753d01661b7b361233569e8fe48;14;0
730;0xd42de95a9b26f1be134c8ecce389dc4fcfa18753d01661b7b361233569e8fe48;14;0
731;0xd42de95a9b26f1be134c8ecce389dc4fcfa18753d01661b7b361233569e8fe48;14;0
732;0xd42de95a9b26f1be134c8ecce389dc4fcfa18753d01661b7b361233569e8fe48;14;0
733;0xd42de95a9b26f1be134c8ecce389dc4fcfa18753d01661b7b361233569e8fe48;14;0
734;0xd42de95a9b26f1be134c8ecce389dc4fcfa18753d01661b7b361233569e8fe48;14;0
735;0xd42de95a9b26f1be134c8ecce389dc4fcfa18753d01661b7b361233569e8fe48;16;0
736;0xd42de95a9b26f1be134c8ecce389dc4fcfa18753d01661b7b361233569e8fe48;13;0
737;0xd42de95a9b26f1be134c8ecce389dc4fcfa18753d01661b7b361233569e8fe48;14;0
738;0xd42de95a9b26f1be134c8ecce389dc4fcfa18753d01661b7b361233569e8fe48;12;0
739;0xd42de95a9b26f1be134c8ecce389dc4fcfa18753d01661b7b361233569e8fe48;14;0
740;0xd42de95a9b26f1be134c8ecce389dc4fcfa18753d01661b7b361233569e8fe48;16;0
741;0xd42de95a9b26f1be134c8ecce389dc4fcfa18753d01661b7b361233569e8fe48;13;0
742;0xd42de95a9b26f1be134c8ecce389dc4fcfa18753d01661b7b361233569e8fe48;14;0
743;0xd42de95a9b26f1be134c8ecce389dc4fcfa18753d01661b7b361233569e8fe48;66;0
744;0xd42de95a9b26f1be134c8ecce389dc4fcfa18753d01661b7b361233569e8fe48;17;0
745;0xd42de95a9b26f1be134c8ecce389dc4fcfa18753d01661b7b361233569e8fe48;17;0
746;0xd42de95a9b26f1be134c8ecce389dc4fcfa18753d01661b7b361233569e8fe48;14;0
747;0xd42de95a9b26f1be134c8ecce389dc4fcfa18753d01661b7b361233569e8fe48;13;0
748;0xd42de95a9b26f1be134c8ecce389dc4fcfa18753d01661b7b361233569e8fe48;15;0
749;0xd42de95a9b26f1be134c8ecce389dc4fcfa18753d01661b7b361233569e8fe48;14;0
750;0xd42de95a9b26f1be134c8ecce389dc4fcfa18753d01661b7b361233569e8fe48;13;0
751;0xd42de95a9b26f1be134c8ecce389dc4fcfa18753d01661b7b361233569e8fe48;16;0
752;0xd42de95a9b26f1be134c8ecce389dc4fcfa18753d01661b7b361233569e8fe48;14;0
753;0xd42de95a9b26f1be134c8ecce389dc4fcfa18753d01661b7b361233569e8fe48;14;0
754;0xd42de95a9b26f1be134c8ecce389dc4fcfa18753d01661b7b361233569e8fe48;14;0
755;0xd42de95a9b26f1be134c8ecce389dc4fcfa18753d01661b7b361233569e8fe48;14;0
756;0xd42de95a9b26f1be134c8ecce389dc4fcfa18753d01661b7b361233569e8fe48;14;0
757;0xd42de95a9b26f1be134c8ecce389dc4fcfa18753d01661b7b361233569e8fe48;14;0
758;0xd42de95a9b26f1be134c8ecce389dc4fcfa18753d01661b7b361233569e8fe48;15;0
759;0xd42de95a9b26f1be134c8ecce389dc4fcfa18753d01661b7b361233569e8fe48;13;0
760;0xd42de95a9b26f1be134c8ecce389dc4fcfa18753d01661b7b361233569e8fe48;15;0
761;0xd42de95a9b26f1be134c8ecce389dc4fcfa18753d01661b7b361233569e8fe48;15;0
762;0xd42de95a9b26f1be134c8ecce389dc4fcfa18753d01661b7b361233569e8fe48;14;0
763;0xd42de95a9b26f1be134c8ecce389dc4fcfa18753d01661b7b361233569e8fe48;15;0
764;0xd42de95a9b26f1be134c8ecce389dc4fcfa18753d01661b7b361233569e8fe48;75;0
765;0xd42de95a9b26f1be134c8ecce389dc4fcfa18753d01661b7b361233569e8fe48;14;0
766;0xd42de95a9b26f1be134c8ecce389dc4fcfa18753d01661b7b361233569e8fe48;14;0
767;0xd42de95a9b26f1be134c8ecce389dc4fcfa18753d01661b7b361233569e8fe48;37;0
768;0xd42de95a9b26f1be134c8ecce389dc4fcfa18753d01661b7b361233569e8fe48;14;0
769;0xd42de95a9b26f1be134c8ecce389dc4fcfa18753d01661b7b361233569e8fe48;15;0
770;0xd42de95a9b26f1be134c8ecce389dc4fcfa18753d01661b7b361233569e8fe48;14;0
771;0xd42de95a9b26f1be134c8ecce389dc4fcfa18753d01661b7b361233569e8fe48;14;0
772;0xd42de95a9b26f1be134c8ecce389dc4fcfa18753d01661b7b361233569e8fe48;16;0
773;0xd42de95a9b26f1be134c8ecce389dc4fcfa18753d01661b7b361233569e8fe48;14;0
774;0xd42de95a9b26f1be134c8ecce389dc4fcfa18753d01661b7b361233569e8fe48;14;0
775;0xd42de95a9b26f1be134c8ecce389dc4fcfa18753d01661b7b361233569e8fe48;14;0
776;0xd42de95a9b26f1be134c8ecce389dc4fcfa18753d01661b7b361233569e8fe48;14;0
777;0xd42de95a9b26f1be134c8ecce389dc4fcfa18753d01661b7b361233569e8fe48;16;0
778;0xd42de95a9b26f1be134c8ecce389dc4fcfa18753d01661b7b361233569e8fe48;46;0
779;0xd42de95a9b26f1be134c8ecce389dc4fcfa18753d01661b7b361233569e8fe48;14;0
780;0xd42de95a9b26f1be134c8ecce389dc4fcfa18753d01661b7b361233569e8fe48;15;0
781;0xd42de95a9b26f1be134c8ecce389dc4fcfa18753d01661b7b361233569e8fe48;15;0
782;0xd42de95a9b26f1be134c8ecce389dc4fcfa18753d01661b7b361233569e8fe48;14;0
783;0xd42de95a9b26f1be134c8ecce389dc4fcfa18753d01661b7b361233569e8fe48;14;0
784;0xd42de95a9b26f1be134c8ecce389dc4fcfa18753d01661b7b361233569e8fe48;14;0
785;0xd42de95a9b26f1be134c8ecce389dc4fcfa18753d01661b7b361233569e8fe48;13;0
786;0xd42de95a9b26f1be134c8ecce389dc4fcfa18753d01661b7b361233569e8fe48;18;0
787;0xd42de95a9b26f1be134c8ecce389dc4fcfa18753d01661b7b361233569e8fe48;14;0
788;0xd42de95a9b26f1be134c8ecce389dc4fcfa18753d01661b7b361233569e8fe48;12;0
789;0xd42de95a9b26f1be134c8ecce389dc4fcfa18753d01661b7b361233569e8fe48;14;0
790;0xd42de95a9b26f1be134c8ecce389dc4fcfa18753d01661b7b361233569e8fe48;17;0
791;0xd42de95a9b26f1be134c8ecce389dc4fcfa18753d01661b7b361233569e8fe48;15;0
792;0xd42de95a9b26f1be134c8ecce389dc4fcfa18753d01661b7b361233569e8fe48;13;0
793;0xd42de95a9b26f1be134c8ecce389dc4fcfa18753d01661b7b361233569e8fe48;17;0
794;0xd42de95a9b26f1be134c8ecce389dc4fcfa18753d01661b7b361233569e8fe48;17;0
795;0xd42de95a9b26f1be134c8ecce389dc4fcfa18753d01661b7b361233569e8fe48;14;0
796;0xd42de95a9b26f1be134c8ecce389dc4fcfa18753d01661b7b361233569e8fe48;14;0
797;0xd42de95a9b26f1be134c8ecce389dc4fcfa18753d01661b7b361233569e8fe48;17;0
798;0xd42de95a9b26f1be134c8ecce389dc4fcfa18753d01661b7b361233569e8fe48;15;0
799;0xd42de95a9b26f1be134c8ecce389dc4fcfa18753d01661b7b361233569e8fe48;14;0
800;0xd42de95a9b26f1be134c8ecce389dc4fcfa18753d01661b7b361233569e8fe48;15;0
801;0xd42de95a9b26f1be134c8ecce389dc4fcfa18753d01661b7b361233569e8fe48;13;0
802;0xd42de95a9b26f1be134c8ecce389dc4fcfa18753d01661b7b361233569e8fe48;15;0
803;0xd42de95a9b26f1be134c8ecce389dc4fcfa18753d01661b7b361233569e8fe48;13;0
804;0xd42de95a9b26f1be134c8ecce389dc4fcfa18753d01661b7b361233569e8fe48;18;0
805;0xd42de95a9b26f1be134c8ecce389dc4fcfa18753d01661b7b361233569e8fe48;15;0
806;0xd42de95a9b26f1be134c8ecce389dc4fcfa18753d01661b7b361233569e8fe48;14;0
807;0xd42de95a9b26f1be134c8ecce389dc4fcfa18753d01661b7b361233569e8fe48;14;0
808;0xd42de95a9b26f1be134c8ecce389dc4fcfa18753d01661b7b361233569e8fe48;13;0
809;0xd42de95a9b26f1be134c8ecce389dc4fcfa18753d01661b7b361233569e8fe48;13;0
810;0xd42de95a9b26f1be134c8ecce389dc4fcfa18753d01661b7b361233569e8fe48;14;0
811;0xd42de95a9b26f1be134c8ecce389dc4fcfa18753d01661b7b361233569e8fe48;13;0
812;0xd42de95a9b26f1be134c8ecce389dc4fcfa18753d01661b7b361233569e8fe48;13;0
813;0xd42de95a9b26f1be134c8ecce389dc4fcfa18753d01661b7b361233569e8fe48;15;0
814;0xd42de95a9b26f1be134c8ecce389dc4fcfa18753d01661b7b361233569e8fe48;13;0
815;0xd42de95a9b26f1be134c8ecce389dc4fcfa18753d01661b7b361233569e8fe48;14;0
816;0xd42de95a9b26f1be134c8ecce389dc4fcfa18753d01661b7b361233569e8fe48;14;0
817;0xd42de95a9b26f1be134c8ecce389dc4fcfa18753d01661b7b361233569e8fe48;13;0
818;0xd42de95a9b26f1be134c8ecce389dc4fcfa18753d01661b7b361233569e8fe48;12;0
819;0xd42de95a9b26f1be134c8ecce389dc4fcfa18753d01661b7b361233569e8fe48;21;0
820;0xd42de95a9b26f1be134c8ecce389dc4fcfa18753d01661b7b361233569e8fe48;13;0
821;0xd42de95a9b26f1be134c8ecce389dc4fcfa18753d01661b7b361233569e8fe48;14;0
822;0xd42de95a9b26f1be134c8ecce389dc4fcfa18753d01661b7b361233569e8fe48;15;0
823;0xd42de95a9b26f1be134c8ecce389dc4fcfa18753d01661b7b361233569e8fe48;15;0
824;0xd42de95a9b26f1be134c8ecce389dc4fcfa18753d01661b7b361233569e8fe48;15;0
825;0xd42de95a9b26f1be134c8ecce389dc4fcfa18753d01661b7b361233569e8fe48;14;0
826;0xd42de95a9b26f1be134c8ecce389dc4fcfa18753d01661b7b361233569e8fe48;13;0
827;0xd42de95a9b26f1be134c8ecce389dc4fcfa18753d01661b7b361233569e8fe48;15;0
828;0xd42de95a9b26f1be134c8ecce389dc4fcfa18753d01661b7b361233569e8fe48;14;0
829;0xd42de95a9b26f1be134c8ecce389dc4fcfa18753d01661b7b361233569e8fe48;15;0
830;0xd42de95a9b26f1be134c8ecce389dc4fcfa18753d01661b7b361233569e8fe48;15;0
831;0xd42de95a9b26f1be134c8ecce389dc4fcfa18753d01661b7b361233569e8fe48;15;0
832;0xd42de95a9b26f1be134c8ecce389dc4fcfa18753d01661b7b361233569e8fe48;14;0
833;0xd42de95a9b26f1be134c8ecce389dc4fcfa18753d01661b7b361233569e8fe48;14;0
834;0xd42de95a9b26f1be134c8ecce389dc4fcfa18753d01661b7b361233569e8fe48;13;0
835;0xd42de95a9b26f1be134c8ecce389dc4fcfa18753d01661b7b361233569e8fe48;14;0
836;0xd42de95a9b26f1be134c8ecce389dc4fcfa18753d01661b7b361233569e8fe48;14;0
837;0xd42de95a9b26f1be134c8ecce389dc4fcfa18753d01661b7b361233569e8fe48;13;0
838;0xd42de95a9b26f1be134c8ecce389dc4fcfa18753d01661b7b361233569e8fe48;15;0
839;0xd42de95a9b26f1be134c8ecce389dc4fcfa18753d01661b7b361233569e8fe48;16;0
840;0xd42de95a9b26f1be134c8ecce389dc4fcfa18753d01661b7b361233569e8fe48;15;0
841;0xd42de95a9b26f1be134c8ecce389dc4fcfa18753d01661b7b361233569e8fe48;14;0
842;0xd42de95a9b26f1be134c8ecce389dc4fcfa18753d01661b7b361233569e8fe48;13;0
843;0xd42de95a9b26f1be134c8ecce389dc4fcfa18753d01661b7b361233569e8fe48;16;0
844;0xd42de95a9b26f1be134c8ecce389dc4fcfa18753d01661b7b361233569e8fe48;15;0
845;0xd42de95a9b26f1be134c8ecce389dc4fcfa18753d01661b7b361233569e8fe48;14;0
846;0xd42de95a9b26f1be134c8ecce389dc4fcfa18753d01661b7b361233569e8fe48;14;0
847;0xd42de95a9b26f1be134c8ecce389dc4fcfa18753d01661b7b361233569e8fe48;14;0
848;0xd42de95a9b26f1be134c8ecce389dc4fcfa18753d01661b7b361233569e8fe48;14;0
849;0xd42de95a9b26f1be134c8ecce389dc4fcfa18753d01661b7b361233569e8fe48;14;0
850;0xd42de95a9b26f1be134c8ecce389dc4fcfa18753d01661b7b361233569e8fe48;17;0
851;0xd42de95a9b26f1be134c8ecce389dc4fcfa18753d01661b7b361233569e8fe48;15;0
852;0xd42de95a9b26f1be134c8ecce389dc4fcfa18753d01661b7b361233569e8fe48;14;0
853;0xd42de95a9b26f1be134c8ecce389dc4fcfa18753d01661b7b361233569e8fe48;20;0
854;0xd42de95a9b26f1be134c8ecce389dc4fcfa18753d01661b7b361233569e8fe48;14;0
855;0xd42de95a9b26f1be134c8ecce389dc4fcfa18753d01661b7b361233569e8fe48;21;0
856;0xd42de95a9b26f1be134c8ecce389dc4fcfa18753d01661b7b361233569e8fe48;14;0
857;0xd42de95a9b26f1be134c8ecce389dc4fcfa18753d01661b7b361233569e8fe48;13;0
858;0xd42de95a9b26f1be134c8ecce389dc4fcfa18753d01661b7b361233569e8fe48;12;0
859;0xd42de95a9b26f1be134c8ecce389dc4fcfa18753d01661b7b361233569e8fe48;13;0
860;0xd42de95a9b26f1be134c8ecce389dc4fcfa18753d01661b7b361233569e8fe48;21;0
861;0xd42de95a9b26f1be134c8ecce389dc4fcfa18753d01661b7b361233569e8fe48;63;0
862;0xd42de95a9b26f1be134c8ecce389dc4fcfa18753d01661b7b361233569e8fe48;63;0
863;0xd42de95a9b26f1be134c8ecce389dc4fcfa18753d01661b7b361233569e8fe48;20;0
864;0xd42de95a9b26f1be134c8ecce389dc4fcfa18753d01661b7b361233569e8fe48;37;0
865;0xd42de95a9b26f1be134c8ecce389dc4fcfa18753d01661b7b361233569e8fe48;22;0
866;0xd42de95a9b26f1be134c8ecce389dc4fcfa18753d01661b7b361233569e8fe48;21;0
867;0xd42de95a9b26f1be134c8ecce389dc4fcfa18753d01661b7b361233569e8fe48;23;0
868;0xd42de95a9b26f1be134c8ecce389dc4fcfa18753d01661b7b361233569e8fe48;27;0
869;0xd42de95a9b26f1be134c8ecce389dc4fcfa18753d01661b7b361233569e8fe48;23;0
870;0xd42de95a9b26f1be134c8ecce389dc4fcfa18753d01661b7b361233569e8fe48;35;0
871;0xd42de95a9b26f1be134c8ecce389dc4fcfa18753d01661b7b361233569e8fe48;84;0
872;0xd42de95a9b26f1be134c8ecce389dc4fcfa18753d01661b7b361233569e8fe48;37;0
873;0xd42de95a9b26f1be134c8ecce389dc4fcfa18753d01661b7b361233569e8fe48;22;0
874;0xd42de95a9b26f1be134c8ecce389dc4fcfa18753d01661b7b361233569e8fe48;42;0
875;0xd42de95a9b26f1be134c8ecce389dc4fcfa18753d01661b7b361233569e8fe48;19;0
876;0xd42de95a9b26f1be134c8ecce389dc4fcfa18753d01661b7b361233569e8fe48;21;0
877;0xd42de95a9b26f1be134c8ecce389dc4fcfa18753d01661b7b361233569e8fe48;59;0
878;0xd42de95a9b26f1be134c8ecce389dc4fcfa18753d01661b7b361233569e8fe48;55;0
879;0xd42de95a9b26f1be134c8ecce389dc4fcfa18753d01661b7b361233569e8fe48;38;0
880;0xd42de95a9b26f1be134c8ecce389dc4fcfa18753d01661b7b361233569e8fe48;19;0
881;0xd42de95a9b26f1be134c8ecce389dc4fcfa18753d01661b7b361233569e8fe48;62;0
882;0xd42de95a9b26f1be134c8ecce389dc4fcfa18753d01661b7b361233569e8fe48;67;0
883;0xd42de95a9b26f1be134c8ecce389dc4fcfa18753d01661b7b361233569e8fe48;71;0
884;0xd42de95a9b26f1be134c8ecce389dc4fcfa18753d01661b7b361233569e8fe48;66;0
885;0xd42de95a9b26f1be134c8ecce389dc4fcfa18753d01661b7b361233569e8fe48;40;0
886;0xd42de95a9b26f1be134c8ecce389dc4fcfa18753d01661b7b361233569e8fe48;41;0
887;0xd42de95a9b26f1be134c8ecce389dc4fcfa18753d01661b7b361233569e8fe48;28;0
888;0xd42de95a9b26f1be134c8ecce389dc4fcfa18753d01661b7b361233569e8fe48;52;0
889;0xd42de95a9b26f1be134c8ecce389dc4fcfa18753d01661b7b361233569e8fe48;33;0
890;0xd42de95a9b26f1be134c8ecce389dc4fcfa18753d01661b7b361233569e8fe48;55;0
891;0xd42de95a9b26f1be134c8ecce389dc4fcfa18753d01661b7b361233569e8fe48;40;0
892;0xd42de95a9b26f1be134c8ecce389dc4fcfa18753d01661b7b361233569e8fe48;33;0
893;0xd42de95a9b26f1be134c8ecce389dc4fcfa18753d01661b7b361233569e8fe48;108;0
894;0xd42de95a9b26f1be134c8ecce389dc4fcfa18753d01661b7b361233569e8fe48;41;0
895;0xd42de95a9b26f1be134c8ecce389dc4fcfa18753d01661b7b361233569e8fe48;57;0
896;0xd42de95a9b26f1be134c8ecce389dc4fcfa18753d01661b7b361233569e8fe48;65;0
897;0xd42de95a9b26f1be134c8ecce389dc4fcfa18753d01661b7b361233569e8fe48;41;0
898;0xd42de95a9b26f1be134c8ecce389dc4fcfa18753d01661b7b361233569e8fe48;63;0
899;0xd42de95a9b26f1be134c8ecce389dc4fcfa18753d01661b7b361233569e8fe48;31;0
900;0xd42de95a9b26f1be134c8ecce389dc4fcfa18753d01661b7b361233569e8fe48;26;0
901;0xd42de95a9b26f1be134c8ecce389dc4fcfa18753d01661b7b361233569e8fe48;33;0
902;0xd42de95a9b26f1be134c8ecce389dc4fcfa18753d01661b7b361233569e8fe48;25;0
903;0xd42de95a9b26f1be134c8ecce389dc4fcfa18753d01661b7b361233569e8fe48;72;0
904;0xd42de95a9b26f1be134c8ecce389dc4fcfa18753d01661b7b361233569e8fe48;29;0
905;0xd42de95a9b26f1be134c8ecce389dc4fcfa18753d01661b7b361233569e8fe48;73;0
906;0xd42de95a9b26f1be134c8ecce389dc4fcfa18753d01661b7b361233569e8fe48;20;0
907;0xd42de95a9b26f1be134c8ecce389dc4fcfa18753d01661b7b361233569e8fe48;67;0
908;0xd42de95a9b26f1be134c8ecce389dc4fcfa18753d01661b7b361233569e8fe48;69;0
909;0xd42de95a9b26f1be134c8ecce389dc4fcfa18753d01661b7b361233569e8fe48;40;0
910;0xd42de95a9b26f1be134c8ecce389dc4fcfa18753d01661b7b361233569e8fe48;32;0
911;0xd42de95a9b26f1be134c8ecce389dc4fcfa18753d01661b7b361233569e8fe48;25;0
912;0xd42de95a9b26f1be134c8ecce389dc4fcfa18753d01661b7b361233569e8fe48;72;0
913;0xd42de95a9b26f1be134c8ecce389dc4fcfa18753d01661b7b361233569e8fe48;25;0
914;0xd42de95a9b26f1be134c8ecce389dc4fcfa18753d01661b7b361233569e8fe48;39;0
915;0xd42de95a9b26f1be134c8ecce389dc4fcfa18753d01661b7b361233569e8fe48;29;0
916;0xd42de95a9b26f1be134c8ecce389dc4fcfa18753d01661b7b361233569e8fe48;32;0
917;0xd42de95a9b26f1be134c8ecce389dc4fcfa18753d01661b7b361233569e8fe48;28;0
918;0xd42de95a9b26f1be134c8ecce389dc4fcfa18753d01661b7b361233569e8fe48;73;0
919;0xd42de95a9b26f1be134c8ecce389dc4fcfa18753d01661b7b361233569e8fe48;23;0
920;0xd42de95a9b26f1be134c8ecce389dc4fcfa18753d01661b7b361233569e8fe48;68;0
921;0xd42de95a9b26f1be134c8ecce389dc4fcfa18753d01661b7b361233569e8fe48;76;0
922;0xd42de95a9b26f1be134c8ecce389dc4fcfa18753d01661b7b361233569e8fe48;51;0
923;0xd42de95a9b26f1be134c8ecce389dc4fcfa18753d01661b7b361233569e8fe48;51;0
924;0xd42de95a9b26f1be134c8ecce389dc4fcfa18753d01661b7b361233569e8fe48;57;0
925;0xd42de95a9b26f1be134c8ecce389dc4fcfa18753d01661b7b361233569e8fe48;19;0
926;0xd42de95a9b26f1be134c8ecce389dc4fcfa18753d01661b7b361233569e8fe48;28;0
927;0xd42de95a9b26f1be134c8ecce389dc4fcfa18753d01661b7b361233569e8fe48;54;0
928;0xd42de95a9b26f1be134c8ecce389dc4fcfa18753d01661b7b361233569e8fe48;78;0
929;0xd42de95a9b26f1be134c8ecce389dc4fcfa18753d01661b7b361233569e8fe48;77;0
930;0xd42de95a9b26f1be134c8ecce389dc4fcfa18753d01661b7b361233569e8fe48;63;0
931;0xd42de95a9b26f1be134c8ecce389dc4fcfa18753d01661b7b361233569e8fe48;20;0
932;0xd42de95a9b26f1be134c8ecce389dc4fcfa18753d01661b7b361233569e8fe48;40;0
933;0xd42de95a9b26f1be134c8ecce389dc4fcfa18753d01661b7b361233569e8fe48;25;0
934;0xd42de95a9b26f1be134c8ecce389dc4fcfa18753d01661b7b361233569e8fe48;72;0
935;0xd42de95a9b26f1be134c8ecce389dc4fcfa18753d01661b7b361233569e8fe48;58;0
936;0xd42de95a9b26f1be134c8ecce389dc4fcfa18753d01661b7b361233569e8fe48;45;0
937;0xd42de95a9b26f1be134c8ecce389dc4fcfa18753d01661b7b361233569e8fe48;30;0
938;0xd42de95a9b26f1be134c8ecce389dc4fcfa18753d01661b7b361233569e8fe48;50;0
939;0xd42de95a9b26f1be134c8ecce389dc4fcfa18753d01661b7b361233569e8fe48;32;0
940;0xd42de95a9b26f1be134c8ecce389dc4fcfa18753d01661b7b361233569e8fe48;21;0
941;0xd42de95a9b26f1be134c8ecce389dc4fcfa18753d01661b7b361233569e8fe48;65;0
942;0xd42de95a9b26f1be134c8ecce389dc4fcfa18753d01661b7b361233569e8fe48;47;0
943;0xd42de95a9b26f1be134c8ecce389dc4fcfa18753d01661b7b361233569e8fe48;41;0
944;0xd42de95a9b26f1be134c8ecce389dc4fcfa18753d01661b7b361233569e8fe48;21;0
945;0xd42de95a9b26f1be134c8ecce389dc4fcfa18753d01661b7b361233569e8fe48;197;0
946;0xd42de95a9b26f1be134c8ecce389dc4fcfa18753d01661b7b361233569e8fe48;38;0
947;0xd42de95a9b26f1be134c8ecce389dc4fcfa18753d01661b7b361233569e8fe48;36;0
948;0xd42de95a9b26f1be134c8ecce389dc4fcfa18753d01661b7b361233569e8fe48;37;0
949;0xd42de95a9b26f1be134c8ecce389dc4fcfa18753d01661b7b361233569e8fe48;137;0
950;0xd42de95a9b26f1be134c8ecce389dc4fcfa18753d01661b7b361233569e8fe48;39;0
951;0xd42de95a9b26f1be134c8ecce389dc4fcfa18753d01661b7b361233569e8fe48;28;0
952;0xd42de95a9b26f1be134c8ecce389dc4fcfa18753d01661b7b361233569e8fe48;25;0
953;0xd42de95a9b26f1be134c8ecce389dc4fcfa18753d01661b7b361233569e8fe48;23;0
954;0xd42de95a9b26f1be134c8ecce389dc4fcfa18753d01661b7b361233569e8fe48;31;0
955;0xd42de95a9b26f1be134c8ecce389dc4fcfa18753d01661b7b361233569e8fe48;37;0
956;0xd42de95a9b26f1be134c8ecce389dc4fcfa18753d01661b7b361233569e8fe48;66;0
957;0xd42de95a9b26f1be134c8ecce389dc4fcfa18753d01661b7b361233569e8fe48;38;0
958;0xd42de95a9b26f1be134c8ecce389dc4fcfa18753d01661b7b361233569e8fe48;64;0
959;0xd42de95a9b26f1be134c8ecce389dc4fcfa18753d01661b7b361233569e8fe48;69;0
960;0xd42de95a9b26f1be134c8ecce389dc4fcfa18753d01661b7b361233569e8fe48;66;0
961;0xd42de95a9b26f1be134c8ecce389dc4fcfa18753d01661b7b361233569e8fe48;98;0
962;0xd42de95a9b26f1be134c8ecce389dc4fcfa18753d01661b7b361233569e8fe48;67;0
963;0xd42de95a9b26f1be134c8ecce389dc4fcfa18753d01661b7b361233569e8fe48;41;0
964;0xd42de95a9b26f1be134c8ecce389dc4fcfa18753d01661b7b361233569e8fe48;42;0
965;0xd42de95a9b26f1be134c8ecce389dc4fcfa18753d01661b7b361233569e8fe48;70;0
966;0xd42de95a9b26f1be134c8ecce389dc4fcfa18753d01661b7b361233569e8fe48;66;0
967;0xd42de95a9b26f1be134c8ecce389dc4fcfa18753d01661b7b361233569e8fe48;46;0
968;0xd42de95a9b26f1be134c8ecce389dc4fcfa18753d01661b7b361233569e8fe48;88;0
969;0xd42de95a9b26f1be134c8ecce389dc4fcfa18753d01661b7b361233569e8fe48;36;0
970;0xd42de95a9b26f1be134c8ecce389dc4fcfa18753d01661b7b361233569e8fe48;42;0
971;0xd42de95a9b26f1be134c8ecce389dc4fcfa18753d01661b7b361233569e8fe48;33;0
972;0xd42de95a9b26f1be134c8ecce389dc4fcfa18753d01661b7b361233569e8fe48;52;0
973;0xd42de95a9b26f1be134c8ecce389dc4fcfa18753d01661b7b361233569e8fe48;69;0
974;0xd42de95a9b26f1be134c8ecce389dc4fcfa18753d01661b7b361233569e8fe48;46;0
975;0xd42de95a9b26f1be134c8ecce389dc4fcfa18753d01661b7b361233569e8fe48;80;0
976;0xd42de95a9b26f1be134c8ecce389dc4fcfa18753d01661b7b361233569e8fe48;43;0
977;0xd42de95a9b26f1be134c8ecce389dc4fcfa18753d01661b7b361233569e8fe48;48;0
978;0xd42de95a9b26f1be134c8ecce389dc4fcfa18753d01661b7b361233569e8fe48;31;0
979;0xd42de95a9b26f1be134c8ecce389dc4fcfa18753d01661b7b361233569e8fe48;41;0
980;0xd42de95a9b26f1be134c8ecce389dc4fcfa18753d01661b7b361233569e8fe48;21;0
981;0xd42de95a9b26f1be134c8ecce389dc4fcfa18753d01661b7b361233569e8fe48;25;0
982;0xd42de95a9b26f1be134c8ecce389dc4fcfa18753d01661b7b361233569e8fe48;56;0
983;0xd42de95a9b26f1be134c8ecce389dc4fcfa18753d01661b7b361233569e8fe48;24;0
984;0xd42de95a9b26f1be134c8ecce389dc4fcfa18753d01661b7b361233569e8fe48;45;0
985;0xd42de95a9b26f1be134c8ecce389dc4fcfa18753d01661b7b361233569e8fe48;47;0
986;0xd42de95a9b26f1be134c8ecce389dc4fcfa18753d01661b7b361233569e8fe48;45;0
987;0xd42de95a9b26f1be134c8ecce389dc4fcfa18753d01661b7b361233569e8fe48;20;0
988;0xd42de95a9b26f1be134c8ecce389dc4fcfa18753d01661b7b361233569e8fe48;52;0
989;0xd42de95a9b26f1be134c8ecce389dc4fcfa18753d01661b7b361233569e8fe48;28;0
990;0xd42de95a9b26f1be134c8ecce389dc4fcfa18753d01661b7b361233569e8fe48;40;0
991;0xd42de95a9b26f1be134c8ecce389dc4fcfa18753d01661b7b361233569e8fe48;66;0
992;0xd42de95a9b26f1be134c8ecce389dc4fcfa18753d01661b7b361233569e8fe48;42;0
993;0xd42de95a9b26f1be134c8ecce389dc4fcfa18753d01661b7b361233569e8fe48;33;0
994;0xd42de95a9b26f1be134c8ecce389dc4fcfa18753d01661b7b361233569e8fe48;45;0
995;0xd42de95a9b26f1be134c8ecce389dc4fcfa18753d01661b7b361233569e8fe48;20;0
996;0xd42de95a9b26f1be134c8ecce389dc4fcfa18753d01661b7b361233569e8fe48;64;0
997;0xd42de95a9b26f1be134c8ecce389dc4fcfa18753d01661b7b361233569e8fe48;43;0
998;0xd42de95a9b26f1be134c8ecce389dc4fcfa18753d01661b7b361233569e8fe48;45;0
999;0xd42de95a9b26f1be134c8ecce389dc4fcfa18753d01661b7b361233569e8fe48;63;0
