ID;Event;Duration;Pattern Duration
0;0x25d9ba23b0ca0ee654810c300fb909ccd157284b6d6f5b1b78a47bfa04771243;60;0
1;0x25d9ba23b0ca0ee654810c300fb909ccd157284b6d6f5b1b78a47bfa04771243;58;0
2;0x25d9ba23b0ca0ee654810c300fb909ccd157284b6d6f5b1b78a47bfa04771243;59;0
3;0x25d9ba23b0ca0ee654810c300fb909ccd157284b6d6f5b1b78a47bfa04771243;60;0
4;0x25d9ba23b0ca0ee654810c300fb909ccd157284b6d6f5b1b78a47bfa04771243;62;0
5;0x25d9ba23b0ca0ee654810c300fb909ccd157284b6d6f5b1b78a47bfa04771243;59;0
6;0x25d9ba23b0ca0ee654810c300fb909ccd157284b6d6f5b1b78a47bfa04771243;59;0
7;0x25d9ba23b0ca0ee654810c300fb909ccd157284b6d6f5b1b78a47bfa04771243;60;0
8;0x25d9ba23b0ca0ee654810c300fb909ccd157284b6d6f5b1b78a47bfa04771243;60;0
9;0x25d9ba23b0ca0ee654810c300fb909ccd157284b6d6f5b1b78a47bfa04771243;55;0
10;0x25d9ba23b0ca0ee654810c300fb909ccd157284b6d6f5b1b78a47bfa04771243;59;0
11;0x25d9ba23b0ca0ee654810c300fb909ccd157284b6d6f5b1b78a47bfa04771243;60;0
12;0x25d9ba23b0ca0ee654810c300fb909ccd157284b6d6f5b1b78a47bfa04771243;59;0
13;0x25d9ba23b0ca0ee654810c300fb909ccd157284b6d6f5b1b78a47bfa04771243;59;0
14;0x25d9ba23b0ca0ee654810c300fb909ccd157284b6d6f5b1b78a47bfa04771243;61;0
15;0x25d9ba23b0ca0ee654810c300fb909ccd157284b6d6f5b1b78a47bfa04771243;59;0
16;0x25d9ba23b0ca0ee654810c300fb909ccd157284b6d6f5b1b78a47bfa04771243;60;0
17;0x25d9ba23b0ca0ee654810c300fb909ccd157284b6d6f5b1b78a47bfa04771243;70;0
18;0x25d9ba23b0ca0ee654810c300fb909ccd157284b6d6f5b1b78a47bfa04771243;61;0
19;0x25d9ba23b0ca0ee654810c300fb909ccd157284b6d6f5b1b78a47bfa04771243;60;0
20;0x25d9ba23b0ca0ee654810c300fb909ccd157284b6d6f5b1b78a47bfa04771243;57;0
21;0x25d9ba23b0ca0ee654810c300fb909ccd157284b6d6f5b1b78a47bfa04771243;58;0
22;0x25d9ba23b0ca0ee654810c300fb909ccd157284b6d6f5b1b78a47bfa04771243;58;0
23;0x25d9ba23b0ca0ee654810c300fb909ccd157284b6d6f5b1b78a47bfa04771243;58;0
24;0x25d9ba23b0ca0ee654810c300fb909ccd157284b6d6f5b1b78a47bfa04771243;60;0
25;0x25d9ba23b0ca0ee654810c300fb909ccd157284b6d6f5b1b78a47bfa04771243;59;0
26;0x25d9ba23b0ca0ee654810c300fb909ccd157284b6d6f5b1b78a47bfa04771243;59;0
27;0x25d9ba23b0ca0ee654810c300fb909ccd157284b6d6f5b1b78a47bfa04771243;57;0
28;0x25d9ba23b0ca0ee654810c300fb909ccd157284b6d6f5b1b78a47bfa04771243;59;0
29;0x25d9ba23b0ca0ee654810c300fb909ccd157284b6d6f5b1b78a47bfa04771243;56;0
30;0x25d9ba23b0ca0ee654810c300fb909ccd157284b6d6f5b1b78a47bfa04771243;58;0
31;0x25d9ba23b0ca0ee654810c300fb909ccd157284b6d6f5b1b78a47bfa04771243;60;0
32;0x25d9ba23b0ca0ee654810c300fb909ccd157284b6d6f5b1b78a47bfa04771243;59;0
33;0x25d9ba23b0ca0ee654810c300fb909ccd157284b6d6f5b1b78a47bfa04771243;59;0
34;0x25d9ba23b0ca0ee654810c300fb909ccd157284b6d6f5b1b78a47bfa04771243;59;0
35;0x25d9ba23b0ca0ee654810c300fb909ccd157284b6d6f5b1b78a47bfa04771243;60;0
36;0x25d9ba23b0ca0ee654810c300fb909ccd157284b6d6f5b1b78a47bfa04771243;60;0
37;0x25d9ba23b0ca0ee654810c300fb909ccd157284b6d6f5b1b78a47bfa04771243;59;0
38;0x25d9ba23b0ca0ee654810c300fb909ccd157284b6d6f5b1b78a47bfa04771243;76;0
39;0x25d9ba23b0ca0ee654810c300fb909ccd157284b6d6f5b1b78a47bfa04771243;61;0
40;0x25d9ba23b0ca0ee654810c300fb909ccd157284b6d6f5b1b78a47bfa04771243;60;0
41;0x25d9ba23b0ca0ee654810c300fb909ccd157284b6d6f5b1b78a47bfa04771243;60;0
42;0x25d9ba23b0ca0ee654810c300fb909ccd157284b6d6f5b1b78a47bfa04771243;60;0
43;0x25d9ba23b0ca0ee654810c300fb909ccd157284b6d6f5b1b78a47bfa04771243;60;0
44;0x25d9ba23b0ca0ee654810c300fb909ccd157284b6d6f5b1b78a47bfa04771243;73;0
45;0x25d9ba23b0ca0ee654810c300fb909ccd157284b6d6f5b1b78a47bfa04771243;60;0
46;0x25d9ba23b0ca0ee654810c300fb909ccd157284b6d6f5b1b78a47bfa04771243;58;0
47;0x25d9ba23b0ca0ee654810c300fb909ccd157284b6d6f5b1b78a47bfa04771243;59;0
48;0x25d9ba23b0ca0ee654810c300fb909ccd157284b6d6f5b1b78a47bfa04771243;59;0
49;0x25d9ba23b0ca0ee654810c300fb909ccd157284b6d6f5b1b78a47bfa04771243;60;0
50;0x25d9ba23b0ca0ee654810c300fb909ccd157284b6d6f5b1b78a47bfa04771243;58;0
51;0x25d9ba23b0ca0ee654810c300fb909ccd157284b6d6f5b1b78a47bfa04771243;59;0
52;0x25d9ba23b0ca0ee654810c300fb909ccd157284b6d6f5b1b78a47bfa04771243;61;0
53;0x25d9ba23b0ca0ee654810c300fb909ccd157284b6d6f5b1b78a47bfa04771243;60;0
54;0x25d9ba23b0ca0ee654810c300fb909ccd157284b6d6f5b1b78a47bfa04771243;60;0
55;0x25d9ba23b0ca0ee654810c300fb909ccd157284b6d6f5b1b78a47bfa04771243;57;0
56;0x25d9ba23b0ca0ee654810c300fb909ccd157284b6d6f5b1b78a47bfa04771243;58;0
57;0x25d9ba23b0ca0ee654810c300fb909ccd157284b6d6f5b1b78a47bfa04771243;58;0
58;0x25d9ba23b0ca0ee654810c300fb909ccd157284b6d6f5b1b78a47bfa04771243;60;0
59;0x25d9ba23b0ca0ee654810c300fb909ccd157284b6d6f5b1b78a47bfa04771243;68;0
60;0x25d9ba23b0ca0ee654810c300fb909ccd157284b6d6f5b1b78a47bfa04771243;61;0
61;0x25d9ba23b0ca0ee654810c300fb909ccd157284b6d6f5b1b78a47bfa04771243;61;0
62;0x25d9ba23b0ca0ee654810c300fb909ccd157284b6d6f5b1b78a47bfa04771243;57;0
63;0x25d9ba23b0ca0ee654810c300fb909ccd157284b6d6f5b1b78a47bfa04771243;62;0
64;0x25d9ba23b0ca0ee654810c300fb909ccd157284b6d6f5b1b78a47bfa04771243;52;0
65;0x25d9ba23b0ca0ee654810c300fb909ccd157284b6d6f5b1b78a47bfa04771243;51;0
66;0x25d9ba23b0ca0ee654810c300fb909ccd157284b6d6f5b1b78a47bfa04771243;52;0
67;0x25d9ba23b0ca0ee654810c300fb909ccd157284b6d6f5b1b78a47bfa04771243;54;0
68;0x25d9ba23b0ca0ee654810c300fb909ccd157284b6d6f5b1b78a47bfa04771243;52;0
69;0x25d9ba23b0ca0ee654810c300fb909ccd157284b6d6f5b1b78a47bfa04771243;52;0
70;0x25d9ba23b0ca0ee654810c300fb909ccd157284b6d6f5b1b78a47bfa04771243;52;0
71;0x25d9ba23b0ca0ee654810c300fb909ccd157284b6d6f5b1b78a47bfa04771243;52;0
72;0x25d9ba23b0ca0ee654810c300fb909ccd157284b6d6f5b1b78a47bfa04771243;52;0
73;0x25d9ba23b0ca0ee654810c300fb909ccd157284b6d6f5b1b78a47bfa04771243;53;0
74;0x25d9ba23b0ca0ee654810c300fb909ccd157284b6d6f5b1b78a47bfa04771243;52;0
75;0x25d9ba23b0ca0ee654810c300fb909ccd157284b6d6f5b1b78a47bfa04771243;52;0
76;0x25d9ba23b0ca0ee654810c300fb909ccd157284b6d6f5b1b78a47bfa04771243;54;0
77;0x25d9ba23b0ca0ee654810c300fb909ccd157284b6d6f5b1b78a47bfa04771243;53;0
78;0x25d9ba23b0ca0ee654810c300fb909ccd157284b6d6f5b1b78a47bfa04771243;52;0
79;0x25d9ba23b0ca0ee654810c300fb909ccd157284b6d6f5b1b78a47bfa04771243;54;0
80;0x25d9ba23b0ca0ee654810c300fb909ccd157284b6d6f5b1b78a47bfa04771243;53;0
81;0x25d9ba23b0ca0ee654810c300fb909ccd157284b6d6f5b1b78a47bfa04771243;53;0
82;0x25d9ba23b0ca0ee654810c300fb909ccd157284b6d6f5b1b78a47bfa04771243;51;0
83;0x25d9ba23b0ca0ee654810c300fb909ccd157284b6d6f5b1b78a47bfa04771243;51;0
84;0x25d9ba23b0ca0ee654810c300fb909ccd157284b6d6f5b1b78a47bfa04771243;53;0
85;0x25d9ba23b0ca0ee654810c300fb909ccd157284b6d6f5b1b78a47bfa04771243;53;0
86;0x25d9ba23b0ca0ee654810c300fb909ccd157284b6d6f5b1b78a47bfa04771243;53;0
87;0x25d9ba23b0ca0ee654810c300fb909ccd157284b6d6f5b1b78a47bfa04771243;54;0
88;0x25d9ba23b0ca0ee654810c300fb909ccd157284b6d6f5b1b78a47bfa04771243;51;0
89;0x25d9ba23b0ca0ee654810c300fb909ccd157284b6d6f5b1b78a47bfa04771243;50;0
90;0x25d9ba23b0ca0ee654810c300fb909ccd157284b6d6f5b1b78a47bfa04771243;51;0
91;0x25d9ba23b0ca0ee654810c300fb909ccd157284b6d6f5b1b78a47bfa04771243;51;0
92;0x25d9ba23b0ca0ee654810c300fb909ccd157284b6d6f5b1b78a47bfa04771243;51;0
93;0x25d9ba23b0ca0ee654810c300fb909ccd157284b6d6f5b1b78a47bfa04771243;51;0
94;0x25d9ba23b0ca0ee654810c300fb909ccd157284b6d6f5b1b78a47bfa04771243;51;0
95;0x25d9ba23b0ca0ee654810c300fb909ccd157284b6d6f5b1b78a47bfa04771243;52;0
96;0x25d9ba23b0ca0ee654810c300fb909ccd157284b6d6f5b1b78a47bfa04771243;51;0
97;0x25d9ba23b0ca0ee654810c300fb909ccd157284b6d6f5b1b78a47bfa04771243;51;0
98;0x25d9ba23b0ca0ee654810c300fb909ccd157284b6d6f5b1b78a47bfa04771243;51;0
99;0x25d9ba23b0ca0ee654810c300fb909ccd157284b6d6f5b1b78a47bfa04771243;52;0
100;0x25d9ba23b0ca0ee654810c300fb909ccd157284b6d6f5b1b78a47bfa04771243;49;0
101;0x25d9ba23b0ca0ee654810c300fb909ccd157284b6d6f5b1b78a47bfa04771243;53;0
102;0x25d9ba23b0ca0ee654810c300fb909ccd157284b6d6f5b1b78a47bfa04771243;51;0
103;0x25d9ba23b0ca0ee654810c300fb909ccd157284b6d6f5b1b78a47bfa04771243;52;0
104;0x25d9ba23b0ca0ee654810c300fb909ccd157284b6d6f5b1b78a47bfa04771243;52;0
105;0x25d9ba23b0ca0ee654810c300fb909ccd157284b6d6f5b1b78a47bfa04771243;51;0
106;0x25d9ba23b0ca0ee654810c300fb909ccd157284b6d6f5b1b78a47bfa04771243;52;0
107;0x25d9ba23b0ca0ee654810c300fb909ccd157284b6d6f5b1b78a47bfa04771243;54;0
108;0x25d9ba23b0ca0ee654810c300fb909ccd157284b6d6f5b1b78a47bfa04771243;51;0
109;0x25d9ba23b0ca0ee654810c300fb909ccd157284b6d6f5b1b78a47bfa04771243;52;0
110;0x25d9ba23b0ca0ee654810c300fb909ccd157284b6d6f5b1b78a47bfa04771243;51;0
111;0x25d9ba23b0ca0ee654810c300fb909ccd157284b6d6f5b1b78a47bfa04771243;52;0
112;0x25d9ba23b0ca0ee654810c300fb909ccd157284b6d6f5b1b78a47bfa04771243;51;0
113;0x25d9ba23b0ca0ee654810c300fb909ccd157284b6d6f5b1b78a47bfa04771243;51;0
114;0x25d9ba23b0ca0ee654810c300fb909ccd157284b6d6f5b1b78a47bfa04771243;53;0
115;0x25d9ba23b0ca0ee654810c300fb909ccd157284b6d6f5b1b78a47bfa04771243;52;0
116;0x25d9ba23b0ca0ee654810c300fb909ccd157284b6d6f5b1b78a47bfa04771243;51;0
117;0x25d9ba23b0ca0ee654810c300fb909ccd157284b6d6f5b1b78a47bfa04771243;51;0
118;0x25d9ba23b0ca0ee654810c300fb909ccd157284b6d6f5b1b78a47bfa04771243;52;0
119;0x25d9ba23b0ca0ee654810c300fb909ccd157284b6d6f5b1b78a47bfa04771243;53;0
120;0x25d9ba23b0ca0ee654810c300fb909ccd157284b6d6f5b1b78a47bfa04771243;55;0
121;0x25d9ba23b0ca0ee654810c300fb909ccd157284b6d6f5b1b78a47bfa04771243;54;0
122;0x25d9ba23b0ca0ee654810c300fb909ccd157284b6d6f5b1b78a47bfa04771243;51;0
123;0x25d9ba23b0ca0ee654810c300fb909ccd157284b6d6f5b1b78a47bfa04771243;51;0
124;0x25d9ba23b0ca0ee654810c300fb909ccd157284b6d6f5b1b78a47bfa04771243;52;0
125;0x25d9ba23b0ca0ee654810c300fb909ccd157284b6d6f5b1b78a47bfa04771243;49;0
126;0x25d9ba23b0ca0ee654810c300fb909ccd157284b6d6f5b1b78a47bfa04771243;51;0
127;0x25d9ba23b0ca0ee654810c300fb909ccd157284b6d6f5b1b78a47bfa04771243;53;0
128;0x25d9ba23b0ca0ee654810c300fb909ccd157284b6d6f5b1b78a47bfa04771243;51;0
129;0x25d9ba23b0ca0ee654810c300fb909ccd157284b6d6f5b1b78a47bfa04771243;50;0
130;0x25d9ba23b0ca0ee654810c300fb909ccd157284b6d6f5b1b78a47bfa04771243;52;0
131;0x25d9ba23b0ca0ee654810c300fb909ccd157284b6d6f5b1b78a47bfa04771243;50;0
132;0x25d9ba23b0ca0ee654810c300fb909ccd157284b6d6f5b1b78a47bfa04771243;54;0
133;0x25d9ba23b0ca0ee654810c300fb909ccd157284b6d6f5b1b78a47bfa04771243;52;0
134;0x25d9ba23b0ca0ee654810c300fb909ccd157284b6d6f5b1b78a47bfa04771243;50;0
135;0x25d9ba23b0ca0ee654810c300fb909ccd157284b6d6f5b1b78a47bfa04771243;50;0
136;0x25d9ba23b0ca0ee654810c300fb909ccd157284b6d6f5b1b78a47bfa04771243;52;0
137;0x25d9ba23b0ca0ee654810c300fb909ccd157284b6d6f5b1b78a47bfa04771243;52;0
138;0x25d9ba23b0ca0ee654810c300fb909ccd157284b6d6f5b1b78a47bfa04771243;51;0
139;0x25d9ba23b0ca0ee654810c300fb909ccd157284b6d6f5b1b78a47bfa04771243;53;0
140;0x25d9ba23b0ca0ee654810c300fb909ccd157284b6d6f5b1b78a47bfa04771243;51;0
141;0x25d9ba23b0ca0ee654810c300fb909ccd157284b6d6f5b1b78a47bfa04771243;51;0
142;0x25d9ba23b0ca0ee654810c300fb909ccd157284b6d6f5b1b78a47bfa04771243;53;0
143;0x25d9ba23b0ca0ee654810c300fb909ccd157284b6d6f5b1b78a47bfa04771243;52;0
144;0x25d9ba23b0ca0ee654810c300fb909ccd157284b6d6f5b1b78a47bfa04771243;52;0
145;0x25d9ba23b0ca0ee654810c300fb909ccd157284b6d6f5b1b78a47bfa04771243;52;0
146;0x25d9ba23b0ca0ee654810c300fb909ccd157284b6d6f5b1b78a47bfa04771243;52;0
147;0x25d9ba23b0ca0ee654810c300fb909ccd157284b6d6f5b1b78a47bfa04771243;54;0
148;0x25d9ba23b0ca0ee654810c300fb909ccd157284b6d6f5b1b78a47bfa04771243;55;0
149;0x25d9ba23b0ca0ee654810c300fb909ccd157284b6d6f5b1b78a47bfa04771243;55;0
150;0x25d9ba23b0ca0ee654810c300fb909ccd157284b6d6f5b1b78a47bfa04771243;52;0
151;0x25d9ba23b0ca0ee654810c300fb909ccd157284b6d6f5b1b78a47bfa04771243;57;0
152;0x25d9ba23b0ca0ee654810c300fb909ccd157284b6d6f5b1b78a47bfa04771243;51;0
153;0x25d9ba23b0ca0ee654810c300fb909ccd157284b6d6f5b1b78a47bfa04771243;54;0
154;0x25d9ba23b0ca0ee654810c300fb909ccd157284b6d6f5b1b78a47bfa04771243;54;0
155;0x25d9ba23b0ca0ee654810c300fb909ccd157284b6d6f5b1b78a47bfa04771243;52;0
156;0x25d9ba23b0ca0ee654810c300fb909ccd157284b6d6f5b1b78a47bfa04771243;53;0
157;0x25d9ba23b0ca0ee654810c300fb909ccd157284b6d6f5b1b78a47bfa04771243;54;0
158;0x25d9ba23b0ca0ee654810c300fb909ccd157284b6d6f5b1b78a47bfa04771243;53;0
159;0x25d9ba23b0ca0ee654810c300fb909ccd157284b6d6f5b1b78a47bfa04771243;50;0
160;0x25d9ba23b0ca0ee654810c300fb909ccd157284b6d6f5b1b78a47bfa04771243;51;0
161;0x25d9ba23b0ca0ee654810c300fb909ccd157284b6d6f5b1b78a47bfa04771243;52;0
162;0x25d9ba23b0ca0ee654810c300fb909ccd157284b6d6f5b1b78a47bfa04771243;52;0
163;0x25d9ba23b0ca0ee654810c300fb909ccd157284b6d6f5b1b78a47bfa04771243;52;0
164;0x25d9ba23b0ca0ee654810c300fb909ccd157284b6d6f5b1b78a47bfa04771243;54;0
165;0x25d9ba23b0ca0ee654810c300fb909ccd157284b6d6f5b1b78a47bfa04771243;57;0
166;0x25d9ba23b0ca0ee654810c300fb909ccd157284b6d6f5b1b78a47bfa04771243;52;0
167;0x25d9ba23b0ca0ee654810c300fb909ccd157284b6d6f5b1b78a47bfa04771243;54;0
168;0x25d9ba23b0ca0ee654810c300fb909ccd157284b6d6f5b1b78a47bfa04771243;53;0
169;0x25d9ba23b0ca0ee654810c300fb909ccd157284b6d6f5b1b78a47bfa04771243;51;0
170;0x25d9ba23b0ca0ee654810c300fb909ccd157284b6d6f5b1b78a47bfa04771243;54;0
171;0x25d9ba23b0ca0ee654810c300fb909ccd157284b6d6f5b1b78a47bfa04771243;52;0
172;0x25d9ba23b0ca0ee654810c300fb909ccd157284b6d6f5b1b78a47bfa04771243;58;0
173;0x25d9ba23b0ca0ee654810c300fb909ccd157284b6d6f5b1b78a47bfa04771243;51;0
174;0x25d9ba23b0ca0ee654810c300fb909ccd157284b6d6f5b1b78a47bfa04771243;50;0
175;0x25d9ba23b0ca0ee654810c300fb909ccd157284b6d6f5b1b78a47bfa04771243;54;0
176;0x25d9ba23b0ca0ee654810c300fb909ccd157284b6d6f5b1b78a47bfa04771243;52;0
177;0x25d9ba23b0ca0ee654810c300fb909ccd157284b6d6f5b1b78a47bfa04771243;54;0
178;0x25d9ba23b0ca0ee654810c300fb909ccd157284b6d6f5b1b78a47bfa04771243;52;0
179;0x25d9ba23b0ca0ee654810c300fb909ccd157284b6d6f5b1b78a47bfa04771243;53;0
180;0x25d9ba23b0ca0ee654810c300fb909ccd157284b6d6f5b1b78a47bfa04771243;52;0
181;0x25d9ba23b0ca0ee654810c300fb909ccd157284b6d6f5b1b78a47bfa04771243;52;0
182;0x25d9ba23b0ca0ee654810c300fb909ccd157284b6d6f5b1b78a47bfa04771243;56;0
183;0x25d9ba23b0ca0ee654810c300fb909ccd157284b6d6f5b1b78a47bfa04771243;52;0
184;0x25d9ba23b0ca0ee654810c300fb909ccd157284b6d6f5b1b78a47bfa04771243;52;0
185;0x25d9ba23b0ca0ee654810c300fb909ccd157284b6d6f5b1b78a47bfa04771243;52;0
186;0x25d9ba23b0ca0ee654810c300fb909ccd157284b6d6f5b1b78a47bfa04771243;55;0
187;0x25d9ba23b0ca0ee654810c300fb909ccd157284b6d6f5b1b78a47bfa04771243;54;0
188;0x25d9ba23b0ca0ee654810c300fb909ccd157284b6d6f5b1b78a47bfa04771243;52;0
189;0x25d9ba23b0ca0ee654810c300fb909ccd157284b6d6f5b1b78a47bfa04771243;53;0
190;0x25d9ba23b0ca0ee654810c300fb909ccd157284b6d6f5b1b78a47bfa04771243;53;0
191;0x25d9ba23b0ca0ee654810c300fb909ccd157284b6d6f5b1b78a47bfa04771243;53;0
192;0x25d9ba23b0ca0ee654810c300fb909ccd157284b6d6f5b1b78a47bfa04771243;52;0
193;0x25d9ba23b0ca0ee654810c300fb909ccd157284b6d6f5b1b78a47bfa04771243;53;0
194;0x25d9ba23b0ca0ee654810c300fb909ccd157284b6d6f5b1b78a47bfa04771243;53;0
195;0x25d9ba23b0ca0ee654810c300fb909ccd157284b6d6f5b1b78a47bfa04771243;53;0
196;0x25d9ba23b0ca0ee654810c300fb909ccd157284b6d6f5b1b78a47bfa04771243;52;0
197;0x25d9ba23b0ca0ee654810c300fb909ccd157284b6d6f5b1b78a47bfa04771243;51;0
198;0x25d9ba23b0ca0ee654810c300fb909ccd157284b6d6f5b1b78a47bfa04771243;55;0
199;0x25d9ba23b0ca0ee654810c300fb909ccd157284b6d6f5b1b78a47bfa04771243;50;0
200;0x25d9ba23b0ca0ee654810c300fb909ccd157284b6d6f5b1b78a47bfa04771243;52;0
201;0x25d9ba23b0ca0ee654810c300fb909ccd157284b6d6f5b1b78a47bfa04771243;51;0
202;0x25d9ba23b0ca0ee654810c300fb909ccd157284b6d6f5b1b78a47bfa04771243;52;0
203;0x25d9ba23b0ca0ee654810c300fb909ccd157284b6d6f5b1b78a47bfa04771243;52;0
204;0x25d9ba23b0ca0ee654810c300fb909ccd157284b6d6f5b1b78a47bfa04771243;52;0
205;0x25d9ba23b0ca0ee654810c300fb909ccd157284b6d6f5b1b78a47bfa04771243;51;0
206;0x25d9ba23b0ca0ee654810c300fb909ccd157284b6d6f5b1b78a47bfa04771243;52;0
207;0x25d9ba23b0ca0ee654810c300fb909ccd157284b6d6f5b1b78a47bfa04771243;52;0
208;0x25d9ba23b0ca0ee654810c300fb909ccd157284b6d6f5b1b78a47bfa04771243;53;0
209;0x25d9ba23b0ca0ee654810c300fb909ccd157284b6d6f5b1b78a47bfa04771243;52;0
210;0x25d9ba23b0ca0ee654810c300fb909ccd157284b6d6f5b1b78a47bfa04771243;51;0
211;0x25d9ba23b0ca0ee654810c300fb909ccd157284b6d6f5b1b78a47bfa04771243;52;0
212;0x25d9ba23b0ca0ee654810c300fb909ccd157284b6d6f5b1b78a47bfa04771243;51;0
213;0x25d9ba23b0ca0ee654810c300fb909ccd157284b6d6f5b1b78a47bfa04771243;50;0
214;0x25d9ba23b0ca0ee654810c300fb909ccd157284b6d6f5b1b78a47bfa04771243;53;0
215;0x25d9ba23b0ca0ee654810c300fb909ccd157284b6d6f5b1b78a47bfa04771243;52;0
216;0x25d9ba23b0ca0ee654810c300fb909ccd157284b6d6f5b1b78a47bfa04771243;53;0
217;0x25d9ba23b0ca0ee654810c300fb909ccd157284b6d6f5b1b78a47bfa04771243;56;0
218;0x25d9ba23b0ca0ee654810c300fb909ccd157284b6d6f5b1b78a47bfa04771243;52;0
219;0x25d9ba23b0ca0ee654810c300fb909ccd157284b6d6f5b1b78a47bfa04771243;53;0
220;0x25d9ba23b0ca0ee654810c300fb909ccd157284b6d6f5b1b78a47bfa04771243;52;0
221;0x25d9ba23b0ca0ee654810c300fb909ccd157284b6d6f5b1b78a47bfa04771243;51;0
222;0x25d9ba23b0ca0ee654810c300fb909ccd157284b6d6f5b1b78a47bfa04771243;53;0
223;0x25d9ba23b0ca0ee654810c300fb909ccd157284b6d6f5b1b78a47bfa04771243;52;0
224;0x25d9ba23b0ca0ee654810c300fb909ccd157284b6d6f5b1b78a47bfa04771243;53;0
225;0x25d9ba23b0ca0ee654810c300fb909ccd157284b6d6f5b1b78a47bfa04771243;52;0
226;0x25d9ba23b0ca0ee654810c300fb909ccd157284b6d6f5b1b78a47bfa04771243;51;0
227;0x25d9ba23b0ca0ee654810c300fb909ccd157284b6d6f5b1b78a47bfa04771243;50;0
228;0x25d9ba23b0ca0ee654810c300fb909ccd157284b6d6f5b1b78a47bfa04771243;50;0
229;0x25d9ba23b0ca0ee654810c300fb909ccd157284b6d6f5b1b78a47bfa04771243;52;0
230;0x25d9ba23b0ca0ee654810c300fb909ccd157284b6d6f5b1b78a47bfa04771243;52;0
231;0x25d9ba23b0ca0ee654810c300fb909ccd157284b6d6f5b1b78a47bfa04771243;54;0
232;0x25d9ba23b0ca0ee654810c300fb909ccd157284b6d6f5b1b78a47bfa04771243;51;0
233;0x25d9ba23b0ca0ee654810c300fb909ccd157284b6d6f5b1b78a47bfa04771243;53;0
234;0x25d9ba23b0ca0ee654810c300fb909ccd157284b6d6f5b1b78a47bfa04771243;52;0
235;0x25d9ba23b0ca0ee654810c300fb909ccd157284b6d6f5b1b78a47bfa04771243;50;0
236;0x25d9ba23b0ca0ee654810c300fb909ccd157284b6d6f5b1b78a47bfa04771243;52;0
237;0x25d9ba23b0ca0ee654810c300fb909ccd157284b6d6f5b1b78a47bfa04771243;53;0
238;0x25d9ba23b0ca0ee654810c300fb909ccd157284b6d6f5b1b78a47bfa04771243;51;0
239;0x25d9ba23b0ca0ee654810c300fb909ccd157284b6d6f5b1b78a47bfa04771243;52;0
240;0x25d9ba23b0ca0ee654810c300fb909ccd157284b6d6f5b1b78a47bfa04771243;53;0
241;0x25d9ba23b0ca0ee654810c300fb909ccd157284b6d6f5b1b78a47bfa04771243;54;0
242;0x25d9ba23b0ca0ee654810c300fb909ccd157284b6d6f5b1b78a47bfa04771243;53;0
243;0x25d9ba23b0ca0ee654810c300fb909ccd157284b6d6f5b1b78a47bfa04771243;52;0
244;0x25d9ba23b0ca0ee654810c300fb909ccd157284b6d6f5b1b78a47bfa04771243;51;0
245;0x25d9ba23b0ca0ee654810c300fb909ccd157284b6d6f5b1b78a47bfa04771243;51;0
246;0x25d9ba23b0ca0ee654810c300fb909ccd157284b6d6f5b1b78a47bfa04771243;52;0
247;0x25d9ba23b0ca0ee654810c300fb909ccd157284b6d6f5b1b78a47bfa04771243;55;0
248;0x25d9ba23b0ca0ee654810c300fb909ccd157284b6d6f5b1b78a47bfa04771243;53;0
249;0x25d9ba23b0ca0ee654810c300fb909ccd157284b6d6f5b1b78a47bfa04771243;52;0
250;0x25d9ba23b0ca0ee654810c300fb909ccd157284b6d6f5b1b78a47bfa04771243;50;0
251;0x25d9ba23b0ca0ee654810c300fb909ccd157284b6d6f5b1b78a47bfa04771243;51;0
252;0x25d9ba23b0ca0ee654810c300fb909ccd157284b6d6f5b1b78a47bfa04771243;51;0
253;0x25d9ba23b0ca0ee654810c300fb909ccd157284b6d6f5b1b78a47bfa04771243;52;0
254;0x25d9ba23b0ca0ee654810c300fb909ccd157284b6d6f5b1b78a47bfa04771243;51;0
255;0x25d9ba23b0ca0ee654810c300fb909ccd157284b6d6f5b1b78a47bfa04771243;52;0
256;0x25d9ba23b0ca0ee654810c300fb909ccd157284b6d6f5b1b78a47bfa04771243;52;0
257;0x25d9ba23b0ca0ee654810c300fb909ccd157284b6d6f5b1b78a47bfa04771243;52;0
258;0x25d9ba23b0ca0ee654810c300fb909ccd157284b6d6f5b1b78a47bfa04771243;52;0
259;0x25d9ba23b0ca0ee654810c300fb909ccd157284b6d6f5b1b78a47bfa04771243;51;0
260;0x25d9ba23b0ca0ee654810c300fb909ccd157284b6d6f5b1b78a47bfa04771243;50;0
261;0x25d9ba23b0ca0ee654810c300fb909ccd157284b6d6f5b1b78a47bfa04771243;52;0
262;0x25d9ba23b0ca0ee654810c300fb909ccd157284b6d6f5b1b78a47bfa04771243;50;0
263;0x25d9ba23b0ca0ee654810c300fb909ccd157284b6d6f5b1b78a47bfa04771243;52;0
264;0x25d9ba23b0ca0ee654810c300fb909ccd157284b6d6f5b1b78a47bfa04771243;51;0
265;0x25d9ba23b0ca0ee654810c300fb909ccd157284b6d6f5b1b78a47bfa04771243;53;0
266;0x25d9ba23b0ca0ee654810c300fb909ccd157284b6d6f5b1b78a47bfa04771243;52;0
267;0x25d9ba23b0ca0ee654810c300fb909ccd157284b6d6f5b1b78a47bfa04771243;55;0
268;0x25d9ba23b0ca0ee654810c300fb909ccd157284b6d6f5b1b78a47bfa04771243;52;0
269;0x25d9ba23b0ca0ee654810c300fb909ccd157284b6d6f5b1b78a47bfa04771243;52;0
270;0x25d9ba23b0ca0ee654810c300fb909ccd157284b6d6f5b1b78a47bfa04771243;52;0
271;0x25d9ba23b0ca0ee654810c300fb909ccd157284b6d6f5b1b78a47bfa04771243;50;0
272;0x25d9ba23b0ca0ee654810c300fb909ccd157284b6d6f5b1b78a47bfa04771243;52;0
273;0x25d9ba23b0ca0ee654810c300fb909ccd157284b6d6f5b1b78a47bfa04771243;54;0
274;0x25d9ba23b0ca0ee654810c300fb909ccd157284b6d6f5b1b78a47bfa04771243;53;0
275;0x25d9ba23b0ca0ee654810c300fb909ccd157284b6d6f5b1b78a47bfa04771243;50;0
276;0x25d9ba23b0ca0ee654810c300fb909ccd157284b6d6f5b1b78a47bfa04771243;53;0
277;0x25d9ba23b0ca0ee654810c300fb909ccd157284b6d6f5b1b78a47bfa04771243;53;0
278;0x25d9ba23b0ca0ee654810c300fb909ccd157284b6d6f5b1b78a47bfa04771243;52;0
279;0x25d9ba23b0ca0ee654810c300fb909ccd157284b6d6f5b1b78a47bfa04771243;55;0
280;0x25d9ba23b0ca0ee654810c300fb909ccd157284b6d6f5b1b78a47bfa04771243;53;0
281;0x25d9ba23b0ca0ee654810c300fb909ccd157284b6d6f5b1b78a47bfa04771243;53;0
282;0x25d9ba23b0ca0ee654810c300fb909ccd157284b6d6f5b1b78a47bfa04771243;52;0
283;0x25d9ba23b0ca0ee654810c300fb909ccd157284b6d6f5b1b78a47bfa04771243;51;0
284;0x25d9ba23b0ca0ee654810c300fb909ccd157284b6d6f5b1b78a47bfa04771243;52;0
285;0x25d9ba23b0ca0ee654810c300fb909ccd157284b6d6f5b1b78a47bfa04771243;54;0
286;0x25d9ba23b0ca0ee654810c300fb909ccd157284b6d6f5b1b78a47bfa04771243;53;0
287;0x25d9ba23b0ca0ee654810c300fb909ccd157284b6d6f5b1b78a47bfa04771243;51;0
288;0x25d9ba23b0ca0ee654810c300fb909ccd157284b6d6f5b1b78a47bfa04771243;51;0
289;0x25d9ba23b0ca0ee654810c300fb909ccd157284b6d6f5b1b78a47bfa04771243;51;0
290;0x25d9ba23b0ca0ee654810c300fb909ccd157284b6d6f5b1b78a47bfa04771243;51;0
291;0x25d9ba23b0ca0ee654810c300fb909ccd157284b6d6f5b1b78a47bfa04771243;51;0
292;0x25d9ba23b0ca0ee654810c300fb909ccd157284b6d6f5b1b78a47bfa04771243;51;0
293;0x25d9ba23b0ca0ee654810c300fb909ccd157284b6d6f5b1b78a47bfa04771243;50;0
294;0x25d9ba23b0ca0ee654810c300fb909ccd157284b6d6f5b1b78a47bfa04771243;52;0
295;0x25d9ba23b0ca0ee654810c300fb909ccd157284b6d6f5b1b78a47bfa04771243;53;0
296;0x25d9ba23b0ca0ee654810c300fb909ccd157284b6d6f5b1b78a47bfa04771243;53;0
297;0x25d9ba23b0ca0ee654810c300fb909ccd157284b6d6f5b1b78a47bfa04771243;52;0
298;0x25d9ba23b0ca0ee654810c300fb909ccd157284b6d6f5b1b78a47bfa04771243;53;0
299;0x25d9ba23b0ca0ee654810c300fb909ccd157284b6d6f5b1b78a47bfa04771243;51;0
300;0x25d9ba23b0ca0ee654810c300fb909ccd157284b6d6f5b1b78a47bfa04771243;54;0
301;0x25d9ba23b0ca0ee654810c300fb909ccd157284b6d6f5b1b78a47bfa04771243;52;0
302;0x25d9ba23b0ca0ee654810c300fb909ccd157284b6d6f5b1b78a47bfa04771243;52;0
303;0x25d9ba23b0ca0ee654810c300fb909ccd157284b6d6f5b1b78a47bfa04771243;54;0
304;0x25d9ba23b0ca0ee654810c300fb909ccd157284b6d6f5b1b78a47bfa04771243;52;0
305;0x25d9ba23b0ca0ee654810c300fb909ccd157284b6d6f5b1b78a47bfa04771243;54;0
306;0x25d9ba23b0ca0ee654810c300fb909ccd157284b6d6f5b1b78a47bfa04771243;53;0
307;0x25d9ba23b0ca0ee654810c300fb909ccd157284b6d6f5b1b78a47bfa04771243;54;0
308;0x25d9ba23b0ca0ee654810c300fb909ccd157284b6d6f5b1b78a47bfa04771243;54;0
309;0x25d9ba23b0ca0ee654810c300fb909ccd157284b6d6f5b1b78a47bfa04771243;51;0
310;0x25d9ba23b0ca0ee654810c300fb909ccd157284b6d6f5b1b78a47bfa04771243;53;0
311;0x25d9ba23b0ca0ee654810c300fb909ccd157284b6d6f5b1b78a47bfa04771243;55;0
312;0x25d9ba23b0ca0ee654810c300fb909ccd157284b6d6f5b1b78a47bfa04771243;54;0
313;0x25d9ba23b0ca0ee654810c300fb909ccd157284b6d6f5b1b78a47bfa04771243;51;0
314;0x25d9ba23b0ca0ee654810c300fb909ccd157284b6d6f5b1b78a47bfa04771243;55;0
315;0x25d9ba23b0ca0ee654810c300fb909ccd157284b6d6f5b1b78a47bfa04771243;53;0
316;0x25d9ba23b0ca0ee654810c300fb909ccd157284b6d6f5b1b78a47bfa04771243;53;0
317;0x25d9ba23b0ca0ee654810c300fb909ccd157284b6d6f5b1b78a47bfa04771243;55;0
318;0x25d9ba23b0ca0ee654810c300fb909ccd157284b6d6f5b1b78a47bfa04771243;55;0
319;0x25d9ba23b0ca0ee654810c300fb909ccd157284b6d6f5b1b78a47bfa04771243;55;0
320;0x25d9ba23b0ca0ee654810c300fb909ccd157284b6d6f5b1b78a47bfa04771243;53;0
321;0x25d9ba23b0ca0ee654810c300fb909ccd157284b6d6f5b1b78a47bfa04771243;54;0
322;0x25d9ba23b0ca0ee654810c300fb909ccd157284b6d6f5b1b78a47bfa04771243;53;0
323;0x25d9ba23b0ca0ee654810c300fb909ccd157284b6d6f5b1b78a47bfa04771243;51;0
324;0x25d9ba23b0ca0ee654810c300fb909ccd157284b6d6f5b1b78a47bfa04771243;53;0
325;0x25d9ba23b0ca0ee654810c300fb909ccd157284b6d6f5b1b78a47bfa04771243;51;0
326;0x25d9ba23b0ca0ee654810c300fb909ccd157284b6d6f5b1b78a47bfa04771243;51;0
327;0x25d9ba23b0ca0ee654810c300fb909ccd157284b6d6f5b1b78a47bfa04771243;50;0
328;0x25d9ba23b0ca0ee654810c300fb909ccd157284b6d6f5b1b78a47bfa04771243;52;0
329;0x25d9ba23b0ca0ee654810c300fb909ccd157284b6d6f5b1b78a47bfa04771243;55;0
330;0x25d9ba23b0ca0ee654810c300fb909ccd157284b6d6f5b1b78a47bfa04771243;52;0
331;0x25d9ba23b0ca0ee654810c300fb909ccd157284b6d6f5b1b78a47bfa04771243;53;0
332;0x25d9ba23b0ca0ee654810c300fb909ccd157284b6d6f5b1b78a47bfa04771243;54;0
333;0x25d9ba23b0ca0ee654810c300fb909ccd157284b6d6f5b1b78a47bfa04771243;52;0
334;0x25d9ba23b0ca0ee654810c300fb909ccd157284b6d6f5b1b78a47bfa04771243;53;0
335;0x25d9ba23b0ca0ee654810c300fb909ccd157284b6d6f5b1b78a47bfa04771243;52;0
336;0x25d9ba23b0ca0ee654810c300fb909ccd157284b6d6f5b1b78a47bfa04771243;55;0
337;0x25d9ba23b0ca0ee654810c300fb909ccd157284b6d6f5b1b78a47bfa04771243;52;0
338;0x25d9ba23b0ca0ee654810c300fb909ccd157284b6d6f5b1b78a47bfa04771243;53;0
339;0x25d9ba23b0ca0ee654810c300fb909ccd157284b6d6f5b1b78a47bfa04771243;52;0
340;0x25d9ba23b0ca0ee654810c300fb909ccd157284b6d6f5b1b78a47bfa04771243;52;0
341;0x25d9ba23b0ca0ee654810c300fb909ccd157284b6d6f5b1b78a47bfa04771243;53;0
342;0x25d9ba23b0ca0ee654810c300fb909ccd157284b6d6f5b1b78a47bfa04771243;53;0
343;0x25d9ba23b0ca0ee654810c300fb909ccd157284b6d6f5b1b78a47bfa04771243;53;0
344;0x25d9ba23b0ca0ee654810c300fb909ccd157284b6d6f5b1b78a47bfa04771243;52;0
345;0x25d9ba23b0ca0ee654810c300fb909ccd157284b6d6f5b1b78a47bfa04771243;50;0
346;0x25d9ba23b0ca0ee654810c300fb909ccd157284b6d6f5b1b78a47bfa04771243;53;0
347;0x25d9ba23b0ca0ee654810c300fb909ccd157284b6d6f5b1b78a47bfa04771243;52;0
348;0x25d9ba23b0ca0ee654810c300fb909ccd157284b6d6f5b1b78a47bfa04771243;52;0
349;0x25d9ba23b0ca0ee654810c300fb909ccd157284b6d6f5b1b78a47bfa04771243;52;0
350;0x25d9ba23b0ca0ee654810c300fb909ccd157284b6d6f5b1b78a47bfa04771243;53;0
351;0x25d9ba23b0ca0ee654810c300fb909ccd157284b6d6f5b1b78a47bfa04771243;54;0
352;0x25d9ba23b0ca0ee654810c300fb909ccd157284b6d6f5b1b78a47bfa04771243;53;0
353;0x25d9ba23b0ca0ee654810c300fb909ccd157284b6d6f5b1b78a47bfa04771243;55;0
354;0x25d9ba23b0ca0ee654810c300fb909ccd157284b6d6f5b1b78a47bfa04771243;52;0
355;0x25d9ba23b0ca0ee654810c300fb909ccd157284b6d6f5b1b78a47bfa04771243;53;0
356;0x25d9ba23b0ca0ee654810c300fb909ccd157284b6d6f5b1b78a47bfa04771243;52;0
357;0x25d9ba23b0ca0ee654810c300fb909ccd157284b6d6f5b1b78a47bfa04771243;52;0
358;0x25d9ba23b0ca0ee654810c300fb909ccd157284b6d6f5b1b78a47bfa04771243;52;0
359;0x25d9ba23b0ca0ee654810c300fb909ccd157284b6d6f5b1b78a47bfa04771243;51;0
360;0x25d9ba23b0ca0ee654810c300fb909ccd157284b6d6f5b1b78a47bfa04771243;52;0
361;0x25d9ba23b0ca0ee654810c300fb909ccd157284b6d6f5b1b78a47bfa04771243;53;0
362;0x25d9ba23b0ca0ee654810c300fb909ccd157284b6d6f5b1b78a47bfa04771243;52;0
363;0x25d9ba23b0ca0ee654810c300fb909ccd157284b6d6f5b1b78a47bfa04771243;52;0
364;0x25d9ba23b0ca0ee654810c300fb909ccd157284b6d6f5b1b78a47bfa04771243;51;0
365;0x25d9ba23b0ca0ee654810c300fb909ccd157284b6d6f5b1b78a47bfa04771243;53;0
366;0x25d9ba23b0ca0ee654810c300fb909ccd157284b6d6f5b1b78a47bfa04771243;52;0
367;0x25d9ba23b0ca0ee654810c300fb909ccd157284b6d6f5b1b78a47bfa04771243;53;0
368;0x25d9ba23b0ca0ee654810c300fb909ccd157284b6d6f5b1b78a47bfa04771243;52;0
369;0x25d9ba23b0ca0ee654810c300fb909ccd157284b6d6f5b1b78a47bfa04771243;50;0
370;0x25d9ba23b0ca0ee654810c300fb909ccd157284b6d6f5b1b78a47bfa04771243;52;0
371;0x25d9ba23b0ca0ee654810c300fb909ccd157284b6d6f5b1b78a47bfa04771243;53;0
372;0x25d9ba23b0ca0ee654810c300fb909ccd157284b6d6f5b1b78a47bfa04771243;51;0
373;0x25d9ba23b0ca0ee654810c300fb909ccd157284b6d6f5b1b78a47bfa04771243;50;0
374;0x25d9ba23b0ca0ee654810c300fb909ccd157284b6d6f5b1b78a47bfa04771243;56;0
375;0x25d9ba23b0ca0ee654810c300fb909ccd157284b6d6f5b1b78a47bfa04771243;54;0
376;0x25d9ba23b0ca0ee654810c300fb909ccd157284b6d6f5b1b78a47bfa04771243;53;0
377;0x25d9ba23b0ca0ee654810c300fb909ccd157284b6d6f5b1b78a47bfa04771243;51;0
378;0x25d9ba23b0ca0ee654810c300fb909ccd157284b6d6f5b1b78a47bfa04771243;55;0
379;0x25d9ba23b0ca0ee654810c300fb909ccd157284b6d6f5b1b78a47bfa04771243;52;0
380;0x25d9ba23b0ca0ee654810c300fb909ccd157284b6d6f5b1b78a47bfa04771243;54;0
381;0x25d9ba23b0ca0ee654810c300fb909ccd157284b6d6f5b1b78a47bfa04771243;52;0
382;0x25d9ba23b0ca0ee654810c300fb909ccd157284b6d6f5b1b78a47bfa04771243;52;0
383;0x25d9ba23b0ca0ee654810c300fb909ccd157284b6d6f5b1b78a47bfa04771243;50;0
384;0x25d9ba23b0ca0ee654810c300fb909ccd157284b6d6f5b1b78a47bfa04771243;51;0
385;0x25d9ba23b0ca0ee654810c300fb909ccd157284b6d6f5b1b78a47bfa04771243;50;0
386;0x25d9ba23b0ca0ee654810c300fb909ccd157284b6d6f5b1b78a47bfa04771243;52;0
387;0x25d9ba23b0ca0ee654810c300fb909ccd157284b6d6f5b1b78a47bfa04771243;54;0
388;0x25d9ba23b0ca0ee654810c300fb909ccd157284b6d6f5b1b78a47bfa04771243;52;0
389;0x25d9ba23b0ca0ee654810c300fb909ccd157284b6d6f5b1b78a47bfa04771243;53;0
390;0x25d9ba23b0ca0ee654810c300fb909ccd157284b6d6f5b1b78a47bfa04771243;52;0
391;0x25d9ba23b0ca0ee654810c300fb909ccd157284b6d6f5b1b78a47bfa04771243;51;0
392;0x25d9ba23b0ca0ee654810c300fb909ccd157284b6d6f5b1b78a47bfa04771243;55;0
393;0x25d9ba23b0ca0ee654810c300fb909ccd157284b6d6f5b1b78a47bfa04771243;52;0
394;0x25d9ba23b0ca0ee654810c300fb909ccd157284b6d6f5b1b78a47bfa04771243;54;0
395;0x25d9ba23b0ca0ee654810c300fb909ccd157284b6d6f5b1b78a47bfa04771243;52;0
396;0x25d9ba23b0ca0ee654810c300fb909ccd157284b6d6f5b1b78a47bfa04771243;51;0
397;0x25d9ba23b0ca0ee654810c300fb909ccd157284b6d6f5b1b78a47bfa04771243;52;0
398;0x25d9ba23b0ca0ee654810c300fb909ccd157284b6d6f5b1b78a47bfa04771243;50;0
399;0x25d9ba23b0ca0ee654810c300fb909ccd157284b6d6f5b1b78a47bfa04771243;51;0
400;0x25d9ba23b0ca0ee654810c300fb909ccd157284b6d6f5b1b78a47bfa04771243;51;0
401;0x25d9ba23b0ca0ee654810c300fb909ccd157284b6d6f5b1b78a47bfa04771243;50;0
402;0x25d9ba23b0ca0ee654810c300fb909ccd157284b6d6f5b1b78a47bfa04771243;52;0
403;0x25d9ba23b0ca0ee654810c300fb909ccd157284b6d6f5b1b78a47bfa04771243;53;0
404;0x25d9ba23b0ca0ee654810c300fb909ccd157284b6d6f5b1b78a47bfa04771243;53;0
405;0x25d9ba23b0ca0ee654810c300fb909ccd157284b6d6f5b1b78a47bfa04771243;52;0
406;0x25d9ba23b0ca0ee654810c300fb909ccd157284b6d6f5b1b78a47bfa04771243;52;0
407;0x25d9ba23b0ca0ee654810c300fb909ccd157284b6d6f5b1b78a47bfa04771243;51;0
408;0x25d9ba23b0ca0ee654810c300fb909ccd157284b6d6f5b1b78a47bfa04771243;60;0
409;0x25d9ba23b0ca0ee654810c300fb909ccd157284b6d6f5b1b78a47bfa04771243;55;0
410;0x25d9ba23b0ca0ee654810c300fb909ccd157284b6d6f5b1b78a47bfa04771243;52;0
411;0x25d9ba23b0ca0ee654810c300fb909ccd157284b6d6f5b1b78a47bfa04771243;53;0
412;0x25d9ba23b0ca0ee654810c300fb909ccd157284b6d6f5b1b78a47bfa04771243;53;0
413;0x25d9ba23b0ca0ee654810c300fb909ccd157284b6d6f5b1b78a47bfa04771243;54;0
414;0x25d9ba23b0ca0ee654810c300fb909ccd157284b6d6f5b1b78a47bfa04771243;53;0
415;0x25d9ba23b0ca0ee654810c300fb909ccd157284b6d6f5b1b78a47bfa04771243;53;0
416;0x25d9ba23b0ca0ee654810c300fb909ccd157284b6d6f5b1b78a47bfa04771243;52;0
417;0x25d9ba23b0ca0ee654810c300fb909ccd157284b6d6f5b1b78a47bfa04771243;53;0
418;0x25d9ba23b0ca0ee654810c300fb909ccd157284b6d6f5b1b78a47bfa04771243;52;0
419;0x25d9ba23b0ca0ee654810c300fb909ccd157284b6d6f5b1b78a47bfa04771243;55;0
420;0x25d9ba23b0ca0ee654810c300fb909ccd157284b6d6f5b1b78a47bfa04771243;54;0
421;0x25d9ba23b0ca0ee654810c300fb909ccd157284b6d6f5b1b78a47bfa04771243;56;0
422;0x25d9ba23b0ca0ee654810c300fb909ccd157284b6d6f5b1b78a47bfa04771243;53;0
423;0x25d9ba23b0ca0ee654810c300fb909ccd157284b6d6f5b1b78a47bfa04771243;52;0
424;0x25d9ba23b0ca0ee654810c300fb909ccd157284b6d6f5b1b78a47bfa04771243;51;0
425;0x25d9ba23b0ca0ee654810c300fb909ccd157284b6d6f5b1b78a47bfa04771243;54;0
426;0x25d9ba23b0ca0ee654810c300fb909ccd157284b6d6f5b1b78a47bfa04771243;52;0
427;0x25d9ba23b0ca0ee654810c300fb909ccd157284b6d6f5b1b78a47bfa04771243;52;0
428;0x25d9ba23b0ca0ee654810c300fb909ccd157284b6d6f5b1b78a47bfa04771243;53;0
429;0x25d9ba23b0ca0ee654810c300fb909ccd157284b6d6f5b1b78a47bfa04771243;51;0
430;0x25d9ba23b0ca0ee654810c300fb909ccd157284b6d6f5b1b78a47bfa04771243;54;0
431;0x25d9ba23b0ca0ee654810c300fb909ccd157284b6d6f5b1b78a47bfa04771243;54;0
432;0x25d9ba23b0ca0ee654810c300fb909ccd157284b6d6f5b1b78a47bfa04771243;54;0
433;0x25d9ba23b0ca0ee654810c300fb909ccd157284b6d6f5b1b78a47bfa04771243;53;0
434;0x25d9ba23b0ca0ee654810c300fb909ccd157284b6d6f5b1b78a47bfa04771243;53;0
435;0x25d9ba23b0ca0ee654810c300fb909ccd157284b6d6f5b1b78a47bfa04771243;51;0
436;0x25d9ba23b0ca0ee654810c300fb909ccd157284b6d6f5b1b78a47bfa04771243;53;0
437;0x25d9ba23b0ca0ee654810c300fb909ccd157284b6d6f5b1b78a47bfa04771243;53;0
438;0x25d9ba23b0ca0ee654810c300fb909ccd157284b6d6f5b1b78a47bfa04771243;52;0
439;0x25d9ba23b0ca0ee654810c300fb909ccd157284b6d6f5b1b78a47bfa04771243;55;0
440;0x25d9ba23b0ca0ee654810c300fb909ccd157284b6d6f5b1b78a47bfa04771243;55;0
441;0x25d9ba23b0ca0ee654810c300fb909ccd157284b6d6f5b1b78a47bfa04771243;55;0
442;0x25d9ba23b0ca0ee654810c300fb909ccd157284b6d6f5b1b78a47bfa04771243;57;0
443;0x25d9ba23b0ca0ee654810c300fb909ccd157284b6d6f5b1b78a47bfa04771243;54;0
444;0x25d9ba23b0ca0ee654810c300fb909ccd157284b6d6f5b1b78a47bfa04771243;52;0
445;0x25d9ba23b0ca0ee654810c300fb909ccd157284b6d6f5b1b78a47bfa04771243;53;0
446;0x25d9ba23b0ca0ee654810c300fb909ccd157284b6d6f5b1b78a47bfa04771243;58;0
447;0x25d9ba23b0ca0ee654810c300fb909ccd157284b6d6f5b1b78a47bfa04771243;51;0
448;0x25d9ba23b0ca0ee654810c300fb909ccd157284b6d6f5b1b78a47bfa04771243;54;0
449;0x25d9ba23b0ca0ee654810c300fb909ccd157284b6d6f5b1b78a47bfa04771243;52;0
450;0x25d9ba23b0ca0ee654810c300fb909ccd157284b6d6f5b1b78a47bfa04771243;56;0
451;0x25d9ba23b0ca0ee654810c300fb909ccd157284b6d6f5b1b78a47bfa04771243;52;0
452;0x25d9ba23b0ca0ee654810c300fb909ccd157284b6d6f5b1b78a47bfa04771243;51;0
453;0x25d9ba23b0ca0ee654810c300fb909ccd157284b6d6f5b1b78a47bfa04771243;54;0
454;0x25d9ba23b0ca0ee654810c300fb909ccd157284b6d6f5b1b78a47bfa04771243;54;0
455;0x25d9ba23b0ca0ee654810c300fb909ccd157284b6d6f5b1b78a47bfa04771243;56;0
456;0x25d9ba23b0ca0ee654810c300fb909ccd157284b6d6f5b1b78a47bfa04771243;52;0
457;0x25d9ba23b0ca0ee654810c300fb909ccd157284b6d6f5b1b78a47bfa04771243;53;0
458;0x25d9ba23b0ca0ee654810c300fb909ccd157284b6d6f5b1b78a47bfa04771243;51;0
459;0x25d9ba23b0ca0ee654810c300fb909ccd157284b6d6f5b1b78a47bfa04771243;56;0
460;0x25d9ba23b0ca0ee654810c300fb909ccd157284b6d6f5b1b78a47bfa04771243;52;0
461;0x25d9ba23b0ca0ee654810c300fb909ccd157284b6d6f5b1b78a47bfa04771243;52;0
462;0x25d9ba23b0ca0ee654810c300fb909ccd157284b6d6f5b1b78a47bfa04771243;53;0
463;0x25d9ba23b0ca0ee654810c300fb909ccd157284b6d6f5b1b78a47bfa04771243;53;0
464;0x25d9ba23b0ca0ee654810c300fb909ccd157284b6d6f5b1b78a47bfa04771243;53;0
465;0x25d9ba23b0ca0ee654810c300fb909ccd157284b6d6f5b1b78a47bfa04771243;54;0
466;0x25d9ba23b0ca0ee654810c300fb909ccd157284b6d6f5b1b78a47bfa04771243;51;0
467;0x25d9ba23b0ca0ee654810c300fb909ccd157284b6d6f5b1b78a47bfa04771243;52;0
468;0x25d9ba23b0ca0ee654810c300fb909ccd157284b6d6f5b1b78a47bfa04771243;53;0
469;0x25d9ba23b0ca0ee654810c300fb909ccd157284b6d6f5b1b78a47bfa04771243;53;0
470;0x25d9ba23b0ca0ee654810c300fb909ccd157284b6d6f5b1b78a47bfa04771243;54;0
471;0x25d9ba23b0ca0ee654810c300fb909ccd157284b6d6f5b1b78a47bfa04771243;53;0
472;0x25d9ba23b0ca0ee654810c300fb909ccd157284b6d6f5b1b78a47bfa04771243;54;0
473;0x25d9ba23b0ca0ee654810c300fb909ccd157284b6d6f5b1b78a47bfa04771243;53;0
474;0x25d9ba23b0ca0ee654810c300fb909ccd157284b6d6f5b1b78a47bfa04771243;53;0
475;0x25d9ba23b0ca0ee654810c300fb909ccd157284b6d6f5b1b78a47bfa04771243;56;0
476;0x25d9ba23b0ca0ee654810c300fb909ccd157284b6d6f5b1b78a47bfa04771243;55;0
477;0x25d9ba23b0ca0ee654810c300fb909ccd157284b6d6f5b1b78a47bfa04771243;52;0
478;0x25d9ba23b0ca0ee654810c300fb909ccd157284b6d6f5b1b78a47bfa04771243;51;0
479;0x25d9ba23b0ca0ee654810c300fb909ccd157284b6d6f5b1b78a47bfa04771243;52;0
480;0x25d9ba23b0ca0ee654810c300fb909ccd157284b6d6f5b1b78a47bfa04771243;53;0
481;0x25d9ba23b0ca0ee654810c300fb909ccd157284b6d6f5b1b78a47bfa04771243;56;0
482;0x25d9ba23b0ca0ee654810c300fb909ccd157284b6d6f5b1b78a47bfa04771243;54;0
483;0x25d9ba23b0ca0ee654810c300fb909ccd157284b6d6f5b1b78a47bfa04771243;53;0
484;0x25d9ba23b0ca0ee654810c300fb909ccd157284b6d6f5b1b78a47bfa04771243;53;0
485;0x25d9ba23b0ca0ee654810c300fb909ccd157284b6d6f5b1b78a47bfa04771243;51;0
486;0x25d9ba23b0ca0ee654810c300fb909ccd157284b6d6f5b1b78a47bfa04771243;52;0
487;0x25d9ba23b0ca0ee654810c300fb909ccd157284b6d6f5b1b78a47bfa04771243;52;0
488;0x25d9ba23b0ca0ee654810c300fb909ccd157284b6d6f5b1b78a47bfa04771243;53;0
489;0x25d9ba23b0ca0ee654810c300fb909ccd157284b6d6f5b1b78a47bfa04771243;53;0
490;0x25d9ba23b0ca0ee654810c300fb909ccd157284b6d6f5b1b78a47bfa04771243;53;0
491;0x25d9ba23b0ca0ee654810c300fb909ccd157284b6d6f5b1b78a47bfa04771243;52;0
492;0x25d9ba23b0ca0ee654810c300fb909ccd157284b6d6f5b1b78a47bfa04771243;53;0
493;0x25d9ba23b0ca0ee654810c300fb909ccd157284b6d6f5b1b78a47bfa04771243;55;0
494;0x25d9ba23b0ca0ee654810c300fb909ccd157284b6d6f5b1b78a47bfa04771243;53;0
495;0x25d9ba23b0ca0ee654810c300fb909ccd157284b6d6f5b1b78a47bfa04771243;54;0
496;0x25d9ba23b0ca0ee654810c300fb909ccd157284b6d6f5b1b78a47bfa04771243;53;0
497;0x25d9ba23b0ca0ee654810c300fb909ccd157284b6d6f5b1b78a47bfa04771243;52;0
498;0x25d9ba23b0ca0ee654810c300fb909ccd157284b6d6f5b1b78a47bfa04771243;53;0
499;0x25d9ba23b0ca0ee654810c300fb909ccd157284b6d6f5b1b78a47bfa04771243;52;0
500;0x25d9ba23b0ca0ee654810c300fb909ccd157284b6d6f5b1b78a47bfa04771243;53;0
501;0x25d9ba23b0ca0ee654810c300fb909ccd157284b6d6f5b1b78a47bfa04771243;54;0
502;0x25d9ba23b0ca0ee654810c300fb909ccd157284b6d6f5b1b78a47bfa04771243;51;0
503;0x25d9ba23b0ca0ee654810c300fb909ccd157284b6d6f5b1b78a47bfa04771243;53;0
504;0x25d9ba23b0ca0ee654810c300fb909ccd157284b6d6f5b1b78a47bfa04771243;51;0
505;0x25d9ba23b0ca0ee654810c300fb909ccd157284b6d6f5b1b78a47bfa04771243;57;0
506;0x25d9ba23b0ca0ee654810c300fb909ccd157284b6d6f5b1b78a47bfa04771243;55;0
507;0x25d9ba23b0ca0ee654810c300fb909ccd157284b6d6f5b1b78a47bfa04771243;55;0
508;0x25d9ba23b0ca0ee654810c300fb909ccd157284b6d6f5b1b78a47bfa04771243;53;0
509;0x25d9ba23b0ca0ee654810c300fb909ccd157284b6d6f5b1b78a47bfa04771243;52;0
510;0x25d9ba23b0ca0ee654810c300fb909ccd157284b6d6f5b1b78a47bfa04771243;51;0
511;0x25d9ba23b0ca0ee654810c300fb909ccd157284b6d6f5b1b78a47bfa04771243;49;0
512;0x25d9ba23b0ca0ee654810c300fb909ccd157284b6d6f5b1b78a47bfa04771243;54;0
513;0x25d9ba23b0ca0ee654810c300fb909ccd157284b6d6f5b1b78a47bfa04771243;53;0
514;0x25d9ba23b0ca0ee654810c300fb909ccd157284b6d6f5b1b78a47bfa04771243;52;0
515;0x25d9ba23b0ca0ee654810c300fb909ccd157284b6d6f5b1b78a47bfa04771243;54;0
516;0x25d9ba23b0ca0ee654810c300fb909ccd157284b6d6f5b1b78a47bfa04771243;54;0
517;0x25d9ba23b0ca0ee654810c300fb909ccd157284b6d6f5b1b78a47bfa04771243;51;0
518;0x25d9ba23b0ca0ee654810c300fb909ccd157284b6d6f5b1b78a47bfa04771243;53;0
519;0x25d9ba23b0ca0ee654810c300fb909ccd157284b6d6f5b1b78a47bfa04771243;52;0
520;0x25d9ba23b0ca0ee654810c300fb909ccd157284b6d6f5b1b78a47bfa04771243;53;0
521;0x25d9ba23b0ca0ee654810c300fb909ccd157284b6d6f5b1b78a47bfa04771243;54;0
522;0x25d9ba23b0ca0ee654810c300fb909ccd157284b6d6f5b1b78a47bfa04771243;52;0
523;0x25d9ba23b0ca0ee654810c300fb909ccd157284b6d6f5b1b78a47bfa04771243;52;0
524;0x25d9ba23b0ca0ee654810c300fb909ccd157284b6d6f5b1b78a47bfa04771243;53;0
525;0x25d9ba23b0ca0ee654810c300fb909ccd157284b6d6f5b1b78a47bfa04771243;55;0
526;0x25d9ba23b0ca0ee654810c300fb909ccd157284b6d6f5b1b78a47bfa04771243;52;0
527;0x25d9ba23b0ca0ee654810c300fb909ccd157284b6d6f5b1b78a47bfa04771243;52;0
528;0x25d9ba23b0ca0ee654810c300fb909ccd157284b6d6f5b1b78a47bfa04771243;52;0
529;0x25d9ba23b0ca0ee654810c300fb909ccd157284b6d6f5b1b78a47bfa04771243;53;0
530;0x25d9ba23b0ca0ee654810c300fb909ccd157284b6d6f5b1b78a47bfa04771243;53;0
531;0x25d9ba23b0ca0ee654810c300fb909ccd157284b6d6f5b1b78a47bfa04771243;52;0
532;0x25d9ba23b0ca0ee654810c300fb909ccd157284b6d6f5b1b78a47bfa04771243;52;0
533;0x25d9ba23b0ca0ee654810c300fb909ccd157284b6d6f5b1b78a47bfa04771243;51;0
534;0x25d9ba23b0ca0ee654810c300fb909ccd157284b6d6f5b1b78a47bfa04771243;57;0
535;0x25d9ba23b0ca0ee654810c300fb909ccd157284b6d6f5b1b78a47bfa04771243;53;0
536;0x25d9ba23b0ca0ee654810c300fb909ccd157284b6d6f5b1b78a47bfa04771243;54;0
537;0x25d9ba23b0ca0ee654810c300fb909ccd157284b6d6f5b1b78a47bfa04771243;53;0
538;0x25d9ba23b0ca0ee654810c300fb909ccd157284b6d6f5b1b78a47bfa04771243;55;0
539;0x25d9ba23b0ca0ee654810c300fb909ccd157284b6d6f5b1b78a47bfa04771243;53;0
540;0x25d9ba23b0ca0ee654810c300fb909ccd157284b6d6f5b1b78a47bfa04771243;52;0
541;0x25d9ba23b0ca0ee654810c300fb909ccd157284b6d6f5b1b78a47bfa04771243;53;0
542;0x25d9ba23b0ca0ee654810c300fb909ccd157284b6d6f5b1b78a47bfa04771243;52;0
543;0x25d9ba23b0ca0ee654810c300fb909ccd157284b6d6f5b1b78a47bfa04771243;53;0
544;0x25d9ba23b0ca0ee654810c300fb909ccd157284b6d6f5b1b78a47bfa04771243;52;0
545;0x25d9ba23b0ca0ee654810c300fb909ccd157284b6d6f5b1b78a47bfa04771243;53;0
546;0x25d9ba23b0ca0ee654810c300fb909ccd157284b6d6f5b1b78a47bfa04771243;55;0
547;0x25d9ba23b0ca0ee654810c300fb909ccd157284b6d6f5b1b78a47bfa04771243;52;0
548;0x25d9ba23b0ca0ee654810c300fb909ccd157284b6d6f5b1b78a47bfa04771243;52;0
549;0x25d9ba23b0ca0ee654810c300fb909ccd157284b6d6f5b1b78a47bfa04771243;52;0
550;0x25d9ba23b0ca0ee654810c300fb909ccd157284b6d6f5b1b78a47bfa04771243;52;0
551;0x25d9ba23b0ca0ee654810c300fb909ccd157284b6d6f5b1b78a47bfa04771243;52;0
552;0x25d9ba23b0ca0ee654810c300fb909ccd157284b6d6f5b1b78a47bfa04771243;54;0
553;0x25d9ba23b0ca0ee654810c300fb909ccd157284b6d6f5b1b78a47bfa04771243;53;0
554;0x25d9ba23b0ca0ee654810c300fb909ccd157284b6d6f5b1b78a47bfa04771243;54;0
555;0x25d9ba23b0ca0ee654810c300fb909ccd157284b6d6f5b1b78a47bfa04771243;52;0
556;0x25d9ba23b0ca0ee654810c300fb909ccd157284b6d6f5b1b78a47bfa04771243;52;0
557;0x25d9ba23b0ca0ee654810c300fb909ccd157284b6d6f5b1b78a47bfa04771243;53;0
558;0x25d9ba23b0ca0ee654810c300fb909ccd157284b6d6f5b1b78a47bfa04771243;54;0
559;0x25d9ba23b0ca0ee654810c300fb909ccd157284b6d6f5b1b78a47bfa04771243;52;0
560;0x25d9ba23b0ca0ee654810c300fb909ccd157284b6d6f5b1b78a47bfa04771243;54;0
561;0x25d9ba23b0ca0ee654810c300fb909ccd157284b6d6f5b1b78a47bfa04771243;54;0
562;0x25d9ba23b0ca0ee654810c300fb909ccd157284b6d6f5b1b78a47bfa04771243;53;0
563;0x25d9ba23b0ca0ee654810c300fb909ccd157284b6d6f5b1b78a47bfa04771243;54;0
564;0x25d9ba23b0ca0ee654810c300fb909ccd157284b6d6f5b1b78a47bfa04771243;53;0
565;0x25d9ba23b0ca0ee654810c300fb909ccd157284b6d6f5b1b78a47bfa04771243;54;0
566;0x25d9ba23b0ca0ee654810c300fb909ccd157284b6d6f5b1b78a47bfa04771243;52;0
567;0x25d9ba23b0ca0ee654810c300fb909ccd157284b6d6f5b1b78a47bfa04771243;53;0
568;0x25d9ba23b0ca0ee654810c300fb909ccd157284b6d6f5b1b78a47bfa04771243;52;0
569;0x25d9ba23b0ca0ee654810c300fb909ccd157284b6d6f5b1b78a47bfa04771243;54;0
570;0x25d9ba23b0ca0ee654810c300fb909ccd157284b6d6f5b1b78a47bfa04771243;56;0
571;0x25d9ba23b0ca0ee654810c300fb909ccd157284b6d6f5b1b78a47bfa04771243;55;0
572;0x25d9ba23b0ca0ee654810c300fb909ccd157284b6d6f5b1b78a47bfa04771243;54;0
573;0x25d9ba23b0ca0ee654810c300fb909ccd157284b6d6f5b1b78a47bfa04771243;53;0
574;0x25d9ba23b0ca0ee654810c300fb909ccd157284b6d6f5b1b78a47bfa04771243;52;0
575;0x25d9ba23b0ca0ee654810c300fb909ccd157284b6d6f5b1b78a47bfa04771243;51;0
576;0x25d9ba23b0ca0ee654810c300fb909ccd157284b6d6f5b1b78a47bfa04771243;52;0
577;0x25d9ba23b0ca0ee654810c300fb909ccd157284b6d6f5b1b78a47bfa04771243;53;0
578;0x25d9ba23b0ca0ee654810c300fb909ccd157284b6d6f5b1b78a47bfa04771243;54;0
579;0x25d9ba23b0ca0ee654810c300fb909ccd157284b6d6f5b1b78a47bfa04771243;52;0
580;0x25d9ba23b0ca0ee654810c300fb909ccd157284b6d6f5b1b78a47bfa04771243;53;0
581;0x25d9ba23b0ca0ee654810c300fb909ccd157284b6d6f5b1b78a47bfa04771243;51;0
582;0x25d9ba23b0ca0ee654810c300fb909ccd157284b6d6f5b1b78a47bfa04771243;52;0
583;0x25d9ba23b0ca0ee654810c300fb909ccd157284b6d6f5b1b78a47bfa04771243;54;0
584;0x25d9ba23b0ca0ee654810c300fb909ccd157284b6d6f5b1b78a47bfa04771243;52;0
585;0x25d9ba23b0ca0ee654810c300fb909ccd157284b6d6f5b1b78a47bfa04771243;54;0
586;0x25d9ba23b0ca0ee654810c300fb909ccd157284b6d6f5b1b78a47bfa04771243;52;0
587;0x25d9ba23b0ca0ee654810c300fb909ccd157284b6d6f5b1b78a47bfa04771243;51;0
588;0x25d9ba23b0ca0ee654810c300fb909ccd157284b6d6f5b1b78a47bfa04771243;52;0
589;0x25d9ba23b0ca0ee654810c300fb909ccd157284b6d6f5b1b78a47bfa04771243;53;0
590;0x25d9ba23b0ca0ee654810c300fb909ccd157284b6d6f5b1b78a47bfa04771243;52;0
591;0x25d9ba23b0ca0ee654810c300fb909ccd157284b6d6f5b1b78a47bfa04771243;52;0
592;0x25d9ba23b0ca0ee654810c300fb909ccd157284b6d6f5b1b78a47bfa04771243;52;0
593;0x25d9ba23b0ca0ee654810c300fb909ccd157284b6d6f5b1b78a47bfa04771243;51;0
594;0x25d9ba23b0ca0ee654810c300fb909ccd157284b6d6f5b1b78a47bfa04771243;52;0
595;0x25d9ba23b0ca0ee654810c300fb909ccd157284b6d6f5b1b78a47bfa04771243;53;0
596;0x25d9ba23b0ca0ee654810c300fb909ccd157284b6d6f5b1b78a47bfa04771243;53;0
597;0x25d9ba23b0ca0ee654810c300fb909ccd157284b6d6f5b1b78a47bfa04771243;54;0
598;0x25d9ba23b0ca0ee654810c300fb909ccd157284b6d6f5b1b78a47bfa04771243;54;0
599;0x25d9ba23b0ca0ee654810c300fb909ccd157284b6d6f5b1b78a47bfa04771243;52;0
600;0x25d9ba23b0ca0ee654810c300fb909ccd157284b6d6f5b1b78a47bfa04771243;53;0
601;0x25d9ba23b0ca0ee654810c300fb909ccd157284b6d6f5b1b78a47bfa04771243;53;0
602;0x25d9ba23b0ca0ee654810c300fb909ccd157284b6d6f5b1b78a47bfa04771243;52;0
603;0x25d9ba23b0ca0ee654810c300fb909ccd157284b6d6f5b1b78a47bfa04771243;59;0
604;0x25d9ba23b0ca0ee654810c300fb909ccd157284b6d6f5b1b78a47bfa04771243;53;0
605;0x25d9ba23b0ca0ee654810c300fb909ccd157284b6d6f5b1b78a47bfa04771243;52;0
606;0x25d9ba23b0ca0ee654810c300fb909ccd157284b6d6f5b1b78a47bfa04771243;53;0
607;0x25d9ba23b0ca0ee654810c300fb909ccd157284b6d6f5b1b78a47bfa04771243;52;0
608;0x25d9ba23b0ca0ee654810c300fb909ccd157284b6d6f5b1b78a47bfa04771243;54;0
609;0x25d9ba23b0ca0ee654810c300fb909ccd157284b6d6f5b1b78a47bfa04771243;52;0
610;0x25d9ba23b0ca0ee654810c300fb909ccd157284b6d6f5b1b78a47bfa04771243;52;0
611;0x25d9ba23b0ca0ee654810c300fb909ccd157284b6d6f5b1b78a47bfa04771243;52;0
612;0x25d9ba23b0ca0ee654810c300fb909ccd157284b6d6f5b1b78a47bfa04771243;53;0
613;0x25d9ba23b0ca0ee654810c300fb909ccd157284b6d6f5b1b78a47bfa04771243;53;0
614;0x25d9ba23b0ca0ee654810c300fb909ccd157284b6d6f5b1b78a47bfa04771243;52;0
615;0x25d9ba23b0ca0ee654810c300fb909ccd157284b6d6f5b1b78a47bfa04771243;54;0
616;0x25d9ba23b0ca0ee654810c300fb909ccd157284b6d6f5b1b78a47bfa04771243;52;0
617;0x25d9ba23b0ca0ee654810c300fb909ccd157284b6d6f5b1b78a47bfa04771243;53;0
618;0x25d9ba23b0ca0ee654810c300fb909ccd157284b6d6f5b1b78a47bfa04771243;54;0
619;0x25d9ba23b0ca0ee654810c300fb909ccd157284b6d6f5b1b78a47bfa04771243;53;0
620;0x25d9ba23b0ca0ee654810c300fb909ccd157284b6d6f5b1b78a47bfa04771243;52;0
621;0x25d9ba23b0ca0ee654810c300fb909ccd157284b6d6f5b1b78a47bfa04771243;52;0
622;0x25d9ba23b0ca0ee654810c300fb909ccd157284b6d6f5b1b78a47bfa04771243;53;0
623;0x25d9ba23b0ca0ee654810c300fb909ccd157284b6d6f5b1b78a47bfa04771243;52;0
624;0x25d9ba23b0ca0ee654810c300fb909ccd157284b6d6f5b1b78a47bfa04771243;52;0
625;0x25d9ba23b0ca0ee654810c300fb909ccd157284b6d6f5b1b78a47bfa04771243;53;0
626;0x25d9ba23b0ca0ee654810c300fb909ccd157284b6d6f5b1b78a47bfa04771243;51;0
627;0x25d9ba23b0ca0ee654810c300fb909ccd157284b6d6f5b1b78a47bfa04771243;52;0
628;0x25d9ba23b0ca0ee654810c300fb909ccd157284b6d6f5b1b78a47bfa04771243;52;0
629;0x25d9ba23b0ca0ee654810c300fb909ccd157284b6d6f5b1b78a47bfa04771243;52;0
630;0x25d9ba23b0ca0ee654810c300fb909ccd157284b6d6f5b1b78a47bfa04771243;53;0
631;0x25d9ba23b0ca0ee654810c300fb909ccd157284b6d6f5b1b78a47bfa04771243;54;0
632;0x25d9ba23b0ca0ee654810c300fb909ccd157284b6d6f5b1b78a47bfa04771243;53;0
633;0x25d9ba23b0ca0ee654810c300fb909ccd157284b6d6f5b1b78a47bfa04771243;55;0
634;0x25d9ba23b0ca0ee654810c300fb909ccd157284b6d6f5b1b78a47bfa04771243;54;0
635;0x25d9ba23b0ca0ee654810c300fb909ccd157284b6d6f5b1b78a47bfa04771243;53;0
636;0x25d9ba23b0ca0ee654810c300fb909ccd157284b6d6f5b1b78a47bfa04771243;51;0
637;0x25d9ba23b0ca0ee654810c300fb909ccd157284b6d6f5b1b78a47bfa04771243;52;0
638;0x25d9ba23b0ca0ee654810c300fb909ccd157284b6d6f5b1b78a47bfa04771243;52;0
639;0x25d9ba23b0ca0ee654810c300fb909ccd157284b6d6f5b1b78a47bfa04771243;52;0
640;0x25d9ba23b0ca0ee654810c300fb909ccd157284b6d6f5b1b78a47bfa04771243;53;0
641;0x25d9ba23b0ca0ee654810c300fb909ccd157284b6d6f5b1b78a47bfa04771243;51;0
642;0x25d9ba23b0ca0ee654810c300fb909ccd157284b6d6f5b1b78a47bfa04771243;52;0
643;0x25d9ba23b0ca0ee654810c300fb909ccd157284b6d6f5b1b78a47bfa04771243;51;0
644;0x25d9ba23b0ca0ee654810c300fb909ccd157284b6d6f5b1b78a47bfa04771243;54;0
645;0x25d9ba23b0ca0ee654810c300fb909ccd157284b6d6f5b1b78a47bfa04771243;52;0
646;0x25d9ba23b0ca0ee654810c300fb909ccd157284b6d6f5b1b78a47bfa04771243;52;0
647;0x25d9ba23b0ca0ee654810c300fb909ccd157284b6d6f5b1b78a47bfa04771243;53;0
648;0x25d9ba23b0ca0ee654810c300fb909ccd157284b6d6f5b1b78a47bfa04771243;53;0
649;0x25d9ba23b0ca0ee654810c300fb909ccd157284b6d6f5b1b78a47bfa04771243;53;0
650;0x25d9ba23b0ca0ee654810c300fb909ccd157284b6d6f5b1b78a47bfa04771243;53;0
651;0x25d9ba23b0ca0ee654810c300fb909ccd157284b6d6f5b1b78a47bfa04771243;52;0
652;0x25d9ba23b0ca0ee654810c300fb909ccd157284b6d6f5b1b78a47bfa04771243;52;0
653;0x25d9ba23b0ca0ee654810c300fb909ccd157284b6d6f5b1b78a47bfa04771243;53;0
654;0x25d9ba23b0ca0ee654810c300fb909ccd157284b6d6f5b1b78a47bfa04771243;55;0
655;0x25d9ba23b0ca0ee654810c300fb909ccd157284b6d6f5b1b78a47bfa04771243;52;0
656;0x25d9ba23b0ca0ee654810c300fb909ccd157284b6d6f5b1b78a47bfa04771243;58;0
657;0x25d9ba23b0ca0ee654810c300fb909ccd157284b6d6f5b1b78a47bfa04771243;52;0
658;0x25d9ba23b0ca0ee654810c300fb909ccd157284b6d6f5b1b78a47bfa04771243;53;0
659;0x25d9ba23b0ca0ee654810c300fb909ccd157284b6d6f5b1b78a47bfa04771243;52;0
660;0x25d9ba23b0ca0ee654810c300fb909ccd157284b6d6f5b1b78a47bfa04771243;52;0
661;0x25d9ba23b0ca0ee654810c300fb909ccd157284b6d6f5b1b78a47bfa04771243;53;0
662;0x25d9ba23b0ca0ee654810c300fb909ccd157284b6d6f5b1b78a47bfa04771243;52;0
663;0x25d9ba23b0ca0ee654810c300fb909ccd157284b6d6f5b1b78a47bfa04771243;52;0
664;0x25d9ba23b0ca0ee654810c300fb909ccd157284b6d6f5b1b78a47bfa04771243;52;0
665;0x25d9ba23b0ca0ee654810c300fb909ccd157284b6d6f5b1b78a47bfa04771243;52;0
666;0x25d9ba23b0ca0ee654810c300fb909ccd157284b6d6f5b1b78a47bfa04771243;53;0
667;0x25d9ba23b0ca0ee654810c300fb909ccd157284b6d6f5b1b78a47bfa04771243;53;0
668;0x25d9ba23b0ca0ee654810c300fb909ccd157284b6d6f5b1b78a47bfa04771243;52;0
669;0x25d9ba23b0ca0ee654810c300fb909ccd157284b6d6f5b1b78a47bfa04771243;52;0
670;0x25d9ba23b0ca0ee654810c300fb909ccd157284b6d6f5b1b78a47bfa04771243;54;0
671;0x25d9ba23b0ca0ee654810c300fb909ccd157284b6d6f5b1b78a47bfa04771243;51;0
672;0x25d9ba23b0ca0ee654810c300fb909ccd157284b6d6f5b1b78a47bfa04771243;52;0
673;0x25d9ba23b0ca0ee654810c300fb909ccd157284b6d6f5b1b78a47bfa04771243;54;0
674;0x25d9ba23b0ca0ee654810c300fb909ccd157284b6d6f5b1b78a47bfa04771243;53;0
675;0x25d9ba23b0ca0ee654810c300fb909ccd157284b6d6f5b1b78a47bfa04771243;54;0
676;0x25d9ba23b0ca0ee654810c300fb909ccd157284b6d6f5b1b78a47bfa04771243;53;0
677;0x25d9ba23b0ca0ee654810c300fb909ccd157284b6d6f5b1b78a47bfa04771243;53;0
678;0x25d9ba23b0ca0ee654810c300fb909ccd157284b6d6f5b1b78a47bfa04771243;53;0
679;0x25d9ba23b0ca0ee654810c300fb909ccd157284b6d6f5b1b78a47bfa04771243;52;0
680;0x25d9ba23b0ca0ee654810c300fb909ccd157284b6d6f5b1b78a47bfa04771243;52;0
681;0x25d9ba23b0ca0ee654810c300fb909ccd157284b6d6f5b1b78a47bfa04771243;52;0
682;0x25d9ba23b0ca0ee654810c300fb909ccd157284b6d6f5b1b78a47bfa04771243;54;0
683;0x25d9ba23b0ca0ee654810c300fb909ccd157284b6d6f5b1b78a47bfa04771243;53;0
684;0x25d9ba23b0ca0ee654810c300fb909ccd157284b6d6f5b1b78a47bfa04771243;53;0
685;0x25d9ba23b0ca0ee654810c300fb909ccd157284b6d6f5b1b78a47bfa04771243;52;0
686;0x25d9ba23b0ca0ee654810c300fb909ccd157284b6d6f5b1b78a47bfa04771243;52;0
687;0x25d9ba23b0ca0ee654810c300fb909ccd157284b6d6f5b1b78a47bfa04771243;53;0
688;0x25d9ba23b0ca0ee654810c300fb909ccd157284b6d6f5b1b78a47bfa04771243;52;0
689;0x25d9ba23b0ca0ee654810c300fb909ccd157284b6d6f5b1b78a47bfa04771243;52;0
690;0x25d9ba23b0ca0ee654810c300fb909ccd157284b6d6f5b1b78a47bfa04771243;53;0
691;0x25d9ba23b0ca0ee654810c300fb909ccd157284b6d6f5b1b78a47bfa04771243;54;0
692;0x25d9ba23b0ca0ee654810c300fb909ccd157284b6d6f5b1b78a47bfa04771243;56;0
693;0x25d9ba23b0ca0ee654810c300fb909ccd157284b6d6f5b1b78a47bfa04771243;52;0
694;0x25d9ba23b0ca0ee654810c300fb909ccd157284b6d6f5b1b78a47bfa04771243;53;0
695;0x25d9ba23b0ca0ee654810c300fb909ccd157284b6d6f5b1b78a47bfa04771243;52;0
696;0x25d9ba23b0ca0ee654810c300fb909ccd157284b6d6f5b1b78a47bfa04771243;58;0
697;0x25d9ba23b0ca0ee654810c300fb909ccd157284b6d6f5b1b78a47bfa04771243;53;0
698;0x25d9ba23b0ca0ee654810c300fb909ccd157284b6d6f5b1b78a47bfa04771243;53;0
699;0x25d9ba23b0ca0ee654810c300fb909ccd157284b6d6f5b1b78a47bfa04771243;51;0
700;0x25d9ba23b0ca0ee654810c300fb909ccd157284b6d6f5b1b78a47bfa04771243;53;0
701;0x25d9ba23b0ca0ee654810c300fb909ccd157284b6d6f5b1b78a47bfa04771243;53;0
702;0x25d9ba23b0ca0ee654810c300fb909ccd157284b6d6f5b1b78a47bfa04771243;52;0
703;0x25d9ba23b0ca0ee654810c300fb909ccd157284b6d6f5b1b78a47bfa04771243;52;0
704;0x25d9ba23b0ca0ee654810c300fb909ccd157284b6d6f5b1b78a47bfa04771243;52;0
705;0x25d9ba23b0ca0ee654810c300fb909ccd157284b6d6f5b1b78a47bfa04771243;51;0
706;0x25d9ba23b0ca0ee654810c300fb909ccd157284b6d6f5b1b78a47bfa04771243;53;0
707;0x25d9ba23b0ca0ee654810c300fb909ccd157284b6d6f5b1b78a47bfa04771243;51;0
708;0x25d9ba23b0ca0ee654810c300fb909ccd157284b6d6f5b1b78a47bfa04771243;52;0
709;0x25d9ba23b0ca0ee654810c300fb909ccd157284b6d6f5b1b78a47bfa04771243;52;0
710;0x25d9ba23b0ca0ee654810c300fb909ccd157284b6d6f5b1b78a47bfa04771243;52;0
711;0x25d9ba23b0ca0ee654810c300fb909ccd157284b6d6f5b1b78a47bfa04771243;51;0
712;0x25d9ba23b0ca0ee654810c300fb909ccd157284b6d6f5b1b78a47bfa04771243;52;0
713;0x25d9ba23b0ca0ee654810c300fb909ccd157284b6d6f5b1b78a47bfa04771243;53;0
714;0x25d9ba23b0ca0ee654810c300fb909ccd157284b6d6f5b1b78a47bfa04771243;52;0
715;0x25d9ba23b0ca0ee654810c300fb909ccd157284b6d6f5b1b78a47bfa04771243;52;0
716;0x25d9ba23b0ca0ee654810c300fb909ccd157284b6d6f5b1b78a47bfa04771243;53;0
717;0x25d9ba23b0ca0ee654810c300fb909ccd157284b6d6f5b1b78a47bfa04771243;53;0
718;0x25d9ba23b0ca0ee654810c300fb909ccd157284b6d6f5b1b78a47bfa04771243;52;0
719;0x25d9ba23b0ca0ee654810c300fb909ccd157284b6d6f5b1b78a47bfa04771243;53;0
720;0x25d9ba23b0ca0ee654810c300fb909ccd157284b6d6f5b1b78a47bfa04771243;53;0
721;0x25d9ba23b0ca0ee654810c300fb909ccd157284b6d6f5b1b78a47bfa04771243;53;0
722;0x25d9ba23b0ca0ee654810c300fb909ccd157284b6d6f5b1b78a47bfa04771243;52;0
723;0x25d9ba23b0ca0ee654810c300fb909ccd157284b6d6f5b1b78a47bfa04771243;52;0
724;0x25d9ba23b0ca0ee654810c300fb909ccd157284b6d6f5b1b78a47bfa04771243;52;0
725;0x25d9ba23b0ca0ee654810c300fb909ccd157284b6d6f5b1b78a47bfa04771243;52;0
726;0x25d9ba23b0ca0ee654810c300fb909ccd157284b6d6f5b1b78a47bfa04771243;52;0
727;0x25d9ba23b0ca0ee654810c300fb909ccd157284b6d6f5b1b78a47bfa04771243;57;0
728;0x25d9ba23b0ca0ee654810c300fb909ccd157284b6d6f5b1b78a47bfa04771243;55;0
729;0x25d9ba23b0ca0ee654810c300fb909ccd157284b6d6f5b1b78a47bfa04771243;52;0
730;0x25d9ba23b0ca0ee654810c300fb909ccd157284b6d6f5b1b78a47bfa04771243;53;0
731;0x25d9ba23b0ca0ee654810c300fb909ccd157284b6d6f5b1b78a47bfa04771243;53;0
732;0x25d9ba23b0ca0ee654810c300fb909ccd157284b6d6f5b1b78a47bfa04771243;52;0
733;0x25d9ba23b0ca0ee654810c300fb909ccd157284b6d6f5b1b78a47bfa04771243;52;0
734;0x25d9ba23b0ca0ee654810c300fb909ccd157284b6d6f5b1b78a47bfa04771243;51;0
735;0x25d9ba23b0ca0ee654810c300fb909ccd157284b6d6f5b1b78a47bfa04771243;52;0
736;0x25d9ba23b0ca0ee654810c300fb909ccd157284b6d6f5b1b78a47bfa04771243;52;0
737;0x25d9ba23b0ca0ee654810c300fb909ccd157284b6d6f5b1b78a47bfa04771243;52;0
738;0x25d9ba23b0ca0ee654810c300fb909ccd157284b6d6f5b1b78a47bfa04771243;52;0
739;0x25d9ba23b0ca0ee654810c300fb909ccd157284b6d6f5b1b78a47bfa04771243;51;0
740;0x25d9ba23b0ca0ee654810c300fb909ccd157284b6d6f5b1b78a47bfa04771243;52;0
741;0x25d9ba23b0ca0ee654810c300fb909ccd157284b6d6f5b1b78a47bfa04771243;53;0
742;0x25d9ba23b0ca0ee654810c300fb909ccd157284b6d6f5b1b78a47bfa04771243;51;0
743;0x25d9ba23b0ca0ee654810c300fb909ccd157284b6d6f5b1b78a47bfa04771243;52;0
744;0x25d9ba23b0ca0ee654810c300fb909ccd157284b6d6f5b1b78a47bfa04771243;52;0
745;0x25d9ba23b0ca0ee654810c300fb909ccd157284b6d6f5b1b78a47bfa04771243;53;0
746;0x25d9ba23b0ca0ee654810c300fb909ccd157284b6d6f5b1b78a47bfa04771243;52;0
747;0x25d9ba23b0ca0ee654810c300fb909ccd157284b6d6f5b1b78a47bfa04771243;53;0
748;0x25d9ba23b0ca0ee654810c300fb909ccd157284b6d6f5b1b78a47bfa04771243;53;0
749;0x25d9ba23b0ca0ee654810c300fb909ccd157284b6d6f5b1b78a47bfa04771243;54;0
750;0x25d9ba23b0ca0ee654810c300fb909ccd157284b6d6f5b1b78a47bfa04771243;54;0
751;0x25d9ba23b0ca0ee654810c300fb909ccd157284b6d6f5b1b78a47bfa04771243;57;0
752;0x25d9ba23b0ca0ee654810c300fb909ccd157284b6d6f5b1b78a47bfa04771243;52;0
753;0x25d9ba23b0ca0ee654810c300fb909ccd157284b6d6f5b1b78a47bfa04771243;53;0
754;0x25d9ba23b0ca0ee654810c300fb909ccd157284b6d6f5b1b78a47bfa04771243;51;0
755;0x25d9ba23b0ca0ee654810c300fb909ccd157284b6d6f5b1b78a47bfa04771243;52;0
756;0x25d9ba23b0ca0ee654810c300fb909ccd157284b6d6f5b1b78a47bfa04771243;52;0
757;0x25d9ba23b0ca0ee654810c300fb909ccd157284b6d6f5b1b78a47bfa04771243;56;0
758;0x25d9ba23b0ca0ee654810c300fb909ccd157284b6d6f5b1b78a47bfa04771243;53;0
759;0x25d9ba23b0ca0ee654810c300fb909ccd157284b6d6f5b1b78a47bfa04771243;52;0
760;0x25d9ba23b0ca0ee654810c300fb909ccd157284b6d6f5b1b78a47bfa04771243;51;0
761;0x25d9ba23b0ca0ee654810c300fb909ccd157284b6d6f5b1b78a47bfa04771243;52;0
762;0x25d9ba23b0ca0ee654810c300fb909ccd157284b6d6f5b1b78a47bfa04771243;53;0
763;0x25d9ba23b0ca0ee654810c300fb909ccd157284b6d6f5b1b78a47bfa04771243;52;0
764;0x25d9ba23b0ca0ee654810c300fb909ccd157284b6d6f5b1b78a47bfa04771243;52;0
765;0x25d9ba23b0ca0ee654810c300fb909ccd157284b6d6f5b1b78a47bfa04771243;52;0
766;0x25d9ba23b0ca0ee654810c300fb909ccd157284b6d6f5b1b78a47bfa04771243;51;0
767;0x25d9ba23b0ca0ee654810c300fb909ccd157284b6d6f5b1b78a47bfa04771243;54;0
768;0x25d9ba23b0ca0ee654810c300fb909ccd157284b6d6f5b1b78a47bfa04771243;52;0
769;0x25d9ba23b0ca0ee654810c300fb909ccd157284b6d6f5b1b78a47bfa04771243;54;0
770;0x25d9ba23b0ca0ee654810c300fb909ccd157284b6d6f5b1b78a47bfa04771243;52;0
771;0x25d9ba23b0ca0ee654810c300fb909ccd157284b6d6f5b1b78a47bfa04771243;53;0
772;0x25d9ba23b0ca0ee654810c300fb909ccd157284b6d6f5b1b78a47bfa04771243;52;0
773;0x25d9ba23b0ca0ee654810c300fb909ccd157284b6d6f5b1b78a47bfa04771243;51;0
774;0x25d9ba23b0ca0ee654810c300fb909ccd157284b6d6f5b1b78a47bfa04771243;52;0
775;0x25d9ba23b0ca0ee654810c300fb909ccd157284b6d6f5b1b78a47bfa04771243;52;0
776;0x25d9ba23b0ca0ee654810c300fb909ccd157284b6d6f5b1b78a47bfa04771243;52;0
777;0x25d9ba23b0ca0ee654810c300fb909ccd157284b6d6f5b1b78a47bfa04771243;52;0
778;0x25d9ba23b0ca0ee654810c300fb909ccd157284b6d6f5b1b78a47bfa04771243;52;0
779;0x25d9ba23b0ca0ee654810c300fb909ccd157284b6d6f5b1b78a47bfa04771243;53;0
780;0x25d9ba23b0ca0ee654810c300fb909ccd157284b6d6f5b1b78a47bfa04771243;51;0
781;0x25d9ba23b0ca0ee654810c300fb909ccd157284b6d6f5b1b78a47bfa04771243;56;0
782;0x25d9ba23b0ca0ee654810c300fb909ccd157284b6d6f5b1b78a47bfa04771243;52;0
783;0x25d9ba23b0ca0ee654810c300fb909ccd157284b6d6f5b1b78a47bfa04771243;53;0
784;0x25d9ba23b0ca0ee654810c300fb909ccd157284b6d6f5b1b78a47bfa04771243;51;0
785;0x25d9ba23b0ca0ee654810c300fb909ccd157284b6d6f5b1b78a47bfa04771243;51;0
786;0x25d9ba23b0ca0ee654810c300fb909ccd157284b6d6f5b1b78a47bfa04771243;51;0
787;0x25d9ba23b0ca0ee654810c300fb909ccd157284b6d6f5b1b78a47bfa04771243;55;0
788;0x25d9ba23b0ca0ee654810c300fb909ccd157284b6d6f5b1b78a47bfa04771243;56;0
789;0x25d9ba23b0ca0ee654810c300fb909ccd157284b6d6f5b1b78a47bfa04771243;61;0
790;0x25d9ba23b0ca0ee654810c300fb909ccd157284b6d6f5b1b78a47bfa04771243;57;0
791;0x25d9ba23b0ca0ee654810c300fb909ccd157284b6d6f5b1b78a47bfa04771243;57;0
792;0x25d9ba23b0ca0ee654810c300fb909ccd157284b6d6f5b1b78a47bfa04771243;52;0
793;0x25d9ba23b0ca0ee654810c300fb909ccd157284b6d6f5b1b78a47bfa04771243;51;0
794;0x25d9ba23b0ca0ee654810c300fb909ccd157284b6d6f5b1b78a47bfa04771243;55;0
795;0x25d9ba23b0ca0ee654810c300fb909ccd157284b6d6f5b1b78a47bfa04771243;55;0
796;0x25d9ba23b0ca0ee654810c300fb909ccd157284b6d6f5b1b78a47bfa04771243;67;0
797;0x25d9ba23b0ca0ee654810c300fb909ccd157284b6d6f5b1b78a47bfa04771243;53;0
798;0x25d9ba23b0ca0ee654810c300fb909ccd157284b6d6f5b1b78a47bfa04771243;60;0
799;0x25d9ba23b0ca0ee654810c300fb909ccd157284b6d6f5b1b78a47bfa04771243;56;0
800;0x25d9ba23b0ca0ee654810c300fb909ccd157284b6d6f5b1b78a47bfa04771243;51;0
801;0x25d9ba23b0ca0ee654810c300fb909ccd157284b6d6f5b1b78a47bfa04771243;53;0
802;0x25d9ba23b0ca0ee654810c300fb909ccd157284b6d6f5b1b78a47bfa04771243;52;0
803;0x25d9ba23b0ca0ee654810c300fb909ccd157284b6d6f5b1b78a47bfa04771243;52;0
804;0x25d9ba23b0ca0ee654810c300fb909ccd157284b6d6f5b1b78a47bfa04771243;51;0
805;0x25d9ba23b0ca0ee654810c300fb909ccd157284b6d6f5b1b78a47bfa04771243;52;0
806;0x25d9ba23b0ca0ee654810c300fb909ccd157284b6d6f5b1b78a47bfa04771243;52;0
807;0x25d9ba23b0ca0ee654810c300fb909ccd157284b6d6f5b1b78a47bfa04771243;53;0
808;0x25d9ba23b0ca0ee654810c300fb909ccd157284b6d6f5b1b78a47bfa04771243;54;0
809;0x25d9ba23b0ca0ee654810c300fb909ccd157284b6d6f5b1b78a47bfa04771243;52;0
810;0x25d9ba23b0ca0ee654810c300fb909ccd157284b6d6f5b1b78a47bfa04771243;51;0
811;0x25d9ba23b0ca0ee654810c300fb909ccd157284b6d6f5b1b78a47bfa04771243;53;0
812;0x25d9ba23b0ca0ee654810c300fb909ccd157284b6d6f5b1b78a47bfa04771243;52;0
813;0x25d9ba23b0ca0ee654810c300fb909ccd157284b6d6f5b1b78a47bfa04771243;52;0
814;0x25d9ba23b0ca0ee654810c300fb909ccd157284b6d6f5b1b78a47bfa04771243;53;0
815;0x25d9ba23b0ca0ee654810c300fb909ccd157284b6d6f5b1b78a47bfa04771243;52;0
816;0x25d9ba23b0ca0ee654810c300fb909ccd157284b6d6f5b1b78a47bfa04771243;50;0
817;0x25d9ba23b0ca0ee654810c300fb909ccd157284b6d6f5b1b78a47bfa04771243;53;0
818;0x25d9ba23b0ca0ee654810c300fb909ccd157284b6d6f5b1b78a47bfa04771243;52;0
819;0x25d9ba23b0ca0ee654810c300fb909ccd157284b6d6f5b1b78a47bfa04771243;58;0
820;0x25d9ba23b0ca0ee654810c300fb909ccd157284b6d6f5b1b78a47bfa04771243;55;0
821;0x25d9ba23b0ca0ee654810c300fb909ccd157284b6d6f5b1b78a47bfa04771243;57;0
822;0x25d9ba23b0ca0ee654810c300fb909ccd157284b6d6f5b1b78a47bfa04771243;53;0
823;0x25d9ba23b0ca0ee654810c300fb909ccd157284b6d6f5b1b78a47bfa04771243;52;0
824;0x25d9ba23b0ca0ee654810c300fb909ccd157284b6d6f5b1b78a47bfa04771243;52;0
825;0x25d9ba23b0ca0ee654810c300fb909ccd157284b6d6f5b1b78a47bfa04771243;53;0
826;0x25d9ba23b0ca0ee654810c300fb909ccd157284b6d6f5b1b78a47bfa04771243;53;0
827;0x25d9ba23b0ca0ee654810c300fb909ccd157284b6d6f5b1b78a47bfa04771243;51;0
828;0x25d9ba23b0ca0ee654810c300fb909ccd157284b6d6f5b1b78a47bfa04771243;55;0
829;0x25d9ba23b0ca0ee654810c300fb909ccd157284b6d6f5b1b78a47bfa04771243;52;0
830;0x25d9ba23b0ca0ee654810c300fb909ccd157284b6d6f5b1b78a47bfa04771243;52;0
831;0x25d9ba23b0ca0ee654810c300fb909ccd157284b6d6f5b1b78a47bfa04771243;53;0
832;0x25d9ba23b0ca0ee654810c300fb909ccd157284b6d6f5b1b78a47bfa04771243;54;0
833;0x25d9ba23b0ca0ee654810c300fb909ccd157284b6d6f5b1b78a47bfa04771243;53;0
834;0x25d9ba23b0ca0ee654810c300fb909ccd157284b6d6f5b1b78a47bfa04771243;50;0
835;0x25d9ba23b0ca0ee654810c300fb909ccd157284b6d6f5b1b78a47bfa04771243;53;0
836;0x25d9ba23b0ca0ee654810c300fb909ccd157284b6d6f5b1b78a47bfa04771243;53;0
837;0x25d9ba23b0ca0ee654810c300fb909ccd157284b6d6f5b1b78a47bfa04771243;52;0
838;0x25d9ba23b0ca0ee654810c300fb909ccd157284b6d6f5b1b78a47bfa04771243;53;0
839;0x25d9ba23b0ca0ee654810c300fb909ccd157284b6d6f5b1b78a47bfa04771243;56;0
840;0x25d9ba23b0ca0ee654810c300fb909ccd157284b6d6f5b1b78a47bfa04771243;53;0
841;0x25d9ba23b0ca0ee654810c300fb909ccd157284b6d6f5b1b78a47bfa04771243;54;0
842;0x25d9ba23b0ca0ee654810c300fb909ccd157284b6d6f5b1b78a47bfa04771243;53;0
843;0x25d9ba23b0ca0ee654810c300fb909ccd157284b6d6f5b1b78a47bfa04771243;58;0
844;0x25d9ba23b0ca0ee654810c300fb909ccd157284b6d6f5b1b78a47bfa04771243;51;0
845;0x25d9ba23b0ca0ee654810c300fb909ccd157284b6d6f5b1b78a47bfa04771243;51;0
846;0x25d9ba23b0ca0ee654810c300fb909ccd157284b6d6f5b1b78a47bfa04771243;53;0
847;0x25d9ba23b0ca0ee654810c300fb909ccd157284b6d6f5b1b78a47bfa04771243;52;0
848;0x25d9ba23b0ca0ee654810c300fb909ccd157284b6d6f5b1b78a47bfa04771243;50;0
849;0x25d9ba23b0ca0ee654810c300fb909ccd157284b6d6f5b1b78a47bfa04771243;54;0
850;0x25d9ba23b0ca0ee654810c300fb909ccd157284b6d6f5b1b78a47bfa04771243;54;0
851;0x25d9ba23b0ca0ee654810c300fb909ccd157284b6d6f5b1b78a47bfa04771243;53;0
852;0x25d9ba23b0ca0ee654810c300fb909ccd157284b6d6f5b1b78a47bfa04771243;52;0
853;0x25d9ba23b0ca0ee654810c300fb909ccd157284b6d6f5b1b78a47bfa04771243;51;0
854;0x25d9ba23b0ca0ee654810c300fb909ccd157284b6d6f5b1b78a47bfa04771243;52;0
855;0x25d9ba23b0ca0ee654810c300fb909ccd157284b6d6f5b1b78a47bfa04771243;54;0
856;0x25d9ba23b0ca0ee654810c300fb909ccd157284b6d6f5b1b78a47bfa04771243;56;0
857;0x25d9ba23b0ca0ee654810c300fb909ccd157284b6d6f5b1b78a47bfa04771243;52;0
858;0x25d9ba23b0ca0ee654810c300fb909ccd157284b6d6f5b1b78a47bfa04771243;51;0
859;0x25d9ba23b0ca0ee654810c300fb909ccd157284b6d6f5b1b78a47bfa04771243;52;0
860;0x25d9ba23b0ca0ee654810c300fb909ccd157284b6d6f5b1b78a47bfa04771243;52;0
861;0x25d9ba23b0ca0ee654810c300fb909ccd157284b6d6f5b1b78a47bfa04771243;52;0
862;0x25d9ba23b0ca0ee654810c300fb909ccd157284b6d6f5b1b78a47bfa04771243;58;0
863;0x25d9ba23b0ca0ee654810c300fb909ccd157284b6d6f5b1b78a47bfa04771243;56;0
864;0x25d9ba23b0ca0ee654810c300fb909ccd157284b6d6f5b1b78a47bfa04771243;54;0
865;0x25d9ba23b0ca0ee654810c300fb909ccd157284b6d6f5b1b78a47bfa04771243;51;0
866;0x25d9ba23b0ca0ee654810c300fb909ccd157284b6d6f5b1b78a47bfa04771243;52;0
867;0x25d9ba23b0ca0ee654810c300fb909ccd157284b6d6f5b1b78a47bfa04771243;53;0
868;0x25d9ba23b0ca0ee654810c300fb909ccd157284b6d6f5b1b78a47bfa04771243;52;0
869;0x25d9ba23b0ca0ee654810c300fb909ccd157284b6d6f5b1b78a47bfa04771243;51;0
870;0x25d9ba23b0ca0ee654810c300fb909ccd157284b6d6f5b1b78a47bfa04771243;52;0
871;0x25d9ba23b0ca0ee654810c300fb909ccd157284b6d6f5b1b78a47bfa04771243;52;0
872;0x25d9ba23b0ca0ee654810c300fb909ccd157284b6d6f5b1b78a47bfa04771243;51;0
873;0x25d9ba23b0ca0ee654810c300fb909ccd157284b6d6f5b1b78a47bfa04771243;52;0
874;0x25d9ba23b0ca0ee654810c300fb909ccd157284b6d6f5b1b78a47bfa04771243;52;0
875;0x25d9ba23b0ca0ee654810c300fb909ccd157284b6d6f5b1b78a47bfa04771243;53;0
876;0x25d9ba23b0ca0ee654810c300fb909ccd157284b6d6f5b1b78a47bfa04771243;53;0
877;0x25d9ba23b0ca0ee654810c300fb909ccd157284b6d6f5b1b78a47bfa04771243;52;0
878;0x25d9ba23b0ca0ee654810c300fb909ccd157284b6d6f5b1b78a47bfa04771243;52;0
879;0x25d9ba23b0ca0ee654810c300fb909ccd157284b6d6f5b1b78a47bfa04771243;52;0
880;0x25d9ba23b0ca0ee654810c300fb909ccd157284b6d6f5b1b78a47bfa04771243;52;0
881;0x25d9ba23b0ca0ee654810c300fb909ccd157284b6d6f5b1b78a47bfa04771243;53;0
882;0x25d9ba23b0ca0ee654810c300fb909ccd157284b6d6f5b1b78a47bfa04771243;53;0
883;0x25d9ba23b0ca0ee654810c300fb909ccd157284b6d6f5b1b78a47bfa04771243;52;0
884;0x25d9ba23b0ca0ee654810c300fb909ccd157284b6d6f5b1b78a47bfa04771243;53;0
885;0x25d9ba23b0ca0ee654810c300fb909ccd157284b6d6f5b1b78a47bfa04771243;54;0
886;0x25d9ba23b0ca0ee654810c300fb909ccd157284b6d6f5b1b78a47bfa04771243;51;0
887;0x25d9ba23b0ca0ee654810c300fb909ccd157284b6d6f5b1b78a47bfa04771243;52;0
888;0x25d9ba23b0ca0ee654810c300fb909ccd157284b6d6f5b1b78a47bfa04771243;51;0
889;0x25d9ba23b0ca0ee654810c300fb909ccd157284b6d6f5b1b78a47bfa04771243;56;0
890;0x25d9ba23b0ca0ee654810c300fb909ccd157284b6d6f5b1b78a47bfa04771243;53;0
891;0x25d9ba23b0ca0ee654810c300fb909ccd157284b6d6f5b1b78a47bfa04771243;52;0
892;0x25d9ba23b0ca0ee654810c300fb909ccd157284b6d6f5b1b78a47bfa04771243;52;0
893;0x25d9ba23b0ca0ee654810c300fb909ccd157284b6d6f5b1b78a47bfa04771243;51;0
894;0x25d9ba23b0ca0ee654810c300fb909ccd157284b6d6f5b1b78a47bfa04771243;54;0
895;0x25d9ba23b0ca0ee654810c300fb909ccd157284b6d6f5b1b78a47bfa04771243;51;0
896;0x25d9ba23b0ca0ee654810c300fb909ccd157284b6d6f5b1b78a47bfa04771243;56;0
897;0x25d9ba23b0ca0ee654810c300fb909ccd157284b6d6f5b1b78a47bfa04771243;53;0
898;0x25d9ba23b0ca0ee654810c300fb909ccd157284b6d6f5b1b78a47bfa04771243;54;0
899;0x25d9ba23b0ca0ee654810c300fb909ccd157284b6d6f5b1b78a47bfa04771243;52;0
900;0x25d9ba23b0ca0ee654810c300fb909ccd157284b6d6f5b1b78a47bfa04771243;51;0
901;0x25d9ba23b0ca0ee654810c300fb909ccd157284b6d6f5b1b78a47bfa04771243;52;0
902;0x25d9ba23b0ca0ee654810c300fb909ccd157284b6d6f5b1b78a47bfa04771243;52;0
903;0x25d9ba23b0ca0ee654810c300fb909ccd157284b6d6f5b1b78a47bfa04771243;54;0
904;0x25d9ba23b0ca0ee654810c300fb909ccd157284b6d6f5b1b78a47bfa04771243;55;0
905;0x25d9ba23b0ca0ee654810c300fb909ccd157284b6d6f5b1b78a47bfa04771243;52;0
906;0x25d9ba23b0ca0ee654810c300fb909ccd157284b6d6f5b1b78a47bfa04771243;51;0
907;0x25d9ba23b0ca0ee654810c300fb909ccd157284b6d6f5b1b78a47bfa04771243;53;0
908;0x25d9ba23b0ca0ee654810c300fb909ccd157284b6d6f5b1b78a47bfa04771243;56;0
909;0x25d9ba23b0ca0ee654810c300fb909ccd157284b6d6f5b1b78a47bfa04771243;53;0
910;0x25d9ba23b0ca0ee654810c300fb909ccd157284b6d6f5b1b78a47bfa04771243;54;0
911;0x25d9ba23b0ca0ee654810c300fb909ccd157284b6d6f5b1b78a47bfa04771243;53;0
912;0x25d9ba23b0ca0ee654810c300fb909ccd157284b6d6f5b1b78a47bfa04771243;51;0
913;0x25d9ba23b0ca0ee654810c300fb909ccd157284b6d6f5b1b78a47bfa04771243;52;0
914;0x25d9ba23b0ca0ee654810c300fb909ccd157284b6d6f5b1b78a47bfa04771243;52;0
915;0x25d9ba23b0ca0ee654810c300fb909ccd157284b6d6f5b1b78a47bfa04771243;53;0
916;0x25d9ba23b0ca0ee654810c300fb909ccd157284b6d6f5b1b78a47bfa04771243;53;0
917;0x25d9ba23b0ca0ee654810c300fb909ccd157284b6d6f5b1b78a47bfa04771243;54;0
918;0x25d9ba23b0ca0ee654810c300fb909ccd157284b6d6f5b1b78a47bfa04771243;54;0
919;0x25d9ba23b0ca0ee654810c300fb909ccd157284b6d6f5b1b78a47bfa04771243;53;0
920;0x25d9ba23b0ca0ee654810c300fb909ccd157284b6d6f5b1b78a47bfa04771243;53;0
921;0x25d9ba23b0ca0ee654810c300fb909ccd157284b6d6f5b1b78a47bfa04771243;52;0
922;0x25d9ba23b0ca0ee654810c300fb909ccd157284b6d6f5b1b78a47bfa04771243;53;0
923;0x25d9ba23b0ca0ee654810c300fb909ccd157284b6d6f5b1b78a47bfa04771243;51;0
924;0x25d9ba23b0ca0ee654810c300fb909ccd157284b6d6f5b1b78a47bfa04771243;54;0
925;0x25d9ba23b0ca0ee654810c300fb909ccd157284b6d6f5b1b78a47bfa04771243;52;0
926;0x25d9ba23b0ca0ee654810c300fb909ccd157284b6d6f5b1b78a47bfa04771243;54;0
927;0x25d9ba23b0ca0ee654810c300fb909ccd157284b6d6f5b1b78a47bfa04771243;60;0
928;0x25d9ba23b0ca0ee654810c300fb909ccd157284b6d6f5b1b78a47bfa04771243;52;0
929;0x25d9ba23b0ca0ee654810c300fb909ccd157284b6d6f5b1b78a47bfa04771243;53;0
930;0x25d9ba23b0ca0ee654810c300fb909ccd157284b6d6f5b1b78a47bfa04771243;52;0
931;0x25d9ba23b0ca0ee654810c300fb909ccd157284b6d6f5b1b78a47bfa04771243;52;0
932;0x25d9ba23b0ca0ee654810c300fb909ccd157284b6d6f5b1b78a47bfa04771243;52;0
933;0x25d9ba23b0ca0ee654810c300fb909ccd157284b6d6f5b1b78a47bfa04771243;53;0
934;0x25d9ba23b0ca0ee654810c300fb909ccd157284b6d6f5b1b78a47bfa04771243;53;0
935;0x25d9ba23b0ca0ee654810c300fb909ccd157284b6d6f5b1b78a47bfa04771243;53;0
936;0x25d9ba23b0ca0ee654810c300fb909ccd157284b6d6f5b1b78a47bfa04771243;52;0
937;0x25d9ba23b0ca0ee654810c300fb909ccd157284b6d6f5b1b78a47bfa04771243;53;0
938;0x25d9ba23b0ca0ee654810c300fb909ccd157284b6d6f5b1b78a47bfa04771243;51;0
939;0x25d9ba23b0ca0ee654810c300fb909ccd157284b6d6f5b1b78a47bfa04771243;53;0
940;0x25d9ba23b0ca0ee654810c300fb909ccd157284b6d6f5b1b78a47bfa04771243;57;0
941;0x25d9ba23b0ca0ee654810c300fb909ccd157284b6d6f5b1b78a47bfa04771243;59;0
942;0x25d9ba23b0ca0ee654810c300fb909ccd157284b6d6f5b1b78a47bfa04771243;52;0
943;0x25d9ba23b0ca0ee654810c300fb909ccd157284b6d6f5b1b78a47bfa04771243;52;0
944;0x25d9ba23b0ca0ee654810c300fb909ccd157284b6d6f5b1b78a47bfa04771243;53;0
945;0x25d9ba23b0ca0ee654810c300fb909ccd157284b6d6f5b1b78a47bfa04771243;53;0
946;0x25d9ba23b0ca0ee654810c300fb909ccd157284b6d6f5b1b78a47bfa04771243;51;0
947;0x25d9ba23b0ca0ee654810c300fb909ccd157284b6d6f5b1b78a47bfa04771243;53;0
948;0x25d9ba23b0ca0ee654810c300fb909ccd157284b6d6f5b1b78a47bfa04771243;53;0
949;0x25d9ba23b0ca0ee654810c300fb909ccd157284b6d6f5b1b78a47bfa04771243;52;0
950;0x25d9ba23b0ca0ee654810c300fb909ccd157284b6d6f5b1b78a47bfa04771243;58;0
951;0x25d9ba23b0ca0ee654810c300fb909ccd157284b6d6f5b1b78a47bfa04771243;52;0
952;0x25d9ba23b0ca0ee654810c300fb909ccd157284b6d6f5b1b78a47bfa04771243;53;0
953;0x25d9ba23b0ca0ee654810c300fb909ccd157284b6d6f5b1b78a47bfa04771243;52;0
954;0x25d9ba23b0ca0ee654810c300fb909ccd157284b6d6f5b1b78a47bfa04771243;51;0
955;0x25d9ba23b0ca0ee654810c300fb909ccd157284b6d6f5b1b78a47bfa04771243;52;0
956;0x25d9ba23b0ca0ee654810c300fb909ccd157284b6d6f5b1b78a47bfa04771243;53;0
957;0x25d9ba23b0ca0ee654810c300fb909ccd157284b6d6f5b1b78a47bfa04771243;51;0
958;0x25d9ba23b0ca0ee654810c300fb909ccd157284b6d6f5b1b78a47bfa04771243;53;0
959;0x25d9ba23b0ca0ee654810c300fb909ccd157284b6d6f5b1b78a47bfa04771243;53;0
960;0x25d9ba23b0ca0ee654810c300fb909ccd157284b6d6f5b1b78a47bfa04771243;53;0
961;0x25d9ba23b0ca0ee654810c300fb909ccd157284b6d6f5b1b78a47bfa04771243;53;0
962;0x25d9ba23b0ca0ee654810c300fb909ccd157284b6d6f5b1b78a47bfa04771243;52;0
963;0x25d9ba23b0ca0ee654810c300fb909ccd157284b6d6f5b1b78a47bfa04771243;53;0
964;0x25d9ba23b0ca0ee654810c300fb909ccd157284b6d6f5b1b78a47bfa04771243;53;0
965;0x25d9ba23b0ca0ee654810c300fb909ccd157284b6d6f5b1b78a47bfa04771243;53;0
966;0x25d9ba23b0ca0ee654810c300fb909ccd157284b6d6f5b1b78a47bfa04771243;53;0
967;0x25d9ba23b0ca0ee654810c300fb909ccd157284b6d6f5b1b78a47bfa04771243;54;0
968;0x25d9ba23b0ca0ee654810c300fb909ccd157284b6d6f5b1b78a47bfa04771243;53;0
969;0x25d9ba23b0ca0ee654810c300fb909ccd157284b6d6f5b1b78a47bfa04771243;52;0
970;0x25d9ba23b0ca0ee654810c300fb909ccd157284b6d6f5b1b78a47bfa04771243;51;0
971;0x25d9ba23b0ca0ee654810c300fb909ccd157284b6d6f5b1b78a47bfa04771243;53;0
972;0x25d9ba23b0ca0ee654810c300fb909ccd157284b6d6f5b1b78a47bfa04771243;54;0
973;0x25d9ba23b0ca0ee654810c300fb909ccd157284b6d6f5b1b78a47bfa04771243;54;0
974;0x25d9ba23b0ca0ee654810c300fb909ccd157284b6d6f5b1b78a47bfa04771243;53;0
975;0x25d9ba23b0ca0ee654810c300fb909ccd157284b6d6f5b1b78a47bfa04771243;54;0
976;0x25d9ba23b0ca0ee654810c300fb909ccd157284b6d6f5b1b78a47bfa04771243;54;0
977;0x25d9ba23b0ca0ee654810c300fb909ccd157284b6d6f5b1b78a47bfa04771243;54;0
978;0x25d9ba23b0ca0ee654810c300fb909ccd157284b6d6f5b1b78a47bfa04771243;55;0
979;0x25d9ba23b0ca0ee654810c300fb909ccd157284b6d6f5b1b78a47bfa04771243;52;0
980;0x25d9ba23b0ca0ee654810c300fb909ccd157284b6d6f5b1b78a47bfa04771243;52;0
981;0x25d9ba23b0ca0ee654810c300fb909ccd157284b6d6f5b1b78a47bfa04771243;54;0
982;0x25d9ba23b0ca0ee654810c300fb909ccd157284b6d6f5b1b78a47bfa04771243;55;0
983;0x25d9ba23b0ca0ee654810c300fb909ccd157284b6d6f5b1b78a47bfa04771243;53;0
984;0x25d9ba23b0ca0ee654810c300fb909ccd157284b6d6f5b1b78a47bfa04771243;53;0
985;0x25d9ba23b0ca0ee654810c300fb909ccd157284b6d6f5b1b78a47bfa04771243;56;0
986;0x25d9ba23b0ca0ee654810c300fb909ccd157284b6d6f5b1b78a47bfa04771243;54;0
987;0x25d9ba23b0ca0ee654810c300fb909ccd157284b6d6f5b1b78a47bfa04771243;54;0
988;0x25d9ba23b0ca0ee654810c300fb909ccd157284b6d6f5b1b78a47bfa04771243;54;0
989;0x25d9ba23b0ca0ee654810c300fb909ccd157284b6d6f5b1b78a47bfa04771243;53;0
990;0x25d9ba23b0ca0ee654810c300fb909ccd157284b6d6f5b1b78a47bfa04771243;52;0
991;0x25d9ba23b0ca0ee654810c300fb909ccd157284b6d6f5b1b78a47bfa04771243;53;0
992;0x25d9ba23b0ca0ee654810c300fb909ccd157284b6d6f5b1b78a47bfa04771243;51;0
993;0x25d9ba23b0ca0ee654810c300fb909ccd157284b6d6f5b1b78a47bfa04771243;54;0
994;0x25d9ba23b0ca0ee654810c300fb909ccd157284b6d6f5b1b78a47bfa04771243;52;0
995;0x25d9ba23b0ca0ee654810c300fb909ccd157284b6d6f5b1b78a47bfa04771243;53;0
996;0x25d9ba23b0ca0ee654810c300fb909ccd157284b6d6f5b1b78a47bfa04771243;51;0
997;0x25d9ba23b0ca0ee654810c300fb909ccd157284b6d6f5b1b78a47bfa04771243;54;0
998;0x25d9ba23b0ca0ee654810c300fb909ccd157284b6d6f5b1b78a47bfa04771243;58;0
999;0x25d9ba23b0ca0ee654810c300fb909ccd157284b6d6f5b1b78a47bfa04771243;55;0
1000;0x25d9ba23b0ca0ee654810c300fb909ccd157284b6d6f5b1b78a47bfa04771243;54;0
1001;0x25d9ba23b0ca0ee654810c300fb909ccd157284b6d6f5b1b78a47bfa04771243;53;0
1002;0x25d9ba23b0ca0ee654810c300fb909ccd157284b6d6f5b1b78a47bfa04771243;52;0
