ID;Event;Duration;Pattern Duration
0;0x97116cf6cd4f6412bb47914d6db18da9e16ab2142f543b86e207c24fbd16b23a;109;0
1;0x97116cf6cd4f6412bb47914d6db18da9e16ab2142f543b86e207c24fbd16b23a;107;0
2;0x97116cf6cd4f6412bb47914d6db18da9e16ab2142f543b86e207c24fbd16b23a;105;0
3;0x97116cf6cd4f6412bb47914d6db18da9e16ab2142f543b86e207c24fbd16b23a;108;0
4;0x97116cf6cd4f6412bb47914d6db18da9e16ab2142f543b86e207c24fbd16b23a;109;0
5;0x97116cf6cd4f6412bb47914d6db18da9e16ab2142f543b86e207c24fbd16b23a;107;0
6;0x97116cf6cd4f6412bb47914d6db18da9e16ab2142f543b86e207c24fbd16b23a;107;0
7;0x97116cf6cd4f6412bb47914d6db18da9e16ab2142f543b86e207c24fbd16b23a;108;0
8;0x97116cf6cd4f6412bb47914d6db18da9e16ab2142f543b86e207c24fbd16b23a;110;0
9;0x97116cf6cd4f6412bb47914d6db18da9e16ab2142f543b86e207c24fbd16b23a;111;0
10;0x97116cf6cd4f6412bb47914d6db18da9e16ab2142f543b86e207c24fbd16b23a;112;0
11;0x97116cf6cd4f6412bb47914d6db18da9e16ab2142f543b86e207c24fbd16b23a;108;0
12;0x97116cf6cd4f6412bb47914d6db18da9e16ab2142f543b86e207c24fbd16b23a;106;0
13;0x97116cf6cd4f6412bb47914d6db18da9e16ab2142f543b86e207c24fbd16b23a;111;0
14;0x97116cf6cd4f6412bb47914d6db18da9e16ab2142f543b86e207c24fbd16b23a;112;0
15;0x97116cf6cd4f6412bb47914d6db18da9e16ab2142f543b86e207c24fbd16b23a;106;0
16;0x97116cf6cd4f6412bb47914d6db18da9e16ab2142f543b86e207c24fbd16b23a;109;0
17;0x97116cf6cd4f6412bb47914d6db18da9e16ab2142f543b86e207c24fbd16b23a;107;0
18;0x97116cf6cd4f6412bb47914d6db18da9e16ab2142f543b86e207c24fbd16b23a;110;0
19;0x97116cf6cd4f6412bb47914d6db18da9e16ab2142f543b86e207c24fbd16b23a;108;0
20;0x97116cf6cd4f6412bb47914d6db18da9e16ab2142f543b86e207c24fbd16b23a;110;0
21;0x97116cf6cd4f6412bb47914d6db18da9e16ab2142f543b86e207c24fbd16b23a;113;0
22;0x97116cf6cd4f6412bb47914d6db18da9e16ab2142f543b86e207c24fbd16b23a;108;0
23;0x97116cf6cd4f6412bb47914d6db18da9e16ab2142f543b86e207c24fbd16b23a;106;0
24;0x97116cf6cd4f6412bb47914d6db18da9e16ab2142f543b86e207c24fbd16b23a;108;0
25;0x97116cf6cd4f6412bb47914d6db18da9e16ab2142f543b86e207c24fbd16b23a;105;0
26;0x97116cf6cd4f6412bb47914d6db18da9e16ab2142f543b86e207c24fbd16b23a;107;0
27;0x97116cf6cd4f6412bb47914d6db18da9e16ab2142f543b86e207c24fbd16b23a;110;0
28;0x97116cf6cd4f6412bb47914d6db18da9e16ab2142f543b86e207c24fbd16b23a;108;0
29;0x97116cf6cd4f6412bb47914d6db18da9e16ab2142f543b86e207c24fbd16b23a;112;0
30;0x97116cf6cd4f6412bb47914d6db18da9e16ab2142f543b86e207c24fbd16b23a;111;0
31;0x97116cf6cd4f6412bb47914d6db18da9e16ab2142f543b86e207c24fbd16b23a;108;0
32;0x97116cf6cd4f6412bb47914d6db18da9e16ab2142f543b86e207c24fbd16b23a;107;0
33;0x97116cf6cd4f6412bb47914d6db18da9e16ab2142f543b86e207c24fbd16b23a;109;0
34;0x97116cf6cd4f6412bb47914d6db18da9e16ab2142f543b86e207c24fbd16b23a;108;0
35;0x97116cf6cd4f6412bb47914d6db18da9e16ab2142f543b86e207c24fbd16b23a;108;0
36;0x97116cf6cd4f6412bb47914d6db18da9e16ab2142f543b86e207c24fbd16b23a;111;0
37;0x97116cf6cd4f6412bb47914d6db18da9e16ab2142f543b86e207c24fbd16b23a;109;0
38;0x97116cf6cd4f6412bb47914d6db18da9e16ab2142f543b86e207c24fbd16b23a;110;0
39;0x97116cf6cd4f6412bb47914d6db18da9e16ab2142f543b86e207c24fbd16b23a;110;0
40;0x97116cf6cd4f6412bb47914d6db18da9e16ab2142f543b86e207c24fbd16b23a;108;0
41;0x97116cf6cd4f6412bb47914d6db18da9e16ab2142f543b86e207c24fbd16b23a;108;0
42;0x97116cf6cd4f6412bb47914d6db18da9e16ab2142f543b86e207c24fbd16b23a;107;0
43;0x97116cf6cd4f6412bb47914d6db18da9e16ab2142f543b86e207c24fbd16b23a;108;0
44;0x97116cf6cd4f6412bb47914d6db18da9e16ab2142f543b86e207c24fbd16b23a;109;0
45;0x97116cf6cd4f6412bb47914d6db18da9e16ab2142f543b86e207c24fbd16b23a;110;0
46;0x97116cf6cd4f6412bb47914d6db18da9e16ab2142f543b86e207c24fbd16b23a;109;0
47;0x97116cf6cd4f6412bb47914d6db18da9e16ab2142f543b86e207c24fbd16b23a;107;0
48;0x97116cf6cd4f6412bb47914d6db18da9e16ab2142f543b86e207c24fbd16b23a;109;0
49;0x97116cf6cd4f6412bb47914d6db18da9e16ab2142f543b86e207c24fbd16b23a;108;0
50;0x97116cf6cd4f6412bb47914d6db18da9e16ab2142f543b86e207c24fbd16b23a;111;0
51;0x97116cf6cd4f6412bb47914d6db18da9e16ab2142f543b86e207c24fbd16b23a;116;0
52;0x97116cf6cd4f6412bb47914d6db18da9e16ab2142f543b86e207c24fbd16b23a;115;0
53;0x97116cf6cd4f6412bb47914d6db18da9e16ab2142f543b86e207c24fbd16b23a;109;0
54;0x97116cf6cd4f6412bb47914d6db18da9e16ab2142f543b86e207c24fbd16b23a;107;0
55;0x97116cf6cd4f6412bb47914d6db18da9e16ab2142f543b86e207c24fbd16b23a;107;0
56;0x97116cf6cd4f6412bb47914d6db18da9e16ab2142f543b86e207c24fbd16b23a;105;0
57;0x97116cf6cd4f6412bb47914d6db18da9e16ab2142f543b86e207c24fbd16b23a;109;0
58;0x97116cf6cd4f6412bb47914d6db18da9e16ab2142f543b86e207c24fbd16b23a;108;0
59;0x97116cf6cd4f6412bb47914d6db18da9e16ab2142f543b86e207c24fbd16b23a;109;0
60;0x97116cf6cd4f6412bb47914d6db18da9e16ab2142f543b86e207c24fbd16b23a;106;0
61;0x97116cf6cd4f6412bb47914d6db18da9e16ab2142f543b86e207c24fbd16b23a;109;0
62;0x97116cf6cd4f6412bb47914d6db18da9e16ab2142f543b86e207c24fbd16b23a;109;0
63;0x97116cf6cd4f6412bb47914d6db18da9e16ab2142f543b86e207c24fbd16b23a;107;0
64;0x97116cf6cd4f6412bb47914d6db18da9e16ab2142f543b86e207c24fbd16b23a;109;0
65;0x97116cf6cd4f6412bb47914d6db18da9e16ab2142f543b86e207c24fbd16b23a;106;0
66;0x97116cf6cd4f6412bb47914d6db18da9e16ab2142f543b86e207c24fbd16b23a;108;0
67;0x97116cf6cd4f6412bb47914d6db18da9e16ab2142f543b86e207c24fbd16b23a;109;0
68;0x97116cf6cd4f6412bb47914d6db18da9e16ab2142f543b86e207c24fbd16b23a;114;0
69;0x97116cf6cd4f6412bb47914d6db18da9e16ab2142f543b86e207c24fbd16b23a;112;0
70;0x97116cf6cd4f6412bb47914d6db18da9e16ab2142f543b86e207c24fbd16b23a;108;0
71;0x97116cf6cd4f6412bb47914d6db18da9e16ab2142f543b86e207c24fbd16b23a;112;0
72;0x97116cf6cd4f6412bb47914d6db18da9e16ab2142f543b86e207c24fbd16b23a;109;0
73;0x97116cf6cd4f6412bb47914d6db18da9e16ab2142f543b86e207c24fbd16b23a;110;0
74;0x97116cf6cd4f6412bb47914d6db18da9e16ab2142f543b86e207c24fbd16b23a;111;0
75;0x97116cf6cd4f6412bb47914d6db18da9e16ab2142f543b86e207c24fbd16b23a;107;0
76;0x97116cf6cd4f6412bb47914d6db18da9e16ab2142f543b86e207c24fbd16b23a;107;0
77;0x97116cf6cd4f6412bb47914d6db18da9e16ab2142f543b86e207c24fbd16b23a;108;0
78;0x97116cf6cd4f6412bb47914d6db18da9e16ab2142f543b86e207c24fbd16b23a;109;0
79;0x97116cf6cd4f6412bb47914d6db18da9e16ab2142f543b86e207c24fbd16b23a;108;0
80;0x97116cf6cd4f6412bb47914d6db18da9e16ab2142f543b86e207c24fbd16b23a;108;0
81;0x97116cf6cd4f6412bb47914d6db18da9e16ab2142f543b86e207c24fbd16b23a;119;0
82;0x97116cf6cd4f6412bb47914d6db18da9e16ab2142f543b86e207c24fbd16b23a;114;0
83;0x97116cf6cd4f6412bb47914d6db18da9e16ab2142f543b86e207c24fbd16b23a;107;0
84;0x97116cf6cd4f6412bb47914d6db18da9e16ab2142f543b86e207c24fbd16b23a;109;0
85;0x97116cf6cd4f6412bb47914d6db18da9e16ab2142f543b86e207c24fbd16b23a;110;0
86;0x97116cf6cd4f6412bb47914d6db18da9e16ab2142f543b86e207c24fbd16b23a;114;0
87;0x97116cf6cd4f6412bb47914d6db18da9e16ab2142f543b86e207c24fbd16b23a;113;0
88;0x97116cf6cd4f6412bb47914d6db18da9e16ab2142f543b86e207c24fbd16b23a;112;0
89;0x97116cf6cd4f6412bb47914d6db18da9e16ab2142f543b86e207c24fbd16b23a;112;0
90;0x97116cf6cd4f6412bb47914d6db18da9e16ab2142f543b86e207c24fbd16b23a;110;0
91;0x97116cf6cd4f6412bb47914d6db18da9e16ab2142f543b86e207c24fbd16b23a;110;0
92;0x97116cf6cd4f6412bb47914d6db18da9e16ab2142f543b86e207c24fbd16b23a;109;0
93;0x97116cf6cd4f6412bb47914d6db18da9e16ab2142f543b86e207c24fbd16b23a;109;0
94;0x97116cf6cd4f6412bb47914d6db18da9e16ab2142f543b86e207c24fbd16b23a;108;0
95;0x97116cf6cd4f6412bb47914d6db18da9e16ab2142f543b86e207c24fbd16b23a;109;0
96;0x97116cf6cd4f6412bb47914d6db18da9e16ab2142f543b86e207c24fbd16b23a;110;0
97;0x97116cf6cd4f6412bb47914d6db18da9e16ab2142f543b86e207c24fbd16b23a;105;0
98;0x97116cf6cd4f6412bb47914d6db18da9e16ab2142f543b86e207c24fbd16b23a;113;0
99;0x97116cf6cd4f6412bb47914d6db18da9e16ab2142f543b86e207c24fbd16b23a;109;0
100;0x97116cf6cd4f6412bb47914d6db18da9e16ab2142f543b86e207c24fbd16b23a;107;0
101;0x97116cf6cd4f6412bb47914d6db18da9e16ab2142f543b86e207c24fbd16b23a;108;0
102;0x97116cf6cd4f6412bb47914d6db18da9e16ab2142f543b86e207c24fbd16b23a;108;0
103;0x97116cf6cd4f6412bb47914d6db18da9e16ab2142f543b86e207c24fbd16b23a;110;0
104;0x97116cf6cd4f6412bb47914d6db18da9e16ab2142f543b86e207c24fbd16b23a;111;0
105;0x97116cf6cd4f6412bb47914d6db18da9e16ab2142f543b86e207c24fbd16b23a;112;0
106;0x97116cf6cd4f6412bb47914d6db18da9e16ab2142f543b86e207c24fbd16b23a;108;0
107;0x97116cf6cd4f6412bb47914d6db18da9e16ab2142f543b86e207c24fbd16b23a;108;0
108;0x97116cf6cd4f6412bb47914d6db18da9e16ab2142f543b86e207c24fbd16b23a;106;0
109;0x97116cf6cd4f6412bb47914d6db18da9e16ab2142f543b86e207c24fbd16b23a;111;0
110;0x97116cf6cd4f6412bb47914d6db18da9e16ab2142f543b86e207c24fbd16b23a;109;0
111;0x97116cf6cd4f6412bb47914d6db18da9e16ab2142f543b86e207c24fbd16b23a;108;0
112;0x97116cf6cd4f6412bb47914d6db18da9e16ab2142f543b86e207c24fbd16b23a;113;0
113;0x97116cf6cd4f6412bb47914d6db18da9e16ab2142f543b86e207c24fbd16b23a;115;0
114;0x97116cf6cd4f6412bb47914d6db18da9e16ab2142f543b86e207c24fbd16b23a;113;0
115;0x97116cf6cd4f6412bb47914d6db18da9e16ab2142f543b86e207c24fbd16b23a;109;0
116;0x97116cf6cd4f6412bb47914d6db18da9e16ab2142f543b86e207c24fbd16b23a;109;0
117;0x97116cf6cd4f6412bb47914d6db18da9e16ab2142f543b86e207c24fbd16b23a;108;0
118;0x97116cf6cd4f6412bb47914d6db18da9e16ab2142f543b86e207c24fbd16b23a;110;0
119;0x97116cf6cd4f6412bb47914d6db18da9e16ab2142f543b86e207c24fbd16b23a;109;0
120;0x97116cf6cd4f6412bb47914d6db18da9e16ab2142f543b86e207c24fbd16b23a;108;0
121;0x97116cf6cd4f6412bb47914d6db18da9e16ab2142f543b86e207c24fbd16b23a;116;0
122;0x97116cf6cd4f6412bb47914d6db18da9e16ab2142f543b86e207c24fbd16b23a;112;0
123;0x97116cf6cd4f6412bb47914d6db18da9e16ab2142f543b86e207c24fbd16b23a;108;0
124;0x97116cf6cd4f6412bb47914d6db18da9e16ab2142f543b86e207c24fbd16b23a;110;0
125;0x97116cf6cd4f6412bb47914d6db18da9e16ab2142f543b86e207c24fbd16b23a;113;0
126;0x97116cf6cd4f6412bb47914d6db18da9e16ab2142f543b86e207c24fbd16b23a;106;0
127;0x97116cf6cd4f6412bb47914d6db18da9e16ab2142f543b86e207c24fbd16b23a;109;0
128;0x97116cf6cd4f6412bb47914d6db18da9e16ab2142f543b86e207c24fbd16b23a;110;0
129;0x97116cf6cd4f6412bb47914d6db18da9e16ab2142f543b86e207c24fbd16b23a;109;0
130;0x97116cf6cd4f6412bb47914d6db18da9e16ab2142f543b86e207c24fbd16b23a;110;0
131;0x97116cf6cd4f6412bb47914d6db18da9e16ab2142f543b86e207c24fbd16b23a;107;0
132;0x97116cf6cd4f6412bb47914d6db18da9e16ab2142f543b86e207c24fbd16b23a;107;0
133;0x97116cf6cd4f6412bb47914d6db18da9e16ab2142f543b86e207c24fbd16b23a;111;0
134;0x97116cf6cd4f6412bb47914d6db18da9e16ab2142f543b86e207c24fbd16b23a;113;0
135;0x97116cf6cd4f6412bb47914d6db18da9e16ab2142f543b86e207c24fbd16b23a;108;0
136;0x97116cf6cd4f6412bb47914d6db18da9e16ab2142f543b86e207c24fbd16b23a;110;0
137;0x97116cf6cd4f6412bb47914d6db18da9e16ab2142f543b86e207c24fbd16b23a;106;0
138;0x97116cf6cd4f6412bb47914d6db18da9e16ab2142f543b86e207c24fbd16b23a;109;0
139;0x97116cf6cd4f6412bb47914d6db18da9e16ab2142f543b86e207c24fbd16b23a;109;0
140;0x97116cf6cd4f6412bb47914d6db18da9e16ab2142f543b86e207c24fbd16b23a;107;0
141;0x97116cf6cd4f6412bb47914d6db18da9e16ab2142f543b86e207c24fbd16b23a;106;0
142;0x97116cf6cd4f6412bb47914d6db18da9e16ab2142f543b86e207c24fbd16b23a;108;0
143;0x97116cf6cd4f6412bb47914d6db18da9e16ab2142f543b86e207c24fbd16b23a;116;0
144;0x97116cf6cd4f6412bb47914d6db18da9e16ab2142f543b86e207c24fbd16b23a;111;0
145;0x97116cf6cd4f6412bb47914d6db18da9e16ab2142f543b86e207c24fbd16b23a;112;0
146;0x97116cf6cd4f6412bb47914d6db18da9e16ab2142f543b86e207c24fbd16b23a;111;0
147;0x97116cf6cd4f6412bb47914d6db18da9e16ab2142f543b86e207c24fbd16b23a;109;0
148;0x97116cf6cd4f6412bb47914d6db18da9e16ab2142f543b86e207c24fbd16b23a;109;0
149;0x97116cf6cd4f6412bb47914d6db18da9e16ab2142f543b86e207c24fbd16b23a;109;0
150;0x97116cf6cd4f6412bb47914d6db18da9e16ab2142f543b86e207c24fbd16b23a;111;0
151;0x97116cf6cd4f6412bb47914d6db18da9e16ab2142f543b86e207c24fbd16b23a;112;0
152;0x97116cf6cd4f6412bb47914d6db18da9e16ab2142f543b86e207c24fbd16b23a;106;0
153;0x97116cf6cd4f6412bb47914d6db18da9e16ab2142f543b86e207c24fbd16b23a;110;0
154;0x97116cf6cd4f6412bb47914d6db18da9e16ab2142f543b86e207c24fbd16b23a;109;0
155;0x97116cf6cd4f6412bb47914d6db18da9e16ab2142f543b86e207c24fbd16b23a;109;0
156;0x97116cf6cd4f6412bb47914d6db18da9e16ab2142f543b86e207c24fbd16b23a;109;0
157;0x97116cf6cd4f6412bb47914d6db18da9e16ab2142f543b86e207c24fbd16b23a;110;0
158;0x97116cf6cd4f6412bb47914d6db18da9e16ab2142f543b86e207c24fbd16b23a;107;0
159;0x97116cf6cd4f6412bb47914d6db18da9e16ab2142f543b86e207c24fbd16b23a;108;0
160;0x97116cf6cd4f6412bb47914d6db18da9e16ab2142f543b86e207c24fbd16b23a;110;0
161;0x97116cf6cd4f6412bb47914d6db18da9e16ab2142f543b86e207c24fbd16b23a;107;0
162;0x97116cf6cd4f6412bb47914d6db18da9e16ab2142f543b86e207c24fbd16b23a;108;0
163;0x97116cf6cd4f6412bb47914d6db18da9e16ab2142f543b86e207c24fbd16b23a;110;0
164;0x97116cf6cd4f6412bb47914d6db18da9e16ab2142f543b86e207c24fbd16b23a;116;0
165;0x97116cf6cd4f6412bb47914d6db18da9e16ab2142f543b86e207c24fbd16b23a;113;0
166;0x97116cf6cd4f6412bb47914d6db18da9e16ab2142f543b86e207c24fbd16b23a;109;0
167;0x97116cf6cd4f6412bb47914d6db18da9e16ab2142f543b86e207c24fbd16b23a;109;0
168;0x97116cf6cd4f6412bb47914d6db18da9e16ab2142f543b86e207c24fbd16b23a;108;0
169;0x97116cf6cd4f6412bb47914d6db18da9e16ab2142f543b86e207c24fbd16b23a;115;0
170;0x97116cf6cd4f6412bb47914d6db18da9e16ab2142f543b86e207c24fbd16b23a;110;0
171;0x97116cf6cd4f6412bb47914d6db18da9e16ab2142f543b86e207c24fbd16b23a;108;0
172;0x97116cf6cd4f6412bb47914d6db18da9e16ab2142f543b86e207c24fbd16b23a;108;0
173;0x97116cf6cd4f6412bb47914d6db18da9e16ab2142f543b86e207c24fbd16b23a;110;0
174;0x97116cf6cd4f6412bb47914d6db18da9e16ab2142f543b86e207c24fbd16b23a;110;0
175;0x97116cf6cd4f6412bb47914d6db18da9e16ab2142f543b86e207c24fbd16b23a;109;0
176;0x97116cf6cd4f6412bb47914d6db18da9e16ab2142f543b86e207c24fbd16b23a;109;0
177;0x97116cf6cd4f6412bb47914d6db18da9e16ab2142f543b86e207c24fbd16b23a;107;0
178;0x97116cf6cd4f6412bb47914d6db18da9e16ab2142f543b86e207c24fbd16b23a;109;0
179;0x97116cf6cd4f6412bb47914d6db18da9e16ab2142f543b86e207c24fbd16b23a;108;0
180;0x97116cf6cd4f6412bb47914d6db18da9e16ab2142f543b86e207c24fbd16b23a;109;0
181;0x97116cf6cd4f6412bb47914d6db18da9e16ab2142f543b86e207c24fbd16b23a;108;0
182;0x97116cf6cd4f6412bb47914d6db18da9e16ab2142f543b86e207c24fbd16b23a;110;0
183;0x97116cf6cd4f6412bb47914d6db18da9e16ab2142f543b86e207c24fbd16b23a;109;0
184;0x97116cf6cd4f6412bb47914d6db18da9e16ab2142f543b86e207c24fbd16b23a;113;0
185;0x97116cf6cd4f6412bb47914d6db18da9e16ab2142f543b86e207c24fbd16b23a;110;0
186;0x97116cf6cd4f6412bb47914d6db18da9e16ab2142f543b86e207c24fbd16b23a;109;0
187;0x97116cf6cd4f6412bb47914d6db18da9e16ab2142f543b86e207c24fbd16b23a;110;0
188;0x97116cf6cd4f6412bb47914d6db18da9e16ab2142f543b86e207c24fbd16b23a;108;0
189;0x97116cf6cd4f6412bb47914d6db18da9e16ab2142f543b86e207c24fbd16b23a;112;0
190;0x97116cf6cd4f6412bb47914d6db18da9e16ab2142f543b86e207c24fbd16b23a;109;0
191;0x97116cf6cd4f6412bb47914d6db18da9e16ab2142f543b86e207c24fbd16b23a;107;0
192;0x97116cf6cd4f6412bb47914d6db18da9e16ab2142f543b86e207c24fbd16b23a;109;0
193;0x97116cf6cd4f6412bb47914d6db18da9e16ab2142f543b86e207c24fbd16b23a;111;0
194;0x97116cf6cd4f6412bb47914d6db18da9e16ab2142f543b86e207c24fbd16b23a;111;0
195;0x97116cf6cd4f6412bb47914d6db18da9e16ab2142f543b86e207c24fbd16b23a;110;0
196;0x97116cf6cd4f6412bb47914d6db18da9e16ab2142f543b86e207c24fbd16b23a;109;0
197;0x97116cf6cd4f6412bb47914d6db18da9e16ab2142f543b86e207c24fbd16b23a;109;0
198;0x97116cf6cd4f6412bb47914d6db18da9e16ab2142f543b86e207c24fbd16b23a;108;0
199;0x97116cf6cd4f6412bb47914d6db18da9e16ab2142f543b86e207c24fbd16b23a;108;0
200;0x97116cf6cd4f6412bb47914d6db18da9e16ab2142f543b86e207c24fbd16b23a;110;0
201;0x97116cf6cd4f6412bb47914d6db18da9e16ab2142f543b86e207c24fbd16b23a;110;0
202;0x97116cf6cd4f6412bb47914d6db18da9e16ab2142f543b86e207c24fbd16b23a;112;0
203;0x97116cf6cd4f6412bb47914d6db18da9e16ab2142f543b86e207c24fbd16b23a;109;0
204;0x97116cf6cd4f6412bb47914d6db18da9e16ab2142f543b86e207c24fbd16b23a;113;0
205;0x97116cf6cd4f6412bb47914d6db18da9e16ab2142f543b86e207c24fbd16b23a;110;0
206;0x97116cf6cd4f6412bb47914d6db18da9e16ab2142f543b86e207c24fbd16b23a;112;0
207;0x97116cf6cd4f6412bb47914d6db18da9e16ab2142f543b86e207c24fbd16b23a;118;0
208;0x97116cf6cd4f6412bb47914d6db18da9e16ab2142f543b86e207c24fbd16b23a;117;0
209;0x97116cf6cd4f6412bb47914d6db18da9e16ab2142f543b86e207c24fbd16b23a;109;0
210;0x97116cf6cd4f6412bb47914d6db18da9e16ab2142f543b86e207c24fbd16b23a;105;0
211;0x97116cf6cd4f6412bb47914d6db18da9e16ab2142f543b86e207c24fbd16b23a;107;0
212;0x97116cf6cd4f6412bb47914d6db18da9e16ab2142f543b86e207c24fbd16b23a;109;0
213;0x97116cf6cd4f6412bb47914d6db18da9e16ab2142f543b86e207c24fbd16b23a;106;0
214;0x97116cf6cd4f6412bb47914d6db18da9e16ab2142f543b86e207c24fbd16b23a;110;0
215;0x97116cf6cd4f6412bb47914d6db18da9e16ab2142f543b86e207c24fbd16b23a;114;0
216;0x97116cf6cd4f6412bb47914d6db18da9e16ab2142f543b86e207c24fbd16b23a;107;0
217;0x97116cf6cd4f6412bb47914d6db18da9e16ab2142f543b86e207c24fbd16b23a;109;0
218;0x97116cf6cd4f6412bb47914d6db18da9e16ab2142f543b86e207c24fbd16b23a;110;0
219;0x97116cf6cd4f6412bb47914d6db18da9e16ab2142f543b86e207c24fbd16b23a;112;0
220;0x97116cf6cd4f6412bb47914d6db18da9e16ab2142f543b86e207c24fbd16b23a;109;0
221;0x97116cf6cd4f6412bb47914d6db18da9e16ab2142f543b86e207c24fbd16b23a;108;0
222;0x97116cf6cd4f6412bb47914d6db18da9e16ab2142f543b86e207c24fbd16b23a;113;0
223;0x97116cf6cd4f6412bb47914d6db18da9e16ab2142f543b86e207c24fbd16b23a;106;0
224;0x97116cf6cd4f6412bb47914d6db18da9e16ab2142f543b86e207c24fbd16b23a;108;0
225;0x97116cf6cd4f6412bb47914d6db18da9e16ab2142f543b86e207c24fbd16b23a;108;0
226;0x97116cf6cd4f6412bb47914d6db18da9e16ab2142f543b86e207c24fbd16b23a;109;0
227;0x97116cf6cd4f6412bb47914d6db18da9e16ab2142f543b86e207c24fbd16b23a;105;0
228;0x97116cf6cd4f6412bb47914d6db18da9e16ab2142f543b86e207c24fbd16b23a;109;0
229;0x97116cf6cd4f6412bb47914d6db18da9e16ab2142f543b86e207c24fbd16b23a;106;0
230;0x97116cf6cd4f6412bb47914d6db18da9e16ab2142f543b86e207c24fbd16b23a;118;0
231;0x97116cf6cd4f6412bb47914d6db18da9e16ab2142f543b86e207c24fbd16b23a;113;0
232;0x97116cf6cd4f6412bb47914d6db18da9e16ab2142f543b86e207c24fbd16b23a;107;0
233;0x97116cf6cd4f6412bb47914d6db18da9e16ab2142f543b86e207c24fbd16b23a;108;0
234;0x97116cf6cd4f6412bb47914d6db18da9e16ab2142f543b86e207c24fbd16b23a;110;0
235;0x97116cf6cd4f6412bb47914d6db18da9e16ab2142f543b86e207c24fbd16b23a;108;0
236;0x97116cf6cd4f6412bb47914d6db18da9e16ab2142f543b86e207c24fbd16b23a;110;0
237;0x97116cf6cd4f6412bb47914d6db18da9e16ab2142f543b86e207c24fbd16b23a;109;0
238;0x97116cf6cd4f6412bb47914d6db18da9e16ab2142f543b86e207c24fbd16b23a;112;0
239;0x97116cf6cd4f6412bb47914d6db18da9e16ab2142f543b86e207c24fbd16b23a;108;0
240;0x97116cf6cd4f6412bb47914d6db18da9e16ab2142f543b86e207c24fbd16b23a;116;0
241;0x97116cf6cd4f6412bb47914d6db18da9e16ab2142f543b86e207c24fbd16b23a;114;0
242;0x97116cf6cd4f6412bb47914d6db18da9e16ab2142f543b86e207c24fbd16b23a;118;0
243;0x97116cf6cd4f6412bb47914d6db18da9e16ab2142f543b86e207c24fbd16b23a;108;0
244;0x97116cf6cd4f6412bb47914d6db18da9e16ab2142f543b86e207c24fbd16b23a;108;0
245;0x97116cf6cd4f6412bb47914d6db18da9e16ab2142f543b86e207c24fbd16b23a;111;0
246;0x97116cf6cd4f6412bb47914d6db18da9e16ab2142f543b86e207c24fbd16b23a;115;0
247;0x97116cf6cd4f6412bb47914d6db18da9e16ab2142f543b86e207c24fbd16b23a;112;0
248;0x97116cf6cd4f6412bb47914d6db18da9e16ab2142f543b86e207c24fbd16b23a;115;0
249;0x97116cf6cd4f6412bb47914d6db18da9e16ab2142f543b86e207c24fbd16b23a;109;0
250;0x97116cf6cd4f6412bb47914d6db18da9e16ab2142f543b86e207c24fbd16b23a;110;0
251;0x97116cf6cd4f6412bb47914d6db18da9e16ab2142f543b86e207c24fbd16b23a;113;0
252;0x97116cf6cd4f6412bb47914d6db18da9e16ab2142f543b86e207c24fbd16b23a;110;0
253;0x97116cf6cd4f6412bb47914d6db18da9e16ab2142f543b86e207c24fbd16b23a;108;0
254;0x97116cf6cd4f6412bb47914d6db18da9e16ab2142f543b86e207c24fbd16b23a;108;0
255;0x97116cf6cd4f6412bb47914d6db18da9e16ab2142f543b86e207c24fbd16b23a;110;0
256;0x97116cf6cd4f6412bb47914d6db18da9e16ab2142f543b86e207c24fbd16b23a;114;0
257;0x97116cf6cd4f6412bb47914d6db18da9e16ab2142f543b86e207c24fbd16b23a;113;0
258;0x97116cf6cd4f6412bb47914d6db18da9e16ab2142f543b86e207c24fbd16b23a;109;0
259;0x97116cf6cd4f6412bb47914d6db18da9e16ab2142f543b86e207c24fbd16b23a;112;0
260;0x97116cf6cd4f6412bb47914d6db18da9e16ab2142f543b86e207c24fbd16b23a;111;0
261;0x97116cf6cd4f6412bb47914d6db18da9e16ab2142f543b86e207c24fbd16b23a;112;0
262;0x97116cf6cd4f6412bb47914d6db18da9e16ab2142f543b86e207c24fbd16b23a;110;0
263;0x97116cf6cd4f6412bb47914d6db18da9e16ab2142f543b86e207c24fbd16b23a;110;0
264;0x97116cf6cd4f6412bb47914d6db18da9e16ab2142f543b86e207c24fbd16b23a;110;0
265;0x97116cf6cd4f6412bb47914d6db18da9e16ab2142f543b86e207c24fbd16b23a;107;0
266;0x97116cf6cd4f6412bb47914d6db18da9e16ab2142f543b86e207c24fbd16b23a;113;0
267;0x97116cf6cd4f6412bb47914d6db18da9e16ab2142f543b86e207c24fbd16b23a;107;0
268;0x97116cf6cd4f6412bb47914d6db18da9e16ab2142f543b86e207c24fbd16b23a;109;0
269;0x97116cf6cd4f6412bb47914d6db18da9e16ab2142f543b86e207c24fbd16b23a;110;0
270;0x97116cf6cd4f6412bb47914d6db18da9e16ab2142f543b86e207c24fbd16b23a;114;0
271;0x97116cf6cd4f6412bb47914d6db18da9e16ab2142f543b86e207c24fbd16b23a;110;0
272;0x97116cf6cd4f6412bb47914d6db18da9e16ab2142f543b86e207c24fbd16b23a;115;0
273;0x97116cf6cd4f6412bb47914d6db18da9e16ab2142f543b86e207c24fbd16b23a;107;0
274;0x97116cf6cd4f6412bb47914d6db18da9e16ab2142f543b86e207c24fbd16b23a;107;0
275;0x97116cf6cd4f6412bb47914d6db18da9e16ab2142f543b86e207c24fbd16b23a;106;0
276;0x97116cf6cd4f6412bb47914d6db18da9e16ab2142f543b86e207c24fbd16b23a;106;0
277;0x97116cf6cd4f6412bb47914d6db18da9e16ab2142f543b86e207c24fbd16b23a;111;0
278;0x97116cf6cd4f6412bb47914d6db18da9e16ab2142f543b86e207c24fbd16b23a;112;0
279;0x97116cf6cd4f6412bb47914d6db18da9e16ab2142f543b86e207c24fbd16b23a;108;0
280;0x97116cf6cd4f6412bb47914d6db18da9e16ab2142f543b86e207c24fbd16b23a;107;0
281;0x97116cf6cd4f6412bb47914d6db18da9e16ab2142f543b86e207c24fbd16b23a;117;0
282;0x97116cf6cd4f6412bb47914d6db18da9e16ab2142f543b86e207c24fbd16b23a;103;0
283;0x97116cf6cd4f6412bb47914d6db18da9e16ab2142f543b86e207c24fbd16b23a;108;0
284;0x97116cf6cd4f6412bb47914d6db18da9e16ab2142f543b86e207c24fbd16b23a;111;0
285;0x97116cf6cd4f6412bb47914d6db18da9e16ab2142f543b86e207c24fbd16b23a;109;0
286;0x97116cf6cd4f6412bb47914d6db18da9e16ab2142f543b86e207c24fbd16b23a;109;0
287;0x97116cf6cd4f6412bb47914d6db18da9e16ab2142f543b86e207c24fbd16b23a;111;0
288;0x97116cf6cd4f6412bb47914d6db18da9e16ab2142f543b86e207c24fbd16b23a;104;0
289;0x97116cf6cd4f6412bb47914d6db18da9e16ab2142f543b86e207c24fbd16b23a;109;0
290;0x97116cf6cd4f6412bb47914d6db18da9e16ab2142f543b86e207c24fbd16b23a;120;0
291;0x97116cf6cd4f6412bb47914d6db18da9e16ab2142f543b86e207c24fbd16b23a;106;0
292;0x97116cf6cd4f6412bb47914d6db18da9e16ab2142f543b86e207c24fbd16b23a;108;0
293;0x97116cf6cd4f6412bb47914d6db18da9e16ab2142f543b86e207c24fbd16b23a;106;0
294;0x97116cf6cd4f6412bb47914d6db18da9e16ab2142f543b86e207c24fbd16b23a;108;0
295;0x97116cf6cd4f6412bb47914d6db18da9e16ab2142f543b86e207c24fbd16b23a;110;0
296;0x97116cf6cd4f6412bb47914d6db18da9e16ab2142f543b86e207c24fbd16b23a;109;0
297;0x97116cf6cd4f6412bb47914d6db18da9e16ab2142f543b86e207c24fbd16b23a;112;0
298;0x97116cf6cd4f6412bb47914d6db18da9e16ab2142f543b86e207c24fbd16b23a;110;0
299;0x97116cf6cd4f6412bb47914d6db18da9e16ab2142f543b86e207c24fbd16b23a;109;0
300;0x97116cf6cd4f6412bb47914d6db18da9e16ab2142f543b86e207c24fbd16b23a;110;0
301;0x97116cf6cd4f6412bb47914d6db18da9e16ab2142f543b86e207c24fbd16b23a;112;0
302;0x97116cf6cd4f6412bb47914d6db18da9e16ab2142f543b86e207c24fbd16b23a;110;0
303;0x97116cf6cd4f6412bb47914d6db18da9e16ab2142f543b86e207c24fbd16b23a;116;0
304;0x97116cf6cd4f6412bb47914d6db18da9e16ab2142f543b86e207c24fbd16b23a;122;0
305;0x97116cf6cd4f6412bb47914d6db18da9e16ab2142f543b86e207c24fbd16b23a;110;0
306;0x97116cf6cd4f6412bb47914d6db18da9e16ab2142f543b86e207c24fbd16b23a;112;0
307;0x97116cf6cd4f6412bb47914d6db18da9e16ab2142f543b86e207c24fbd16b23a;114;0
308;0x97116cf6cd4f6412bb47914d6db18da9e16ab2142f543b86e207c24fbd16b23a;111;0
309;0x97116cf6cd4f6412bb47914d6db18da9e16ab2142f543b86e207c24fbd16b23a;111;0
310;0x97116cf6cd4f6412bb47914d6db18da9e16ab2142f543b86e207c24fbd16b23a;112;0
311;0x97116cf6cd4f6412bb47914d6db18da9e16ab2142f543b86e207c24fbd16b23a;109;0
312;0x97116cf6cd4f6412bb47914d6db18da9e16ab2142f543b86e207c24fbd16b23a;106;0
313;0x97116cf6cd4f6412bb47914d6db18da9e16ab2142f543b86e207c24fbd16b23a;109;0
314;0x97116cf6cd4f6412bb47914d6db18da9e16ab2142f543b86e207c24fbd16b23a;109;0
315;0x97116cf6cd4f6412bb47914d6db18da9e16ab2142f543b86e207c24fbd16b23a;108;0
316;0x97116cf6cd4f6412bb47914d6db18da9e16ab2142f543b86e207c24fbd16b23a;109;0
317;0x97116cf6cd4f6412bb47914d6db18da9e16ab2142f543b86e207c24fbd16b23a;111;0
318;0x97116cf6cd4f6412bb47914d6db18da9e16ab2142f543b86e207c24fbd16b23a;126;0
319;0x97116cf6cd4f6412bb47914d6db18da9e16ab2142f543b86e207c24fbd16b23a;115;0
320;0x97116cf6cd4f6412bb47914d6db18da9e16ab2142f543b86e207c24fbd16b23a;114;0
321;0x97116cf6cd4f6412bb47914d6db18da9e16ab2142f543b86e207c24fbd16b23a;107;0
322;0x97116cf6cd4f6412bb47914d6db18da9e16ab2142f543b86e207c24fbd16b23a;107;0
323;0x97116cf6cd4f6412bb47914d6db18da9e16ab2142f543b86e207c24fbd16b23a;107;0
324;0x97116cf6cd4f6412bb47914d6db18da9e16ab2142f543b86e207c24fbd16b23a;117;0
325;0x97116cf6cd4f6412bb47914d6db18da9e16ab2142f543b86e207c24fbd16b23a;116;0
326;0x97116cf6cd4f6412bb47914d6db18da9e16ab2142f543b86e207c24fbd16b23a;114;0
327;0x97116cf6cd4f6412bb47914d6db18da9e16ab2142f543b86e207c24fbd16b23a;110;0
328;0x97116cf6cd4f6412bb47914d6db18da9e16ab2142f543b86e207c24fbd16b23a;120;0
329;0x97116cf6cd4f6412bb47914d6db18da9e16ab2142f543b86e207c24fbd16b23a;111;0
330;0x97116cf6cd4f6412bb47914d6db18da9e16ab2142f543b86e207c24fbd16b23a;110;0
331;0x97116cf6cd4f6412bb47914d6db18da9e16ab2142f543b86e207c24fbd16b23a;109;0
332;0x97116cf6cd4f6412bb47914d6db18da9e16ab2142f543b86e207c24fbd16b23a;109;0
333;0x97116cf6cd4f6412bb47914d6db18da9e16ab2142f543b86e207c24fbd16b23a;114;0
334;0x97116cf6cd4f6412bb47914d6db18da9e16ab2142f543b86e207c24fbd16b23a;107;0
335;0x97116cf6cd4f6412bb47914d6db18da9e16ab2142f543b86e207c24fbd16b23a;116;0
336;0x97116cf6cd4f6412bb47914d6db18da9e16ab2142f543b86e207c24fbd16b23a;108;0
337;0x97116cf6cd4f6412bb47914d6db18da9e16ab2142f543b86e207c24fbd16b23a;117;0
338;0x97116cf6cd4f6412bb47914d6db18da9e16ab2142f543b86e207c24fbd16b23a;113;0
339;0x97116cf6cd4f6412bb47914d6db18da9e16ab2142f543b86e207c24fbd16b23a;116;0
340;0x97116cf6cd4f6412bb47914d6db18da9e16ab2142f543b86e207c24fbd16b23a;118;0
341;0x97116cf6cd4f6412bb47914d6db18da9e16ab2142f543b86e207c24fbd16b23a;110;0
342;0x97116cf6cd4f6412bb47914d6db18da9e16ab2142f543b86e207c24fbd16b23a;113;0
343;0x97116cf6cd4f6412bb47914d6db18da9e16ab2142f543b86e207c24fbd16b23a;110;0
344;0x97116cf6cd4f6412bb47914d6db18da9e16ab2142f543b86e207c24fbd16b23a;110;0
345;0x97116cf6cd4f6412bb47914d6db18da9e16ab2142f543b86e207c24fbd16b23a;113;0
346;0x97116cf6cd4f6412bb47914d6db18da9e16ab2142f543b86e207c24fbd16b23a;110;0
347;0x97116cf6cd4f6412bb47914d6db18da9e16ab2142f543b86e207c24fbd16b23a;106;0
348;0x97116cf6cd4f6412bb47914d6db18da9e16ab2142f543b86e207c24fbd16b23a;107;0
349;0x97116cf6cd4f6412bb47914d6db18da9e16ab2142f543b86e207c24fbd16b23a;109;0
350;0x97116cf6cd4f6412bb47914d6db18da9e16ab2142f543b86e207c24fbd16b23a;114;0
351;0x97116cf6cd4f6412bb47914d6db18da9e16ab2142f543b86e207c24fbd16b23a;109;0
352;0x97116cf6cd4f6412bb47914d6db18da9e16ab2142f543b86e207c24fbd16b23a;112;0
353;0x97116cf6cd4f6412bb47914d6db18da9e16ab2142f543b86e207c24fbd16b23a;109;0
354;0x97116cf6cd4f6412bb47914d6db18da9e16ab2142f543b86e207c24fbd16b23a;109;0
355;0x97116cf6cd4f6412bb47914d6db18da9e16ab2142f543b86e207c24fbd16b23a;108;0
356;0x97116cf6cd4f6412bb47914d6db18da9e16ab2142f543b86e207c24fbd16b23a;106;0
357;0x97116cf6cd4f6412bb47914d6db18da9e16ab2142f543b86e207c24fbd16b23a;108;0
358;0x97116cf6cd4f6412bb47914d6db18da9e16ab2142f543b86e207c24fbd16b23a;109;0
359;0x97116cf6cd4f6412bb47914d6db18da9e16ab2142f543b86e207c24fbd16b23a;105;0
360;0x97116cf6cd4f6412bb47914d6db18da9e16ab2142f543b86e207c24fbd16b23a;116;0
361;0x97116cf6cd4f6412bb47914d6db18da9e16ab2142f543b86e207c24fbd16b23a;104;0
362;0x97116cf6cd4f6412bb47914d6db18da9e16ab2142f543b86e207c24fbd16b23a;111;0
363;0x97116cf6cd4f6412bb47914d6db18da9e16ab2142f543b86e207c24fbd16b23a;107;0
364;0x97116cf6cd4f6412bb47914d6db18da9e16ab2142f543b86e207c24fbd16b23a;109;0
365;0x97116cf6cd4f6412bb47914d6db18da9e16ab2142f543b86e207c24fbd16b23a;107;0
366;0x97116cf6cd4f6412bb47914d6db18da9e16ab2142f543b86e207c24fbd16b23a;113;0
367;0x97116cf6cd4f6412bb47914d6db18da9e16ab2142f543b86e207c24fbd16b23a;110;0
368;0x97116cf6cd4f6412bb47914d6db18da9e16ab2142f543b86e207c24fbd16b23a;109;0
369;0x97116cf6cd4f6412bb47914d6db18da9e16ab2142f543b86e207c24fbd16b23a;110;0
370;0x97116cf6cd4f6412bb47914d6db18da9e16ab2142f543b86e207c24fbd16b23a;112;0
371;0x97116cf6cd4f6412bb47914d6db18da9e16ab2142f543b86e207c24fbd16b23a;115;0
372;0x97116cf6cd4f6412bb47914d6db18da9e16ab2142f543b86e207c24fbd16b23a;111;0
373;0x97116cf6cd4f6412bb47914d6db18da9e16ab2142f543b86e207c24fbd16b23a;111;0
374;0x97116cf6cd4f6412bb47914d6db18da9e16ab2142f543b86e207c24fbd16b23a;120;0
375;0x97116cf6cd4f6412bb47914d6db18da9e16ab2142f543b86e207c24fbd16b23a;107;0
376;0x97116cf6cd4f6412bb47914d6db18da9e16ab2142f543b86e207c24fbd16b23a;109;0
377;0x97116cf6cd4f6412bb47914d6db18da9e16ab2142f543b86e207c24fbd16b23a;112;0
378;0x97116cf6cd4f6412bb47914d6db18da9e16ab2142f543b86e207c24fbd16b23a;110;0
379;0x97116cf6cd4f6412bb47914d6db18da9e16ab2142f543b86e207c24fbd16b23a;108;0
380;0x97116cf6cd4f6412bb47914d6db18da9e16ab2142f543b86e207c24fbd16b23a;113;0
381;0x97116cf6cd4f6412bb47914d6db18da9e16ab2142f543b86e207c24fbd16b23a;109;0
382;0x97116cf6cd4f6412bb47914d6db18da9e16ab2142f543b86e207c24fbd16b23a;111;0
383;0x97116cf6cd4f6412bb47914d6db18da9e16ab2142f543b86e207c24fbd16b23a;111;0
384;0x97116cf6cd4f6412bb47914d6db18da9e16ab2142f543b86e207c24fbd16b23a;108;0
385;0x97116cf6cd4f6412bb47914d6db18da9e16ab2142f543b86e207c24fbd16b23a;114;0
386;0x97116cf6cd4f6412bb47914d6db18da9e16ab2142f543b86e207c24fbd16b23a;111;0
387;0x97116cf6cd4f6412bb47914d6db18da9e16ab2142f543b86e207c24fbd16b23a;110;0
388;0x97116cf6cd4f6412bb47914d6db18da9e16ab2142f543b86e207c24fbd16b23a;111;0
389;0x97116cf6cd4f6412bb47914d6db18da9e16ab2142f543b86e207c24fbd16b23a;108;0
390;0x97116cf6cd4f6412bb47914d6db18da9e16ab2142f543b86e207c24fbd16b23a;113;0
391;0x97116cf6cd4f6412bb47914d6db18da9e16ab2142f543b86e207c24fbd16b23a;109;0
392;0x97116cf6cd4f6412bb47914d6db18da9e16ab2142f543b86e207c24fbd16b23a;112;0
393;0x97116cf6cd4f6412bb47914d6db18da9e16ab2142f543b86e207c24fbd16b23a;108;0
394;0x97116cf6cd4f6412bb47914d6db18da9e16ab2142f543b86e207c24fbd16b23a;110;0
395;0x97116cf6cd4f6412bb47914d6db18da9e16ab2142f543b86e207c24fbd16b23a;112;0
396;0x97116cf6cd4f6412bb47914d6db18da9e16ab2142f543b86e207c24fbd16b23a;114;0
397;0x97116cf6cd4f6412bb47914d6db18da9e16ab2142f543b86e207c24fbd16b23a;110;0
398;0x97116cf6cd4f6412bb47914d6db18da9e16ab2142f543b86e207c24fbd16b23a;112;0
399;0x97116cf6cd4f6412bb47914d6db18da9e16ab2142f543b86e207c24fbd16b23a;111;0
400;0x97116cf6cd4f6412bb47914d6db18da9e16ab2142f543b86e207c24fbd16b23a;111;0
401;0x97116cf6cd4f6412bb47914d6db18da9e16ab2142f543b86e207c24fbd16b23a;108;0
402;0x97116cf6cd4f6412bb47914d6db18da9e16ab2142f543b86e207c24fbd16b23a;109;0
403;0x97116cf6cd4f6412bb47914d6db18da9e16ab2142f543b86e207c24fbd16b23a;114;0
404;0x97116cf6cd4f6412bb47914d6db18da9e16ab2142f543b86e207c24fbd16b23a;111;0
405;0x97116cf6cd4f6412bb47914d6db18da9e16ab2142f543b86e207c24fbd16b23a;110;0
406;0x97116cf6cd4f6412bb47914d6db18da9e16ab2142f543b86e207c24fbd16b23a;109;0
407;0x97116cf6cd4f6412bb47914d6db18da9e16ab2142f543b86e207c24fbd16b23a;112;0
408;0x97116cf6cd4f6412bb47914d6db18da9e16ab2142f543b86e207c24fbd16b23a;116;0
409;0x97116cf6cd4f6412bb47914d6db18da9e16ab2142f543b86e207c24fbd16b23a;110;0
410;0x97116cf6cd4f6412bb47914d6db18da9e16ab2142f543b86e207c24fbd16b23a;109;0
411;0x97116cf6cd4f6412bb47914d6db18da9e16ab2142f543b86e207c24fbd16b23a;111;0
412;0x97116cf6cd4f6412bb47914d6db18da9e16ab2142f543b86e207c24fbd16b23a;114;0
413;0x97116cf6cd4f6412bb47914d6db18da9e16ab2142f543b86e207c24fbd16b23a;108;0
414;0x97116cf6cd4f6412bb47914d6db18da9e16ab2142f543b86e207c24fbd16b23a;106;0
415;0x97116cf6cd4f6412bb47914d6db18da9e16ab2142f543b86e207c24fbd16b23a;110;0
416;0x97116cf6cd4f6412bb47914d6db18da9e16ab2142f543b86e207c24fbd16b23a;109;0
417;0x97116cf6cd4f6412bb47914d6db18da9e16ab2142f543b86e207c24fbd16b23a;110;0
418;0x97116cf6cd4f6412bb47914d6db18da9e16ab2142f543b86e207c24fbd16b23a;117;0
419;0x97116cf6cd4f6412bb47914d6db18da9e16ab2142f543b86e207c24fbd16b23a;109;0
420;0x97116cf6cd4f6412bb47914d6db18da9e16ab2142f543b86e207c24fbd16b23a;109;0
421;0x97116cf6cd4f6412bb47914d6db18da9e16ab2142f543b86e207c24fbd16b23a;109;0
422;0x97116cf6cd4f6412bb47914d6db18da9e16ab2142f543b86e207c24fbd16b23a;113;0
423;0x97116cf6cd4f6412bb47914d6db18da9e16ab2142f543b86e207c24fbd16b23a;113;0
424;0x97116cf6cd4f6412bb47914d6db18da9e16ab2142f543b86e207c24fbd16b23a;114;0
425;0x97116cf6cd4f6412bb47914d6db18da9e16ab2142f543b86e207c24fbd16b23a;108;0
426;0x97116cf6cd4f6412bb47914d6db18da9e16ab2142f543b86e207c24fbd16b23a;115;0
427;0x97116cf6cd4f6412bb47914d6db18da9e16ab2142f543b86e207c24fbd16b23a;113;0
428;0x97116cf6cd4f6412bb47914d6db18da9e16ab2142f543b86e207c24fbd16b23a;110;0
429;0x97116cf6cd4f6412bb47914d6db18da9e16ab2142f543b86e207c24fbd16b23a;112;0
430;0x97116cf6cd4f6412bb47914d6db18da9e16ab2142f543b86e207c24fbd16b23a;117;0
431;0x97116cf6cd4f6412bb47914d6db18da9e16ab2142f543b86e207c24fbd16b23a;109;0
432;0x97116cf6cd4f6412bb47914d6db18da9e16ab2142f543b86e207c24fbd16b23a;114;0
433;0x97116cf6cd4f6412bb47914d6db18da9e16ab2142f543b86e207c24fbd16b23a;106;0
434;0x97116cf6cd4f6412bb47914d6db18da9e16ab2142f543b86e207c24fbd16b23a;140;0
435;0x97116cf6cd4f6412bb47914d6db18da9e16ab2142f543b86e207c24fbd16b23a;104;0
436;0x97116cf6cd4f6412bb47914d6db18da9e16ab2142f543b86e207c24fbd16b23a;122;0
437;0x97116cf6cd4f6412bb47914d6db18da9e16ab2142f543b86e207c24fbd16b23a;110;0
438;0x97116cf6cd4f6412bb47914d6db18da9e16ab2142f543b86e207c24fbd16b23a;113;0
439;0x97116cf6cd4f6412bb47914d6db18da9e16ab2142f543b86e207c24fbd16b23a;112;0
440;0x97116cf6cd4f6412bb47914d6db18da9e16ab2142f543b86e207c24fbd16b23a;122;0
441;0x97116cf6cd4f6412bb47914d6db18da9e16ab2142f543b86e207c24fbd16b23a;115;0
442;0x97116cf6cd4f6412bb47914d6db18da9e16ab2142f543b86e207c24fbd16b23a;110;0
443;0x97116cf6cd4f6412bb47914d6db18da9e16ab2142f543b86e207c24fbd16b23a;111;0
444;0x97116cf6cd4f6412bb47914d6db18da9e16ab2142f543b86e207c24fbd16b23a;112;0
445;0x97116cf6cd4f6412bb47914d6db18da9e16ab2142f543b86e207c24fbd16b23a;118;0
446;0x97116cf6cd4f6412bb47914d6db18da9e16ab2142f543b86e207c24fbd16b23a;110;0
447;0x97116cf6cd4f6412bb47914d6db18da9e16ab2142f543b86e207c24fbd16b23a;115;0
448;0x97116cf6cd4f6412bb47914d6db18da9e16ab2142f543b86e207c24fbd16b23a;122;0
449;0x97116cf6cd4f6412bb47914d6db18da9e16ab2142f543b86e207c24fbd16b23a;108;0
450;0x97116cf6cd4f6412bb47914d6db18da9e16ab2142f543b86e207c24fbd16b23a;110;0
451;0x97116cf6cd4f6412bb47914d6db18da9e16ab2142f543b86e207c24fbd16b23a;111;0
452;0x97116cf6cd4f6412bb47914d6db18da9e16ab2142f543b86e207c24fbd16b23a;108;0
453;0x97116cf6cd4f6412bb47914d6db18da9e16ab2142f543b86e207c24fbd16b23a;106;0
454;0x97116cf6cd4f6412bb47914d6db18da9e16ab2142f543b86e207c24fbd16b23a;113;0
455;0x97116cf6cd4f6412bb47914d6db18da9e16ab2142f543b86e207c24fbd16b23a;112;0
456;0x97116cf6cd4f6412bb47914d6db18da9e16ab2142f543b86e207c24fbd16b23a;113;0
457;0x97116cf6cd4f6412bb47914d6db18da9e16ab2142f543b86e207c24fbd16b23a;111;0
458;0x97116cf6cd4f6412bb47914d6db18da9e16ab2142f543b86e207c24fbd16b23a;114;0
459;0x97116cf6cd4f6412bb47914d6db18da9e16ab2142f543b86e207c24fbd16b23a;116;0
460;0x97116cf6cd4f6412bb47914d6db18da9e16ab2142f543b86e207c24fbd16b23a;112;0
461;0x97116cf6cd4f6412bb47914d6db18da9e16ab2142f543b86e207c24fbd16b23a;110;0
462;0x97116cf6cd4f6412bb47914d6db18da9e16ab2142f543b86e207c24fbd16b23a;106;0
463;0x97116cf6cd4f6412bb47914d6db18da9e16ab2142f543b86e207c24fbd16b23a;107;0
464;0x97116cf6cd4f6412bb47914d6db18da9e16ab2142f543b86e207c24fbd16b23a;108;0
465;0x97116cf6cd4f6412bb47914d6db18da9e16ab2142f543b86e207c24fbd16b23a;105;0
466;0x97116cf6cd4f6412bb47914d6db18da9e16ab2142f543b86e207c24fbd16b23a;106;0
467;0x97116cf6cd4f6412bb47914d6db18da9e16ab2142f543b86e207c24fbd16b23a;111;0
468;0x97116cf6cd4f6412bb47914d6db18da9e16ab2142f543b86e207c24fbd16b23a;110;0
469;0x97116cf6cd4f6412bb47914d6db18da9e16ab2142f543b86e207c24fbd16b23a;107;0
470;0x97116cf6cd4f6412bb47914d6db18da9e16ab2142f543b86e207c24fbd16b23a;107;0
471;0x97116cf6cd4f6412bb47914d6db18da9e16ab2142f543b86e207c24fbd16b23a;110;0
472;0x97116cf6cd4f6412bb47914d6db18da9e16ab2142f543b86e207c24fbd16b23a;109;0
473;0x97116cf6cd4f6412bb47914d6db18da9e16ab2142f543b86e207c24fbd16b23a;108;0
474;0x97116cf6cd4f6412bb47914d6db18da9e16ab2142f543b86e207c24fbd16b23a;109;0
475;0x97116cf6cd4f6412bb47914d6db18da9e16ab2142f543b86e207c24fbd16b23a;108;0
476;0x97116cf6cd4f6412bb47914d6db18da9e16ab2142f543b86e207c24fbd16b23a;106;0
477;0x97116cf6cd4f6412bb47914d6db18da9e16ab2142f543b86e207c24fbd16b23a;110;0
478;0x97116cf6cd4f6412bb47914d6db18da9e16ab2142f543b86e207c24fbd16b23a;113;0
479;0x97116cf6cd4f6412bb47914d6db18da9e16ab2142f543b86e207c24fbd16b23a;111;0
480;0x97116cf6cd4f6412bb47914d6db18da9e16ab2142f543b86e207c24fbd16b23a;106;0
481;0x97116cf6cd4f6412bb47914d6db18da9e16ab2142f543b86e207c24fbd16b23a;111;0
482;0x97116cf6cd4f6412bb47914d6db18da9e16ab2142f543b86e207c24fbd16b23a;109;0
483;0x97116cf6cd4f6412bb47914d6db18da9e16ab2142f543b86e207c24fbd16b23a;106;0
484;0x97116cf6cd4f6412bb47914d6db18da9e16ab2142f543b86e207c24fbd16b23a;111;0
485;0x97116cf6cd4f6412bb47914d6db18da9e16ab2142f543b86e207c24fbd16b23a;106;0
486;0x97116cf6cd4f6412bb47914d6db18da9e16ab2142f543b86e207c24fbd16b23a;106;0
487;0x97116cf6cd4f6412bb47914d6db18da9e16ab2142f543b86e207c24fbd16b23a;105;0
488;0x97116cf6cd4f6412bb47914d6db18da9e16ab2142f543b86e207c24fbd16b23a;107;0
489;0x97116cf6cd4f6412bb47914d6db18da9e16ab2142f543b86e207c24fbd16b23a;111;0
490;0x97116cf6cd4f6412bb47914d6db18da9e16ab2142f543b86e207c24fbd16b23a;107;0
491;0x97116cf6cd4f6412bb47914d6db18da9e16ab2142f543b86e207c24fbd16b23a;108;0
492;0x97116cf6cd4f6412bb47914d6db18da9e16ab2142f543b86e207c24fbd16b23a;111;0
493;0x97116cf6cd4f6412bb47914d6db18da9e16ab2142f543b86e207c24fbd16b23a;108;0
494;0x97116cf6cd4f6412bb47914d6db18da9e16ab2142f543b86e207c24fbd16b23a;110;0
495;0x97116cf6cd4f6412bb47914d6db18da9e16ab2142f543b86e207c24fbd16b23a;105;0
496;0x97116cf6cd4f6412bb47914d6db18da9e16ab2142f543b86e207c24fbd16b23a;113;0
497;0x97116cf6cd4f6412bb47914d6db18da9e16ab2142f543b86e207c24fbd16b23a;106;0
498;0x97116cf6cd4f6412bb47914d6db18da9e16ab2142f543b86e207c24fbd16b23a;110;0
499;0x97116cf6cd4f6412bb47914d6db18da9e16ab2142f543b86e207c24fbd16b23a;112;0
500;0x97116cf6cd4f6412bb47914d6db18da9e16ab2142f543b86e207c24fbd16b23a;112;0
501;0x97116cf6cd4f6412bb47914d6db18da9e16ab2142f543b86e207c24fbd16b23a;110;0
502;0x97116cf6cd4f6412bb47914d6db18da9e16ab2142f543b86e207c24fbd16b23a;108;0
503;0x97116cf6cd4f6412bb47914d6db18da9e16ab2142f543b86e207c24fbd16b23a;109;0
504;0x97116cf6cd4f6412bb47914d6db18da9e16ab2142f543b86e207c24fbd16b23a;109;0
505;0x97116cf6cd4f6412bb47914d6db18da9e16ab2142f543b86e207c24fbd16b23a;106;0
506;0x97116cf6cd4f6412bb47914d6db18da9e16ab2142f543b86e207c24fbd16b23a;106;0
507;0x97116cf6cd4f6412bb47914d6db18da9e16ab2142f543b86e207c24fbd16b23a;109;0
508;0x97116cf6cd4f6412bb47914d6db18da9e16ab2142f543b86e207c24fbd16b23a;108;0
509;0x97116cf6cd4f6412bb47914d6db18da9e16ab2142f543b86e207c24fbd16b23a;116;0
510;0x97116cf6cd4f6412bb47914d6db18da9e16ab2142f543b86e207c24fbd16b23a;115;0
511;0x97116cf6cd4f6412bb47914d6db18da9e16ab2142f543b86e207c24fbd16b23a;110;0
512;0x97116cf6cd4f6412bb47914d6db18da9e16ab2142f543b86e207c24fbd16b23a;105;0
513;0x97116cf6cd4f6412bb47914d6db18da9e16ab2142f543b86e207c24fbd16b23a;107;0
514;0x97116cf6cd4f6412bb47914d6db18da9e16ab2142f543b86e207c24fbd16b23a;108;0
515;0x97116cf6cd4f6412bb47914d6db18da9e16ab2142f543b86e207c24fbd16b23a;106;0
516;0x97116cf6cd4f6412bb47914d6db18da9e16ab2142f543b86e207c24fbd16b23a;106;0
517;0x97116cf6cd4f6412bb47914d6db18da9e16ab2142f543b86e207c24fbd16b23a;108;0
518;0x97116cf6cd4f6412bb47914d6db18da9e16ab2142f543b86e207c24fbd16b23a;107;0
519;0x97116cf6cd4f6412bb47914d6db18da9e16ab2142f543b86e207c24fbd16b23a;108;0
520;0x97116cf6cd4f6412bb47914d6db18da9e16ab2142f543b86e207c24fbd16b23a;108;0
521;0x97116cf6cd4f6412bb47914d6db18da9e16ab2142f543b86e207c24fbd16b23a;107;0
522;0x97116cf6cd4f6412bb47914d6db18da9e16ab2142f543b86e207c24fbd16b23a;106;0
523;0x97116cf6cd4f6412bb47914d6db18da9e16ab2142f543b86e207c24fbd16b23a;110;0
524;0x97116cf6cd4f6412bb47914d6db18da9e16ab2142f543b86e207c24fbd16b23a;108;0
525;0x97116cf6cd4f6412bb47914d6db18da9e16ab2142f543b86e207c24fbd16b23a;109;0
526;0x97116cf6cd4f6412bb47914d6db18da9e16ab2142f543b86e207c24fbd16b23a;107;0
527;0x97116cf6cd4f6412bb47914d6db18da9e16ab2142f543b86e207c24fbd16b23a;108;0
528;0x97116cf6cd4f6412bb47914d6db18da9e16ab2142f543b86e207c24fbd16b23a;106;0
529;0x97116cf6cd4f6412bb47914d6db18da9e16ab2142f543b86e207c24fbd16b23a;109;0
530;0x97116cf6cd4f6412bb47914d6db18da9e16ab2142f543b86e207c24fbd16b23a;107;0
531;0x97116cf6cd4f6412bb47914d6db18da9e16ab2142f543b86e207c24fbd16b23a;108;0
532;0x97116cf6cd4f6412bb47914d6db18da9e16ab2142f543b86e207c24fbd16b23a;107;0
533;0x97116cf6cd4f6412bb47914d6db18da9e16ab2142f543b86e207c24fbd16b23a;109;0
534;0x97116cf6cd4f6412bb47914d6db18da9e16ab2142f543b86e207c24fbd16b23a;107;0
535;0x97116cf6cd4f6412bb47914d6db18da9e16ab2142f543b86e207c24fbd16b23a;108;0
536;0x97116cf6cd4f6412bb47914d6db18da9e16ab2142f543b86e207c24fbd16b23a;110;0
537;0x97116cf6cd4f6412bb47914d6db18da9e16ab2142f543b86e207c24fbd16b23a;110;0
538;0x97116cf6cd4f6412bb47914d6db18da9e16ab2142f543b86e207c24fbd16b23a;108;0
539;0x97116cf6cd4f6412bb47914d6db18da9e16ab2142f543b86e207c24fbd16b23a;111;0
540;0x97116cf6cd4f6412bb47914d6db18da9e16ab2142f543b86e207c24fbd16b23a;110;0
541;0x97116cf6cd4f6412bb47914d6db18da9e16ab2142f543b86e207c24fbd16b23a;107;0
542;0x97116cf6cd4f6412bb47914d6db18da9e16ab2142f543b86e207c24fbd16b23a;110;0
543;0x97116cf6cd4f6412bb47914d6db18da9e16ab2142f543b86e207c24fbd16b23a;107;0
544;0x97116cf6cd4f6412bb47914d6db18da9e16ab2142f543b86e207c24fbd16b23a;111;0
545;0x97116cf6cd4f6412bb47914d6db18da9e16ab2142f543b86e207c24fbd16b23a;109;0
546;0x97116cf6cd4f6412bb47914d6db18da9e16ab2142f543b86e207c24fbd16b23a;108;0
547;0x97116cf6cd4f6412bb47914d6db18da9e16ab2142f543b86e207c24fbd16b23a;108;0
548;0x97116cf6cd4f6412bb47914d6db18da9e16ab2142f543b86e207c24fbd16b23a;107;0
549;0x97116cf6cd4f6412bb47914d6db18da9e16ab2142f543b86e207c24fbd16b23a;106;0
550;0x97116cf6cd4f6412bb47914d6db18da9e16ab2142f543b86e207c24fbd16b23a;112;0
551;0x97116cf6cd4f6412bb47914d6db18da9e16ab2142f543b86e207c24fbd16b23a;109;0
552;0x97116cf6cd4f6412bb47914d6db18da9e16ab2142f543b86e207c24fbd16b23a;108;0
553;0x97116cf6cd4f6412bb47914d6db18da9e16ab2142f543b86e207c24fbd16b23a;106;0
554;0x97116cf6cd4f6412bb47914d6db18da9e16ab2142f543b86e207c24fbd16b23a;110;0
555;0x97116cf6cd4f6412bb47914d6db18da9e16ab2142f543b86e207c24fbd16b23a;110;0
556;0x97116cf6cd4f6412bb47914d6db18da9e16ab2142f543b86e207c24fbd16b23a;108;0
557;0x97116cf6cd4f6412bb47914d6db18da9e16ab2142f543b86e207c24fbd16b23a;109;0
558;0x97116cf6cd4f6412bb47914d6db18da9e16ab2142f543b86e207c24fbd16b23a;106;0
559;0x97116cf6cd4f6412bb47914d6db18da9e16ab2142f543b86e207c24fbd16b23a;110;0
560;0x97116cf6cd4f6412bb47914d6db18da9e16ab2142f543b86e207c24fbd16b23a;110;0
561;0x97116cf6cd4f6412bb47914d6db18da9e16ab2142f543b86e207c24fbd16b23a;107;0
562;0x97116cf6cd4f6412bb47914d6db18da9e16ab2142f543b86e207c24fbd16b23a;104;0
563;0x97116cf6cd4f6412bb47914d6db18da9e16ab2142f543b86e207c24fbd16b23a;107;0
564;0x97116cf6cd4f6412bb47914d6db18da9e16ab2142f543b86e207c24fbd16b23a;107;0
565;0x97116cf6cd4f6412bb47914d6db18da9e16ab2142f543b86e207c24fbd16b23a;107;0
566;0x97116cf6cd4f6412bb47914d6db18da9e16ab2142f543b86e207c24fbd16b23a;106;0
567;0x97116cf6cd4f6412bb47914d6db18da9e16ab2142f543b86e207c24fbd16b23a;106;0
568;0x97116cf6cd4f6412bb47914d6db18da9e16ab2142f543b86e207c24fbd16b23a;113;0
569;0x97116cf6cd4f6412bb47914d6db18da9e16ab2142f543b86e207c24fbd16b23a;110;0
570;0x97116cf6cd4f6412bb47914d6db18da9e16ab2142f543b86e207c24fbd16b23a;107;0
571;0x97116cf6cd4f6412bb47914d6db18da9e16ab2142f543b86e207c24fbd16b23a;115;0
572;0x97116cf6cd4f6412bb47914d6db18da9e16ab2142f543b86e207c24fbd16b23a;107;0
573;0x97116cf6cd4f6412bb47914d6db18da9e16ab2142f543b86e207c24fbd16b23a;108;0
574;0x97116cf6cd4f6412bb47914d6db18da9e16ab2142f543b86e207c24fbd16b23a;109;0
575;0x97116cf6cd4f6412bb47914d6db18da9e16ab2142f543b86e207c24fbd16b23a;110;0
576;0x97116cf6cd4f6412bb47914d6db18da9e16ab2142f543b86e207c24fbd16b23a;108;0
577;0x97116cf6cd4f6412bb47914d6db18da9e16ab2142f543b86e207c24fbd16b23a;111;0
578;0x97116cf6cd4f6412bb47914d6db18da9e16ab2142f543b86e207c24fbd16b23a;107;0
579;0x97116cf6cd4f6412bb47914d6db18da9e16ab2142f543b86e207c24fbd16b23a;109;0
580;0x97116cf6cd4f6412bb47914d6db18da9e16ab2142f543b86e207c24fbd16b23a;108;0
581;0x97116cf6cd4f6412bb47914d6db18da9e16ab2142f543b86e207c24fbd16b23a;110;0
582;0x97116cf6cd4f6412bb47914d6db18da9e16ab2142f543b86e207c24fbd16b23a;108;0
583;0x97116cf6cd4f6412bb47914d6db18da9e16ab2142f543b86e207c24fbd16b23a;108;0
584;0x97116cf6cd4f6412bb47914d6db18da9e16ab2142f543b86e207c24fbd16b23a;107;0
585;0x97116cf6cd4f6412bb47914d6db18da9e16ab2142f543b86e207c24fbd16b23a;109;0
586;0x97116cf6cd4f6412bb47914d6db18da9e16ab2142f543b86e207c24fbd16b23a;106;0
587;0x97116cf6cd4f6412bb47914d6db18da9e16ab2142f543b86e207c24fbd16b23a;108;0
588;0x97116cf6cd4f6412bb47914d6db18da9e16ab2142f543b86e207c24fbd16b23a;107;0
589;0x97116cf6cd4f6412bb47914d6db18da9e16ab2142f543b86e207c24fbd16b23a;109;0
590;0x97116cf6cd4f6412bb47914d6db18da9e16ab2142f543b86e207c24fbd16b23a;105;0
591;0x97116cf6cd4f6412bb47914d6db18da9e16ab2142f543b86e207c24fbd16b23a;106;0
592;0x97116cf6cd4f6412bb47914d6db18da9e16ab2142f543b86e207c24fbd16b23a;108;0
593;0x97116cf6cd4f6412bb47914d6db18da9e16ab2142f543b86e207c24fbd16b23a;106;0
594;0x97116cf6cd4f6412bb47914d6db18da9e16ab2142f543b86e207c24fbd16b23a;111;0
595;0x97116cf6cd4f6412bb47914d6db18da9e16ab2142f543b86e207c24fbd16b23a;106;0
596;0x97116cf6cd4f6412bb47914d6db18da9e16ab2142f543b86e207c24fbd16b23a;108;0
597;0x97116cf6cd4f6412bb47914d6db18da9e16ab2142f543b86e207c24fbd16b23a;109;0
598;0x97116cf6cd4f6412bb47914d6db18da9e16ab2142f543b86e207c24fbd16b23a;111;0
599;0x97116cf6cd4f6412bb47914d6db18da9e16ab2142f543b86e207c24fbd16b23a;109;0
600;0x97116cf6cd4f6412bb47914d6db18da9e16ab2142f543b86e207c24fbd16b23a;113;0
601;0x97116cf6cd4f6412bb47914d6db18da9e16ab2142f543b86e207c24fbd16b23a;114;0
602;0x97116cf6cd4f6412bb47914d6db18da9e16ab2142f543b86e207c24fbd16b23a;125;0
603;0x97116cf6cd4f6412bb47914d6db18da9e16ab2142f543b86e207c24fbd16b23a;116;0
604;0x97116cf6cd4f6412bb47914d6db18da9e16ab2142f543b86e207c24fbd16b23a;111;0
605;0x97116cf6cd4f6412bb47914d6db18da9e16ab2142f543b86e207c24fbd16b23a;112;0
606;0x97116cf6cd4f6412bb47914d6db18da9e16ab2142f543b86e207c24fbd16b23a;116;0
607;0x97116cf6cd4f6412bb47914d6db18da9e16ab2142f543b86e207c24fbd16b23a;113;0
608;0x97116cf6cd4f6412bb47914d6db18da9e16ab2142f543b86e207c24fbd16b23a;107;0
609;0x97116cf6cd4f6412bb47914d6db18da9e16ab2142f543b86e207c24fbd16b23a;111;0
610;0x97116cf6cd4f6412bb47914d6db18da9e16ab2142f543b86e207c24fbd16b23a;116;0
611;0x97116cf6cd4f6412bb47914d6db18da9e16ab2142f543b86e207c24fbd16b23a;110;0
612;0x97116cf6cd4f6412bb47914d6db18da9e16ab2142f543b86e207c24fbd16b23a;113;0
613;0x97116cf6cd4f6412bb47914d6db18da9e16ab2142f543b86e207c24fbd16b23a;110;0
614;0x97116cf6cd4f6412bb47914d6db18da9e16ab2142f543b86e207c24fbd16b23a;116;0
615;0x97116cf6cd4f6412bb47914d6db18da9e16ab2142f543b86e207c24fbd16b23a;112;0
616;0x97116cf6cd4f6412bb47914d6db18da9e16ab2142f543b86e207c24fbd16b23a;117;0
617;0x97116cf6cd4f6412bb47914d6db18da9e16ab2142f543b86e207c24fbd16b23a;108;0
618;0x97116cf6cd4f6412bb47914d6db18da9e16ab2142f543b86e207c24fbd16b23a;111;0
619;0x97116cf6cd4f6412bb47914d6db18da9e16ab2142f543b86e207c24fbd16b23a;110;0
620;0x97116cf6cd4f6412bb47914d6db18da9e16ab2142f543b86e207c24fbd16b23a;112;0
621;0x97116cf6cd4f6412bb47914d6db18da9e16ab2142f543b86e207c24fbd16b23a;110;0
622;0x97116cf6cd4f6412bb47914d6db18da9e16ab2142f543b86e207c24fbd16b23a;109;0
623;0x97116cf6cd4f6412bb47914d6db18da9e16ab2142f543b86e207c24fbd16b23a;109;0
624;0x97116cf6cd4f6412bb47914d6db18da9e16ab2142f543b86e207c24fbd16b23a;110;0
625;0x97116cf6cd4f6412bb47914d6db18da9e16ab2142f543b86e207c24fbd16b23a;109;0
626;0x97116cf6cd4f6412bb47914d6db18da9e16ab2142f543b86e207c24fbd16b23a;109;0
627;0x97116cf6cd4f6412bb47914d6db18da9e16ab2142f543b86e207c24fbd16b23a;109;0
628;0x97116cf6cd4f6412bb47914d6db18da9e16ab2142f543b86e207c24fbd16b23a;113;0
629;0x97116cf6cd4f6412bb47914d6db18da9e16ab2142f543b86e207c24fbd16b23a;112;0
630;0x97116cf6cd4f6412bb47914d6db18da9e16ab2142f543b86e207c24fbd16b23a;107;0
631;0x97116cf6cd4f6412bb47914d6db18da9e16ab2142f543b86e207c24fbd16b23a;111;0
632;0x97116cf6cd4f6412bb47914d6db18da9e16ab2142f543b86e207c24fbd16b23a;111;0
633;0x97116cf6cd4f6412bb47914d6db18da9e16ab2142f543b86e207c24fbd16b23a;111;0
634;0x97116cf6cd4f6412bb47914d6db18da9e16ab2142f543b86e207c24fbd16b23a;113;0
635;0x97116cf6cd4f6412bb47914d6db18da9e16ab2142f543b86e207c24fbd16b23a;116;0
636;0x97116cf6cd4f6412bb47914d6db18da9e16ab2142f543b86e207c24fbd16b23a;117;0
637;0x97116cf6cd4f6412bb47914d6db18da9e16ab2142f543b86e207c24fbd16b23a;112;0
638;0x97116cf6cd4f6412bb47914d6db18da9e16ab2142f543b86e207c24fbd16b23a;111;0
639;0x97116cf6cd4f6412bb47914d6db18da9e16ab2142f543b86e207c24fbd16b23a;118;0
640;0x97116cf6cd4f6412bb47914d6db18da9e16ab2142f543b86e207c24fbd16b23a;112;0
641;0x97116cf6cd4f6412bb47914d6db18da9e16ab2142f543b86e207c24fbd16b23a;110;0
642;0x97116cf6cd4f6412bb47914d6db18da9e16ab2142f543b86e207c24fbd16b23a;110;0
643;0x97116cf6cd4f6412bb47914d6db18da9e16ab2142f543b86e207c24fbd16b23a;108;0
644;0x97116cf6cd4f6412bb47914d6db18da9e16ab2142f543b86e207c24fbd16b23a;108;0
645;0x97116cf6cd4f6412bb47914d6db18da9e16ab2142f543b86e207c24fbd16b23a;113;0
646;0x97116cf6cd4f6412bb47914d6db18da9e16ab2142f543b86e207c24fbd16b23a;109;0
647;0x97116cf6cd4f6412bb47914d6db18da9e16ab2142f543b86e207c24fbd16b23a;110;0
648;0x97116cf6cd4f6412bb47914d6db18da9e16ab2142f543b86e207c24fbd16b23a;109;0
649;0x97116cf6cd4f6412bb47914d6db18da9e16ab2142f543b86e207c24fbd16b23a;112;0
650;0x97116cf6cd4f6412bb47914d6db18da9e16ab2142f543b86e207c24fbd16b23a;109;0
651;0x97116cf6cd4f6412bb47914d6db18da9e16ab2142f543b86e207c24fbd16b23a;111;0
652;0x97116cf6cd4f6412bb47914d6db18da9e16ab2142f543b86e207c24fbd16b23a;107;0
653;0x97116cf6cd4f6412bb47914d6db18da9e16ab2142f543b86e207c24fbd16b23a;111;0
654;0x97116cf6cd4f6412bb47914d6db18da9e16ab2142f543b86e207c24fbd16b23a;113;0
655;0x97116cf6cd4f6412bb47914d6db18da9e16ab2142f543b86e207c24fbd16b23a;112;0
656;0x97116cf6cd4f6412bb47914d6db18da9e16ab2142f543b86e207c24fbd16b23a;112;0
657;0x97116cf6cd4f6412bb47914d6db18da9e16ab2142f543b86e207c24fbd16b23a;114;0
658;0x97116cf6cd4f6412bb47914d6db18da9e16ab2142f543b86e207c24fbd16b23a;112;0
659;0x97116cf6cd4f6412bb47914d6db18da9e16ab2142f543b86e207c24fbd16b23a;112;0
660;0x97116cf6cd4f6412bb47914d6db18da9e16ab2142f543b86e207c24fbd16b23a;112;0
661;0x97116cf6cd4f6412bb47914d6db18da9e16ab2142f543b86e207c24fbd16b23a;110;0
662;0x97116cf6cd4f6412bb47914d6db18da9e16ab2142f543b86e207c24fbd16b23a;111;0
663;0x97116cf6cd4f6412bb47914d6db18da9e16ab2142f543b86e207c24fbd16b23a;110;0
664;0x97116cf6cd4f6412bb47914d6db18da9e16ab2142f543b86e207c24fbd16b23a;113;0
665;0x97116cf6cd4f6412bb47914d6db18da9e16ab2142f543b86e207c24fbd16b23a;110;0
666;0x97116cf6cd4f6412bb47914d6db18da9e16ab2142f543b86e207c24fbd16b23a;112;0
667;0x97116cf6cd4f6412bb47914d6db18da9e16ab2142f543b86e207c24fbd16b23a;108;0
668;0x97116cf6cd4f6412bb47914d6db18da9e16ab2142f543b86e207c24fbd16b23a;108;0
669;0x97116cf6cd4f6412bb47914d6db18da9e16ab2142f543b86e207c24fbd16b23a;107;0
670;0x97116cf6cd4f6412bb47914d6db18da9e16ab2142f543b86e207c24fbd16b23a;109;0
671;0x97116cf6cd4f6412bb47914d6db18da9e16ab2142f543b86e207c24fbd16b23a;110;0
672;0x97116cf6cd4f6412bb47914d6db18da9e16ab2142f543b86e207c24fbd16b23a;107;0
673;0x97116cf6cd4f6412bb47914d6db18da9e16ab2142f543b86e207c24fbd16b23a;110;0
674;0x97116cf6cd4f6412bb47914d6db18da9e16ab2142f543b86e207c24fbd16b23a;113;0
675;0x97116cf6cd4f6412bb47914d6db18da9e16ab2142f543b86e207c24fbd16b23a;114;0
676;0x97116cf6cd4f6412bb47914d6db18da9e16ab2142f543b86e207c24fbd16b23a;111;0
677;0x97116cf6cd4f6412bb47914d6db18da9e16ab2142f543b86e207c24fbd16b23a;115;0
678;0x97116cf6cd4f6412bb47914d6db18da9e16ab2142f543b86e207c24fbd16b23a;109;0
679;0x97116cf6cd4f6412bb47914d6db18da9e16ab2142f543b86e207c24fbd16b23a;113;0
680;0x97116cf6cd4f6412bb47914d6db18da9e16ab2142f543b86e207c24fbd16b23a;109;0
681;0x97116cf6cd4f6412bb47914d6db18da9e16ab2142f543b86e207c24fbd16b23a;110;0
682;0x97116cf6cd4f6412bb47914d6db18da9e16ab2142f543b86e207c24fbd16b23a;111;0
683;0x97116cf6cd4f6412bb47914d6db18da9e16ab2142f543b86e207c24fbd16b23a;109;0
684;0x97116cf6cd4f6412bb47914d6db18da9e16ab2142f543b86e207c24fbd16b23a;112;0
685;0x97116cf6cd4f6412bb47914d6db18da9e16ab2142f543b86e207c24fbd16b23a;110;0
686;0x97116cf6cd4f6412bb47914d6db18da9e16ab2142f543b86e207c24fbd16b23a;113;0
687;0x97116cf6cd4f6412bb47914d6db18da9e16ab2142f543b86e207c24fbd16b23a;110;0
688;0x97116cf6cd4f6412bb47914d6db18da9e16ab2142f543b86e207c24fbd16b23a;111;0
689;0x97116cf6cd4f6412bb47914d6db18da9e16ab2142f543b86e207c24fbd16b23a;113;0
690;0x97116cf6cd4f6412bb47914d6db18da9e16ab2142f543b86e207c24fbd16b23a;113;0
691;0x97116cf6cd4f6412bb47914d6db18da9e16ab2142f543b86e207c24fbd16b23a;110;0
692;0x97116cf6cd4f6412bb47914d6db18da9e16ab2142f543b86e207c24fbd16b23a;111;0
693;0x97116cf6cd4f6412bb47914d6db18da9e16ab2142f543b86e207c24fbd16b23a;109;0
694;0x97116cf6cd4f6412bb47914d6db18da9e16ab2142f543b86e207c24fbd16b23a;111;0
695;0x97116cf6cd4f6412bb47914d6db18da9e16ab2142f543b86e207c24fbd16b23a;112;0
696;0x97116cf6cd4f6412bb47914d6db18da9e16ab2142f543b86e207c24fbd16b23a;113;0
697;0x97116cf6cd4f6412bb47914d6db18da9e16ab2142f543b86e207c24fbd16b23a;111;0
698;0x97116cf6cd4f6412bb47914d6db18da9e16ab2142f543b86e207c24fbd16b23a;114;0
699;0x97116cf6cd4f6412bb47914d6db18da9e16ab2142f543b86e207c24fbd16b23a;118;0
700;0x97116cf6cd4f6412bb47914d6db18da9e16ab2142f543b86e207c24fbd16b23a;115;0
701;0x97116cf6cd4f6412bb47914d6db18da9e16ab2142f543b86e207c24fbd16b23a;114;0
702;0x97116cf6cd4f6412bb47914d6db18da9e16ab2142f543b86e207c24fbd16b23a;108;0
703;0x97116cf6cd4f6412bb47914d6db18da9e16ab2142f543b86e207c24fbd16b23a;110;0
704;0x97116cf6cd4f6412bb47914d6db18da9e16ab2142f543b86e207c24fbd16b23a;110;0
705;0x97116cf6cd4f6412bb47914d6db18da9e16ab2142f543b86e207c24fbd16b23a;111;0
706;0x97116cf6cd4f6412bb47914d6db18da9e16ab2142f543b86e207c24fbd16b23a;110;0
707;0x97116cf6cd4f6412bb47914d6db18da9e16ab2142f543b86e207c24fbd16b23a;109;0
708;0x97116cf6cd4f6412bb47914d6db18da9e16ab2142f543b86e207c24fbd16b23a;113;0
709;0x97116cf6cd4f6412bb47914d6db18da9e16ab2142f543b86e207c24fbd16b23a;110;0
710;0x97116cf6cd4f6412bb47914d6db18da9e16ab2142f543b86e207c24fbd16b23a;111;0
711;0x97116cf6cd4f6412bb47914d6db18da9e16ab2142f543b86e207c24fbd16b23a;114;0
712;0x97116cf6cd4f6412bb47914d6db18da9e16ab2142f543b86e207c24fbd16b23a;109;0
713;0x97116cf6cd4f6412bb47914d6db18da9e16ab2142f543b86e207c24fbd16b23a;111;0
714;0x97116cf6cd4f6412bb47914d6db18da9e16ab2142f543b86e207c24fbd16b23a;113;0
715;0x97116cf6cd4f6412bb47914d6db18da9e16ab2142f543b86e207c24fbd16b23a;110;0
716;0x97116cf6cd4f6412bb47914d6db18da9e16ab2142f543b86e207c24fbd16b23a;111;0
717;0x97116cf6cd4f6412bb47914d6db18da9e16ab2142f543b86e207c24fbd16b23a;111;0
718;0x97116cf6cd4f6412bb47914d6db18da9e16ab2142f543b86e207c24fbd16b23a;110;0
719;0x97116cf6cd4f6412bb47914d6db18da9e16ab2142f543b86e207c24fbd16b23a;121;0
720;0x97116cf6cd4f6412bb47914d6db18da9e16ab2142f543b86e207c24fbd16b23a;109;0
721;0x97116cf6cd4f6412bb47914d6db18da9e16ab2142f543b86e207c24fbd16b23a;111;0
722;0x97116cf6cd4f6412bb47914d6db18da9e16ab2142f543b86e207c24fbd16b23a;111;0
723;0x97116cf6cd4f6412bb47914d6db18da9e16ab2142f543b86e207c24fbd16b23a;111;0
724;0x97116cf6cd4f6412bb47914d6db18da9e16ab2142f543b86e207c24fbd16b23a;109;0
725;0x97116cf6cd4f6412bb47914d6db18da9e16ab2142f543b86e207c24fbd16b23a;111;0
726;0x97116cf6cd4f6412bb47914d6db18da9e16ab2142f543b86e207c24fbd16b23a;107;0
727;0x97116cf6cd4f6412bb47914d6db18da9e16ab2142f543b86e207c24fbd16b23a;108;0
728;0x97116cf6cd4f6412bb47914d6db18da9e16ab2142f543b86e207c24fbd16b23a;112;0
729;0x97116cf6cd4f6412bb47914d6db18da9e16ab2142f543b86e207c24fbd16b23a;112;0
730;0x97116cf6cd4f6412bb47914d6db18da9e16ab2142f543b86e207c24fbd16b23a;115;0
731;0x97116cf6cd4f6412bb47914d6db18da9e16ab2142f543b86e207c24fbd16b23a;111;0
732;0x97116cf6cd4f6412bb47914d6db18da9e16ab2142f543b86e207c24fbd16b23a;113;0
733;0x97116cf6cd4f6412bb47914d6db18da9e16ab2142f543b86e207c24fbd16b23a;108;0
734;0x97116cf6cd4f6412bb47914d6db18da9e16ab2142f543b86e207c24fbd16b23a;113;0
735;0x97116cf6cd4f6412bb47914d6db18da9e16ab2142f543b86e207c24fbd16b23a;109;0
736;0x97116cf6cd4f6412bb47914d6db18da9e16ab2142f543b86e207c24fbd16b23a;108;0
737;0x97116cf6cd4f6412bb47914d6db18da9e16ab2142f543b86e207c24fbd16b23a;113;0
738;0x97116cf6cd4f6412bb47914d6db18da9e16ab2142f543b86e207c24fbd16b23a;113;0
739;0x97116cf6cd4f6412bb47914d6db18da9e16ab2142f543b86e207c24fbd16b23a;112;0
740;0x97116cf6cd4f6412bb47914d6db18da9e16ab2142f543b86e207c24fbd16b23a;113;0
741;0x97116cf6cd4f6412bb47914d6db18da9e16ab2142f543b86e207c24fbd16b23a;112;0
742;0x97116cf6cd4f6412bb47914d6db18da9e16ab2142f543b86e207c24fbd16b23a;111;0
743;0x97116cf6cd4f6412bb47914d6db18da9e16ab2142f543b86e207c24fbd16b23a;108;0
744;0x97116cf6cd4f6412bb47914d6db18da9e16ab2142f543b86e207c24fbd16b23a;109;0
745;0x97116cf6cd4f6412bb47914d6db18da9e16ab2142f543b86e207c24fbd16b23a;111;0
746;0x97116cf6cd4f6412bb47914d6db18da9e16ab2142f543b86e207c24fbd16b23a;110;0
747;0x97116cf6cd4f6412bb47914d6db18da9e16ab2142f543b86e207c24fbd16b23a;109;0
748;0x97116cf6cd4f6412bb47914d6db18da9e16ab2142f543b86e207c24fbd16b23a;109;0
749;0x97116cf6cd4f6412bb47914d6db18da9e16ab2142f543b86e207c24fbd16b23a;109;0
750;0x97116cf6cd4f6412bb47914d6db18da9e16ab2142f543b86e207c24fbd16b23a;109;0
751;0x97116cf6cd4f6412bb47914d6db18da9e16ab2142f543b86e207c24fbd16b23a;108;0
752;0x97116cf6cd4f6412bb47914d6db18da9e16ab2142f543b86e207c24fbd16b23a;109;0
753;0x97116cf6cd4f6412bb47914d6db18da9e16ab2142f543b86e207c24fbd16b23a;109;0
754;0x97116cf6cd4f6412bb47914d6db18da9e16ab2142f543b86e207c24fbd16b23a;116;0
755;0x97116cf6cd4f6412bb47914d6db18da9e16ab2142f543b86e207c24fbd16b23a;111;0
756;0x97116cf6cd4f6412bb47914d6db18da9e16ab2142f543b86e207c24fbd16b23a;112;0
757;0x97116cf6cd4f6412bb47914d6db18da9e16ab2142f543b86e207c24fbd16b23a;110;0
758;0x97116cf6cd4f6412bb47914d6db18da9e16ab2142f543b86e207c24fbd16b23a;111;0
759;0x97116cf6cd4f6412bb47914d6db18da9e16ab2142f543b86e207c24fbd16b23a;112;0
760;0x97116cf6cd4f6412bb47914d6db18da9e16ab2142f543b86e207c24fbd16b23a;107;0
761;0x97116cf6cd4f6412bb47914d6db18da9e16ab2142f543b86e207c24fbd16b23a;109;0
762;0x97116cf6cd4f6412bb47914d6db18da9e16ab2142f543b86e207c24fbd16b23a;110;0
763;0x97116cf6cd4f6412bb47914d6db18da9e16ab2142f543b86e207c24fbd16b23a;111;0
764;0x97116cf6cd4f6412bb47914d6db18da9e16ab2142f543b86e207c24fbd16b23a;112;0
765;0x97116cf6cd4f6412bb47914d6db18da9e16ab2142f543b86e207c24fbd16b23a;112;0
766;0x97116cf6cd4f6412bb47914d6db18da9e16ab2142f543b86e207c24fbd16b23a;109;0
767;0x97116cf6cd4f6412bb47914d6db18da9e16ab2142f543b86e207c24fbd16b23a;109;0
768;0x97116cf6cd4f6412bb47914d6db18da9e16ab2142f543b86e207c24fbd16b23a;114;0
769;0x97116cf6cd4f6412bb47914d6db18da9e16ab2142f543b86e207c24fbd16b23a;115;0
770;0x97116cf6cd4f6412bb47914d6db18da9e16ab2142f543b86e207c24fbd16b23a;111;0
771;0x97116cf6cd4f6412bb47914d6db18da9e16ab2142f543b86e207c24fbd16b23a;112;0
772;0x97116cf6cd4f6412bb47914d6db18da9e16ab2142f543b86e207c24fbd16b23a;109;0
773;0x97116cf6cd4f6412bb47914d6db18da9e16ab2142f543b86e207c24fbd16b23a;110;0
774;0x97116cf6cd4f6412bb47914d6db18da9e16ab2142f543b86e207c24fbd16b23a;110;0
775;0x97116cf6cd4f6412bb47914d6db18da9e16ab2142f543b86e207c24fbd16b23a;108;0
776;0x97116cf6cd4f6412bb47914d6db18da9e16ab2142f543b86e207c24fbd16b23a;112;0
777;0x97116cf6cd4f6412bb47914d6db18da9e16ab2142f543b86e207c24fbd16b23a;109;0
778;0x97116cf6cd4f6412bb47914d6db18da9e16ab2142f543b86e207c24fbd16b23a;108;0
779;0x97116cf6cd4f6412bb47914d6db18da9e16ab2142f543b86e207c24fbd16b23a;110;0
780;0x97116cf6cd4f6412bb47914d6db18da9e16ab2142f543b86e207c24fbd16b23a;116;0
781;0x97116cf6cd4f6412bb47914d6db18da9e16ab2142f543b86e207c24fbd16b23a;112;0
782;0x97116cf6cd4f6412bb47914d6db18da9e16ab2142f543b86e207c24fbd16b23a;111;0
783;0x97116cf6cd4f6412bb47914d6db18da9e16ab2142f543b86e207c24fbd16b23a;108;0
784;0x97116cf6cd4f6412bb47914d6db18da9e16ab2142f543b86e207c24fbd16b23a;117;0
785;0x97116cf6cd4f6412bb47914d6db18da9e16ab2142f543b86e207c24fbd16b23a;112;0
786;0x97116cf6cd4f6412bb47914d6db18da9e16ab2142f543b86e207c24fbd16b23a;111;0
787;0x97116cf6cd4f6412bb47914d6db18da9e16ab2142f543b86e207c24fbd16b23a;111;0
788;0x97116cf6cd4f6412bb47914d6db18da9e16ab2142f543b86e207c24fbd16b23a;111;0
789;0x97116cf6cd4f6412bb47914d6db18da9e16ab2142f543b86e207c24fbd16b23a;113;0
790;0x97116cf6cd4f6412bb47914d6db18da9e16ab2142f543b86e207c24fbd16b23a;112;0
791;0x97116cf6cd4f6412bb47914d6db18da9e16ab2142f543b86e207c24fbd16b23a;110;0
792;0x97116cf6cd4f6412bb47914d6db18da9e16ab2142f543b86e207c24fbd16b23a;110;0
793;0x97116cf6cd4f6412bb47914d6db18da9e16ab2142f543b86e207c24fbd16b23a;113;0
794;0x97116cf6cd4f6412bb47914d6db18da9e16ab2142f543b86e207c24fbd16b23a;110;0
795;0x97116cf6cd4f6412bb47914d6db18da9e16ab2142f543b86e207c24fbd16b23a;112;0
796;0x97116cf6cd4f6412bb47914d6db18da9e16ab2142f543b86e207c24fbd16b23a;111;0
797;0x97116cf6cd4f6412bb47914d6db18da9e16ab2142f543b86e207c24fbd16b23a;109;0
798;0x97116cf6cd4f6412bb47914d6db18da9e16ab2142f543b86e207c24fbd16b23a;111;0
799;0x97116cf6cd4f6412bb47914d6db18da9e16ab2142f543b86e207c24fbd16b23a;110;0
800;0x97116cf6cd4f6412bb47914d6db18da9e16ab2142f543b86e207c24fbd16b23a;111;0
801;0x97116cf6cd4f6412bb47914d6db18da9e16ab2142f543b86e207c24fbd16b23a;110;0
802;0x97116cf6cd4f6412bb47914d6db18da9e16ab2142f543b86e207c24fbd16b23a;110;0
803;0x97116cf6cd4f6412bb47914d6db18da9e16ab2142f543b86e207c24fbd16b23a;111;0
804;0x97116cf6cd4f6412bb47914d6db18da9e16ab2142f543b86e207c24fbd16b23a;110;0
805;0x97116cf6cd4f6412bb47914d6db18da9e16ab2142f543b86e207c24fbd16b23a;117;0
806;0x97116cf6cd4f6412bb47914d6db18da9e16ab2142f543b86e207c24fbd16b23a;112;0
807;0x97116cf6cd4f6412bb47914d6db18da9e16ab2142f543b86e207c24fbd16b23a;109;0
808;0x97116cf6cd4f6412bb47914d6db18da9e16ab2142f543b86e207c24fbd16b23a;113;0
809;0x97116cf6cd4f6412bb47914d6db18da9e16ab2142f543b86e207c24fbd16b23a;108;0
810;0x97116cf6cd4f6412bb47914d6db18da9e16ab2142f543b86e207c24fbd16b23a;108;0
811;0x97116cf6cd4f6412bb47914d6db18da9e16ab2142f543b86e207c24fbd16b23a;108;0
812;0x97116cf6cd4f6412bb47914d6db18da9e16ab2142f543b86e207c24fbd16b23a;106;0
813;0x97116cf6cd4f6412bb47914d6db18da9e16ab2142f543b86e207c24fbd16b23a;110;0
814;0x97116cf6cd4f6412bb47914d6db18da9e16ab2142f543b86e207c24fbd16b23a;109;0
815;0x97116cf6cd4f6412bb47914d6db18da9e16ab2142f543b86e207c24fbd16b23a;112;0
816;0x97116cf6cd4f6412bb47914d6db18da9e16ab2142f543b86e207c24fbd16b23a;109;0
817;0x97116cf6cd4f6412bb47914d6db18da9e16ab2142f543b86e207c24fbd16b23a;110;0
818;0x97116cf6cd4f6412bb47914d6db18da9e16ab2142f543b86e207c24fbd16b23a;116;0
819;0x97116cf6cd4f6412bb47914d6db18da9e16ab2142f543b86e207c24fbd16b23a;112;0
820;0x97116cf6cd4f6412bb47914d6db18da9e16ab2142f543b86e207c24fbd16b23a;111;0
821;0x97116cf6cd4f6412bb47914d6db18da9e16ab2142f543b86e207c24fbd16b23a;113;0
822;0x97116cf6cd4f6412bb47914d6db18da9e16ab2142f543b86e207c24fbd16b23a;110;0
823;0x97116cf6cd4f6412bb47914d6db18da9e16ab2142f543b86e207c24fbd16b23a;110;0
824;0x97116cf6cd4f6412bb47914d6db18da9e16ab2142f543b86e207c24fbd16b23a;107;0
825;0x97116cf6cd4f6412bb47914d6db18da9e16ab2142f543b86e207c24fbd16b23a;109;0
826;0x97116cf6cd4f6412bb47914d6db18da9e16ab2142f543b86e207c24fbd16b23a;112;0
827;0x97116cf6cd4f6412bb47914d6db18da9e16ab2142f543b86e207c24fbd16b23a;107;0
828;0x97116cf6cd4f6412bb47914d6db18da9e16ab2142f543b86e207c24fbd16b23a;113;0
829;0x97116cf6cd4f6412bb47914d6db18da9e16ab2142f543b86e207c24fbd16b23a;115;0
830;0x97116cf6cd4f6412bb47914d6db18da9e16ab2142f543b86e207c24fbd16b23a;108;0
831;0x97116cf6cd4f6412bb47914d6db18da9e16ab2142f543b86e207c24fbd16b23a;112;0
832;0x97116cf6cd4f6412bb47914d6db18da9e16ab2142f543b86e207c24fbd16b23a;111;0
833;0x97116cf6cd4f6412bb47914d6db18da9e16ab2142f543b86e207c24fbd16b23a;110;0
834;0x97116cf6cd4f6412bb47914d6db18da9e16ab2142f543b86e207c24fbd16b23a;114;0
835;0x97116cf6cd4f6412bb47914d6db18da9e16ab2142f543b86e207c24fbd16b23a;112;0
836;0x97116cf6cd4f6412bb47914d6db18da9e16ab2142f543b86e207c24fbd16b23a;111;0
837;0x97116cf6cd4f6412bb47914d6db18da9e16ab2142f543b86e207c24fbd16b23a;111;0
838;0x97116cf6cd4f6412bb47914d6db18da9e16ab2142f543b86e207c24fbd16b23a;111;0
839;0x97116cf6cd4f6412bb47914d6db18da9e16ab2142f543b86e207c24fbd16b23a;112;0
840;0x97116cf6cd4f6412bb47914d6db18da9e16ab2142f543b86e207c24fbd16b23a;110;0
841;0x97116cf6cd4f6412bb47914d6db18da9e16ab2142f543b86e207c24fbd16b23a;110;0
842;0x97116cf6cd4f6412bb47914d6db18da9e16ab2142f543b86e207c24fbd16b23a;115;0
843;0x97116cf6cd4f6412bb47914d6db18da9e16ab2142f543b86e207c24fbd16b23a;109;0
844;0x97116cf6cd4f6412bb47914d6db18da9e16ab2142f543b86e207c24fbd16b23a;113;0
845;0x97116cf6cd4f6412bb47914d6db18da9e16ab2142f543b86e207c24fbd16b23a;108;0
846;0x97116cf6cd4f6412bb47914d6db18da9e16ab2142f543b86e207c24fbd16b23a;116;0
847;0x97116cf6cd4f6412bb47914d6db18da9e16ab2142f543b86e207c24fbd16b23a;112;0
848;0x97116cf6cd4f6412bb47914d6db18da9e16ab2142f543b86e207c24fbd16b23a;114;0
849;0x97116cf6cd4f6412bb47914d6db18da9e16ab2142f543b86e207c24fbd16b23a;109;0
850;0x97116cf6cd4f6412bb47914d6db18da9e16ab2142f543b86e207c24fbd16b23a;111;0
851;0x97116cf6cd4f6412bb47914d6db18da9e16ab2142f543b86e207c24fbd16b23a;112;0
852;0x97116cf6cd4f6412bb47914d6db18da9e16ab2142f543b86e207c24fbd16b23a;111;0
853;0x97116cf6cd4f6412bb47914d6db18da9e16ab2142f543b86e207c24fbd16b23a;115;0
854;0x97116cf6cd4f6412bb47914d6db18da9e16ab2142f543b86e207c24fbd16b23a;109;0
855;0x97116cf6cd4f6412bb47914d6db18da9e16ab2142f543b86e207c24fbd16b23a;112;0
856;0x97116cf6cd4f6412bb47914d6db18da9e16ab2142f543b86e207c24fbd16b23a;112;0
857;0x97116cf6cd4f6412bb47914d6db18da9e16ab2142f543b86e207c24fbd16b23a;108;0
858;0x97116cf6cd4f6412bb47914d6db18da9e16ab2142f543b86e207c24fbd16b23a;111;0
859;0x97116cf6cd4f6412bb47914d6db18da9e16ab2142f543b86e207c24fbd16b23a;112;0
860;0x97116cf6cd4f6412bb47914d6db18da9e16ab2142f543b86e207c24fbd16b23a;111;0
861;0x97116cf6cd4f6412bb47914d6db18da9e16ab2142f543b86e207c24fbd16b23a;121;0
862;0x97116cf6cd4f6412bb47914d6db18da9e16ab2142f543b86e207c24fbd16b23a;112;0
863;0x97116cf6cd4f6412bb47914d6db18da9e16ab2142f543b86e207c24fbd16b23a;108;0
864;0x97116cf6cd4f6412bb47914d6db18da9e16ab2142f543b86e207c24fbd16b23a;109;0
865;0x97116cf6cd4f6412bb47914d6db18da9e16ab2142f543b86e207c24fbd16b23a;120;0
866;0x97116cf6cd4f6412bb47914d6db18da9e16ab2142f543b86e207c24fbd16b23a;115;0
867;0x97116cf6cd4f6412bb47914d6db18da9e16ab2142f543b86e207c24fbd16b23a;111;0
868;0x97116cf6cd4f6412bb47914d6db18da9e16ab2142f543b86e207c24fbd16b23a;115;0
869;0x97116cf6cd4f6412bb47914d6db18da9e16ab2142f543b86e207c24fbd16b23a;111;0
870;0x97116cf6cd4f6412bb47914d6db18da9e16ab2142f543b86e207c24fbd16b23a;117;0
871;0x97116cf6cd4f6412bb47914d6db18da9e16ab2142f543b86e207c24fbd16b23a;110;0
872;0x97116cf6cd4f6412bb47914d6db18da9e16ab2142f543b86e207c24fbd16b23a;116;0
873;0x97116cf6cd4f6412bb47914d6db18da9e16ab2142f543b86e207c24fbd16b23a;114;0
874;0x97116cf6cd4f6412bb47914d6db18da9e16ab2142f543b86e207c24fbd16b23a;107;0
875;0x97116cf6cd4f6412bb47914d6db18da9e16ab2142f543b86e207c24fbd16b23a;113;0
876;0x97116cf6cd4f6412bb47914d6db18da9e16ab2142f543b86e207c24fbd16b23a;110;0
877;0x97116cf6cd4f6412bb47914d6db18da9e16ab2142f543b86e207c24fbd16b23a;119;0
878;0x97116cf6cd4f6412bb47914d6db18da9e16ab2142f543b86e207c24fbd16b23a;115;0
879;0x97116cf6cd4f6412bb47914d6db18da9e16ab2142f543b86e207c24fbd16b23a;107;0
880;0x97116cf6cd4f6412bb47914d6db18da9e16ab2142f543b86e207c24fbd16b23a;114;0
881;0x97116cf6cd4f6412bb47914d6db18da9e16ab2142f543b86e207c24fbd16b23a;115;0
882;0x97116cf6cd4f6412bb47914d6db18da9e16ab2142f543b86e207c24fbd16b23a;111;0
883;0x97116cf6cd4f6412bb47914d6db18da9e16ab2142f543b86e207c24fbd16b23a;126;0
884;0x97116cf6cd4f6412bb47914d6db18da9e16ab2142f543b86e207c24fbd16b23a;108;0
885;0x97116cf6cd4f6412bb47914d6db18da9e16ab2142f543b86e207c24fbd16b23a;107;0
886;0x97116cf6cd4f6412bb47914d6db18da9e16ab2142f543b86e207c24fbd16b23a;106;0
887;0x97116cf6cd4f6412bb47914d6db18da9e16ab2142f543b86e207c24fbd16b23a;107;0
888;0x97116cf6cd4f6412bb47914d6db18da9e16ab2142f543b86e207c24fbd16b23a;107;0
889;0x97116cf6cd4f6412bb47914d6db18da9e16ab2142f543b86e207c24fbd16b23a;113;0
890;0x97116cf6cd4f6412bb47914d6db18da9e16ab2142f543b86e207c24fbd16b23a;107;0
891;0x97116cf6cd4f6412bb47914d6db18da9e16ab2142f543b86e207c24fbd16b23a;107;0
892;0x97116cf6cd4f6412bb47914d6db18da9e16ab2142f543b86e207c24fbd16b23a;116;0
893;0x97116cf6cd4f6412bb47914d6db18da9e16ab2142f543b86e207c24fbd16b23a;110;0
894;0x97116cf6cd4f6412bb47914d6db18da9e16ab2142f543b86e207c24fbd16b23a;110;0
895;0x97116cf6cd4f6412bb47914d6db18da9e16ab2142f543b86e207c24fbd16b23a;117;0
896;0x97116cf6cd4f6412bb47914d6db18da9e16ab2142f543b86e207c24fbd16b23a;108;0
897;0x97116cf6cd4f6412bb47914d6db18da9e16ab2142f543b86e207c24fbd16b23a;112;0
898;0x97116cf6cd4f6412bb47914d6db18da9e16ab2142f543b86e207c24fbd16b23a;110;0
899;0x97116cf6cd4f6412bb47914d6db18da9e16ab2142f543b86e207c24fbd16b23a;111;0
900;0x97116cf6cd4f6412bb47914d6db18da9e16ab2142f543b86e207c24fbd16b23a;113;0
901;0x97116cf6cd4f6412bb47914d6db18da9e16ab2142f543b86e207c24fbd16b23a;114;0
902;0x97116cf6cd4f6412bb47914d6db18da9e16ab2142f543b86e207c24fbd16b23a;110;0
903;0x97116cf6cd4f6412bb47914d6db18da9e16ab2142f543b86e207c24fbd16b23a;107;0
904;0x97116cf6cd4f6412bb47914d6db18da9e16ab2142f543b86e207c24fbd16b23a;114;0
905;0x97116cf6cd4f6412bb47914d6db18da9e16ab2142f543b86e207c24fbd16b23a;109;0
906;0x97116cf6cd4f6412bb47914d6db18da9e16ab2142f543b86e207c24fbd16b23a;110;0
907;0x97116cf6cd4f6412bb47914d6db18da9e16ab2142f543b86e207c24fbd16b23a;110;0
908;0x97116cf6cd4f6412bb47914d6db18da9e16ab2142f543b86e207c24fbd16b23a;109;0
909;0x97116cf6cd4f6412bb47914d6db18da9e16ab2142f543b86e207c24fbd16b23a;115;0
910;0x97116cf6cd4f6412bb47914d6db18da9e16ab2142f543b86e207c24fbd16b23a;113;0
911;0x97116cf6cd4f6412bb47914d6db18da9e16ab2142f543b86e207c24fbd16b23a;112;0
912;0x97116cf6cd4f6412bb47914d6db18da9e16ab2142f543b86e207c24fbd16b23a;112;0
913;0x97116cf6cd4f6412bb47914d6db18da9e16ab2142f543b86e207c24fbd16b23a;110;0
914;0x97116cf6cd4f6412bb47914d6db18da9e16ab2142f543b86e207c24fbd16b23a;110;0
915;0x97116cf6cd4f6412bb47914d6db18da9e16ab2142f543b86e207c24fbd16b23a;109;0
916;0x97116cf6cd4f6412bb47914d6db18da9e16ab2142f543b86e207c24fbd16b23a;106;0
917;0x97116cf6cd4f6412bb47914d6db18da9e16ab2142f543b86e207c24fbd16b23a;108;0
918;0x97116cf6cd4f6412bb47914d6db18da9e16ab2142f543b86e207c24fbd16b23a;108;0
919;0x97116cf6cd4f6412bb47914d6db18da9e16ab2142f543b86e207c24fbd16b23a;111;0
920;0x97116cf6cd4f6412bb47914d6db18da9e16ab2142f543b86e207c24fbd16b23a;107;0
921;0x97116cf6cd4f6412bb47914d6db18da9e16ab2142f543b86e207c24fbd16b23a;106;0
922;0x97116cf6cd4f6412bb47914d6db18da9e16ab2142f543b86e207c24fbd16b23a;107;0
923;0x97116cf6cd4f6412bb47914d6db18da9e16ab2142f543b86e207c24fbd16b23a;108;0
924;0x97116cf6cd4f6412bb47914d6db18da9e16ab2142f543b86e207c24fbd16b23a;108;0
925;0x97116cf6cd4f6412bb47914d6db18da9e16ab2142f543b86e207c24fbd16b23a;108;0
926;0x97116cf6cd4f6412bb47914d6db18da9e16ab2142f543b86e207c24fbd16b23a;112;0
927;0x97116cf6cd4f6412bb47914d6db18da9e16ab2142f543b86e207c24fbd16b23a;107;0
928;0x97116cf6cd4f6412bb47914d6db18da9e16ab2142f543b86e207c24fbd16b23a;110;0
929;0x97116cf6cd4f6412bb47914d6db18da9e16ab2142f543b86e207c24fbd16b23a;108;0
930;0x97116cf6cd4f6412bb47914d6db18da9e16ab2142f543b86e207c24fbd16b23a;108;0
931;0x97116cf6cd4f6412bb47914d6db18da9e16ab2142f543b86e207c24fbd16b23a;109;0
932;0x97116cf6cd4f6412bb47914d6db18da9e16ab2142f543b86e207c24fbd16b23a;110;0
933;0x97116cf6cd4f6412bb47914d6db18da9e16ab2142f543b86e207c24fbd16b23a;109;0
934;0x97116cf6cd4f6412bb47914d6db18da9e16ab2142f543b86e207c24fbd16b23a;108;0
935;0x97116cf6cd4f6412bb47914d6db18da9e16ab2142f543b86e207c24fbd16b23a;107;0
936;0x97116cf6cd4f6412bb47914d6db18da9e16ab2142f543b86e207c24fbd16b23a;109;0
937;0x97116cf6cd4f6412bb47914d6db18da9e16ab2142f543b86e207c24fbd16b23a;107;0
938;0x97116cf6cd4f6412bb47914d6db18da9e16ab2142f543b86e207c24fbd16b23a;111;0
939;0x97116cf6cd4f6412bb47914d6db18da9e16ab2142f543b86e207c24fbd16b23a;106;0
940;0x97116cf6cd4f6412bb47914d6db18da9e16ab2142f543b86e207c24fbd16b23a;109;0
941;0x97116cf6cd4f6412bb47914d6db18da9e16ab2142f543b86e207c24fbd16b23a;106;0
942;0x97116cf6cd4f6412bb47914d6db18da9e16ab2142f543b86e207c24fbd16b23a;107;0
943;0x97116cf6cd4f6412bb47914d6db18da9e16ab2142f543b86e207c24fbd16b23a;108;0
944;0x97116cf6cd4f6412bb47914d6db18da9e16ab2142f543b86e207c24fbd16b23a;115;0
945;0x97116cf6cd4f6412bb47914d6db18da9e16ab2142f543b86e207c24fbd16b23a;108;0
946;0x97116cf6cd4f6412bb47914d6db18da9e16ab2142f543b86e207c24fbd16b23a;107;0
947;0x97116cf6cd4f6412bb47914d6db18da9e16ab2142f543b86e207c24fbd16b23a;111;0
948;0x97116cf6cd4f6412bb47914d6db18da9e16ab2142f543b86e207c24fbd16b23a;110;0
949;0x97116cf6cd4f6412bb47914d6db18da9e16ab2142f543b86e207c24fbd16b23a;106;0
950;0x97116cf6cd4f6412bb47914d6db18da9e16ab2142f543b86e207c24fbd16b23a;111;0
951;0x97116cf6cd4f6412bb47914d6db18da9e16ab2142f543b86e207c24fbd16b23a;107;0
952;0x97116cf6cd4f6412bb47914d6db18da9e16ab2142f543b86e207c24fbd16b23a;106;0
953;0x97116cf6cd4f6412bb47914d6db18da9e16ab2142f543b86e207c24fbd16b23a;108;0
954;0x97116cf6cd4f6412bb47914d6db18da9e16ab2142f543b86e207c24fbd16b23a;108;0
955;0x97116cf6cd4f6412bb47914d6db18da9e16ab2142f543b86e207c24fbd16b23a;107;0
956;0x97116cf6cd4f6412bb47914d6db18da9e16ab2142f543b86e207c24fbd16b23a;111;0
957;0x97116cf6cd4f6412bb47914d6db18da9e16ab2142f543b86e207c24fbd16b23a;106;0
958;0x97116cf6cd4f6412bb47914d6db18da9e16ab2142f543b86e207c24fbd16b23a;108;0
959;0x97116cf6cd4f6412bb47914d6db18da9e16ab2142f543b86e207c24fbd16b23a;109;0
960;0x97116cf6cd4f6412bb47914d6db18da9e16ab2142f543b86e207c24fbd16b23a;108;0
961;0x97116cf6cd4f6412bb47914d6db18da9e16ab2142f543b86e207c24fbd16b23a;108;0
962;0x97116cf6cd4f6412bb47914d6db18da9e16ab2142f543b86e207c24fbd16b23a;110;0
963;0x97116cf6cd4f6412bb47914d6db18da9e16ab2142f543b86e207c24fbd16b23a;109;0
964;0x97116cf6cd4f6412bb47914d6db18da9e16ab2142f543b86e207c24fbd16b23a;107;0
965;0x97116cf6cd4f6412bb47914d6db18da9e16ab2142f543b86e207c24fbd16b23a;110;0
966;0x97116cf6cd4f6412bb47914d6db18da9e16ab2142f543b86e207c24fbd16b23a;110;0
967;0x97116cf6cd4f6412bb47914d6db18da9e16ab2142f543b86e207c24fbd16b23a;107;0
968;0x97116cf6cd4f6412bb47914d6db18da9e16ab2142f543b86e207c24fbd16b23a;106;0
969;0x97116cf6cd4f6412bb47914d6db18da9e16ab2142f543b86e207c24fbd16b23a;108;0
970;0x97116cf6cd4f6412bb47914d6db18da9e16ab2142f543b86e207c24fbd16b23a;108;0
971;0x97116cf6cd4f6412bb47914d6db18da9e16ab2142f543b86e207c24fbd16b23a;107;0
972;0x97116cf6cd4f6412bb47914d6db18da9e16ab2142f543b86e207c24fbd16b23a;108;0
973;0x97116cf6cd4f6412bb47914d6db18da9e16ab2142f543b86e207c24fbd16b23a;111;0
974;0x97116cf6cd4f6412bb47914d6db18da9e16ab2142f543b86e207c24fbd16b23a;107;0
975;0x97116cf6cd4f6412bb47914d6db18da9e16ab2142f543b86e207c24fbd16b23a;111;0
976;0x97116cf6cd4f6412bb47914d6db18da9e16ab2142f543b86e207c24fbd16b23a;107;0
977;0x97116cf6cd4f6412bb47914d6db18da9e16ab2142f543b86e207c24fbd16b23a;111;0
978;0x97116cf6cd4f6412bb47914d6db18da9e16ab2142f543b86e207c24fbd16b23a;110;0
979;0x97116cf6cd4f6412bb47914d6db18da9e16ab2142f543b86e207c24fbd16b23a;111;0
980;0x97116cf6cd4f6412bb47914d6db18da9e16ab2142f543b86e207c24fbd16b23a;109;0
981;0x97116cf6cd4f6412bb47914d6db18da9e16ab2142f543b86e207c24fbd16b23a;108;0
982;0x97116cf6cd4f6412bb47914d6db18da9e16ab2142f543b86e207c24fbd16b23a;112;0
983;0x97116cf6cd4f6412bb47914d6db18da9e16ab2142f543b86e207c24fbd16b23a;110;0
984;0x97116cf6cd4f6412bb47914d6db18da9e16ab2142f543b86e207c24fbd16b23a;108;0
985;0x97116cf6cd4f6412bb47914d6db18da9e16ab2142f543b86e207c24fbd16b23a;108;0
986;0x97116cf6cd4f6412bb47914d6db18da9e16ab2142f543b86e207c24fbd16b23a;106;0
987;0x97116cf6cd4f6412bb47914d6db18da9e16ab2142f543b86e207c24fbd16b23a;106;0
988;0x97116cf6cd4f6412bb47914d6db18da9e16ab2142f543b86e207c24fbd16b23a;109;0
989;0x97116cf6cd4f6412bb47914d6db18da9e16ab2142f543b86e207c24fbd16b23a;109;0
990;0x97116cf6cd4f6412bb47914d6db18da9e16ab2142f543b86e207c24fbd16b23a;115;0
991;0x97116cf6cd4f6412bb47914d6db18da9e16ab2142f543b86e207c24fbd16b23a;105;0
992;0x97116cf6cd4f6412bb47914d6db18da9e16ab2142f543b86e207c24fbd16b23a;110;0
993;0x97116cf6cd4f6412bb47914d6db18da9e16ab2142f543b86e207c24fbd16b23a;108;0
994;0x97116cf6cd4f6412bb47914d6db18da9e16ab2142f543b86e207c24fbd16b23a;112;0
995;0x97116cf6cd4f6412bb47914d6db18da9e16ab2142f543b86e207c24fbd16b23a;108;0
996;0x97116cf6cd4f6412bb47914d6db18da9e16ab2142f543b86e207c24fbd16b23a;106;0
997;0x97116cf6cd4f6412bb47914d6db18da9e16ab2142f543b86e207c24fbd16b23a;109;0
998;0x97116cf6cd4f6412bb47914d6db18da9e16ab2142f543b86e207c24fbd16b23a;108;0
999;0x97116cf6cd4f6412bb47914d6db18da9e16ab2142f543b86e207c24fbd16b23a;108;0
