ID;Event;Duration;Pattern Duration
0;0x1feff2cbe269a938b37c74ec167a90b53e341b3b9476877c66352a1b0c8323d9;4;0
1;0x1feff2cbe269a938b37c74ec167a90b53e341b3b9476877c66352a1b0c8323d9;4;0
2;0x1feff2cbe269a938b37c74ec167a90b53e341b3b9476877c66352a1b0c8323d9;3;0
3;0x1feff2cbe269a938b37c74ec167a90b53e341b3b9476877c66352a1b0c8323d9;4;0
4;0x1feff2cbe269a938b37c74ec167a90b53e341b3b9476877c66352a1b0c8323d9;2;0
5;0x1feff2cbe269a938b37c74ec167a90b53e341b3b9476877c66352a1b0c8323d9;5;0
6;0x1feff2cbe269a938b37c74ec167a90b53e341b3b9476877c66352a1b0c8323d9;4;0
7;0x1feff2cbe269a938b37c74ec167a90b53e341b3b9476877c66352a1b0c8323d9;4;0
8;0x1feff2cbe269a938b37c74ec167a90b53e341b3b9476877c66352a1b0c8323d9;4;0
9;0x1feff2cbe269a938b37c74ec167a90b53e341b3b9476877c66352a1b0c8323d9;4;0
10;0x1feff2cbe269a938b37c74ec167a90b53e341b3b9476877c66352a1b0c8323d9;4;0
11;0x1feff2cbe269a938b37c74ec167a90b53e341b3b9476877c66352a1b0c8323d9;4;0
12;0x1feff2cbe269a938b37c74ec167a90b53e341b3b9476877c66352a1b0c8323d9;4;0
13;0x1feff2cbe269a938b37c74ec167a90b53e341b3b9476877c66352a1b0c8323d9;5;0
14;0x1feff2cbe269a938b37c74ec167a90b53e341b3b9476877c66352a1b0c8323d9;3;0
15;0x1feff2cbe269a938b37c74ec167a90b53e341b3b9476877c66352a1b0c8323d9;3;0
16;0x1feff2cbe269a938b37c74ec167a90b53e341b3b9476877c66352a1b0c8323d9;2;0
17;0x1feff2cbe269a938b37c74ec167a90b53e341b3b9476877c66352a1b0c8323d9;4;0
18;0x1feff2cbe269a938b37c74ec167a90b53e341b3b9476877c66352a1b0c8323d9;2;0
19;0x1feff2cbe269a938b37c74ec167a90b53e341b3b9476877c66352a1b0c8323d9;5;0
20;0x1feff2cbe269a938b37c74ec167a90b53e341b3b9476877c66352a1b0c8323d9;4;0
21;0x1feff2cbe269a938b37c74ec167a90b53e341b3b9476877c66352a1b0c8323d9;5;0
22;0x1feff2cbe269a938b37c74ec167a90b53e341b3b9476877c66352a1b0c8323d9;2;0
23;0x1feff2cbe269a938b37c74ec167a90b53e341b3b9476877c66352a1b0c8323d9;4;0
24;0x1feff2cbe269a938b37c74ec167a90b53e341b3b9476877c66352a1b0c8323d9;5;0
25;0x1feff2cbe269a938b37c74ec167a90b53e341b3b9476877c66352a1b0c8323d9;5;0
26;0x1feff2cbe269a938b37c74ec167a90b53e341b3b9476877c66352a1b0c8323d9;4;0
27;0x1feff2cbe269a938b37c74ec167a90b53e341b3b9476877c66352a1b0c8323d9;5;0
28;0x1feff2cbe269a938b37c74ec167a90b53e341b3b9476877c66352a1b0c8323d9;4;0
29;0x1feff2cbe269a938b37c74ec167a90b53e341b3b9476877c66352a1b0c8323d9;4;0
30;0x1feff2cbe269a938b37c74ec167a90b53e341b3b9476877c66352a1b0c8323d9;4;0
31;0x1feff2cbe269a938b37c74ec167a90b53e341b3b9476877c66352a1b0c8323d9;3;0
32;0x1feff2cbe269a938b37c74ec167a90b53e341b3b9476877c66352a1b0c8323d9;3;0
33;0x1feff2cbe269a938b37c74ec167a90b53e341b3b9476877c66352a1b0c8323d9;3;0
34;0x1feff2cbe269a938b37c74ec167a90b53e341b3b9476877c66352a1b0c8323d9;2;0
35;0x1feff2cbe269a938b37c74ec167a90b53e341b3b9476877c66352a1b0c8323d9;5;0
36;0x1feff2cbe269a938b37c74ec167a90b53e341b3b9476877c66352a1b0c8323d9;4;0
37;0x1feff2cbe269a938b37c74ec167a90b53e341b3b9476877c66352a1b0c8323d9;3;0
38;0x1feff2cbe269a938b37c74ec167a90b53e341b3b9476877c66352a1b0c8323d9;2;0
39;0x1feff2cbe269a938b37c74ec167a90b53e341b3b9476877c66352a1b0c8323d9;4;0
40;0x1feff2cbe269a938b37c74ec167a90b53e341b3b9476877c66352a1b0c8323d9;4;0
41;0x1feff2cbe269a938b37c74ec167a90b53e341b3b9476877c66352a1b0c8323d9;2;0
42;0x1feff2cbe269a938b37c74ec167a90b53e341b3b9476877c66352a1b0c8323d9;4;0
43;0x1feff2cbe269a938b37c74ec167a90b53e341b3b9476877c66352a1b0c8323d9;2;0
44;0x1feff2cbe269a938b37c74ec167a90b53e341b3b9476877c66352a1b0c8323d9;3;0
45;0x1feff2cbe269a938b37c74ec167a90b53e341b3b9476877c66352a1b0c8323d9;3;0
46;0x1feff2cbe269a938b37c74ec167a90b53e341b3b9476877c66352a1b0c8323d9;3;0
47;0x1feff2cbe269a938b37c74ec167a90b53e341b3b9476877c66352a1b0c8323d9;3;0
48;0x1feff2cbe269a938b37c74ec167a90b53e341b3b9476877c66352a1b0c8323d9;3;0
49;0x1feff2cbe269a938b37c74ec167a90b53e341b3b9476877c66352a1b0c8323d9;3;0
50;0x1feff2cbe269a938b37c74ec167a90b53e341b3b9476877c66352a1b0c8323d9;2;0
51;0x1feff2cbe269a938b37c74ec167a90b53e341b3b9476877c66352a1b0c8323d9;3;0
52;0x1feff2cbe269a938b37c74ec167a90b53e341b3b9476877c66352a1b0c8323d9;3;0
53;0x1feff2cbe269a938b37c74ec167a90b53e341b3b9476877c66352a1b0c8323d9;3;0
54;0x1feff2cbe269a938b37c74ec167a90b53e341b3b9476877c66352a1b0c8323d9;3;0
55;0x1feff2cbe269a938b37c74ec167a90b53e341b3b9476877c66352a1b0c8323d9;4;0
56;0x1feff2cbe269a938b37c74ec167a90b53e341b3b9476877c66352a1b0c8323d9;2;0
57;0x1feff2cbe269a938b37c74ec167a90b53e341b3b9476877c66352a1b0c8323d9;2;0
58;0x1feff2cbe269a938b37c74ec167a90b53e341b3b9476877c66352a1b0c8323d9;2;0
59;0x1feff2cbe269a938b37c74ec167a90b53e341b3b9476877c66352a1b0c8323d9;3;0
60;0x1feff2cbe269a938b37c74ec167a90b53e341b3b9476877c66352a1b0c8323d9;3;0
61;0x1feff2cbe269a938b37c74ec167a90b53e341b3b9476877c66352a1b0c8323d9;3;0
62;0x1feff2cbe269a938b37c74ec167a90b53e341b3b9476877c66352a1b0c8323d9;3;0
63;0x1feff2cbe269a938b37c74ec167a90b53e341b3b9476877c66352a1b0c8323d9;3;0
64;0x1feff2cbe269a938b37c74ec167a90b53e341b3b9476877c66352a1b0c8323d9;3;0
65;0x1feff2cbe269a938b37c74ec167a90b53e341b3b9476877c66352a1b0c8323d9;3;0
66;0x1feff2cbe269a938b37c74ec167a90b53e341b3b9476877c66352a1b0c8323d9;4;0
67;0x1feff2cbe269a938b37c74ec167a90b53e341b3b9476877c66352a1b0c8323d9;3;0
68;0x1feff2cbe269a938b37c74ec167a90b53e341b3b9476877c66352a1b0c8323d9;3;0
69;0x1feff2cbe269a938b37c74ec167a90b53e341b3b9476877c66352a1b0c8323d9;3;0
70;0x1feff2cbe269a938b37c74ec167a90b53e341b3b9476877c66352a1b0c8323d9;2;0
71;0x1feff2cbe269a938b37c74ec167a90b53e341b3b9476877c66352a1b0c8323d9;2;0
72;0x1feff2cbe269a938b37c74ec167a90b53e341b3b9476877c66352a1b0c8323d9;3;0
73;0x1feff2cbe269a938b37c74ec167a90b53e341b3b9476877c66352a1b0c8323d9;3;0
74;0x1feff2cbe269a938b37c74ec167a90b53e341b3b9476877c66352a1b0c8323d9;3;0
75;0x1feff2cbe269a938b37c74ec167a90b53e341b3b9476877c66352a1b0c8323d9;2;0
76;0x1feff2cbe269a938b37c74ec167a90b53e341b3b9476877c66352a1b0c8323d9;2;0
77;0x1feff2cbe269a938b37c74ec167a90b53e341b3b9476877c66352a1b0c8323d9;3;0
78;0x1feff2cbe269a938b37c74ec167a90b53e341b3b9476877c66352a1b0c8323d9;3;0
79;0x1feff2cbe269a938b37c74ec167a90b53e341b3b9476877c66352a1b0c8323d9;3;0
80;0x1feff2cbe269a938b37c74ec167a90b53e341b3b9476877c66352a1b0c8323d9;3;0
81;0x1feff2cbe269a938b37c74ec167a90b53e341b3b9476877c66352a1b0c8323d9;3;0
82;0x1feff2cbe269a938b37c74ec167a90b53e341b3b9476877c66352a1b0c8323d9;3;0
83;0x1feff2cbe269a938b37c74ec167a90b53e341b3b9476877c66352a1b0c8323d9;3;0
84;0x1feff2cbe269a938b37c74ec167a90b53e341b3b9476877c66352a1b0c8323d9;3;0
85;0x1feff2cbe269a938b37c74ec167a90b53e341b3b9476877c66352a1b0c8323d9;3;0
86;0x1feff2cbe269a938b37c74ec167a90b53e341b3b9476877c66352a1b0c8323d9;3;0
87;0x1feff2cbe269a938b37c74ec167a90b53e341b3b9476877c66352a1b0c8323d9;2;0
88;0x1feff2cbe269a938b37c74ec167a90b53e341b3b9476877c66352a1b0c8323d9;2;0
89;0x1feff2cbe269a938b37c74ec167a90b53e341b3b9476877c66352a1b0c8323d9;3;0
90;0x1feff2cbe269a938b37c74ec167a90b53e341b3b9476877c66352a1b0c8323d9;3;0
91;0x1feff2cbe269a938b37c74ec167a90b53e341b3b9476877c66352a1b0c8323d9;2;0
92;0x1feff2cbe269a938b37c74ec167a90b53e341b3b9476877c66352a1b0c8323d9;2;0
93;0x1feff2cbe269a938b37c74ec167a90b53e341b3b9476877c66352a1b0c8323d9;3;0
94;0x1feff2cbe269a938b37c74ec167a90b53e341b3b9476877c66352a1b0c8323d9;3;0
95;0x1feff2cbe269a938b37c74ec167a90b53e341b3b9476877c66352a1b0c8323d9;3;0
96;0x1feff2cbe269a938b37c74ec167a90b53e341b3b9476877c66352a1b0c8323d9;3;0
97;0x1feff2cbe269a938b37c74ec167a90b53e341b3b9476877c66352a1b0c8323d9;2;0
98;0x1feff2cbe269a938b37c74ec167a90b53e341b3b9476877c66352a1b0c8323d9;3;0
99;0x1feff2cbe269a938b37c74ec167a90b53e341b3b9476877c66352a1b0c8323d9;2;0
100;0x1feff2cbe269a938b37c74ec167a90b53e341b3b9476877c66352a1b0c8323d9;2;0
101;0x1feff2cbe269a938b37c74ec167a90b53e341b3b9476877c66352a1b0c8323d9;3;0
102;0x1feff2cbe269a938b37c74ec167a90b53e341b3b9476877c66352a1b0c8323d9;2;0
103;0x1feff2cbe269a938b37c74ec167a90b53e341b3b9476877c66352a1b0c8323d9;3;0
104;0x1feff2cbe269a938b37c74ec167a90b53e341b3b9476877c66352a1b0c8323d9;2;0
105;0x1feff2cbe269a938b37c74ec167a90b53e341b3b9476877c66352a1b0c8323d9;3;0
106;0x1feff2cbe269a938b37c74ec167a90b53e341b3b9476877c66352a1b0c8323d9;3;0
107;0x1feff2cbe269a938b37c74ec167a90b53e341b3b9476877c66352a1b0c8323d9;3;0
108;0x1feff2cbe269a938b37c74ec167a90b53e341b3b9476877c66352a1b0c8323d9;3;0
109;0x1feff2cbe269a938b37c74ec167a90b53e341b3b9476877c66352a1b0c8323d9;3;0
110;0x1feff2cbe269a938b37c74ec167a90b53e341b3b9476877c66352a1b0c8323d9;2;0
111;0x1feff2cbe269a938b37c74ec167a90b53e341b3b9476877c66352a1b0c8323d9;2;0
112;0x1feff2cbe269a938b37c74ec167a90b53e341b3b9476877c66352a1b0c8323d9;3;0
113;0x1feff2cbe269a938b37c74ec167a90b53e341b3b9476877c66352a1b0c8323d9;3;0
114;0x1feff2cbe269a938b37c74ec167a90b53e341b3b9476877c66352a1b0c8323d9;2;0
115;0x1feff2cbe269a938b37c74ec167a90b53e341b3b9476877c66352a1b0c8323d9;2;0
116;0x1feff2cbe269a938b37c74ec167a90b53e341b3b9476877c66352a1b0c8323d9;3;0
117;0x1feff2cbe269a938b37c74ec167a90b53e341b3b9476877c66352a1b0c8323d9;3;0
118;0x1feff2cbe269a938b37c74ec167a90b53e341b3b9476877c66352a1b0c8323d9;3;0
119;0x1feff2cbe269a938b37c74ec167a90b53e341b3b9476877c66352a1b0c8323d9;3;0
120;0x1feff2cbe269a938b37c74ec167a90b53e341b3b9476877c66352a1b0c8323d9;3;0
121;0x1feff2cbe269a938b37c74ec167a90b53e341b3b9476877c66352a1b0c8323d9;3;0
122;0x1feff2cbe269a938b37c74ec167a90b53e341b3b9476877c66352a1b0c8323d9;4;0
123;0x1feff2cbe269a938b37c74ec167a90b53e341b3b9476877c66352a1b0c8323d9;2;0
124;0x1feff2cbe269a938b37c74ec167a90b53e341b3b9476877c66352a1b0c8323d9;2;0
125;0x1feff2cbe269a938b37c74ec167a90b53e341b3b9476877c66352a1b0c8323d9;2;0
126;0x1feff2cbe269a938b37c74ec167a90b53e341b3b9476877c66352a1b0c8323d9;4;0
127;0x1feff2cbe269a938b37c74ec167a90b53e341b3b9476877c66352a1b0c8323d9;5;0
128;0x1feff2cbe269a938b37c74ec167a90b53e341b3b9476877c66352a1b0c8323d9;3;0
129;0x1feff2cbe269a938b37c74ec167a90b53e341b3b9476877c66352a1b0c8323d9;4;0
130;0x1feff2cbe269a938b37c74ec167a90b53e341b3b9476877c66352a1b0c8323d9;5;0
131;0x1feff2cbe269a938b37c74ec167a90b53e341b3b9476877c66352a1b0c8323d9;4;0
132;0x1feff2cbe269a938b37c74ec167a90b53e341b3b9476877c66352a1b0c8323d9;4;0
133;0x1feff2cbe269a938b37c74ec167a90b53e341b3b9476877c66352a1b0c8323d9;5;0
134;0x1feff2cbe269a938b37c74ec167a90b53e341b3b9476877c66352a1b0c8323d9;5;0
135;0x1feff2cbe269a938b37c74ec167a90b53e341b3b9476877c66352a1b0c8323d9;5;0
136;0x1feff2cbe269a938b37c74ec167a90b53e341b3b9476877c66352a1b0c8323d9;3;0
137;0x1feff2cbe269a938b37c74ec167a90b53e341b3b9476877c66352a1b0c8323d9;3;0
138;0x1feff2cbe269a938b37c74ec167a90b53e341b3b9476877c66352a1b0c8323d9;4;0
139;0x1feff2cbe269a938b37c74ec167a90b53e341b3b9476877c66352a1b0c8323d9;3;0
140;0x1feff2cbe269a938b37c74ec167a90b53e341b3b9476877c66352a1b0c8323d9;4;0
141;0x1feff2cbe269a938b37c74ec167a90b53e341b3b9476877c66352a1b0c8323d9;2;0
142;0x1feff2cbe269a938b37c74ec167a90b53e341b3b9476877c66352a1b0c8323d9;4;0
143;0x1feff2cbe269a938b37c74ec167a90b53e341b3b9476877c66352a1b0c8323d9;4;0
144;0x1feff2cbe269a938b37c74ec167a90b53e341b3b9476877c66352a1b0c8323d9;3;0
145;0x1feff2cbe269a938b37c74ec167a90b53e341b3b9476877c66352a1b0c8323d9;4;0
146;0x1feff2cbe269a938b37c74ec167a90b53e341b3b9476877c66352a1b0c8323d9;5;0
147;0x1feff2cbe269a938b37c74ec167a90b53e341b3b9476877c66352a1b0c8323d9;3;0
148;0x1feff2cbe269a938b37c74ec167a90b53e341b3b9476877c66352a1b0c8323d9;3;0
149;0x1feff2cbe269a938b37c74ec167a90b53e341b3b9476877c66352a1b0c8323d9;5;0
150;0x1feff2cbe269a938b37c74ec167a90b53e341b3b9476877c66352a1b0c8323d9;3;0
151;0x1feff2cbe269a938b37c74ec167a90b53e341b3b9476877c66352a1b0c8323d9;4;0
152;0x1feff2cbe269a938b37c74ec167a90b53e341b3b9476877c66352a1b0c8323d9;3;0
153;0x1feff2cbe269a938b37c74ec167a90b53e341b3b9476877c66352a1b0c8323d9;2;0
154;0x1feff2cbe269a938b37c74ec167a90b53e341b3b9476877c66352a1b0c8323d9;4;0
155;0x1feff2cbe269a938b37c74ec167a90b53e341b3b9476877c66352a1b0c8323d9;4;0
156;0x1feff2cbe269a938b37c74ec167a90b53e341b3b9476877c66352a1b0c8323d9;3;0
157;0x1feff2cbe269a938b37c74ec167a90b53e341b3b9476877c66352a1b0c8323d9;5;0
158;0x1feff2cbe269a938b37c74ec167a90b53e341b3b9476877c66352a1b0c8323d9;4;0
159;0x1feff2cbe269a938b37c74ec167a90b53e341b3b9476877c66352a1b0c8323d9;3;0
160;0x1feff2cbe269a938b37c74ec167a90b53e341b3b9476877c66352a1b0c8323d9;4;0
161;0x1feff2cbe269a938b37c74ec167a90b53e341b3b9476877c66352a1b0c8323d9;5;0
162;0x1feff2cbe269a938b37c74ec167a90b53e341b3b9476877c66352a1b0c8323d9;3;0
163;0x1feff2cbe269a938b37c74ec167a90b53e341b3b9476877c66352a1b0c8323d9;4;0
164;0x1feff2cbe269a938b37c74ec167a90b53e341b3b9476877c66352a1b0c8323d9;4;0
165;0x1feff2cbe269a938b37c74ec167a90b53e341b3b9476877c66352a1b0c8323d9;3;0
166;0x1feff2cbe269a938b37c74ec167a90b53e341b3b9476877c66352a1b0c8323d9;3;0
167;0x1feff2cbe269a938b37c74ec167a90b53e341b3b9476877c66352a1b0c8323d9;5;0
168;0x1feff2cbe269a938b37c74ec167a90b53e341b3b9476877c66352a1b0c8323d9;3;0
169;0x1feff2cbe269a938b37c74ec167a90b53e341b3b9476877c66352a1b0c8323d9;3;0
170;0x1feff2cbe269a938b37c74ec167a90b53e341b3b9476877c66352a1b0c8323d9;4;0
171;0x1feff2cbe269a938b37c74ec167a90b53e341b3b9476877c66352a1b0c8323d9;3;0
172;0x1feff2cbe269a938b37c74ec167a90b53e341b3b9476877c66352a1b0c8323d9;2;0
173;0x1feff2cbe269a938b37c74ec167a90b53e341b3b9476877c66352a1b0c8323d9;2;0
174;0x1feff2cbe269a938b37c74ec167a90b53e341b3b9476877c66352a1b0c8323d9;3;0
175;0x1feff2cbe269a938b37c74ec167a90b53e341b3b9476877c66352a1b0c8323d9;3;0
176;0x1feff2cbe269a938b37c74ec167a90b53e341b3b9476877c66352a1b0c8323d9;2;0
177;0x1feff2cbe269a938b37c74ec167a90b53e341b3b9476877c66352a1b0c8323d9;3;0
178;0x1feff2cbe269a938b37c74ec167a90b53e341b3b9476877c66352a1b0c8323d9;3;0
179;0x1feff2cbe269a938b37c74ec167a90b53e341b3b9476877c66352a1b0c8323d9;5;0
180;0x1feff2cbe269a938b37c74ec167a90b53e341b3b9476877c66352a1b0c8323d9;4;0
181;0x1feff2cbe269a938b37c74ec167a90b53e341b3b9476877c66352a1b0c8323d9;3;0
182;0x1feff2cbe269a938b37c74ec167a90b53e341b3b9476877c66352a1b0c8323d9;4;0
183;0x1feff2cbe269a938b37c74ec167a90b53e341b3b9476877c66352a1b0c8323d9;3;0
184;0x1feff2cbe269a938b37c74ec167a90b53e341b3b9476877c66352a1b0c8323d9;3;0
185;0x1feff2cbe269a938b37c74ec167a90b53e341b3b9476877c66352a1b0c8323d9;5;0
186;0x1feff2cbe269a938b37c74ec167a90b53e341b3b9476877c66352a1b0c8323d9;5;0
187;0x1feff2cbe269a938b37c74ec167a90b53e341b3b9476877c66352a1b0c8323d9;2;0
188;0x1feff2cbe269a938b37c74ec167a90b53e341b3b9476877c66352a1b0c8323d9;4;0
189;0x1feff2cbe269a938b37c74ec167a90b53e341b3b9476877c66352a1b0c8323d9;3;0
190;0x1feff2cbe269a938b37c74ec167a90b53e341b3b9476877c66352a1b0c8323d9;5;0
191;0x1feff2cbe269a938b37c74ec167a90b53e341b3b9476877c66352a1b0c8323d9;4;0
192;0x1feff2cbe269a938b37c74ec167a90b53e341b3b9476877c66352a1b0c8323d9;4;0
193;0x1feff2cbe269a938b37c74ec167a90b53e341b3b9476877c66352a1b0c8323d9;3;0
194;0x1feff2cbe269a938b37c74ec167a90b53e341b3b9476877c66352a1b0c8323d9;3;0
195;0x1feff2cbe269a938b37c74ec167a90b53e341b3b9476877c66352a1b0c8323d9;4;0
196;0x1feff2cbe269a938b37c74ec167a90b53e341b3b9476877c66352a1b0c8323d9;3;0
197;0x1feff2cbe269a938b37c74ec167a90b53e341b3b9476877c66352a1b0c8323d9;3;0
198;0x1feff2cbe269a938b37c74ec167a90b53e341b3b9476877c66352a1b0c8323d9;4;0
199;0x1feff2cbe269a938b37c74ec167a90b53e341b3b9476877c66352a1b0c8323d9;5;0
200;0x1feff2cbe269a938b37c74ec167a90b53e341b3b9476877c66352a1b0c8323d9;3;0
201;0x1feff2cbe269a938b37c74ec167a90b53e341b3b9476877c66352a1b0c8323d9;4;0
202;0x1feff2cbe269a938b37c74ec167a90b53e341b3b9476877c66352a1b0c8323d9;4;0
203;0x1feff2cbe269a938b37c74ec167a90b53e341b3b9476877c66352a1b0c8323d9;2;0
204;0x1feff2cbe269a938b37c74ec167a90b53e341b3b9476877c66352a1b0c8323d9;3;0
205;0x1feff2cbe269a938b37c74ec167a90b53e341b3b9476877c66352a1b0c8323d9;4;0
206;0x1feff2cbe269a938b37c74ec167a90b53e341b3b9476877c66352a1b0c8323d9;3;0
207;0x1feff2cbe269a938b37c74ec167a90b53e341b3b9476877c66352a1b0c8323d9;3;0
208;0x1feff2cbe269a938b37c74ec167a90b53e341b3b9476877c66352a1b0c8323d9;4;0
209;0x1feff2cbe269a938b37c74ec167a90b53e341b3b9476877c66352a1b0c8323d9;3;0
210;0x1feff2cbe269a938b37c74ec167a90b53e341b3b9476877c66352a1b0c8323d9;3;0
211;0x1feff2cbe269a938b37c74ec167a90b53e341b3b9476877c66352a1b0c8323d9;5;0
212;0x1feff2cbe269a938b37c74ec167a90b53e341b3b9476877c66352a1b0c8323d9;3;0
213;0x1feff2cbe269a938b37c74ec167a90b53e341b3b9476877c66352a1b0c8323d9;2;0
214;0x1feff2cbe269a938b37c74ec167a90b53e341b3b9476877c66352a1b0c8323d9;3;0
215;0x1feff2cbe269a938b37c74ec167a90b53e341b3b9476877c66352a1b0c8323d9;3;0
216;0x1feff2cbe269a938b37c74ec167a90b53e341b3b9476877c66352a1b0c8323d9;3;0
217;0x1feff2cbe269a938b37c74ec167a90b53e341b3b9476877c66352a1b0c8323d9;5;0
218;0x1feff2cbe269a938b37c74ec167a90b53e341b3b9476877c66352a1b0c8323d9;3;0
219;0x1feff2cbe269a938b37c74ec167a90b53e341b3b9476877c66352a1b0c8323d9;3;0
220;0x1feff2cbe269a938b37c74ec167a90b53e341b3b9476877c66352a1b0c8323d9;2;0
221;0x1feff2cbe269a938b37c74ec167a90b53e341b3b9476877c66352a1b0c8323d9;2;0
222;0x1feff2cbe269a938b37c74ec167a90b53e341b3b9476877c66352a1b0c8323d9;4;0
223;0x1feff2cbe269a938b37c74ec167a90b53e341b3b9476877c66352a1b0c8323d9;4;0
224;0x1feff2cbe269a938b37c74ec167a90b53e341b3b9476877c66352a1b0c8323d9;3;0
225;0x1feff2cbe269a938b37c74ec167a90b53e341b3b9476877c66352a1b0c8323d9;3;0
226;0x1feff2cbe269a938b37c74ec167a90b53e341b3b9476877c66352a1b0c8323d9;3;0
227;0x1feff2cbe269a938b37c74ec167a90b53e341b3b9476877c66352a1b0c8323d9;3;0
228;0x1feff2cbe269a938b37c74ec167a90b53e341b3b9476877c66352a1b0c8323d9;4;0
229;0x1feff2cbe269a938b37c74ec167a90b53e341b3b9476877c66352a1b0c8323d9;4;0
230;0x1feff2cbe269a938b37c74ec167a90b53e341b3b9476877c66352a1b0c8323d9;4;0
231;0x1feff2cbe269a938b37c74ec167a90b53e341b3b9476877c66352a1b0c8323d9;3;0
232;0x1feff2cbe269a938b37c74ec167a90b53e341b3b9476877c66352a1b0c8323d9;5;0
233;0x1feff2cbe269a938b37c74ec167a90b53e341b3b9476877c66352a1b0c8323d9;2;0
234;0x1feff2cbe269a938b37c74ec167a90b53e341b3b9476877c66352a1b0c8323d9;4;0
235;0x1feff2cbe269a938b37c74ec167a90b53e341b3b9476877c66352a1b0c8323d9;3;0
236;0x1feff2cbe269a938b37c74ec167a90b53e341b3b9476877c66352a1b0c8323d9;4;0
237;0x1feff2cbe269a938b37c74ec167a90b53e341b3b9476877c66352a1b0c8323d9;5;0
238;0x1feff2cbe269a938b37c74ec167a90b53e341b3b9476877c66352a1b0c8323d9;2;0
239;0x1feff2cbe269a938b37c74ec167a90b53e341b3b9476877c66352a1b0c8323d9;2;0
240;0x1feff2cbe269a938b37c74ec167a90b53e341b3b9476877c66352a1b0c8323d9;3;0
241;0x1feff2cbe269a938b37c74ec167a90b53e341b3b9476877c66352a1b0c8323d9;4;0
242;0x1feff2cbe269a938b37c74ec167a90b53e341b3b9476877c66352a1b0c8323d9;4;0
243;0x1feff2cbe269a938b37c74ec167a90b53e341b3b9476877c66352a1b0c8323d9;2;0
244;0x1feff2cbe269a938b37c74ec167a90b53e341b3b9476877c66352a1b0c8323d9;3;0
245;0x1feff2cbe269a938b37c74ec167a90b53e341b3b9476877c66352a1b0c8323d9;3;0
246;0x1feff2cbe269a938b37c74ec167a90b53e341b3b9476877c66352a1b0c8323d9;4;0
247;0x1feff2cbe269a938b37c74ec167a90b53e341b3b9476877c66352a1b0c8323d9;4;0
248;0x1feff2cbe269a938b37c74ec167a90b53e341b3b9476877c66352a1b0c8323d9;3;0
249;0x1feff2cbe269a938b37c74ec167a90b53e341b3b9476877c66352a1b0c8323d9;4;0
250;0x1feff2cbe269a938b37c74ec167a90b53e341b3b9476877c66352a1b0c8323d9;2;0
251;0x1feff2cbe269a938b37c74ec167a90b53e341b3b9476877c66352a1b0c8323d9;2;0
252;0x1feff2cbe269a938b37c74ec167a90b53e341b3b9476877c66352a1b0c8323d9;4;0
253;0x1feff2cbe269a938b37c74ec167a90b53e341b3b9476877c66352a1b0c8323d9;3;0
254;0x1feff2cbe269a938b37c74ec167a90b53e341b3b9476877c66352a1b0c8323d9;3;0
255;0x1feff2cbe269a938b37c74ec167a90b53e341b3b9476877c66352a1b0c8323d9;2;0
256;0x1feff2cbe269a938b37c74ec167a90b53e341b3b9476877c66352a1b0c8323d9;3;0
257;0x1feff2cbe269a938b37c74ec167a90b53e341b3b9476877c66352a1b0c8323d9;3;0
258;0x1feff2cbe269a938b37c74ec167a90b53e341b3b9476877c66352a1b0c8323d9;5;0
259;0x1feff2cbe269a938b37c74ec167a90b53e341b3b9476877c66352a1b0c8323d9;3;0
260;0x1feff2cbe269a938b37c74ec167a90b53e341b3b9476877c66352a1b0c8323d9;3;0
261;0x1feff2cbe269a938b37c74ec167a90b53e341b3b9476877c66352a1b0c8323d9;4;0
262;0x1feff2cbe269a938b37c74ec167a90b53e341b3b9476877c66352a1b0c8323d9;3;0
263;0x1feff2cbe269a938b37c74ec167a90b53e341b3b9476877c66352a1b0c8323d9;4;0
264;0x1feff2cbe269a938b37c74ec167a90b53e341b3b9476877c66352a1b0c8323d9;3;0
265;0x1feff2cbe269a938b37c74ec167a90b53e341b3b9476877c66352a1b0c8323d9;2;0
266;0x1feff2cbe269a938b37c74ec167a90b53e341b3b9476877c66352a1b0c8323d9;3;0
267;0x1feff2cbe269a938b37c74ec167a90b53e341b3b9476877c66352a1b0c8323d9;3;0
268;0x1feff2cbe269a938b37c74ec167a90b53e341b3b9476877c66352a1b0c8323d9;3;0
269;0x1feff2cbe269a938b37c74ec167a90b53e341b3b9476877c66352a1b0c8323d9;3;0
270;0x1feff2cbe269a938b37c74ec167a90b53e341b3b9476877c66352a1b0c8323d9;4;0
271;0x1feff2cbe269a938b37c74ec167a90b53e341b3b9476877c66352a1b0c8323d9;3;0
272;0x1feff2cbe269a938b37c74ec167a90b53e341b3b9476877c66352a1b0c8323d9;4;0
273;0x1feff2cbe269a938b37c74ec167a90b53e341b3b9476877c66352a1b0c8323d9;5;0
274;0x1feff2cbe269a938b37c74ec167a90b53e341b3b9476877c66352a1b0c8323d9;3;0
275;0x1feff2cbe269a938b37c74ec167a90b53e341b3b9476877c66352a1b0c8323d9;3;0
276;0x1feff2cbe269a938b37c74ec167a90b53e341b3b9476877c66352a1b0c8323d9;3;0
277;0x1feff2cbe269a938b37c74ec167a90b53e341b3b9476877c66352a1b0c8323d9;3;0
278;0x1feff2cbe269a938b37c74ec167a90b53e341b3b9476877c66352a1b0c8323d9;4;0
279;0x1feff2cbe269a938b37c74ec167a90b53e341b3b9476877c66352a1b0c8323d9;4;0
280;0x1feff2cbe269a938b37c74ec167a90b53e341b3b9476877c66352a1b0c8323d9;4;0
281;0x1feff2cbe269a938b37c74ec167a90b53e341b3b9476877c66352a1b0c8323d9;4;0
282;0x1feff2cbe269a938b37c74ec167a90b53e341b3b9476877c66352a1b0c8323d9;5;0
283;0x1feff2cbe269a938b37c74ec167a90b53e341b3b9476877c66352a1b0c8323d9;3;0
284;0x1feff2cbe269a938b37c74ec167a90b53e341b3b9476877c66352a1b0c8323d9;3;0
285;0x1feff2cbe269a938b37c74ec167a90b53e341b3b9476877c66352a1b0c8323d9;3;0
286;0x1feff2cbe269a938b37c74ec167a90b53e341b3b9476877c66352a1b0c8323d9;3;0
287;0x1feff2cbe269a938b37c74ec167a90b53e341b3b9476877c66352a1b0c8323d9;4;0
288;0x1feff2cbe269a938b37c74ec167a90b53e341b3b9476877c66352a1b0c8323d9;4;0
289;0x1feff2cbe269a938b37c74ec167a90b53e341b3b9476877c66352a1b0c8323d9;3;0
290;0x1feff2cbe269a938b37c74ec167a90b53e341b3b9476877c66352a1b0c8323d9;3;0
291;0x1feff2cbe269a938b37c74ec167a90b53e341b3b9476877c66352a1b0c8323d9;5;0
292;0x1feff2cbe269a938b37c74ec167a90b53e341b3b9476877c66352a1b0c8323d9;3;0
293;0x1feff2cbe269a938b37c74ec167a90b53e341b3b9476877c66352a1b0c8323d9;3;0
294;0x1feff2cbe269a938b37c74ec167a90b53e341b3b9476877c66352a1b0c8323d9;3;0
295;0x1feff2cbe269a938b37c74ec167a90b53e341b3b9476877c66352a1b0c8323d9;3;0
296;0x1feff2cbe269a938b37c74ec167a90b53e341b3b9476877c66352a1b0c8323d9;4;0
297;0x1feff2cbe269a938b37c74ec167a90b53e341b3b9476877c66352a1b0c8323d9;2;0
298;0x1feff2cbe269a938b37c74ec167a90b53e341b3b9476877c66352a1b0c8323d9;4;0
299;0x1feff2cbe269a938b37c74ec167a90b53e341b3b9476877c66352a1b0c8323d9;4;0
300;0x1feff2cbe269a938b37c74ec167a90b53e341b3b9476877c66352a1b0c8323d9;3;0
301;0x1feff2cbe269a938b37c74ec167a90b53e341b3b9476877c66352a1b0c8323d9;5;0
302;0x1feff2cbe269a938b37c74ec167a90b53e341b3b9476877c66352a1b0c8323d9;2;0
303;0x1feff2cbe269a938b37c74ec167a90b53e341b3b9476877c66352a1b0c8323d9;3;0
304;0x1feff2cbe269a938b37c74ec167a90b53e341b3b9476877c66352a1b0c8323d9;4;0
305;0x1feff2cbe269a938b37c74ec167a90b53e341b3b9476877c66352a1b0c8323d9;4;0
306;0x1feff2cbe269a938b37c74ec167a90b53e341b3b9476877c66352a1b0c8323d9;8;0
307;0x1feff2cbe269a938b37c74ec167a90b53e341b3b9476877c66352a1b0c8323d9;4;0
308;0x1feff2cbe269a938b37c74ec167a90b53e341b3b9476877c66352a1b0c8323d9;4;0
309;0x1feff2cbe269a938b37c74ec167a90b53e341b3b9476877c66352a1b0c8323d9;6;0
310;0x1feff2cbe269a938b37c74ec167a90b53e341b3b9476877c66352a1b0c8323d9;4;0
311;0x1feff2cbe269a938b37c74ec167a90b53e341b3b9476877c66352a1b0c8323d9;5;0
312;0x1feff2cbe269a938b37c74ec167a90b53e341b3b9476877c66352a1b0c8323d9;6;0
313;0x1feff2cbe269a938b37c74ec167a90b53e341b3b9476877c66352a1b0c8323d9;5;0
314;0x1feff2cbe269a938b37c74ec167a90b53e341b3b9476877c66352a1b0c8323d9;3;0
315;0x1feff2cbe269a938b37c74ec167a90b53e341b3b9476877c66352a1b0c8323d9;5;0
316;0x1feff2cbe269a938b37c74ec167a90b53e341b3b9476877c66352a1b0c8323d9;5;0
317;0x1feff2cbe269a938b37c74ec167a90b53e341b3b9476877c66352a1b0c8323d9;4;0
318;0x1feff2cbe269a938b37c74ec167a90b53e341b3b9476877c66352a1b0c8323d9;3;0
319;0x1feff2cbe269a938b37c74ec167a90b53e341b3b9476877c66352a1b0c8323d9;4;0
320;0x1feff2cbe269a938b37c74ec167a90b53e341b3b9476877c66352a1b0c8323d9;5;0
321;0x1feff2cbe269a938b37c74ec167a90b53e341b3b9476877c66352a1b0c8323d9;3;0
322;0x1feff2cbe269a938b37c74ec167a90b53e341b3b9476877c66352a1b0c8323d9;3;0
323;0x1feff2cbe269a938b37c74ec167a90b53e341b3b9476877c66352a1b0c8323d9;3;0
324;0x1feff2cbe269a938b37c74ec167a90b53e341b3b9476877c66352a1b0c8323d9;5;0
325;0x1feff2cbe269a938b37c74ec167a90b53e341b3b9476877c66352a1b0c8323d9;5;0
326;0x1feff2cbe269a938b37c74ec167a90b53e341b3b9476877c66352a1b0c8323d9;3;0
327;0x1feff2cbe269a938b37c74ec167a90b53e341b3b9476877c66352a1b0c8323d9;5;0
328;0x1feff2cbe269a938b37c74ec167a90b53e341b3b9476877c66352a1b0c8323d9;4;0
329;0x1feff2cbe269a938b37c74ec167a90b53e341b3b9476877c66352a1b0c8323d9;2;0
330;0x1feff2cbe269a938b37c74ec167a90b53e341b3b9476877c66352a1b0c8323d9;5;0
331;0x1feff2cbe269a938b37c74ec167a90b53e341b3b9476877c66352a1b0c8323d9;3;0
332;0x1feff2cbe269a938b37c74ec167a90b53e341b3b9476877c66352a1b0c8323d9;4;0
333;0x1feff2cbe269a938b37c74ec167a90b53e341b3b9476877c66352a1b0c8323d9;4;0
334;0x1feff2cbe269a938b37c74ec167a90b53e341b3b9476877c66352a1b0c8323d9;5;0
335;0x1feff2cbe269a938b37c74ec167a90b53e341b3b9476877c66352a1b0c8323d9;3;0
336;0x1feff2cbe269a938b37c74ec167a90b53e341b3b9476877c66352a1b0c8323d9;5;0
337;0x1feff2cbe269a938b37c74ec167a90b53e341b3b9476877c66352a1b0c8323d9;4;0
338;0x1feff2cbe269a938b37c74ec167a90b53e341b3b9476877c66352a1b0c8323d9;4;0
339;0x1feff2cbe269a938b37c74ec167a90b53e341b3b9476877c66352a1b0c8323d9;5;0
340;0x1feff2cbe269a938b37c74ec167a90b53e341b3b9476877c66352a1b0c8323d9;5;0
341;0x1feff2cbe269a938b37c74ec167a90b53e341b3b9476877c66352a1b0c8323d9;6;0
342;0x1feff2cbe269a938b37c74ec167a90b53e341b3b9476877c66352a1b0c8323d9;4;0
343;0x1feff2cbe269a938b37c74ec167a90b53e341b3b9476877c66352a1b0c8323d9;5;0
344;0x1feff2cbe269a938b37c74ec167a90b53e341b3b9476877c66352a1b0c8323d9;3;0
345;0x1feff2cbe269a938b37c74ec167a90b53e341b3b9476877c66352a1b0c8323d9;5;0
346;0x1feff2cbe269a938b37c74ec167a90b53e341b3b9476877c66352a1b0c8323d9;5;0
347;0x1feff2cbe269a938b37c74ec167a90b53e341b3b9476877c66352a1b0c8323d9;5;0
348;0x1feff2cbe269a938b37c74ec167a90b53e341b3b9476877c66352a1b0c8323d9;3;0
349;0x1feff2cbe269a938b37c74ec167a90b53e341b3b9476877c66352a1b0c8323d9;3;0
350;0x1feff2cbe269a938b37c74ec167a90b53e341b3b9476877c66352a1b0c8323d9;3;0
351;0x1feff2cbe269a938b37c74ec167a90b53e341b3b9476877c66352a1b0c8323d9;5;0
352;0x1feff2cbe269a938b37c74ec167a90b53e341b3b9476877c66352a1b0c8323d9;5;0
353;0x1feff2cbe269a938b37c74ec167a90b53e341b3b9476877c66352a1b0c8323d9;4;0
354;0x1feff2cbe269a938b37c74ec167a90b53e341b3b9476877c66352a1b0c8323d9;3;0
355;0x1feff2cbe269a938b37c74ec167a90b53e341b3b9476877c66352a1b0c8323d9;5;0
356;0x1feff2cbe269a938b37c74ec167a90b53e341b3b9476877c66352a1b0c8323d9;4;0
357;0x1feff2cbe269a938b37c74ec167a90b53e341b3b9476877c66352a1b0c8323d9;3;0
358;0x1feff2cbe269a938b37c74ec167a90b53e341b3b9476877c66352a1b0c8323d9;3;0
359;0x1feff2cbe269a938b37c74ec167a90b53e341b3b9476877c66352a1b0c8323d9;3;0
360;0x1feff2cbe269a938b37c74ec167a90b53e341b3b9476877c66352a1b0c8323d9;3;0
361;0x1feff2cbe269a938b37c74ec167a90b53e341b3b9476877c66352a1b0c8323d9;3;0
362;0x1feff2cbe269a938b37c74ec167a90b53e341b3b9476877c66352a1b0c8323d9;3;0
363;0x1feff2cbe269a938b37c74ec167a90b53e341b3b9476877c66352a1b0c8323d9;4;0
364;0x1feff2cbe269a938b37c74ec167a90b53e341b3b9476877c66352a1b0c8323d9;5;0
365;0x1feff2cbe269a938b37c74ec167a90b53e341b3b9476877c66352a1b0c8323d9;5;0
366;0x1feff2cbe269a938b37c74ec167a90b53e341b3b9476877c66352a1b0c8323d9;5;0
367;0x1feff2cbe269a938b37c74ec167a90b53e341b3b9476877c66352a1b0c8323d9;4;0
368;0x1feff2cbe269a938b37c74ec167a90b53e341b3b9476877c66352a1b0c8323d9;4;0
369;0x1feff2cbe269a938b37c74ec167a90b53e341b3b9476877c66352a1b0c8323d9;5;0
370;0x1feff2cbe269a938b37c74ec167a90b53e341b3b9476877c66352a1b0c8323d9;4;0
371;0x1feff2cbe269a938b37c74ec167a90b53e341b3b9476877c66352a1b0c8323d9;5;0
372;0x1feff2cbe269a938b37c74ec167a90b53e341b3b9476877c66352a1b0c8323d9;4;0
373;0x1feff2cbe269a938b37c74ec167a90b53e341b3b9476877c66352a1b0c8323d9;4;0
374;0x1feff2cbe269a938b37c74ec167a90b53e341b3b9476877c66352a1b0c8323d9;5;0
375;0x1feff2cbe269a938b37c74ec167a90b53e341b3b9476877c66352a1b0c8323d9;3;0
376;0x1feff2cbe269a938b37c74ec167a90b53e341b3b9476877c66352a1b0c8323d9;2;0
377;0x1feff2cbe269a938b37c74ec167a90b53e341b3b9476877c66352a1b0c8323d9;3;0
378;0x1feff2cbe269a938b37c74ec167a90b53e341b3b9476877c66352a1b0c8323d9;3;0
379;0x1feff2cbe269a938b37c74ec167a90b53e341b3b9476877c66352a1b0c8323d9;2;0
380;0x1feff2cbe269a938b37c74ec167a90b53e341b3b9476877c66352a1b0c8323d9;2;0
381;0x1feff2cbe269a938b37c74ec167a90b53e341b3b9476877c66352a1b0c8323d9;5;0
382;0x1feff2cbe269a938b37c74ec167a90b53e341b3b9476877c66352a1b0c8323d9;3;0
383;0x1feff2cbe269a938b37c74ec167a90b53e341b3b9476877c66352a1b0c8323d9;3;0
384;0x1feff2cbe269a938b37c74ec167a90b53e341b3b9476877c66352a1b0c8323d9;3;0
385;0x1feff2cbe269a938b37c74ec167a90b53e341b3b9476877c66352a1b0c8323d9;4;0
386;0x1feff2cbe269a938b37c74ec167a90b53e341b3b9476877c66352a1b0c8323d9;3;0
387;0x1feff2cbe269a938b37c74ec167a90b53e341b3b9476877c66352a1b0c8323d9;5;0
388;0x1feff2cbe269a938b37c74ec167a90b53e341b3b9476877c66352a1b0c8323d9;3;0
389;0x1feff2cbe269a938b37c74ec167a90b53e341b3b9476877c66352a1b0c8323d9;3;0
390;0x1feff2cbe269a938b37c74ec167a90b53e341b3b9476877c66352a1b0c8323d9;7;0
391;0x1feff2cbe269a938b37c74ec167a90b53e341b3b9476877c66352a1b0c8323d9;4;0
392;0x1feff2cbe269a938b37c74ec167a90b53e341b3b9476877c66352a1b0c8323d9;4;0
393;0x1feff2cbe269a938b37c74ec167a90b53e341b3b9476877c66352a1b0c8323d9;3;0
394;0x1feff2cbe269a938b37c74ec167a90b53e341b3b9476877c66352a1b0c8323d9;4;0
395;0x1feff2cbe269a938b37c74ec167a90b53e341b3b9476877c66352a1b0c8323d9;3;0
396;0x1feff2cbe269a938b37c74ec167a90b53e341b3b9476877c66352a1b0c8323d9;5;0
397;0x1feff2cbe269a938b37c74ec167a90b53e341b3b9476877c66352a1b0c8323d9;4;0
398;0x1feff2cbe269a938b37c74ec167a90b53e341b3b9476877c66352a1b0c8323d9;5;0
399;0x1feff2cbe269a938b37c74ec167a90b53e341b3b9476877c66352a1b0c8323d9;5;0
400;0x1feff2cbe269a938b37c74ec167a90b53e341b3b9476877c66352a1b0c8323d9;4;0
401;0x1feff2cbe269a938b37c74ec167a90b53e341b3b9476877c66352a1b0c8323d9;5;0
402;0x1feff2cbe269a938b37c74ec167a90b53e341b3b9476877c66352a1b0c8323d9;5;0
403;0x1feff2cbe269a938b37c74ec167a90b53e341b3b9476877c66352a1b0c8323d9;8;0
404;0x1feff2cbe269a938b37c74ec167a90b53e341b3b9476877c66352a1b0c8323d9;5;0
405;0x1feff2cbe269a938b37c74ec167a90b53e341b3b9476877c66352a1b0c8323d9;3;0
406;0x1feff2cbe269a938b37c74ec167a90b53e341b3b9476877c66352a1b0c8323d9;4;0
407;0x1feff2cbe269a938b37c74ec167a90b53e341b3b9476877c66352a1b0c8323d9;4;0
408;0x1feff2cbe269a938b37c74ec167a90b53e341b3b9476877c66352a1b0c8323d9;3;0
409;0x1feff2cbe269a938b37c74ec167a90b53e341b3b9476877c66352a1b0c8323d9;5;0
410;0x1feff2cbe269a938b37c74ec167a90b53e341b3b9476877c66352a1b0c8323d9;4;0
411;0x1feff2cbe269a938b37c74ec167a90b53e341b3b9476877c66352a1b0c8323d9;5;0
412;0x1feff2cbe269a938b37c74ec167a90b53e341b3b9476877c66352a1b0c8323d9;4;0
413;0x1feff2cbe269a938b37c74ec167a90b53e341b3b9476877c66352a1b0c8323d9;3;0
414;0x1feff2cbe269a938b37c74ec167a90b53e341b3b9476877c66352a1b0c8323d9;5;0
415;0x1feff2cbe269a938b37c74ec167a90b53e341b3b9476877c66352a1b0c8323d9;5;0
416;0x1feff2cbe269a938b37c74ec167a90b53e341b3b9476877c66352a1b0c8323d9;5;0
417;0x1feff2cbe269a938b37c74ec167a90b53e341b3b9476877c66352a1b0c8323d9;3;0
418;0x1feff2cbe269a938b37c74ec167a90b53e341b3b9476877c66352a1b0c8323d9;3;0
419;0x1feff2cbe269a938b37c74ec167a90b53e341b3b9476877c66352a1b0c8323d9;5;0
420;0x1feff2cbe269a938b37c74ec167a90b53e341b3b9476877c66352a1b0c8323d9;4;0
421;0x1feff2cbe269a938b37c74ec167a90b53e341b3b9476877c66352a1b0c8323d9;4;0
422;0x1feff2cbe269a938b37c74ec167a90b53e341b3b9476877c66352a1b0c8323d9;4;0
423;0x1feff2cbe269a938b37c74ec167a90b53e341b3b9476877c66352a1b0c8323d9;5;0
424;0x1feff2cbe269a938b37c74ec167a90b53e341b3b9476877c66352a1b0c8323d9;4;0
425;0x1feff2cbe269a938b37c74ec167a90b53e341b3b9476877c66352a1b0c8323d9;3;0
426;0x1feff2cbe269a938b37c74ec167a90b53e341b3b9476877c66352a1b0c8323d9;4;0
427;0x1feff2cbe269a938b37c74ec167a90b53e341b3b9476877c66352a1b0c8323d9;4;0
428;0x1feff2cbe269a938b37c74ec167a90b53e341b3b9476877c66352a1b0c8323d9;4;0
429;0x1feff2cbe269a938b37c74ec167a90b53e341b3b9476877c66352a1b0c8323d9;6;0
430;0x1feff2cbe269a938b37c74ec167a90b53e341b3b9476877c66352a1b0c8323d9;4;0
431;0x1feff2cbe269a938b37c74ec167a90b53e341b3b9476877c66352a1b0c8323d9;3;0
432;0x1feff2cbe269a938b37c74ec167a90b53e341b3b9476877c66352a1b0c8323d9;4;0
433;0x1feff2cbe269a938b37c74ec167a90b53e341b3b9476877c66352a1b0c8323d9;4;0
434;0x1feff2cbe269a938b37c74ec167a90b53e341b3b9476877c66352a1b0c8323d9;6;0
435;0x1feff2cbe269a938b37c74ec167a90b53e341b3b9476877c66352a1b0c8323d9;3;0
436;0x1feff2cbe269a938b37c74ec167a90b53e341b3b9476877c66352a1b0c8323d9;2;0
437;0x1feff2cbe269a938b37c74ec167a90b53e341b3b9476877c66352a1b0c8323d9;5;0
438;0x1feff2cbe269a938b37c74ec167a90b53e341b3b9476877c66352a1b0c8323d9;4;0
439;0x1feff2cbe269a938b37c74ec167a90b53e341b3b9476877c66352a1b0c8323d9;3;0
440;0x1feff2cbe269a938b37c74ec167a90b53e341b3b9476877c66352a1b0c8323d9;5;0
441;0x1feff2cbe269a938b37c74ec167a90b53e341b3b9476877c66352a1b0c8323d9;3;0
442;0x1feff2cbe269a938b37c74ec167a90b53e341b3b9476877c66352a1b0c8323d9;5;0
443;0x1feff2cbe269a938b37c74ec167a90b53e341b3b9476877c66352a1b0c8323d9;4;0
444;0x1feff2cbe269a938b37c74ec167a90b53e341b3b9476877c66352a1b0c8323d9;3;0
445;0x1feff2cbe269a938b37c74ec167a90b53e341b3b9476877c66352a1b0c8323d9;4;0
446;0x1feff2cbe269a938b37c74ec167a90b53e341b3b9476877c66352a1b0c8323d9;4;0
447;0x1feff2cbe269a938b37c74ec167a90b53e341b3b9476877c66352a1b0c8323d9;4;0
448;0x1feff2cbe269a938b37c74ec167a90b53e341b3b9476877c66352a1b0c8323d9;5;0
449;0x1feff2cbe269a938b37c74ec167a90b53e341b3b9476877c66352a1b0c8323d9;4;0
450;0x1feff2cbe269a938b37c74ec167a90b53e341b3b9476877c66352a1b0c8323d9;5;0
451;0x1feff2cbe269a938b37c74ec167a90b53e341b3b9476877c66352a1b0c8323d9;3;0
452;0x1feff2cbe269a938b37c74ec167a90b53e341b3b9476877c66352a1b0c8323d9;4;0
453;0x1feff2cbe269a938b37c74ec167a90b53e341b3b9476877c66352a1b0c8323d9;5;0
454;0x1feff2cbe269a938b37c74ec167a90b53e341b3b9476877c66352a1b0c8323d9;3;0
455;0x1feff2cbe269a938b37c74ec167a90b53e341b3b9476877c66352a1b0c8323d9;4;0
456;0x1feff2cbe269a938b37c74ec167a90b53e341b3b9476877c66352a1b0c8323d9;4;0
457;0x1feff2cbe269a938b37c74ec167a90b53e341b3b9476877c66352a1b0c8323d9;5;0
458;0x1feff2cbe269a938b37c74ec167a90b53e341b3b9476877c66352a1b0c8323d9;4;0
459;0x1feff2cbe269a938b37c74ec167a90b53e341b3b9476877c66352a1b0c8323d9;4;0
460;0x1feff2cbe269a938b37c74ec167a90b53e341b3b9476877c66352a1b0c8323d9;4;0
461;0x1feff2cbe269a938b37c74ec167a90b53e341b3b9476877c66352a1b0c8323d9;4;0
462;0x1feff2cbe269a938b37c74ec167a90b53e341b3b9476877c66352a1b0c8323d9;5;0
463;0x1feff2cbe269a938b37c74ec167a90b53e341b3b9476877c66352a1b0c8323d9;4;0
464;0x1feff2cbe269a938b37c74ec167a90b53e341b3b9476877c66352a1b0c8323d9;4;0
465;0x1feff2cbe269a938b37c74ec167a90b53e341b3b9476877c66352a1b0c8323d9;4;0
466;0x1feff2cbe269a938b37c74ec167a90b53e341b3b9476877c66352a1b0c8323d9;6;0
467;0x1feff2cbe269a938b37c74ec167a90b53e341b3b9476877c66352a1b0c8323d9;4;0
468;0x1feff2cbe269a938b37c74ec167a90b53e341b3b9476877c66352a1b0c8323d9;3;0
469;0x1feff2cbe269a938b37c74ec167a90b53e341b3b9476877c66352a1b0c8323d9;5;0
470;0x1feff2cbe269a938b37c74ec167a90b53e341b3b9476877c66352a1b0c8323d9;5;0
471;0x1feff2cbe269a938b37c74ec167a90b53e341b3b9476877c66352a1b0c8323d9;4;0
472;0x1feff2cbe269a938b37c74ec167a90b53e341b3b9476877c66352a1b0c8323d9;3;0
473;0x1feff2cbe269a938b37c74ec167a90b53e341b3b9476877c66352a1b0c8323d9;3;0
474;0x1feff2cbe269a938b37c74ec167a90b53e341b3b9476877c66352a1b0c8323d9;5;0
475;0x1feff2cbe269a938b37c74ec167a90b53e341b3b9476877c66352a1b0c8323d9;3;0
476;0x1feff2cbe269a938b37c74ec167a90b53e341b3b9476877c66352a1b0c8323d9;3;0
477;0x1feff2cbe269a938b37c74ec167a90b53e341b3b9476877c66352a1b0c8323d9;3;0
478;0x1feff2cbe269a938b37c74ec167a90b53e341b3b9476877c66352a1b0c8323d9;3;0
479;0x1feff2cbe269a938b37c74ec167a90b53e341b3b9476877c66352a1b0c8323d9;3;0
480;0x1feff2cbe269a938b37c74ec167a90b53e341b3b9476877c66352a1b0c8323d9;4;0
481;0x1feff2cbe269a938b37c74ec167a90b53e341b3b9476877c66352a1b0c8323d9;5;0
482;0x1feff2cbe269a938b37c74ec167a90b53e341b3b9476877c66352a1b0c8323d9;5;0
483;0x1feff2cbe269a938b37c74ec167a90b53e341b3b9476877c66352a1b0c8323d9;5;0
484;0x1feff2cbe269a938b37c74ec167a90b53e341b3b9476877c66352a1b0c8323d9;4;0
485;0x1feff2cbe269a938b37c74ec167a90b53e341b3b9476877c66352a1b0c8323d9;3;0
486;0x1feff2cbe269a938b37c74ec167a90b53e341b3b9476877c66352a1b0c8323d9;5;0
487;0x1feff2cbe269a938b37c74ec167a90b53e341b3b9476877c66352a1b0c8323d9;3;0
488;0x1feff2cbe269a938b37c74ec167a90b53e341b3b9476877c66352a1b0c8323d9;3;0
489;0x1feff2cbe269a938b37c74ec167a90b53e341b3b9476877c66352a1b0c8323d9;3;0
490;0x1feff2cbe269a938b37c74ec167a90b53e341b3b9476877c66352a1b0c8323d9;4;0
491;0x1feff2cbe269a938b37c74ec167a90b53e341b3b9476877c66352a1b0c8323d9;5;0
492;0x1feff2cbe269a938b37c74ec167a90b53e341b3b9476877c66352a1b0c8323d9;5;0
493;0x1feff2cbe269a938b37c74ec167a90b53e341b3b9476877c66352a1b0c8323d9;4;0
494;0x1feff2cbe269a938b37c74ec167a90b53e341b3b9476877c66352a1b0c8323d9;5;0
495;0x1feff2cbe269a938b37c74ec167a90b53e341b3b9476877c66352a1b0c8323d9;3;0
496;0x1feff2cbe269a938b37c74ec167a90b53e341b3b9476877c66352a1b0c8323d9;3;0
497;0x1feff2cbe269a938b37c74ec167a90b53e341b3b9476877c66352a1b0c8323d9;3;0
498;0x1feff2cbe269a938b37c74ec167a90b53e341b3b9476877c66352a1b0c8323d9;4;0
499;0x1feff2cbe269a938b37c74ec167a90b53e341b3b9476877c66352a1b0c8323d9;6;0
500;0x1feff2cbe269a938b37c74ec167a90b53e341b3b9476877c66352a1b0c8323d9;4;0
501;0x1feff2cbe269a938b37c74ec167a90b53e341b3b9476877c66352a1b0c8323d9;4;0
502;0x1feff2cbe269a938b37c74ec167a90b53e341b3b9476877c66352a1b0c8323d9;3;0
503;0x1feff2cbe269a938b37c74ec167a90b53e341b3b9476877c66352a1b0c8323d9;4;0
504;0x1feff2cbe269a938b37c74ec167a90b53e341b3b9476877c66352a1b0c8323d9;3;0
505;0x1feff2cbe269a938b37c74ec167a90b53e341b3b9476877c66352a1b0c8323d9;4;0
506;0x1feff2cbe269a938b37c74ec167a90b53e341b3b9476877c66352a1b0c8323d9;4;0
507;0x1feff2cbe269a938b37c74ec167a90b53e341b3b9476877c66352a1b0c8323d9;3;0
508;0x1feff2cbe269a938b37c74ec167a90b53e341b3b9476877c66352a1b0c8323d9;3;0
509;0x1feff2cbe269a938b37c74ec167a90b53e341b3b9476877c66352a1b0c8323d9;4;0
510;0x1feff2cbe269a938b37c74ec167a90b53e341b3b9476877c66352a1b0c8323d9;5;0
511;0x1feff2cbe269a938b37c74ec167a90b53e341b3b9476877c66352a1b0c8323d9;5;0
512;0x1feff2cbe269a938b37c74ec167a90b53e341b3b9476877c66352a1b0c8323d9;5;0
513;0x1feff2cbe269a938b37c74ec167a90b53e341b3b9476877c66352a1b0c8323d9;3;0
514;0x1feff2cbe269a938b37c74ec167a90b53e341b3b9476877c66352a1b0c8323d9;3;0
515;0x1feff2cbe269a938b37c74ec167a90b53e341b3b9476877c66352a1b0c8323d9;3;0
516;0x1feff2cbe269a938b37c74ec167a90b53e341b3b9476877c66352a1b0c8323d9;4;0
517;0x1feff2cbe269a938b37c74ec167a90b53e341b3b9476877c66352a1b0c8323d9;3;0
518;0x1feff2cbe269a938b37c74ec167a90b53e341b3b9476877c66352a1b0c8323d9;3;0
519;0x1feff2cbe269a938b37c74ec167a90b53e341b3b9476877c66352a1b0c8323d9;3;0
520;0x1feff2cbe269a938b37c74ec167a90b53e341b3b9476877c66352a1b0c8323d9;2;0
521;0x1feff2cbe269a938b37c74ec167a90b53e341b3b9476877c66352a1b0c8323d9;3;0
522;0x1feff2cbe269a938b37c74ec167a90b53e341b3b9476877c66352a1b0c8323d9;3;0
523;0x1feff2cbe269a938b37c74ec167a90b53e341b3b9476877c66352a1b0c8323d9;2;0
524;0x1feff2cbe269a938b37c74ec167a90b53e341b3b9476877c66352a1b0c8323d9;3;0
525;0x1feff2cbe269a938b37c74ec167a90b53e341b3b9476877c66352a1b0c8323d9;2;0
526;0x1feff2cbe269a938b37c74ec167a90b53e341b3b9476877c66352a1b0c8323d9;3;0
527;0x1feff2cbe269a938b37c74ec167a90b53e341b3b9476877c66352a1b0c8323d9;2;0
528;0x1feff2cbe269a938b37c74ec167a90b53e341b3b9476877c66352a1b0c8323d9;3;0
529;0x1feff2cbe269a938b37c74ec167a90b53e341b3b9476877c66352a1b0c8323d9;3;0
530;0x1feff2cbe269a938b37c74ec167a90b53e341b3b9476877c66352a1b0c8323d9;3;0
531;0x1feff2cbe269a938b37c74ec167a90b53e341b3b9476877c66352a1b0c8323d9;3;0
532;0x1feff2cbe269a938b37c74ec167a90b53e341b3b9476877c66352a1b0c8323d9;2;0
533;0x1feff2cbe269a938b37c74ec167a90b53e341b3b9476877c66352a1b0c8323d9;2;0
534;0x1feff2cbe269a938b37c74ec167a90b53e341b3b9476877c66352a1b0c8323d9;4;0
535;0x1feff2cbe269a938b37c74ec167a90b53e341b3b9476877c66352a1b0c8323d9;3;0
536;0x1feff2cbe269a938b37c74ec167a90b53e341b3b9476877c66352a1b0c8323d9;3;0
537;0x1feff2cbe269a938b37c74ec167a90b53e341b3b9476877c66352a1b0c8323d9;3;0
538;0x1feff2cbe269a938b37c74ec167a90b53e341b3b9476877c66352a1b0c8323d9;3;0
539;0x1feff2cbe269a938b37c74ec167a90b53e341b3b9476877c66352a1b0c8323d9;3;0
540;0x1feff2cbe269a938b37c74ec167a90b53e341b3b9476877c66352a1b0c8323d9;3;0
541;0x1feff2cbe269a938b37c74ec167a90b53e341b3b9476877c66352a1b0c8323d9;3;0
542;0x1feff2cbe269a938b37c74ec167a90b53e341b3b9476877c66352a1b0c8323d9;3;0
543;0x1feff2cbe269a938b37c74ec167a90b53e341b3b9476877c66352a1b0c8323d9;2;0
544;0x1feff2cbe269a938b37c74ec167a90b53e341b3b9476877c66352a1b0c8323d9;3;0
545;0x1feff2cbe269a938b37c74ec167a90b53e341b3b9476877c66352a1b0c8323d9;3;0
546;0x1feff2cbe269a938b37c74ec167a90b53e341b3b9476877c66352a1b0c8323d9;3;0
547;0x1feff2cbe269a938b37c74ec167a90b53e341b3b9476877c66352a1b0c8323d9;3;0
548;0x1feff2cbe269a938b37c74ec167a90b53e341b3b9476877c66352a1b0c8323d9;4;0
549;0x1feff2cbe269a938b37c74ec167a90b53e341b3b9476877c66352a1b0c8323d9;2;0
550;0x1feff2cbe269a938b37c74ec167a90b53e341b3b9476877c66352a1b0c8323d9;3;0
551;0x1feff2cbe269a938b37c74ec167a90b53e341b3b9476877c66352a1b0c8323d9;3;0
552;0x1feff2cbe269a938b37c74ec167a90b53e341b3b9476877c66352a1b0c8323d9;3;0
553;0x1feff2cbe269a938b37c74ec167a90b53e341b3b9476877c66352a1b0c8323d9;3;0
554;0x1feff2cbe269a938b37c74ec167a90b53e341b3b9476877c66352a1b0c8323d9;3;0
555;0x1feff2cbe269a938b37c74ec167a90b53e341b3b9476877c66352a1b0c8323d9;5;0
556;0x1feff2cbe269a938b37c74ec167a90b53e341b3b9476877c66352a1b0c8323d9;3;0
557;0x1feff2cbe269a938b37c74ec167a90b53e341b3b9476877c66352a1b0c8323d9;3;0
558;0x1feff2cbe269a938b37c74ec167a90b53e341b3b9476877c66352a1b0c8323d9;3;0
559;0x1feff2cbe269a938b37c74ec167a90b53e341b3b9476877c66352a1b0c8323d9;4;0
560;0x1feff2cbe269a938b37c74ec167a90b53e341b3b9476877c66352a1b0c8323d9;3;0
561;0x1feff2cbe269a938b37c74ec167a90b53e341b3b9476877c66352a1b0c8323d9;3;0
562;0x1feff2cbe269a938b37c74ec167a90b53e341b3b9476877c66352a1b0c8323d9;3;0
563;0x1feff2cbe269a938b37c74ec167a90b53e341b3b9476877c66352a1b0c8323d9;4;0
564;0x1feff2cbe269a938b37c74ec167a90b53e341b3b9476877c66352a1b0c8323d9;2;0
565;0x1feff2cbe269a938b37c74ec167a90b53e341b3b9476877c66352a1b0c8323d9;3;0
566;0x1feff2cbe269a938b37c74ec167a90b53e341b3b9476877c66352a1b0c8323d9;3;0
567;0x1feff2cbe269a938b37c74ec167a90b53e341b3b9476877c66352a1b0c8323d9;2;0
568;0x1feff2cbe269a938b37c74ec167a90b53e341b3b9476877c66352a1b0c8323d9;3;0
569;0x1feff2cbe269a938b37c74ec167a90b53e341b3b9476877c66352a1b0c8323d9;3;0
570;0x1feff2cbe269a938b37c74ec167a90b53e341b3b9476877c66352a1b0c8323d9;3;0
571;0x1feff2cbe269a938b37c74ec167a90b53e341b3b9476877c66352a1b0c8323d9;5;0
572;0x1feff2cbe269a938b37c74ec167a90b53e341b3b9476877c66352a1b0c8323d9;4;0
573;0x1feff2cbe269a938b37c74ec167a90b53e341b3b9476877c66352a1b0c8323d9;4;0
574;0x1feff2cbe269a938b37c74ec167a90b53e341b3b9476877c66352a1b0c8323d9;3;0
575;0x1feff2cbe269a938b37c74ec167a90b53e341b3b9476877c66352a1b0c8323d9;4;0
576;0x1feff2cbe269a938b37c74ec167a90b53e341b3b9476877c66352a1b0c8323d9;3;0
577;0x1feff2cbe269a938b37c74ec167a90b53e341b3b9476877c66352a1b0c8323d9;3;0
578;0x1feff2cbe269a938b37c74ec167a90b53e341b3b9476877c66352a1b0c8323d9;3;0
579;0x1feff2cbe269a938b37c74ec167a90b53e341b3b9476877c66352a1b0c8323d9;2;0
580;0x1feff2cbe269a938b37c74ec167a90b53e341b3b9476877c66352a1b0c8323d9;3;0
581;0x1feff2cbe269a938b37c74ec167a90b53e341b3b9476877c66352a1b0c8323d9;2;0
582;0x1feff2cbe269a938b37c74ec167a90b53e341b3b9476877c66352a1b0c8323d9;3;0
583;0x1feff2cbe269a938b37c74ec167a90b53e341b3b9476877c66352a1b0c8323d9;4;0
584;0x1feff2cbe269a938b37c74ec167a90b53e341b3b9476877c66352a1b0c8323d9;4;0
585;0x1feff2cbe269a938b37c74ec167a90b53e341b3b9476877c66352a1b0c8323d9;3;0
586;0x1feff2cbe269a938b37c74ec167a90b53e341b3b9476877c66352a1b0c8323d9;3;0
587;0x1feff2cbe269a938b37c74ec167a90b53e341b3b9476877c66352a1b0c8323d9;5;0
588;0x1feff2cbe269a938b37c74ec167a90b53e341b3b9476877c66352a1b0c8323d9;3;0
589;0x1feff2cbe269a938b37c74ec167a90b53e341b3b9476877c66352a1b0c8323d9;3;0
590;0x1feff2cbe269a938b37c74ec167a90b53e341b3b9476877c66352a1b0c8323d9;3;0
591;0x1feff2cbe269a938b37c74ec167a90b53e341b3b9476877c66352a1b0c8323d9;3;0
592;0x1feff2cbe269a938b37c74ec167a90b53e341b3b9476877c66352a1b0c8323d9;5;0
593;0x1feff2cbe269a938b37c74ec167a90b53e341b3b9476877c66352a1b0c8323d9;3;0
594;0x1feff2cbe269a938b37c74ec167a90b53e341b3b9476877c66352a1b0c8323d9;4;0
595;0x1feff2cbe269a938b37c74ec167a90b53e341b3b9476877c66352a1b0c8323d9;2;0
596;0x1feff2cbe269a938b37c74ec167a90b53e341b3b9476877c66352a1b0c8323d9;2;0
597;0x1feff2cbe269a938b37c74ec167a90b53e341b3b9476877c66352a1b0c8323d9;5;0
598;0x1feff2cbe269a938b37c74ec167a90b53e341b3b9476877c66352a1b0c8323d9;2;0
599;0x1feff2cbe269a938b37c74ec167a90b53e341b3b9476877c66352a1b0c8323d9;3;0
600;0x1feff2cbe269a938b37c74ec167a90b53e341b3b9476877c66352a1b0c8323d9;3;0
601;0x1feff2cbe269a938b37c74ec167a90b53e341b3b9476877c66352a1b0c8323d9;2;0
602;0x1feff2cbe269a938b37c74ec167a90b53e341b3b9476877c66352a1b0c8323d9;4;0
603;0x1feff2cbe269a938b37c74ec167a90b53e341b3b9476877c66352a1b0c8323d9;3;0
604;0x1feff2cbe269a938b37c74ec167a90b53e341b3b9476877c66352a1b0c8323d9;2;0
605;0x1feff2cbe269a938b37c74ec167a90b53e341b3b9476877c66352a1b0c8323d9;4;0
606;0x1feff2cbe269a938b37c74ec167a90b53e341b3b9476877c66352a1b0c8323d9;5;0
607;0x1feff2cbe269a938b37c74ec167a90b53e341b3b9476877c66352a1b0c8323d9;4;0
608;0x1feff2cbe269a938b37c74ec167a90b53e341b3b9476877c66352a1b0c8323d9;3;0
609;0x1feff2cbe269a938b37c74ec167a90b53e341b3b9476877c66352a1b0c8323d9;2;0
610;0x1feff2cbe269a938b37c74ec167a90b53e341b3b9476877c66352a1b0c8323d9;3;0
611;0x1feff2cbe269a938b37c74ec167a90b53e341b3b9476877c66352a1b0c8323d9;2;0
612;0x1feff2cbe269a938b37c74ec167a90b53e341b3b9476877c66352a1b0c8323d9;4;0
613;0x1feff2cbe269a938b37c74ec167a90b53e341b3b9476877c66352a1b0c8323d9;3;0
614;0x1feff2cbe269a938b37c74ec167a90b53e341b3b9476877c66352a1b0c8323d9;3;0
615;0x1feff2cbe269a938b37c74ec167a90b53e341b3b9476877c66352a1b0c8323d9;4;0
616;0x1feff2cbe269a938b37c74ec167a90b53e341b3b9476877c66352a1b0c8323d9;2;0
617;0x1feff2cbe269a938b37c74ec167a90b53e341b3b9476877c66352a1b0c8323d9;3;0
618;0x1feff2cbe269a938b37c74ec167a90b53e341b3b9476877c66352a1b0c8323d9;3;0
619;0x1feff2cbe269a938b37c74ec167a90b53e341b3b9476877c66352a1b0c8323d9;2;0
620;0x1feff2cbe269a938b37c74ec167a90b53e341b3b9476877c66352a1b0c8323d9;3;0
621;0x1feff2cbe269a938b37c74ec167a90b53e341b3b9476877c66352a1b0c8323d9;3;0
622;0x1feff2cbe269a938b37c74ec167a90b53e341b3b9476877c66352a1b0c8323d9;3;0
623;0x1feff2cbe269a938b37c74ec167a90b53e341b3b9476877c66352a1b0c8323d9;2;0
624;0x1feff2cbe269a938b37c74ec167a90b53e341b3b9476877c66352a1b0c8323d9;4;0
625;0x1feff2cbe269a938b37c74ec167a90b53e341b3b9476877c66352a1b0c8323d9;3;0
626;0x1feff2cbe269a938b37c74ec167a90b53e341b3b9476877c66352a1b0c8323d9;3;0
627;0x1feff2cbe269a938b37c74ec167a90b53e341b3b9476877c66352a1b0c8323d9;4;0
628;0x1feff2cbe269a938b37c74ec167a90b53e341b3b9476877c66352a1b0c8323d9;3;0
629;0x1feff2cbe269a938b37c74ec167a90b53e341b3b9476877c66352a1b0c8323d9;3;0
630;0x1feff2cbe269a938b37c74ec167a90b53e341b3b9476877c66352a1b0c8323d9;5;0
631;0x1feff2cbe269a938b37c74ec167a90b53e341b3b9476877c66352a1b0c8323d9;3;0
632;0x1feff2cbe269a938b37c74ec167a90b53e341b3b9476877c66352a1b0c8323d9;3;0
633;0x1feff2cbe269a938b37c74ec167a90b53e341b3b9476877c66352a1b0c8323d9;3;0
634;0x1feff2cbe269a938b37c74ec167a90b53e341b3b9476877c66352a1b0c8323d9;3;0
635;0x1feff2cbe269a938b37c74ec167a90b53e341b3b9476877c66352a1b0c8323d9;3;0
636;0x1feff2cbe269a938b37c74ec167a90b53e341b3b9476877c66352a1b0c8323d9;3;0
637;0x1feff2cbe269a938b37c74ec167a90b53e341b3b9476877c66352a1b0c8323d9;2;0
638;0x1feff2cbe269a938b37c74ec167a90b53e341b3b9476877c66352a1b0c8323d9;3;0
639;0x1feff2cbe269a938b37c74ec167a90b53e341b3b9476877c66352a1b0c8323d9;2;0
640;0x1feff2cbe269a938b37c74ec167a90b53e341b3b9476877c66352a1b0c8323d9;3;0
641;0x1feff2cbe269a938b37c74ec167a90b53e341b3b9476877c66352a1b0c8323d9;3;0
642;0x1feff2cbe269a938b37c74ec167a90b53e341b3b9476877c66352a1b0c8323d9;2;0
643;0x1feff2cbe269a938b37c74ec167a90b53e341b3b9476877c66352a1b0c8323d9;4;0
644;0x1feff2cbe269a938b37c74ec167a90b53e341b3b9476877c66352a1b0c8323d9;3;0
645;0x1feff2cbe269a938b37c74ec167a90b53e341b3b9476877c66352a1b0c8323d9;4;0
646;0x1feff2cbe269a938b37c74ec167a90b53e341b3b9476877c66352a1b0c8323d9;3;0
647;0x1feff2cbe269a938b37c74ec167a90b53e341b3b9476877c66352a1b0c8323d9;3;0
648;0x1feff2cbe269a938b37c74ec167a90b53e341b3b9476877c66352a1b0c8323d9;4;0
649;0x1feff2cbe269a938b37c74ec167a90b53e341b3b9476877c66352a1b0c8323d9;4;0
650;0x1feff2cbe269a938b37c74ec167a90b53e341b3b9476877c66352a1b0c8323d9;3;0
651;0x1feff2cbe269a938b37c74ec167a90b53e341b3b9476877c66352a1b0c8323d9;4;0
652;0x1feff2cbe269a938b37c74ec167a90b53e341b3b9476877c66352a1b0c8323d9;3;0
653;0x1feff2cbe269a938b37c74ec167a90b53e341b3b9476877c66352a1b0c8323d9;3;0
654;0x1feff2cbe269a938b37c74ec167a90b53e341b3b9476877c66352a1b0c8323d9;3;0
655;0x1feff2cbe269a938b37c74ec167a90b53e341b3b9476877c66352a1b0c8323d9;3;0
656;0x1feff2cbe269a938b37c74ec167a90b53e341b3b9476877c66352a1b0c8323d9;2;0
657;0x1feff2cbe269a938b37c74ec167a90b53e341b3b9476877c66352a1b0c8323d9;3;0
658;0x1feff2cbe269a938b37c74ec167a90b53e341b3b9476877c66352a1b0c8323d9;3;0
659;0x1feff2cbe269a938b37c74ec167a90b53e341b3b9476877c66352a1b0c8323d9;3;0
660;0x1feff2cbe269a938b37c74ec167a90b53e341b3b9476877c66352a1b0c8323d9;4;0
661;0x1feff2cbe269a938b37c74ec167a90b53e341b3b9476877c66352a1b0c8323d9;5;0
662;0x1feff2cbe269a938b37c74ec167a90b53e341b3b9476877c66352a1b0c8323d9;3;0
663;0x1feff2cbe269a938b37c74ec167a90b53e341b3b9476877c66352a1b0c8323d9;4;0
664;0x1feff2cbe269a938b37c74ec167a90b53e341b3b9476877c66352a1b0c8323d9;2;0
665;0x1feff2cbe269a938b37c74ec167a90b53e341b3b9476877c66352a1b0c8323d9;3;0
666;0x1feff2cbe269a938b37c74ec167a90b53e341b3b9476877c66352a1b0c8323d9;3;0
667;0x1feff2cbe269a938b37c74ec167a90b53e341b3b9476877c66352a1b0c8323d9;3;0
668;0x1feff2cbe269a938b37c74ec167a90b53e341b3b9476877c66352a1b0c8323d9;3;0
669;0x1feff2cbe269a938b37c74ec167a90b53e341b3b9476877c66352a1b0c8323d9;6;0
670;0x1feff2cbe269a938b37c74ec167a90b53e341b3b9476877c66352a1b0c8323d9;3;0
671;0x1feff2cbe269a938b37c74ec167a90b53e341b3b9476877c66352a1b0c8323d9;4;0
672;0x1feff2cbe269a938b37c74ec167a90b53e341b3b9476877c66352a1b0c8323d9;3;0
673;0x1feff2cbe269a938b37c74ec167a90b53e341b3b9476877c66352a1b0c8323d9;3;0
674;0x1feff2cbe269a938b37c74ec167a90b53e341b3b9476877c66352a1b0c8323d9;3;0
675;0x1feff2cbe269a938b37c74ec167a90b53e341b3b9476877c66352a1b0c8323d9;3;0
676;0x1feff2cbe269a938b37c74ec167a90b53e341b3b9476877c66352a1b0c8323d9;3;0
677;0x1feff2cbe269a938b37c74ec167a90b53e341b3b9476877c66352a1b0c8323d9;3;0
678;0x1feff2cbe269a938b37c74ec167a90b53e341b3b9476877c66352a1b0c8323d9;3;0
679;0x1feff2cbe269a938b37c74ec167a90b53e341b3b9476877c66352a1b0c8323d9;3;0
680;0x1feff2cbe269a938b37c74ec167a90b53e341b3b9476877c66352a1b0c8323d9;3;0
681;0x1feff2cbe269a938b37c74ec167a90b53e341b3b9476877c66352a1b0c8323d9;4;0
682;0x1feff2cbe269a938b37c74ec167a90b53e341b3b9476877c66352a1b0c8323d9;3;0
683;0x1feff2cbe269a938b37c74ec167a90b53e341b3b9476877c66352a1b0c8323d9;2;0
684;0x1feff2cbe269a938b37c74ec167a90b53e341b3b9476877c66352a1b0c8323d9;4;0
685;0x1feff2cbe269a938b37c74ec167a90b53e341b3b9476877c66352a1b0c8323d9;4;0
686;0x1feff2cbe269a938b37c74ec167a90b53e341b3b9476877c66352a1b0c8323d9;2;0
687;0x1feff2cbe269a938b37c74ec167a90b53e341b3b9476877c66352a1b0c8323d9;3;0
688;0x1feff2cbe269a938b37c74ec167a90b53e341b3b9476877c66352a1b0c8323d9;2;0
689;0x1feff2cbe269a938b37c74ec167a90b53e341b3b9476877c66352a1b0c8323d9;3;0
690;0x1feff2cbe269a938b37c74ec167a90b53e341b3b9476877c66352a1b0c8323d9;3;0
691;0x1feff2cbe269a938b37c74ec167a90b53e341b3b9476877c66352a1b0c8323d9;2;0
692;0x1feff2cbe269a938b37c74ec167a90b53e341b3b9476877c66352a1b0c8323d9;3;0
693;0x1feff2cbe269a938b37c74ec167a90b53e341b3b9476877c66352a1b0c8323d9;3;0
694;0x1feff2cbe269a938b37c74ec167a90b53e341b3b9476877c66352a1b0c8323d9;2;0
695;0x1feff2cbe269a938b37c74ec167a90b53e341b3b9476877c66352a1b0c8323d9;3;0
696;0x1feff2cbe269a938b37c74ec167a90b53e341b3b9476877c66352a1b0c8323d9;3;0
697;0x1feff2cbe269a938b37c74ec167a90b53e341b3b9476877c66352a1b0c8323d9;4;0
698;0x1feff2cbe269a938b37c74ec167a90b53e341b3b9476877c66352a1b0c8323d9;2;0
699;0x1feff2cbe269a938b37c74ec167a90b53e341b3b9476877c66352a1b0c8323d9;4;0
700;0x1feff2cbe269a938b37c74ec167a90b53e341b3b9476877c66352a1b0c8323d9;3;0
701;0x1feff2cbe269a938b37c74ec167a90b53e341b3b9476877c66352a1b0c8323d9;3;0
702;0x1feff2cbe269a938b37c74ec167a90b53e341b3b9476877c66352a1b0c8323d9;3;0
703;0x1feff2cbe269a938b37c74ec167a90b53e341b3b9476877c66352a1b0c8323d9;3;0
704;0x1feff2cbe269a938b37c74ec167a90b53e341b3b9476877c66352a1b0c8323d9;4;0
705;0x1feff2cbe269a938b37c74ec167a90b53e341b3b9476877c66352a1b0c8323d9;4;0
706;0x1feff2cbe269a938b37c74ec167a90b53e341b3b9476877c66352a1b0c8323d9;3;0
707;0x1feff2cbe269a938b37c74ec167a90b53e341b3b9476877c66352a1b0c8323d9;2;0
708;0x1feff2cbe269a938b37c74ec167a90b53e341b3b9476877c66352a1b0c8323d9;4;0
709;0x1feff2cbe269a938b37c74ec167a90b53e341b3b9476877c66352a1b0c8323d9;3;0
710;0x1feff2cbe269a938b37c74ec167a90b53e341b3b9476877c66352a1b0c8323d9;5;0
711;0x1feff2cbe269a938b37c74ec167a90b53e341b3b9476877c66352a1b0c8323d9;3;0
712;0x1feff2cbe269a938b37c74ec167a90b53e341b3b9476877c66352a1b0c8323d9;3;0
713;0x1feff2cbe269a938b37c74ec167a90b53e341b3b9476877c66352a1b0c8323d9;3;0
714;0x1feff2cbe269a938b37c74ec167a90b53e341b3b9476877c66352a1b0c8323d9;5;0
715;0x1feff2cbe269a938b37c74ec167a90b53e341b3b9476877c66352a1b0c8323d9;2;0
716;0x1feff2cbe269a938b37c74ec167a90b53e341b3b9476877c66352a1b0c8323d9;3;0
717;0x1feff2cbe269a938b37c74ec167a90b53e341b3b9476877c66352a1b0c8323d9;3;0
718;0x1feff2cbe269a938b37c74ec167a90b53e341b3b9476877c66352a1b0c8323d9;2;0
719;0x1feff2cbe269a938b37c74ec167a90b53e341b3b9476877c66352a1b0c8323d9;4;0
720;0x1feff2cbe269a938b37c74ec167a90b53e341b3b9476877c66352a1b0c8323d9;3;0
721;0x1feff2cbe269a938b37c74ec167a90b53e341b3b9476877c66352a1b0c8323d9;2;0
722;0x1feff2cbe269a938b37c74ec167a90b53e341b3b9476877c66352a1b0c8323d9;4;0
723;0x1feff2cbe269a938b37c74ec167a90b53e341b3b9476877c66352a1b0c8323d9;2;0
724;0x1feff2cbe269a938b37c74ec167a90b53e341b3b9476877c66352a1b0c8323d9;3;0
725;0x1feff2cbe269a938b37c74ec167a90b53e341b3b9476877c66352a1b0c8323d9;3;0
726;0x1feff2cbe269a938b37c74ec167a90b53e341b3b9476877c66352a1b0c8323d9;2;0
727;0x1feff2cbe269a938b37c74ec167a90b53e341b3b9476877c66352a1b0c8323d9;3;0
728;0x1feff2cbe269a938b37c74ec167a90b53e341b3b9476877c66352a1b0c8323d9;3;0
729;0x1feff2cbe269a938b37c74ec167a90b53e341b3b9476877c66352a1b0c8323d9;4;0
730;0x1feff2cbe269a938b37c74ec167a90b53e341b3b9476877c66352a1b0c8323d9;3;0
731;0x1feff2cbe269a938b37c74ec167a90b53e341b3b9476877c66352a1b0c8323d9;3;0
732;0x1feff2cbe269a938b37c74ec167a90b53e341b3b9476877c66352a1b0c8323d9;2;0
733;0x1feff2cbe269a938b37c74ec167a90b53e341b3b9476877c66352a1b0c8323d9;4;0
734;0x1feff2cbe269a938b37c74ec167a90b53e341b3b9476877c66352a1b0c8323d9;2;0
735;0x1feff2cbe269a938b37c74ec167a90b53e341b3b9476877c66352a1b0c8323d9;5;0
736;0x1feff2cbe269a938b37c74ec167a90b53e341b3b9476877c66352a1b0c8323d9;2;0
737;0x1feff2cbe269a938b37c74ec167a90b53e341b3b9476877c66352a1b0c8323d9;4;0
738;0x1feff2cbe269a938b37c74ec167a90b53e341b3b9476877c66352a1b0c8323d9;3;0
739;0x1feff2cbe269a938b37c74ec167a90b53e341b3b9476877c66352a1b0c8323d9;5;0
740;0x1feff2cbe269a938b37c74ec167a90b53e341b3b9476877c66352a1b0c8323d9;2;0
741;0x1feff2cbe269a938b37c74ec167a90b53e341b3b9476877c66352a1b0c8323d9;2;0
742;0x1feff2cbe269a938b37c74ec167a90b53e341b3b9476877c66352a1b0c8323d9;4;0
743;0x1feff2cbe269a938b37c74ec167a90b53e341b3b9476877c66352a1b0c8323d9;4;0
744;0x1feff2cbe269a938b37c74ec167a90b53e341b3b9476877c66352a1b0c8323d9;4;0
745;0x1feff2cbe269a938b37c74ec167a90b53e341b3b9476877c66352a1b0c8323d9;3;0
746;0x1feff2cbe269a938b37c74ec167a90b53e341b3b9476877c66352a1b0c8323d9;5;0
747;0x1feff2cbe269a938b37c74ec167a90b53e341b3b9476877c66352a1b0c8323d9;2;0
748;0x1feff2cbe269a938b37c74ec167a90b53e341b3b9476877c66352a1b0c8323d9;4;0
749;0x1feff2cbe269a938b37c74ec167a90b53e341b3b9476877c66352a1b0c8323d9;2;0
750;0x1feff2cbe269a938b37c74ec167a90b53e341b3b9476877c66352a1b0c8323d9;2;0
751;0x1feff2cbe269a938b37c74ec167a90b53e341b3b9476877c66352a1b0c8323d9;2;0
752;0x1feff2cbe269a938b37c74ec167a90b53e341b3b9476877c66352a1b0c8323d9;2;0
753;0x1feff2cbe269a938b37c74ec167a90b53e341b3b9476877c66352a1b0c8323d9;5;0
754;0x1feff2cbe269a938b37c74ec167a90b53e341b3b9476877c66352a1b0c8323d9;5;0
755;0x1feff2cbe269a938b37c74ec167a90b53e341b3b9476877c66352a1b0c8323d9;4;0
756;0x1feff2cbe269a938b37c74ec167a90b53e341b3b9476877c66352a1b0c8323d9;3;0
757;0x1feff2cbe269a938b37c74ec167a90b53e341b3b9476877c66352a1b0c8323d9;2;0
758;0x1feff2cbe269a938b37c74ec167a90b53e341b3b9476877c66352a1b0c8323d9;2;0
759;0x1feff2cbe269a938b37c74ec167a90b53e341b3b9476877c66352a1b0c8323d9;2;0
760;0x1feff2cbe269a938b37c74ec167a90b53e341b3b9476877c66352a1b0c8323d9;2;0
761;0x1feff2cbe269a938b37c74ec167a90b53e341b3b9476877c66352a1b0c8323d9;3;0
762;0x1feff2cbe269a938b37c74ec167a90b53e341b3b9476877c66352a1b0c8323d9;3;0
763;0x1feff2cbe269a938b37c74ec167a90b53e341b3b9476877c66352a1b0c8323d9;4;0
764;0x1feff2cbe269a938b37c74ec167a90b53e341b3b9476877c66352a1b0c8323d9;5;0
765;0x1feff2cbe269a938b37c74ec167a90b53e341b3b9476877c66352a1b0c8323d9;4;0
766;0x1feff2cbe269a938b37c74ec167a90b53e341b3b9476877c66352a1b0c8323d9;3;0
767;0x1feff2cbe269a938b37c74ec167a90b53e341b3b9476877c66352a1b0c8323d9;3;0
768;0x1feff2cbe269a938b37c74ec167a90b53e341b3b9476877c66352a1b0c8323d9;2;0
769;0x1feff2cbe269a938b37c74ec167a90b53e341b3b9476877c66352a1b0c8323d9;3;0
770;0x1feff2cbe269a938b37c74ec167a90b53e341b3b9476877c66352a1b0c8323d9;5;0
771;0x1feff2cbe269a938b37c74ec167a90b53e341b3b9476877c66352a1b0c8323d9;3;0
772;0x1feff2cbe269a938b37c74ec167a90b53e341b3b9476877c66352a1b0c8323d9;3;0
773;0x1feff2cbe269a938b37c74ec167a90b53e341b3b9476877c66352a1b0c8323d9;3;0
774;0x1feff2cbe269a938b37c74ec167a90b53e341b3b9476877c66352a1b0c8323d9;5;0
775;0x1feff2cbe269a938b37c74ec167a90b53e341b3b9476877c66352a1b0c8323d9;5;0
776;0x1feff2cbe269a938b37c74ec167a90b53e341b3b9476877c66352a1b0c8323d9;2;0
777;0x1feff2cbe269a938b37c74ec167a90b53e341b3b9476877c66352a1b0c8323d9;4;0
778;0x1feff2cbe269a938b37c74ec167a90b53e341b3b9476877c66352a1b0c8323d9;3;0
779;0x1feff2cbe269a938b37c74ec167a90b53e341b3b9476877c66352a1b0c8323d9;3;0
780;0x1feff2cbe269a938b37c74ec167a90b53e341b3b9476877c66352a1b0c8323d9;3;0
781;0x1feff2cbe269a938b37c74ec167a90b53e341b3b9476877c66352a1b0c8323d9;3;0
782;0x1feff2cbe269a938b37c74ec167a90b53e341b3b9476877c66352a1b0c8323d9;2;0
783;0x1feff2cbe269a938b37c74ec167a90b53e341b3b9476877c66352a1b0c8323d9;4;0
784;0x1feff2cbe269a938b37c74ec167a90b53e341b3b9476877c66352a1b0c8323d9;2;0
785;0x1feff2cbe269a938b37c74ec167a90b53e341b3b9476877c66352a1b0c8323d9;2;0
786;0x1feff2cbe269a938b37c74ec167a90b53e341b3b9476877c66352a1b0c8323d9;2;0
787;0x1feff2cbe269a938b37c74ec167a90b53e341b3b9476877c66352a1b0c8323d9;3;0
788;0x1feff2cbe269a938b37c74ec167a90b53e341b3b9476877c66352a1b0c8323d9;3;0
789;0x1feff2cbe269a938b37c74ec167a90b53e341b3b9476877c66352a1b0c8323d9;3;0
790;0x1feff2cbe269a938b37c74ec167a90b53e341b3b9476877c66352a1b0c8323d9;3;0
791;0x1feff2cbe269a938b37c74ec167a90b53e341b3b9476877c66352a1b0c8323d9;3;0
792;0x1feff2cbe269a938b37c74ec167a90b53e341b3b9476877c66352a1b0c8323d9;2;0
793;0x1feff2cbe269a938b37c74ec167a90b53e341b3b9476877c66352a1b0c8323d9;2;0
794;0x1feff2cbe269a938b37c74ec167a90b53e341b3b9476877c66352a1b0c8323d9;5;0
795;0x1feff2cbe269a938b37c74ec167a90b53e341b3b9476877c66352a1b0c8323d9;5;0
796;0x1feff2cbe269a938b37c74ec167a90b53e341b3b9476877c66352a1b0c8323d9;2;0
797;0x1feff2cbe269a938b37c74ec167a90b53e341b3b9476877c66352a1b0c8323d9;2;0
798;0x1feff2cbe269a938b37c74ec167a90b53e341b3b9476877c66352a1b0c8323d9;3;0
799;0x1feff2cbe269a938b37c74ec167a90b53e341b3b9476877c66352a1b0c8323d9;3;0
800;0x1feff2cbe269a938b37c74ec167a90b53e341b3b9476877c66352a1b0c8323d9;4;0
801;0x1feff2cbe269a938b37c74ec167a90b53e341b3b9476877c66352a1b0c8323d9;2;0
802;0x1feff2cbe269a938b37c74ec167a90b53e341b3b9476877c66352a1b0c8323d9;3;0
803;0x1feff2cbe269a938b37c74ec167a90b53e341b3b9476877c66352a1b0c8323d9;4;0
804;0x1feff2cbe269a938b37c74ec167a90b53e341b3b9476877c66352a1b0c8323d9;4;0
805;0x1feff2cbe269a938b37c74ec167a90b53e341b3b9476877c66352a1b0c8323d9;2;0
806;0x1feff2cbe269a938b37c74ec167a90b53e341b3b9476877c66352a1b0c8323d9;2;0
807;0x1feff2cbe269a938b37c74ec167a90b53e341b3b9476877c66352a1b0c8323d9;3;0
808;0x1feff2cbe269a938b37c74ec167a90b53e341b3b9476877c66352a1b0c8323d9;5;0
809;0x1feff2cbe269a938b37c74ec167a90b53e341b3b9476877c66352a1b0c8323d9;2;0
810;0x1feff2cbe269a938b37c74ec167a90b53e341b3b9476877c66352a1b0c8323d9;4;0
811;0x1feff2cbe269a938b37c74ec167a90b53e341b3b9476877c66352a1b0c8323d9;3;0
812;0x1feff2cbe269a938b37c74ec167a90b53e341b3b9476877c66352a1b0c8323d9;3;0
813;0x1feff2cbe269a938b37c74ec167a90b53e341b3b9476877c66352a1b0c8323d9;2;0
814;0x1feff2cbe269a938b37c74ec167a90b53e341b3b9476877c66352a1b0c8323d9;2;0
815;0x1feff2cbe269a938b37c74ec167a90b53e341b3b9476877c66352a1b0c8323d9;3;0
816;0x1feff2cbe269a938b37c74ec167a90b53e341b3b9476877c66352a1b0c8323d9;5;0
817;0x1feff2cbe269a938b37c74ec167a90b53e341b3b9476877c66352a1b0c8323d9;3;0
818;0x1feff2cbe269a938b37c74ec167a90b53e341b3b9476877c66352a1b0c8323d9;2;0
819;0x1feff2cbe269a938b37c74ec167a90b53e341b3b9476877c66352a1b0c8323d9;3;0
820;0x1feff2cbe269a938b37c74ec167a90b53e341b3b9476877c66352a1b0c8323d9;3;0
821;0x1feff2cbe269a938b37c74ec167a90b53e341b3b9476877c66352a1b0c8323d9;2;0
822;0x1feff2cbe269a938b37c74ec167a90b53e341b3b9476877c66352a1b0c8323d9;3;0
823;0x1feff2cbe269a938b37c74ec167a90b53e341b3b9476877c66352a1b0c8323d9;2;0
824;0x1feff2cbe269a938b37c74ec167a90b53e341b3b9476877c66352a1b0c8323d9;3;0
825;0x1feff2cbe269a938b37c74ec167a90b53e341b3b9476877c66352a1b0c8323d9;3;0
826;0x1feff2cbe269a938b37c74ec167a90b53e341b3b9476877c66352a1b0c8323d9;2;0
827;0x1feff2cbe269a938b37c74ec167a90b53e341b3b9476877c66352a1b0c8323d9;2;0
828;0x1feff2cbe269a938b37c74ec167a90b53e341b3b9476877c66352a1b0c8323d9;3;0
829;0x1feff2cbe269a938b37c74ec167a90b53e341b3b9476877c66352a1b0c8323d9;2;0
830;0x1feff2cbe269a938b37c74ec167a90b53e341b3b9476877c66352a1b0c8323d9;3;0
831;0x1feff2cbe269a938b37c74ec167a90b53e341b3b9476877c66352a1b0c8323d9;3;0
832;0x1feff2cbe269a938b37c74ec167a90b53e341b3b9476877c66352a1b0c8323d9;4;0
833;0x1feff2cbe269a938b37c74ec167a90b53e341b3b9476877c66352a1b0c8323d9;2;0
834;0x1feff2cbe269a938b37c74ec167a90b53e341b3b9476877c66352a1b0c8323d9;4;0
835;0x1feff2cbe269a938b37c74ec167a90b53e341b3b9476877c66352a1b0c8323d9;5;0
836;0x1feff2cbe269a938b37c74ec167a90b53e341b3b9476877c66352a1b0c8323d9;3;0
837;0x1feff2cbe269a938b37c74ec167a90b53e341b3b9476877c66352a1b0c8323d9;2;0
838;0x1feff2cbe269a938b37c74ec167a90b53e341b3b9476877c66352a1b0c8323d9;2;0
839;0x1feff2cbe269a938b37c74ec167a90b53e341b3b9476877c66352a1b0c8323d9;3;0
840;0x1feff2cbe269a938b37c74ec167a90b53e341b3b9476877c66352a1b0c8323d9;3;0
841;0x1feff2cbe269a938b37c74ec167a90b53e341b3b9476877c66352a1b0c8323d9;3;0
842;0x1feff2cbe269a938b37c74ec167a90b53e341b3b9476877c66352a1b0c8323d9;2;0
843;0x1feff2cbe269a938b37c74ec167a90b53e341b3b9476877c66352a1b0c8323d9;3;0
844;0x1feff2cbe269a938b37c74ec167a90b53e341b3b9476877c66352a1b0c8323d9;4;0
845;0x1feff2cbe269a938b37c74ec167a90b53e341b3b9476877c66352a1b0c8323d9;4;0
846;0x1feff2cbe269a938b37c74ec167a90b53e341b3b9476877c66352a1b0c8323d9;4;0
847;0x1feff2cbe269a938b37c74ec167a90b53e341b3b9476877c66352a1b0c8323d9;3;0
848;0x1feff2cbe269a938b37c74ec167a90b53e341b3b9476877c66352a1b0c8323d9;3;0
849;0x1feff2cbe269a938b37c74ec167a90b53e341b3b9476877c66352a1b0c8323d9;4;0
850;0x1feff2cbe269a938b37c74ec167a90b53e341b3b9476877c66352a1b0c8323d9;5;0
851;0x1feff2cbe269a938b37c74ec167a90b53e341b3b9476877c66352a1b0c8323d9;4;0
852;0x1feff2cbe269a938b37c74ec167a90b53e341b3b9476877c66352a1b0c8323d9;3;0
853;0x1feff2cbe269a938b37c74ec167a90b53e341b3b9476877c66352a1b0c8323d9;4;0
854;0x1feff2cbe269a938b37c74ec167a90b53e341b3b9476877c66352a1b0c8323d9;4;0
855;0x1feff2cbe269a938b37c74ec167a90b53e341b3b9476877c66352a1b0c8323d9;3;0
856;0x1feff2cbe269a938b37c74ec167a90b53e341b3b9476877c66352a1b0c8323d9;3;0
857;0x1feff2cbe269a938b37c74ec167a90b53e341b3b9476877c66352a1b0c8323d9;4;0
858;0x1feff2cbe269a938b37c74ec167a90b53e341b3b9476877c66352a1b0c8323d9;3;0
859;0x1feff2cbe269a938b37c74ec167a90b53e341b3b9476877c66352a1b0c8323d9;3;0
860;0x1feff2cbe269a938b37c74ec167a90b53e341b3b9476877c66352a1b0c8323d9;4;0
861;0x1feff2cbe269a938b37c74ec167a90b53e341b3b9476877c66352a1b0c8323d9;3;0
862;0x1feff2cbe269a938b37c74ec167a90b53e341b3b9476877c66352a1b0c8323d9;2;0
863;0x1feff2cbe269a938b37c74ec167a90b53e341b3b9476877c66352a1b0c8323d9;2;0
864;0x1feff2cbe269a938b37c74ec167a90b53e341b3b9476877c66352a1b0c8323d9;3;0
865;0x1feff2cbe269a938b37c74ec167a90b53e341b3b9476877c66352a1b0c8323d9;3;0
866;0x1feff2cbe269a938b37c74ec167a90b53e341b3b9476877c66352a1b0c8323d9;3;0
867;0x1feff2cbe269a938b37c74ec167a90b53e341b3b9476877c66352a1b0c8323d9;3;0
868;0x1feff2cbe269a938b37c74ec167a90b53e341b3b9476877c66352a1b0c8323d9;3;0
869;0x1feff2cbe269a938b37c74ec167a90b53e341b3b9476877c66352a1b0c8323d9;3;0
870;0x1feff2cbe269a938b37c74ec167a90b53e341b3b9476877c66352a1b0c8323d9;4;0
871;0x1feff2cbe269a938b37c74ec167a90b53e341b3b9476877c66352a1b0c8323d9;3;0
872;0x1feff2cbe269a938b37c74ec167a90b53e341b3b9476877c66352a1b0c8323d9;4;0
873;0x1feff2cbe269a938b37c74ec167a90b53e341b3b9476877c66352a1b0c8323d9;3;0
874;0x1feff2cbe269a938b37c74ec167a90b53e341b3b9476877c66352a1b0c8323d9;3;0
875;0x1feff2cbe269a938b37c74ec167a90b53e341b3b9476877c66352a1b0c8323d9;3;0
876;0x1feff2cbe269a938b37c74ec167a90b53e341b3b9476877c66352a1b0c8323d9;3;0
877;0x1feff2cbe269a938b37c74ec167a90b53e341b3b9476877c66352a1b0c8323d9;2;0
878;0x1feff2cbe269a938b37c74ec167a90b53e341b3b9476877c66352a1b0c8323d9;4;0
879;0x1feff2cbe269a938b37c74ec167a90b53e341b3b9476877c66352a1b0c8323d9;3;0
880;0x1feff2cbe269a938b37c74ec167a90b53e341b3b9476877c66352a1b0c8323d9;6;0
881;0x1feff2cbe269a938b37c74ec167a90b53e341b3b9476877c66352a1b0c8323d9;5;0
882;0x1feff2cbe269a938b37c74ec167a90b53e341b3b9476877c66352a1b0c8323d9;3;0
883;0x1feff2cbe269a938b37c74ec167a90b53e341b3b9476877c66352a1b0c8323d9;3;0
884;0x1feff2cbe269a938b37c74ec167a90b53e341b3b9476877c66352a1b0c8323d9;3;0
885;0x1feff2cbe269a938b37c74ec167a90b53e341b3b9476877c66352a1b0c8323d9;5;0
886;0x1feff2cbe269a938b37c74ec167a90b53e341b3b9476877c66352a1b0c8323d9;3;0
887;0x1feff2cbe269a938b37c74ec167a90b53e341b3b9476877c66352a1b0c8323d9;3;0
888;0x1feff2cbe269a938b37c74ec167a90b53e341b3b9476877c66352a1b0c8323d9;4;0
889;0x1feff2cbe269a938b37c74ec167a90b53e341b3b9476877c66352a1b0c8323d9;4;0
890;0x1feff2cbe269a938b37c74ec167a90b53e341b3b9476877c66352a1b0c8323d9;3;0
891;0x1feff2cbe269a938b37c74ec167a90b53e341b3b9476877c66352a1b0c8323d9;3;0
892;0x1feff2cbe269a938b37c74ec167a90b53e341b3b9476877c66352a1b0c8323d9;3;0
893;0x1feff2cbe269a938b37c74ec167a90b53e341b3b9476877c66352a1b0c8323d9;3;0
894;0x1feff2cbe269a938b37c74ec167a90b53e341b3b9476877c66352a1b0c8323d9;3;0
895;0x1feff2cbe269a938b37c74ec167a90b53e341b3b9476877c66352a1b0c8323d9;5;0
896;0x1feff2cbe269a938b37c74ec167a90b53e341b3b9476877c66352a1b0c8323d9;4;0
897;0x1feff2cbe269a938b37c74ec167a90b53e341b3b9476877c66352a1b0c8323d9;4;0
898;0x1feff2cbe269a938b37c74ec167a90b53e341b3b9476877c66352a1b0c8323d9;4;0
899;0x1feff2cbe269a938b37c74ec167a90b53e341b3b9476877c66352a1b0c8323d9;4;0
900;0x1feff2cbe269a938b37c74ec167a90b53e341b3b9476877c66352a1b0c8323d9;3;0
901;0x1feff2cbe269a938b37c74ec167a90b53e341b3b9476877c66352a1b0c8323d9;2;0
902;0x1feff2cbe269a938b37c74ec167a90b53e341b3b9476877c66352a1b0c8323d9;2;0
903;0x1feff2cbe269a938b37c74ec167a90b53e341b3b9476877c66352a1b0c8323d9;2;0
904;0x1feff2cbe269a938b37c74ec167a90b53e341b3b9476877c66352a1b0c8323d9;4;0
905;0x1feff2cbe269a938b37c74ec167a90b53e341b3b9476877c66352a1b0c8323d9;2;0
906;0x1feff2cbe269a938b37c74ec167a90b53e341b3b9476877c66352a1b0c8323d9;2;0
907;0x1feff2cbe269a938b37c74ec167a90b53e341b3b9476877c66352a1b0c8323d9;2;0
908;0x1feff2cbe269a938b37c74ec167a90b53e341b3b9476877c66352a1b0c8323d9;2;0
909;0x1feff2cbe269a938b37c74ec167a90b53e341b3b9476877c66352a1b0c8323d9;4;0
910;0x1feff2cbe269a938b37c74ec167a90b53e341b3b9476877c66352a1b0c8323d9;3;0
911;0x1feff2cbe269a938b37c74ec167a90b53e341b3b9476877c66352a1b0c8323d9;3;0
912;0x1feff2cbe269a938b37c74ec167a90b53e341b3b9476877c66352a1b0c8323d9;5;0
913;0x1feff2cbe269a938b37c74ec167a90b53e341b3b9476877c66352a1b0c8323d9;4;0
914;0x1feff2cbe269a938b37c74ec167a90b53e341b3b9476877c66352a1b0c8323d9;5;0
915;0x1feff2cbe269a938b37c74ec167a90b53e341b3b9476877c66352a1b0c8323d9;4;0
916;0x1feff2cbe269a938b37c74ec167a90b53e341b3b9476877c66352a1b0c8323d9;3;0
917;0x1feff2cbe269a938b37c74ec167a90b53e341b3b9476877c66352a1b0c8323d9;6;0
918;0x1feff2cbe269a938b37c74ec167a90b53e341b3b9476877c66352a1b0c8323d9;4;0
919;0x1feff2cbe269a938b37c74ec167a90b53e341b3b9476877c66352a1b0c8323d9;5;0
920;0x1feff2cbe269a938b37c74ec167a90b53e341b3b9476877c66352a1b0c8323d9;5;0
921;0x1feff2cbe269a938b37c74ec167a90b53e341b3b9476877c66352a1b0c8323d9;3;0
922;0x1feff2cbe269a938b37c74ec167a90b53e341b3b9476877c66352a1b0c8323d9;3;0
923;0x1feff2cbe269a938b37c74ec167a90b53e341b3b9476877c66352a1b0c8323d9;5;0
924;0x1feff2cbe269a938b37c74ec167a90b53e341b3b9476877c66352a1b0c8323d9;4;0
925;0x1feff2cbe269a938b37c74ec167a90b53e341b3b9476877c66352a1b0c8323d9;3;0
926;0x1feff2cbe269a938b37c74ec167a90b53e341b3b9476877c66352a1b0c8323d9;4;0
927;0x1feff2cbe269a938b37c74ec167a90b53e341b3b9476877c66352a1b0c8323d9;5;0
928;0x1feff2cbe269a938b37c74ec167a90b53e341b3b9476877c66352a1b0c8323d9;3;0
929;0x1feff2cbe269a938b37c74ec167a90b53e341b3b9476877c66352a1b0c8323d9;3;0
930;0x1feff2cbe269a938b37c74ec167a90b53e341b3b9476877c66352a1b0c8323d9;3;0
931;0x1feff2cbe269a938b37c74ec167a90b53e341b3b9476877c66352a1b0c8323d9;3;0
932;0x1feff2cbe269a938b37c74ec167a90b53e341b3b9476877c66352a1b0c8323d9;3;0
933;0x1feff2cbe269a938b37c74ec167a90b53e341b3b9476877c66352a1b0c8323d9;4;0
934;0x1feff2cbe269a938b37c74ec167a90b53e341b3b9476877c66352a1b0c8323d9;3;0
935;0x1feff2cbe269a938b37c74ec167a90b53e341b3b9476877c66352a1b0c8323d9;2;0
936;0x1feff2cbe269a938b37c74ec167a90b53e341b3b9476877c66352a1b0c8323d9;2;0
937;0x1feff2cbe269a938b37c74ec167a90b53e341b3b9476877c66352a1b0c8323d9;5;0
938;0x1feff2cbe269a938b37c74ec167a90b53e341b3b9476877c66352a1b0c8323d9;4;0
939;0x1feff2cbe269a938b37c74ec167a90b53e341b3b9476877c66352a1b0c8323d9;3;0
940;0x1feff2cbe269a938b37c74ec167a90b53e341b3b9476877c66352a1b0c8323d9;5;0
941;0x1feff2cbe269a938b37c74ec167a90b53e341b3b9476877c66352a1b0c8323d9;3;0
942;0x1feff2cbe269a938b37c74ec167a90b53e341b3b9476877c66352a1b0c8323d9;3;0
943;0x1feff2cbe269a938b37c74ec167a90b53e341b3b9476877c66352a1b0c8323d9;4;0
944;0x1feff2cbe269a938b37c74ec167a90b53e341b3b9476877c66352a1b0c8323d9;4;0
945;0x1feff2cbe269a938b37c74ec167a90b53e341b3b9476877c66352a1b0c8323d9;2;0
946;0x1feff2cbe269a938b37c74ec167a90b53e341b3b9476877c66352a1b0c8323d9;2;0
947;0x1feff2cbe269a938b37c74ec167a90b53e341b3b9476877c66352a1b0c8323d9;3;0
948;0x1feff2cbe269a938b37c74ec167a90b53e341b3b9476877c66352a1b0c8323d9;3;0
949;0x1feff2cbe269a938b37c74ec167a90b53e341b3b9476877c66352a1b0c8323d9;3;0
950;0x1feff2cbe269a938b37c74ec167a90b53e341b3b9476877c66352a1b0c8323d9;5;0
951;0x1feff2cbe269a938b37c74ec167a90b53e341b3b9476877c66352a1b0c8323d9;3;0
952;0x1feff2cbe269a938b37c74ec167a90b53e341b3b9476877c66352a1b0c8323d9;5;0
953;0x1feff2cbe269a938b37c74ec167a90b53e341b3b9476877c66352a1b0c8323d9;4;0
954;0x1feff2cbe269a938b37c74ec167a90b53e341b3b9476877c66352a1b0c8323d9;3;0
955;0x1feff2cbe269a938b37c74ec167a90b53e341b3b9476877c66352a1b0c8323d9;3;0
956;0x1feff2cbe269a938b37c74ec167a90b53e341b3b9476877c66352a1b0c8323d9;4;0
957;0x1feff2cbe269a938b37c74ec167a90b53e341b3b9476877c66352a1b0c8323d9;4;0
958;0x1feff2cbe269a938b37c74ec167a90b53e341b3b9476877c66352a1b0c8323d9;3;0
959;0x1feff2cbe269a938b37c74ec167a90b53e341b3b9476877c66352a1b0c8323d9;4;0
960;0x1feff2cbe269a938b37c74ec167a90b53e341b3b9476877c66352a1b0c8323d9;4;0
961;0x1feff2cbe269a938b37c74ec167a90b53e341b3b9476877c66352a1b0c8323d9;3;0
962;0x1feff2cbe269a938b37c74ec167a90b53e341b3b9476877c66352a1b0c8323d9;3;0
963;0x1feff2cbe269a938b37c74ec167a90b53e341b3b9476877c66352a1b0c8323d9;3;0
964;0x1feff2cbe269a938b37c74ec167a90b53e341b3b9476877c66352a1b0c8323d9;3;0
965;0x1feff2cbe269a938b37c74ec167a90b53e341b3b9476877c66352a1b0c8323d9;3;0
966;0x1feff2cbe269a938b37c74ec167a90b53e341b3b9476877c66352a1b0c8323d9;3;0
967;0x1feff2cbe269a938b37c74ec167a90b53e341b3b9476877c66352a1b0c8323d9;3;0
968;0x1feff2cbe269a938b37c74ec167a90b53e341b3b9476877c66352a1b0c8323d9;2;0
969;0x1feff2cbe269a938b37c74ec167a90b53e341b3b9476877c66352a1b0c8323d9;3;0
970;0x1feff2cbe269a938b37c74ec167a90b53e341b3b9476877c66352a1b0c8323d9;2;0
971;0x1feff2cbe269a938b37c74ec167a90b53e341b3b9476877c66352a1b0c8323d9;2;0
972;0x1feff2cbe269a938b37c74ec167a90b53e341b3b9476877c66352a1b0c8323d9;2;0
973;0x1feff2cbe269a938b37c74ec167a90b53e341b3b9476877c66352a1b0c8323d9;2;0
974;0x1feff2cbe269a938b37c74ec167a90b53e341b3b9476877c66352a1b0c8323d9;3;0
975;0x1feff2cbe269a938b37c74ec167a90b53e341b3b9476877c66352a1b0c8323d9;3;0
976;0x1feff2cbe269a938b37c74ec167a90b53e341b3b9476877c66352a1b0c8323d9;4;0
977;0x1feff2cbe269a938b37c74ec167a90b53e341b3b9476877c66352a1b0c8323d9;2;0
978;0x1feff2cbe269a938b37c74ec167a90b53e341b3b9476877c66352a1b0c8323d9;5;0
979;0x1feff2cbe269a938b37c74ec167a90b53e341b3b9476877c66352a1b0c8323d9;5;0
980;0x1feff2cbe269a938b37c74ec167a90b53e341b3b9476877c66352a1b0c8323d9;2;0
981;0x1feff2cbe269a938b37c74ec167a90b53e341b3b9476877c66352a1b0c8323d9;4;0
982;0x1feff2cbe269a938b37c74ec167a90b53e341b3b9476877c66352a1b0c8323d9;3;0
983;0x1feff2cbe269a938b37c74ec167a90b53e341b3b9476877c66352a1b0c8323d9;3;0
984;0x1feff2cbe269a938b37c74ec167a90b53e341b3b9476877c66352a1b0c8323d9;4;0
985;0x1feff2cbe269a938b37c74ec167a90b53e341b3b9476877c66352a1b0c8323d9;2;0
986;0x1feff2cbe269a938b37c74ec167a90b53e341b3b9476877c66352a1b0c8323d9;2;0
987;0x1feff2cbe269a938b37c74ec167a90b53e341b3b9476877c66352a1b0c8323d9;4;0
988;0x1feff2cbe269a938b37c74ec167a90b53e341b3b9476877c66352a1b0c8323d9;4;0
989;0x1feff2cbe269a938b37c74ec167a90b53e341b3b9476877c66352a1b0c8323d9;5;0
990;0x1feff2cbe269a938b37c74ec167a90b53e341b3b9476877c66352a1b0c8323d9;2;0
991;0x1feff2cbe269a938b37c74ec167a90b53e341b3b9476877c66352a1b0c8323d9;3;0
992;0x1feff2cbe269a938b37c74ec167a90b53e341b3b9476877c66352a1b0c8323d9;3;0
993;0x1feff2cbe269a938b37c74ec167a90b53e341b3b9476877c66352a1b0c8323d9;3;0
994;0x1feff2cbe269a938b37c74ec167a90b53e341b3b9476877c66352a1b0c8323d9;3;0
995;0x1feff2cbe269a938b37c74ec167a90b53e341b3b9476877c66352a1b0c8323d9;3;0
996;0x1feff2cbe269a938b37c74ec167a90b53e341b3b9476877c66352a1b0c8323d9;5;0
997;0x1feff2cbe269a938b37c74ec167a90b53e341b3b9476877c66352a1b0c8323d9;2;0
998;0x1feff2cbe269a938b37c74ec167a90b53e341b3b9476877c66352a1b0c8323d9;2;0
999;0x1feff2cbe269a938b37c74ec167a90b53e341b3b9476877c66352a1b0c8323d9;4;0
