ID;Event;Duration;Pattern Duration
0;0x39ec8c34d1f4c73d4ebf493f92d5b46dd846d044f51757896b739bf2d6d3f204;50;0
1;0x39ec8c34d1f4c73d4ebf493f92d5b46dd846d044f51757896b739bf2d6d3f204;48;0
2;0x39ec8c34d1f4c73d4ebf493f92d5b46dd846d044f51757896b739bf2d6d3f204;47;0
3;0x39ec8c34d1f4c73d4ebf493f92d5b46dd846d044f51757896b739bf2d6d3f204;48;0
4;0x39ec8c34d1f4c73d4ebf493f92d5b46dd846d044f51757896b739bf2d6d3f204;46;0
5;0x39ec8c34d1f4c73d4ebf493f92d5b46dd846d044f51757896b739bf2d6d3f204;48;0
6;0x39ec8c34d1f4c73d4ebf493f92d5b46dd846d044f51757896b739bf2d6d3f204;48;0
7;0x39ec8c34d1f4c73d4ebf493f92d5b46dd846d044f51757896b739bf2d6d3f204;48;0
8;0x39ec8c34d1f4c73d4ebf493f92d5b46dd846d044f51757896b739bf2d6d3f204;49;0
9;0x39ec8c34d1f4c73d4ebf493f92d5b46dd846d044f51757896b739bf2d6d3f204;48;0
10;0x39ec8c34d1f4c73d4ebf493f92d5b46dd846d044f51757896b739bf2d6d3f204;48;0
11;0x39ec8c34d1f4c73d4ebf493f92d5b46dd846d044f51757896b739bf2d6d3f204;46;0
12;0x39ec8c34d1f4c73d4ebf493f92d5b46dd846d044f51757896b739bf2d6d3f204;48;0
13;0x39ec8c34d1f4c73d4ebf493f92d5b46dd846d044f51757896b739bf2d6d3f204;48;0
14;0x39ec8c34d1f4c73d4ebf493f92d5b46dd846d044f51757896b739bf2d6d3f204;49;0
15;0x39ec8c34d1f4c73d4ebf493f92d5b46dd846d044f51757896b739bf2d6d3f204;49;0
16;0x39ec8c34d1f4c73d4ebf493f92d5b46dd846d044f51757896b739bf2d6d3f204;51;0
17;0x39ec8c34d1f4c73d4ebf493f92d5b46dd846d044f51757896b739bf2d6d3f204;51;0
18;0x39ec8c34d1f4c73d4ebf493f92d5b46dd846d044f51757896b739bf2d6d3f204;50;0
19;0x39ec8c34d1f4c73d4ebf493f92d5b46dd846d044f51757896b739bf2d6d3f204;50;0
20;0x39ec8c34d1f4c73d4ebf493f92d5b46dd846d044f51757896b739bf2d6d3f204;49;0
21;0x39ec8c34d1f4c73d4ebf493f92d5b46dd846d044f51757896b739bf2d6d3f204;47;0
22;0x39ec8c34d1f4c73d4ebf493f92d5b46dd846d044f51757896b739bf2d6d3f204;46;0
23;0x39ec8c34d1f4c73d4ebf493f92d5b46dd846d044f51757896b739bf2d6d3f204;49;0
24;0x39ec8c34d1f4c73d4ebf493f92d5b46dd846d044f51757896b739bf2d6d3f204;53;0
25;0x39ec8c34d1f4c73d4ebf493f92d5b46dd846d044f51757896b739bf2d6d3f204;50;0
26;0x39ec8c34d1f4c73d4ebf493f92d5b46dd846d044f51757896b739bf2d6d3f204;46;0
27;0x39ec8c34d1f4c73d4ebf493f92d5b46dd846d044f51757896b739bf2d6d3f204;49;0
28;0x39ec8c34d1f4c73d4ebf493f92d5b46dd846d044f51757896b739bf2d6d3f204;48;0
29;0x39ec8c34d1f4c73d4ebf493f92d5b46dd846d044f51757896b739bf2d6d3f204;48;0
30;0x39ec8c34d1f4c73d4ebf493f92d5b46dd846d044f51757896b739bf2d6d3f204;47;0
31;0x39ec8c34d1f4c73d4ebf493f92d5b46dd846d044f51757896b739bf2d6d3f204;49;0
32;0x39ec8c34d1f4c73d4ebf493f92d5b46dd846d044f51757896b739bf2d6d3f204;50;0
33;0x39ec8c34d1f4c73d4ebf493f92d5b46dd846d044f51757896b739bf2d6d3f204;48;0
34;0x39ec8c34d1f4c73d4ebf493f92d5b46dd846d044f51757896b739bf2d6d3f204;48;0
35;0x39ec8c34d1f4c73d4ebf493f92d5b46dd846d044f51757896b739bf2d6d3f204;48;0
36;0x39ec8c34d1f4c73d4ebf493f92d5b46dd846d044f51757896b739bf2d6d3f204;50;0
37;0x39ec8c34d1f4c73d4ebf493f92d5b46dd846d044f51757896b739bf2d6d3f204;46;0
38;0x39ec8c34d1f4c73d4ebf493f92d5b46dd846d044f51757896b739bf2d6d3f204;50;0
39;0x39ec8c34d1f4c73d4ebf493f92d5b46dd846d044f51757896b739bf2d6d3f204;49;0
40;0x39ec8c34d1f4c73d4ebf493f92d5b46dd846d044f51757896b739bf2d6d3f204;49;0
41;0x39ec8c34d1f4c73d4ebf493f92d5b46dd846d044f51757896b739bf2d6d3f204;51;0
42;0x39ec8c34d1f4c73d4ebf493f92d5b46dd846d044f51757896b739bf2d6d3f204;52;0
43;0x39ec8c34d1f4c73d4ebf493f92d5b46dd846d044f51757896b739bf2d6d3f204;49;0
44;0x39ec8c34d1f4c73d4ebf493f92d5b46dd846d044f51757896b739bf2d6d3f204;48;0
45;0x39ec8c34d1f4c73d4ebf493f92d5b46dd846d044f51757896b739bf2d6d3f204;48;0
46;0x39ec8c34d1f4c73d4ebf493f92d5b46dd846d044f51757896b739bf2d6d3f204;49;0
47;0x39ec8c34d1f4c73d4ebf493f92d5b46dd846d044f51757896b739bf2d6d3f204;48;0
48;0x39ec8c34d1f4c73d4ebf493f92d5b46dd846d044f51757896b739bf2d6d3f204;49;0
49;0x39ec8c34d1f4c73d4ebf493f92d5b46dd846d044f51757896b739bf2d6d3f204;49;0
50;0x39ec8c34d1f4c73d4ebf493f92d5b46dd846d044f51757896b739bf2d6d3f204;46;0
51;0x39ec8c34d1f4c73d4ebf493f92d5b46dd846d044f51757896b739bf2d6d3f204;48;0
52;0x39ec8c34d1f4c73d4ebf493f92d5b46dd846d044f51757896b739bf2d6d3f204;48;0
53;0x39ec8c34d1f4c73d4ebf493f92d5b46dd846d044f51757896b739bf2d6d3f204;50;0
54;0x39ec8c34d1f4c73d4ebf493f92d5b46dd846d044f51757896b739bf2d6d3f204;48;0
55;0x39ec8c34d1f4c73d4ebf493f92d5b46dd846d044f51757896b739bf2d6d3f204;50;0
56;0x39ec8c34d1f4c73d4ebf493f92d5b46dd846d044f51757896b739bf2d6d3f204;51;0
57;0x39ec8c34d1f4c73d4ebf493f92d5b46dd846d044f51757896b739bf2d6d3f204;48;0
58;0x39ec8c34d1f4c73d4ebf493f92d5b46dd846d044f51757896b739bf2d6d3f204;50;0
59;0x39ec8c34d1f4c73d4ebf493f92d5b46dd846d044f51757896b739bf2d6d3f204;48;0
60;0x39ec8c34d1f4c73d4ebf493f92d5b46dd846d044f51757896b739bf2d6d3f204;48;0
61;0x39ec8c34d1f4c73d4ebf493f92d5b46dd846d044f51757896b739bf2d6d3f204;46;0
62;0x39ec8c34d1f4c73d4ebf493f92d5b46dd846d044f51757896b739bf2d6d3f204;49;0
63;0x39ec8c34d1f4c73d4ebf493f92d5b46dd846d044f51757896b739bf2d6d3f204;50;0
64;0x39ec8c34d1f4c73d4ebf493f92d5b46dd846d044f51757896b739bf2d6d3f204;49;0
65;0x39ec8c34d1f4c73d4ebf493f92d5b46dd846d044f51757896b739bf2d6d3f204;52;0
66;0x39ec8c34d1f4c73d4ebf493f92d5b46dd846d044f51757896b739bf2d6d3f204;49;0
67;0x39ec8c34d1f4c73d4ebf493f92d5b46dd846d044f51757896b739bf2d6d3f204;48;0
68;0x39ec8c34d1f4c73d4ebf493f92d5b46dd846d044f51757896b739bf2d6d3f204;48;0
69;0x39ec8c34d1f4c73d4ebf493f92d5b46dd846d044f51757896b739bf2d6d3f204;49;0
70;0x39ec8c34d1f4c73d4ebf493f92d5b46dd846d044f51757896b739bf2d6d3f204;47;0
71;0x39ec8c34d1f4c73d4ebf493f92d5b46dd846d044f51757896b739bf2d6d3f204;48;0
72;0x39ec8c34d1f4c73d4ebf493f92d5b46dd846d044f51757896b739bf2d6d3f204;49;0
73;0x39ec8c34d1f4c73d4ebf493f92d5b46dd846d044f51757896b739bf2d6d3f204;49;0
74;0x39ec8c34d1f4c73d4ebf493f92d5b46dd846d044f51757896b739bf2d6d3f204;49;0
75;0x39ec8c34d1f4c73d4ebf493f92d5b46dd846d044f51757896b739bf2d6d3f204;48;0
76;0x39ec8c34d1f4c73d4ebf493f92d5b46dd846d044f51757896b739bf2d6d3f204;48;0
77;0x39ec8c34d1f4c73d4ebf493f92d5b46dd846d044f51757896b739bf2d6d3f204;48;0
78;0x39ec8c34d1f4c73d4ebf493f92d5b46dd846d044f51757896b739bf2d6d3f204;49;0
79;0x39ec8c34d1f4c73d4ebf493f92d5b46dd846d044f51757896b739bf2d6d3f204;49;0
80;0x39ec8c34d1f4c73d4ebf493f92d5b46dd846d044f51757896b739bf2d6d3f204;48;0
81;0x39ec8c34d1f4c73d4ebf493f92d5b46dd846d044f51757896b739bf2d6d3f204;48;0
82;0x39ec8c34d1f4c73d4ebf493f92d5b46dd846d044f51757896b739bf2d6d3f204;48;0
83;0x39ec8c34d1f4c73d4ebf493f92d5b46dd846d044f51757896b739bf2d6d3f204;49;0
84;0x39ec8c34d1f4c73d4ebf493f92d5b46dd846d044f51757896b739bf2d6d3f204;49;0
85;0x39ec8c34d1f4c73d4ebf493f92d5b46dd846d044f51757896b739bf2d6d3f204;49;0
86;0x39ec8c34d1f4c73d4ebf493f92d5b46dd846d044f51757896b739bf2d6d3f204;47;0
87;0x39ec8c34d1f4c73d4ebf493f92d5b46dd846d044f51757896b739bf2d6d3f204;48;0
88;0x39ec8c34d1f4c73d4ebf493f92d5b46dd846d044f51757896b739bf2d6d3f204;49;0
89;0x39ec8c34d1f4c73d4ebf493f92d5b46dd846d044f51757896b739bf2d6d3f204;50;0
90;0x39ec8c34d1f4c73d4ebf493f92d5b46dd846d044f51757896b739bf2d6d3f204;55;0
91;0x39ec8c34d1f4c73d4ebf493f92d5b46dd846d044f51757896b739bf2d6d3f204;48;0
92;0x39ec8c34d1f4c73d4ebf493f92d5b46dd846d044f51757896b739bf2d6d3f204;49;0
93;0x39ec8c34d1f4c73d4ebf493f92d5b46dd846d044f51757896b739bf2d6d3f204;49;0
94;0x39ec8c34d1f4c73d4ebf493f92d5b46dd846d044f51757896b739bf2d6d3f204;50;0
95;0x39ec8c34d1f4c73d4ebf493f92d5b46dd846d044f51757896b739bf2d6d3f204;48;0
96;0x39ec8c34d1f4c73d4ebf493f92d5b46dd846d044f51757896b739bf2d6d3f204;48;0
97;0x39ec8c34d1f4c73d4ebf493f92d5b46dd846d044f51757896b739bf2d6d3f204;47;0
98;0x39ec8c34d1f4c73d4ebf493f92d5b46dd846d044f51757896b739bf2d6d3f204;49;0
99;0x39ec8c34d1f4c73d4ebf493f92d5b46dd846d044f51757896b739bf2d6d3f204;50;0
100;0x39ec8c34d1f4c73d4ebf493f92d5b46dd846d044f51757896b739bf2d6d3f204;48;0
101;0x39ec8c34d1f4c73d4ebf493f92d5b46dd846d044f51757896b739bf2d6d3f204;47;0
102;0x39ec8c34d1f4c73d4ebf493f92d5b46dd846d044f51757896b739bf2d6d3f204;47;0
103;0x39ec8c34d1f4c73d4ebf493f92d5b46dd846d044f51757896b739bf2d6d3f204;48;0
104;0x39ec8c34d1f4c73d4ebf493f92d5b46dd846d044f51757896b739bf2d6d3f204;48;0
105;0x39ec8c34d1f4c73d4ebf493f92d5b46dd846d044f51757896b739bf2d6d3f204;50;0
106;0x39ec8c34d1f4c73d4ebf493f92d5b46dd846d044f51757896b739bf2d6d3f204;48;0
107;0x39ec8c34d1f4c73d4ebf493f92d5b46dd846d044f51757896b739bf2d6d3f204;47;0
108;0x39ec8c34d1f4c73d4ebf493f92d5b46dd846d044f51757896b739bf2d6d3f204;48;0
109;0x39ec8c34d1f4c73d4ebf493f92d5b46dd846d044f51757896b739bf2d6d3f204;49;0
110;0x39ec8c34d1f4c73d4ebf493f92d5b46dd846d044f51757896b739bf2d6d3f204;49;0
111;0x39ec8c34d1f4c73d4ebf493f92d5b46dd846d044f51757896b739bf2d6d3f204;48;0
112;0x39ec8c34d1f4c73d4ebf493f92d5b46dd846d044f51757896b739bf2d6d3f204;49;0
113;0x39ec8c34d1f4c73d4ebf493f92d5b46dd846d044f51757896b739bf2d6d3f204;49;0
114;0x39ec8c34d1f4c73d4ebf493f92d5b46dd846d044f51757896b739bf2d6d3f204;49;0
115;0x39ec8c34d1f4c73d4ebf493f92d5b46dd846d044f51757896b739bf2d6d3f204;47;0
116;0x39ec8c34d1f4c73d4ebf493f92d5b46dd846d044f51757896b739bf2d6d3f204;46;0
117;0x39ec8c34d1f4c73d4ebf493f92d5b46dd846d044f51757896b739bf2d6d3f204;49;0
118;0x39ec8c34d1f4c73d4ebf493f92d5b46dd846d044f51757896b739bf2d6d3f204;47;0
119;0x39ec8c34d1f4c73d4ebf493f92d5b46dd846d044f51757896b739bf2d6d3f204;47;0
120;0x39ec8c34d1f4c73d4ebf493f92d5b46dd846d044f51757896b739bf2d6d3f204;51;0
121;0x39ec8c34d1f4c73d4ebf493f92d5b46dd846d044f51757896b739bf2d6d3f204;47;0
122;0x39ec8c34d1f4c73d4ebf493f92d5b46dd846d044f51757896b739bf2d6d3f204;47;0
123;0x39ec8c34d1f4c73d4ebf493f92d5b46dd846d044f51757896b739bf2d6d3f204;48;0
124;0x39ec8c34d1f4c73d4ebf493f92d5b46dd846d044f51757896b739bf2d6d3f204;48;0
125;0x39ec8c34d1f4c73d4ebf493f92d5b46dd846d044f51757896b739bf2d6d3f204;56;0
126;0x39ec8c34d1f4c73d4ebf493f92d5b46dd846d044f51757896b739bf2d6d3f204;48;0
127;0x39ec8c34d1f4c73d4ebf493f92d5b46dd846d044f51757896b739bf2d6d3f204;49;0
128;0x39ec8c34d1f4c73d4ebf493f92d5b46dd846d044f51757896b739bf2d6d3f204;53;0
129;0x39ec8c34d1f4c73d4ebf493f92d5b46dd846d044f51757896b739bf2d6d3f204;50;0
130;0x39ec8c34d1f4c73d4ebf493f92d5b46dd846d044f51757896b739bf2d6d3f204;50;0
131;0x39ec8c34d1f4c73d4ebf493f92d5b46dd846d044f51757896b739bf2d6d3f204;50;0
132;0x39ec8c34d1f4c73d4ebf493f92d5b46dd846d044f51757896b739bf2d6d3f204;50;0
133;0x39ec8c34d1f4c73d4ebf493f92d5b46dd846d044f51757896b739bf2d6d3f204;49;0
134;0x39ec8c34d1f4c73d4ebf493f92d5b46dd846d044f51757896b739bf2d6d3f204;50;0
135;0x39ec8c34d1f4c73d4ebf493f92d5b46dd846d044f51757896b739bf2d6d3f204;50;0
136;0x39ec8c34d1f4c73d4ebf493f92d5b46dd846d044f51757896b739bf2d6d3f204;50;0
137;0x39ec8c34d1f4c73d4ebf493f92d5b46dd846d044f51757896b739bf2d6d3f204;48;0
138;0x39ec8c34d1f4c73d4ebf493f92d5b46dd846d044f51757896b739bf2d6d3f204;50;0
139;0x39ec8c34d1f4c73d4ebf493f92d5b46dd846d044f51757896b739bf2d6d3f204;49;0
140;0x39ec8c34d1f4c73d4ebf493f92d5b46dd846d044f51757896b739bf2d6d3f204;48;0
141;0x39ec8c34d1f4c73d4ebf493f92d5b46dd846d044f51757896b739bf2d6d3f204;50;0
142;0x39ec8c34d1f4c73d4ebf493f92d5b46dd846d044f51757896b739bf2d6d3f204;49;0
143;0x39ec8c34d1f4c73d4ebf493f92d5b46dd846d044f51757896b739bf2d6d3f204;49;0
144;0x39ec8c34d1f4c73d4ebf493f92d5b46dd846d044f51757896b739bf2d6d3f204;51;0
145;0x39ec8c34d1f4c73d4ebf493f92d5b46dd846d044f51757896b739bf2d6d3f204;49;0
146;0x39ec8c34d1f4c73d4ebf493f92d5b46dd846d044f51757896b739bf2d6d3f204;48;0
147;0x39ec8c34d1f4c73d4ebf493f92d5b46dd846d044f51757896b739bf2d6d3f204;51;0
148;0x39ec8c34d1f4c73d4ebf493f92d5b46dd846d044f51757896b739bf2d6d3f204;51;0
149;0x39ec8c34d1f4c73d4ebf493f92d5b46dd846d044f51757896b739bf2d6d3f204;49;0
150;0x39ec8c34d1f4c73d4ebf493f92d5b46dd846d044f51757896b739bf2d6d3f204;48;0
151;0x39ec8c34d1f4c73d4ebf493f92d5b46dd846d044f51757896b739bf2d6d3f204;49;0
152;0x39ec8c34d1f4c73d4ebf493f92d5b46dd846d044f51757896b739bf2d6d3f204;50;0
153;0x39ec8c34d1f4c73d4ebf493f92d5b46dd846d044f51757896b739bf2d6d3f204;52;0
154;0x39ec8c34d1f4c73d4ebf493f92d5b46dd846d044f51757896b739bf2d6d3f204;51;0
155;0x39ec8c34d1f4c73d4ebf493f92d5b46dd846d044f51757896b739bf2d6d3f204;50;0
156;0x39ec8c34d1f4c73d4ebf493f92d5b46dd846d044f51757896b739bf2d6d3f204;49;0
157;0x39ec8c34d1f4c73d4ebf493f92d5b46dd846d044f51757896b739bf2d6d3f204;50;0
158;0x39ec8c34d1f4c73d4ebf493f92d5b46dd846d044f51757896b739bf2d6d3f204;50;0
159;0x39ec8c34d1f4c73d4ebf493f92d5b46dd846d044f51757896b739bf2d6d3f204;46;0
160;0x39ec8c34d1f4c73d4ebf493f92d5b46dd846d044f51757896b739bf2d6d3f204;50;0
161;0x39ec8c34d1f4c73d4ebf493f92d5b46dd846d044f51757896b739bf2d6d3f204;49;0
162;0x39ec8c34d1f4c73d4ebf493f92d5b46dd846d044f51757896b739bf2d6d3f204;49;0
163;0x39ec8c34d1f4c73d4ebf493f92d5b46dd846d044f51757896b739bf2d6d3f204;49;0
164;0x39ec8c34d1f4c73d4ebf493f92d5b46dd846d044f51757896b739bf2d6d3f204;49;0
165;0x39ec8c34d1f4c73d4ebf493f92d5b46dd846d044f51757896b739bf2d6d3f204;49;0
166;0x39ec8c34d1f4c73d4ebf493f92d5b46dd846d044f51757896b739bf2d6d3f204;49;0
167;0x39ec8c34d1f4c73d4ebf493f92d5b46dd846d044f51757896b739bf2d6d3f204;50;0
168;0x39ec8c34d1f4c73d4ebf493f92d5b46dd846d044f51757896b739bf2d6d3f204;49;0
169;0x39ec8c34d1f4c73d4ebf493f92d5b46dd846d044f51757896b739bf2d6d3f204;49;0
170;0x39ec8c34d1f4c73d4ebf493f92d5b46dd846d044f51757896b739bf2d6d3f204;49;0
171;0x39ec8c34d1f4c73d4ebf493f92d5b46dd846d044f51757896b739bf2d6d3f204;48;0
172;0x39ec8c34d1f4c73d4ebf493f92d5b46dd846d044f51757896b739bf2d6d3f204;50;0
173;0x39ec8c34d1f4c73d4ebf493f92d5b46dd846d044f51757896b739bf2d6d3f204;49;0
174;0x39ec8c34d1f4c73d4ebf493f92d5b46dd846d044f51757896b739bf2d6d3f204;51;0
175;0x39ec8c34d1f4c73d4ebf493f92d5b46dd846d044f51757896b739bf2d6d3f204;49;0
176;0x39ec8c34d1f4c73d4ebf493f92d5b46dd846d044f51757896b739bf2d6d3f204;48;0
177;0x39ec8c34d1f4c73d4ebf493f92d5b46dd846d044f51757896b739bf2d6d3f204;49;0
178;0x39ec8c34d1f4c73d4ebf493f92d5b46dd846d044f51757896b739bf2d6d3f204;50;0
179;0x39ec8c34d1f4c73d4ebf493f92d5b46dd846d044f51757896b739bf2d6d3f204;50;0
180;0x39ec8c34d1f4c73d4ebf493f92d5b46dd846d044f51757896b739bf2d6d3f204;48;0
181;0x39ec8c34d1f4c73d4ebf493f92d5b46dd846d044f51757896b739bf2d6d3f204;51;0
182;0x39ec8c34d1f4c73d4ebf493f92d5b46dd846d044f51757896b739bf2d6d3f204;47;0
183;0x39ec8c34d1f4c73d4ebf493f92d5b46dd846d044f51757896b739bf2d6d3f204;50;0
184;0x39ec8c34d1f4c73d4ebf493f92d5b46dd846d044f51757896b739bf2d6d3f204;50;0
185;0x39ec8c34d1f4c73d4ebf493f92d5b46dd846d044f51757896b739bf2d6d3f204;49;0
186;0x39ec8c34d1f4c73d4ebf493f92d5b46dd846d044f51757896b739bf2d6d3f204;52;0
187;0x39ec8c34d1f4c73d4ebf493f92d5b46dd846d044f51757896b739bf2d6d3f204;51;0
188;0x39ec8c34d1f4c73d4ebf493f92d5b46dd846d044f51757896b739bf2d6d3f204;52;0
189;0x39ec8c34d1f4c73d4ebf493f92d5b46dd846d044f51757896b739bf2d6d3f204;50;0
190;0x39ec8c34d1f4c73d4ebf493f92d5b46dd846d044f51757896b739bf2d6d3f204;50;0
191;0x39ec8c34d1f4c73d4ebf493f92d5b46dd846d044f51757896b739bf2d6d3f204;48;0
192;0x39ec8c34d1f4c73d4ebf493f92d5b46dd846d044f51757896b739bf2d6d3f204;52;0
193;0x39ec8c34d1f4c73d4ebf493f92d5b46dd846d044f51757896b739bf2d6d3f204;48;0
194;0x39ec8c34d1f4c73d4ebf493f92d5b46dd846d044f51757896b739bf2d6d3f204;49;0
195;0x39ec8c34d1f4c73d4ebf493f92d5b46dd846d044f51757896b739bf2d6d3f204;48;0
196;0x39ec8c34d1f4c73d4ebf493f92d5b46dd846d044f51757896b739bf2d6d3f204;48;0
197;0x39ec8c34d1f4c73d4ebf493f92d5b46dd846d044f51757896b739bf2d6d3f204;48;0
198;0x39ec8c34d1f4c73d4ebf493f92d5b46dd846d044f51757896b739bf2d6d3f204;49;0
199;0x39ec8c34d1f4c73d4ebf493f92d5b46dd846d044f51757896b739bf2d6d3f204;49;0
200;0x39ec8c34d1f4c73d4ebf493f92d5b46dd846d044f51757896b739bf2d6d3f204;49;0
201;0x39ec8c34d1f4c73d4ebf493f92d5b46dd846d044f51757896b739bf2d6d3f204;49;0
202;0x39ec8c34d1f4c73d4ebf493f92d5b46dd846d044f51757896b739bf2d6d3f204;49;0
203;0x39ec8c34d1f4c73d4ebf493f92d5b46dd846d044f51757896b739bf2d6d3f204;50;0
204;0x39ec8c34d1f4c73d4ebf493f92d5b46dd846d044f51757896b739bf2d6d3f204;49;0
205;0x39ec8c34d1f4c73d4ebf493f92d5b46dd846d044f51757896b739bf2d6d3f204;55;0
206;0x39ec8c34d1f4c73d4ebf493f92d5b46dd846d044f51757896b739bf2d6d3f204;49;0
207;0x39ec8c34d1f4c73d4ebf493f92d5b46dd846d044f51757896b739bf2d6d3f204;51;0
208;0x39ec8c34d1f4c73d4ebf493f92d5b46dd846d044f51757896b739bf2d6d3f204;50;0
209;0x39ec8c34d1f4c73d4ebf493f92d5b46dd846d044f51757896b739bf2d6d3f204;50;0
210;0x39ec8c34d1f4c73d4ebf493f92d5b46dd846d044f51757896b739bf2d6d3f204;48;0
211;0x39ec8c34d1f4c73d4ebf493f92d5b46dd846d044f51757896b739bf2d6d3f204;49;0
212;0x39ec8c34d1f4c73d4ebf493f92d5b46dd846d044f51757896b739bf2d6d3f204;52;0
213;0x39ec8c34d1f4c73d4ebf493f92d5b46dd846d044f51757896b739bf2d6d3f204;49;0
214;0x39ec8c34d1f4c73d4ebf493f92d5b46dd846d044f51757896b739bf2d6d3f204;50;0
215;0x39ec8c34d1f4c73d4ebf493f92d5b46dd846d044f51757896b739bf2d6d3f204;48;0
216;0x39ec8c34d1f4c73d4ebf493f92d5b46dd846d044f51757896b739bf2d6d3f204;49;0
217;0x39ec8c34d1f4c73d4ebf493f92d5b46dd846d044f51757896b739bf2d6d3f204;49;0
218;0x39ec8c34d1f4c73d4ebf493f92d5b46dd846d044f51757896b739bf2d6d3f204;50;0
219;0x39ec8c34d1f4c73d4ebf493f92d5b46dd846d044f51757896b739bf2d6d3f204;49;0
220;0x39ec8c34d1f4c73d4ebf493f92d5b46dd846d044f51757896b739bf2d6d3f204;52;0
221;0x39ec8c34d1f4c73d4ebf493f92d5b46dd846d044f51757896b739bf2d6d3f204;49;0
222;0x39ec8c34d1f4c73d4ebf493f92d5b46dd846d044f51757896b739bf2d6d3f204;50;0
223;0x39ec8c34d1f4c73d4ebf493f92d5b46dd846d044f51757896b739bf2d6d3f204;51;0
224;0x39ec8c34d1f4c73d4ebf493f92d5b46dd846d044f51757896b739bf2d6d3f204;50;0
225;0x39ec8c34d1f4c73d4ebf493f92d5b46dd846d044f51757896b739bf2d6d3f204;50;0
226;0x39ec8c34d1f4c73d4ebf493f92d5b46dd846d044f51757896b739bf2d6d3f204;50;0
227;0x39ec8c34d1f4c73d4ebf493f92d5b46dd846d044f51757896b739bf2d6d3f204;49;0
228;0x39ec8c34d1f4c73d4ebf493f92d5b46dd846d044f51757896b739bf2d6d3f204;50;0
229;0x39ec8c34d1f4c73d4ebf493f92d5b46dd846d044f51757896b739bf2d6d3f204;49;0
230;0x39ec8c34d1f4c73d4ebf493f92d5b46dd846d044f51757896b739bf2d6d3f204;50;0
231;0x39ec8c34d1f4c73d4ebf493f92d5b46dd846d044f51757896b739bf2d6d3f204;54;0
232;0x39ec8c34d1f4c73d4ebf493f92d5b46dd846d044f51757896b739bf2d6d3f204;51;0
233;0x39ec8c34d1f4c73d4ebf493f92d5b46dd846d044f51757896b739bf2d6d3f204;49;0
234;0x39ec8c34d1f4c73d4ebf493f92d5b46dd846d044f51757896b739bf2d6d3f204;48;0
235;0x39ec8c34d1f4c73d4ebf493f92d5b46dd846d044f51757896b739bf2d6d3f204;48;0
236;0x39ec8c34d1f4c73d4ebf493f92d5b46dd846d044f51757896b739bf2d6d3f204;49;0
237;0x39ec8c34d1f4c73d4ebf493f92d5b46dd846d044f51757896b739bf2d6d3f204;52;0
238;0x39ec8c34d1f4c73d4ebf493f92d5b46dd846d044f51757896b739bf2d6d3f204;52;0
239;0x39ec8c34d1f4c73d4ebf493f92d5b46dd846d044f51757896b739bf2d6d3f204;47;0
240;0x39ec8c34d1f4c73d4ebf493f92d5b46dd846d044f51757896b739bf2d6d3f204;48;0
241;0x39ec8c34d1f4c73d4ebf493f92d5b46dd846d044f51757896b739bf2d6d3f204;51;0
242;0x39ec8c34d1f4c73d4ebf493f92d5b46dd846d044f51757896b739bf2d6d3f204;49;0
243;0x39ec8c34d1f4c73d4ebf493f92d5b46dd846d044f51757896b739bf2d6d3f204;49;0
244;0x39ec8c34d1f4c73d4ebf493f92d5b46dd846d044f51757896b739bf2d6d3f204;49;0
245;0x39ec8c34d1f4c73d4ebf493f92d5b46dd846d044f51757896b739bf2d6d3f204;50;0
246;0x39ec8c34d1f4c73d4ebf493f92d5b46dd846d044f51757896b739bf2d6d3f204;48;0
247;0x39ec8c34d1f4c73d4ebf493f92d5b46dd846d044f51757896b739bf2d6d3f204;50;0
248;0x39ec8c34d1f4c73d4ebf493f92d5b46dd846d044f51757896b739bf2d6d3f204;48;0
249;0x39ec8c34d1f4c73d4ebf493f92d5b46dd846d044f51757896b739bf2d6d3f204;47;0
250;0x39ec8c34d1f4c73d4ebf493f92d5b46dd846d044f51757896b739bf2d6d3f204;49;0
251;0x39ec8c34d1f4c73d4ebf493f92d5b46dd846d044f51757896b739bf2d6d3f204;49;0
252;0x39ec8c34d1f4c73d4ebf493f92d5b46dd846d044f51757896b739bf2d6d3f204;53;0
253;0x39ec8c34d1f4c73d4ebf493f92d5b46dd846d044f51757896b739bf2d6d3f204;52;0
254;0x39ec8c34d1f4c73d4ebf493f92d5b46dd846d044f51757896b739bf2d6d3f204;48;0
255;0x39ec8c34d1f4c73d4ebf493f92d5b46dd846d044f51757896b739bf2d6d3f204;50;0
256;0x39ec8c34d1f4c73d4ebf493f92d5b46dd846d044f51757896b739bf2d6d3f204;49;0
257;0x39ec8c34d1f4c73d4ebf493f92d5b46dd846d044f51757896b739bf2d6d3f204;49;0
258;0x39ec8c34d1f4c73d4ebf493f92d5b46dd846d044f51757896b739bf2d6d3f204;50;0
259;0x39ec8c34d1f4c73d4ebf493f92d5b46dd846d044f51757896b739bf2d6d3f204;49;0
260;0x39ec8c34d1f4c73d4ebf493f92d5b46dd846d044f51757896b739bf2d6d3f204;50;0
261;0x39ec8c34d1f4c73d4ebf493f92d5b46dd846d044f51757896b739bf2d6d3f204;50;0
262;0x39ec8c34d1f4c73d4ebf493f92d5b46dd846d044f51757896b739bf2d6d3f204;48;0
263;0x39ec8c34d1f4c73d4ebf493f92d5b46dd846d044f51757896b739bf2d6d3f204;49;0
264;0x39ec8c34d1f4c73d4ebf493f92d5b46dd846d044f51757896b739bf2d6d3f204;49;0
265;0x39ec8c34d1f4c73d4ebf493f92d5b46dd846d044f51757896b739bf2d6d3f204;50;0
266;0x39ec8c34d1f4c73d4ebf493f92d5b46dd846d044f51757896b739bf2d6d3f204;49;0
267;0x39ec8c34d1f4c73d4ebf493f92d5b46dd846d044f51757896b739bf2d6d3f204;49;0
268;0x39ec8c34d1f4c73d4ebf493f92d5b46dd846d044f51757896b739bf2d6d3f204;50;0
269;0x39ec8c34d1f4c73d4ebf493f92d5b46dd846d044f51757896b739bf2d6d3f204;47;0
270;0x39ec8c34d1f4c73d4ebf493f92d5b46dd846d044f51757896b739bf2d6d3f204;50;0
271;0x39ec8c34d1f4c73d4ebf493f92d5b46dd846d044f51757896b739bf2d6d3f204;51;0
272;0x39ec8c34d1f4c73d4ebf493f92d5b46dd846d044f51757896b739bf2d6d3f204;49;0
273;0x39ec8c34d1f4c73d4ebf493f92d5b46dd846d044f51757896b739bf2d6d3f204;50;0
274;0x39ec8c34d1f4c73d4ebf493f92d5b46dd846d044f51757896b739bf2d6d3f204;50;0
275;0x39ec8c34d1f4c73d4ebf493f92d5b46dd846d044f51757896b739bf2d6d3f204;49;0
276;0x39ec8c34d1f4c73d4ebf493f92d5b46dd846d044f51757896b739bf2d6d3f204;50;0
277;0x39ec8c34d1f4c73d4ebf493f92d5b46dd846d044f51757896b739bf2d6d3f204;49;0
278;0x39ec8c34d1f4c73d4ebf493f92d5b46dd846d044f51757896b739bf2d6d3f204;48;0
279;0x39ec8c34d1f4c73d4ebf493f92d5b46dd846d044f51757896b739bf2d6d3f204;50;0
280;0x39ec8c34d1f4c73d4ebf493f92d5b46dd846d044f51757896b739bf2d6d3f204;49;0
281;0x39ec8c34d1f4c73d4ebf493f92d5b46dd846d044f51757896b739bf2d6d3f204;50;0
282;0x39ec8c34d1f4c73d4ebf493f92d5b46dd846d044f51757896b739bf2d6d3f204;49;0
283;0x39ec8c34d1f4c73d4ebf493f92d5b46dd846d044f51757896b739bf2d6d3f204;49;0
284;0x39ec8c34d1f4c73d4ebf493f92d5b46dd846d044f51757896b739bf2d6d3f204;51;0
285;0x39ec8c34d1f4c73d4ebf493f92d5b46dd846d044f51757896b739bf2d6d3f204;50;0
286;0x39ec8c34d1f4c73d4ebf493f92d5b46dd846d044f51757896b739bf2d6d3f204;50;0
287;0x39ec8c34d1f4c73d4ebf493f92d5b46dd846d044f51757896b739bf2d6d3f204;49;0
288;0x39ec8c34d1f4c73d4ebf493f92d5b46dd846d044f51757896b739bf2d6d3f204;56;0
289;0x39ec8c34d1f4c73d4ebf493f92d5b46dd846d044f51757896b739bf2d6d3f204;49;0
290;0x39ec8c34d1f4c73d4ebf493f92d5b46dd846d044f51757896b739bf2d6d3f204;48;0
291;0x39ec8c34d1f4c73d4ebf493f92d5b46dd846d044f51757896b739bf2d6d3f204;51;0
292;0x39ec8c34d1f4c73d4ebf493f92d5b46dd846d044f51757896b739bf2d6d3f204;50;0
293;0x39ec8c34d1f4c73d4ebf493f92d5b46dd846d044f51757896b739bf2d6d3f204;49;0
294;0x39ec8c34d1f4c73d4ebf493f92d5b46dd846d044f51757896b739bf2d6d3f204;49;0
295;0x39ec8c34d1f4c73d4ebf493f92d5b46dd846d044f51757896b739bf2d6d3f204;50;0
296;0x39ec8c34d1f4c73d4ebf493f92d5b46dd846d044f51757896b739bf2d6d3f204;48;0
297;0x39ec8c34d1f4c73d4ebf493f92d5b46dd846d044f51757896b739bf2d6d3f204;48;0
298;0x39ec8c34d1f4c73d4ebf493f92d5b46dd846d044f51757896b739bf2d6d3f204;52;0
299;0x39ec8c34d1f4c73d4ebf493f92d5b46dd846d044f51757896b739bf2d6d3f204;50;0
300;0x39ec8c34d1f4c73d4ebf493f92d5b46dd846d044f51757896b739bf2d6d3f204;48;0
301;0x39ec8c34d1f4c73d4ebf493f92d5b46dd846d044f51757896b739bf2d6d3f204;50;0
302;0x39ec8c34d1f4c73d4ebf493f92d5b46dd846d044f51757896b739bf2d6d3f204;52;0
303;0x39ec8c34d1f4c73d4ebf493f92d5b46dd846d044f51757896b739bf2d6d3f204;51;0
304;0x39ec8c34d1f4c73d4ebf493f92d5b46dd846d044f51757896b739bf2d6d3f204;52;0
305;0x39ec8c34d1f4c73d4ebf493f92d5b46dd846d044f51757896b739bf2d6d3f204;50;0
306;0x39ec8c34d1f4c73d4ebf493f92d5b46dd846d044f51757896b739bf2d6d3f204;48;0
307;0x39ec8c34d1f4c73d4ebf493f92d5b46dd846d044f51757896b739bf2d6d3f204;49;0
308;0x39ec8c34d1f4c73d4ebf493f92d5b46dd846d044f51757896b739bf2d6d3f204;50;0
309;0x39ec8c34d1f4c73d4ebf493f92d5b46dd846d044f51757896b739bf2d6d3f204;49;0
310;0x39ec8c34d1f4c73d4ebf493f92d5b46dd846d044f51757896b739bf2d6d3f204;49;0
311;0x39ec8c34d1f4c73d4ebf493f92d5b46dd846d044f51757896b739bf2d6d3f204;56;0
312;0x39ec8c34d1f4c73d4ebf493f92d5b46dd846d044f51757896b739bf2d6d3f204;49;0
313;0x39ec8c34d1f4c73d4ebf493f92d5b46dd846d044f51757896b739bf2d6d3f204;50;0
314;0x39ec8c34d1f4c73d4ebf493f92d5b46dd846d044f51757896b739bf2d6d3f204;51;0
315;0x39ec8c34d1f4c73d4ebf493f92d5b46dd846d044f51757896b739bf2d6d3f204;49;0
316;0x39ec8c34d1f4c73d4ebf493f92d5b46dd846d044f51757896b739bf2d6d3f204;50;0
317;0x39ec8c34d1f4c73d4ebf493f92d5b46dd846d044f51757896b739bf2d6d3f204;51;0
318;0x39ec8c34d1f4c73d4ebf493f92d5b46dd846d044f51757896b739bf2d6d3f204;54;0
319;0x39ec8c34d1f4c73d4ebf493f92d5b46dd846d044f51757896b739bf2d6d3f204;51;0
320;0x39ec8c34d1f4c73d4ebf493f92d5b46dd846d044f51757896b739bf2d6d3f204;49;0
321;0x39ec8c34d1f4c73d4ebf493f92d5b46dd846d044f51757896b739bf2d6d3f204;51;0
322;0x39ec8c34d1f4c73d4ebf493f92d5b46dd846d044f51757896b739bf2d6d3f204;49;0
323;0x39ec8c34d1f4c73d4ebf493f92d5b46dd846d044f51757896b739bf2d6d3f204;51;0
324;0x39ec8c34d1f4c73d4ebf493f92d5b46dd846d044f51757896b739bf2d6d3f204;51;0
325;0x39ec8c34d1f4c73d4ebf493f92d5b46dd846d044f51757896b739bf2d6d3f204;49;0
326;0x39ec8c34d1f4c73d4ebf493f92d5b46dd846d044f51757896b739bf2d6d3f204;50;0
327;0x39ec8c34d1f4c73d4ebf493f92d5b46dd846d044f51757896b739bf2d6d3f204;51;0
328;0x39ec8c34d1f4c73d4ebf493f92d5b46dd846d044f51757896b739bf2d6d3f204;56;0
329;0x39ec8c34d1f4c73d4ebf493f92d5b46dd846d044f51757896b739bf2d6d3f204;50;0
330;0x39ec8c34d1f4c73d4ebf493f92d5b46dd846d044f51757896b739bf2d6d3f204;51;0
331;0x39ec8c34d1f4c73d4ebf493f92d5b46dd846d044f51757896b739bf2d6d3f204;49;0
332;0x39ec8c34d1f4c73d4ebf493f92d5b46dd846d044f51757896b739bf2d6d3f204;50;0
333;0x39ec8c34d1f4c73d4ebf493f92d5b46dd846d044f51757896b739bf2d6d3f204;49;0
334;0x39ec8c34d1f4c73d4ebf493f92d5b46dd846d044f51757896b739bf2d6d3f204;48;0
335;0x39ec8c34d1f4c73d4ebf493f92d5b46dd846d044f51757896b739bf2d6d3f204;50;0
336;0x39ec8c34d1f4c73d4ebf493f92d5b46dd846d044f51757896b739bf2d6d3f204;50;0
337;0x39ec8c34d1f4c73d4ebf493f92d5b46dd846d044f51757896b739bf2d6d3f204;50;0
338;0x39ec8c34d1f4c73d4ebf493f92d5b46dd846d044f51757896b739bf2d6d3f204;50;0
339;0x39ec8c34d1f4c73d4ebf493f92d5b46dd846d044f51757896b739bf2d6d3f204;48;0
340;0x39ec8c34d1f4c73d4ebf493f92d5b46dd846d044f51757896b739bf2d6d3f204;50;0
341;0x39ec8c34d1f4c73d4ebf493f92d5b46dd846d044f51757896b739bf2d6d3f204;49;0
342;0x39ec8c34d1f4c73d4ebf493f92d5b46dd846d044f51757896b739bf2d6d3f204;49;0
343;0x39ec8c34d1f4c73d4ebf493f92d5b46dd846d044f51757896b739bf2d6d3f204;48;0
344;0x39ec8c34d1f4c73d4ebf493f92d5b46dd846d044f51757896b739bf2d6d3f204;50;0
345;0x39ec8c34d1f4c73d4ebf493f92d5b46dd846d044f51757896b739bf2d6d3f204;51;0
346;0x39ec8c34d1f4c73d4ebf493f92d5b46dd846d044f51757896b739bf2d6d3f204;51;0
347;0x39ec8c34d1f4c73d4ebf493f92d5b46dd846d044f51757896b739bf2d6d3f204;53;0
348;0x39ec8c34d1f4c73d4ebf493f92d5b46dd846d044f51757896b739bf2d6d3f204;51;0
349;0x39ec8c34d1f4c73d4ebf493f92d5b46dd846d044f51757896b739bf2d6d3f204;50;0
350;0x39ec8c34d1f4c73d4ebf493f92d5b46dd846d044f51757896b739bf2d6d3f204;54;0
351;0x39ec8c34d1f4c73d4ebf493f92d5b46dd846d044f51757896b739bf2d6d3f204;55;0
352;0x39ec8c34d1f4c73d4ebf493f92d5b46dd846d044f51757896b739bf2d6d3f204;50;0
353;0x39ec8c34d1f4c73d4ebf493f92d5b46dd846d044f51757896b739bf2d6d3f204;50;0
354;0x39ec8c34d1f4c73d4ebf493f92d5b46dd846d044f51757896b739bf2d6d3f204;49;0
355;0x39ec8c34d1f4c73d4ebf493f92d5b46dd846d044f51757896b739bf2d6d3f204;49;0
356;0x39ec8c34d1f4c73d4ebf493f92d5b46dd846d044f51757896b739bf2d6d3f204;50;0
357;0x39ec8c34d1f4c73d4ebf493f92d5b46dd846d044f51757896b739bf2d6d3f204;49;0
358;0x39ec8c34d1f4c73d4ebf493f92d5b46dd846d044f51757896b739bf2d6d3f204;51;0
359;0x39ec8c34d1f4c73d4ebf493f92d5b46dd846d044f51757896b739bf2d6d3f204;49;0
360;0x39ec8c34d1f4c73d4ebf493f92d5b46dd846d044f51757896b739bf2d6d3f204;50;0
361;0x39ec8c34d1f4c73d4ebf493f92d5b46dd846d044f51757896b739bf2d6d3f204;51;0
362;0x39ec8c34d1f4c73d4ebf493f92d5b46dd846d044f51757896b739bf2d6d3f204;52;0
363;0x39ec8c34d1f4c73d4ebf493f92d5b46dd846d044f51757896b739bf2d6d3f204;49;0
364;0x39ec8c34d1f4c73d4ebf493f92d5b46dd846d044f51757896b739bf2d6d3f204;50;0
365;0x39ec8c34d1f4c73d4ebf493f92d5b46dd846d044f51757896b739bf2d6d3f204;49;0
366;0x39ec8c34d1f4c73d4ebf493f92d5b46dd846d044f51757896b739bf2d6d3f204;49;0
367;0x39ec8c34d1f4c73d4ebf493f92d5b46dd846d044f51757896b739bf2d6d3f204;51;0
368;0x39ec8c34d1f4c73d4ebf493f92d5b46dd846d044f51757896b739bf2d6d3f204;49;0
369;0x39ec8c34d1f4c73d4ebf493f92d5b46dd846d044f51757896b739bf2d6d3f204;51;0
370;0x39ec8c34d1f4c73d4ebf493f92d5b46dd846d044f51757896b739bf2d6d3f204;49;0
371;0x39ec8c34d1f4c73d4ebf493f92d5b46dd846d044f51757896b739bf2d6d3f204;56;0
372;0x39ec8c34d1f4c73d4ebf493f92d5b46dd846d044f51757896b739bf2d6d3f204;48;0
373;0x39ec8c34d1f4c73d4ebf493f92d5b46dd846d044f51757896b739bf2d6d3f204;52;0
374;0x39ec8c34d1f4c73d4ebf493f92d5b46dd846d044f51757896b739bf2d6d3f204;49;0
375;0x39ec8c34d1f4c73d4ebf493f92d5b46dd846d044f51757896b739bf2d6d3f204;49;0
376;0x39ec8c34d1f4c73d4ebf493f92d5b46dd846d044f51757896b739bf2d6d3f204;50;0
377;0x39ec8c34d1f4c73d4ebf493f92d5b46dd846d044f51757896b739bf2d6d3f204;49;0
378;0x39ec8c34d1f4c73d4ebf493f92d5b46dd846d044f51757896b739bf2d6d3f204;49;0
379;0x39ec8c34d1f4c73d4ebf493f92d5b46dd846d044f51757896b739bf2d6d3f204;49;0
380;0x39ec8c34d1f4c73d4ebf493f92d5b46dd846d044f51757896b739bf2d6d3f204;50;0
381;0x39ec8c34d1f4c73d4ebf493f92d5b46dd846d044f51757896b739bf2d6d3f204;52;0
382;0x39ec8c34d1f4c73d4ebf493f92d5b46dd846d044f51757896b739bf2d6d3f204;49;0
383;0x39ec8c34d1f4c73d4ebf493f92d5b46dd846d044f51757896b739bf2d6d3f204;51;0
384;0x39ec8c34d1f4c73d4ebf493f92d5b46dd846d044f51757896b739bf2d6d3f204;53;0
385;0x39ec8c34d1f4c73d4ebf493f92d5b46dd846d044f51757896b739bf2d6d3f204;50;0
386;0x39ec8c34d1f4c73d4ebf493f92d5b46dd846d044f51757896b739bf2d6d3f204;51;0
387;0x39ec8c34d1f4c73d4ebf493f92d5b46dd846d044f51757896b739bf2d6d3f204;48;0
388;0x39ec8c34d1f4c73d4ebf493f92d5b46dd846d044f51757896b739bf2d6d3f204;51;0
389;0x39ec8c34d1f4c73d4ebf493f92d5b46dd846d044f51757896b739bf2d6d3f204;50;0
390;0x39ec8c34d1f4c73d4ebf493f92d5b46dd846d044f51757896b739bf2d6d3f204;52;0
391;0x39ec8c34d1f4c73d4ebf493f92d5b46dd846d044f51757896b739bf2d6d3f204;49;0
392;0x39ec8c34d1f4c73d4ebf493f92d5b46dd846d044f51757896b739bf2d6d3f204;50;0
393;0x39ec8c34d1f4c73d4ebf493f92d5b46dd846d044f51757896b739bf2d6d3f204;50;0
394;0x39ec8c34d1f4c73d4ebf493f92d5b46dd846d044f51757896b739bf2d6d3f204;49;0
395;0x39ec8c34d1f4c73d4ebf493f92d5b46dd846d044f51757896b739bf2d6d3f204;49;0
396;0x39ec8c34d1f4c73d4ebf493f92d5b46dd846d044f51757896b739bf2d6d3f204;49;0
397;0x39ec8c34d1f4c73d4ebf493f92d5b46dd846d044f51757896b739bf2d6d3f204;51;0
398;0x39ec8c34d1f4c73d4ebf493f92d5b46dd846d044f51757896b739bf2d6d3f204;50;0
399;0x39ec8c34d1f4c73d4ebf493f92d5b46dd846d044f51757896b739bf2d6d3f204;49;0
400;0x39ec8c34d1f4c73d4ebf493f92d5b46dd846d044f51757896b739bf2d6d3f204;49;0
401;0x39ec8c34d1f4c73d4ebf493f92d5b46dd846d044f51757896b739bf2d6d3f204;49;0
402;0x39ec8c34d1f4c73d4ebf493f92d5b46dd846d044f51757896b739bf2d6d3f204;49;0
403;0x39ec8c34d1f4c73d4ebf493f92d5b46dd846d044f51757896b739bf2d6d3f204;50;0
404;0x39ec8c34d1f4c73d4ebf493f92d5b46dd846d044f51757896b739bf2d6d3f204;49;0
405;0x39ec8c34d1f4c73d4ebf493f92d5b46dd846d044f51757896b739bf2d6d3f204;49;0
406;0x39ec8c34d1f4c73d4ebf493f92d5b46dd846d044f51757896b739bf2d6d3f204;48;0
407;0x39ec8c34d1f4c73d4ebf493f92d5b46dd846d044f51757896b739bf2d6d3f204;48;0
408;0x39ec8c34d1f4c73d4ebf493f92d5b46dd846d044f51757896b739bf2d6d3f204;57;0
409;0x39ec8c34d1f4c73d4ebf493f92d5b46dd846d044f51757896b739bf2d6d3f204;50;0
410;0x39ec8c34d1f4c73d4ebf493f92d5b46dd846d044f51757896b739bf2d6d3f204;50;0
411;0x39ec8c34d1f4c73d4ebf493f92d5b46dd846d044f51757896b739bf2d6d3f204;51;0
412;0x39ec8c34d1f4c73d4ebf493f92d5b46dd846d044f51757896b739bf2d6d3f204;48;0
413;0x39ec8c34d1f4c73d4ebf493f92d5b46dd846d044f51757896b739bf2d6d3f204;49;0
414;0x39ec8c34d1f4c73d4ebf493f92d5b46dd846d044f51757896b739bf2d6d3f204;48;0
415;0x39ec8c34d1f4c73d4ebf493f92d5b46dd846d044f51757896b739bf2d6d3f204;50;0
416;0x39ec8c34d1f4c73d4ebf493f92d5b46dd846d044f51757896b739bf2d6d3f204;50;0
417;0x39ec8c34d1f4c73d4ebf493f92d5b46dd846d044f51757896b739bf2d6d3f204;56;0
418;0x39ec8c34d1f4c73d4ebf493f92d5b46dd846d044f51757896b739bf2d6d3f204;52;0
419;0x39ec8c34d1f4c73d4ebf493f92d5b46dd846d044f51757896b739bf2d6d3f204;51;0
420;0x39ec8c34d1f4c73d4ebf493f92d5b46dd846d044f51757896b739bf2d6d3f204;49;0
421;0x39ec8c34d1f4c73d4ebf493f92d5b46dd846d044f51757896b739bf2d6d3f204;50;0
422;0x39ec8c34d1f4c73d4ebf493f92d5b46dd846d044f51757896b739bf2d6d3f204;50;0
423;0x39ec8c34d1f4c73d4ebf493f92d5b46dd846d044f51757896b739bf2d6d3f204;50;0
424;0x39ec8c34d1f4c73d4ebf493f92d5b46dd846d044f51757896b739bf2d6d3f204;50;0
425;0x39ec8c34d1f4c73d4ebf493f92d5b46dd846d044f51757896b739bf2d6d3f204;51;0
426;0x39ec8c34d1f4c73d4ebf493f92d5b46dd846d044f51757896b739bf2d6d3f204;50;0
427;0x39ec8c34d1f4c73d4ebf493f92d5b46dd846d044f51757896b739bf2d6d3f204;48;0
428;0x39ec8c34d1f4c73d4ebf493f92d5b46dd846d044f51757896b739bf2d6d3f204;49;0
429;0x39ec8c34d1f4c73d4ebf493f92d5b46dd846d044f51757896b739bf2d6d3f204;49;0
430;0x39ec8c34d1f4c73d4ebf493f92d5b46dd846d044f51757896b739bf2d6d3f204;48;0
431;0x39ec8c34d1f4c73d4ebf493f92d5b46dd846d044f51757896b739bf2d6d3f204;48;0
432;0x39ec8c34d1f4c73d4ebf493f92d5b46dd846d044f51757896b739bf2d6d3f204;48;0
433;0x39ec8c34d1f4c73d4ebf493f92d5b46dd846d044f51757896b739bf2d6d3f204;49;0
434;0x39ec8c34d1f4c73d4ebf493f92d5b46dd846d044f51757896b739bf2d6d3f204;50;0
435;0x39ec8c34d1f4c73d4ebf493f92d5b46dd846d044f51757896b739bf2d6d3f204;51;0
436;0x39ec8c34d1f4c73d4ebf493f92d5b46dd846d044f51757896b739bf2d6d3f204;48;0
437;0x39ec8c34d1f4c73d4ebf493f92d5b46dd846d044f51757896b739bf2d6d3f204;49;0
438;0x39ec8c34d1f4c73d4ebf493f92d5b46dd846d044f51757896b739bf2d6d3f204;56;0
439;0x39ec8c34d1f4c73d4ebf493f92d5b46dd846d044f51757896b739bf2d6d3f204;51;0
440;0x39ec8c34d1f4c73d4ebf493f92d5b46dd846d044f51757896b739bf2d6d3f204;49;0
441;0x39ec8c34d1f4c73d4ebf493f92d5b46dd846d044f51757896b739bf2d6d3f204;51;0
442;0x39ec8c34d1f4c73d4ebf493f92d5b46dd846d044f51757896b739bf2d6d3f204;50;0
443;0x39ec8c34d1f4c73d4ebf493f92d5b46dd846d044f51757896b739bf2d6d3f204;50;0
444;0x39ec8c34d1f4c73d4ebf493f92d5b46dd846d044f51757896b739bf2d6d3f204;51;0
445;0x39ec8c34d1f4c73d4ebf493f92d5b46dd846d044f51757896b739bf2d6d3f204;49;0
446;0x39ec8c34d1f4c73d4ebf493f92d5b46dd846d044f51757896b739bf2d6d3f204;49;0
447;0x39ec8c34d1f4c73d4ebf493f92d5b46dd846d044f51757896b739bf2d6d3f204;51;0
448;0x39ec8c34d1f4c73d4ebf493f92d5b46dd846d044f51757896b739bf2d6d3f204;51;0
449;0x39ec8c34d1f4c73d4ebf493f92d5b46dd846d044f51757896b739bf2d6d3f204;48;0
450;0x39ec8c34d1f4c73d4ebf493f92d5b46dd846d044f51757896b739bf2d6d3f204;49;0
451;0x39ec8c34d1f4c73d4ebf493f92d5b46dd846d044f51757896b739bf2d6d3f204;53;0
452;0x39ec8c34d1f4c73d4ebf493f92d5b46dd846d044f51757896b739bf2d6d3f204;52;0
453;0x39ec8c34d1f4c73d4ebf493f92d5b46dd846d044f51757896b739bf2d6d3f204;49;0
454;0x39ec8c34d1f4c73d4ebf493f92d5b46dd846d044f51757896b739bf2d6d3f204;48;0
455;0x39ec8c34d1f4c73d4ebf493f92d5b46dd846d044f51757896b739bf2d6d3f204;48;0
456;0x39ec8c34d1f4c73d4ebf493f92d5b46dd846d044f51757896b739bf2d6d3f204;50;0
457;0x39ec8c34d1f4c73d4ebf493f92d5b46dd846d044f51757896b739bf2d6d3f204;50;0
458;0x39ec8c34d1f4c73d4ebf493f92d5b46dd846d044f51757896b739bf2d6d3f204;49;0
459;0x39ec8c34d1f4c73d4ebf493f92d5b46dd846d044f51757896b739bf2d6d3f204;50;0
460;0x39ec8c34d1f4c73d4ebf493f92d5b46dd846d044f51757896b739bf2d6d3f204;50;0
461;0x39ec8c34d1f4c73d4ebf493f92d5b46dd846d044f51757896b739bf2d6d3f204;50;0
462;0x39ec8c34d1f4c73d4ebf493f92d5b46dd846d044f51757896b739bf2d6d3f204;55;0
463;0x39ec8c34d1f4c73d4ebf493f92d5b46dd846d044f51757896b739bf2d6d3f204;53;0
464;0x39ec8c34d1f4c73d4ebf493f92d5b46dd846d044f51757896b739bf2d6d3f204;49;0
465;0x39ec8c34d1f4c73d4ebf493f92d5b46dd846d044f51757896b739bf2d6d3f204;50;0
466;0x39ec8c34d1f4c73d4ebf493f92d5b46dd846d044f51757896b739bf2d6d3f204;50;0
467;0x39ec8c34d1f4c73d4ebf493f92d5b46dd846d044f51757896b739bf2d6d3f204;49;0
468;0x39ec8c34d1f4c73d4ebf493f92d5b46dd846d044f51757896b739bf2d6d3f204;49;0
469;0x39ec8c34d1f4c73d4ebf493f92d5b46dd846d044f51757896b739bf2d6d3f204;49;0
470;0x39ec8c34d1f4c73d4ebf493f92d5b46dd846d044f51757896b739bf2d6d3f204;50;0
471;0x39ec8c34d1f4c73d4ebf493f92d5b46dd846d044f51757896b739bf2d6d3f204;49;0
472;0x39ec8c34d1f4c73d4ebf493f92d5b46dd846d044f51757896b739bf2d6d3f204;49;0
473;0x39ec8c34d1f4c73d4ebf493f92d5b46dd846d044f51757896b739bf2d6d3f204;52;0
474;0x39ec8c34d1f4c73d4ebf493f92d5b46dd846d044f51757896b739bf2d6d3f204;50;0
475;0x39ec8c34d1f4c73d4ebf493f92d5b46dd846d044f51757896b739bf2d6d3f204;50;0
476;0x39ec8c34d1f4c73d4ebf493f92d5b46dd846d044f51757896b739bf2d6d3f204;48;0
477;0x39ec8c34d1f4c73d4ebf493f92d5b46dd846d044f51757896b739bf2d6d3f204;54;0
478;0x39ec8c34d1f4c73d4ebf493f92d5b46dd846d044f51757896b739bf2d6d3f204;49;0
479;0x39ec8c34d1f4c73d4ebf493f92d5b46dd846d044f51757896b739bf2d6d3f204;50;0
480;0x39ec8c34d1f4c73d4ebf493f92d5b46dd846d044f51757896b739bf2d6d3f204;48;0
481;0x39ec8c34d1f4c73d4ebf493f92d5b46dd846d044f51757896b739bf2d6d3f204;50;0
482;0x39ec8c34d1f4c73d4ebf493f92d5b46dd846d044f51757896b739bf2d6d3f204;48;0
483;0x39ec8c34d1f4c73d4ebf493f92d5b46dd846d044f51757896b739bf2d6d3f204;50;0
484;0x39ec8c34d1f4c73d4ebf493f92d5b46dd846d044f51757896b739bf2d6d3f204;50;0
485;0x39ec8c34d1f4c73d4ebf493f92d5b46dd846d044f51757896b739bf2d6d3f204;51;0
486;0x39ec8c34d1f4c73d4ebf493f92d5b46dd846d044f51757896b739bf2d6d3f204;50;0
487;0x39ec8c34d1f4c73d4ebf493f92d5b46dd846d044f51757896b739bf2d6d3f204;50;0
488;0x39ec8c34d1f4c73d4ebf493f92d5b46dd846d044f51757896b739bf2d6d3f204;51;0
489;0x39ec8c34d1f4c73d4ebf493f92d5b46dd846d044f51757896b739bf2d6d3f204;49;0
490;0x39ec8c34d1f4c73d4ebf493f92d5b46dd846d044f51757896b739bf2d6d3f204;51;0
491;0x39ec8c34d1f4c73d4ebf493f92d5b46dd846d044f51757896b739bf2d6d3f204;48;0
492;0x39ec8c34d1f4c73d4ebf493f92d5b46dd846d044f51757896b739bf2d6d3f204;51;0
493;0x39ec8c34d1f4c73d4ebf493f92d5b46dd846d044f51757896b739bf2d6d3f204;51;0
494;0x39ec8c34d1f4c73d4ebf493f92d5b46dd846d044f51757896b739bf2d6d3f204;50;0
495;0x39ec8c34d1f4c73d4ebf493f92d5b46dd846d044f51757896b739bf2d6d3f204;50;0
496;0x39ec8c34d1f4c73d4ebf493f92d5b46dd846d044f51757896b739bf2d6d3f204;50;0
497;0x39ec8c34d1f4c73d4ebf493f92d5b46dd846d044f51757896b739bf2d6d3f204;50;0
498;0x39ec8c34d1f4c73d4ebf493f92d5b46dd846d044f51757896b739bf2d6d3f204;48;0
499;0x39ec8c34d1f4c73d4ebf493f92d5b46dd846d044f51757896b739bf2d6d3f204;48;0
500;0x39ec8c34d1f4c73d4ebf493f92d5b46dd846d044f51757896b739bf2d6d3f204;51;0
501;0x39ec8c34d1f4c73d4ebf493f92d5b46dd846d044f51757896b739bf2d6d3f204;50;0
502;0x39ec8c34d1f4c73d4ebf493f92d5b46dd846d044f51757896b739bf2d6d3f204;51;0
503;0x39ec8c34d1f4c73d4ebf493f92d5b46dd846d044f51757896b739bf2d6d3f204;50;0
504;0x39ec8c34d1f4c73d4ebf493f92d5b46dd846d044f51757896b739bf2d6d3f204;48;0
505;0x39ec8c34d1f4c73d4ebf493f92d5b46dd846d044f51757896b739bf2d6d3f204;54;0
506;0x39ec8c34d1f4c73d4ebf493f92d5b46dd846d044f51757896b739bf2d6d3f204;50;0
507;0x39ec8c34d1f4c73d4ebf493f92d5b46dd846d044f51757896b739bf2d6d3f204;50;0
508;0x39ec8c34d1f4c73d4ebf493f92d5b46dd846d044f51757896b739bf2d6d3f204;50;0
509;0x39ec8c34d1f4c73d4ebf493f92d5b46dd846d044f51757896b739bf2d6d3f204;47;0
510;0x39ec8c34d1f4c73d4ebf493f92d5b46dd846d044f51757896b739bf2d6d3f204;48;0
511;0x39ec8c34d1f4c73d4ebf493f92d5b46dd846d044f51757896b739bf2d6d3f204;50;0
512;0x39ec8c34d1f4c73d4ebf493f92d5b46dd846d044f51757896b739bf2d6d3f204;49;0
513;0x39ec8c34d1f4c73d4ebf493f92d5b46dd846d044f51757896b739bf2d6d3f204;50;0
514;0x39ec8c34d1f4c73d4ebf493f92d5b46dd846d044f51757896b739bf2d6d3f204;50;0
515;0x39ec8c34d1f4c73d4ebf493f92d5b46dd846d044f51757896b739bf2d6d3f204;50;0
516;0x39ec8c34d1f4c73d4ebf493f92d5b46dd846d044f51757896b739bf2d6d3f204;49;0
517;0x39ec8c34d1f4c73d4ebf493f92d5b46dd846d044f51757896b739bf2d6d3f204;51;0
518;0x39ec8c34d1f4c73d4ebf493f92d5b46dd846d044f51757896b739bf2d6d3f204;53;0
519;0x39ec8c34d1f4c73d4ebf493f92d5b46dd846d044f51757896b739bf2d6d3f204;48;0
520;0x39ec8c34d1f4c73d4ebf493f92d5b46dd846d044f51757896b739bf2d6d3f204;51;0
521;0x39ec8c34d1f4c73d4ebf493f92d5b46dd846d044f51757896b739bf2d6d3f204;49;0
522;0x39ec8c34d1f4c73d4ebf493f92d5b46dd846d044f51757896b739bf2d6d3f204;50;0
523;0x39ec8c34d1f4c73d4ebf493f92d5b46dd846d044f51757896b739bf2d6d3f204;56;0
524;0x39ec8c34d1f4c73d4ebf493f92d5b46dd846d044f51757896b739bf2d6d3f204;49;0
525;0x39ec8c34d1f4c73d4ebf493f92d5b46dd846d044f51757896b739bf2d6d3f204;49;0
526;0x39ec8c34d1f4c73d4ebf493f92d5b46dd846d044f51757896b739bf2d6d3f204;50;0
527;0x39ec8c34d1f4c73d4ebf493f92d5b46dd846d044f51757896b739bf2d6d3f204;48;0
528;0x39ec8c34d1f4c73d4ebf493f92d5b46dd846d044f51757896b739bf2d6d3f204;49;0
529;0x39ec8c34d1f4c73d4ebf493f92d5b46dd846d044f51757896b739bf2d6d3f204;50;0
530;0x39ec8c34d1f4c73d4ebf493f92d5b46dd846d044f51757896b739bf2d6d3f204;49;0
531;0x39ec8c34d1f4c73d4ebf493f92d5b46dd846d044f51757896b739bf2d6d3f204;49;0
532;0x39ec8c34d1f4c73d4ebf493f92d5b46dd846d044f51757896b739bf2d6d3f204;49;0
533;0x39ec8c34d1f4c73d4ebf493f92d5b46dd846d044f51757896b739bf2d6d3f204;49;0
534;0x39ec8c34d1f4c73d4ebf493f92d5b46dd846d044f51757896b739bf2d6d3f204;49;0
535;0x39ec8c34d1f4c73d4ebf493f92d5b46dd846d044f51757896b739bf2d6d3f204;49;0
536;0x39ec8c34d1f4c73d4ebf493f92d5b46dd846d044f51757896b739bf2d6d3f204;50;0
537;0x39ec8c34d1f4c73d4ebf493f92d5b46dd846d044f51757896b739bf2d6d3f204;49;0
538;0x39ec8c34d1f4c73d4ebf493f92d5b46dd846d044f51757896b739bf2d6d3f204;49;0
539;0x39ec8c34d1f4c73d4ebf493f92d5b46dd846d044f51757896b739bf2d6d3f204;49;0
540;0x39ec8c34d1f4c73d4ebf493f92d5b46dd846d044f51757896b739bf2d6d3f204;49;0
541;0x39ec8c34d1f4c73d4ebf493f92d5b46dd846d044f51757896b739bf2d6d3f204;50;0
542;0x39ec8c34d1f4c73d4ebf493f92d5b46dd846d044f51757896b739bf2d6d3f204;50;0
543;0x39ec8c34d1f4c73d4ebf493f92d5b46dd846d044f51757896b739bf2d6d3f204;49;0
544;0x39ec8c34d1f4c73d4ebf493f92d5b46dd846d044f51757896b739bf2d6d3f204;49;0
545;0x39ec8c34d1f4c73d4ebf493f92d5b46dd846d044f51757896b739bf2d6d3f204;50;0
546;0x39ec8c34d1f4c73d4ebf493f92d5b46dd846d044f51757896b739bf2d6d3f204;49;0
547;0x39ec8c34d1f4c73d4ebf493f92d5b46dd846d044f51757896b739bf2d6d3f204;48;0
548;0x39ec8c34d1f4c73d4ebf493f92d5b46dd846d044f51757896b739bf2d6d3f204;49;0
549;0x39ec8c34d1f4c73d4ebf493f92d5b46dd846d044f51757896b739bf2d6d3f204;50;0
550;0x39ec8c34d1f4c73d4ebf493f92d5b46dd846d044f51757896b739bf2d6d3f204;50;0
551;0x39ec8c34d1f4c73d4ebf493f92d5b46dd846d044f51757896b739bf2d6d3f204;49;0
552;0x39ec8c34d1f4c73d4ebf493f92d5b46dd846d044f51757896b739bf2d6d3f204;57;0
553;0x39ec8c34d1f4c73d4ebf493f92d5b46dd846d044f51757896b739bf2d6d3f204;51;0
554;0x39ec8c34d1f4c73d4ebf493f92d5b46dd846d044f51757896b739bf2d6d3f204;49;0
555;0x39ec8c34d1f4c73d4ebf493f92d5b46dd846d044f51757896b739bf2d6d3f204;49;0
556;0x39ec8c34d1f4c73d4ebf493f92d5b46dd846d044f51757896b739bf2d6d3f204;51;0
557;0x39ec8c34d1f4c73d4ebf493f92d5b46dd846d044f51757896b739bf2d6d3f204;50;0
558;0x39ec8c34d1f4c73d4ebf493f92d5b46dd846d044f51757896b739bf2d6d3f204;49;0
559;0x39ec8c34d1f4c73d4ebf493f92d5b46dd846d044f51757896b739bf2d6d3f204;49;0
560;0x39ec8c34d1f4c73d4ebf493f92d5b46dd846d044f51757896b739bf2d6d3f204;50;0
561;0x39ec8c34d1f4c73d4ebf493f92d5b46dd846d044f51757896b739bf2d6d3f204;50;0
562;0x39ec8c34d1f4c73d4ebf493f92d5b46dd846d044f51757896b739bf2d6d3f204;49;0
563;0x39ec8c34d1f4c73d4ebf493f92d5b46dd846d044f51757896b739bf2d6d3f204;50;0
564;0x39ec8c34d1f4c73d4ebf493f92d5b46dd846d044f51757896b739bf2d6d3f204;49;0
565;0x39ec8c34d1f4c73d4ebf493f92d5b46dd846d044f51757896b739bf2d6d3f204;49;0
566;0x39ec8c34d1f4c73d4ebf493f92d5b46dd846d044f51757896b739bf2d6d3f204;50;0
567;0x39ec8c34d1f4c73d4ebf493f92d5b46dd846d044f51757896b739bf2d6d3f204;51;0
568;0x39ec8c34d1f4c73d4ebf493f92d5b46dd846d044f51757896b739bf2d6d3f204;49;0
569;0x39ec8c34d1f4c73d4ebf493f92d5b46dd846d044f51757896b739bf2d6d3f204;49;0
570;0x39ec8c34d1f4c73d4ebf493f92d5b46dd846d044f51757896b739bf2d6d3f204;48;0
571;0x39ec8c34d1f4c73d4ebf493f92d5b46dd846d044f51757896b739bf2d6d3f204;51;0
572;0x39ec8c34d1f4c73d4ebf493f92d5b46dd846d044f51757896b739bf2d6d3f204;50;0
573;0x39ec8c34d1f4c73d4ebf493f92d5b46dd846d044f51757896b739bf2d6d3f204;48;0
574;0x39ec8c34d1f4c73d4ebf493f92d5b46dd846d044f51757896b739bf2d6d3f204;49;0
575;0x39ec8c34d1f4c73d4ebf493f92d5b46dd846d044f51757896b739bf2d6d3f204;49;0
576;0x39ec8c34d1f4c73d4ebf493f92d5b46dd846d044f51757896b739bf2d6d3f204;50;0
577;0x39ec8c34d1f4c73d4ebf493f92d5b46dd846d044f51757896b739bf2d6d3f204;50;0
578;0x39ec8c34d1f4c73d4ebf493f92d5b46dd846d044f51757896b739bf2d6d3f204;51;0
579;0x39ec8c34d1f4c73d4ebf493f92d5b46dd846d044f51757896b739bf2d6d3f204;50;0
580;0x39ec8c34d1f4c73d4ebf493f92d5b46dd846d044f51757896b739bf2d6d3f204;49;0
581;0x39ec8c34d1f4c73d4ebf493f92d5b46dd846d044f51757896b739bf2d6d3f204;48;0
582;0x39ec8c34d1f4c73d4ebf493f92d5b46dd846d044f51757896b739bf2d6d3f204;50;0
583;0x39ec8c34d1f4c73d4ebf493f92d5b46dd846d044f51757896b739bf2d6d3f204;51;0
584;0x39ec8c34d1f4c73d4ebf493f92d5b46dd846d044f51757896b739bf2d6d3f204;48;0
585;0x39ec8c34d1f4c73d4ebf493f92d5b46dd846d044f51757896b739bf2d6d3f204;54;0
586;0x39ec8c34d1f4c73d4ebf493f92d5b46dd846d044f51757896b739bf2d6d3f204;50;0
587;0x39ec8c34d1f4c73d4ebf493f92d5b46dd846d044f51757896b739bf2d6d3f204;49;0
588;0x39ec8c34d1f4c73d4ebf493f92d5b46dd846d044f51757896b739bf2d6d3f204;49;0
589;0x39ec8c34d1f4c73d4ebf493f92d5b46dd846d044f51757896b739bf2d6d3f204;50;0
590;0x39ec8c34d1f4c73d4ebf493f92d5b46dd846d044f51757896b739bf2d6d3f204;51;0
591;0x39ec8c34d1f4c73d4ebf493f92d5b46dd846d044f51757896b739bf2d6d3f204;50;0
592;0x39ec8c34d1f4c73d4ebf493f92d5b46dd846d044f51757896b739bf2d6d3f204;49;0
593;0x39ec8c34d1f4c73d4ebf493f92d5b46dd846d044f51757896b739bf2d6d3f204;51;0
594;0x39ec8c34d1f4c73d4ebf493f92d5b46dd846d044f51757896b739bf2d6d3f204;51;0
595;0x39ec8c34d1f4c73d4ebf493f92d5b46dd846d044f51757896b739bf2d6d3f204;49;0
596;0x39ec8c34d1f4c73d4ebf493f92d5b46dd846d044f51757896b739bf2d6d3f204;48;0
597;0x39ec8c34d1f4c73d4ebf493f92d5b46dd846d044f51757896b739bf2d6d3f204;49;0
598;0x39ec8c34d1f4c73d4ebf493f92d5b46dd846d044f51757896b739bf2d6d3f204;50;0
599;0x39ec8c34d1f4c73d4ebf493f92d5b46dd846d044f51757896b739bf2d6d3f204;51;0
600;0x39ec8c34d1f4c73d4ebf493f92d5b46dd846d044f51757896b739bf2d6d3f204;56;0
601;0x39ec8c34d1f4c73d4ebf493f92d5b46dd846d044f51757896b739bf2d6d3f204;50;0
602;0x39ec8c34d1f4c73d4ebf493f92d5b46dd846d044f51757896b739bf2d6d3f204;48;0
603;0x39ec8c34d1f4c73d4ebf493f92d5b46dd846d044f51757896b739bf2d6d3f204;51;0
604;0x39ec8c34d1f4c73d4ebf493f92d5b46dd846d044f51757896b739bf2d6d3f204;50;0
605;0x39ec8c34d1f4c73d4ebf493f92d5b46dd846d044f51757896b739bf2d6d3f204;49;0
606;0x39ec8c34d1f4c73d4ebf493f92d5b46dd846d044f51757896b739bf2d6d3f204;49;0
607;0x39ec8c34d1f4c73d4ebf493f92d5b46dd846d044f51757896b739bf2d6d3f204;49;0
608;0x39ec8c34d1f4c73d4ebf493f92d5b46dd846d044f51757896b739bf2d6d3f204;48;0
609;0x39ec8c34d1f4c73d4ebf493f92d5b46dd846d044f51757896b739bf2d6d3f204;49;0
610;0x39ec8c34d1f4c73d4ebf493f92d5b46dd846d044f51757896b739bf2d6d3f204;54;0
611;0x39ec8c34d1f4c73d4ebf493f92d5b46dd846d044f51757896b739bf2d6d3f204;49;0
612;0x39ec8c34d1f4c73d4ebf493f92d5b46dd846d044f51757896b739bf2d6d3f204;48;0
613;0x39ec8c34d1f4c73d4ebf493f92d5b46dd846d044f51757896b739bf2d6d3f204;50;0
614;0x39ec8c34d1f4c73d4ebf493f92d5b46dd846d044f51757896b739bf2d6d3f204;48;0
615;0x39ec8c34d1f4c73d4ebf493f92d5b46dd846d044f51757896b739bf2d6d3f204;50;0
616;0x39ec8c34d1f4c73d4ebf493f92d5b46dd846d044f51757896b739bf2d6d3f204;50;0
617;0x39ec8c34d1f4c73d4ebf493f92d5b46dd846d044f51757896b739bf2d6d3f204;49;0
618;0x39ec8c34d1f4c73d4ebf493f92d5b46dd846d044f51757896b739bf2d6d3f204;57;0
619;0x39ec8c34d1f4c73d4ebf493f92d5b46dd846d044f51757896b739bf2d6d3f204;51;0
620;0x39ec8c34d1f4c73d4ebf493f92d5b46dd846d044f51757896b739bf2d6d3f204;50;0
621;0x39ec8c34d1f4c73d4ebf493f92d5b46dd846d044f51757896b739bf2d6d3f204;49;0
622;0x39ec8c34d1f4c73d4ebf493f92d5b46dd846d044f51757896b739bf2d6d3f204;49;0
623;0x39ec8c34d1f4c73d4ebf493f92d5b46dd846d044f51757896b739bf2d6d3f204;49;0
624;0x39ec8c34d1f4c73d4ebf493f92d5b46dd846d044f51757896b739bf2d6d3f204;50;0
625;0x39ec8c34d1f4c73d4ebf493f92d5b46dd846d044f51757896b739bf2d6d3f204;49;0
626;0x39ec8c34d1f4c73d4ebf493f92d5b46dd846d044f51757896b739bf2d6d3f204;50;0
627;0x39ec8c34d1f4c73d4ebf493f92d5b46dd846d044f51757896b739bf2d6d3f204;49;0
628;0x39ec8c34d1f4c73d4ebf493f92d5b46dd846d044f51757896b739bf2d6d3f204;51;0
629;0x39ec8c34d1f4c73d4ebf493f92d5b46dd846d044f51757896b739bf2d6d3f204;49;0
630;0x39ec8c34d1f4c73d4ebf493f92d5b46dd846d044f51757896b739bf2d6d3f204;49;0
631;0x39ec8c34d1f4c73d4ebf493f92d5b46dd846d044f51757896b739bf2d6d3f204;49;0
632;0x39ec8c34d1f4c73d4ebf493f92d5b46dd846d044f51757896b739bf2d6d3f204;49;0
633;0x39ec8c34d1f4c73d4ebf493f92d5b46dd846d044f51757896b739bf2d6d3f204;49;0
634;0x39ec8c34d1f4c73d4ebf493f92d5b46dd846d044f51757896b739bf2d6d3f204;49;0
635;0x39ec8c34d1f4c73d4ebf493f92d5b46dd846d044f51757896b739bf2d6d3f204;49;0
636;0x39ec8c34d1f4c73d4ebf493f92d5b46dd846d044f51757896b739bf2d6d3f204;48;0
637;0x39ec8c34d1f4c73d4ebf493f92d5b46dd846d044f51757896b739bf2d6d3f204;59;0
638;0x39ec8c34d1f4c73d4ebf493f92d5b46dd846d044f51757896b739bf2d6d3f204;49;0
639;0x39ec8c34d1f4c73d4ebf493f92d5b46dd846d044f51757896b739bf2d6d3f204;50;0
640;0x39ec8c34d1f4c73d4ebf493f92d5b46dd846d044f51757896b739bf2d6d3f204;49;0
641;0x39ec8c34d1f4c73d4ebf493f92d5b46dd846d044f51757896b739bf2d6d3f204;50;0
642;0x39ec8c34d1f4c73d4ebf493f92d5b46dd846d044f51757896b739bf2d6d3f204;50;0
643;0x39ec8c34d1f4c73d4ebf493f92d5b46dd846d044f51757896b739bf2d6d3f204;50;0
644;0x39ec8c34d1f4c73d4ebf493f92d5b46dd846d044f51757896b739bf2d6d3f204;49;0
645;0x39ec8c34d1f4c73d4ebf493f92d5b46dd846d044f51757896b739bf2d6d3f204;50;0
646;0x39ec8c34d1f4c73d4ebf493f92d5b46dd846d044f51757896b739bf2d6d3f204;49;0
647;0x39ec8c34d1f4c73d4ebf493f92d5b46dd846d044f51757896b739bf2d6d3f204;49;0
648;0x39ec8c34d1f4c73d4ebf493f92d5b46dd846d044f51757896b739bf2d6d3f204;49;0
649;0x39ec8c34d1f4c73d4ebf493f92d5b46dd846d044f51757896b739bf2d6d3f204;50;0
650;0x39ec8c34d1f4c73d4ebf493f92d5b46dd846d044f51757896b739bf2d6d3f204;47;0
651;0x39ec8c34d1f4c73d4ebf493f92d5b46dd846d044f51757896b739bf2d6d3f204;52;0
652;0x39ec8c34d1f4c73d4ebf493f92d5b46dd846d044f51757896b739bf2d6d3f204;52;0
653;0x39ec8c34d1f4c73d4ebf493f92d5b46dd846d044f51757896b739bf2d6d3f204;58;0
654;0x39ec8c34d1f4c73d4ebf493f92d5b46dd846d044f51757896b739bf2d6d3f204;51;0
655;0x39ec8c34d1f4c73d4ebf493f92d5b46dd846d044f51757896b739bf2d6d3f204;48;0
656;0x39ec8c34d1f4c73d4ebf493f92d5b46dd846d044f51757896b739bf2d6d3f204;51;0
657;0x39ec8c34d1f4c73d4ebf493f92d5b46dd846d044f51757896b739bf2d6d3f204;49;0
658;0x39ec8c34d1f4c73d4ebf493f92d5b46dd846d044f51757896b739bf2d6d3f204;49;0
659;0x39ec8c34d1f4c73d4ebf493f92d5b46dd846d044f51757896b739bf2d6d3f204;49;0
660;0x39ec8c34d1f4c73d4ebf493f92d5b46dd846d044f51757896b739bf2d6d3f204;52;0
661;0x39ec8c34d1f4c73d4ebf493f92d5b46dd846d044f51757896b739bf2d6d3f204;56;0
662;0x39ec8c34d1f4c73d4ebf493f92d5b46dd846d044f51757896b739bf2d6d3f204;50;0
663;0x39ec8c34d1f4c73d4ebf493f92d5b46dd846d044f51757896b739bf2d6d3f204;49;0
664;0x39ec8c34d1f4c73d4ebf493f92d5b46dd846d044f51757896b739bf2d6d3f204;48;0
665;0x39ec8c34d1f4c73d4ebf493f92d5b46dd846d044f51757896b739bf2d6d3f204;48;0
666;0x39ec8c34d1f4c73d4ebf493f92d5b46dd846d044f51757896b739bf2d6d3f204;47;0
667;0x39ec8c34d1f4c73d4ebf493f92d5b46dd846d044f51757896b739bf2d6d3f204;51;0
668;0x39ec8c34d1f4c73d4ebf493f92d5b46dd846d044f51757896b739bf2d6d3f204;49;0
669;0x39ec8c34d1f4c73d4ebf493f92d5b46dd846d044f51757896b739bf2d6d3f204;50;0
670;0x39ec8c34d1f4c73d4ebf493f92d5b46dd846d044f51757896b739bf2d6d3f204;50;0
671;0x39ec8c34d1f4c73d4ebf493f92d5b46dd846d044f51757896b739bf2d6d3f204;50;0
672;0x39ec8c34d1f4c73d4ebf493f92d5b46dd846d044f51757896b739bf2d6d3f204;50;0
673;0x39ec8c34d1f4c73d4ebf493f92d5b46dd846d044f51757896b739bf2d6d3f204;51;0
674;0x39ec8c34d1f4c73d4ebf493f92d5b46dd846d044f51757896b739bf2d6d3f204;49;0
675;0x39ec8c34d1f4c73d4ebf493f92d5b46dd846d044f51757896b739bf2d6d3f204;50;0
676;0x39ec8c34d1f4c73d4ebf493f92d5b46dd846d044f51757896b739bf2d6d3f204;52;0
677;0x39ec8c34d1f4c73d4ebf493f92d5b46dd846d044f51757896b739bf2d6d3f204;48;0
678;0x39ec8c34d1f4c73d4ebf493f92d5b46dd846d044f51757896b739bf2d6d3f204;49;0
679;0x39ec8c34d1f4c73d4ebf493f92d5b46dd846d044f51757896b739bf2d6d3f204;49;0
680;0x39ec8c34d1f4c73d4ebf493f92d5b46dd846d044f51757896b739bf2d6d3f204;49;0
681;0x39ec8c34d1f4c73d4ebf493f92d5b46dd846d044f51757896b739bf2d6d3f204;51;0
682;0x39ec8c34d1f4c73d4ebf493f92d5b46dd846d044f51757896b739bf2d6d3f204;53;0
683;0x39ec8c34d1f4c73d4ebf493f92d5b46dd846d044f51757896b739bf2d6d3f204;49;0
684;0x39ec8c34d1f4c73d4ebf493f92d5b46dd846d044f51757896b739bf2d6d3f204;50;0
685;0x39ec8c34d1f4c73d4ebf493f92d5b46dd846d044f51757896b739bf2d6d3f204;53;0
686;0x39ec8c34d1f4c73d4ebf493f92d5b46dd846d044f51757896b739bf2d6d3f204;55;0
687;0x39ec8c34d1f4c73d4ebf493f92d5b46dd846d044f51757896b739bf2d6d3f204;48;0
688;0x39ec8c34d1f4c73d4ebf493f92d5b46dd846d044f51757896b739bf2d6d3f204;48;0
689;0x39ec8c34d1f4c73d4ebf493f92d5b46dd846d044f51757896b739bf2d6d3f204;51;0
690;0x39ec8c34d1f4c73d4ebf493f92d5b46dd846d044f51757896b739bf2d6d3f204;50;0
691;0x39ec8c34d1f4c73d4ebf493f92d5b46dd846d044f51757896b739bf2d6d3f204;49;0
692;0x39ec8c34d1f4c73d4ebf493f92d5b46dd846d044f51757896b739bf2d6d3f204;51;0
693;0x39ec8c34d1f4c73d4ebf493f92d5b46dd846d044f51757896b739bf2d6d3f204;51;0
694;0x39ec8c34d1f4c73d4ebf493f92d5b46dd846d044f51757896b739bf2d6d3f204;51;0
695;0x39ec8c34d1f4c73d4ebf493f92d5b46dd846d044f51757896b739bf2d6d3f204;50;0
696;0x39ec8c34d1f4c73d4ebf493f92d5b46dd846d044f51757896b739bf2d6d3f204;49;0
697;0x39ec8c34d1f4c73d4ebf493f92d5b46dd846d044f51757896b739bf2d6d3f204;50;0
698;0x39ec8c34d1f4c73d4ebf493f92d5b46dd846d044f51757896b739bf2d6d3f204;51;0
699;0x39ec8c34d1f4c73d4ebf493f92d5b46dd846d044f51757896b739bf2d6d3f204;52;0
700;0x39ec8c34d1f4c73d4ebf493f92d5b46dd846d044f51757896b739bf2d6d3f204;51;0
701;0x39ec8c34d1f4c73d4ebf493f92d5b46dd846d044f51757896b739bf2d6d3f204;50;0
702;0x39ec8c34d1f4c73d4ebf493f92d5b46dd846d044f51757896b739bf2d6d3f204;49;0
703;0x39ec8c34d1f4c73d4ebf493f92d5b46dd846d044f51757896b739bf2d6d3f204;50;0
704;0x39ec8c34d1f4c73d4ebf493f92d5b46dd846d044f51757896b739bf2d6d3f204;51;0
705;0x39ec8c34d1f4c73d4ebf493f92d5b46dd846d044f51757896b739bf2d6d3f204;50;0
706;0x39ec8c34d1f4c73d4ebf493f92d5b46dd846d044f51757896b739bf2d6d3f204;49;0
707;0x39ec8c34d1f4c73d4ebf493f92d5b46dd846d044f51757896b739bf2d6d3f204;49;0
708;0x39ec8c34d1f4c73d4ebf493f92d5b46dd846d044f51757896b739bf2d6d3f204;48;0
709;0x39ec8c34d1f4c73d4ebf493f92d5b46dd846d044f51757896b739bf2d6d3f204;50;0
710;0x39ec8c34d1f4c73d4ebf493f92d5b46dd846d044f51757896b739bf2d6d3f204;53;0
711;0x39ec8c34d1f4c73d4ebf493f92d5b46dd846d044f51757896b739bf2d6d3f204;50;0
712;0x39ec8c34d1f4c73d4ebf493f92d5b46dd846d044f51757896b739bf2d6d3f204;51;0
713;0x39ec8c34d1f4c73d4ebf493f92d5b46dd846d044f51757896b739bf2d6d3f204;48;0
714;0x39ec8c34d1f4c73d4ebf493f92d5b46dd846d044f51757896b739bf2d6d3f204;50;0
715;0x39ec8c34d1f4c73d4ebf493f92d5b46dd846d044f51757896b739bf2d6d3f204;48;0
716;0x39ec8c34d1f4c73d4ebf493f92d5b46dd846d044f51757896b739bf2d6d3f204;50;0
717;0x39ec8c34d1f4c73d4ebf493f92d5b46dd846d044f51757896b739bf2d6d3f204;49;0
718;0x39ec8c34d1f4c73d4ebf493f92d5b46dd846d044f51757896b739bf2d6d3f204;52;0
719;0x39ec8c34d1f4c73d4ebf493f92d5b46dd846d044f51757896b739bf2d6d3f204;49;0
720;0x39ec8c34d1f4c73d4ebf493f92d5b46dd846d044f51757896b739bf2d6d3f204;50;0
721;0x39ec8c34d1f4c73d4ebf493f92d5b46dd846d044f51757896b739bf2d6d3f204;49;0
722;0x39ec8c34d1f4c73d4ebf493f92d5b46dd846d044f51757896b739bf2d6d3f204;51;0
723;0x39ec8c34d1f4c73d4ebf493f92d5b46dd846d044f51757896b739bf2d6d3f204;48;0
724;0x39ec8c34d1f4c73d4ebf493f92d5b46dd846d044f51757896b739bf2d6d3f204;48;0
725;0x39ec8c34d1f4c73d4ebf493f92d5b46dd846d044f51757896b739bf2d6d3f204;48;0
726;0x39ec8c34d1f4c73d4ebf493f92d5b46dd846d044f51757896b739bf2d6d3f204;51;0
727;0x39ec8c34d1f4c73d4ebf493f92d5b46dd846d044f51757896b739bf2d6d3f204;49;0
728;0x39ec8c34d1f4c73d4ebf493f92d5b46dd846d044f51757896b739bf2d6d3f204;49;0
729;0x39ec8c34d1f4c73d4ebf493f92d5b46dd846d044f51757896b739bf2d6d3f204;49;0
730;0x39ec8c34d1f4c73d4ebf493f92d5b46dd846d044f51757896b739bf2d6d3f204;49;0
731;0x39ec8c34d1f4c73d4ebf493f92d5b46dd846d044f51757896b739bf2d6d3f204;49;0
732;0x39ec8c34d1f4c73d4ebf493f92d5b46dd846d044f51757896b739bf2d6d3f204;51;0
733;0x39ec8c34d1f4c73d4ebf493f92d5b46dd846d044f51757896b739bf2d6d3f204;51;0
734;0x39ec8c34d1f4c73d4ebf493f92d5b46dd846d044f51757896b739bf2d6d3f204;50;0
735;0x39ec8c34d1f4c73d4ebf493f92d5b46dd846d044f51757896b739bf2d6d3f204;49;0
736;0x39ec8c34d1f4c73d4ebf493f92d5b46dd846d044f51757896b739bf2d6d3f204;50;0
737;0x39ec8c34d1f4c73d4ebf493f92d5b46dd846d044f51757896b739bf2d6d3f204;49;0
738;0x39ec8c34d1f4c73d4ebf493f92d5b46dd846d044f51757896b739bf2d6d3f204;49;0
739;0x39ec8c34d1f4c73d4ebf493f92d5b46dd846d044f51757896b739bf2d6d3f204;50;0
740;0x39ec8c34d1f4c73d4ebf493f92d5b46dd846d044f51757896b739bf2d6d3f204;50;0
741;0x39ec8c34d1f4c73d4ebf493f92d5b46dd846d044f51757896b739bf2d6d3f204;49;0
742;0x39ec8c34d1f4c73d4ebf493f92d5b46dd846d044f51757896b739bf2d6d3f204;51;0
743;0x39ec8c34d1f4c73d4ebf493f92d5b46dd846d044f51757896b739bf2d6d3f204;49;0
744;0x39ec8c34d1f4c73d4ebf493f92d5b46dd846d044f51757896b739bf2d6d3f204;49;0
745;0x39ec8c34d1f4c73d4ebf493f92d5b46dd846d044f51757896b739bf2d6d3f204;48;0
746;0x39ec8c34d1f4c73d4ebf493f92d5b46dd846d044f51757896b739bf2d6d3f204;50;0
747;0x39ec8c34d1f4c73d4ebf493f92d5b46dd846d044f51757896b739bf2d6d3f204;50;0
748;0x39ec8c34d1f4c73d4ebf493f92d5b46dd846d044f51757896b739bf2d6d3f204;51;0
749;0x39ec8c34d1f4c73d4ebf493f92d5b46dd846d044f51757896b739bf2d6d3f204;52;0
750;0x39ec8c34d1f4c73d4ebf493f92d5b46dd846d044f51757896b739bf2d6d3f204;50;0
751;0x39ec8c34d1f4c73d4ebf493f92d5b46dd846d044f51757896b739bf2d6d3f204;49;0
752;0x39ec8c34d1f4c73d4ebf493f92d5b46dd846d044f51757896b739bf2d6d3f204;51;0
753;0x39ec8c34d1f4c73d4ebf493f92d5b46dd846d044f51757896b739bf2d6d3f204;52;0
754;0x39ec8c34d1f4c73d4ebf493f92d5b46dd846d044f51757896b739bf2d6d3f204;52;0
755;0x39ec8c34d1f4c73d4ebf493f92d5b46dd846d044f51757896b739bf2d6d3f204;50;0
756;0x39ec8c34d1f4c73d4ebf493f92d5b46dd846d044f51757896b739bf2d6d3f204;49;0
757;0x39ec8c34d1f4c73d4ebf493f92d5b46dd846d044f51757896b739bf2d6d3f204;51;0
758;0x39ec8c34d1f4c73d4ebf493f92d5b46dd846d044f51757896b739bf2d6d3f204;49;0
759;0x39ec8c34d1f4c73d4ebf493f92d5b46dd846d044f51757896b739bf2d6d3f204;51;0
760;0x39ec8c34d1f4c73d4ebf493f92d5b46dd846d044f51757896b739bf2d6d3f204;49;0
761;0x39ec8c34d1f4c73d4ebf493f92d5b46dd846d044f51757896b739bf2d6d3f204;50;0
762;0x39ec8c34d1f4c73d4ebf493f92d5b46dd846d044f51757896b739bf2d6d3f204;53;0
763;0x39ec8c34d1f4c73d4ebf493f92d5b46dd846d044f51757896b739bf2d6d3f204;50;0
764;0x39ec8c34d1f4c73d4ebf493f92d5b46dd846d044f51757896b739bf2d6d3f204;50;0
765;0x39ec8c34d1f4c73d4ebf493f92d5b46dd846d044f51757896b739bf2d6d3f204;48;0
766;0x39ec8c34d1f4c73d4ebf493f92d5b46dd846d044f51757896b739bf2d6d3f204;52;0
767;0x39ec8c34d1f4c73d4ebf493f92d5b46dd846d044f51757896b739bf2d6d3f204;49;0
768;0x39ec8c34d1f4c73d4ebf493f92d5b46dd846d044f51757896b739bf2d6d3f204;50;0
769;0x39ec8c34d1f4c73d4ebf493f92d5b46dd846d044f51757896b739bf2d6d3f204;49;0
770;0x39ec8c34d1f4c73d4ebf493f92d5b46dd846d044f51757896b739bf2d6d3f204;50;0
771;0x39ec8c34d1f4c73d4ebf493f92d5b46dd846d044f51757896b739bf2d6d3f204;51;0
772;0x39ec8c34d1f4c73d4ebf493f92d5b46dd846d044f51757896b739bf2d6d3f204;50;0
773;0x39ec8c34d1f4c73d4ebf493f92d5b46dd846d044f51757896b739bf2d6d3f204;49;0
774;0x39ec8c34d1f4c73d4ebf493f92d5b46dd846d044f51757896b739bf2d6d3f204;50;0
775;0x39ec8c34d1f4c73d4ebf493f92d5b46dd846d044f51757896b739bf2d6d3f204;48;0
776;0x39ec8c34d1f4c73d4ebf493f92d5b46dd846d044f51757896b739bf2d6d3f204;49;0
777;0x39ec8c34d1f4c73d4ebf493f92d5b46dd846d044f51757896b739bf2d6d3f204;51;0
778;0x39ec8c34d1f4c73d4ebf493f92d5b46dd846d044f51757896b739bf2d6d3f204;49;0
779;0x39ec8c34d1f4c73d4ebf493f92d5b46dd846d044f51757896b739bf2d6d3f204;48;0
780;0x39ec8c34d1f4c73d4ebf493f92d5b46dd846d044f51757896b739bf2d6d3f204;50;0
781;0x39ec8c34d1f4c73d4ebf493f92d5b46dd846d044f51757896b739bf2d6d3f204;50;0
782;0x39ec8c34d1f4c73d4ebf493f92d5b46dd846d044f51757896b739bf2d6d3f204;48;0
783;0x39ec8c34d1f4c73d4ebf493f92d5b46dd846d044f51757896b739bf2d6d3f204;51;0
784;0x39ec8c34d1f4c73d4ebf493f92d5b46dd846d044f51757896b739bf2d6d3f204;51;0
785;0x39ec8c34d1f4c73d4ebf493f92d5b46dd846d044f51757896b739bf2d6d3f204;52;0
786;0x39ec8c34d1f4c73d4ebf493f92d5b46dd846d044f51757896b739bf2d6d3f204;53;0
787;0x39ec8c34d1f4c73d4ebf493f92d5b46dd846d044f51757896b739bf2d6d3f204;49;0
788;0x39ec8c34d1f4c73d4ebf493f92d5b46dd846d044f51757896b739bf2d6d3f204;49;0
789;0x39ec8c34d1f4c73d4ebf493f92d5b46dd846d044f51757896b739bf2d6d3f204;49;0
790;0x39ec8c34d1f4c73d4ebf493f92d5b46dd846d044f51757896b739bf2d6d3f204;49;0
791;0x39ec8c34d1f4c73d4ebf493f92d5b46dd846d044f51757896b739bf2d6d3f204;50;0
792;0x39ec8c34d1f4c73d4ebf493f92d5b46dd846d044f51757896b739bf2d6d3f204;49;0
793;0x39ec8c34d1f4c73d4ebf493f92d5b46dd846d044f51757896b739bf2d6d3f204;50;0
794;0x39ec8c34d1f4c73d4ebf493f92d5b46dd846d044f51757896b739bf2d6d3f204;50;0
795;0x39ec8c34d1f4c73d4ebf493f92d5b46dd846d044f51757896b739bf2d6d3f204;51;0
796;0x39ec8c34d1f4c73d4ebf493f92d5b46dd846d044f51757896b739bf2d6d3f204;49;0
797;0x39ec8c34d1f4c73d4ebf493f92d5b46dd846d044f51757896b739bf2d6d3f204;51;0
798;0x39ec8c34d1f4c73d4ebf493f92d5b46dd846d044f51757896b739bf2d6d3f204;48;0
799;0x39ec8c34d1f4c73d4ebf493f92d5b46dd846d044f51757896b739bf2d6d3f204;49;0
800;0x39ec8c34d1f4c73d4ebf493f92d5b46dd846d044f51757896b739bf2d6d3f204;48;0
801;0x39ec8c34d1f4c73d4ebf493f92d5b46dd846d044f51757896b739bf2d6d3f204;49;0
802;0x39ec8c34d1f4c73d4ebf493f92d5b46dd846d044f51757896b739bf2d6d3f204;50;0
803;0x39ec8c34d1f4c73d4ebf493f92d5b46dd846d044f51757896b739bf2d6d3f204;51;0
804;0x39ec8c34d1f4c73d4ebf493f92d5b46dd846d044f51757896b739bf2d6d3f204;49;0
805;0x39ec8c34d1f4c73d4ebf493f92d5b46dd846d044f51757896b739bf2d6d3f204;50;0
806;0x39ec8c34d1f4c73d4ebf493f92d5b46dd846d044f51757896b739bf2d6d3f204;49;0
807;0x39ec8c34d1f4c73d4ebf493f92d5b46dd846d044f51757896b739bf2d6d3f204;49;0
808;0x39ec8c34d1f4c73d4ebf493f92d5b46dd846d044f51757896b739bf2d6d3f204;49;0
809;0x39ec8c34d1f4c73d4ebf493f92d5b46dd846d044f51757896b739bf2d6d3f204;51;0
810;0x39ec8c34d1f4c73d4ebf493f92d5b46dd846d044f51757896b739bf2d6d3f204;49;0
811;0x39ec8c34d1f4c73d4ebf493f92d5b46dd846d044f51757896b739bf2d6d3f204;49;0
812;0x39ec8c34d1f4c73d4ebf493f92d5b46dd846d044f51757896b739bf2d6d3f204;54;0
813;0x39ec8c34d1f4c73d4ebf493f92d5b46dd846d044f51757896b739bf2d6d3f204;52;0
814;0x39ec8c34d1f4c73d4ebf493f92d5b46dd846d044f51757896b739bf2d6d3f204;51;0
815;0x39ec8c34d1f4c73d4ebf493f92d5b46dd846d044f51757896b739bf2d6d3f204;47;0
816;0x39ec8c34d1f4c73d4ebf493f92d5b46dd846d044f51757896b739bf2d6d3f204;49;0
817;0x39ec8c34d1f4c73d4ebf493f92d5b46dd846d044f51757896b739bf2d6d3f204;50;0
818;0x39ec8c34d1f4c73d4ebf493f92d5b46dd846d044f51757896b739bf2d6d3f204;54;0
819;0x39ec8c34d1f4c73d4ebf493f92d5b46dd846d044f51757896b739bf2d6d3f204;52;0
820;0x39ec8c34d1f4c73d4ebf493f92d5b46dd846d044f51757896b739bf2d6d3f204;49;0
821;0x39ec8c34d1f4c73d4ebf493f92d5b46dd846d044f51757896b739bf2d6d3f204;49;0
822;0x39ec8c34d1f4c73d4ebf493f92d5b46dd846d044f51757896b739bf2d6d3f204;51;0
823;0x39ec8c34d1f4c73d4ebf493f92d5b46dd846d044f51757896b739bf2d6d3f204;51;0
824;0x39ec8c34d1f4c73d4ebf493f92d5b46dd846d044f51757896b739bf2d6d3f204;57;0
825;0x39ec8c34d1f4c73d4ebf493f92d5b46dd846d044f51757896b739bf2d6d3f204;50;0
826;0x39ec8c34d1f4c73d4ebf493f92d5b46dd846d044f51757896b739bf2d6d3f204;49;0
827;0x39ec8c34d1f4c73d4ebf493f92d5b46dd846d044f51757896b739bf2d6d3f204;50;0
828;0x39ec8c34d1f4c73d4ebf493f92d5b46dd846d044f51757896b739bf2d6d3f204;50;0
829;0x39ec8c34d1f4c73d4ebf493f92d5b46dd846d044f51757896b739bf2d6d3f204;48;0
830;0x39ec8c34d1f4c73d4ebf493f92d5b46dd846d044f51757896b739bf2d6d3f204;50;0
831;0x39ec8c34d1f4c73d4ebf493f92d5b46dd846d044f51757896b739bf2d6d3f204;49;0
832;0x39ec8c34d1f4c73d4ebf493f92d5b46dd846d044f51757896b739bf2d6d3f204;49;0
833;0x39ec8c34d1f4c73d4ebf493f92d5b46dd846d044f51757896b739bf2d6d3f204;50;0
834;0x39ec8c34d1f4c73d4ebf493f92d5b46dd846d044f51757896b739bf2d6d3f204;51;0
835;0x39ec8c34d1f4c73d4ebf493f92d5b46dd846d044f51757896b739bf2d6d3f204;50;0
836;0x39ec8c34d1f4c73d4ebf493f92d5b46dd846d044f51757896b739bf2d6d3f204;51;0
837;0x39ec8c34d1f4c73d4ebf493f92d5b46dd846d044f51757896b739bf2d6d3f204;49;0
838;0x39ec8c34d1f4c73d4ebf493f92d5b46dd846d044f51757896b739bf2d6d3f204;49;0
839;0x39ec8c34d1f4c73d4ebf493f92d5b46dd846d044f51757896b739bf2d6d3f204;50;0
840;0x39ec8c34d1f4c73d4ebf493f92d5b46dd846d044f51757896b739bf2d6d3f204;48;0
841;0x39ec8c34d1f4c73d4ebf493f92d5b46dd846d044f51757896b739bf2d6d3f204;49;0
842;0x39ec8c34d1f4c73d4ebf493f92d5b46dd846d044f51757896b739bf2d6d3f204;50;0
843;0x39ec8c34d1f4c73d4ebf493f92d5b46dd846d044f51757896b739bf2d6d3f204;48;0
844;0x39ec8c34d1f4c73d4ebf493f92d5b46dd846d044f51757896b739bf2d6d3f204;49;0
845;0x39ec8c34d1f4c73d4ebf493f92d5b46dd846d044f51757896b739bf2d6d3f204;49;0
846;0x39ec8c34d1f4c73d4ebf493f92d5b46dd846d044f51757896b739bf2d6d3f204;50;0
847;0x39ec8c34d1f4c73d4ebf493f92d5b46dd846d044f51757896b739bf2d6d3f204;50;0
848;0x39ec8c34d1f4c73d4ebf493f92d5b46dd846d044f51757896b739bf2d6d3f204;50;0
849;0x39ec8c34d1f4c73d4ebf493f92d5b46dd846d044f51757896b739bf2d6d3f204;49;0
850;0x39ec8c34d1f4c73d4ebf493f92d5b46dd846d044f51757896b739bf2d6d3f204;51;0
851;0x39ec8c34d1f4c73d4ebf493f92d5b46dd846d044f51757896b739bf2d6d3f204;51;0
852;0x39ec8c34d1f4c73d4ebf493f92d5b46dd846d044f51757896b739bf2d6d3f204;49;0
853;0x39ec8c34d1f4c73d4ebf493f92d5b46dd846d044f51757896b739bf2d6d3f204;51;0
854;0x39ec8c34d1f4c73d4ebf493f92d5b46dd846d044f51757896b739bf2d6d3f204;52;0
855;0x39ec8c34d1f4c73d4ebf493f92d5b46dd846d044f51757896b739bf2d6d3f204;51;0
856;0x39ec8c34d1f4c73d4ebf493f92d5b46dd846d044f51757896b739bf2d6d3f204;50;0
857;0x39ec8c34d1f4c73d4ebf493f92d5b46dd846d044f51757896b739bf2d6d3f204;50;0
858;0x39ec8c34d1f4c73d4ebf493f92d5b46dd846d044f51757896b739bf2d6d3f204;49;0
859;0x39ec8c34d1f4c73d4ebf493f92d5b46dd846d044f51757896b739bf2d6d3f204;51;0
860;0x39ec8c34d1f4c73d4ebf493f92d5b46dd846d044f51757896b739bf2d6d3f204;50;0
861;0x39ec8c34d1f4c73d4ebf493f92d5b46dd846d044f51757896b739bf2d6d3f204;49;0
862;0x39ec8c34d1f4c73d4ebf493f92d5b46dd846d044f51757896b739bf2d6d3f204;51;0
863;0x39ec8c34d1f4c73d4ebf493f92d5b46dd846d044f51757896b739bf2d6d3f204;49;0
864;0x39ec8c34d1f4c73d4ebf493f92d5b46dd846d044f51757896b739bf2d6d3f204;50;0
865;0x39ec8c34d1f4c73d4ebf493f92d5b46dd846d044f51757896b739bf2d6d3f204;48;0
866;0x39ec8c34d1f4c73d4ebf493f92d5b46dd846d044f51757896b739bf2d6d3f204;50;0
867;0x39ec8c34d1f4c73d4ebf493f92d5b46dd846d044f51757896b739bf2d6d3f204;50;0
868;0x39ec8c34d1f4c73d4ebf493f92d5b46dd846d044f51757896b739bf2d6d3f204;52;0
869;0x39ec8c34d1f4c73d4ebf493f92d5b46dd846d044f51757896b739bf2d6d3f204;50;0
870;0x39ec8c34d1f4c73d4ebf493f92d5b46dd846d044f51757896b739bf2d6d3f204;57;0
871;0x39ec8c34d1f4c73d4ebf493f92d5b46dd846d044f51757896b739bf2d6d3f204;50;0
872;0x39ec8c34d1f4c73d4ebf493f92d5b46dd846d044f51757896b739bf2d6d3f204;49;0
873;0x39ec8c34d1f4c73d4ebf493f92d5b46dd846d044f51757896b739bf2d6d3f204;51;0
874;0x39ec8c34d1f4c73d4ebf493f92d5b46dd846d044f51757896b739bf2d6d3f204;52;0
875;0x39ec8c34d1f4c73d4ebf493f92d5b46dd846d044f51757896b739bf2d6d3f204;50;0
876;0x39ec8c34d1f4c73d4ebf493f92d5b46dd846d044f51757896b739bf2d6d3f204;51;0
877;0x39ec8c34d1f4c73d4ebf493f92d5b46dd846d044f51757896b739bf2d6d3f204;51;0
878;0x39ec8c34d1f4c73d4ebf493f92d5b46dd846d044f51757896b739bf2d6d3f204;48;0
879;0x39ec8c34d1f4c73d4ebf493f92d5b46dd846d044f51757896b739bf2d6d3f204;49;0
880;0x39ec8c34d1f4c73d4ebf493f92d5b46dd846d044f51757896b739bf2d6d3f204;50;0
881;0x39ec8c34d1f4c73d4ebf493f92d5b46dd846d044f51757896b739bf2d6d3f204;50;0
882;0x39ec8c34d1f4c73d4ebf493f92d5b46dd846d044f51757896b739bf2d6d3f204;50;0
883;0x39ec8c34d1f4c73d4ebf493f92d5b46dd846d044f51757896b739bf2d6d3f204;48;0
884;0x39ec8c34d1f4c73d4ebf493f92d5b46dd846d044f51757896b739bf2d6d3f204;52;0
885;0x39ec8c34d1f4c73d4ebf493f92d5b46dd846d044f51757896b739bf2d6d3f204;51;0
886;0x39ec8c34d1f4c73d4ebf493f92d5b46dd846d044f51757896b739bf2d6d3f204;52;0
887;0x39ec8c34d1f4c73d4ebf493f92d5b46dd846d044f51757896b739bf2d6d3f204;52;0
888;0x39ec8c34d1f4c73d4ebf493f92d5b46dd846d044f51757896b739bf2d6d3f204;61;0
889;0x39ec8c34d1f4c73d4ebf493f92d5b46dd846d044f51757896b739bf2d6d3f204;50;0
890;0x39ec8c34d1f4c73d4ebf493f92d5b46dd846d044f51757896b739bf2d6d3f204;50;0
891;0x39ec8c34d1f4c73d4ebf493f92d5b46dd846d044f51757896b739bf2d6d3f204;49;0
892;0x39ec8c34d1f4c73d4ebf493f92d5b46dd846d044f51757896b739bf2d6d3f204;50;0
893;0x39ec8c34d1f4c73d4ebf493f92d5b46dd846d044f51757896b739bf2d6d3f204;50;0
894;0x39ec8c34d1f4c73d4ebf493f92d5b46dd846d044f51757896b739bf2d6d3f204;49;0
895;0x39ec8c34d1f4c73d4ebf493f92d5b46dd846d044f51757896b739bf2d6d3f204;48;0
896;0x39ec8c34d1f4c73d4ebf493f92d5b46dd846d044f51757896b739bf2d6d3f204;48;0
897;0x39ec8c34d1f4c73d4ebf493f92d5b46dd846d044f51757896b739bf2d6d3f204;50;0
898;0x39ec8c34d1f4c73d4ebf493f92d5b46dd846d044f51757896b739bf2d6d3f204;50;0
899;0x39ec8c34d1f4c73d4ebf493f92d5b46dd846d044f51757896b739bf2d6d3f204;51;0
900;0x39ec8c34d1f4c73d4ebf493f92d5b46dd846d044f51757896b739bf2d6d3f204;48;0
901;0x39ec8c34d1f4c73d4ebf493f92d5b46dd846d044f51757896b739bf2d6d3f204;52;0
902;0x39ec8c34d1f4c73d4ebf493f92d5b46dd846d044f51757896b739bf2d6d3f204;51;0
903;0x39ec8c34d1f4c73d4ebf493f92d5b46dd846d044f51757896b739bf2d6d3f204;50;0
904;0x39ec8c34d1f4c73d4ebf493f92d5b46dd846d044f51757896b739bf2d6d3f204;49;0
905;0x39ec8c34d1f4c73d4ebf493f92d5b46dd846d044f51757896b739bf2d6d3f204;49;0
906;0x39ec8c34d1f4c73d4ebf493f92d5b46dd846d044f51757896b739bf2d6d3f204;50;0
907;0x39ec8c34d1f4c73d4ebf493f92d5b46dd846d044f51757896b739bf2d6d3f204;49;0
908;0x39ec8c34d1f4c73d4ebf493f92d5b46dd846d044f51757896b739bf2d6d3f204;51;0
909;0x39ec8c34d1f4c73d4ebf493f92d5b46dd846d044f51757896b739bf2d6d3f204;49;0
910;0x39ec8c34d1f4c73d4ebf493f92d5b46dd846d044f51757896b739bf2d6d3f204;51;0
911;0x39ec8c34d1f4c73d4ebf493f92d5b46dd846d044f51757896b739bf2d6d3f204;48;0
912;0x39ec8c34d1f4c73d4ebf493f92d5b46dd846d044f51757896b739bf2d6d3f204;49;0
913;0x39ec8c34d1f4c73d4ebf493f92d5b46dd846d044f51757896b739bf2d6d3f204;49;0
914;0x39ec8c34d1f4c73d4ebf493f92d5b46dd846d044f51757896b739bf2d6d3f204;50;0
915;0x39ec8c34d1f4c73d4ebf493f92d5b46dd846d044f51757896b739bf2d6d3f204;56;0
916;0x39ec8c34d1f4c73d4ebf493f92d5b46dd846d044f51757896b739bf2d6d3f204;47;0
917;0x39ec8c34d1f4c73d4ebf493f92d5b46dd846d044f51757896b739bf2d6d3f204;51;0
918;0x39ec8c34d1f4c73d4ebf493f92d5b46dd846d044f51757896b739bf2d6d3f204;49;0
919;0x39ec8c34d1f4c73d4ebf493f92d5b46dd846d044f51757896b739bf2d6d3f204;49;0
920;0x39ec8c34d1f4c73d4ebf493f92d5b46dd846d044f51757896b739bf2d6d3f204;52;0
921;0x39ec8c34d1f4c73d4ebf493f92d5b46dd846d044f51757896b739bf2d6d3f204;53;0
922;0x39ec8c34d1f4c73d4ebf493f92d5b46dd846d044f51757896b739bf2d6d3f204;50;0
923;0x39ec8c34d1f4c73d4ebf493f92d5b46dd846d044f51757896b739bf2d6d3f204;51;0
924;0x39ec8c34d1f4c73d4ebf493f92d5b46dd846d044f51757896b739bf2d6d3f204;50;0
925;0x39ec8c34d1f4c73d4ebf493f92d5b46dd846d044f51757896b739bf2d6d3f204;49;0
926;0x39ec8c34d1f4c73d4ebf493f92d5b46dd846d044f51757896b739bf2d6d3f204;50;0
927;0x39ec8c34d1f4c73d4ebf493f92d5b46dd846d044f51757896b739bf2d6d3f204;50;0
928;0x39ec8c34d1f4c73d4ebf493f92d5b46dd846d044f51757896b739bf2d6d3f204;50;0
929;0x39ec8c34d1f4c73d4ebf493f92d5b46dd846d044f51757896b739bf2d6d3f204;50;0
930;0x39ec8c34d1f4c73d4ebf493f92d5b46dd846d044f51757896b739bf2d6d3f204;50;0
931;0x39ec8c34d1f4c73d4ebf493f92d5b46dd846d044f51757896b739bf2d6d3f204;49;0
932;0x39ec8c34d1f4c73d4ebf493f92d5b46dd846d044f51757896b739bf2d6d3f204;49;0
933;0x39ec8c34d1f4c73d4ebf493f92d5b46dd846d044f51757896b739bf2d6d3f204;54;0
934;0x39ec8c34d1f4c73d4ebf493f92d5b46dd846d044f51757896b739bf2d6d3f204;49;0
935;0x39ec8c34d1f4c73d4ebf493f92d5b46dd846d044f51757896b739bf2d6d3f204;49;0
936;0x39ec8c34d1f4c73d4ebf493f92d5b46dd846d044f51757896b739bf2d6d3f204;49;0
937;0x39ec8c34d1f4c73d4ebf493f92d5b46dd846d044f51757896b739bf2d6d3f204;49;0
938;0x39ec8c34d1f4c73d4ebf493f92d5b46dd846d044f51757896b739bf2d6d3f204;49;0
939;0x39ec8c34d1f4c73d4ebf493f92d5b46dd846d044f51757896b739bf2d6d3f204;49;0
940;0x39ec8c34d1f4c73d4ebf493f92d5b46dd846d044f51757896b739bf2d6d3f204;50;0
941;0x39ec8c34d1f4c73d4ebf493f92d5b46dd846d044f51757896b739bf2d6d3f204;49;0
942;0x39ec8c34d1f4c73d4ebf493f92d5b46dd846d044f51757896b739bf2d6d3f204;50;0
943;0x39ec8c34d1f4c73d4ebf493f92d5b46dd846d044f51757896b739bf2d6d3f204;50;0
944;0x39ec8c34d1f4c73d4ebf493f92d5b46dd846d044f51757896b739bf2d6d3f204;51;0
945;0x39ec8c34d1f4c73d4ebf493f92d5b46dd846d044f51757896b739bf2d6d3f204;51;0
946;0x39ec8c34d1f4c73d4ebf493f92d5b46dd846d044f51757896b739bf2d6d3f204;48;0
947;0x39ec8c34d1f4c73d4ebf493f92d5b46dd846d044f51757896b739bf2d6d3f204;51;0
948;0x39ec8c34d1f4c73d4ebf493f92d5b46dd846d044f51757896b739bf2d6d3f204;51;0
949;0x39ec8c34d1f4c73d4ebf493f92d5b46dd846d044f51757896b739bf2d6d3f204;49;0
950;0x39ec8c34d1f4c73d4ebf493f92d5b46dd846d044f51757896b739bf2d6d3f204;49;0
951;0x39ec8c34d1f4c73d4ebf493f92d5b46dd846d044f51757896b739bf2d6d3f204;49;0
952;0x39ec8c34d1f4c73d4ebf493f92d5b46dd846d044f51757896b739bf2d6d3f204;51;0
953;0x39ec8c34d1f4c73d4ebf493f92d5b46dd846d044f51757896b739bf2d6d3f204;50;0
954;0x39ec8c34d1f4c73d4ebf493f92d5b46dd846d044f51757896b739bf2d6d3f204;52;0
955;0x39ec8c34d1f4c73d4ebf493f92d5b46dd846d044f51757896b739bf2d6d3f204;49;0
956;0x39ec8c34d1f4c73d4ebf493f92d5b46dd846d044f51757896b739bf2d6d3f204;49;0
957;0x39ec8c34d1f4c73d4ebf493f92d5b46dd846d044f51757896b739bf2d6d3f204;49;0
958;0x39ec8c34d1f4c73d4ebf493f92d5b46dd846d044f51757896b739bf2d6d3f204;49;0
959;0x39ec8c34d1f4c73d4ebf493f92d5b46dd846d044f51757896b739bf2d6d3f204;48;0
960;0x39ec8c34d1f4c73d4ebf493f92d5b46dd846d044f51757896b739bf2d6d3f204;50;0
961;0x39ec8c34d1f4c73d4ebf493f92d5b46dd846d044f51757896b739bf2d6d3f204;49;0
962;0x39ec8c34d1f4c73d4ebf493f92d5b46dd846d044f51757896b739bf2d6d3f204;51;0
963;0x39ec8c34d1f4c73d4ebf493f92d5b46dd846d044f51757896b739bf2d6d3f204;50;0
964;0x39ec8c34d1f4c73d4ebf493f92d5b46dd846d044f51757896b739bf2d6d3f204;50;0
965;0x39ec8c34d1f4c73d4ebf493f92d5b46dd846d044f51757896b739bf2d6d3f204;51;0
966;0x39ec8c34d1f4c73d4ebf493f92d5b46dd846d044f51757896b739bf2d6d3f204;51;0
967;0x39ec8c34d1f4c73d4ebf493f92d5b46dd846d044f51757896b739bf2d6d3f204;48;0
968;0x39ec8c34d1f4c73d4ebf493f92d5b46dd846d044f51757896b739bf2d6d3f204;56;0
969;0x39ec8c34d1f4c73d4ebf493f92d5b46dd846d044f51757896b739bf2d6d3f204;51;0
970;0x39ec8c34d1f4c73d4ebf493f92d5b46dd846d044f51757896b739bf2d6d3f204;50;0
971;0x39ec8c34d1f4c73d4ebf493f92d5b46dd846d044f51757896b739bf2d6d3f204;51;0
972;0x39ec8c34d1f4c73d4ebf493f92d5b46dd846d044f51757896b739bf2d6d3f204;50;0
973;0x39ec8c34d1f4c73d4ebf493f92d5b46dd846d044f51757896b739bf2d6d3f204;50;0
974;0x39ec8c34d1f4c73d4ebf493f92d5b46dd846d044f51757896b739bf2d6d3f204;50;0
975;0x39ec8c34d1f4c73d4ebf493f92d5b46dd846d044f51757896b739bf2d6d3f204;48;0
976;0x39ec8c34d1f4c73d4ebf493f92d5b46dd846d044f51757896b739bf2d6d3f204;48;0
977;0x39ec8c34d1f4c73d4ebf493f92d5b46dd846d044f51757896b739bf2d6d3f204;50;0
978;0x39ec8c34d1f4c73d4ebf493f92d5b46dd846d044f51757896b739bf2d6d3f204;49;0
979;0x39ec8c34d1f4c73d4ebf493f92d5b46dd846d044f51757896b739bf2d6d3f204;52;0
980;0x39ec8c34d1f4c73d4ebf493f92d5b46dd846d044f51757896b739bf2d6d3f204;49;0
981;0x39ec8c34d1f4c73d4ebf493f92d5b46dd846d044f51757896b739bf2d6d3f204;51;0
982;0x39ec8c34d1f4c73d4ebf493f92d5b46dd846d044f51757896b739bf2d6d3f204;51;0
983;0x39ec8c34d1f4c73d4ebf493f92d5b46dd846d044f51757896b739bf2d6d3f204;50;0
984;0x39ec8c34d1f4c73d4ebf493f92d5b46dd846d044f51757896b739bf2d6d3f204;50;0
985;0x39ec8c34d1f4c73d4ebf493f92d5b46dd846d044f51757896b739bf2d6d3f204;59;0
986;0x39ec8c34d1f4c73d4ebf493f92d5b46dd846d044f51757896b739bf2d6d3f204;48;0
987;0x39ec8c34d1f4c73d4ebf493f92d5b46dd846d044f51757896b739bf2d6d3f204;52;0
988;0x39ec8c34d1f4c73d4ebf493f92d5b46dd846d044f51757896b739bf2d6d3f204;54;0
989;0x39ec8c34d1f4c73d4ebf493f92d5b46dd846d044f51757896b739bf2d6d3f204;49;0
990;0x39ec8c34d1f4c73d4ebf493f92d5b46dd846d044f51757896b739bf2d6d3f204;50;0
991;0x39ec8c34d1f4c73d4ebf493f92d5b46dd846d044f51757896b739bf2d6d3f204;49;0
992;0x39ec8c34d1f4c73d4ebf493f92d5b46dd846d044f51757896b739bf2d6d3f204;49;0
993;0x39ec8c34d1f4c73d4ebf493f92d5b46dd846d044f51757896b739bf2d6d3f204;56;0
994;0x39ec8c34d1f4c73d4ebf493f92d5b46dd846d044f51757896b739bf2d6d3f204;51;0
995;0x39ec8c34d1f4c73d4ebf493f92d5b46dd846d044f51757896b739bf2d6d3f204;48;0
996;0x39ec8c34d1f4c73d4ebf493f92d5b46dd846d044f51757896b739bf2d6d3f204;48;0
997;0x39ec8c34d1f4c73d4ebf493f92d5b46dd846d044f51757896b739bf2d6d3f204;49;0
998;0x39ec8c34d1f4c73d4ebf493f92d5b46dd846d044f51757896b739bf2d6d3f204;51;0
999;0x39ec8c34d1f4c73d4ebf493f92d5b46dd846d044f51757896b739bf2d6d3f204;47;0
