ID;Event;Duration;Pattern Duration
0;0xa67d828453163879637ade5a7d51abb746669dbc34d7e2149e8fec3bf71fff54;20;0
1;0x882df69720ac5a9356b84d2aaa32d0c105b24cab60e885ba3d69b77090ff05c6;24;0
2;0xa67d828453163879637ade5a7d51abb746669dbc34d7e2149e8fec3bf71fff54;21;0
3;0xa67d828453163879637ade5a7d51abb746669dbc34d7e2149e8fec3bf71fff54;23;0
4;0x882df69720ac5a9356b84d2aaa32d0c105b24cab60e885ba3d69b77090ff05c6;25;0
5;0xa67d828453163879637ade5a7d51abb746669dbc34d7e2149e8fec3bf71fff54;23;0
6;0xa67d828453163879637ade5a7d51abb746669dbc34d7e2149e8fec3bf71fff54;22;0
7;0x882df69720ac5a9356b84d2aaa32d0c105b24cab60e885ba3d69b77090ff05c6;19;0
8;0xa67d828453163879637ade5a7d51abb746669dbc34d7e2149e8fec3bf71fff54;20;0
9;0xa67d828453163879637ade5a7d51abb746669dbc34d7e2149e8fec3bf71fff54;22;0
10;0x882df69720ac5a9356b84d2aaa32d0c105b24cab60e885ba3d69b77090ff05c6;21;0
11;0xa67d828453163879637ade5a7d51abb746669dbc34d7e2149e8fec3bf71fff54;24;0
12;0xa67d828453163879637ade5a7d51abb746669dbc34d7e2149e8fec3bf71fff54;20;0
13;0x882df69720ac5a9356b84d2aaa32d0c105b24cab60e885ba3d69b77090ff05c6;22;0
14;0xa67d828453163879637ade5a7d51abb746669dbc34d7e2149e8fec3bf71fff54;22;0
15;0xa67d828453163879637ade5a7d51abb746669dbc34d7e2149e8fec3bf71fff54;23;0
16;0x882df69720ac5a9356b84d2aaa32d0c105b24cab60e885ba3d69b77090ff05c6;21;0
17;0xa67d828453163879637ade5a7d51abb746669dbc34d7e2149e8fec3bf71fff54;23;0
18;0xa67d828453163879637ade5a7d51abb746669dbc34d7e2149e8fec3bf71fff54;21;0
19;0x882df69720ac5a9356b84d2aaa32d0c105b24cab60e885ba3d69b77090ff05c6;20;0
20;0xa67d828453163879637ade5a7d51abb746669dbc34d7e2149e8fec3bf71fff54;22;0
21;0xa67d828453163879637ade5a7d51abb746669dbc34d7e2149e8fec3bf71fff54;20;0
22;0x882df69720ac5a9356b84d2aaa32d0c105b24cab60e885ba3d69b77090ff05c6;21;0
23;0xa67d828453163879637ade5a7d51abb746669dbc34d7e2149e8fec3bf71fff54;22;0
24;0xa67d828453163879637ade5a7d51abb746669dbc34d7e2149e8fec3bf71fff54;22;0
25;0x882df69720ac5a9356b84d2aaa32d0c105b24cab60e885ba3d69b77090ff05c6;23;0
26;0xa67d828453163879637ade5a7d51abb746669dbc34d7e2149e8fec3bf71fff54;24;0
27;0xa67d828453163879637ade5a7d51abb746669dbc34d7e2149e8fec3bf71fff54;21;0
28;0x882df69720ac5a9356b84d2aaa32d0c105b24cab60e885ba3d69b77090ff05c6;22;0
29;0xa67d828453163879637ade5a7d51abb746669dbc34d7e2149e8fec3bf71fff54;21;0
30;0xa67d828453163879637ade5a7d51abb746669dbc34d7e2149e8fec3bf71fff54;21;0
31;0x882df69720ac5a9356b84d2aaa32d0c105b24cab60e885ba3d69b77090ff05c6;22;0
32;0xa67d828453163879637ade5a7d51abb746669dbc34d7e2149e8fec3bf71fff54;22;0
33;0xa67d828453163879637ade5a7d51abb746669dbc34d7e2149e8fec3bf71fff54;19;0
34;0x882df69720ac5a9356b84d2aaa32d0c105b24cab60e885ba3d69b77090ff05c6;22;0
35;0xa67d828453163879637ade5a7d51abb746669dbc34d7e2149e8fec3bf71fff54;21;0
36;0xa67d828453163879637ade5a7d51abb746669dbc34d7e2149e8fec3bf71fff54;20;0
37;0x882df69720ac5a9356b84d2aaa32d0c105b24cab60e885ba3d69b77090ff05c6;24;0
38;0xa67d828453163879637ade5a7d51abb746669dbc34d7e2149e8fec3bf71fff54;19;0
39;0xa67d828453163879637ade5a7d51abb746669dbc34d7e2149e8fec3bf71fff54;20;0
40;0x882df69720ac5a9356b84d2aaa32d0c105b24cab60e885ba3d69b77090ff05c6;21;0
41;0xa67d828453163879637ade5a7d51abb746669dbc34d7e2149e8fec3bf71fff54;21;0
42;0xa67d828453163879637ade5a7d51abb746669dbc34d7e2149e8fec3bf71fff54;21;0
43;0x882df69720ac5a9356b84d2aaa32d0c105b24cab60e885ba3d69b77090ff05c6;22;0
44;0xa67d828453163879637ade5a7d51abb746669dbc34d7e2149e8fec3bf71fff54;20;0
45;0xa67d828453163879637ade5a7d51abb746669dbc34d7e2149e8fec3bf71fff54;22;0
46;0x882df69720ac5a9356b84d2aaa32d0c105b24cab60e885ba3d69b77090ff05c6;21;0
47;0xa67d828453163879637ade5a7d51abb746669dbc34d7e2149e8fec3bf71fff54;23;0
48;0xa67d828453163879637ade5a7d51abb746669dbc34d7e2149e8fec3bf71fff54;22;0
49;0x882df69720ac5a9356b84d2aaa32d0c105b24cab60e885ba3d69b77090ff05c6;20;0
50;0xa67d828453163879637ade5a7d51abb746669dbc34d7e2149e8fec3bf71fff54;21;0
51;0xa67d828453163879637ade5a7d51abb746669dbc34d7e2149e8fec3bf71fff54;21;0
52;0x882df69720ac5a9356b84d2aaa32d0c105b24cab60e885ba3d69b77090ff05c6;25;0
53;0xa67d828453163879637ade5a7d51abb746669dbc34d7e2149e8fec3bf71fff54;20;0
54;0xa67d828453163879637ade5a7d51abb746669dbc34d7e2149e8fec3bf71fff54;25;0
55;0x882df69720ac5a9356b84d2aaa32d0c105b24cab60e885ba3d69b77090ff05c6;23;0
56;0xa67d828453163879637ade5a7d51abb746669dbc34d7e2149e8fec3bf71fff54;22;0
57;0xa67d828453163879637ade5a7d51abb746669dbc34d7e2149e8fec3bf71fff54;23;0
58;0x882df69720ac5a9356b84d2aaa32d0c105b24cab60e885ba3d69b77090ff05c6;23;0
59;0xa67d828453163879637ade5a7d51abb746669dbc34d7e2149e8fec3bf71fff54;18;0
60;0xa67d828453163879637ade5a7d51abb746669dbc34d7e2149e8fec3bf71fff54;21;0
61;0x882df69720ac5a9356b84d2aaa32d0c105b24cab60e885ba3d69b77090ff05c6;20;0
62;0xa67d828453163879637ade5a7d51abb746669dbc34d7e2149e8fec3bf71fff54;22;0
63;0xa67d828453163879637ade5a7d51abb746669dbc34d7e2149e8fec3bf71fff54;22;0
64;0x882df69720ac5a9356b84d2aaa32d0c105b24cab60e885ba3d69b77090ff05c6;21;0
65;0xa67d828453163879637ade5a7d51abb746669dbc34d7e2149e8fec3bf71fff54;22;0
66;0xa67d828453163879637ade5a7d51abb746669dbc34d7e2149e8fec3bf71fff54;21;0
67;0x882df69720ac5a9356b84d2aaa32d0c105b24cab60e885ba3d69b77090ff05c6;21;0
68;0xa67d828453163879637ade5a7d51abb746669dbc34d7e2149e8fec3bf71fff54;24;0
69;0xa67d828453163879637ade5a7d51abb746669dbc34d7e2149e8fec3bf71fff54;24;0
70;0x882df69720ac5a9356b84d2aaa32d0c105b24cab60e885ba3d69b77090ff05c6;22;0
71;0xa67d828453163879637ade5a7d51abb746669dbc34d7e2149e8fec3bf71fff54;21;0
72;0xa67d828453163879637ade5a7d51abb746669dbc34d7e2149e8fec3bf71fff54;20;0
73;0x882df69720ac5a9356b84d2aaa32d0c105b24cab60e885ba3d69b77090ff05c6;20;0
74;0xa67d828453163879637ade5a7d51abb746669dbc34d7e2149e8fec3bf71fff54;24;0
75;0xa67d828453163879637ade5a7d51abb746669dbc34d7e2149e8fec3bf71fff54;21;0
76;0x882df69720ac5a9356b84d2aaa32d0c105b24cab60e885ba3d69b77090ff05c6;22;0
77;0xa67d828453163879637ade5a7d51abb746669dbc34d7e2149e8fec3bf71fff54;22;0
78;0xa67d828453163879637ade5a7d51abb746669dbc34d7e2149e8fec3bf71fff54;22;0
79;0x882df69720ac5a9356b84d2aaa32d0c105b24cab60e885ba3d69b77090ff05c6;20;0
80;0xa67d828453163879637ade5a7d51abb746669dbc34d7e2149e8fec3bf71fff54;24;0
81;0xa67d828453163879637ade5a7d51abb746669dbc34d7e2149e8fec3bf71fff54;20;0
82;0x882df69720ac5a9356b84d2aaa32d0c105b24cab60e885ba3d69b77090ff05c6;20;0
83;0xa67d828453163879637ade5a7d51abb746669dbc34d7e2149e8fec3bf71fff54;20;0
84;0xa67d828453163879637ade5a7d51abb746669dbc34d7e2149e8fec3bf71fff54;20;0
85;0x882df69720ac5a9356b84d2aaa32d0c105b24cab60e885ba3d69b77090ff05c6;22;0
86;0xa67d828453163879637ade5a7d51abb746669dbc34d7e2149e8fec3bf71fff54;20;0
87;0xa67d828453163879637ade5a7d51abb746669dbc34d7e2149e8fec3bf71fff54;22;0
88;0x882df69720ac5a9356b84d2aaa32d0c105b24cab60e885ba3d69b77090ff05c6;23;0
89;0xa67d828453163879637ade5a7d51abb746669dbc34d7e2149e8fec3bf71fff54;20;0
90;0xa67d828453163879637ade5a7d51abb746669dbc34d7e2149e8fec3bf71fff54;20;0
91;0x882df69720ac5a9356b84d2aaa32d0c105b24cab60e885ba3d69b77090ff05c6;22;0
92;0xa67d828453163879637ade5a7d51abb746669dbc34d7e2149e8fec3bf71fff54;20;0
93;0xa67d828453163879637ade5a7d51abb746669dbc34d7e2149e8fec3bf71fff54;23;0
94;0x882df69720ac5a9356b84d2aaa32d0c105b24cab60e885ba3d69b77090ff05c6;22;0
95;0xa67d828453163879637ade5a7d51abb746669dbc34d7e2149e8fec3bf71fff54;21;0
96;0xa67d828453163879637ade5a7d51abb746669dbc34d7e2149e8fec3bf71fff54;22;0
97;0x882df69720ac5a9356b84d2aaa32d0c105b24cab60e885ba3d69b77090ff05c6;22;0
98;0xa67d828453163879637ade5a7d51abb746669dbc34d7e2149e8fec3bf71fff54;21;0
99;0xa67d828453163879637ade5a7d51abb746669dbc34d7e2149e8fec3bf71fff54;20;0
100;0x882df69720ac5a9356b84d2aaa32d0c105b24cab60e885ba3d69b77090ff05c6;21;0
101;0xa67d828453163879637ade5a7d51abb746669dbc34d7e2149e8fec3bf71fff54;21;0
102;0xa67d828453163879637ade5a7d51abb746669dbc34d7e2149e8fec3bf71fff54;20;0
103;0x882df69720ac5a9356b84d2aaa32d0c105b24cab60e885ba3d69b77090ff05c6;22;0
104;0xa67d828453163879637ade5a7d51abb746669dbc34d7e2149e8fec3bf71fff54;22;0
105;0xa67d828453163879637ade5a7d51abb746669dbc34d7e2149e8fec3bf71fff54;20;0
106;0x882df69720ac5a9356b84d2aaa32d0c105b24cab60e885ba3d69b77090ff05c6;24;0
107;0xa67d828453163879637ade5a7d51abb746669dbc34d7e2149e8fec3bf71fff54;23;0
108;0xa67d828453163879637ade5a7d51abb746669dbc34d7e2149e8fec3bf71fff54;18;0
109;0x882df69720ac5a9356b84d2aaa32d0c105b24cab60e885ba3d69b77090ff05c6;20;0
110;0xa67d828453163879637ade5a7d51abb746669dbc34d7e2149e8fec3bf71fff54;22;0
111;0xa67d828453163879637ade5a7d51abb746669dbc34d7e2149e8fec3bf71fff54;23;0
112;0x882df69720ac5a9356b84d2aaa32d0c105b24cab60e885ba3d69b77090ff05c6;23;0
113;0xa67d828453163879637ade5a7d51abb746669dbc34d7e2149e8fec3bf71fff54;23;0
114;0xa67d828453163879637ade5a7d51abb746669dbc34d7e2149e8fec3bf71fff54;22;0
115;0x882df69720ac5a9356b84d2aaa32d0c105b24cab60e885ba3d69b77090ff05c6;24;0
116;0xa67d828453163879637ade5a7d51abb746669dbc34d7e2149e8fec3bf71fff54;21;0
117;0xa67d828453163879637ade5a7d51abb746669dbc34d7e2149e8fec3bf71fff54;19;0
118;0x882df69720ac5a9356b84d2aaa32d0c105b24cab60e885ba3d69b77090ff05c6;20;0
119;0xa67d828453163879637ade5a7d51abb746669dbc34d7e2149e8fec3bf71fff54;17;0
120;0xa67d828453163879637ade5a7d51abb746669dbc34d7e2149e8fec3bf71fff54;22;0
121;0x882df69720ac5a9356b84d2aaa32d0c105b24cab60e885ba3d69b77090ff05c6;20;0
122;0xa67d828453163879637ade5a7d51abb746669dbc34d7e2149e8fec3bf71fff54;20;0
123;0xa67d828453163879637ade5a7d51abb746669dbc34d7e2149e8fec3bf71fff54;24;0
124;0x882df69720ac5a9356b84d2aaa32d0c105b24cab60e885ba3d69b77090ff05c6;20;0
125;0xa67d828453163879637ade5a7d51abb746669dbc34d7e2149e8fec3bf71fff54;23;0
126;0xa67d828453163879637ade5a7d51abb746669dbc34d7e2149e8fec3bf71fff54;17;0
127;0x882df69720ac5a9356b84d2aaa32d0c105b24cab60e885ba3d69b77090ff05c6;22;0
128;0xa67d828453163879637ade5a7d51abb746669dbc34d7e2149e8fec3bf71fff54;21;0
129;0xa67d828453163879637ade5a7d51abb746669dbc34d7e2149e8fec3bf71fff54;20;0
130;0x882df69720ac5a9356b84d2aaa32d0c105b24cab60e885ba3d69b77090ff05c6;23;0
131;0xa67d828453163879637ade5a7d51abb746669dbc34d7e2149e8fec3bf71fff54;17;0
132;0xa67d828453163879637ade5a7d51abb746669dbc34d7e2149e8fec3bf71fff54;20;0
133;0x882df69720ac5a9356b84d2aaa32d0c105b24cab60e885ba3d69b77090ff05c6;21;0
134;0xa67d828453163879637ade5a7d51abb746669dbc34d7e2149e8fec3bf71fff54;21;0
135;0xa67d828453163879637ade5a7d51abb746669dbc34d7e2149e8fec3bf71fff54;24;0
136;0x882df69720ac5a9356b84d2aaa32d0c105b24cab60e885ba3d69b77090ff05c6;16;0
137;0xa67d828453163879637ade5a7d51abb746669dbc34d7e2149e8fec3bf71fff54;23;0
138;0xa67d828453163879637ade5a7d51abb746669dbc34d7e2149e8fec3bf71fff54;20;0
139;0x882df69720ac5a9356b84d2aaa32d0c105b24cab60e885ba3d69b77090ff05c6;19;0
140;0xa67d828453163879637ade5a7d51abb746669dbc34d7e2149e8fec3bf71fff54;20;0
141;0xa67d828453163879637ade5a7d51abb746669dbc34d7e2149e8fec3bf71fff54;23;0
142;0x882df69720ac5a9356b84d2aaa32d0c105b24cab60e885ba3d69b77090ff05c6;22;0
143;0xa67d828453163879637ade5a7d51abb746669dbc34d7e2149e8fec3bf71fff54;23;0
144;0xa67d828453163879637ade5a7d51abb746669dbc34d7e2149e8fec3bf71fff54;20;0
145;0x882df69720ac5a9356b84d2aaa32d0c105b24cab60e885ba3d69b77090ff05c6;20;0
146;0xa67d828453163879637ade5a7d51abb746669dbc34d7e2149e8fec3bf71fff54;22;0
147;0xa67d828453163879637ade5a7d51abb746669dbc34d7e2149e8fec3bf71fff54;27;0
148;0x882df69720ac5a9356b84d2aaa32d0c105b24cab60e885ba3d69b77090ff05c6;19;0
149;0xa67d828453163879637ade5a7d51abb746669dbc34d7e2149e8fec3bf71fff54;21;0
150;0xa67d828453163879637ade5a7d51abb746669dbc34d7e2149e8fec3bf71fff54;20;0
151;0x882df69720ac5a9356b84d2aaa32d0c105b24cab60e885ba3d69b77090ff05c6;23;0
152;0xa67d828453163879637ade5a7d51abb746669dbc34d7e2149e8fec3bf71fff54;24;0
153;0xa67d828453163879637ade5a7d51abb746669dbc34d7e2149e8fec3bf71fff54;23;0
154;0x882df69720ac5a9356b84d2aaa32d0c105b24cab60e885ba3d69b77090ff05c6;21;0
155;0xa67d828453163879637ade5a7d51abb746669dbc34d7e2149e8fec3bf71fff54;18;0
156;0xa67d828453163879637ade5a7d51abb746669dbc34d7e2149e8fec3bf71fff54;26;0
157;0x882df69720ac5a9356b84d2aaa32d0c105b24cab60e885ba3d69b77090ff05c6;24;0
158;0xa67d828453163879637ade5a7d51abb746669dbc34d7e2149e8fec3bf71fff54;17;0
159;0xa67d828453163879637ade5a7d51abb746669dbc34d7e2149e8fec3bf71fff54;19;0
160;0x882df69720ac5a9356b84d2aaa32d0c105b24cab60e885ba3d69b77090ff05c6;24;0
161;0xa67d828453163879637ade5a7d51abb746669dbc34d7e2149e8fec3bf71fff54;20;0
162;0xa67d828453163879637ade5a7d51abb746669dbc34d7e2149e8fec3bf71fff54;22;0
163;0x882df69720ac5a9356b84d2aaa32d0c105b24cab60e885ba3d69b77090ff05c6;20;0
164;0xa67d828453163879637ade5a7d51abb746669dbc34d7e2149e8fec3bf71fff54;25;0
165;0xa67d828453163879637ade5a7d51abb746669dbc34d7e2149e8fec3bf71fff54;24;0
166;0x882df69720ac5a9356b84d2aaa32d0c105b24cab60e885ba3d69b77090ff05c6;21;0
167;0xa67d828453163879637ade5a7d51abb746669dbc34d7e2149e8fec3bf71fff54;23;0
168;0xa67d828453163879637ade5a7d51abb746669dbc34d7e2149e8fec3bf71fff54;22;0
169;0x882df69720ac5a9356b84d2aaa32d0c105b24cab60e885ba3d69b77090ff05c6;19;0
170;0xa67d828453163879637ade5a7d51abb746669dbc34d7e2149e8fec3bf71fff54;19;0
171;0xa67d828453163879637ade5a7d51abb746669dbc34d7e2149e8fec3bf71fff54;21;0
172;0x882df69720ac5a9356b84d2aaa32d0c105b24cab60e885ba3d69b77090ff05c6;21;0
173;0xa67d828453163879637ade5a7d51abb746669dbc34d7e2149e8fec3bf71fff54;20;0
174;0xa67d828453163879637ade5a7d51abb746669dbc34d7e2149e8fec3bf71fff54;23;0
175;0x882df69720ac5a9356b84d2aaa32d0c105b24cab60e885ba3d69b77090ff05c6;19;0
176;0xa67d828453163879637ade5a7d51abb746669dbc34d7e2149e8fec3bf71fff54;24;0
177;0xa67d828453163879637ade5a7d51abb746669dbc34d7e2149e8fec3bf71fff54;24;0
178;0x882df69720ac5a9356b84d2aaa32d0c105b24cab60e885ba3d69b77090ff05c6;23;0
179;0xa67d828453163879637ade5a7d51abb746669dbc34d7e2149e8fec3bf71fff54;24;0
180;0xa67d828453163879637ade5a7d51abb746669dbc34d7e2149e8fec3bf71fff54;24;0
181;0x882df69720ac5a9356b84d2aaa32d0c105b24cab60e885ba3d69b77090ff05c6;18;0
182;0xa67d828453163879637ade5a7d51abb746669dbc34d7e2149e8fec3bf71fff54;23;0
183;0xa67d828453163879637ade5a7d51abb746669dbc34d7e2149e8fec3bf71fff54;18;0
184;0x882df69720ac5a9356b84d2aaa32d0c105b24cab60e885ba3d69b77090ff05c6;18;0
185;0xa67d828453163879637ade5a7d51abb746669dbc34d7e2149e8fec3bf71fff54;17;0
186;0xa67d828453163879637ade5a7d51abb746669dbc34d7e2149e8fec3bf71fff54;19;0
187;0x882df69720ac5a9356b84d2aaa32d0c105b24cab60e885ba3d69b77090ff05c6;22;0
188;0xa67d828453163879637ade5a7d51abb746669dbc34d7e2149e8fec3bf71fff54;17;0
189;0xa67d828453163879637ade5a7d51abb746669dbc34d7e2149e8fec3bf71fff54;21;0
190;0x882df69720ac5a9356b84d2aaa32d0c105b24cab60e885ba3d69b77090ff05c6;26;0
191;0xa67d828453163879637ade5a7d51abb746669dbc34d7e2149e8fec3bf71fff54;31;0
192;0xa67d828453163879637ade5a7d51abb746669dbc34d7e2149e8fec3bf71fff54;24;0
193;0x882df69720ac5a9356b84d2aaa32d0c105b24cab60e885ba3d69b77090ff05c6;18;0
194;0xa67d828453163879637ade5a7d51abb746669dbc34d7e2149e8fec3bf71fff54;23;0
195;0xa67d828453163879637ade5a7d51abb746669dbc34d7e2149e8fec3bf71fff54;23;0
196;0x882df69720ac5a9356b84d2aaa32d0c105b24cab60e885ba3d69b77090ff05c6;24;0
197;0xa67d828453163879637ade5a7d51abb746669dbc34d7e2149e8fec3bf71fff54;20;0
198;0xa67d828453163879637ade5a7d51abb746669dbc34d7e2149e8fec3bf71fff54;26;0
199;0x882df69720ac5a9356b84d2aaa32d0c105b24cab60e885ba3d69b77090ff05c6;26;0
200;0xa67d828453163879637ade5a7d51abb746669dbc34d7e2149e8fec3bf71fff54;17;0
201;0xa67d828453163879637ade5a7d51abb746669dbc34d7e2149e8fec3bf71fff54;18;0
202;0x882df69720ac5a9356b84d2aaa32d0c105b24cab60e885ba3d69b77090ff05c6;17;0
203;0xa67d828453163879637ade5a7d51abb746669dbc34d7e2149e8fec3bf71fff54;20;0
204;0xa67d828453163879637ade5a7d51abb746669dbc34d7e2149e8fec3bf71fff54;18;0
205;0x882df69720ac5a9356b84d2aaa32d0c105b24cab60e885ba3d69b77090ff05c6;19;0
206;0xa67d828453163879637ade5a7d51abb746669dbc34d7e2149e8fec3bf71fff54;21;0
207;0xa67d828453163879637ade5a7d51abb746669dbc34d7e2149e8fec3bf71fff54;17;0
208;0x882df69720ac5a9356b84d2aaa32d0c105b24cab60e885ba3d69b77090ff05c6;20;0
209;0xa67d828453163879637ade5a7d51abb746669dbc34d7e2149e8fec3bf71fff54;23;0
210;0xa67d828453163879637ade5a7d51abb746669dbc34d7e2149e8fec3bf71fff54;21;0
211;0x882df69720ac5a9356b84d2aaa32d0c105b24cab60e885ba3d69b77090ff05c6;25;0
212;0xa67d828453163879637ade5a7d51abb746669dbc34d7e2149e8fec3bf71fff54;23;0
213;0xa67d828453163879637ade5a7d51abb746669dbc34d7e2149e8fec3bf71fff54;21;0
214;0x882df69720ac5a9356b84d2aaa32d0c105b24cab60e885ba3d69b77090ff05c6;21;0
215;0xa67d828453163879637ade5a7d51abb746669dbc34d7e2149e8fec3bf71fff54;20;0
216;0xa67d828453163879637ade5a7d51abb746669dbc34d7e2149e8fec3bf71fff54;19;0
217;0x882df69720ac5a9356b84d2aaa32d0c105b24cab60e885ba3d69b77090ff05c6;23;0
218;0xa67d828453163879637ade5a7d51abb746669dbc34d7e2149e8fec3bf71fff54;20;0
219;0xa67d828453163879637ade5a7d51abb746669dbc34d7e2149e8fec3bf71fff54;21;0
220;0x882df69720ac5a9356b84d2aaa32d0c105b24cab60e885ba3d69b77090ff05c6;22;0
221;0xa67d828453163879637ade5a7d51abb746669dbc34d7e2149e8fec3bf71fff54;21;0
222;0xa67d828453163879637ade5a7d51abb746669dbc34d7e2149e8fec3bf71fff54;23;0
223;0x882df69720ac5a9356b84d2aaa32d0c105b24cab60e885ba3d69b77090ff05c6;21;0
224;0xa67d828453163879637ade5a7d51abb746669dbc34d7e2149e8fec3bf71fff54;22;0
225;0xa67d828453163879637ade5a7d51abb746669dbc34d7e2149e8fec3bf71fff54;20;0
226;0x882df69720ac5a9356b84d2aaa32d0c105b24cab60e885ba3d69b77090ff05c6;21;0
227;0xa67d828453163879637ade5a7d51abb746669dbc34d7e2149e8fec3bf71fff54;20;0
228;0xa67d828453163879637ade5a7d51abb746669dbc34d7e2149e8fec3bf71fff54;25;0
229;0x882df69720ac5a9356b84d2aaa32d0c105b24cab60e885ba3d69b77090ff05c6;23;0
230;0xa67d828453163879637ade5a7d51abb746669dbc34d7e2149e8fec3bf71fff54;18;0
231;0xa67d828453163879637ade5a7d51abb746669dbc34d7e2149e8fec3bf71fff54;21;0
232;0x882df69720ac5a9356b84d2aaa32d0c105b24cab60e885ba3d69b77090ff05c6;23;0
233;0xa67d828453163879637ade5a7d51abb746669dbc34d7e2149e8fec3bf71fff54;16;0
234;0xa67d828453163879637ade5a7d51abb746669dbc34d7e2149e8fec3bf71fff54;21;0
235;0x882df69720ac5a9356b84d2aaa32d0c105b24cab60e885ba3d69b77090ff05c6;20;0
236;0xa67d828453163879637ade5a7d51abb746669dbc34d7e2149e8fec3bf71fff54;22;0
237;0xa67d828453163879637ade5a7d51abb746669dbc34d7e2149e8fec3bf71fff54;22;0
238;0x882df69720ac5a9356b84d2aaa32d0c105b24cab60e885ba3d69b77090ff05c6;21;0
239;0xa67d828453163879637ade5a7d51abb746669dbc34d7e2149e8fec3bf71fff54;20;0
240;0xa67d828453163879637ade5a7d51abb746669dbc34d7e2149e8fec3bf71fff54;21;0
241;0x882df69720ac5a9356b84d2aaa32d0c105b24cab60e885ba3d69b77090ff05c6;16;0
242;0xa67d828453163879637ade5a7d51abb746669dbc34d7e2149e8fec3bf71fff54;22;0
243;0xa67d828453163879637ade5a7d51abb746669dbc34d7e2149e8fec3bf71fff54;21;0
244;0x882df69720ac5a9356b84d2aaa32d0c105b24cab60e885ba3d69b77090ff05c6;23;0
245;0xa67d828453163879637ade5a7d51abb746669dbc34d7e2149e8fec3bf71fff54;21;0
246;0xa67d828453163879637ade5a7d51abb746669dbc34d7e2149e8fec3bf71fff54;22;0
247;0x882df69720ac5a9356b84d2aaa32d0c105b24cab60e885ba3d69b77090ff05c6;19;0
248;0xa67d828453163879637ade5a7d51abb746669dbc34d7e2149e8fec3bf71fff54;21;0
249;0xa67d828453163879637ade5a7d51abb746669dbc34d7e2149e8fec3bf71fff54;17;0
250;0x882df69720ac5a9356b84d2aaa32d0c105b24cab60e885ba3d69b77090ff05c6;21;0
251;0xa67d828453163879637ade5a7d51abb746669dbc34d7e2149e8fec3bf71fff54;19;0
252;0xa67d828453163879637ade5a7d51abb746669dbc34d7e2149e8fec3bf71fff54;22;0
253;0x882df69720ac5a9356b84d2aaa32d0c105b24cab60e885ba3d69b77090ff05c6;22;0
254;0xa67d828453163879637ade5a7d51abb746669dbc34d7e2149e8fec3bf71fff54;22;0
255;0xa67d828453163879637ade5a7d51abb746669dbc34d7e2149e8fec3bf71fff54;21;0
256;0x882df69720ac5a9356b84d2aaa32d0c105b24cab60e885ba3d69b77090ff05c6;21;0
257;0xa67d828453163879637ade5a7d51abb746669dbc34d7e2149e8fec3bf71fff54;20;0
258;0xa67d828453163879637ade5a7d51abb746669dbc34d7e2149e8fec3bf71fff54;19;0
259;0x882df69720ac5a9356b84d2aaa32d0c105b24cab60e885ba3d69b77090ff05c6;25;0
260;0xa67d828453163879637ade5a7d51abb746669dbc34d7e2149e8fec3bf71fff54;17;0
261;0xa67d828453163879637ade5a7d51abb746669dbc34d7e2149e8fec3bf71fff54;17;0
262;0x882df69720ac5a9356b84d2aaa32d0c105b24cab60e885ba3d69b77090ff05c6;17;0
263;0xa67d828453163879637ade5a7d51abb746669dbc34d7e2149e8fec3bf71fff54;23;0
264;0xa67d828453163879637ade5a7d51abb746669dbc34d7e2149e8fec3bf71fff54;22;0
265;0x882df69720ac5a9356b84d2aaa32d0c105b24cab60e885ba3d69b77090ff05c6;21;0
266;0xa67d828453163879637ade5a7d51abb746669dbc34d7e2149e8fec3bf71fff54;22;0
267;0xa67d828453163879637ade5a7d51abb746669dbc34d7e2149e8fec3bf71fff54;21;0
268;0x882df69720ac5a9356b84d2aaa32d0c105b24cab60e885ba3d69b77090ff05c6;20;0
269;0xa67d828453163879637ade5a7d51abb746669dbc34d7e2149e8fec3bf71fff54;21;0
270;0xa67d828453163879637ade5a7d51abb746669dbc34d7e2149e8fec3bf71fff54;21;0
271;0x882df69720ac5a9356b84d2aaa32d0c105b24cab60e885ba3d69b77090ff05c6;20;0
272;0xa67d828453163879637ade5a7d51abb746669dbc34d7e2149e8fec3bf71fff54;24;0
273;0xa67d828453163879637ade5a7d51abb746669dbc34d7e2149e8fec3bf71fff54;25;0
274;0x882df69720ac5a9356b84d2aaa32d0c105b24cab60e885ba3d69b77090ff05c6;20;0
275;0xa67d828453163879637ade5a7d51abb746669dbc34d7e2149e8fec3bf71fff54;20;0
276;0xa67d828453163879637ade5a7d51abb746669dbc34d7e2149e8fec3bf71fff54;24;0
277;0x882df69720ac5a9356b84d2aaa32d0c105b24cab60e885ba3d69b77090ff05c6;17;0
278;0xa67d828453163879637ade5a7d51abb746669dbc34d7e2149e8fec3bf71fff54;22;0
279;0xa67d828453163879637ade5a7d51abb746669dbc34d7e2149e8fec3bf71fff54;21;0
280;0x882df69720ac5a9356b84d2aaa32d0c105b24cab60e885ba3d69b77090ff05c6;20;0
281;0xa67d828453163879637ade5a7d51abb746669dbc34d7e2149e8fec3bf71fff54;22;0
282;0xa67d828453163879637ade5a7d51abb746669dbc34d7e2149e8fec3bf71fff54;23;0
283;0x882df69720ac5a9356b84d2aaa32d0c105b24cab60e885ba3d69b77090ff05c6;19;0
284;0xa67d828453163879637ade5a7d51abb746669dbc34d7e2149e8fec3bf71fff54;21;0
285;0xa67d828453163879637ade5a7d51abb746669dbc34d7e2149e8fec3bf71fff54;20;0
286;0x882df69720ac5a9356b84d2aaa32d0c105b24cab60e885ba3d69b77090ff05c6;21;0
287;0xa67d828453163879637ade5a7d51abb746669dbc34d7e2149e8fec3bf71fff54;20;0
288;0xa67d828453163879637ade5a7d51abb746669dbc34d7e2149e8fec3bf71fff54;19;0
289;0x882df69720ac5a9356b84d2aaa32d0c105b24cab60e885ba3d69b77090ff05c6;24;0
290;0xa67d828453163879637ade5a7d51abb746669dbc34d7e2149e8fec3bf71fff54;18;0
291;0xa67d828453163879637ade5a7d51abb746669dbc34d7e2149e8fec3bf71fff54;24;0
292;0x882df69720ac5a9356b84d2aaa32d0c105b24cab60e885ba3d69b77090ff05c6;17;0
293;0xa67d828453163879637ade5a7d51abb746669dbc34d7e2149e8fec3bf71fff54;19;0
294;0xa67d828453163879637ade5a7d51abb746669dbc34d7e2149e8fec3bf71fff54;17;0
295;0x882df69720ac5a9356b84d2aaa32d0c105b24cab60e885ba3d69b77090ff05c6;22;0
296;0xa67d828453163879637ade5a7d51abb746669dbc34d7e2149e8fec3bf71fff54;22;0
297;0xa67d828453163879637ade5a7d51abb746669dbc34d7e2149e8fec3bf71fff54;23;0
298;0x882df69720ac5a9356b84d2aaa32d0c105b24cab60e885ba3d69b77090ff05c6;21;0
299;0xa67d828453163879637ade5a7d51abb746669dbc34d7e2149e8fec3bf71fff54;21;0
300;0xa67d828453163879637ade5a7d51abb746669dbc34d7e2149e8fec3bf71fff54;20;0
301;0x882df69720ac5a9356b84d2aaa32d0c105b24cab60e885ba3d69b77090ff05c6;20;0
302;0xa67d828453163879637ade5a7d51abb746669dbc34d7e2149e8fec3bf71fff54;19;0
303;0xa67d828453163879637ade5a7d51abb746669dbc34d7e2149e8fec3bf71fff54;20;0
304;0x882df69720ac5a9356b84d2aaa32d0c105b24cab60e885ba3d69b77090ff05c6;21;0
305;0xa67d828453163879637ade5a7d51abb746669dbc34d7e2149e8fec3bf71fff54;17;0
306;0xa67d828453163879637ade5a7d51abb746669dbc34d7e2149e8fec3bf71fff54;20;0
307;0x882df69720ac5a9356b84d2aaa32d0c105b24cab60e885ba3d69b77090ff05c6;22;0
308;0xa67d828453163879637ade5a7d51abb746669dbc34d7e2149e8fec3bf71fff54;20;0
309;0xa67d828453163879637ade5a7d51abb746669dbc34d7e2149e8fec3bf71fff54;22;0
310;0x882df69720ac5a9356b84d2aaa32d0c105b24cab60e885ba3d69b77090ff05c6;21;0
311;0xa67d828453163879637ade5a7d51abb746669dbc34d7e2149e8fec3bf71fff54;20;0
312;0xa67d828453163879637ade5a7d51abb746669dbc34d7e2149e8fec3bf71fff54;22;0
313;0x882df69720ac5a9356b84d2aaa32d0c105b24cab60e885ba3d69b77090ff05c6;19;0
314;0xa67d828453163879637ade5a7d51abb746669dbc34d7e2149e8fec3bf71fff54;20;0
315;0xa67d828453163879637ade5a7d51abb746669dbc34d7e2149e8fec3bf71fff54;20;0
316;0x882df69720ac5a9356b84d2aaa32d0c105b24cab60e885ba3d69b77090ff05c6;19;0
317;0xa67d828453163879637ade5a7d51abb746669dbc34d7e2149e8fec3bf71fff54;25;0
318;0xa67d828453163879637ade5a7d51abb746669dbc34d7e2149e8fec3bf71fff54;17;0
319;0x882df69720ac5a9356b84d2aaa32d0c105b24cab60e885ba3d69b77090ff05c6;17;0
320;0xa67d828453163879637ade5a7d51abb746669dbc34d7e2149e8fec3bf71fff54;19;0
321;0xa67d828453163879637ade5a7d51abb746669dbc34d7e2149e8fec3bf71fff54;20;0
322;0x882df69720ac5a9356b84d2aaa32d0c105b24cab60e885ba3d69b77090ff05c6;20;0
323;0xa67d828453163879637ade5a7d51abb746669dbc34d7e2149e8fec3bf71fff54;17;0
324;0xa67d828453163879637ade5a7d51abb746669dbc34d7e2149e8fec3bf71fff54;21;0
325;0x882df69720ac5a9356b84d2aaa32d0c105b24cab60e885ba3d69b77090ff05c6;16;0
326;0xa67d828453163879637ade5a7d51abb746669dbc34d7e2149e8fec3bf71fff54;21;0
327;0xa67d828453163879637ade5a7d51abb746669dbc34d7e2149e8fec3bf71fff54;22;0
328;0x882df69720ac5a9356b84d2aaa32d0c105b24cab60e885ba3d69b77090ff05c6;22;0
329;0xa67d828453163879637ade5a7d51abb746669dbc34d7e2149e8fec3bf71fff54;20;0
330;0xa67d828453163879637ade5a7d51abb746669dbc34d7e2149e8fec3bf71fff54;19;0
331;0x882df69720ac5a9356b84d2aaa32d0c105b24cab60e885ba3d69b77090ff05c6;20;0
332;0xa67d828453163879637ade5a7d51abb746669dbc34d7e2149e8fec3bf71fff54;23;0
333;0xa67d828453163879637ade5a7d51abb746669dbc34d7e2149e8fec3bf71fff54;17;0
334;0x882df69720ac5a9356b84d2aaa32d0c105b24cab60e885ba3d69b77090ff05c6;23;0
335;0xa67d828453163879637ade5a7d51abb746669dbc34d7e2149e8fec3bf71fff54;20;0
336;0xa67d828453163879637ade5a7d51abb746669dbc34d7e2149e8fec3bf71fff54;25;0
337;0x882df69720ac5a9356b84d2aaa32d0c105b24cab60e885ba3d69b77090ff05c6;21;0
338;0xa67d828453163879637ade5a7d51abb746669dbc34d7e2149e8fec3bf71fff54;24;0
339;0xa67d828453163879637ade5a7d51abb746669dbc34d7e2149e8fec3bf71fff54;20;0
340;0x882df69720ac5a9356b84d2aaa32d0c105b24cab60e885ba3d69b77090ff05c6;22;0
341;0xa67d828453163879637ade5a7d51abb746669dbc34d7e2149e8fec3bf71fff54;20;0
342;0xa67d828453163879637ade5a7d51abb746669dbc34d7e2149e8fec3bf71fff54;20;0
343;0x882df69720ac5a9356b84d2aaa32d0c105b24cab60e885ba3d69b77090ff05c6;22;0
344;0xa67d828453163879637ade5a7d51abb746669dbc34d7e2149e8fec3bf71fff54;20;0
345;0xa67d828453163879637ade5a7d51abb746669dbc34d7e2149e8fec3bf71fff54;20;0
346;0x882df69720ac5a9356b84d2aaa32d0c105b24cab60e885ba3d69b77090ff05c6;20;0
347;0xa67d828453163879637ade5a7d51abb746669dbc34d7e2149e8fec3bf71fff54;24;0
348;0xa67d828453163879637ade5a7d51abb746669dbc34d7e2149e8fec3bf71fff54;21;0
349;0x882df69720ac5a9356b84d2aaa32d0c105b24cab60e885ba3d69b77090ff05c6;21;0
350;0xa67d828453163879637ade5a7d51abb746669dbc34d7e2149e8fec3bf71fff54;21;0
351;0xa67d828453163879637ade5a7d51abb746669dbc34d7e2149e8fec3bf71fff54;20;0
352;0x882df69720ac5a9356b84d2aaa32d0c105b24cab60e885ba3d69b77090ff05c6;20;0
353;0xa67d828453163879637ade5a7d51abb746669dbc34d7e2149e8fec3bf71fff54;22;0
354;0xa67d828453163879637ade5a7d51abb746669dbc34d7e2149e8fec3bf71fff54;20;0
355;0x882df69720ac5a9356b84d2aaa32d0c105b24cab60e885ba3d69b77090ff05c6;23;0
356;0xa67d828453163879637ade5a7d51abb746669dbc34d7e2149e8fec3bf71fff54;16;0
357;0xa67d828453163879637ade5a7d51abb746669dbc34d7e2149e8fec3bf71fff54;18;0
358;0x882df69720ac5a9356b84d2aaa32d0c105b24cab60e885ba3d69b77090ff05c6;22;0
359;0xa67d828453163879637ade5a7d51abb746669dbc34d7e2149e8fec3bf71fff54;22;0
360;0xa67d828453163879637ade5a7d51abb746669dbc34d7e2149e8fec3bf71fff54;20;0
361;0x882df69720ac5a9356b84d2aaa32d0c105b24cab60e885ba3d69b77090ff05c6;21;0
362;0xa67d828453163879637ade5a7d51abb746669dbc34d7e2149e8fec3bf71fff54;18;0
363;0xa67d828453163879637ade5a7d51abb746669dbc34d7e2149e8fec3bf71fff54;20;0
364;0x882df69720ac5a9356b84d2aaa32d0c105b24cab60e885ba3d69b77090ff05c6;19;0
365;0xa67d828453163879637ade5a7d51abb746669dbc34d7e2149e8fec3bf71fff54;21;0
366;0xa67d828453163879637ade5a7d51abb746669dbc34d7e2149e8fec3bf71fff54;19;0
367;0x882df69720ac5a9356b84d2aaa32d0c105b24cab60e885ba3d69b77090ff05c6;21;0
368;0xa67d828453163879637ade5a7d51abb746669dbc34d7e2149e8fec3bf71fff54;18;0
369;0xa67d828453163879637ade5a7d51abb746669dbc34d7e2149e8fec3bf71fff54;21;0
370;0x882df69720ac5a9356b84d2aaa32d0c105b24cab60e885ba3d69b77090ff05c6;19;0
371;0xa67d828453163879637ade5a7d51abb746669dbc34d7e2149e8fec3bf71fff54;20;0
372;0xa67d828453163879637ade5a7d51abb746669dbc34d7e2149e8fec3bf71fff54;20;0
373;0x882df69720ac5a9356b84d2aaa32d0c105b24cab60e885ba3d69b77090ff05c6;21;0
374;0xa67d828453163879637ade5a7d51abb746669dbc34d7e2149e8fec3bf71fff54;17;0
375;0xa67d828453163879637ade5a7d51abb746669dbc34d7e2149e8fec3bf71fff54;21;0
376;0x882df69720ac5a9356b84d2aaa32d0c105b24cab60e885ba3d69b77090ff05c6;22;0
377;0xa67d828453163879637ade5a7d51abb746669dbc34d7e2149e8fec3bf71fff54;17;0
378;0xa67d828453163879637ade5a7d51abb746669dbc34d7e2149e8fec3bf71fff54;18;0
379;0x882df69720ac5a9356b84d2aaa32d0c105b24cab60e885ba3d69b77090ff05c6;19;0
380;0xa67d828453163879637ade5a7d51abb746669dbc34d7e2149e8fec3bf71fff54;20;0
381;0xa67d828453163879637ade5a7d51abb746669dbc34d7e2149e8fec3bf71fff54;21;0
382;0x882df69720ac5a9356b84d2aaa32d0c105b24cab60e885ba3d69b77090ff05c6;22;0
383;0xa67d828453163879637ade5a7d51abb746669dbc34d7e2149e8fec3bf71fff54;25;0
384;0xa67d828453163879637ade5a7d51abb746669dbc34d7e2149e8fec3bf71fff54;22;0
385;0x882df69720ac5a9356b84d2aaa32d0c105b24cab60e885ba3d69b77090ff05c6;24;0
386;0xa67d828453163879637ade5a7d51abb746669dbc34d7e2149e8fec3bf71fff54;23;0
387;0xa67d828453163879637ade5a7d51abb746669dbc34d7e2149e8fec3bf71fff54;20;0
388;0x882df69720ac5a9356b84d2aaa32d0c105b24cab60e885ba3d69b77090ff05c6;23;0
389;0xa67d828453163879637ade5a7d51abb746669dbc34d7e2149e8fec3bf71fff54;19;0
390;0xa67d828453163879637ade5a7d51abb746669dbc34d7e2149e8fec3bf71fff54;20;0
391;0x882df69720ac5a9356b84d2aaa32d0c105b24cab60e885ba3d69b77090ff05c6;24;0
392;0xa67d828453163879637ade5a7d51abb746669dbc34d7e2149e8fec3bf71fff54;22;0
393;0xa67d828453163879637ade5a7d51abb746669dbc34d7e2149e8fec3bf71fff54;21;0
394;0x882df69720ac5a9356b84d2aaa32d0c105b24cab60e885ba3d69b77090ff05c6;19;0
395;0xa67d828453163879637ade5a7d51abb746669dbc34d7e2149e8fec3bf71fff54;21;0
396;0xa67d828453163879637ade5a7d51abb746669dbc34d7e2149e8fec3bf71fff54;20;0
397;0x882df69720ac5a9356b84d2aaa32d0c105b24cab60e885ba3d69b77090ff05c6;23;0
398;0xa67d828453163879637ade5a7d51abb746669dbc34d7e2149e8fec3bf71fff54;20;0
399;0xa67d828453163879637ade5a7d51abb746669dbc34d7e2149e8fec3bf71fff54;19;0
400;0x882df69720ac5a9356b84d2aaa32d0c105b24cab60e885ba3d69b77090ff05c6;20;0
401;0xa67d828453163879637ade5a7d51abb746669dbc34d7e2149e8fec3bf71fff54;23;0
402;0xa67d828453163879637ade5a7d51abb746669dbc34d7e2149e8fec3bf71fff54;18;0
403;0x882df69720ac5a9356b84d2aaa32d0c105b24cab60e885ba3d69b77090ff05c6;19;0
404;0xa67d828453163879637ade5a7d51abb746669dbc34d7e2149e8fec3bf71fff54;24;0
405;0xa67d828453163879637ade5a7d51abb746669dbc34d7e2149e8fec3bf71fff54;20;0
406;0x882df69720ac5a9356b84d2aaa32d0c105b24cab60e885ba3d69b77090ff05c6;22;0
407;0xa67d828453163879637ade5a7d51abb746669dbc34d7e2149e8fec3bf71fff54;18;0
408;0xa67d828453163879637ade5a7d51abb746669dbc34d7e2149e8fec3bf71fff54;20;0
409;0x882df69720ac5a9356b84d2aaa32d0c105b24cab60e885ba3d69b77090ff05c6;20;0
410;0xa67d828453163879637ade5a7d51abb746669dbc34d7e2149e8fec3bf71fff54;25;0
411;0xa67d828453163879637ade5a7d51abb746669dbc34d7e2149e8fec3bf71fff54;17;0
412;0x882df69720ac5a9356b84d2aaa32d0c105b24cab60e885ba3d69b77090ff05c6;21;0
413;0xa67d828453163879637ade5a7d51abb746669dbc34d7e2149e8fec3bf71fff54;22;0
414;0xa67d828453163879637ade5a7d51abb746669dbc34d7e2149e8fec3bf71fff54;19;0
415;0x882df69720ac5a9356b84d2aaa32d0c105b24cab60e885ba3d69b77090ff05c6;23;0
416;0xa67d828453163879637ade5a7d51abb746669dbc34d7e2149e8fec3bf71fff54;16;0
417;0xa67d828453163879637ade5a7d51abb746669dbc34d7e2149e8fec3bf71fff54;18;0
418;0x882df69720ac5a9356b84d2aaa32d0c105b24cab60e885ba3d69b77090ff05c6;17;0
419;0xa67d828453163879637ade5a7d51abb746669dbc34d7e2149e8fec3bf71fff54;22;0
420;0xa67d828453163879637ade5a7d51abb746669dbc34d7e2149e8fec3bf71fff54;20;0
421;0x882df69720ac5a9356b84d2aaa32d0c105b24cab60e885ba3d69b77090ff05c6;22;0
422;0xa67d828453163879637ade5a7d51abb746669dbc34d7e2149e8fec3bf71fff54;21;0
423;0xa67d828453163879637ade5a7d51abb746669dbc34d7e2149e8fec3bf71fff54;20;0
424;0x882df69720ac5a9356b84d2aaa32d0c105b24cab60e885ba3d69b77090ff05c6;20;0
425;0xa67d828453163879637ade5a7d51abb746669dbc34d7e2149e8fec3bf71fff54;21;0
426;0xa67d828453163879637ade5a7d51abb746669dbc34d7e2149e8fec3bf71fff54;21;0
427;0x882df69720ac5a9356b84d2aaa32d0c105b24cab60e885ba3d69b77090ff05c6;20;0
428;0xa67d828453163879637ade5a7d51abb746669dbc34d7e2149e8fec3bf71fff54;21;0
429;0xa67d828453163879637ade5a7d51abb746669dbc34d7e2149e8fec3bf71fff54;22;0
430;0x882df69720ac5a9356b84d2aaa32d0c105b24cab60e885ba3d69b77090ff05c6;21;0
431;0xa67d828453163879637ade5a7d51abb746669dbc34d7e2149e8fec3bf71fff54;19;0
432;0xa67d828453163879637ade5a7d51abb746669dbc34d7e2149e8fec3bf71fff54;23;0
433;0x882df69720ac5a9356b84d2aaa32d0c105b24cab60e885ba3d69b77090ff05c6;22;0
434;0xa67d828453163879637ade5a7d51abb746669dbc34d7e2149e8fec3bf71fff54;19;0
435;0xa67d828453163879637ade5a7d51abb746669dbc34d7e2149e8fec3bf71fff54;23;0
436;0x882df69720ac5a9356b84d2aaa32d0c105b24cab60e885ba3d69b77090ff05c6;16;0
437;0xa67d828453163879637ade5a7d51abb746669dbc34d7e2149e8fec3bf71fff54;16;0
438;0xa67d828453163879637ade5a7d51abb746669dbc34d7e2149e8fec3bf71fff54;22;0
439;0x882df69720ac5a9356b84d2aaa32d0c105b24cab60e885ba3d69b77090ff05c6;22;0
440;0xa67d828453163879637ade5a7d51abb746669dbc34d7e2149e8fec3bf71fff54;23;0
441;0xa67d828453163879637ade5a7d51abb746669dbc34d7e2149e8fec3bf71fff54;24;0
442;0x882df69720ac5a9356b84d2aaa32d0c105b24cab60e885ba3d69b77090ff05c6;19;0
443;0xa67d828453163879637ade5a7d51abb746669dbc34d7e2149e8fec3bf71fff54;21;0
444;0xa67d828453163879637ade5a7d51abb746669dbc34d7e2149e8fec3bf71fff54;23;0
445;0x882df69720ac5a9356b84d2aaa32d0c105b24cab60e885ba3d69b77090ff05c6;22;0
446;0xa67d828453163879637ade5a7d51abb746669dbc34d7e2149e8fec3bf71fff54;25;0
447;0xa67d828453163879637ade5a7d51abb746669dbc34d7e2149e8fec3bf71fff54;19;0
448;0x882df69720ac5a9356b84d2aaa32d0c105b24cab60e885ba3d69b77090ff05c6;24;0
449;0xa67d828453163879637ade5a7d51abb746669dbc34d7e2149e8fec3bf71fff54;22;0
450;0xa67d828453163879637ade5a7d51abb746669dbc34d7e2149e8fec3bf71fff54;21;0
451;0x882df69720ac5a9356b84d2aaa32d0c105b24cab60e885ba3d69b77090ff05c6;24;0
452;0xa67d828453163879637ade5a7d51abb746669dbc34d7e2149e8fec3bf71fff54;23;0
453;0xa67d828453163879637ade5a7d51abb746669dbc34d7e2149e8fec3bf71fff54;23;0
454;0x882df69720ac5a9356b84d2aaa32d0c105b24cab60e885ba3d69b77090ff05c6;23;0
455;0xa67d828453163879637ade5a7d51abb746669dbc34d7e2149e8fec3bf71fff54;24;0
456;0xa67d828453163879637ade5a7d51abb746669dbc34d7e2149e8fec3bf71fff54;20;0
457;0x882df69720ac5a9356b84d2aaa32d0c105b24cab60e885ba3d69b77090ff05c6;20;0
458;0xa67d828453163879637ade5a7d51abb746669dbc34d7e2149e8fec3bf71fff54;24;0
459;0xa67d828453163879637ade5a7d51abb746669dbc34d7e2149e8fec3bf71fff54;20;0
460;0x882df69720ac5a9356b84d2aaa32d0c105b24cab60e885ba3d69b77090ff05c6;19;0
461;0xa67d828453163879637ade5a7d51abb746669dbc34d7e2149e8fec3bf71fff54;20;0
462;0xa67d828453163879637ade5a7d51abb746669dbc34d7e2149e8fec3bf71fff54;16;0
463;0x882df69720ac5a9356b84d2aaa32d0c105b24cab60e885ba3d69b77090ff05c6;18;0
464;0xa67d828453163879637ade5a7d51abb746669dbc34d7e2149e8fec3bf71fff54;20;0
465;0xa67d828453163879637ade5a7d51abb746669dbc34d7e2149e8fec3bf71fff54;24;0
466;0x882df69720ac5a9356b84d2aaa32d0c105b24cab60e885ba3d69b77090ff05c6;20;0
467;0xa67d828453163879637ade5a7d51abb746669dbc34d7e2149e8fec3bf71fff54;23;0
468;0xa67d828453163879637ade5a7d51abb746669dbc34d7e2149e8fec3bf71fff54;21;0
469;0x882df69720ac5a9356b84d2aaa32d0c105b24cab60e885ba3d69b77090ff05c6;20;0
470;0xa67d828453163879637ade5a7d51abb746669dbc34d7e2149e8fec3bf71fff54;21;0
471;0xa67d828453163879637ade5a7d51abb746669dbc34d7e2149e8fec3bf71fff54;20;0
472;0x882df69720ac5a9356b84d2aaa32d0c105b24cab60e885ba3d69b77090ff05c6;20;0
473;0xa67d828453163879637ade5a7d51abb746669dbc34d7e2149e8fec3bf71fff54;23;0
474;0xa67d828453163879637ade5a7d51abb746669dbc34d7e2149e8fec3bf71fff54;18;0
475;0x882df69720ac5a9356b84d2aaa32d0c105b24cab60e885ba3d69b77090ff05c6;23;0
476;0xa67d828453163879637ade5a7d51abb746669dbc34d7e2149e8fec3bf71fff54;19;0
477;0xa67d828453163879637ade5a7d51abb746669dbc34d7e2149e8fec3bf71fff54;21;0
478;0x882df69720ac5a9356b84d2aaa32d0c105b24cab60e885ba3d69b77090ff05c6;17;0
479;0xa67d828453163879637ade5a7d51abb746669dbc34d7e2149e8fec3bf71fff54;22;0
480;0xa67d828453163879637ade5a7d51abb746669dbc34d7e2149e8fec3bf71fff54;24;0
481;0x882df69720ac5a9356b84d2aaa32d0c105b24cab60e885ba3d69b77090ff05c6;23;0
482;0xa67d828453163879637ade5a7d51abb746669dbc34d7e2149e8fec3bf71fff54;20;0
483;0xa67d828453163879637ade5a7d51abb746669dbc34d7e2149e8fec3bf71fff54;19;0
484;0x882df69720ac5a9356b84d2aaa32d0c105b24cab60e885ba3d69b77090ff05c6;16;0
485;0xa67d828453163879637ade5a7d51abb746669dbc34d7e2149e8fec3bf71fff54;20;0
486;0xa67d828453163879637ade5a7d51abb746669dbc34d7e2149e8fec3bf71fff54;20;0
487;0x882df69720ac5a9356b84d2aaa32d0c105b24cab60e885ba3d69b77090ff05c6;16;0
488;0xa67d828453163879637ade5a7d51abb746669dbc34d7e2149e8fec3bf71fff54;16;0
489;0xa67d828453163879637ade5a7d51abb746669dbc34d7e2149e8fec3bf71fff54;17;0
490;0x882df69720ac5a9356b84d2aaa32d0c105b24cab60e885ba3d69b77090ff05c6;16;0
491;0xa67d828453163879637ade5a7d51abb746669dbc34d7e2149e8fec3bf71fff54;18;0
492;0xa67d828453163879637ade5a7d51abb746669dbc34d7e2149e8fec3bf71fff54;17;0
493;0x882df69720ac5a9356b84d2aaa32d0c105b24cab60e885ba3d69b77090ff05c6;18;0
494;0xa67d828453163879637ade5a7d51abb746669dbc34d7e2149e8fec3bf71fff54;20;0
495;0xa67d828453163879637ade5a7d51abb746669dbc34d7e2149e8fec3bf71fff54;18;0
496;0x882df69720ac5a9356b84d2aaa32d0c105b24cab60e885ba3d69b77090ff05c6;17;0
497;0xa67d828453163879637ade5a7d51abb746669dbc34d7e2149e8fec3bf71fff54;16;0
498;0xa67d828453163879637ade5a7d51abb746669dbc34d7e2149e8fec3bf71fff54;17;0
499;0x882df69720ac5a9356b84d2aaa32d0c105b24cab60e885ba3d69b77090ff05c6;20;0
500;0xa67d828453163879637ade5a7d51abb746669dbc34d7e2149e8fec3bf71fff54;18;0
501;0xa67d828453163879637ade5a7d51abb746669dbc34d7e2149e8fec3bf71fff54;17;0
502;0x882df69720ac5a9356b84d2aaa32d0c105b24cab60e885ba3d69b77090ff05c6;18;0
503;0xa67d828453163879637ade5a7d51abb746669dbc34d7e2149e8fec3bf71fff54;19;0
504;0xa67d828453163879637ade5a7d51abb746669dbc34d7e2149e8fec3bf71fff54;19;0
505;0x882df69720ac5a9356b84d2aaa32d0c105b24cab60e885ba3d69b77090ff05c6;19;0
506;0xa67d828453163879637ade5a7d51abb746669dbc34d7e2149e8fec3bf71fff54;18;0
507;0xa67d828453163879637ade5a7d51abb746669dbc34d7e2149e8fec3bf71fff54;18;0
508;0x882df69720ac5a9356b84d2aaa32d0c105b24cab60e885ba3d69b77090ff05c6;17;0
509;0xa67d828453163879637ade5a7d51abb746669dbc34d7e2149e8fec3bf71fff54;17;0
510;0xa67d828453163879637ade5a7d51abb746669dbc34d7e2149e8fec3bf71fff54;16;0
511;0x882df69720ac5a9356b84d2aaa32d0c105b24cab60e885ba3d69b77090ff05c6;17;0
512;0xa67d828453163879637ade5a7d51abb746669dbc34d7e2149e8fec3bf71fff54;17;0
513;0xa67d828453163879637ade5a7d51abb746669dbc34d7e2149e8fec3bf71fff54;18;0
514;0x882df69720ac5a9356b84d2aaa32d0c105b24cab60e885ba3d69b77090ff05c6;17;0
515;0xa67d828453163879637ade5a7d51abb746669dbc34d7e2149e8fec3bf71fff54;17;0
516;0xa67d828453163879637ade5a7d51abb746669dbc34d7e2149e8fec3bf71fff54;19;0
517;0x882df69720ac5a9356b84d2aaa32d0c105b24cab60e885ba3d69b77090ff05c6;18;0
518;0xa67d828453163879637ade5a7d51abb746669dbc34d7e2149e8fec3bf71fff54;18;0
519;0xa67d828453163879637ade5a7d51abb746669dbc34d7e2149e8fec3bf71fff54;17;0
520;0x882df69720ac5a9356b84d2aaa32d0c105b24cab60e885ba3d69b77090ff05c6;16;0
521;0xa67d828453163879637ade5a7d51abb746669dbc34d7e2149e8fec3bf71fff54;18;0
522;0xa67d828453163879637ade5a7d51abb746669dbc34d7e2149e8fec3bf71fff54;19;0
523;0x882df69720ac5a9356b84d2aaa32d0c105b24cab60e885ba3d69b77090ff05c6;19;0
524;0xa67d828453163879637ade5a7d51abb746669dbc34d7e2149e8fec3bf71fff54;18;0
525;0xa67d828453163879637ade5a7d51abb746669dbc34d7e2149e8fec3bf71fff54;16;0
526;0x882df69720ac5a9356b84d2aaa32d0c105b24cab60e885ba3d69b77090ff05c6;17;0
527;0xa67d828453163879637ade5a7d51abb746669dbc34d7e2149e8fec3bf71fff54;18;0
528;0xa67d828453163879637ade5a7d51abb746669dbc34d7e2149e8fec3bf71fff54;17;0
529;0x882df69720ac5a9356b84d2aaa32d0c105b24cab60e885ba3d69b77090ff05c6;18;0
530;0xa67d828453163879637ade5a7d51abb746669dbc34d7e2149e8fec3bf71fff54;17;0
531;0xa67d828453163879637ade5a7d51abb746669dbc34d7e2149e8fec3bf71fff54;19;0
532;0x882df69720ac5a9356b84d2aaa32d0c105b24cab60e885ba3d69b77090ff05c6;19;0
533;0xa67d828453163879637ade5a7d51abb746669dbc34d7e2149e8fec3bf71fff54;17;0
534;0xa67d828453163879637ade5a7d51abb746669dbc34d7e2149e8fec3bf71fff54;16;0
535;0x882df69720ac5a9356b84d2aaa32d0c105b24cab60e885ba3d69b77090ff05c6;18;0
536;0xa67d828453163879637ade5a7d51abb746669dbc34d7e2149e8fec3bf71fff54;17;0
537;0xa67d828453163879637ade5a7d51abb746669dbc34d7e2149e8fec3bf71fff54;17;0
538;0x882df69720ac5a9356b84d2aaa32d0c105b24cab60e885ba3d69b77090ff05c6;17;0
539;0xa67d828453163879637ade5a7d51abb746669dbc34d7e2149e8fec3bf71fff54;17;0
540;0xa67d828453163879637ade5a7d51abb746669dbc34d7e2149e8fec3bf71fff54;20;0
541;0x882df69720ac5a9356b84d2aaa32d0c105b24cab60e885ba3d69b77090ff05c6;19;0
542;0xa67d828453163879637ade5a7d51abb746669dbc34d7e2149e8fec3bf71fff54;18;0
543;0xa67d828453163879637ade5a7d51abb746669dbc34d7e2149e8fec3bf71fff54;19;0
544;0x882df69720ac5a9356b84d2aaa32d0c105b24cab60e885ba3d69b77090ff05c6;15;0
545;0xa67d828453163879637ade5a7d51abb746669dbc34d7e2149e8fec3bf71fff54;18;0
546;0xa67d828453163879637ade5a7d51abb746669dbc34d7e2149e8fec3bf71fff54;19;0
547;0x882df69720ac5a9356b84d2aaa32d0c105b24cab60e885ba3d69b77090ff05c6;17;0
548;0xa67d828453163879637ade5a7d51abb746669dbc34d7e2149e8fec3bf71fff54;17;0
549;0xa67d828453163879637ade5a7d51abb746669dbc34d7e2149e8fec3bf71fff54;17;0
550;0x882df69720ac5a9356b84d2aaa32d0c105b24cab60e885ba3d69b77090ff05c6;18;0
551;0xa67d828453163879637ade5a7d51abb746669dbc34d7e2149e8fec3bf71fff54;19;0
552;0xa67d828453163879637ade5a7d51abb746669dbc34d7e2149e8fec3bf71fff54;18;0
553;0x882df69720ac5a9356b84d2aaa32d0c105b24cab60e885ba3d69b77090ff05c6;15;0
554;0xa67d828453163879637ade5a7d51abb746669dbc34d7e2149e8fec3bf71fff54;18;0
555;0xa67d828453163879637ade5a7d51abb746669dbc34d7e2149e8fec3bf71fff54;19;0
556;0x882df69720ac5a9356b84d2aaa32d0c105b24cab60e885ba3d69b77090ff05c6;19;0
557;0xa67d828453163879637ade5a7d51abb746669dbc34d7e2149e8fec3bf71fff54;18;0
558;0xa67d828453163879637ade5a7d51abb746669dbc34d7e2149e8fec3bf71fff54;19;0
559;0x882df69720ac5a9356b84d2aaa32d0c105b24cab60e885ba3d69b77090ff05c6;16;0
560;0xa67d828453163879637ade5a7d51abb746669dbc34d7e2149e8fec3bf71fff54;17;0
561;0xa67d828453163879637ade5a7d51abb746669dbc34d7e2149e8fec3bf71fff54;17;0
562;0x882df69720ac5a9356b84d2aaa32d0c105b24cab60e885ba3d69b77090ff05c6;20;0
563;0xa67d828453163879637ade5a7d51abb746669dbc34d7e2149e8fec3bf71fff54;16;0
564;0xa67d828453163879637ade5a7d51abb746669dbc34d7e2149e8fec3bf71fff54;17;0
565;0x882df69720ac5a9356b84d2aaa32d0c105b24cab60e885ba3d69b77090ff05c6;17;0
566;0xa67d828453163879637ade5a7d51abb746669dbc34d7e2149e8fec3bf71fff54;19;0
567;0xa67d828453163879637ade5a7d51abb746669dbc34d7e2149e8fec3bf71fff54;18;0
568;0x882df69720ac5a9356b84d2aaa32d0c105b24cab60e885ba3d69b77090ff05c6;16;0
569;0xa67d828453163879637ade5a7d51abb746669dbc34d7e2149e8fec3bf71fff54;17;0
570;0xa67d828453163879637ade5a7d51abb746669dbc34d7e2149e8fec3bf71fff54;16;0
571;0x882df69720ac5a9356b84d2aaa32d0c105b24cab60e885ba3d69b77090ff05c6;17;0
572;0xa67d828453163879637ade5a7d51abb746669dbc34d7e2149e8fec3bf71fff54;20;0
573;0xa67d828453163879637ade5a7d51abb746669dbc34d7e2149e8fec3bf71fff54;16;0
574;0xa67d828453163879637ade5a7d51abb746669dbc34d7e2149e8fec3bf71fff54;17;0
575;0xa67d828453163879637ade5a7d51abb746669dbc34d7e2149e8fec3bf71fff54;17;0
576;0xa67d828453163879637ade5a7d51abb746669dbc34d7e2149e8fec3bf71fff54;20;0
577;0xa67d828453163879637ade5a7d51abb746669dbc34d7e2149e8fec3bf71fff54;17;0
578;0xa67d828453163879637ade5a7d51abb746669dbc34d7e2149e8fec3bf71fff54;18;0
579;0xa67d828453163879637ade5a7d51abb746669dbc34d7e2149e8fec3bf71fff54;19;0
580;0xa67d828453163879637ade5a7d51abb746669dbc34d7e2149e8fec3bf71fff54;17;0
581;0xa67d828453163879637ade5a7d51abb746669dbc34d7e2149e8fec3bf71fff54;17;0
582;0xa67d828453163879637ade5a7d51abb746669dbc34d7e2149e8fec3bf71fff54;22;0
583;0xa67d828453163879637ade5a7d51abb746669dbc34d7e2149e8fec3bf71fff54;16;0
584;0xa67d828453163879637ade5a7d51abb746669dbc34d7e2149e8fec3bf71fff54;18;0
585;0xa67d828453163879637ade5a7d51abb746669dbc34d7e2149e8fec3bf71fff54;18;0
586;0xa67d828453163879637ade5a7d51abb746669dbc34d7e2149e8fec3bf71fff54;16;0
587;0xa67d828453163879637ade5a7d51abb746669dbc34d7e2149e8fec3bf71fff54;18;0
588;0xa67d828453163879637ade5a7d51abb746669dbc34d7e2149e8fec3bf71fff54;18;0
589;0xa67d828453163879637ade5a7d51abb746669dbc34d7e2149e8fec3bf71fff54;18;0
590;0xa67d828453163879637ade5a7d51abb746669dbc34d7e2149e8fec3bf71fff54;20;0
591;0xa67d828453163879637ade5a7d51abb746669dbc34d7e2149e8fec3bf71fff54;20;0
592;0xa67d828453163879637ade5a7d51abb746669dbc34d7e2149e8fec3bf71fff54;20;0
593;0xa67d828453163879637ade5a7d51abb746669dbc34d7e2149e8fec3bf71fff54;19;0
594;0xa67d828453163879637ade5a7d51abb746669dbc34d7e2149e8fec3bf71fff54;17;0
595;0xa67d828453163879637ade5a7d51abb746669dbc34d7e2149e8fec3bf71fff54;17;0
596;0xa67d828453163879637ade5a7d51abb746669dbc34d7e2149e8fec3bf71fff54;18;0
597;0xa67d828453163879637ade5a7d51abb746669dbc34d7e2149e8fec3bf71fff54;18;0
598;0xa67d828453163879637ade5a7d51abb746669dbc34d7e2149e8fec3bf71fff54;17;0
599;0xa67d828453163879637ade5a7d51abb746669dbc34d7e2149e8fec3bf71fff54;19;0
600;0xa67d828453163879637ade5a7d51abb746669dbc34d7e2149e8fec3bf71fff54;17;0
601;0xa67d828453163879637ade5a7d51abb746669dbc34d7e2149e8fec3bf71fff54;16;0
602;0xa67d828453163879637ade5a7d51abb746669dbc34d7e2149e8fec3bf71fff54;17;0
603;0xa67d828453163879637ade5a7d51abb746669dbc34d7e2149e8fec3bf71fff54;17;0
604;0xa67d828453163879637ade5a7d51abb746669dbc34d7e2149e8fec3bf71fff54;17;0
605;0xa67d828453163879637ade5a7d51abb746669dbc34d7e2149e8fec3bf71fff54;17;0
606;0xa67d828453163879637ade5a7d51abb746669dbc34d7e2149e8fec3bf71fff54;18;0
607;0xa67d828453163879637ade5a7d51abb746669dbc34d7e2149e8fec3bf71fff54;19;0
608;0xa67d828453163879637ade5a7d51abb746669dbc34d7e2149e8fec3bf71fff54;17;0
609;0xa67d828453163879637ade5a7d51abb746669dbc34d7e2149e8fec3bf71fff54;18;0
610;0xa67d828453163879637ade5a7d51abb746669dbc34d7e2149e8fec3bf71fff54;18;0
611;0xa67d828453163879637ade5a7d51abb746669dbc34d7e2149e8fec3bf71fff54;18;0
612;0xa67d828453163879637ade5a7d51abb746669dbc34d7e2149e8fec3bf71fff54;17;0
613;0xa67d828453163879637ade5a7d51abb746669dbc34d7e2149e8fec3bf71fff54;17;0
614;0xa67d828453163879637ade5a7d51abb746669dbc34d7e2149e8fec3bf71fff54;17;0
615;0xa67d828453163879637ade5a7d51abb746669dbc34d7e2149e8fec3bf71fff54;16;0
616;0xa67d828453163879637ade5a7d51abb746669dbc34d7e2149e8fec3bf71fff54;17;0
617;0xa67d828453163879637ade5a7d51abb746669dbc34d7e2149e8fec3bf71fff54;17;0
618;0xa67d828453163879637ade5a7d51abb746669dbc34d7e2149e8fec3bf71fff54;18;0
619;0xa67d828453163879637ade5a7d51abb746669dbc34d7e2149e8fec3bf71fff54;18;0
620;0xa67d828453163879637ade5a7d51abb746669dbc34d7e2149e8fec3bf71fff54;18;0
621;0xa67d828453163879637ade5a7d51abb746669dbc34d7e2149e8fec3bf71fff54;16;0
622;0xa67d828453163879637ade5a7d51abb746669dbc34d7e2149e8fec3bf71fff54;18;0
623;0xa67d828453163879637ade5a7d51abb746669dbc34d7e2149e8fec3bf71fff54;22;0
624;0xa67d828453163879637ade5a7d51abb746669dbc34d7e2149e8fec3bf71fff54;17;0
625;0xa67d828453163879637ade5a7d51abb746669dbc34d7e2149e8fec3bf71fff54;18;0
626;0xa67d828453163879637ade5a7d51abb746669dbc34d7e2149e8fec3bf71fff54;18;0
627;0xa67d828453163879637ade5a7d51abb746669dbc34d7e2149e8fec3bf71fff54;18;0
628;0xa67d828453163879637ade5a7d51abb746669dbc34d7e2149e8fec3bf71fff54;17;0
629;0xa67d828453163879637ade5a7d51abb746669dbc34d7e2149e8fec3bf71fff54;17;0
630;0xa67d828453163879637ade5a7d51abb746669dbc34d7e2149e8fec3bf71fff54;18;0
631;0xa67d828453163879637ade5a7d51abb746669dbc34d7e2149e8fec3bf71fff54;17;0
632;0xa67d828453163879637ade5a7d51abb746669dbc34d7e2149e8fec3bf71fff54;18;0
633;0xa67d828453163879637ade5a7d51abb746669dbc34d7e2149e8fec3bf71fff54;17;0
634;0xa67d828453163879637ade5a7d51abb746669dbc34d7e2149e8fec3bf71fff54;18;0
635;0xa67d828453163879637ade5a7d51abb746669dbc34d7e2149e8fec3bf71fff54;19;0
636;0xa67d828453163879637ade5a7d51abb746669dbc34d7e2149e8fec3bf71fff54;18;0
637;0xa67d828453163879637ade5a7d51abb746669dbc34d7e2149e8fec3bf71fff54;19;0
638;0xa67d828453163879637ade5a7d51abb746669dbc34d7e2149e8fec3bf71fff54;18;0
639;0xa67d828453163879637ade5a7d51abb746669dbc34d7e2149e8fec3bf71fff54;17;0
640;0xa67d828453163879637ade5a7d51abb746669dbc34d7e2149e8fec3bf71fff54;19;0
641;0xa67d828453163879637ade5a7d51abb746669dbc34d7e2149e8fec3bf71fff54;18;0
642;0xa67d828453163879637ade5a7d51abb746669dbc34d7e2149e8fec3bf71fff54;18;0
643;0xa67d828453163879637ade5a7d51abb746669dbc34d7e2149e8fec3bf71fff54;18;0
644;0xa67d828453163879637ade5a7d51abb746669dbc34d7e2149e8fec3bf71fff54;18;0
645;0xa67d828453163879637ade5a7d51abb746669dbc34d7e2149e8fec3bf71fff54;17;0
646;0xa67d828453163879637ade5a7d51abb746669dbc34d7e2149e8fec3bf71fff54;17;0
647;0xa67d828453163879637ade5a7d51abb746669dbc34d7e2149e8fec3bf71fff54;17;0
648;0xa67d828453163879637ade5a7d51abb746669dbc34d7e2149e8fec3bf71fff54;17;0
649;0xa67d828453163879637ade5a7d51abb746669dbc34d7e2149e8fec3bf71fff54;16;0
650;0xa67d828453163879637ade5a7d51abb746669dbc34d7e2149e8fec3bf71fff54;19;0
651;0xa67d828453163879637ade5a7d51abb746669dbc34d7e2149e8fec3bf71fff54;16;0
652;0xa67d828453163879637ade5a7d51abb746669dbc34d7e2149e8fec3bf71fff54;18;0
653;0xa67d828453163879637ade5a7d51abb746669dbc34d7e2149e8fec3bf71fff54;17;0
654;0xa67d828453163879637ade5a7d51abb746669dbc34d7e2149e8fec3bf71fff54;19;0
655;0xa67d828453163879637ade5a7d51abb746669dbc34d7e2149e8fec3bf71fff54;17;0
656;0xa67d828453163879637ade5a7d51abb746669dbc34d7e2149e8fec3bf71fff54;17;0
657;0xa67d828453163879637ade5a7d51abb746669dbc34d7e2149e8fec3bf71fff54;16;0
658;0xa67d828453163879637ade5a7d51abb746669dbc34d7e2149e8fec3bf71fff54;17;0
659;0xa67d828453163879637ade5a7d51abb746669dbc34d7e2149e8fec3bf71fff54;17;0
660;0xa67d828453163879637ade5a7d51abb746669dbc34d7e2149e8fec3bf71fff54;16;0
661;0xa67d828453163879637ade5a7d51abb746669dbc34d7e2149e8fec3bf71fff54;17;0
662;0xa67d828453163879637ade5a7d51abb746669dbc34d7e2149e8fec3bf71fff54;16;0
663;0xa67d828453163879637ade5a7d51abb746669dbc34d7e2149e8fec3bf71fff54;17;0
664;0xa67d828453163879637ade5a7d51abb746669dbc34d7e2149e8fec3bf71fff54;16;0
665;0xa67d828453163879637ade5a7d51abb746669dbc34d7e2149e8fec3bf71fff54;17;0
666;0xa67d828453163879637ade5a7d51abb746669dbc34d7e2149e8fec3bf71fff54;16;0
667;0xa67d828453163879637ade5a7d51abb746669dbc34d7e2149e8fec3bf71fff54;17;0
668;0xa67d828453163879637ade5a7d51abb746669dbc34d7e2149e8fec3bf71fff54;16;0
669;0xa67d828453163879637ade5a7d51abb746669dbc34d7e2149e8fec3bf71fff54;16;0
670;0xa67d828453163879637ade5a7d51abb746669dbc34d7e2149e8fec3bf71fff54;17;0
671;0xa67d828453163879637ade5a7d51abb746669dbc34d7e2149e8fec3bf71fff54;16;0
672;0xa67d828453163879637ade5a7d51abb746669dbc34d7e2149e8fec3bf71fff54;17;0
673;0xa67d828453163879637ade5a7d51abb746669dbc34d7e2149e8fec3bf71fff54;17;0
674;0xa67d828453163879637ade5a7d51abb746669dbc34d7e2149e8fec3bf71fff54;18;0
675;0xa67d828453163879637ade5a7d51abb746669dbc34d7e2149e8fec3bf71fff54;18;0
676;0xa67d828453163879637ade5a7d51abb746669dbc34d7e2149e8fec3bf71fff54;19;0
677;0xa67d828453163879637ade5a7d51abb746669dbc34d7e2149e8fec3bf71fff54;18;0
678;0xa67d828453163879637ade5a7d51abb746669dbc34d7e2149e8fec3bf71fff54;17;0
679;0xa67d828453163879637ade5a7d51abb746669dbc34d7e2149e8fec3bf71fff54;16;0
680;0xa67d828453163879637ade5a7d51abb746669dbc34d7e2149e8fec3bf71fff54;16;0
681;0xa67d828453163879637ade5a7d51abb746669dbc34d7e2149e8fec3bf71fff54;18;0
682;0xa67d828453163879637ade5a7d51abb746669dbc34d7e2149e8fec3bf71fff54;21;0
683;0xa67d828453163879637ade5a7d51abb746669dbc34d7e2149e8fec3bf71fff54;16;0
684;0xa67d828453163879637ade5a7d51abb746669dbc34d7e2149e8fec3bf71fff54;19;0
685;0xa67d828453163879637ade5a7d51abb746669dbc34d7e2149e8fec3bf71fff54;17;0
686;0xa67d828453163879637ade5a7d51abb746669dbc34d7e2149e8fec3bf71fff54;16;0
687;0xa67d828453163879637ade5a7d51abb746669dbc34d7e2149e8fec3bf71fff54;20;0
688;0xa67d828453163879637ade5a7d51abb746669dbc34d7e2149e8fec3bf71fff54;18;0
689;0xa67d828453163879637ade5a7d51abb746669dbc34d7e2149e8fec3bf71fff54;16;0
690;0xa67d828453163879637ade5a7d51abb746669dbc34d7e2149e8fec3bf71fff54;17;0
691;0xa67d828453163879637ade5a7d51abb746669dbc34d7e2149e8fec3bf71fff54;18;0
692;0xa67d828453163879637ade5a7d51abb746669dbc34d7e2149e8fec3bf71fff54;18;0
693;0xa67d828453163879637ade5a7d51abb746669dbc34d7e2149e8fec3bf71fff54;18;0
694;0xa67d828453163879637ade5a7d51abb746669dbc34d7e2149e8fec3bf71fff54;18;0
695;0xa67d828453163879637ade5a7d51abb746669dbc34d7e2149e8fec3bf71fff54;17;0
696;0xa67d828453163879637ade5a7d51abb746669dbc34d7e2149e8fec3bf71fff54;17;0
697;0xa67d828453163879637ade5a7d51abb746669dbc34d7e2149e8fec3bf71fff54;16;0
698;0xa67d828453163879637ade5a7d51abb746669dbc34d7e2149e8fec3bf71fff54;17;0
699;0xa67d828453163879637ade5a7d51abb746669dbc34d7e2149e8fec3bf71fff54;17;0
700;0xa67d828453163879637ade5a7d51abb746669dbc34d7e2149e8fec3bf71fff54;16;0
701;0xa67d828453163879637ade5a7d51abb746669dbc34d7e2149e8fec3bf71fff54;17;0
702;0xa67d828453163879637ade5a7d51abb746669dbc34d7e2149e8fec3bf71fff54;16;0
703;0xa67d828453163879637ade5a7d51abb746669dbc34d7e2149e8fec3bf71fff54;20;0
704;0xa67d828453163879637ade5a7d51abb746669dbc34d7e2149e8fec3bf71fff54;21;0
705;0xa67d828453163879637ade5a7d51abb746669dbc34d7e2149e8fec3bf71fff54;16;0
706;0xa67d828453163879637ade5a7d51abb746669dbc34d7e2149e8fec3bf71fff54;18;0
707;0xa67d828453163879637ade5a7d51abb746669dbc34d7e2149e8fec3bf71fff54;18;0
708;0xa67d828453163879637ade5a7d51abb746669dbc34d7e2149e8fec3bf71fff54;19;0
709;0xa67d828453163879637ade5a7d51abb746669dbc34d7e2149e8fec3bf71fff54;17;0
710;0xa67d828453163879637ade5a7d51abb746669dbc34d7e2149e8fec3bf71fff54;17;0
711;0xa67d828453163879637ade5a7d51abb746669dbc34d7e2149e8fec3bf71fff54;18;0
712;0xa67d828453163879637ade5a7d51abb746669dbc34d7e2149e8fec3bf71fff54;18;0
713;0xa67d828453163879637ade5a7d51abb746669dbc34d7e2149e8fec3bf71fff54;18;0
714;0xa67d828453163879637ade5a7d51abb746669dbc34d7e2149e8fec3bf71fff54;18;0
715;0xa67d828453163879637ade5a7d51abb746669dbc34d7e2149e8fec3bf71fff54;18;0
716;0xa67d828453163879637ade5a7d51abb746669dbc34d7e2149e8fec3bf71fff54;17;0
717;0xa67d828453163879637ade5a7d51abb746669dbc34d7e2149e8fec3bf71fff54;19;0
718;0xa67d828453163879637ade5a7d51abb746669dbc34d7e2149e8fec3bf71fff54;18;0
719;0xa67d828453163879637ade5a7d51abb746669dbc34d7e2149e8fec3bf71fff54;17;0
720;0xa67d828453163879637ade5a7d51abb746669dbc34d7e2149e8fec3bf71fff54;18;0
721;0xa67d828453163879637ade5a7d51abb746669dbc34d7e2149e8fec3bf71fff54;17;0
722;0xa67d828453163879637ade5a7d51abb746669dbc34d7e2149e8fec3bf71fff54;16;0
723;0xa67d828453163879637ade5a7d51abb746669dbc34d7e2149e8fec3bf71fff54;17;0
724;0xa67d828453163879637ade5a7d51abb746669dbc34d7e2149e8fec3bf71fff54;17;0
725;0xa67d828453163879637ade5a7d51abb746669dbc34d7e2149e8fec3bf71fff54;17;0
726;0xa67d828453163879637ade5a7d51abb746669dbc34d7e2149e8fec3bf71fff54;16;0
727;0xa67d828453163879637ade5a7d51abb746669dbc34d7e2149e8fec3bf71fff54;19;0
728;0xa67d828453163879637ade5a7d51abb746669dbc34d7e2149e8fec3bf71fff54;20;0
729;0xa67d828453163879637ade5a7d51abb746669dbc34d7e2149e8fec3bf71fff54;16;0
730;0xa67d828453163879637ade5a7d51abb746669dbc34d7e2149e8fec3bf71fff54;17;0
731;0xa67d828453163879637ade5a7d51abb746669dbc34d7e2149e8fec3bf71fff54;17;0
732;0xa67d828453163879637ade5a7d51abb746669dbc34d7e2149e8fec3bf71fff54;16;0
733;0xa67d828453163879637ade5a7d51abb746669dbc34d7e2149e8fec3bf71fff54;17;0
734;0xa67d828453163879637ade5a7d51abb746669dbc34d7e2149e8fec3bf71fff54;15;0
735;0xa67d828453163879637ade5a7d51abb746669dbc34d7e2149e8fec3bf71fff54;19;0
736;0xa67d828453163879637ade5a7d51abb746669dbc34d7e2149e8fec3bf71fff54;18;0
737;0xa67d828453163879637ade5a7d51abb746669dbc34d7e2149e8fec3bf71fff54;16;0
738;0xa67d828453163879637ade5a7d51abb746669dbc34d7e2149e8fec3bf71fff54;16;0
739;0xa67d828453163879637ade5a7d51abb746669dbc34d7e2149e8fec3bf71fff54;15;0
740;0xa67d828453163879637ade5a7d51abb746669dbc34d7e2149e8fec3bf71fff54;16;0
741;0xa67d828453163879637ade5a7d51abb746669dbc34d7e2149e8fec3bf71fff54;17;0
742;0xa67d828453163879637ade5a7d51abb746669dbc34d7e2149e8fec3bf71fff54;17;0
743;0xa67d828453163879637ade5a7d51abb746669dbc34d7e2149e8fec3bf71fff54;17;0
744;0xa67d828453163879637ade5a7d51abb746669dbc34d7e2149e8fec3bf71fff54;15;0
745;0xa67d828453163879637ade5a7d51abb746669dbc34d7e2149e8fec3bf71fff54;17;0
746;0xa67d828453163879637ade5a7d51abb746669dbc34d7e2149e8fec3bf71fff54;18;0
747;0xa67d828453163879637ade5a7d51abb746669dbc34d7e2149e8fec3bf71fff54;17;0
748;0xa67d828453163879637ade5a7d51abb746669dbc34d7e2149e8fec3bf71fff54;16;0
749;0xa67d828453163879637ade5a7d51abb746669dbc34d7e2149e8fec3bf71fff54;16;0
750;0xa67d828453163879637ade5a7d51abb746669dbc34d7e2149e8fec3bf71fff54;18;0
751;0xa67d828453163879637ade5a7d51abb746669dbc34d7e2149e8fec3bf71fff54;18;0
752;0xa67d828453163879637ade5a7d51abb746669dbc34d7e2149e8fec3bf71fff54;19;0
753;0xa67d828453163879637ade5a7d51abb746669dbc34d7e2149e8fec3bf71fff54;17;0
754;0xa67d828453163879637ade5a7d51abb746669dbc34d7e2149e8fec3bf71fff54;16;0
755;0xa67d828453163879637ade5a7d51abb746669dbc34d7e2149e8fec3bf71fff54;17;0
756;0xa67d828453163879637ade5a7d51abb746669dbc34d7e2149e8fec3bf71fff54;17;0
757;0xa67d828453163879637ade5a7d51abb746669dbc34d7e2149e8fec3bf71fff54;19;0
758;0xa67d828453163879637ade5a7d51abb746669dbc34d7e2149e8fec3bf71fff54;17;0
759;0xa67d828453163879637ade5a7d51abb746669dbc34d7e2149e8fec3bf71fff54;19;0
760;0xa67d828453163879637ade5a7d51abb746669dbc34d7e2149e8fec3bf71fff54;17;0
761;0xa67d828453163879637ade5a7d51abb746669dbc34d7e2149e8fec3bf71fff54;17;0
762;0xa67d828453163879637ade5a7d51abb746669dbc34d7e2149e8fec3bf71fff54;17;0
763;0xa67d828453163879637ade5a7d51abb746669dbc34d7e2149e8fec3bf71fff54;16;0
764;0xa67d828453163879637ade5a7d51abb746669dbc34d7e2149e8fec3bf71fff54;16;0
765;0xa67d828453163879637ade5a7d51abb746669dbc34d7e2149e8fec3bf71fff54;16;0
766;0xa67d828453163879637ade5a7d51abb746669dbc34d7e2149e8fec3bf71fff54;16;0
767;0xa67d828453163879637ade5a7d51abb746669dbc34d7e2149e8fec3bf71fff54;16;0
768;0xa67d828453163879637ade5a7d51abb746669dbc34d7e2149e8fec3bf71fff54;18;0
769;0xa67d828453163879637ade5a7d51abb746669dbc34d7e2149e8fec3bf71fff54;17;0
770;0xa67d828453163879637ade5a7d51abb746669dbc34d7e2149e8fec3bf71fff54;16;0
771;0xa67d828453163879637ade5a7d51abb746669dbc34d7e2149e8fec3bf71fff54;17;0
772;0xa67d828453163879637ade5a7d51abb746669dbc34d7e2149e8fec3bf71fff54;16;0
773;0xa67d828453163879637ade5a7d51abb746669dbc34d7e2149e8fec3bf71fff54;16;0
774;0xa67d828453163879637ade5a7d51abb746669dbc34d7e2149e8fec3bf71fff54;17;0
775;0xa67d828453163879637ade5a7d51abb746669dbc34d7e2149e8fec3bf71fff54;17;0
776;0xa67d828453163879637ade5a7d51abb746669dbc34d7e2149e8fec3bf71fff54;17;0
777;0xa67d828453163879637ade5a7d51abb746669dbc34d7e2149e8fec3bf71fff54;15;0
778;0xa67d828453163879637ade5a7d51abb746669dbc34d7e2149e8fec3bf71fff54;16;0
779;0xa67d828453163879637ade5a7d51abb746669dbc34d7e2149e8fec3bf71fff54;17;0
780;0xa67d828453163879637ade5a7d51abb746669dbc34d7e2149e8fec3bf71fff54;17;0
781;0xa67d828453163879637ade5a7d51abb746669dbc34d7e2149e8fec3bf71fff54;17;0
782;0xa67d828453163879637ade5a7d51abb746669dbc34d7e2149e8fec3bf71fff54;16;0
783;0xa67d828453163879637ade5a7d51abb746669dbc34d7e2149e8fec3bf71fff54;17;0
784;0xa67d828453163879637ade5a7d51abb746669dbc34d7e2149e8fec3bf71fff54;17;0
785;0xa67d828453163879637ade5a7d51abb746669dbc34d7e2149e8fec3bf71fff54;17;0
786;0xa67d828453163879637ade5a7d51abb746669dbc34d7e2149e8fec3bf71fff54;18;0
787;0xa67d828453163879637ade5a7d51abb746669dbc34d7e2149e8fec3bf71fff54;17;0
788;0xa67d828453163879637ade5a7d51abb746669dbc34d7e2149e8fec3bf71fff54;17;0
789;0xa67d828453163879637ade5a7d51abb746669dbc34d7e2149e8fec3bf71fff54;15;0
790;0xa67d828453163879637ade5a7d51abb746669dbc34d7e2149e8fec3bf71fff54;18;0
791;0xa67d828453163879637ade5a7d51abb746669dbc34d7e2149e8fec3bf71fff54;17;0
792;0xa67d828453163879637ade5a7d51abb746669dbc34d7e2149e8fec3bf71fff54;18;0
793;0xa67d828453163879637ade5a7d51abb746669dbc34d7e2149e8fec3bf71fff54;17;0
794;0xa67d828453163879637ade5a7d51abb746669dbc34d7e2149e8fec3bf71fff54;20;0
795;0xa67d828453163879637ade5a7d51abb746669dbc34d7e2149e8fec3bf71fff54;18;0
796;0xa67d828453163879637ade5a7d51abb746669dbc34d7e2149e8fec3bf71fff54;16;0
797;0xa67d828453163879637ade5a7d51abb746669dbc34d7e2149e8fec3bf71fff54;17;0
798;0xa67d828453163879637ade5a7d51abb746669dbc34d7e2149e8fec3bf71fff54;19;0
799;0xa67d828453163879637ade5a7d51abb746669dbc34d7e2149e8fec3bf71fff54;16;0
800;0xa67d828453163879637ade5a7d51abb746669dbc34d7e2149e8fec3bf71fff54;18;0
801;0xa67d828453163879637ade5a7d51abb746669dbc34d7e2149e8fec3bf71fff54;17;0
802;0xa67d828453163879637ade5a7d51abb746669dbc34d7e2149e8fec3bf71fff54;19;0
803;0xa67d828453163879637ade5a7d51abb746669dbc34d7e2149e8fec3bf71fff54;18;0
804;0xa67d828453163879637ade5a7d51abb746669dbc34d7e2149e8fec3bf71fff54;18;0
805;0xa67d828453163879637ade5a7d51abb746669dbc34d7e2149e8fec3bf71fff54;21;0
806;0xa67d828453163879637ade5a7d51abb746669dbc34d7e2149e8fec3bf71fff54;16;0
807;0xa67d828453163879637ade5a7d51abb746669dbc34d7e2149e8fec3bf71fff54;17;0
808;0xa67d828453163879637ade5a7d51abb746669dbc34d7e2149e8fec3bf71fff54;15;0
809;0xa67d828453163879637ade5a7d51abb746669dbc34d7e2149e8fec3bf71fff54;17;0
810;0xa67d828453163879637ade5a7d51abb746669dbc34d7e2149e8fec3bf71fff54;16;0
811;0xa67d828453163879637ade5a7d51abb746669dbc34d7e2149e8fec3bf71fff54;17;0
812;0xa67d828453163879637ade5a7d51abb746669dbc34d7e2149e8fec3bf71fff54;17;0
813;0xa67d828453163879637ade5a7d51abb746669dbc34d7e2149e8fec3bf71fff54;18;0
814;0xa67d828453163879637ade5a7d51abb746669dbc34d7e2149e8fec3bf71fff54;17;0
815;0xa67d828453163879637ade5a7d51abb746669dbc34d7e2149e8fec3bf71fff54;18;0
816;0xa67d828453163879637ade5a7d51abb746669dbc34d7e2149e8fec3bf71fff54;20;0
817;0xa67d828453163879637ade5a7d51abb746669dbc34d7e2149e8fec3bf71fff54;17;0
818;0xa67d828453163879637ade5a7d51abb746669dbc34d7e2149e8fec3bf71fff54;19;0
819;0xa67d828453163879637ade5a7d51abb746669dbc34d7e2149e8fec3bf71fff54;19;0
820;0xa67d828453163879637ade5a7d51abb746669dbc34d7e2149e8fec3bf71fff54;18;0
821;0xa67d828453163879637ade5a7d51abb746669dbc34d7e2149e8fec3bf71fff54;16;0
822;0xa67d828453163879637ade5a7d51abb746669dbc34d7e2149e8fec3bf71fff54;17;0
823;0xa67d828453163879637ade5a7d51abb746669dbc34d7e2149e8fec3bf71fff54;17;0
824;0xa67d828453163879637ade5a7d51abb746669dbc34d7e2149e8fec3bf71fff54;20;0
825;0xa67d828453163879637ade5a7d51abb746669dbc34d7e2149e8fec3bf71fff54;17;0
826;0xa67d828453163879637ade5a7d51abb746669dbc34d7e2149e8fec3bf71fff54;16;0
827;0xa67d828453163879637ade5a7d51abb746669dbc34d7e2149e8fec3bf71fff54;17;0
828;0xa67d828453163879637ade5a7d51abb746669dbc34d7e2149e8fec3bf71fff54;18;0
829;0xa67d828453163879637ade5a7d51abb746669dbc34d7e2149e8fec3bf71fff54;18;0
830;0xa67d828453163879637ade5a7d51abb746669dbc34d7e2149e8fec3bf71fff54;17;0
831;0xa67d828453163879637ade5a7d51abb746669dbc34d7e2149e8fec3bf71fff54;15;0
832;0xa67d828453163879637ade5a7d51abb746669dbc34d7e2149e8fec3bf71fff54;17;0
833;0xa67d828453163879637ade5a7d51abb746669dbc34d7e2149e8fec3bf71fff54;14;0
834;0xa67d828453163879637ade5a7d51abb746669dbc34d7e2149e8fec3bf71fff54;16;0
835;0xa67d828453163879637ade5a7d51abb746669dbc34d7e2149e8fec3bf71fff54;17;0
836;0xa67d828453163879637ade5a7d51abb746669dbc34d7e2149e8fec3bf71fff54;15;0
837;0xa67d828453163879637ade5a7d51abb746669dbc34d7e2149e8fec3bf71fff54;17;0
838;0xa67d828453163879637ade5a7d51abb746669dbc34d7e2149e8fec3bf71fff54;21;0
839;0xa67d828453163879637ade5a7d51abb746669dbc34d7e2149e8fec3bf71fff54;18;0
840;0xa67d828453163879637ade5a7d51abb746669dbc34d7e2149e8fec3bf71fff54;15;0
841;0xa67d828453163879637ade5a7d51abb746669dbc34d7e2149e8fec3bf71fff54;17;0
842;0xa67d828453163879637ade5a7d51abb746669dbc34d7e2149e8fec3bf71fff54;16;0
843;0xa67d828453163879637ade5a7d51abb746669dbc34d7e2149e8fec3bf71fff54;17;0
844;0xa67d828453163879637ade5a7d51abb746669dbc34d7e2149e8fec3bf71fff54;18;0
845;0xa67d828453163879637ade5a7d51abb746669dbc34d7e2149e8fec3bf71fff54;17;0
846;0xa67d828453163879637ade5a7d51abb746669dbc34d7e2149e8fec3bf71fff54;17;0
847;0xa67d828453163879637ade5a7d51abb746669dbc34d7e2149e8fec3bf71fff54;17;0
848;0xa67d828453163879637ade5a7d51abb746669dbc34d7e2149e8fec3bf71fff54;17;0
849;0xa67d828453163879637ade5a7d51abb746669dbc34d7e2149e8fec3bf71fff54;16;0
850;0xa67d828453163879637ade5a7d51abb746669dbc34d7e2149e8fec3bf71fff54;18;0
851;0xa67d828453163879637ade5a7d51abb746669dbc34d7e2149e8fec3bf71fff54;16;0
852;0xa67d828453163879637ade5a7d51abb746669dbc34d7e2149e8fec3bf71fff54;16;0
853;0xa67d828453163879637ade5a7d51abb746669dbc34d7e2149e8fec3bf71fff54;15;0
854;0xa67d828453163879637ade5a7d51abb746669dbc34d7e2149e8fec3bf71fff54;17;0
855;0xa67d828453163879637ade5a7d51abb746669dbc34d7e2149e8fec3bf71fff54;17;0
856;0xa67d828453163879637ade5a7d51abb746669dbc34d7e2149e8fec3bf71fff54;18;0
857;0xa67d828453163879637ade5a7d51abb746669dbc34d7e2149e8fec3bf71fff54;18;0
858;0xa67d828453163879637ade5a7d51abb746669dbc34d7e2149e8fec3bf71fff54;15;0
859;0xa67d828453163879637ade5a7d51abb746669dbc34d7e2149e8fec3bf71fff54;16;0
860;0xa67d828453163879637ade5a7d51abb746669dbc34d7e2149e8fec3bf71fff54;15;0
861;0xa67d828453163879637ade5a7d51abb746669dbc34d7e2149e8fec3bf71fff54;22;0
862;0xa67d828453163879637ade5a7d51abb746669dbc34d7e2149e8fec3bf71fff54;17;0
863;0xa67d828453163879637ade5a7d51abb746669dbc34d7e2149e8fec3bf71fff54;17;0
864;0xa67d828453163879637ade5a7d51abb746669dbc34d7e2149e8fec3bf71fff54;19;0
865;0xa67d828453163879637ade5a7d51abb746669dbc34d7e2149e8fec3bf71fff54;16;0
866;0xa67d828453163879637ade5a7d51abb746669dbc34d7e2149e8fec3bf71fff54;18;0
867;0xa67d828453163879637ade5a7d51abb746669dbc34d7e2149e8fec3bf71fff54;19;0
868;0xa67d828453163879637ade5a7d51abb746669dbc34d7e2149e8fec3bf71fff54;15;0
869;0xa67d828453163879637ade5a7d51abb746669dbc34d7e2149e8fec3bf71fff54;16;0
870;0xa67d828453163879637ade5a7d51abb746669dbc34d7e2149e8fec3bf71fff54;18;0
871;0xa67d828453163879637ade5a7d51abb746669dbc34d7e2149e8fec3bf71fff54;17;0
872;0xa67d828453163879637ade5a7d51abb746669dbc34d7e2149e8fec3bf71fff54;16;0
873;0xa67d828453163879637ade5a7d51abb746669dbc34d7e2149e8fec3bf71fff54;16;0
874;0xa67d828453163879637ade5a7d51abb746669dbc34d7e2149e8fec3bf71fff54;16;0
875;0xa67d828453163879637ade5a7d51abb746669dbc34d7e2149e8fec3bf71fff54;16;0
876;0xa67d828453163879637ade5a7d51abb746669dbc34d7e2149e8fec3bf71fff54;16;0
877;0xa67d828453163879637ade5a7d51abb746669dbc34d7e2149e8fec3bf71fff54;18;0
878;0xa67d828453163879637ade5a7d51abb746669dbc34d7e2149e8fec3bf71fff54;17;0
879;0xa67d828453163879637ade5a7d51abb746669dbc34d7e2149e8fec3bf71fff54;16;0
880;0xa67d828453163879637ade5a7d51abb746669dbc34d7e2149e8fec3bf71fff54;17;0
881;0xa67d828453163879637ade5a7d51abb746669dbc34d7e2149e8fec3bf71fff54;17;0
882;0xa67d828453163879637ade5a7d51abb746669dbc34d7e2149e8fec3bf71fff54;18;0
883;0xa67d828453163879637ade5a7d51abb746669dbc34d7e2149e8fec3bf71fff54;16;0
884;0xa67d828453163879637ade5a7d51abb746669dbc34d7e2149e8fec3bf71fff54;17;0
885;0xa67d828453163879637ade5a7d51abb746669dbc34d7e2149e8fec3bf71fff54;17;0
886;0xa67d828453163879637ade5a7d51abb746669dbc34d7e2149e8fec3bf71fff54;17;0
887;0xa67d828453163879637ade5a7d51abb746669dbc34d7e2149e8fec3bf71fff54;18;0
888;0xa67d828453163879637ade5a7d51abb746669dbc34d7e2149e8fec3bf71fff54;17;0
889;0xa67d828453163879637ade5a7d51abb746669dbc34d7e2149e8fec3bf71fff54;17;0
890;0xa67d828453163879637ade5a7d51abb746669dbc34d7e2149e8fec3bf71fff54;17;0
891;0xa67d828453163879637ade5a7d51abb746669dbc34d7e2149e8fec3bf71fff54;16;0
892;0xa67d828453163879637ade5a7d51abb746669dbc34d7e2149e8fec3bf71fff54;18;0
893;0xa67d828453163879637ade5a7d51abb746669dbc34d7e2149e8fec3bf71fff54;17;0
894;0xa67d828453163879637ade5a7d51abb746669dbc34d7e2149e8fec3bf71fff54;18;0
895;0xa67d828453163879637ade5a7d51abb746669dbc34d7e2149e8fec3bf71fff54;17;0
896;0xa67d828453163879637ade5a7d51abb746669dbc34d7e2149e8fec3bf71fff54;17;0
897;0xa67d828453163879637ade5a7d51abb746669dbc34d7e2149e8fec3bf71fff54;19;0
898;0xa67d828453163879637ade5a7d51abb746669dbc34d7e2149e8fec3bf71fff54;17;0
899;0xa67d828453163879637ade5a7d51abb746669dbc34d7e2149e8fec3bf71fff54;17;0
900;0xa67d828453163879637ade5a7d51abb746669dbc34d7e2149e8fec3bf71fff54;16;0
901;0xa67d828453163879637ade5a7d51abb746669dbc34d7e2149e8fec3bf71fff54;17;0
902;0xa67d828453163879637ade5a7d51abb746669dbc34d7e2149e8fec3bf71fff54;16;0
903;0xa67d828453163879637ade5a7d51abb746669dbc34d7e2149e8fec3bf71fff54;16;0
904;0xa67d828453163879637ade5a7d51abb746669dbc34d7e2149e8fec3bf71fff54;16;0
905;0xa67d828453163879637ade5a7d51abb746669dbc34d7e2149e8fec3bf71fff54;16;0
906;0xa67d828453163879637ade5a7d51abb746669dbc34d7e2149e8fec3bf71fff54;16;0
907;0xa67d828453163879637ade5a7d51abb746669dbc34d7e2149e8fec3bf71fff54;17;0
908;0xa67d828453163879637ade5a7d51abb746669dbc34d7e2149e8fec3bf71fff54;16;0
909;0xa67d828453163879637ade5a7d51abb746669dbc34d7e2149e8fec3bf71fff54;17;0
910;0xa67d828453163879637ade5a7d51abb746669dbc34d7e2149e8fec3bf71fff54;17;0
911;0xa67d828453163879637ade5a7d51abb746669dbc34d7e2149e8fec3bf71fff54;19;0
912;0xa67d828453163879637ade5a7d51abb746669dbc34d7e2149e8fec3bf71fff54;18;0
913;0xa67d828453163879637ade5a7d51abb746669dbc34d7e2149e8fec3bf71fff54;17;0
914;0xa67d828453163879637ade5a7d51abb746669dbc34d7e2149e8fec3bf71fff54;17;0
915;0xa67d828453163879637ade5a7d51abb746669dbc34d7e2149e8fec3bf71fff54;17;0
916;0xa67d828453163879637ade5a7d51abb746669dbc34d7e2149e8fec3bf71fff54;18;0
917;0xa67d828453163879637ade5a7d51abb746669dbc34d7e2149e8fec3bf71fff54;18;0
918;0xa67d828453163879637ade5a7d51abb746669dbc34d7e2149e8fec3bf71fff54;15;0
919;0xa67d828453163879637ade5a7d51abb746669dbc34d7e2149e8fec3bf71fff54;16;0
920;0xa67d828453163879637ade5a7d51abb746669dbc34d7e2149e8fec3bf71fff54;17;0
921;0xa67d828453163879637ade5a7d51abb746669dbc34d7e2149e8fec3bf71fff54;17;0
922;0xa67d828453163879637ade5a7d51abb746669dbc34d7e2149e8fec3bf71fff54;17;0
923;0xa67d828453163879637ade5a7d51abb746669dbc34d7e2149e8fec3bf71fff54;18;0
924;0xa67d828453163879637ade5a7d51abb746669dbc34d7e2149e8fec3bf71fff54;17;0
925;0xa67d828453163879637ade5a7d51abb746669dbc34d7e2149e8fec3bf71fff54;18;0
926;0xa67d828453163879637ade5a7d51abb746669dbc34d7e2149e8fec3bf71fff54;16;0
927;0xa67d828453163879637ade5a7d51abb746669dbc34d7e2149e8fec3bf71fff54;18;0
928;0xa67d828453163879637ade5a7d51abb746669dbc34d7e2149e8fec3bf71fff54;16;0
929;0xa67d828453163879637ade5a7d51abb746669dbc34d7e2149e8fec3bf71fff54;17;0
930;0xa67d828453163879637ade5a7d51abb746669dbc34d7e2149e8fec3bf71fff54;17;0
931;0xa67d828453163879637ade5a7d51abb746669dbc34d7e2149e8fec3bf71fff54;17;0
932;0xa67d828453163879637ade5a7d51abb746669dbc34d7e2149e8fec3bf71fff54;20;0
933;0xa67d828453163879637ade5a7d51abb746669dbc34d7e2149e8fec3bf71fff54;17;0
934;0xa67d828453163879637ade5a7d51abb746669dbc34d7e2149e8fec3bf71fff54;16;0
935;0xa67d828453163879637ade5a7d51abb746669dbc34d7e2149e8fec3bf71fff54;16;0
936;0xa67d828453163879637ade5a7d51abb746669dbc34d7e2149e8fec3bf71fff54;18;0
937;0xa67d828453163879637ade5a7d51abb746669dbc34d7e2149e8fec3bf71fff54;16;0
938;0xa67d828453163879637ade5a7d51abb746669dbc34d7e2149e8fec3bf71fff54;19;0
939;0xa67d828453163879637ade5a7d51abb746669dbc34d7e2149e8fec3bf71fff54;18;0
940;0xa67d828453163879637ade5a7d51abb746669dbc34d7e2149e8fec3bf71fff54;17;0
941;0xa67d828453163879637ade5a7d51abb746669dbc34d7e2149e8fec3bf71fff54;19;0
942;0xa67d828453163879637ade5a7d51abb746669dbc34d7e2149e8fec3bf71fff54;15;0
943;0xa67d828453163879637ade5a7d51abb746669dbc34d7e2149e8fec3bf71fff54;17;0
944;0xa67d828453163879637ade5a7d51abb746669dbc34d7e2149e8fec3bf71fff54;17;0
945;0xa67d828453163879637ade5a7d51abb746669dbc34d7e2149e8fec3bf71fff54;18;0
946;0xa67d828453163879637ade5a7d51abb746669dbc34d7e2149e8fec3bf71fff54;18;0
947;0xa67d828453163879637ade5a7d51abb746669dbc34d7e2149e8fec3bf71fff54;17;0
948;0xa67d828453163879637ade5a7d51abb746669dbc34d7e2149e8fec3bf71fff54;17;0
949;0xa67d828453163879637ade5a7d51abb746669dbc34d7e2149e8fec3bf71fff54;17;0
950;0xa67d828453163879637ade5a7d51abb746669dbc34d7e2149e8fec3bf71fff54;20;0
951;0xa67d828453163879637ade5a7d51abb746669dbc34d7e2149e8fec3bf71fff54;17;0
952;0xa67d828453163879637ade5a7d51abb746669dbc34d7e2149e8fec3bf71fff54;18;0
953;0xa67d828453163879637ade5a7d51abb746669dbc34d7e2149e8fec3bf71fff54;16;0
954;0xa67d828453163879637ade5a7d51abb746669dbc34d7e2149e8fec3bf71fff54;18;0
955;0xa67d828453163879637ade5a7d51abb746669dbc34d7e2149e8fec3bf71fff54;17;0
956;0xa67d828453163879637ade5a7d51abb746669dbc34d7e2149e8fec3bf71fff54;16;0
957;0xa67d828453163879637ade5a7d51abb746669dbc34d7e2149e8fec3bf71fff54;18;0
958;0xa67d828453163879637ade5a7d51abb746669dbc34d7e2149e8fec3bf71fff54;17;0
959;0xa67d828453163879637ade5a7d51abb746669dbc34d7e2149e8fec3bf71fff54;18;0
960;0xa67d828453163879637ade5a7d51abb746669dbc34d7e2149e8fec3bf71fff54;18;0
961;0xa67d828453163879637ade5a7d51abb746669dbc34d7e2149e8fec3bf71fff54;16;0
962;0xa67d828453163879637ade5a7d51abb746669dbc34d7e2149e8fec3bf71fff54;16;0
963;0xa67d828453163879637ade5a7d51abb746669dbc34d7e2149e8fec3bf71fff54;17;0
964;0xa67d828453163879637ade5a7d51abb746669dbc34d7e2149e8fec3bf71fff54;19;0
965;0xa67d828453163879637ade5a7d51abb746669dbc34d7e2149e8fec3bf71fff54;17;0
966;0xa67d828453163879637ade5a7d51abb746669dbc34d7e2149e8fec3bf71fff54;17;0
967;0xa67d828453163879637ade5a7d51abb746669dbc34d7e2149e8fec3bf71fff54;16;0
968;0xa67d828453163879637ade5a7d51abb746669dbc34d7e2149e8fec3bf71fff54;16;0
969;0xa67d828453163879637ade5a7d51abb746669dbc34d7e2149e8fec3bf71fff54;16;0
970;0xa67d828453163879637ade5a7d51abb746669dbc34d7e2149e8fec3bf71fff54;19;0
971;0xa67d828453163879637ade5a7d51abb746669dbc34d7e2149e8fec3bf71fff54;18;0
972;0xa67d828453163879637ade5a7d51abb746669dbc34d7e2149e8fec3bf71fff54;17;0
973;0xa67d828453163879637ade5a7d51abb746669dbc34d7e2149e8fec3bf71fff54;19;0
974;0xa67d828453163879637ade5a7d51abb746669dbc34d7e2149e8fec3bf71fff54;16;0
975;0xa67d828453163879637ade5a7d51abb746669dbc34d7e2149e8fec3bf71fff54;17;0
976;0xa67d828453163879637ade5a7d51abb746669dbc34d7e2149e8fec3bf71fff54;18;0
977;0xa67d828453163879637ade5a7d51abb746669dbc34d7e2149e8fec3bf71fff54;18;0
978;0xa67d828453163879637ade5a7d51abb746669dbc34d7e2149e8fec3bf71fff54;16;0
979;0xa67d828453163879637ade5a7d51abb746669dbc34d7e2149e8fec3bf71fff54;19;0
980;0xa67d828453163879637ade5a7d51abb746669dbc34d7e2149e8fec3bf71fff54;17;0
981;0xa67d828453163879637ade5a7d51abb746669dbc34d7e2149e8fec3bf71fff54;16;0
982;0xa67d828453163879637ade5a7d51abb746669dbc34d7e2149e8fec3bf71fff54;17;0
983;0xa67d828453163879637ade5a7d51abb746669dbc34d7e2149e8fec3bf71fff54;17;0
984;0xa67d828453163879637ade5a7d51abb746669dbc34d7e2149e8fec3bf71fff54;16;0
985;0xa67d828453163879637ade5a7d51abb746669dbc34d7e2149e8fec3bf71fff54;17;0
986;0xa67d828453163879637ade5a7d51abb746669dbc34d7e2149e8fec3bf71fff54;19;0
987;0xa67d828453163879637ade5a7d51abb746669dbc34d7e2149e8fec3bf71fff54;17;0
988;0xa67d828453163879637ade5a7d51abb746669dbc34d7e2149e8fec3bf71fff54;17;0
989;0xa67d828453163879637ade5a7d51abb746669dbc34d7e2149e8fec3bf71fff54;17;0
990;0xa67d828453163879637ade5a7d51abb746669dbc34d7e2149e8fec3bf71fff54;17;0
991;0xa67d828453163879637ade5a7d51abb746669dbc34d7e2149e8fec3bf71fff54;16;0
992;0xa67d828453163879637ade5a7d51abb746669dbc34d7e2149e8fec3bf71fff54;16;0
993;0xa67d828453163879637ade5a7d51abb746669dbc34d7e2149e8fec3bf71fff54;19;0
994;0xa67d828453163879637ade5a7d51abb746669dbc34d7e2149e8fec3bf71fff54;17;0
995;0xa67d828453163879637ade5a7d51abb746669dbc34d7e2149e8fec3bf71fff54;19;0
996;0xa67d828453163879637ade5a7d51abb746669dbc34d7e2149e8fec3bf71fff54;17;0
997;0xa67d828453163879637ade5a7d51abb746669dbc34d7e2149e8fec3bf71fff54;18;0
998;0xa67d828453163879637ade5a7d51abb746669dbc34d7e2149e8fec3bf71fff54;17;0
999;0xa67d828453163879637ade5a7d51abb746669dbc34d7e2149e8fec3bf71fff54;17;0
1000;0xa67d828453163879637ade5a7d51abb746669dbc34d7e2149e8fec3bf71fff54;17;0
1001;0xa67d828453163879637ade5a7d51abb746669dbc34d7e2149e8fec3bf71fff54;17;0
1002;0xa67d828453163879637ade5a7d51abb746669dbc34d7e2149e8fec3bf71fff54;17;0
1003;0xa67d828453163879637ade5a7d51abb746669dbc34d7e2149e8fec3bf71fff54;17;0
1004;0xa67d828453163879637ade5a7d51abb746669dbc34d7e2149e8fec3bf71fff54;19;0
1005;0xa67d828453163879637ade5a7d51abb746669dbc34d7e2149e8fec3bf71fff54;17;0
1006;0xa67d828453163879637ade5a7d51abb746669dbc34d7e2149e8fec3bf71fff54;18;0
1007;0xa67d828453163879637ade5a7d51abb746669dbc34d7e2149e8fec3bf71fff54;17;0
1008;0xa67d828453163879637ade5a7d51abb746669dbc34d7e2149e8fec3bf71fff54;18;0
1009;0xa67d828453163879637ade5a7d51abb746669dbc34d7e2149e8fec3bf71fff54;18;0
1010;0xa67d828453163879637ade5a7d51abb746669dbc34d7e2149e8fec3bf71fff54;16;0
1011;0xa67d828453163879637ade5a7d51abb746669dbc34d7e2149e8fec3bf71fff54;17;0
1012;0xa67d828453163879637ade5a7d51abb746669dbc34d7e2149e8fec3bf71fff54;17;0
1013;0xa67d828453163879637ade5a7d51abb746669dbc34d7e2149e8fec3bf71fff54;19;0
1014;0xa67d828453163879637ade5a7d51abb746669dbc34d7e2149e8fec3bf71fff54;17;0
1015;0xa67d828453163879637ade5a7d51abb746669dbc34d7e2149e8fec3bf71fff54;20;0
1016;0xa67d828453163879637ade5a7d51abb746669dbc34d7e2149e8fec3bf71fff54;16;0
1017;0xa67d828453163879637ade5a7d51abb746669dbc34d7e2149e8fec3bf71fff54;18;0
1018;0xa67d828453163879637ade5a7d51abb746669dbc34d7e2149e8fec3bf71fff54;19;0
1019;0xa67d828453163879637ade5a7d51abb746669dbc34d7e2149e8fec3bf71fff54;18;0
1020;0xa67d828453163879637ade5a7d51abb746669dbc34d7e2149e8fec3bf71fff54;16;0
1021;0xa67d828453163879637ade5a7d51abb746669dbc34d7e2149e8fec3bf71fff54;17;0
1022;0xa67d828453163879637ade5a7d51abb746669dbc34d7e2149e8fec3bf71fff54;18;0
1023;0xa67d828453163879637ade5a7d51abb746669dbc34d7e2149e8fec3bf71fff54;17;0
1024;0xa67d828453163879637ade5a7d51abb746669dbc34d7e2149e8fec3bf71fff54;17;0
1025;0xa67d828453163879637ade5a7d51abb746669dbc34d7e2149e8fec3bf71fff54;16;0
1026;0xa67d828453163879637ade5a7d51abb746669dbc34d7e2149e8fec3bf71fff54;18;0
1027;0xa67d828453163879637ade5a7d51abb746669dbc34d7e2149e8fec3bf71fff54;16;0
1028;0xa67d828453163879637ade5a7d51abb746669dbc34d7e2149e8fec3bf71fff54;17;0
1029;0xa67d828453163879637ade5a7d51abb746669dbc34d7e2149e8fec3bf71fff54;16;0
1030;0xa67d828453163879637ade5a7d51abb746669dbc34d7e2149e8fec3bf71fff54;17;0
1031;0xa67d828453163879637ade5a7d51abb746669dbc34d7e2149e8fec3bf71fff54;16;0
1032;0xa67d828453163879637ade5a7d51abb746669dbc34d7e2149e8fec3bf71fff54;19;0
1033;0xa67d828453163879637ade5a7d51abb746669dbc34d7e2149e8fec3bf71fff54;19;0
1034;0xa67d828453163879637ade5a7d51abb746669dbc34d7e2149e8fec3bf71fff54;17;0
1035;0xa67d828453163879637ade5a7d51abb746669dbc34d7e2149e8fec3bf71fff54;20;0
1036;0xa67d828453163879637ade5a7d51abb746669dbc34d7e2149e8fec3bf71fff54;16;0
1037;0xa67d828453163879637ade5a7d51abb746669dbc34d7e2149e8fec3bf71fff54;17;0
1038;0xa67d828453163879637ade5a7d51abb746669dbc34d7e2149e8fec3bf71fff54;17;0
1039;0xa67d828453163879637ade5a7d51abb746669dbc34d7e2149e8fec3bf71fff54;17;0
1040;0xa67d828453163879637ade5a7d51abb746669dbc34d7e2149e8fec3bf71fff54;17;0
1041;0xa67d828453163879637ade5a7d51abb746669dbc34d7e2149e8fec3bf71fff54;16;0
1042;0xa67d828453163879637ade5a7d51abb746669dbc34d7e2149e8fec3bf71fff54;18;0
1043;0xa67d828453163879637ade5a7d51abb746669dbc34d7e2149e8fec3bf71fff54;17;0
1044;0xa67d828453163879637ade5a7d51abb746669dbc34d7e2149e8fec3bf71fff54;16;0
1045;0xa67d828453163879637ade5a7d51abb746669dbc34d7e2149e8fec3bf71fff54;24;0
1046;0xa67d828453163879637ade5a7d51abb746669dbc34d7e2149e8fec3bf71fff54;16;0
1047;0xa67d828453163879637ade5a7d51abb746669dbc34d7e2149e8fec3bf71fff54;18;0
1048;0xa67d828453163879637ade5a7d51abb746669dbc34d7e2149e8fec3bf71fff54;18;0
1049;0xa67d828453163879637ade5a7d51abb746669dbc34d7e2149e8fec3bf71fff54;17;0
1050;0xa67d828453163879637ade5a7d51abb746669dbc34d7e2149e8fec3bf71fff54;17;0
1051;0xa67d828453163879637ade5a7d51abb746669dbc34d7e2149e8fec3bf71fff54;18;0
1052;0xa67d828453163879637ade5a7d51abb746669dbc34d7e2149e8fec3bf71fff54;16;0
1053;0xa67d828453163879637ade5a7d51abb746669dbc34d7e2149e8fec3bf71fff54;18;0
1054;0xa67d828453163879637ade5a7d51abb746669dbc34d7e2149e8fec3bf71fff54;18;0
1055;0xa67d828453163879637ade5a7d51abb746669dbc34d7e2149e8fec3bf71fff54;17;0
1056;0xa67d828453163879637ade5a7d51abb746669dbc34d7e2149e8fec3bf71fff54;15;0
1057;0xa67d828453163879637ade5a7d51abb746669dbc34d7e2149e8fec3bf71fff54;16;0
1058;0xa67d828453163879637ade5a7d51abb746669dbc34d7e2149e8fec3bf71fff54;17;0
1059;0xa67d828453163879637ade5a7d51abb746669dbc34d7e2149e8fec3bf71fff54;16;0
1060;0xa67d828453163879637ade5a7d51abb746669dbc34d7e2149e8fec3bf71fff54;15;0
1061;0xa67d828453163879637ade5a7d51abb746669dbc34d7e2149e8fec3bf71fff54;18;0
1062;0xa67d828453163879637ade5a7d51abb746669dbc34d7e2149e8fec3bf71fff54;18;0
1063;0xa67d828453163879637ade5a7d51abb746669dbc34d7e2149e8fec3bf71fff54;18;0
1064;0xa67d828453163879637ade5a7d51abb746669dbc34d7e2149e8fec3bf71fff54;17;0
1065;0xa67d828453163879637ade5a7d51abb746669dbc34d7e2149e8fec3bf71fff54;16;0
1066;0xa67d828453163879637ade5a7d51abb746669dbc34d7e2149e8fec3bf71fff54;17;0
1067;0xa67d828453163879637ade5a7d51abb746669dbc34d7e2149e8fec3bf71fff54;18;0
1068;0xa67d828453163879637ade5a7d51abb746669dbc34d7e2149e8fec3bf71fff54;17;0
1069;0xa67d828453163879637ade5a7d51abb746669dbc34d7e2149e8fec3bf71fff54;16;0
1070;0xa67d828453163879637ade5a7d51abb746669dbc34d7e2149e8fec3bf71fff54;19;0
1071;0xa67d828453163879637ade5a7d51abb746669dbc34d7e2149e8fec3bf71fff54;18;0
1072;0xa67d828453163879637ade5a7d51abb746669dbc34d7e2149e8fec3bf71fff54;14;0
1073;0xa67d828453163879637ade5a7d51abb746669dbc34d7e2149e8fec3bf71fff54;16;0
1074;0xa67d828453163879637ade5a7d51abb746669dbc34d7e2149e8fec3bf71fff54;16;0
1075;0xa67d828453163879637ade5a7d51abb746669dbc34d7e2149e8fec3bf71fff54;19;0
1076;0xa67d828453163879637ade5a7d51abb746669dbc34d7e2149e8fec3bf71fff54;16;0
1077;0xa67d828453163879637ade5a7d51abb746669dbc34d7e2149e8fec3bf71fff54;18;0
1078;0xa67d828453163879637ade5a7d51abb746669dbc34d7e2149e8fec3bf71fff54;17;0
1079;0xa67d828453163879637ade5a7d51abb746669dbc34d7e2149e8fec3bf71fff54;18;0
1080;0xa67d828453163879637ade5a7d51abb746669dbc34d7e2149e8fec3bf71fff54;17;0
1081;0xa67d828453163879637ade5a7d51abb746669dbc34d7e2149e8fec3bf71fff54;17;0
1082;0xa67d828453163879637ade5a7d51abb746669dbc34d7e2149e8fec3bf71fff54;18;0
1083;0xa67d828453163879637ade5a7d51abb746669dbc34d7e2149e8fec3bf71fff54;18;0
1084;0xa67d828453163879637ade5a7d51abb746669dbc34d7e2149e8fec3bf71fff54;17;0
1085;0xa67d828453163879637ade5a7d51abb746669dbc34d7e2149e8fec3bf71fff54;17;0
1086;0xa67d828453163879637ade5a7d51abb746669dbc34d7e2149e8fec3bf71fff54;20;0
1087;0xa67d828453163879637ade5a7d51abb746669dbc34d7e2149e8fec3bf71fff54;16;0
1088;0xa67d828453163879637ade5a7d51abb746669dbc34d7e2149e8fec3bf71fff54;16;0
1089;0xa67d828453163879637ade5a7d51abb746669dbc34d7e2149e8fec3bf71fff54;18;0
1090;0xa67d828453163879637ade5a7d51abb746669dbc34d7e2149e8fec3bf71fff54;17;0
1091;0xa67d828453163879637ade5a7d51abb746669dbc34d7e2149e8fec3bf71fff54;17;0
1092;0xa67d828453163879637ade5a7d51abb746669dbc34d7e2149e8fec3bf71fff54;17;0
1093;0xa67d828453163879637ade5a7d51abb746669dbc34d7e2149e8fec3bf71fff54;17;0
1094;0xa67d828453163879637ade5a7d51abb746669dbc34d7e2149e8fec3bf71fff54;17;0
1095;0xa67d828453163879637ade5a7d51abb746669dbc34d7e2149e8fec3bf71fff54;17;0
1096;0xa67d828453163879637ade5a7d51abb746669dbc34d7e2149e8fec3bf71fff54;20;0
1097;0xa67d828453163879637ade5a7d51abb746669dbc34d7e2149e8fec3bf71fff54;17;0
1098;0xa67d828453163879637ade5a7d51abb746669dbc34d7e2149e8fec3bf71fff54;17;0
1099;0xa67d828453163879637ade5a7d51abb746669dbc34d7e2149e8fec3bf71fff54;17;0
1100;0xa67d828453163879637ade5a7d51abb746669dbc34d7e2149e8fec3bf71fff54;17;0
1101;0xa67d828453163879637ade5a7d51abb746669dbc34d7e2149e8fec3bf71fff54;16;0
1102;0xa67d828453163879637ade5a7d51abb746669dbc34d7e2149e8fec3bf71fff54;17;0
1103;0xa67d828453163879637ade5a7d51abb746669dbc34d7e2149e8fec3bf71fff54;19;0
1104;0xa67d828453163879637ade5a7d51abb746669dbc34d7e2149e8fec3bf71fff54;16;0
1105;0xa67d828453163879637ade5a7d51abb746669dbc34d7e2149e8fec3bf71fff54;18;0
1106;0xa67d828453163879637ade5a7d51abb746669dbc34d7e2149e8fec3bf71fff54;18;0
1107;0xa67d828453163879637ade5a7d51abb746669dbc34d7e2149e8fec3bf71fff54;17;0
1108;0xa67d828453163879637ade5a7d51abb746669dbc34d7e2149e8fec3bf71fff54;18;0
1109;0xa67d828453163879637ade5a7d51abb746669dbc34d7e2149e8fec3bf71fff54;17;0
1110;0xa67d828453163879637ade5a7d51abb746669dbc34d7e2149e8fec3bf71fff54;19;0
1111;0xa67d828453163879637ade5a7d51abb746669dbc34d7e2149e8fec3bf71fff54;16;0
1112;0xa67d828453163879637ade5a7d51abb746669dbc34d7e2149e8fec3bf71fff54;17;0
1113;0xa67d828453163879637ade5a7d51abb746669dbc34d7e2149e8fec3bf71fff54;20;0
1114;0xa67d828453163879637ade5a7d51abb746669dbc34d7e2149e8fec3bf71fff54;17;0
1115;0xa67d828453163879637ade5a7d51abb746669dbc34d7e2149e8fec3bf71fff54;17;0
1116;0xa67d828453163879637ade5a7d51abb746669dbc34d7e2149e8fec3bf71fff54;16;0
1117;0xa67d828453163879637ade5a7d51abb746669dbc34d7e2149e8fec3bf71fff54;19;0
1118;0xa67d828453163879637ade5a7d51abb746669dbc34d7e2149e8fec3bf71fff54;18;0
1119;0xa67d828453163879637ade5a7d51abb746669dbc34d7e2149e8fec3bf71fff54;18;0
1120;0xa67d828453163879637ade5a7d51abb746669dbc34d7e2149e8fec3bf71fff54;19;0
1121;0xa67d828453163879637ade5a7d51abb746669dbc34d7e2149e8fec3bf71fff54;18;0
1122;0xa67d828453163879637ade5a7d51abb746669dbc34d7e2149e8fec3bf71fff54;18;0
1123;0xa67d828453163879637ade5a7d51abb746669dbc34d7e2149e8fec3bf71fff54;17;0
1124;0xa67d828453163879637ade5a7d51abb746669dbc34d7e2149e8fec3bf71fff54;16;0
1125;0xa67d828453163879637ade5a7d51abb746669dbc34d7e2149e8fec3bf71fff54;17;0
1126;0xa67d828453163879637ade5a7d51abb746669dbc34d7e2149e8fec3bf71fff54;18;0
1127;0xa67d828453163879637ade5a7d51abb746669dbc34d7e2149e8fec3bf71fff54;17;0
1128;0xa67d828453163879637ade5a7d51abb746669dbc34d7e2149e8fec3bf71fff54;18;0
1129;0xa67d828453163879637ade5a7d51abb746669dbc34d7e2149e8fec3bf71fff54;17;0
1130;0xa67d828453163879637ade5a7d51abb746669dbc34d7e2149e8fec3bf71fff54;16;0
1131;0xa67d828453163879637ade5a7d51abb746669dbc34d7e2149e8fec3bf71fff54;20;0
1132;0xa67d828453163879637ade5a7d51abb746669dbc34d7e2149e8fec3bf71fff54;17;0
1133;0xa67d828453163879637ade5a7d51abb746669dbc34d7e2149e8fec3bf71fff54;18;0
1134;0xa67d828453163879637ade5a7d51abb746669dbc34d7e2149e8fec3bf71fff54;17;0
1135;0xa67d828453163879637ade5a7d51abb746669dbc34d7e2149e8fec3bf71fff54;18;0
1136;0xa67d828453163879637ade5a7d51abb746669dbc34d7e2149e8fec3bf71fff54;17;0
1137;0xa67d828453163879637ade5a7d51abb746669dbc34d7e2149e8fec3bf71fff54;17;0
1138;0xa67d828453163879637ade5a7d51abb746669dbc34d7e2149e8fec3bf71fff54;17;0
1139;0xa67d828453163879637ade5a7d51abb746669dbc34d7e2149e8fec3bf71fff54;18;0
1140;0xa67d828453163879637ade5a7d51abb746669dbc34d7e2149e8fec3bf71fff54;16;0
1141;0xa67d828453163879637ade5a7d51abb746669dbc34d7e2149e8fec3bf71fff54;18;0
1142;0xa67d828453163879637ade5a7d51abb746669dbc34d7e2149e8fec3bf71fff54;17;0
1143;0xa67d828453163879637ade5a7d51abb746669dbc34d7e2149e8fec3bf71fff54;18;0
1144;0xa67d828453163879637ade5a7d51abb746669dbc34d7e2149e8fec3bf71fff54;20;0
1145;0xa67d828453163879637ade5a7d51abb746669dbc34d7e2149e8fec3bf71fff54;17;0
1146;0xa67d828453163879637ade5a7d51abb746669dbc34d7e2149e8fec3bf71fff54;21;0
1147;0xa67d828453163879637ade5a7d51abb746669dbc34d7e2149e8fec3bf71fff54;18;0
1148;0xa67d828453163879637ade5a7d51abb746669dbc34d7e2149e8fec3bf71fff54;17;0
1149;0xa67d828453163879637ade5a7d51abb746669dbc34d7e2149e8fec3bf71fff54;18;0
1150;0xa67d828453163879637ade5a7d51abb746669dbc34d7e2149e8fec3bf71fff54;17;0
1151;0xa67d828453163879637ade5a7d51abb746669dbc34d7e2149e8fec3bf71fff54;16;0
1152;0xa67d828453163879637ade5a7d51abb746669dbc34d7e2149e8fec3bf71fff54;17;0
1153;0xa67d828453163879637ade5a7d51abb746669dbc34d7e2149e8fec3bf71fff54;16;0
1154;0xa67d828453163879637ade5a7d51abb746669dbc34d7e2149e8fec3bf71fff54;17;0
1155;0xa67d828453163879637ade5a7d51abb746669dbc34d7e2149e8fec3bf71fff54;18;0
1156;0xa67d828453163879637ade5a7d51abb746669dbc34d7e2149e8fec3bf71fff54;19;0
1157;0xa67d828453163879637ade5a7d51abb746669dbc34d7e2149e8fec3bf71fff54;19;0
1158;0xa67d828453163879637ade5a7d51abb746669dbc34d7e2149e8fec3bf71fff54;17;0
1159;0xa67d828453163879637ade5a7d51abb746669dbc34d7e2149e8fec3bf71fff54;17;0
1160;0xa67d828453163879637ade5a7d51abb746669dbc34d7e2149e8fec3bf71fff54;16;0
1161;0xa67d828453163879637ade5a7d51abb746669dbc34d7e2149e8fec3bf71fff54;18;0
1162;0xa67d828453163879637ade5a7d51abb746669dbc34d7e2149e8fec3bf71fff54;17;0
1163;0xa67d828453163879637ade5a7d51abb746669dbc34d7e2149e8fec3bf71fff54;17;0
1164;0xa67d828453163879637ade5a7d51abb746669dbc34d7e2149e8fec3bf71fff54;17;0
1165;0xa67d828453163879637ade5a7d51abb746669dbc34d7e2149e8fec3bf71fff54;17;0
1166;0xa67d828453163879637ade5a7d51abb746669dbc34d7e2149e8fec3bf71fff54;17;0
1167;0xa67d828453163879637ade5a7d51abb746669dbc34d7e2149e8fec3bf71fff54;20;0
1168;0xa67d828453163879637ade5a7d51abb746669dbc34d7e2149e8fec3bf71fff54;18;0
1169;0xa67d828453163879637ade5a7d51abb746669dbc34d7e2149e8fec3bf71fff54;16;0
1170;0xa67d828453163879637ade5a7d51abb746669dbc34d7e2149e8fec3bf71fff54;19;0
1171;0xa67d828453163879637ade5a7d51abb746669dbc34d7e2149e8fec3bf71fff54;17;0
1172;0xa67d828453163879637ade5a7d51abb746669dbc34d7e2149e8fec3bf71fff54;16;0
1173;0xa67d828453163879637ade5a7d51abb746669dbc34d7e2149e8fec3bf71fff54;18;0
1174;0xa67d828453163879637ade5a7d51abb746669dbc34d7e2149e8fec3bf71fff54;17;0
1175;0xa67d828453163879637ade5a7d51abb746669dbc34d7e2149e8fec3bf71fff54;18;0
1176;0xa67d828453163879637ade5a7d51abb746669dbc34d7e2149e8fec3bf71fff54;18;0
1177;0xa67d828453163879637ade5a7d51abb746669dbc34d7e2149e8fec3bf71fff54;17;0
1178;0xa67d828453163879637ade5a7d51abb746669dbc34d7e2149e8fec3bf71fff54;16;0
1179;0xa67d828453163879637ade5a7d51abb746669dbc34d7e2149e8fec3bf71fff54;17;0
1180;0xa67d828453163879637ade5a7d51abb746669dbc34d7e2149e8fec3bf71fff54;18;0
1181;0xa67d828453163879637ade5a7d51abb746669dbc34d7e2149e8fec3bf71fff54;21;0
1182;0xa67d828453163879637ade5a7d51abb746669dbc34d7e2149e8fec3bf71fff54;18;0
1183;0xa67d828453163879637ade5a7d51abb746669dbc34d7e2149e8fec3bf71fff54;18;0
1184;0xa67d828453163879637ade5a7d51abb746669dbc34d7e2149e8fec3bf71fff54;21;0
1185;0xa67d828453163879637ade5a7d51abb746669dbc34d7e2149e8fec3bf71fff54;17;0
1186;0xa67d828453163879637ade5a7d51abb746669dbc34d7e2149e8fec3bf71fff54;17;0
1187;0xa67d828453163879637ade5a7d51abb746669dbc34d7e2149e8fec3bf71fff54;17;0
1188;0xa67d828453163879637ade5a7d51abb746669dbc34d7e2149e8fec3bf71fff54;17;0
1189;0xa67d828453163879637ade5a7d51abb746669dbc34d7e2149e8fec3bf71fff54;18;0
1190;0xa67d828453163879637ade5a7d51abb746669dbc34d7e2149e8fec3bf71fff54;16;0
1191;0xa67d828453163879637ade5a7d51abb746669dbc34d7e2149e8fec3bf71fff54;18;0
1192;0xa67d828453163879637ade5a7d51abb746669dbc34d7e2149e8fec3bf71fff54;19;0
1193;0xa67d828453163879637ade5a7d51abb746669dbc34d7e2149e8fec3bf71fff54;16;0
1194;0xa67d828453163879637ade5a7d51abb746669dbc34d7e2149e8fec3bf71fff54;18;0
1195;0xa67d828453163879637ade5a7d51abb746669dbc34d7e2149e8fec3bf71fff54;17;0
1196;0xa67d828453163879637ade5a7d51abb746669dbc34d7e2149e8fec3bf71fff54;19;0
1197;0xa67d828453163879637ade5a7d51abb746669dbc34d7e2149e8fec3bf71fff54;17;0
1198;0xa67d828453163879637ade5a7d51abb746669dbc34d7e2149e8fec3bf71fff54;18;0
1199;0xa67d828453163879637ade5a7d51abb746669dbc34d7e2149e8fec3bf71fff54;18;0
1200;0xa67d828453163879637ade5a7d51abb746669dbc34d7e2149e8fec3bf71fff54;19;0
1201;0xa67d828453163879637ade5a7d51abb746669dbc34d7e2149e8fec3bf71fff54;17;0
1202;0xa67d828453163879637ade5a7d51abb746669dbc34d7e2149e8fec3bf71fff54;18;0
1203;0xa67d828453163879637ade5a7d51abb746669dbc34d7e2149e8fec3bf71fff54;17;0
1204;0xa67d828453163879637ade5a7d51abb746669dbc34d7e2149e8fec3bf71fff54;17;0
1205;0xa67d828453163879637ade5a7d51abb746669dbc34d7e2149e8fec3bf71fff54;18;0
1206;0xa67d828453163879637ade5a7d51abb746669dbc34d7e2149e8fec3bf71fff54;16;0
1207;0xa67d828453163879637ade5a7d51abb746669dbc34d7e2149e8fec3bf71fff54;17;0
1208;0xa67d828453163879637ade5a7d51abb746669dbc34d7e2149e8fec3bf71fff54;17;0
1209;0xa67d828453163879637ade5a7d51abb746669dbc34d7e2149e8fec3bf71fff54;16;0
1210;0xa67d828453163879637ade5a7d51abb746669dbc34d7e2149e8fec3bf71fff54;17;0
1211;0xa67d828453163879637ade5a7d51abb746669dbc34d7e2149e8fec3bf71fff54;19;0
1212;0xa67d828453163879637ade5a7d51abb746669dbc34d7e2149e8fec3bf71fff54;17;0
1213;0xa67d828453163879637ade5a7d51abb746669dbc34d7e2149e8fec3bf71fff54;16;0
1214;0xa67d828453163879637ade5a7d51abb746669dbc34d7e2149e8fec3bf71fff54;18;0
1215;0xa67d828453163879637ade5a7d51abb746669dbc34d7e2149e8fec3bf71fff54;18;0
1216;0xa67d828453163879637ade5a7d51abb746669dbc34d7e2149e8fec3bf71fff54;17;0
1217;0xa67d828453163879637ade5a7d51abb746669dbc34d7e2149e8fec3bf71fff54;16;0
1218;0xa67d828453163879637ade5a7d51abb746669dbc34d7e2149e8fec3bf71fff54;18;0
1219;0xa67d828453163879637ade5a7d51abb746669dbc34d7e2149e8fec3bf71fff54;17;0
1220;0xa67d828453163879637ade5a7d51abb746669dbc34d7e2149e8fec3bf71fff54;18;0
1221;0xa67d828453163879637ade5a7d51abb746669dbc34d7e2149e8fec3bf71fff54;18;0
