ID;Event;Duration;Pattern Duration
0;0xd42de95a9b26f1be134c8ecce389dc4fcfa18753d01661b7b361233569e8fe48;18;0
1;0xd42de95a9b26f1be134c8ecce389dc4fcfa18753d01661b7b361233569e8fe48;14;0
2;0xd42de95a9b26f1be134c8ecce389dc4fcfa18753d01661b7b361233569e8fe48;17;0
3;0xd42de95a9b26f1be134c8ecce389dc4fcfa18753d01661b7b361233569e8fe48;17;0
4;0xd42de95a9b26f1be134c8ecce389dc4fcfa18753d01661b7b361233569e8fe48;16;0
5;0xd42de95a9b26f1be134c8ecce389dc4fcfa18753d01661b7b361233569e8fe48;18;0
6;0xd42de95a9b26f1be134c8ecce389dc4fcfa18753d01661b7b361233569e8fe48;17;0
7;0xd42de95a9b26f1be134c8ecce389dc4fcfa18753d01661b7b361233569e8fe48;17;0
8;0xd42de95a9b26f1be134c8ecce389dc4fcfa18753d01661b7b361233569e8fe48;17;0
9;0xd42de95a9b26f1be134c8ecce389dc4fcfa18753d01661b7b361233569e8fe48;16;0
10;0xd42de95a9b26f1be134c8ecce389dc4fcfa18753d01661b7b361233569e8fe48;17;0
11;0xd42de95a9b26f1be134c8ecce389dc4fcfa18753d01661b7b361233569e8fe48;17;0
12;0xd42de95a9b26f1be134c8ecce389dc4fcfa18753d01661b7b361233569e8fe48;16;0
13;0xd42de95a9b26f1be134c8ecce389dc4fcfa18753d01661b7b361233569e8fe48;17;0
14;0xd42de95a9b26f1be134c8ecce389dc4fcfa18753d01661b7b361233569e8fe48;18;0
15;0xd42de95a9b26f1be134c8ecce389dc4fcfa18753d01661b7b361233569e8fe48;15;0
16;0xd42de95a9b26f1be134c8ecce389dc4fcfa18753d01661b7b361233569e8fe48;17;0
17;0xd42de95a9b26f1be134c8ecce389dc4fcfa18753d01661b7b361233569e8fe48;17;0
18;0xd42de95a9b26f1be134c8ecce389dc4fcfa18753d01661b7b361233569e8fe48;16;0
19;0xd42de95a9b26f1be134c8ecce389dc4fcfa18753d01661b7b361233569e8fe48;18;0
20;0xd42de95a9b26f1be134c8ecce389dc4fcfa18753d01661b7b361233569e8fe48;17;0
21;0xd42de95a9b26f1be134c8ecce389dc4fcfa18753d01661b7b361233569e8fe48;20;0
22;0xd42de95a9b26f1be134c8ecce389dc4fcfa18753d01661b7b361233569e8fe48;15;0
23;0xd42de95a9b26f1be134c8ecce389dc4fcfa18753d01661b7b361233569e8fe48;17;0
24;0xd42de95a9b26f1be134c8ecce389dc4fcfa18753d01661b7b361233569e8fe48;18;0
25;0xd42de95a9b26f1be134c8ecce389dc4fcfa18753d01661b7b361233569e8fe48;17;0
26;0xd42de95a9b26f1be134c8ecce389dc4fcfa18753d01661b7b361233569e8fe48;17;0
27;0xd42de95a9b26f1be134c8ecce389dc4fcfa18753d01661b7b361233569e8fe48;18;0
28;0xd42de95a9b26f1be134c8ecce389dc4fcfa18753d01661b7b361233569e8fe48;16;0
29;0xd42de95a9b26f1be134c8ecce389dc4fcfa18753d01661b7b361233569e8fe48;16;0
30;0xd42de95a9b26f1be134c8ecce389dc4fcfa18753d01661b7b361233569e8fe48;16;0
31;0xd42de95a9b26f1be134c8ecce389dc4fcfa18753d01661b7b361233569e8fe48;16;0
32;0xd42de95a9b26f1be134c8ecce389dc4fcfa18753d01661b7b361233569e8fe48;16;0
33;0xd42de95a9b26f1be134c8ecce389dc4fcfa18753d01661b7b361233569e8fe48;16;0
34;0xd42de95a9b26f1be134c8ecce389dc4fcfa18753d01661b7b361233569e8fe48;17;0
35;0xd42de95a9b26f1be134c8ecce389dc4fcfa18753d01661b7b361233569e8fe48;17;0
36;0xd42de95a9b26f1be134c8ecce389dc4fcfa18753d01661b7b361233569e8fe48;17;0
37;0xd42de95a9b26f1be134c8ecce389dc4fcfa18753d01661b7b361233569e8fe48;16;0
38;0xd42de95a9b26f1be134c8ecce389dc4fcfa18753d01661b7b361233569e8fe48;19;0
39;0xd42de95a9b26f1be134c8ecce389dc4fcfa18753d01661b7b361233569e8fe48;18;0
40;0xd42de95a9b26f1be134c8ecce389dc4fcfa18753d01661b7b361233569e8fe48;19;0
41;0xd42de95a9b26f1be134c8ecce389dc4fcfa18753d01661b7b361233569e8fe48;15;0
42;0xd42de95a9b26f1be134c8ecce389dc4fcfa18753d01661b7b361233569e8fe48;16;0
43;0xd42de95a9b26f1be134c8ecce389dc4fcfa18753d01661b7b361233569e8fe48;18;0
44;0xd42de95a9b26f1be134c8ecce389dc4fcfa18753d01661b7b361233569e8fe48;17;0
45;0xd42de95a9b26f1be134c8ecce389dc4fcfa18753d01661b7b361233569e8fe48;17;0
46;0xd42de95a9b26f1be134c8ecce389dc4fcfa18753d01661b7b361233569e8fe48;18;0
47;0xd42de95a9b26f1be134c8ecce389dc4fcfa18753d01661b7b361233569e8fe48;20;0
48;0xd42de95a9b26f1be134c8ecce389dc4fcfa18753d01661b7b361233569e8fe48;16;0
49;0xd42de95a9b26f1be134c8ecce389dc4fcfa18753d01661b7b361233569e8fe48;18;0
50;0xd42de95a9b26f1be134c8ecce389dc4fcfa18753d01661b7b361233569e8fe48;17;0
51;0xd42de95a9b26f1be134c8ecce389dc4fcfa18753d01661b7b361233569e8fe48;16;0
52;0xd42de95a9b26f1be134c8ecce389dc4fcfa18753d01661b7b361233569e8fe48;16;0
53;0xd42de95a9b26f1be134c8ecce389dc4fcfa18753d01661b7b361233569e8fe48;19;0
54;0xd42de95a9b26f1be134c8ecce389dc4fcfa18753d01661b7b361233569e8fe48;15;0
55;0xd42de95a9b26f1be134c8ecce389dc4fcfa18753d01661b7b361233569e8fe48;17;0
56;0xd42de95a9b26f1be134c8ecce389dc4fcfa18753d01661b7b361233569e8fe48;16;0
57;0xd42de95a9b26f1be134c8ecce389dc4fcfa18753d01661b7b361233569e8fe48;16;0
58;0xd42de95a9b26f1be134c8ecce389dc4fcfa18753d01661b7b361233569e8fe48;19;0
59;0xd42de95a9b26f1be134c8ecce389dc4fcfa18753d01661b7b361233569e8fe48;16;0
60;0xd42de95a9b26f1be134c8ecce389dc4fcfa18753d01661b7b361233569e8fe48;16;0
61;0xd42de95a9b26f1be134c8ecce389dc4fcfa18753d01661b7b361233569e8fe48;16;0
62;0xd42de95a9b26f1be134c8ecce389dc4fcfa18753d01661b7b361233569e8fe48;17;0
63;0xd42de95a9b26f1be134c8ecce389dc4fcfa18753d01661b7b361233569e8fe48;18;0
64;0xd42de95a9b26f1be134c8ecce389dc4fcfa18753d01661b7b361233569e8fe48;16;0
65;0xd42de95a9b26f1be134c8ecce389dc4fcfa18753d01661b7b361233569e8fe48;16;0
66;0xd42de95a9b26f1be134c8ecce389dc4fcfa18753d01661b7b361233569e8fe48;17;0
67;0xd42de95a9b26f1be134c8ecce389dc4fcfa18753d01661b7b361233569e8fe48;16;0
68;0xd42de95a9b26f1be134c8ecce389dc4fcfa18753d01661b7b361233569e8fe48;16;0
69;0xd42de95a9b26f1be134c8ecce389dc4fcfa18753d01661b7b361233569e8fe48;16;0
70;0xd42de95a9b26f1be134c8ecce389dc4fcfa18753d01661b7b361233569e8fe48;16;0
71;0xd42de95a9b26f1be134c8ecce389dc4fcfa18753d01661b7b361233569e8fe48;16;0
72;0xd42de95a9b26f1be134c8ecce389dc4fcfa18753d01661b7b361233569e8fe48;16;0
73;0xd42de95a9b26f1be134c8ecce389dc4fcfa18753d01661b7b361233569e8fe48;16;0
74;0xd42de95a9b26f1be134c8ecce389dc4fcfa18753d01661b7b361233569e8fe48;17;0
75;0xd42de95a9b26f1be134c8ecce389dc4fcfa18753d01661b7b361233569e8fe48;15;0
76;0xd42de95a9b26f1be134c8ecce389dc4fcfa18753d01661b7b361233569e8fe48;16;0
77;0xd42de95a9b26f1be134c8ecce389dc4fcfa18753d01661b7b361233569e8fe48;16;0
78;0xd42de95a9b26f1be134c8ecce389dc4fcfa18753d01661b7b361233569e8fe48;16;0
79;0xd42de95a9b26f1be134c8ecce389dc4fcfa18753d01661b7b361233569e8fe48;15;0
80;0xd42de95a9b26f1be134c8ecce389dc4fcfa18753d01661b7b361233569e8fe48;18;0
81;0xd42de95a9b26f1be134c8ecce389dc4fcfa18753d01661b7b361233569e8fe48;17;0
82;0xd42de95a9b26f1be134c8ecce389dc4fcfa18753d01661b7b361233569e8fe48;16;0
83;0xd42de95a9b26f1be134c8ecce389dc4fcfa18753d01661b7b361233569e8fe48;16;0
84;0xd42de95a9b26f1be134c8ecce389dc4fcfa18753d01661b7b361233569e8fe48;16;0
85;0xd42de95a9b26f1be134c8ecce389dc4fcfa18753d01661b7b361233569e8fe48;16;0
86;0xd42de95a9b26f1be134c8ecce389dc4fcfa18753d01661b7b361233569e8fe48;16;0
87;0xd42de95a9b26f1be134c8ecce389dc4fcfa18753d01661b7b361233569e8fe48;18;0
88;0xd42de95a9b26f1be134c8ecce389dc4fcfa18753d01661b7b361233569e8fe48;16;0
89;0xd42de95a9b26f1be134c8ecce389dc4fcfa18753d01661b7b361233569e8fe48;15;0
90;0xd42de95a9b26f1be134c8ecce389dc4fcfa18753d01661b7b361233569e8fe48;16;0
91;0xd42de95a9b26f1be134c8ecce389dc4fcfa18753d01661b7b361233569e8fe48;17;0
92;0xd42de95a9b26f1be134c8ecce389dc4fcfa18753d01661b7b361233569e8fe48;16;0
93;0xd42de95a9b26f1be134c8ecce389dc4fcfa18753d01661b7b361233569e8fe48;19;0
94;0xd42de95a9b26f1be134c8ecce389dc4fcfa18753d01661b7b361233569e8fe48;18;0
95;0xd42de95a9b26f1be134c8ecce389dc4fcfa18753d01661b7b361233569e8fe48;16;0
96;0xd42de95a9b26f1be134c8ecce389dc4fcfa18753d01661b7b361233569e8fe48;17;0
97;0xd42de95a9b26f1be134c8ecce389dc4fcfa18753d01661b7b361233569e8fe48;18;0
98;0xd42de95a9b26f1be134c8ecce389dc4fcfa18753d01661b7b361233569e8fe48;17;0
99;0xd42de95a9b26f1be134c8ecce389dc4fcfa18753d01661b7b361233569e8fe48;16;0
100;0xd42de95a9b26f1be134c8ecce389dc4fcfa18753d01661b7b361233569e8fe48;16;0
101;0xd42de95a9b26f1be134c8ecce389dc4fcfa18753d01661b7b361233569e8fe48;16;0
102;0xd42de95a9b26f1be134c8ecce389dc4fcfa18753d01661b7b361233569e8fe48;16;0
103;0xd42de95a9b26f1be134c8ecce389dc4fcfa18753d01661b7b361233569e8fe48;18;0
104;0xd42de95a9b26f1be134c8ecce389dc4fcfa18753d01661b7b361233569e8fe48;17;0
105;0xd42de95a9b26f1be134c8ecce389dc4fcfa18753d01661b7b361233569e8fe48;18;0
106;0xd42de95a9b26f1be134c8ecce389dc4fcfa18753d01661b7b361233569e8fe48;17;0
107;0xd42de95a9b26f1be134c8ecce389dc4fcfa18753d01661b7b361233569e8fe48;16;0
108;0xd42de95a9b26f1be134c8ecce389dc4fcfa18753d01661b7b361233569e8fe48;16;0
109;0xd42de95a9b26f1be134c8ecce389dc4fcfa18753d01661b7b361233569e8fe48;18;0
110;0xd42de95a9b26f1be134c8ecce389dc4fcfa18753d01661b7b361233569e8fe48;18;0
111;0xd42de95a9b26f1be134c8ecce389dc4fcfa18753d01661b7b361233569e8fe48;17;0
112;0xd42de95a9b26f1be134c8ecce389dc4fcfa18753d01661b7b361233569e8fe48;17;0
113;0xd42de95a9b26f1be134c8ecce389dc4fcfa18753d01661b7b361233569e8fe48;18;0
114;0xd42de95a9b26f1be134c8ecce389dc4fcfa18753d01661b7b361233569e8fe48;16;0
115;0xd42de95a9b26f1be134c8ecce389dc4fcfa18753d01661b7b361233569e8fe48;16;0
116;0xd42de95a9b26f1be134c8ecce389dc4fcfa18753d01661b7b361233569e8fe48;16;0
117;0xd42de95a9b26f1be134c8ecce389dc4fcfa18753d01661b7b361233569e8fe48;21;0
118;0xd42de95a9b26f1be134c8ecce389dc4fcfa18753d01661b7b361233569e8fe48;19;0
119;0xd42de95a9b26f1be134c8ecce389dc4fcfa18753d01661b7b361233569e8fe48;18;0
120;0xd42de95a9b26f1be134c8ecce389dc4fcfa18753d01661b7b361233569e8fe48;16;0
121;0xd42de95a9b26f1be134c8ecce389dc4fcfa18753d01661b7b361233569e8fe48;18;0
122;0xd42de95a9b26f1be134c8ecce389dc4fcfa18753d01661b7b361233569e8fe48;17;0
123;0xd42de95a9b26f1be134c8ecce389dc4fcfa18753d01661b7b361233569e8fe48;16;0
124;0xd42de95a9b26f1be134c8ecce389dc4fcfa18753d01661b7b361233569e8fe48;18;0
125;0xd42de95a9b26f1be134c8ecce389dc4fcfa18753d01661b7b361233569e8fe48;18;0
126;0xd42de95a9b26f1be134c8ecce389dc4fcfa18753d01661b7b361233569e8fe48;17;0
127;0xd42de95a9b26f1be134c8ecce389dc4fcfa18753d01661b7b361233569e8fe48;16;0
128;0xd42de95a9b26f1be134c8ecce389dc4fcfa18753d01661b7b361233569e8fe48;18;0
129;0xd42de95a9b26f1be134c8ecce389dc4fcfa18753d01661b7b361233569e8fe48;19;0
130;0xd42de95a9b26f1be134c8ecce389dc4fcfa18753d01661b7b361233569e8fe48;16;0
131;0xd42de95a9b26f1be134c8ecce389dc4fcfa18753d01661b7b361233569e8fe48;17;0
132;0xd42de95a9b26f1be134c8ecce389dc4fcfa18753d01661b7b361233569e8fe48;19;0
133;0xd42de95a9b26f1be134c8ecce389dc4fcfa18753d01661b7b361233569e8fe48;18;0
134;0xd42de95a9b26f1be134c8ecce389dc4fcfa18753d01661b7b361233569e8fe48;18;0
135;0xd42de95a9b26f1be134c8ecce389dc4fcfa18753d01661b7b361233569e8fe48;16;0
136;0xd42de95a9b26f1be134c8ecce389dc4fcfa18753d01661b7b361233569e8fe48;17;0
137;0xd42de95a9b26f1be134c8ecce389dc4fcfa18753d01661b7b361233569e8fe48;16;0
138;0xd42de95a9b26f1be134c8ecce389dc4fcfa18753d01661b7b361233569e8fe48;17;0
139;0xd42de95a9b26f1be134c8ecce389dc4fcfa18753d01661b7b361233569e8fe48;18;0
140;0xd42de95a9b26f1be134c8ecce389dc4fcfa18753d01661b7b361233569e8fe48;19;0
141;0xd42de95a9b26f1be134c8ecce389dc4fcfa18753d01661b7b361233569e8fe48;17;0
142;0xd42de95a9b26f1be134c8ecce389dc4fcfa18753d01661b7b361233569e8fe48;16;0
143;0xd42de95a9b26f1be134c8ecce389dc4fcfa18753d01661b7b361233569e8fe48;17;0
144;0xd42de95a9b26f1be134c8ecce389dc4fcfa18753d01661b7b361233569e8fe48;16;0
145;0xd42de95a9b26f1be134c8ecce389dc4fcfa18753d01661b7b361233569e8fe48;18;0
146;0xd42de95a9b26f1be134c8ecce389dc4fcfa18753d01661b7b361233569e8fe48;18;0
147;0xd42de95a9b26f1be134c8ecce389dc4fcfa18753d01661b7b361233569e8fe48;17;0
148;0xd42de95a9b26f1be134c8ecce389dc4fcfa18753d01661b7b361233569e8fe48;17;0
149;0xd42de95a9b26f1be134c8ecce389dc4fcfa18753d01661b7b361233569e8fe48;18;0
150;0xd42de95a9b26f1be134c8ecce389dc4fcfa18753d01661b7b361233569e8fe48;18;0
151;0xd42de95a9b26f1be134c8ecce389dc4fcfa18753d01661b7b361233569e8fe48;16;0
152;0xd42de95a9b26f1be134c8ecce389dc4fcfa18753d01661b7b361233569e8fe48;18;0
153;0xd42de95a9b26f1be134c8ecce389dc4fcfa18753d01661b7b361233569e8fe48;16;0
154;0xd42de95a9b26f1be134c8ecce389dc4fcfa18753d01661b7b361233569e8fe48;16;0
155;0xd42de95a9b26f1be134c8ecce389dc4fcfa18753d01661b7b361233569e8fe48;18;0
156;0xd42de95a9b26f1be134c8ecce389dc4fcfa18753d01661b7b361233569e8fe48;18;0
157;0xd42de95a9b26f1be134c8ecce389dc4fcfa18753d01661b7b361233569e8fe48;17;0
158;0xd42de95a9b26f1be134c8ecce389dc4fcfa18753d01661b7b361233569e8fe48;18;0
159;0xd42de95a9b26f1be134c8ecce389dc4fcfa18753d01661b7b361233569e8fe48;16;0
160;0xd42de95a9b26f1be134c8ecce389dc4fcfa18753d01661b7b361233569e8fe48;19;0
161;0xd42de95a9b26f1be134c8ecce389dc4fcfa18753d01661b7b361233569e8fe48;18;0
162;0xd42de95a9b26f1be134c8ecce389dc4fcfa18753d01661b7b361233569e8fe48;17;0
163;0xd42de95a9b26f1be134c8ecce389dc4fcfa18753d01661b7b361233569e8fe48;16;0
164;0xd42de95a9b26f1be134c8ecce389dc4fcfa18753d01661b7b361233569e8fe48;16;0
165;0xd42de95a9b26f1be134c8ecce389dc4fcfa18753d01661b7b361233569e8fe48;18;0
166;0xd42de95a9b26f1be134c8ecce389dc4fcfa18753d01661b7b361233569e8fe48;17;0
167;0xd42de95a9b26f1be134c8ecce389dc4fcfa18753d01661b7b361233569e8fe48;17;0
168;0xd42de95a9b26f1be134c8ecce389dc4fcfa18753d01661b7b361233569e8fe48;17;0
169;0xd42de95a9b26f1be134c8ecce389dc4fcfa18753d01661b7b361233569e8fe48;17;0
170;0xd42de95a9b26f1be134c8ecce389dc4fcfa18753d01661b7b361233569e8fe48;17;0
171;0xd42de95a9b26f1be134c8ecce389dc4fcfa18753d01661b7b361233569e8fe48;18;0
172;0xd42de95a9b26f1be134c8ecce389dc4fcfa18753d01661b7b361233569e8fe48;19;0
173;0xd42de95a9b26f1be134c8ecce389dc4fcfa18753d01661b7b361233569e8fe48;18;0
174;0xd42de95a9b26f1be134c8ecce389dc4fcfa18753d01661b7b361233569e8fe48;17;0
175;0xd42de95a9b26f1be134c8ecce389dc4fcfa18753d01661b7b361233569e8fe48;18;0
176;0xd42de95a9b26f1be134c8ecce389dc4fcfa18753d01661b7b361233569e8fe48;19;0
177;0xd42de95a9b26f1be134c8ecce389dc4fcfa18753d01661b7b361233569e8fe48;19;0
178;0xd42de95a9b26f1be134c8ecce389dc4fcfa18753d01661b7b361233569e8fe48;17;0
179;0xd42de95a9b26f1be134c8ecce389dc4fcfa18753d01661b7b361233569e8fe48;16;0
180;0xd42de95a9b26f1be134c8ecce389dc4fcfa18753d01661b7b361233569e8fe48;17;0
181;0xd42de95a9b26f1be134c8ecce389dc4fcfa18753d01661b7b361233569e8fe48;18;0
182;0xd42de95a9b26f1be134c8ecce389dc4fcfa18753d01661b7b361233569e8fe48;18;0
183;0xd42de95a9b26f1be134c8ecce389dc4fcfa18753d01661b7b361233569e8fe48;17;0
184;0xd42de95a9b26f1be134c8ecce389dc4fcfa18753d01661b7b361233569e8fe48;16;0
185;0xd42de95a9b26f1be134c8ecce389dc4fcfa18753d01661b7b361233569e8fe48;16;0
186;0xd42de95a9b26f1be134c8ecce389dc4fcfa18753d01661b7b361233569e8fe48;16;0
187;0xd42de95a9b26f1be134c8ecce389dc4fcfa18753d01661b7b361233569e8fe48;18;0
188;0xd42de95a9b26f1be134c8ecce389dc4fcfa18753d01661b7b361233569e8fe48;20;0
189;0xd42de95a9b26f1be134c8ecce389dc4fcfa18753d01661b7b361233569e8fe48;19;0
190;0xd42de95a9b26f1be134c8ecce389dc4fcfa18753d01661b7b361233569e8fe48;17;0
191;0xd42de95a9b26f1be134c8ecce389dc4fcfa18753d01661b7b361233569e8fe48;18;0
192;0xd42de95a9b26f1be134c8ecce389dc4fcfa18753d01661b7b361233569e8fe48;17;0
193;0xd42de95a9b26f1be134c8ecce389dc4fcfa18753d01661b7b361233569e8fe48;19;0
194;0xd42de95a9b26f1be134c8ecce389dc4fcfa18753d01661b7b361233569e8fe48;17;0
195;0xd42de95a9b26f1be134c8ecce389dc4fcfa18753d01661b7b361233569e8fe48;16;0
196;0xd42de95a9b26f1be134c8ecce389dc4fcfa18753d01661b7b361233569e8fe48;16;0
197;0xd42de95a9b26f1be134c8ecce389dc4fcfa18753d01661b7b361233569e8fe48;17;0
198;0xd42de95a9b26f1be134c8ecce389dc4fcfa18753d01661b7b361233569e8fe48;18;0
199;0xd42de95a9b26f1be134c8ecce389dc4fcfa18753d01661b7b361233569e8fe48;18;0
200;0xd42de95a9b26f1be134c8ecce389dc4fcfa18753d01661b7b361233569e8fe48;18;0
201;0xd42de95a9b26f1be134c8ecce389dc4fcfa18753d01661b7b361233569e8fe48;18;0
202;0xd42de95a9b26f1be134c8ecce389dc4fcfa18753d01661b7b361233569e8fe48;18;0
203;0xd42de95a9b26f1be134c8ecce389dc4fcfa18753d01661b7b361233569e8fe48;17;0
204;0xd42de95a9b26f1be134c8ecce389dc4fcfa18753d01661b7b361233569e8fe48;17;0
205;0xd42de95a9b26f1be134c8ecce389dc4fcfa18753d01661b7b361233569e8fe48;17;0
206;0xd42de95a9b26f1be134c8ecce389dc4fcfa18753d01661b7b361233569e8fe48;16;0
207;0xd42de95a9b26f1be134c8ecce389dc4fcfa18753d01661b7b361233569e8fe48;18;0
208;0xd42de95a9b26f1be134c8ecce389dc4fcfa18753d01661b7b361233569e8fe48;18;0
209;0xd42de95a9b26f1be134c8ecce389dc4fcfa18753d01661b7b361233569e8fe48;19;0
210;0xd42de95a9b26f1be134c8ecce389dc4fcfa18753d01661b7b361233569e8fe48;19;0
211;0xd42de95a9b26f1be134c8ecce389dc4fcfa18753d01661b7b361233569e8fe48;18;0
212;0xd42de95a9b26f1be134c8ecce389dc4fcfa18753d01661b7b361233569e8fe48;16;0
213;0xd42de95a9b26f1be134c8ecce389dc4fcfa18753d01661b7b361233569e8fe48;18;0
214;0xd42de95a9b26f1be134c8ecce389dc4fcfa18753d01661b7b361233569e8fe48;18;0
215;0xd42de95a9b26f1be134c8ecce389dc4fcfa18753d01661b7b361233569e8fe48;16;0
216;0xd42de95a9b26f1be134c8ecce389dc4fcfa18753d01661b7b361233569e8fe48;18;0
217;0xd42de95a9b26f1be134c8ecce389dc4fcfa18753d01661b7b361233569e8fe48;19;0
218;0xd42de95a9b26f1be134c8ecce389dc4fcfa18753d01661b7b361233569e8fe48;16;0
219;0xd42de95a9b26f1be134c8ecce389dc4fcfa18753d01661b7b361233569e8fe48;17;0
220;0xd42de95a9b26f1be134c8ecce389dc4fcfa18753d01661b7b361233569e8fe48;16;0
221;0xd42de95a9b26f1be134c8ecce389dc4fcfa18753d01661b7b361233569e8fe48;18;0
222;0xd42de95a9b26f1be134c8ecce389dc4fcfa18753d01661b7b361233569e8fe48;18;0
223;0xd42de95a9b26f1be134c8ecce389dc4fcfa18753d01661b7b361233569e8fe48;18;0
224;0xd42de95a9b26f1be134c8ecce389dc4fcfa18753d01661b7b361233569e8fe48;20;0
225;0xd42de95a9b26f1be134c8ecce389dc4fcfa18753d01661b7b361233569e8fe48;18;0
226;0xd42de95a9b26f1be134c8ecce389dc4fcfa18753d01661b7b361233569e8fe48;18;0
227;0xd42de95a9b26f1be134c8ecce389dc4fcfa18753d01661b7b361233569e8fe48;18;0
228;0xd42de95a9b26f1be134c8ecce389dc4fcfa18753d01661b7b361233569e8fe48;16;0
229;0xd42de95a9b26f1be134c8ecce389dc4fcfa18753d01661b7b361233569e8fe48;16;0
230;0xd42de95a9b26f1be134c8ecce389dc4fcfa18753d01661b7b361233569e8fe48;17;0
231;0xd42de95a9b26f1be134c8ecce389dc4fcfa18753d01661b7b361233569e8fe48;18;0
232;0xd42de95a9b26f1be134c8ecce389dc4fcfa18753d01661b7b361233569e8fe48;16;0
233;0xd42de95a9b26f1be134c8ecce389dc4fcfa18753d01661b7b361233569e8fe48;17;0
234;0xd42de95a9b26f1be134c8ecce389dc4fcfa18753d01661b7b361233569e8fe48;17;0
235;0xd42de95a9b26f1be134c8ecce389dc4fcfa18753d01661b7b361233569e8fe48;19;0
236;0xd42de95a9b26f1be134c8ecce389dc4fcfa18753d01661b7b361233569e8fe48;17;0
237;0xd42de95a9b26f1be134c8ecce389dc4fcfa18753d01661b7b361233569e8fe48;17;0
238;0xd42de95a9b26f1be134c8ecce389dc4fcfa18753d01661b7b361233569e8fe48;18;0
239;0xd42de95a9b26f1be134c8ecce389dc4fcfa18753d01661b7b361233569e8fe48;16;0
240;0xd42de95a9b26f1be134c8ecce389dc4fcfa18753d01661b7b361233569e8fe48;18;0
241;0xd42de95a9b26f1be134c8ecce389dc4fcfa18753d01661b7b361233569e8fe48;16;0
242;0xd42de95a9b26f1be134c8ecce389dc4fcfa18753d01661b7b361233569e8fe48;17;0
243;0xd42de95a9b26f1be134c8ecce389dc4fcfa18753d01661b7b361233569e8fe48;16;0
244;0xd42de95a9b26f1be134c8ecce389dc4fcfa18753d01661b7b361233569e8fe48;20;0
245;0xd42de95a9b26f1be134c8ecce389dc4fcfa18753d01661b7b361233569e8fe48;17;0
246;0xd42de95a9b26f1be134c8ecce389dc4fcfa18753d01661b7b361233569e8fe48;17;0
247;0xd42de95a9b26f1be134c8ecce389dc4fcfa18753d01661b7b361233569e8fe48;16;0
248;0xd42de95a9b26f1be134c8ecce389dc4fcfa18753d01661b7b361233569e8fe48;16;0
249;0xd42de95a9b26f1be134c8ecce389dc4fcfa18753d01661b7b361233569e8fe48;17;0
250;0xd42de95a9b26f1be134c8ecce389dc4fcfa18753d01661b7b361233569e8fe48;18;0
251;0xd42de95a9b26f1be134c8ecce389dc4fcfa18753d01661b7b361233569e8fe48;18;0
252;0xd42de95a9b26f1be134c8ecce389dc4fcfa18753d01661b7b361233569e8fe48;17;0
253;0xd42de95a9b26f1be134c8ecce389dc4fcfa18753d01661b7b361233569e8fe48;18;0
254;0xd42de95a9b26f1be134c8ecce389dc4fcfa18753d01661b7b361233569e8fe48;17;0
255;0xd42de95a9b26f1be134c8ecce389dc4fcfa18753d01661b7b361233569e8fe48;19;0
256;0xd42de95a9b26f1be134c8ecce389dc4fcfa18753d01661b7b361233569e8fe48;18;0
257;0xd42de95a9b26f1be134c8ecce389dc4fcfa18753d01661b7b361233569e8fe48;18;0
258;0xd42de95a9b26f1be134c8ecce389dc4fcfa18753d01661b7b361233569e8fe48;22;0
259;0xd42de95a9b26f1be134c8ecce389dc4fcfa18753d01661b7b361233569e8fe48;18;0
260;0xd42de95a9b26f1be134c8ecce389dc4fcfa18753d01661b7b361233569e8fe48;16;0
261;0xd42de95a9b26f1be134c8ecce389dc4fcfa18753d01661b7b361233569e8fe48;17;0
262;0xd42de95a9b26f1be134c8ecce389dc4fcfa18753d01661b7b361233569e8fe48;16;0
263;0xd42de95a9b26f1be134c8ecce389dc4fcfa18753d01661b7b361233569e8fe48;18;0
264;0xd42de95a9b26f1be134c8ecce389dc4fcfa18753d01661b7b361233569e8fe48;17;0
265;0xd42de95a9b26f1be134c8ecce389dc4fcfa18753d01661b7b361233569e8fe48;17;0
266;0xd42de95a9b26f1be134c8ecce389dc4fcfa18753d01661b7b361233569e8fe48;18;0
267;0xd42de95a9b26f1be134c8ecce389dc4fcfa18753d01661b7b361233569e8fe48;18;0
268;0xd42de95a9b26f1be134c8ecce389dc4fcfa18753d01661b7b361233569e8fe48;18;0
269;0xd42de95a9b26f1be134c8ecce389dc4fcfa18753d01661b7b361233569e8fe48;17;0
270;0xd42de95a9b26f1be134c8ecce389dc4fcfa18753d01661b7b361233569e8fe48;17;0
271;0xd42de95a9b26f1be134c8ecce389dc4fcfa18753d01661b7b361233569e8fe48;18;0
272;0xd42de95a9b26f1be134c8ecce389dc4fcfa18753d01661b7b361233569e8fe48;18;0
273;0xd42de95a9b26f1be134c8ecce389dc4fcfa18753d01661b7b361233569e8fe48;16;0
274;0xd42de95a9b26f1be134c8ecce389dc4fcfa18753d01661b7b361233569e8fe48;16;0
275;0xd42de95a9b26f1be134c8ecce389dc4fcfa18753d01661b7b361233569e8fe48;17;0
276;0xd42de95a9b26f1be134c8ecce389dc4fcfa18753d01661b7b361233569e8fe48;16;0
277;0xd42de95a9b26f1be134c8ecce389dc4fcfa18753d01661b7b361233569e8fe48;18;0
278;0xd42de95a9b26f1be134c8ecce389dc4fcfa18753d01661b7b361233569e8fe48;16;0
279;0xd42de95a9b26f1be134c8ecce389dc4fcfa18753d01661b7b361233569e8fe48;17;0
280;0xd42de95a9b26f1be134c8ecce389dc4fcfa18753d01661b7b361233569e8fe48;16;0
281;0xd42de95a9b26f1be134c8ecce389dc4fcfa18753d01661b7b361233569e8fe48;18;0
282;0xd42de95a9b26f1be134c8ecce389dc4fcfa18753d01661b7b361233569e8fe48;17;0
283;0xd42de95a9b26f1be134c8ecce389dc4fcfa18753d01661b7b361233569e8fe48;18;0
284;0xd42de95a9b26f1be134c8ecce389dc4fcfa18753d01661b7b361233569e8fe48;18;0
285;0xd42de95a9b26f1be134c8ecce389dc4fcfa18753d01661b7b361233569e8fe48;17;0
286;0xd42de95a9b26f1be134c8ecce389dc4fcfa18753d01661b7b361233569e8fe48;17;0
287;0xd42de95a9b26f1be134c8ecce389dc4fcfa18753d01661b7b361233569e8fe48;20;0
288;0xd42de95a9b26f1be134c8ecce389dc4fcfa18753d01661b7b361233569e8fe48;17;0
289;0xd42de95a9b26f1be134c8ecce389dc4fcfa18753d01661b7b361233569e8fe48;16;0
290;0xd42de95a9b26f1be134c8ecce389dc4fcfa18753d01661b7b361233569e8fe48;16;0
291;0xd42de95a9b26f1be134c8ecce389dc4fcfa18753d01661b7b361233569e8fe48;17;0
292;0xd42de95a9b26f1be134c8ecce389dc4fcfa18753d01661b7b361233569e8fe48;16;0
293;0xd42de95a9b26f1be134c8ecce389dc4fcfa18753d01661b7b361233569e8fe48;17;0
294;0xd42de95a9b26f1be134c8ecce389dc4fcfa18753d01661b7b361233569e8fe48;18;0
295;0xd42de95a9b26f1be134c8ecce389dc4fcfa18753d01661b7b361233569e8fe48;16;0
296;0xd42de95a9b26f1be134c8ecce389dc4fcfa18753d01661b7b361233569e8fe48;17;0
297;0xd42de95a9b26f1be134c8ecce389dc4fcfa18753d01661b7b361233569e8fe48;20;0
298;0xd42de95a9b26f1be134c8ecce389dc4fcfa18753d01661b7b361233569e8fe48;16;0
299;0xd42de95a9b26f1be134c8ecce389dc4fcfa18753d01661b7b361233569e8fe48;16;0
300;0xd42de95a9b26f1be134c8ecce389dc4fcfa18753d01661b7b361233569e8fe48;16;0
301;0xd42de95a9b26f1be134c8ecce389dc4fcfa18753d01661b7b361233569e8fe48;15;0
302;0xd42de95a9b26f1be134c8ecce389dc4fcfa18753d01661b7b361233569e8fe48;17;0
303;0xd42de95a9b26f1be134c8ecce389dc4fcfa18753d01661b7b361233569e8fe48;17;0
304;0xd42de95a9b26f1be134c8ecce389dc4fcfa18753d01661b7b361233569e8fe48;16;0
305;0xd42de95a9b26f1be134c8ecce389dc4fcfa18753d01661b7b361233569e8fe48;19;0
306;0xd42de95a9b26f1be134c8ecce389dc4fcfa18753d01661b7b361233569e8fe48;16;0
307;0xd42de95a9b26f1be134c8ecce389dc4fcfa18753d01661b7b361233569e8fe48;16;0
308;0xd42de95a9b26f1be134c8ecce389dc4fcfa18753d01661b7b361233569e8fe48;17;0
309;0xd42de95a9b26f1be134c8ecce389dc4fcfa18753d01661b7b361233569e8fe48;17;0
310;0xd42de95a9b26f1be134c8ecce389dc4fcfa18753d01661b7b361233569e8fe48;16;0
311;0xd42de95a9b26f1be134c8ecce389dc4fcfa18753d01661b7b361233569e8fe48;17;0
312;0xd42de95a9b26f1be134c8ecce389dc4fcfa18753d01661b7b361233569e8fe48;17;0
313;0xd42de95a9b26f1be134c8ecce389dc4fcfa18753d01661b7b361233569e8fe48;16;0
314;0xd42de95a9b26f1be134c8ecce389dc4fcfa18753d01661b7b361233569e8fe48;17;0
315;0xd42de95a9b26f1be134c8ecce389dc4fcfa18753d01661b7b361233569e8fe48;16;0
316;0xd42de95a9b26f1be134c8ecce389dc4fcfa18753d01661b7b361233569e8fe48;17;0
317;0xd42de95a9b26f1be134c8ecce389dc4fcfa18753d01661b7b361233569e8fe48;15;0
318;0xd42de95a9b26f1be134c8ecce389dc4fcfa18753d01661b7b361233569e8fe48;16;0
319;0xd42de95a9b26f1be134c8ecce389dc4fcfa18753d01661b7b361233569e8fe48;17;0
320;0xd42de95a9b26f1be134c8ecce389dc4fcfa18753d01661b7b361233569e8fe48;16;0
321;0xd42de95a9b26f1be134c8ecce389dc4fcfa18753d01661b7b361233569e8fe48;17;0
322;0xd42de95a9b26f1be134c8ecce389dc4fcfa18753d01661b7b361233569e8fe48;16;0
323;0xd42de95a9b26f1be134c8ecce389dc4fcfa18753d01661b7b361233569e8fe48;18;0
324;0xd42de95a9b26f1be134c8ecce389dc4fcfa18753d01661b7b361233569e8fe48;16;0
325;0xd42de95a9b26f1be134c8ecce389dc4fcfa18753d01661b7b361233569e8fe48;20;0
326;0xd42de95a9b26f1be134c8ecce389dc4fcfa18753d01661b7b361233569e8fe48;17;0
327;0xd42de95a9b26f1be134c8ecce389dc4fcfa18753d01661b7b361233569e8fe48;17;0
328;0xd42de95a9b26f1be134c8ecce389dc4fcfa18753d01661b7b361233569e8fe48;16;0
329;0xd42de95a9b26f1be134c8ecce389dc4fcfa18753d01661b7b361233569e8fe48;17;0
330;0xd42de95a9b26f1be134c8ecce389dc4fcfa18753d01661b7b361233569e8fe48;16;0
331;0xd42de95a9b26f1be134c8ecce389dc4fcfa18753d01661b7b361233569e8fe48;16;0
332;0xd42de95a9b26f1be134c8ecce389dc4fcfa18753d01661b7b361233569e8fe48;18;0
333;0xd42de95a9b26f1be134c8ecce389dc4fcfa18753d01661b7b361233569e8fe48;17;0
334;0xd42de95a9b26f1be134c8ecce389dc4fcfa18753d01661b7b361233569e8fe48;17;0
335;0xd42de95a9b26f1be134c8ecce389dc4fcfa18753d01661b7b361233569e8fe48;18;0
336;0xd42de95a9b26f1be134c8ecce389dc4fcfa18753d01661b7b361233569e8fe48;16;0
337;0xd42de95a9b26f1be134c8ecce389dc4fcfa18753d01661b7b361233569e8fe48;16;0
338;0xd42de95a9b26f1be134c8ecce389dc4fcfa18753d01661b7b361233569e8fe48;16;0
339;0xd42de95a9b26f1be134c8ecce389dc4fcfa18753d01661b7b361233569e8fe48;16;0
340;0xd42de95a9b26f1be134c8ecce389dc4fcfa18753d01661b7b361233569e8fe48;18;0
341;0xd42de95a9b26f1be134c8ecce389dc4fcfa18753d01661b7b361233569e8fe48;16;0
342;0xd42de95a9b26f1be134c8ecce389dc4fcfa18753d01661b7b361233569e8fe48;16;0
343;0xd42de95a9b26f1be134c8ecce389dc4fcfa18753d01661b7b361233569e8fe48;21;0
344;0xd42de95a9b26f1be134c8ecce389dc4fcfa18753d01661b7b361233569e8fe48;17;0
345;0xd42de95a9b26f1be134c8ecce389dc4fcfa18753d01661b7b361233569e8fe48;18;0
346;0xd42de95a9b26f1be134c8ecce389dc4fcfa18753d01661b7b361233569e8fe48;17;0
347;0xd42de95a9b26f1be134c8ecce389dc4fcfa18753d01661b7b361233569e8fe48;16;0
348;0xd42de95a9b26f1be134c8ecce389dc4fcfa18753d01661b7b361233569e8fe48;16;0
349;0xd42de95a9b26f1be134c8ecce389dc4fcfa18753d01661b7b361233569e8fe48;17;0
350;0xd42de95a9b26f1be134c8ecce389dc4fcfa18753d01661b7b361233569e8fe48;17;0
351;0xd42de95a9b26f1be134c8ecce389dc4fcfa18753d01661b7b361233569e8fe48;16;0
352;0xd42de95a9b26f1be134c8ecce389dc4fcfa18753d01661b7b361233569e8fe48;18;0
353;0xd42de95a9b26f1be134c8ecce389dc4fcfa18753d01661b7b361233569e8fe48;18;0
354;0xd42de95a9b26f1be134c8ecce389dc4fcfa18753d01661b7b361233569e8fe48;17;0
355;0xd42de95a9b26f1be134c8ecce389dc4fcfa18753d01661b7b361233569e8fe48;17;0
356;0xd42de95a9b26f1be134c8ecce389dc4fcfa18753d01661b7b361233569e8fe48;18;0
357;0xd42de95a9b26f1be134c8ecce389dc4fcfa18753d01661b7b361233569e8fe48;19;0
358;0xd42de95a9b26f1be134c8ecce389dc4fcfa18753d01661b7b361233569e8fe48;17;0
359;0xd42de95a9b26f1be134c8ecce389dc4fcfa18753d01661b7b361233569e8fe48;17;0
360;0xd42de95a9b26f1be134c8ecce389dc4fcfa18753d01661b7b361233569e8fe48;18;0
361;0xd42de95a9b26f1be134c8ecce389dc4fcfa18753d01661b7b361233569e8fe48;17;0
362;0xd42de95a9b26f1be134c8ecce389dc4fcfa18753d01661b7b361233569e8fe48;16;0
363;0xd42de95a9b26f1be134c8ecce389dc4fcfa18753d01661b7b361233569e8fe48;18;0
364;0xd42de95a9b26f1be134c8ecce389dc4fcfa18753d01661b7b361233569e8fe48;15;0
365;0xd42de95a9b26f1be134c8ecce389dc4fcfa18753d01661b7b361233569e8fe48;16;0
366;0xd42de95a9b26f1be134c8ecce389dc4fcfa18753d01661b7b361233569e8fe48;17;0
367;0xd42de95a9b26f1be134c8ecce389dc4fcfa18753d01661b7b361233569e8fe48;17;0
368;0xd42de95a9b26f1be134c8ecce389dc4fcfa18753d01661b7b361233569e8fe48;16;0
369;0xd42de95a9b26f1be134c8ecce389dc4fcfa18753d01661b7b361233569e8fe48;16;0
370;0xd42de95a9b26f1be134c8ecce389dc4fcfa18753d01661b7b361233569e8fe48;16;0
371;0xd42de95a9b26f1be134c8ecce389dc4fcfa18753d01661b7b361233569e8fe48;20;0
372;0xd42de95a9b26f1be134c8ecce389dc4fcfa18753d01661b7b361233569e8fe48;16;0
373;0xd42de95a9b26f1be134c8ecce389dc4fcfa18753d01661b7b361233569e8fe48;16;0
374;0xd42de95a9b26f1be134c8ecce389dc4fcfa18753d01661b7b361233569e8fe48;19;0
375;0xd42de95a9b26f1be134c8ecce389dc4fcfa18753d01661b7b361233569e8fe48;18;0
376;0xd42de95a9b26f1be134c8ecce389dc4fcfa18753d01661b7b361233569e8fe48;18;0
377;0xd42de95a9b26f1be134c8ecce389dc4fcfa18753d01661b7b361233569e8fe48;16;0
378;0xd42de95a9b26f1be134c8ecce389dc4fcfa18753d01661b7b361233569e8fe48;16;0
379;0xd42de95a9b26f1be134c8ecce389dc4fcfa18753d01661b7b361233569e8fe48;18;0
380;0xd42de95a9b26f1be134c8ecce389dc4fcfa18753d01661b7b361233569e8fe48;17;0
381;0xd42de95a9b26f1be134c8ecce389dc4fcfa18753d01661b7b361233569e8fe48;17;0
382;0xd42de95a9b26f1be134c8ecce389dc4fcfa18753d01661b7b361233569e8fe48;16;0
383;0xd42de95a9b26f1be134c8ecce389dc4fcfa18753d01661b7b361233569e8fe48;17;0
384;0xd42de95a9b26f1be134c8ecce389dc4fcfa18753d01661b7b361233569e8fe48;17;0
385;0xd42de95a9b26f1be134c8ecce389dc4fcfa18753d01661b7b361233569e8fe48;16;0
386;0xd42de95a9b26f1be134c8ecce389dc4fcfa18753d01661b7b361233569e8fe48;17;0
387;0xd42de95a9b26f1be134c8ecce389dc4fcfa18753d01661b7b361233569e8fe48;17;0
388;0xd42de95a9b26f1be134c8ecce389dc4fcfa18753d01661b7b361233569e8fe48;19;0
389;0xd42de95a9b26f1be134c8ecce389dc4fcfa18753d01661b7b361233569e8fe48;17;0
390;0xd42de95a9b26f1be134c8ecce389dc4fcfa18753d01661b7b361233569e8fe48;17;0
391;0xd42de95a9b26f1be134c8ecce389dc4fcfa18753d01661b7b361233569e8fe48;16;0
392;0xd42de95a9b26f1be134c8ecce389dc4fcfa18753d01661b7b361233569e8fe48;18;0
393;0xd42de95a9b26f1be134c8ecce389dc4fcfa18753d01661b7b361233569e8fe48;17;0
394;0xd42de95a9b26f1be134c8ecce389dc4fcfa18753d01661b7b361233569e8fe48;16;0
395;0xd42de95a9b26f1be134c8ecce389dc4fcfa18753d01661b7b361233569e8fe48;17;0
396;0xd42de95a9b26f1be134c8ecce389dc4fcfa18753d01661b7b361233569e8fe48;17;0
397;0xd42de95a9b26f1be134c8ecce389dc4fcfa18753d01661b7b361233569e8fe48;17;0
398;0xd42de95a9b26f1be134c8ecce389dc4fcfa18753d01661b7b361233569e8fe48;19;0
399;0xd42de95a9b26f1be134c8ecce389dc4fcfa18753d01661b7b361233569e8fe48;16;0
400;0xd42de95a9b26f1be134c8ecce389dc4fcfa18753d01661b7b361233569e8fe48;17;0
401;0xd42de95a9b26f1be134c8ecce389dc4fcfa18753d01661b7b361233569e8fe48;17;0
402;0xd42de95a9b26f1be134c8ecce389dc4fcfa18753d01661b7b361233569e8fe48;16;0
403;0xd42de95a9b26f1be134c8ecce389dc4fcfa18753d01661b7b361233569e8fe48;19;0
404;0xd42de95a9b26f1be134c8ecce389dc4fcfa18753d01661b7b361233569e8fe48;18;0
405;0xd42de95a9b26f1be134c8ecce389dc4fcfa18753d01661b7b361233569e8fe48;16;0
406;0xd42de95a9b26f1be134c8ecce389dc4fcfa18753d01661b7b361233569e8fe48;17;0
407;0xd42de95a9b26f1be134c8ecce389dc4fcfa18753d01661b7b361233569e8fe48;16;0
408;0xd42de95a9b26f1be134c8ecce389dc4fcfa18753d01661b7b361233569e8fe48;16;0
409;0xd42de95a9b26f1be134c8ecce389dc4fcfa18753d01661b7b361233569e8fe48;18;0
410;0xd42de95a9b26f1be134c8ecce389dc4fcfa18753d01661b7b361233569e8fe48;16;0
411;0xd42de95a9b26f1be134c8ecce389dc4fcfa18753d01661b7b361233569e8fe48;18;0
412;0xd42de95a9b26f1be134c8ecce389dc4fcfa18753d01661b7b361233569e8fe48;17;0
413;0xd42de95a9b26f1be134c8ecce389dc4fcfa18753d01661b7b361233569e8fe48;16;0
414;0xd42de95a9b26f1be134c8ecce389dc4fcfa18753d01661b7b361233569e8fe48;16;0
415;0xd42de95a9b26f1be134c8ecce389dc4fcfa18753d01661b7b361233569e8fe48;17;0
416;0xd42de95a9b26f1be134c8ecce389dc4fcfa18753d01661b7b361233569e8fe48;18;0
417;0xd42de95a9b26f1be134c8ecce389dc4fcfa18753d01661b7b361233569e8fe48;16;0
418;0xd42de95a9b26f1be134c8ecce389dc4fcfa18753d01661b7b361233569e8fe48;17;0
419;0xd42de95a9b26f1be134c8ecce389dc4fcfa18753d01661b7b361233569e8fe48;18;0
420;0xd42de95a9b26f1be134c8ecce389dc4fcfa18753d01661b7b361233569e8fe48;16;0
421;0xd42de95a9b26f1be134c8ecce389dc4fcfa18753d01661b7b361233569e8fe48;19;0
422;0xd42de95a9b26f1be134c8ecce389dc4fcfa18753d01661b7b361233569e8fe48;16;0
423;0xd42de95a9b26f1be134c8ecce389dc4fcfa18753d01661b7b361233569e8fe48;18;0
424;0xd42de95a9b26f1be134c8ecce389dc4fcfa18753d01661b7b361233569e8fe48;18;0
425;0xd42de95a9b26f1be134c8ecce389dc4fcfa18753d01661b7b361233569e8fe48;16;0
426;0xd42de95a9b26f1be134c8ecce389dc4fcfa18753d01661b7b361233569e8fe48;17;0
427;0xd42de95a9b26f1be134c8ecce389dc4fcfa18753d01661b7b361233569e8fe48;15;0
428;0xd42de95a9b26f1be134c8ecce389dc4fcfa18753d01661b7b361233569e8fe48;19;0
429;0xd42de95a9b26f1be134c8ecce389dc4fcfa18753d01661b7b361233569e8fe48;18;0
430;0xd42de95a9b26f1be134c8ecce389dc4fcfa18753d01661b7b361233569e8fe48;18;0
431;0xd42de95a9b26f1be134c8ecce389dc4fcfa18753d01661b7b361233569e8fe48;18;0
432;0xd42de95a9b26f1be134c8ecce389dc4fcfa18753d01661b7b361233569e8fe48;18;0
433;0xd42de95a9b26f1be134c8ecce389dc4fcfa18753d01661b7b361233569e8fe48;16;0
434;0xd42de95a9b26f1be134c8ecce389dc4fcfa18753d01661b7b361233569e8fe48;19;0
435;0xd42de95a9b26f1be134c8ecce389dc4fcfa18753d01661b7b361233569e8fe48;16;0
436;0xd42de95a9b26f1be134c8ecce389dc4fcfa18753d01661b7b361233569e8fe48;18;0
437;0xd42de95a9b26f1be134c8ecce389dc4fcfa18753d01661b7b361233569e8fe48;17;0
438;0xd42de95a9b26f1be134c8ecce389dc4fcfa18753d01661b7b361233569e8fe48;16;0
439;0xd42de95a9b26f1be134c8ecce389dc4fcfa18753d01661b7b361233569e8fe48;17;0
440;0xd42de95a9b26f1be134c8ecce389dc4fcfa18753d01661b7b361233569e8fe48;17;0
441;0xd42de95a9b26f1be134c8ecce389dc4fcfa18753d01661b7b361233569e8fe48;17;0
442;0xd42de95a9b26f1be134c8ecce389dc4fcfa18753d01661b7b361233569e8fe48;18;0
443;0xd42de95a9b26f1be134c8ecce389dc4fcfa18753d01661b7b361233569e8fe48;18;0
444;0xd42de95a9b26f1be134c8ecce389dc4fcfa18753d01661b7b361233569e8fe48;16;0
445;0xd42de95a9b26f1be134c8ecce389dc4fcfa18753d01661b7b361233569e8fe48;17;0
446;0xd42de95a9b26f1be134c8ecce389dc4fcfa18753d01661b7b361233569e8fe48;16;0
447;0xd42de95a9b26f1be134c8ecce389dc4fcfa18753d01661b7b361233569e8fe48;18;0
448;0xd42de95a9b26f1be134c8ecce389dc4fcfa18753d01661b7b361233569e8fe48;16;0
449;0xd42de95a9b26f1be134c8ecce389dc4fcfa18753d01661b7b361233569e8fe48;17;0
450;0xd42de95a9b26f1be134c8ecce389dc4fcfa18753d01661b7b361233569e8fe48;17;0
451;0xd42de95a9b26f1be134c8ecce389dc4fcfa18753d01661b7b361233569e8fe48;16;0
452;0xd42de95a9b26f1be134c8ecce389dc4fcfa18753d01661b7b361233569e8fe48;16;0
453;0xd42de95a9b26f1be134c8ecce389dc4fcfa18753d01661b7b361233569e8fe48;18;0
454;0xd42de95a9b26f1be134c8ecce389dc4fcfa18753d01661b7b361233569e8fe48;17;0
455;0xd42de95a9b26f1be134c8ecce389dc4fcfa18753d01661b7b361233569e8fe48;17;0
456;0xd42de95a9b26f1be134c8ecce389dc4fcfa18753d01661b7b361233569e8fe48;17;0
457;0xd42de95a9b26f1be134c8ecce389dc4fcfa18753d01661b7b361233569e8fe48;17;0
458;0xd42de95a9b26f1be134c8ecce389dc4fcfa18753d01661b7b361233569e8fe48;17;0
459;0xd42de95a9b26f1be134c8ecce389dc4fcfa18753d01661b7b361233569e8fe48;16;0
460;0xd42de95a9b26f1be134c8ecce389dc4fcfa18753d01661b7b361233569e8fe48;16;0
461;0xd42de95a9b26f1be134c8ecce389dc4fcfa18753d01661b7b361233569e8fe48;16;0
462;0xd42de95a9b26f1be134c8ecce389dc4fcfa18753d01661b7b361233569e8fe48;16;0
463;0xd42de95a9b26f1be134c8ecce389dc4fcfa18753d01661b7b361233569e8fe48;16;0
464;0xd42de95a9b26f1be134c8ecce389dc4fcfa18753d01661b7b361233569e8fe48;16;0
465;0xd42de95a9b26f1be134c8ecce389dc4fcfa18753d01661b7b361233569e8fe48;16;0
466;0xd42de95a9b26f1be134c8ecce389dc4fcfa18753d01661b7b361233569e8fe48;16;0
467;0xd42de95a9b26f1be134c8ecce389dc4fcfa18753d01661b7b361233569e8fe48;16;0
468;0xd42de95a9b26f1be134c8ecce389dc4fcfa18753d01661b7b361233569e8fe48;15;0
469;0xd42de95a9b26f1be134c8ecce389dc4fcfa18753d01661b7b361233569e8fe48;17;0
470;0xd42de95a9b26f1be134c8ecce389dc4fcfa18753d01661b7b361233569e8fe48;16;0
471;0xd42de95a9b26f1be134c8ecce389dc4fcfa18753d01661b7b361233569e8fe48;16;0
472;0xd42de95a9b26f1be134c8ecce389dc4fcfa18753d01661b7b361233569e8fe48;15;0
473;0xd42de95a9b26f1be134c8ecce389dc4fcfa18753d01661b7b361233569e8fe48;16;0
474;0xd42de95a9b26f1be134c8ecce389dc4fcfa18753d01661b7b361233569e8fe48;16;0
475;0xd42de95a9b26f1be134c8ecce389dc4fcfa18753d01661b7b361233569e8fe48;17;0
476;0xd42de95a9b26f1be134c8ecce389dc4fcfa18753d01661b7b361233569e8fe48;16;0
477;0xd42de95a9b26f1be134c8ecce389dc4fcfa18753d01661b7b361233569e8fe48;16;0
478;0xd42de95a9b26f1be134c8ecce389dc4fcfa18753d01661b7b361233569e8fe48;17;0
479;0xd42de95a9b26f1be134c8ecce389dc4fcfa18753d01661b7b361233569e8fe48;16;0
480;0xd42de95a9b26f1be134c8ecce389dc4fcfa18753d01661b7b361233569e8fe48;17;0
481;0xd42de95a9b26f1be134c8ecce389dc4fcfa18753d01661b7b361233569e8fe48;19;0
482;0xd42de95a9b26f1be134c8ecce389dc4fcfa18753d01661b7b361233569e8fe48;16;0
483;0xd42de95a9b26f1be134c8ecce389dc4fcfa18753d01661b7b361233569e8fe48;16;0
484;0xd42de95a9b26f1be134c8ecce389dc4fcfa18753d01661b7b361233569e8fe48;17;0
485;0xd42de95a9b26f1be134c8ecce389dc4fcfa18753d01661b7b361233569e8fe48;18;0
486;0xd42de95a9b26f1be134c8ecce389dc4fcfa18753d01661b7b361233569e8fe48;18;0
487;0xd42de95a9b26f1be134c8ecce389dc4fcfa18753d01661b7b361233569e8fe48;17;0
488;0xd42de95a9b26f1be134c8ecce389dc4fcfa18753d01661b7b361233569e8fe48;16;0
489;0xd42de95a9b26f1be134c8ecce389dc4fcfa18753d01661b7b361233569e8fe48;17;0
490;0xd42de95a9b26f1be134c8ecce389dc4fcfa18753d01661b7b361233569e8fe48;17;0
491;0xd42de95a9b26f1be134c8ecce389dc4fcfa18753d01661b7b361233569e8fe48;17;0
492;0xd42de95a9b26f1be134c8ecce389dc4fcfa18753d01661b7b361233569e8fe48;16;0
493;0xd42de95a9b26f1be134c8ecce389dc4fcfa18753d01661b7b361233569e8fe48;17;0
494;0xd42de95a9b26f1be134c8ecce389dc4fcfa18753d01661b7b361233569e8fe48;17;0
495;0xd42de95a9b26f1be134c8ecce389dc4fcfa18753d01661b7b361233569e8fe48;16;0
496;0xd42de95a9b26f1be134c8ecce389dc4fcfa18753d01661b7b361233569e8fe48;16;0
497;0xd42de95a9b26f1be134c8ecce389dc4fcfa18753d01661b7b361233569e8fe48;16;0
498;0xd42de95a9b26f1be134c8ecce389dc4fcfa18753d01661b7b361233569e8fe48;17;0
499;0xd42de95a9b26f1be134c8ecce389dc4fcfa18753d01661b7b361233569e8fe48;16;0
500;0xd42de95a9b26f1be134c8ecce389dc4fcfa18753d01661b7b361233569e8fe48;16;0
501;0xd42de95a9b26f1be134c8ecce389dc4fcfa18753d01661b7b361233569e8fe48;17;0
502;0xd42de95a9b26f1be134c8ecce389dc4fcfa18753d01661b7b361233569e8fe48;16;0
503;0xd42de95a9b26f1be134c8ecce389dc4fcfa18753d01661b7b361233569e8fe48;17;0
504;0xd42de95a9b26f1be134c8ecce389dc4fcfa18753d01661b7b361233569e8fe48;17;0
505;0xd42de95a9b26f1be134c8ecce389dc4fcfa18753d01661b7b361233569e8fe48;17;0
506;0xd42de95a9b26f1be134c8ecce389dc4fcfa18753d01661b7b361233569e8fe48;17;0
507;0xd42de95a9b26f1be134c8ecce389dc4fcfa18753d01661b7b361233569e8fe48;16;0
508;0xd42de95a9b26f1be134c8ecce389dc4fcfa18753d01661b7b361233569e8fe48;17;0
509;0xd42de95a9b26f1be134c8ecce389dc4fcfa18753d01661b7b361233569e8fe48;17;0
510;0xd42de95a9b26f1be134c8ecce389dc4fcfa18753d01661b7b361233569e8fe48;16;0
511;0xd42de95a9b26f1be134c8ecce389dc4fcfa18753d01661b7b361233569e8fe48;16;0
512;0xd42de95a9b26f1be134c8ecce389dc4fcfa18753d01661b7b361233569e8fe48;15;0
513;0xd42de95a9b26f1be134c8ecce389dc4fcfa18753d01661b7b361233569e8fe48;16;0
514;0xd42de95a9b26f1be134c8ecce389dc4fcfa18753d01661b7b361233569e8fe48;17;0
515;0xd42de95a9b26f1be134c8ecce389dc4fcfa18753d01661b7b361233569e8fe48;16;0
516;0xd42de95a9b26f1be134c8ecce389dc4fcfa18753d01661b7b361233569e8fe48;16;0
517;0xd42de95a9b26f1be134c8ecce389dc4fcfa18753d01661b7b361233569e8fe48;18;0
518;0xd42de95a9b26f1be134c8ecce389dc4fcfa18753d01661b7b361233569e8fe48;16;0
519;0xd42de95a9b26f1be134c8ecce389dc4fcfa18753d01661b7b361233569e8fe48;16;0
520;0xd42de95a9b26f1be134c8ecce389dc4fcfa18753d01661b7b361233569e8fe48;19;0
521;0xd42de95a9b26f1be134c8ecce389dc4fcfa18753d01661b7b361233569e8fe48;21;0
522;0xd42de95a9b26f1be134c8ecce389dc4fcfa18753d01661b7b361233569e8fe48;18;0
523;0xd42de95a9b26f1be134c8ecce389dc4fcfa18753d01661b7b361233569e8fe48;17;0
524;0xd42de95a9b26f1be134c8ecce389dc4fcfa18753d01661b7b361233569e8fe48;19;0
525;0xd42de95a9b26f1be134c8ecce389dc4fcfa18753d01661b7b361233569e8fe48;19;0
526;0xd42de95a9b26f1be134c8ecce389dc4fcfa18753d01661b7b361233569e8fe48;19;0
527;0xd42de95a9b26f1be134c8ecce389dc4fcfa18753d01661b7b361233569e8fe48;19;0
528;0xd42de95a9b26f1be134c8ecce389dc4fcfa18753d01661b7b361233569e8fe48;18;0
529;0xd42de95a9b26f1be134c8ecce389dc4fcfa18753d01661b7b361233569e8fe48;17;0
530;0xd42de95a9b26f1be134c8ecce389dc4fcfa18753d01661b7b361233569e8fe48;18;0
531;0xd42de95a9b26f1be134c8ecce389dc4fcfa18753d01661b7b361233569e8fe48;16;0
532;0xd42de95a9b26f1be134c8ecce389dc4fcfa18753d01661b7b361233569e8fe48;16;0
533;0xd42de95a9b26f1be134c8ecce389dc4fcfa18753d01661b7b361233569e8fe48;18;0
534;0xd42de95a9b26f1be134c8ecce389dc4fcfa18753d01661b7b361233569e8fe48;17;0
535;0xd42de95a9b26f1be134c8ecce389dc4fcfa18753d01661b7b361233569e8fe48;18;0
536;0xd42de95a9b26f1be134c8ecce389dc4fcfa18753d01661b7b361233569e8fe48;16;0
537;0xd42de95a9b26f1be134c8ecce389dc4fcfa18753d01661b7b361233569e8fe48;17;0
538;0xd42de95a9b26f1be134c8ecce389dc4fcfa18753d01661b7b361233569e8fe48;19;0
539;0xd42de95a9b26f1be134c8ecce389dc4fcfa18753d01661b7b361233569e8fe48;19;0
540;0xd42de95a9b26f1be134c8ecce389dc4fcfa18753d01661b7b361233569e8fe48;16;0
541;0xd42de95a9b26f1be134c8ecce389dc4fcfa18753d01661b7b361233569e8fe48;16;0
542;0xd42de95a9b26f1be134c8ecce389dc4fcfa18753d01661b7b361233569e8fe48;18;0
543;0xd42de95a9b26f1be134c8ecce389dc4fcfa18753d01661b7b361233569e8fe48;17;0
544;0xd42de95a9b26f1be134c8ecce389dc4fcfa18753d01661b7b361233569e8fe48;17;0
545;0xd42de95a9b26f1be134c8ecce389dc4fcfa18753d01661b7b361233569e8fe48;16;0
546;0xd42de95a9b26f1be134c8ecce389dc4fcfa18753d01661b7b361233569e8fe48;16;0
547;0xd42de95a9b26f1be134c8ecce389dc4fcfa18753d01661b7b361233569e8fe48;16;0
548;0xd42de95a9b26f1be134c8ecce389dc4fcfa18753d01661b7b361233569e8fe48;17;0
549;0xd42de95a9b26f1be134c8ecce389dc4fcfa18753d01661b7b361233569e8fe48;17;0
550;0xd42de95a9b26f1be134c8ecce389dc4fcfa18753d01661b7b361233569e8fe48;18;0
551;0xd42de95a9b26f1be134c8ecce389dc4fcfa18753d01661b7b361233569e8fe48;17;0
552;0xd42de95a9b26f1be134c8ecce389dc4fcfa18753d01661b7b361233569e8fe48;19;0
553;0xd42de95a9b26f1be134c8ecce389dc4fcfa18753d01661b7b361233569e8fe48;18;0
554;0xd42de95a9b26f1be134c8ecce389dc4fcfa18753d01661b7b361233569e8fe48;19;0
555;0xd42de95a9b26f1be134c8ecce389dc4fcfa18753d01661b7b361233569e8fe48;17;0
556;0xd42de95a9b26f1be134c8ecce389dc4fcfa18753d01661b7b361233569e8fe48;19;0
557;0xd42de95a9b26f1be134c8ecce389dc4fcfa18753d01661b7b361233569e8fe48;20;0
558;0xd42de95a9b26f1be134c8ecce389dc4fcfa18753d01661b7b361233569e8fe48;17;0
559;0xd42de95a9b26f1be134c8ecce389dc4fcfa18753d01661b7b361233569e8fe48;17;0
560;0xd42de95a9b26f1be134c8ecce389dc4fcfa18753d01661b7b361233569e8fe48;16;0
561;0xd42de95a9b26f1be134c8ecce389dc4fcfa18753d01661b7b361233569e8fe48;16;0
562;0xd42de95a9b26f1be134c8ecce389dc4fcfa18753d01661b7b361233569e8fe48;19;0
563;0xd42de95a9b26f1be134c8ecce389dc4fcfa18753d01661b7b361233569e8fe48;16;0
564;0xd42de95a9b26f1be134c8ecce389dc4fcfa18753d01661b7b361233569e8fe48;17;0
565;0xd42de95a9b26f1be134c8ecce389dc4fcfa18753d01661b7b361233569e8fe48;16;0
566;0xd42de95a9b26f1be134c8ecce389dc4fcfa18753d01661b7b361233569e8fe48;18;0
567;0xd42de95a9b26f1be134c8ecce389dc4fcfa18753d01661b7b361233569e8fe48;18;0
568;0xd42de95a9b26f1be134c8ecce389dc4fcfa18753d01661b7b361233569e8fe48;16;0
569;0xd42de95a9b26f1be134c8ecce389dc4fcfa18753d01661b7b361233569e8fe48;16;0
570;0xd42de95a9b26f1be134c8ecce389dc4fcfa18753d01661b7b361233569e8fe48;18;0
571;0xd42de95a9b26f1be134c8ecce389dc4fcfa18753d01661b7b361233569e8fe48;19;0
572;0xd42de95a9b26f1be134c8ecce389dc4fcfa18753d01661b7b361233569e8fe48;17;0
573;0xd42de95a9b26f1be134c8ecce389dc4fcfa18753d01661b7b361233569e8fe48;19;0
574;0xd42de95a9b26f1be134c8ecce389dc4fcfa18753d01661b7b361233569e8fe48;18;0
575;0xd42de95a9b26f1be134c8ecce389dc4fcfa18753d01661b7b361233569e8fe48;17;0
576;0xd42de95a9b26f1be134c8ecce389dc4fcfa18753d01661b7b361233569e8fe48;18;0
577;0xd42de95a9b26f1be134c8ecce389dc4fcfa18753d01661b7b361233569e8fe48;17;0
578;0xd42de95a9b26f1be134c8ecce389dc4fcfa18753d01661b7b361233569e8fe48;18;0
579;0xd42de95a9b26f1be134c8ecce389dc4fcfa18753d01661b7b361233569e8fe48;20;0
580;0xd42de95a9b26f1be134c8ecce389dc4fcfa18753d01661b7b361233569e8fe48;20;0
581;0xd42de95a9b26f1be134c8ecce389dc4fcfa18753d01661b7b361233569e8fe48;18;0
582;0xd42de95a9b26f1be134c8ecce389dc4fcfa18753d01661b7b361233569e8fe48;18;0
583;0xd42de95a9b26f1be134c8ecce389dc4fcfa18753d01661b7b361233569e8fe48;18;0
584;0xd42de95a9b26f1be134c8ecce389dc4fcfa18753d01661b7b361233569e8fe48;18;0
585;0xd42de95a9b26f1be134c8ecce389dc4fcfa18753d01661b7b361233569e8fe48;17;0
586;0xd42de95a9b26f1be134c8ecce389dc4fcfa18753d01661b7b361233569e8fe48;17;0
587;0xd42de95a9b26f1be134c8ecce389dc4fcfa18753d01661b7b361233569e8fe48;18;0
588;0xd42de95a9b26f1be134c8ecce389dc4fcfa18753d01661b7b361233569e8fe48;18;0
589;0xd42de95a9b26f1be134c8ecce389dc4fcfa18753d01661b7b361233569e8fe48;17;0
590;0xd42de95a9b26f1be134c8ecce389dc4fcfa18753d01661b7b361233569e8fe48;17;0
591;0xd42de95a9b26f1be134c8ecce389dc4fcfa18753d01661b7b361233569e8fe48;17;0
592;0xd42de95a9b26f1be134c8ecce389dc4fcfa18753d01661b7b361233569e8fe48;16;0
593;0xd42de95a9b26f1be134c8ecce389dc4fcfa18753d01661b7b361233569e8fe48;18;0
594;0xd42de95a9b26f1be134c8ecce389dc4fcfa18753d01661b7b361233569e8fe48;18;0
595;0xd42de95a9b26f1be134c8ecce389dc4fcfa18753d01661b7b361233569e8fe48;19;0
596;0xd42de95a9b26f1be134c8ecce389dc4fcfa18753d01661b7b361233569e8fe48;17;0
597;0xd42de95a9b26f1be134c8ecce389dc4fcfa18753d01661b7b361233569e8fe48;21;0
598;0xd42de95a9b26f1be134c8ecce389dc4fcfa18753d01661b7b361233569e8fe48;21;0
599;0xd42de95a9b26f1be134c8ecce389dc4fcfa18753d01661b7b361233569e8fe48;17;0
600;0xd42de95a9b26f1be134c8ecce389dc4fcfa18753d01661b7b361233569e8fe48;19;0
601;0xd42de95a9b26f1be134c8ecce389dc4fcfa18753d01661b7b361233569e8fe48;17;0
602;0xd42de95a9b26f1be134c8ecce389dc4fcfa18753d01661b7b361233569e8fe48;18;0
603;0xd42de95a9b26f1be134c8ecce389dc4fcfa18753d01661b7b361233569e8fe48;17;0
604;0xd42de95a9b26f1be134c8ecce389dc4fcfa18753d01661b7b361233569e8fe48;18;0
605;0xd42de95a9b26f1be134c8ecce389dc4fcfa18753d01661b7b361233569e8fe48;17;0
606;0xd42de95a9b26f1be134c8ecce389dc4fcfa18753d01661b7b361233569e8fe48;18;0
607;0xd42de95a9b26f1be134c8ecce389dc4fcfa18753d01661b7b361233569e8fe48;18;0
608;0xd42de95a9b26f1be134c8ecce389dc4fcfa18753d01661b7b361233569e8fe48;18;0
609;0xd42de95a9b26f1be134c8ecce389dc4fcfa18753d01661b7b361233569e8fe48;19;0
610;0xd42de95a9b26f1be134c8ecce389dc4fcfa18753d01661b7b361233569e8fe48;17;0
611;0xd42de95a9b26f1be134c8ecce389dc4fcfa18753d01661b7b361233569e8fe48;17;0
612;0xd42de95a9b26f1be134c8ecce389dc4fcfa18753d01661b7b361233569e8fe48;17;0
613;0xd42de95a9b26f1be134c8ecce389dc4fcfa18753d01661b7b361233569e8fe48;17;0
614;0xd42de95a9b26f1be134c8ecce389dc4fcfa18753d01661b7b361233569e8fe48;18;0
615;0xd42de95a9b26f1be134c8ecce389dc4fcfa18753d01661b7b361233569e8fe48;21;0
616;0xd42de95a9b26f1be134c8ecce389dc4fcfa18753d01661b7b361233569e8fe48;20;0
617;0xd42de95a9b26f1be134c8ecce389dc4fcfa18753d01661b7b361233569e8fe48;17;0
618;0xd42de95a9b26f1be134c8ecce389dc4fcfa18753d01661b7b361233569e8fe48;17;0
619;0xd42de95a9b26f1be134c8ecce389dc4fcfa18753d01661b7b361233569e8fe48;17;0
620;0xd42de95a9b26f1be134c8ecce389dc4fcfa18753d01661b7b361233569e8fe48;18;0
621;0xd42de95a9b26f1be134c8ecce389dc4fcfa18753d01661b7b361233569e8fe48;18;0
622;0xd42de95a9b26f1be134c8ecce389dc4fcfa18753d01661b7b361233569e8fe48;17;0
623;0xd42de95a9b26f1be134c8ecce389dc4fcfa18753d01661b7b361233569e8fe48;17;0
624;0xd42de95a9b26f1be134c8ecce389dc4fcfa18753d01661b7b361233569e8fe48;18;0
625;0xd42de95a9b26f1be134c8ecce389dc4fcfa18753d01661b7b361233569e8fe48;19;0
626;0xd42de95a9b26f1be134c8ecce389dc4fcfa18753d01661b7b361233569e8fe48;17;0
627;0xd42de95a9b26f1be134c8ecce389dc4fcfa18753d01661b7b361233569e8fe48;17;0
628;0xd42de95a9b26f1be134c8ecce389dc4fcfa18753d01661b7b361233569e8fe48;17;0
629;0xd42de95a9b26f1be134c8ecce389dc4fcfa18753d01661b7b361233569e8fe48;18;0
630;0xd42de95a9b26f1be134c8ecce389dc4fcfa18753d01661b7b361233569e8fe48;16;0
631;0xd42de95a9b26f1be134c8ecce389dc4fcfa18753d01661b7b361233569e8fe48;18;0
632;0xd42de95a9b26f1be134c8ecce389dc4fcfa18753d01661b7b361233569e8fe48;17;0
633;0xd42de95a9b26f1be134c8ecce389dc4fcfa18753d01661b7b361233569e8fe48;17;0
634;0xd42de95a9b26f1be134c8ecce389dc4fcfa18753d01661b7b361233569e8fe48;18;0
635;0xd42de95a9b26f1be134c8ecce389dc4fcfa18753d01661b7b361233569e8fe48;17;0
636;0xd42de95a9b26f1be134c8ecce389dc4fcfa18753d01661b7b361233569e8fe48;18;0
637;0xd42de95a9b26f1be134c8ecce389dc4fcfa18753d01661b7b361233569e8fe48;18;0
638;0xd42de95a9b26f1be134c8ecce389dc4fcfa18753d01661b7b361233569e8fe48;17;0
639;0xd42de95a9b26f1be134c8ecce389dc4fcfa18753d01661b7b361233569e8fe48;18;0
640;0xd42de95a9b26f1be134c8ecce389dc4fcfa18753d01661b7b361233569e8fe48;19;0
641;0xd42de95a9b26f1be134c8ecce389dc4fcfa18753d01661b7b361233569e8fe48;22;0
642;0xd42de95a9b26f1be134c8ecce389dc4fcfa18753d01661b7b361233569e8fe48;18;0
643;0xd42de95a9b26f1be134c8ecce389dc4fcfa18753d01661b7b361233569e8fe48;18;0
644;0xd42de95a9b26f1be134c8ecce389dc4fcfa18753d01661b7b361233569e8fe48;19;0
645;0xd42de95a9b26f1be134c8ecce389dc4fcfa18753d01661b7b361233569e8fe48;17;0
646;0xd42de95a9b26f1be134c8ecce389dc4fcfa18753d01661b7b361233569e8fe48;17;0
647;0xd42de95a9b26f1be134c8ecce389dc4fcfa18753d01661b7b361233569e8fe48;17;0
648;0xd42de95a9b26f1be134c8ecce389dc4fcfa18753d01661b7b361233569e8fe48;18;0
649;0xd42de95a9b26f1be134c8ecce389dc4fcfa18753d01661b7b361233569e8fe48;17;0
650;0xd42de95a9b26f1be134c8ecce389dc4fcfa18753d01661b7b361233569e8fe48;18;0
651;0xd42de95a9b26f1be134c8ecce389dc4fcfa18753d01661b7b361233569e8fe48;17;0
652;0xd42de95a9b26f1be134c8ecce389dc4fcfa18753d01661b7b361233569e8fe48;19;0
653;0xd42de95a9b26f1be134c8ecce389dc4fcfa18753d01661b7b361233569e8fe48;18;0
654;0xd42de95a9b26f1be134c8ecce389dc4fcfa18753d01661b7b361233569e8fe48;17;0
655;0xd42de95a9b26f1be134c8ecce389dc4fcfa18753d01661b7b361233569e8fe48;19;0
656;0xd42de95a9b26f1be134c8ecce389dc4fcfa18753d01661b7b361233569e8fe48;17;0
657;0xd42de95a9b26f1be134c8ecce389dc4fcfa18753d01661b7b361233569e8fe48;17;0
658;0xd42de95a9b26f1be134c8ecce389dc4fcfa18753d01661b7b361233569e8fe48;18;0
659;0xd42de95a9b26f1be134c8ecce389dc4fcfa18753d01661b7b361233569e8fe48;18;0
660;0xd42de95a9b26f1be134c8ecce389dc4fcfa18753d01661b7b361233569e8fe48;17;0
661;0xd42de95a9b26f1be134c8ecce389dc4fcfa18753d01661b7b361233569e8fe48;18;0
662;0xd42de95a9b26f1be134c8ecce389dc4fcfa18753d01661b7b361233569e8fe48;18;0
663;0xd42de95a9b26f1be134c8ecce389dc4fcfa18753d01661b7b361233569e8fe48;18;0
664;0xd42de95a9b26f1be134c8ecce389dc4fcfa18753d01661b7b361233569e8fe48;17;0
665;0xd42de95a9b26f1be134c8ecce389dc4fcfa18753d01661b7b361233569e8fe48;17;0
666;0xd42de95a9b26f1be134c8ecce389dc4fcfa18753d01661b7b361233569e8fe48;16;0
667;0xd42de95a9b26f1be134c8ecce389dc4fcfa18753d01661b7b361233569e8fe48;20;0
668;0xd42de95a9b26f1be134c8ecce389dc4fcfa18753d01661b7b361233569e8fe48;18;0
669;0xd42de95a9b26f1be134c8ecce389dc4fcfa18753d01661b7b361233569e8fe48;16;0
670;0xd42de95a9b26f1be134c8ecce389dc4fcfa18753d01661b7b361233569e8fe48;17;0
671;0xd42de95a9b26f1be134c8ecce389dc4fcfa18753d01661b7b361233569e8fe48;18;0
672;0xd42de95a9b26f1be134c8ecce389dc4fcfa18753d01661b7b361233569e8fe48;18;0
673;0xd42de95a9b26f1be134c8ecce389dc4fcfa18753d01661b7b361233569e8fe48;16;0
674;0xd42de95a9b26f1be134c8ecce389dc4fcfa18753d01661b7b361233569e8fe48;18;0
675;0xd42de95a9b26f1be134c8ecce389dc4fcfa18753d01661b7b361233569e8fe48;16;0
676;0xd42de95a9b26f1be134c8ecce389dc4fcfa18753d01661b7b361233569e8fe48;17;0
677;0xd42de95a9b26f1be134c8ecce389dc4fcfa18753d01661b7b361233569e8fe48;18;0
678;0xd42de95a9b26f1be134c8ecce389dc4fcfa18753d01661b7b361233569e8fe48;18;0
679;0xd42de95a9b26f1be134c8ecce389dc4fcfa18753d01661b7b361233569e8fe48;18;0
680;0xd42de95a9b26f1be134c8ecce389dc4fcfa18753d01661b7b361233569e8fe48;17;0
681;0xd42de95a9b26f1be134c8ecce389dc4fcfa18753d01661b7b361233569e8fe48;16;0
682;0xd42de95a9b26f1be134c8ecce389dc4fcfa18753d01661b7b361233569e8fe48;17;0
683;0xd42de95a9b26f1be134c8ecce389dc4fcfa18753d01661b7b361233569e8fe48;24;0
684;0xd42de95a9b26f1be134c8ecce389dc4fcfa18753d01661b7b361233569e8fe48;18;0
685;0xd42de95a9b26f1be134c8ecce389dc4fcfa18753d01661b7b361233569e8fe48;20;0
686;0xd42de95a9b26f1be134c8ecce389dc4fcfa18753d01661b7b361233569e8fe48;17;0
687;0xd42de95a9b26f1be134c8ecce389dc4fcfa18753d01661b7b361233569e8fe48;18;0
688;0xd42de95a9b26f1be134c8ecce389dc4fcfa18753d01661b7b361233569e8fe48;18;0
689;0xd42de95a9b26f1be134c8ecce389dc4fcfa18753d01661b7b361233569e8fe48;17;0
690;0xd42de95a9b26f1be134c8ecce389dc4fcfa18753d01661b7b361233569e8fe48;17;0
691;0xd42de95a9b26f1be134c8ecce389dc4fcfa18753d01661b7b361233569e8fe48;17;0
692;0xd42de95a9b26f1be134c8ecce389dc4fcfa18753d01661b7b361233569e8fe48;21;0
693;0xd42de95a9b26f1be134c8ecce389dc4fcfa18753d01661b7b361233569e8fe48;20;0
694;0xd42de95a9b26f1be134c8ecce389dc4fcfa18753d01661b7b361233569e8fe48;18;0
695;0xd42de95a9b26f1be134c8ecce389dc4fcfa18753d01661b7b361233569e8fe48;18;0
696;0xd42de95a9b26f1be134c8ecce389dc4fcfa18753d01661b7b361233569e8fe48;19;0
697;0xd42de95a9b26f1be134c8ecce389dc4fcfa18753d01661b7b361233569e8fe48;18;0
698;0xd42de95a9b26f1be134c8ecce389dc4fcfa18753d01661b7b361233569e8fe48;19;0
699;0xd42de95a9b26f1be134c8ecce389dc4fcfa18753d01661b7b361233569e8fe48;17;0
700;0xd42de95a9b26f1be134c8ecce389dc4fcfa18753d01661b7b361233569e8fe48;17;0
701;0xd42de95a9b26f1be134c8ecce389dc4fcfa18753d01661b7b361233569e8fe48;23;0
702;0xd42de95a9b26f1be134c8ecce389dc4fcfa18753d01661b7b361233569e8fe48;17;0
703;0xd42de95a9b26f1be134c8ecce389dc4fcfa18753d01661b7b361233569e8fe48;18;0
704;0xd42de95a9b26f1be134c8ecce389dc4fcfa18753d01661b7b361233569e8fe48;17;0
705;0xd42de95a9b26f1be134c8ecce389dc4fcfa18753d01661b7b361233569e8fe48;17;0
706;0xd42de95a9b26f1be134c8ecce389dc4fcfa18753d01661b7b361233569e8fe48;17;0
707;0xd42de95a9b26f1be134c8ecce389dc4fcfa18753d01661b7b361233569e8fe48;19;0
708;0xd42de95a9b26f1be134c8ecce389dc4fcfa18753d01661b7b361233569e8fe48;19;0
709;0xd42de95a9b26f1be134c8ecce389dc4fcfa18753d01661b7b361233569e8fe48;18;0
710;0xd42de95a9b26f1be134c8ecce389dc4fcfa18753d01661b7b361233569e8fe48;18;0
711;0xd42de95a9b26f1be134c8ecce389dc4fcfa18753d01661b7b361233569e8fe48;17;0
712;0xd42de95a9b26f1be134c8ecce389dc4fcfa18753d01661b7b361233569e8fe48;18;0
713;0xd42de95a9b26f1be134c8ecce389dc4fcfa18753d01661b7b361233569e8fe48;18;0
714;0xd42de95a9b26f1be134c8ecce389dc4fcfa18753d01661b7b361233569e8fe48;18;0
715;0xd42de95a9b26f1be134c8ecce389dc4fcfa18753d01661b7b361233569e8fe48;19;0
716;0xd42de95a9b26f1be134c8ecce389dc4fcfa18753d01661b7b361233569e8fe48;19;0
717;0xd42de95a9b26f1be134c8ecce389dc4fcfa18753d01661b7b361233569e8fe48;20;0
718;0xd42de95a9b26f1be134c8ecce389dc4fcfa18753d01661b7b361233569e8fe48;17;0
719;0xd42de95a9b26f1be134c8ecce389dc4fcfa18753d01661b7b361233569e8fe48;17;0
720;0xd42de95a9b26f1be134c8ecce389dc4fcfa18753d01661b7b361233569e8fe48;17;0
721;0xd42de95a9b26f1be134c8ecce389dc4fcfa18753d01661b7b361233569e8fe48;18;0
722;0xd42de95a9b26f1be134c8ecce389dc4fcfa18753d01661b7b361233569e8fe48;16;0
723;0xd42de95a9b26f1be134c8ecce389dc4fcfa18753d01661b7b361233569e8fe48;18;0
724;0xd42de95a9b26f1be134c8ecce389dc4fcfa18753d01661b7b361233569e8fe48;18;0
725;0xd42de95a9b26f1be134c8ecce389dc4fcfa18753d01661b7b361233569e8fe48;17;0
726;0xd42de95a9b26f1be134c8ecce389dc4fcfa18753d01661b7b361233569e8fe48;17;0
727;0xd42de95a9b26f1be134c8ecce389dc4fcfa18753d01661b7b361233569e8fe48;18;0
728;0xd42de95a9b26f1be134c8ecce389dc4fcfa18753d01661b7b361233569e8fe48;17;0
729;0xd42de95a9b26f1be134c8ecce389dc4fcfa18753d01661b7b361233569e8fe48;17;0
730;0xd42de95a9b26f1be134c8ecce389dc4fcfa18753d01661b7b361233569e8fe48;17;0
731;0xd42de95a9b26f1be134c8ecce389dc4fcfa18753d01661b7b361233569e8fe48;17;0
732;0xd42de95a9b26f1be134c8ecce389dc4fcfa18753d01661b7b361233569e8fe48;20;0
733;0xd42de95a9b26f1be134c8ecce389dc4fcfa18753d01661b7b361233569e8fe48;24;0
734;0xd42de95a9b26f1be134c8ecce389dc4fcfa18753d01661b7b361233569e8fe48;17;0
735;0xd42de95a9b26f1be134c8ecce389dc4fcfa18753d01661b7b361233569e8fe48;17;0
736;0xd42de95a9b26f1be134c8ecce389dc4fcfa18753d01661b7b361233569e8fe48;16;0
737;0xd42de95a9b26f1be134c8ecce389dc4fcfa18753d01661b7b361233569e8fe48;17;0
738;0xd42de95a9b26f1be134c8ecce389dc4fcfa18753d01661b7b361233569e8fe48;18;0
739;0xd42de95a9b26f1be134c8ecce389dc4fcfa18753d01661b7b361233569e8fe48;18;0
740;0xd42de95a9b26f1be134c8ecce389dc4fcfa18753d01661b7b361233569e8fe48;16;0
741;0xd42de95a9b26f1be134c8ecce389dc4fcfa18753d01661b7b361233569e8fe48;18;0
742;0xd42de95a9b26f1be134c8ecce389dc4fcfa18753d01661b7b361233569e8fe48;18;0
743;0xd42de95a9b26f1be134c8ecce389dc4fcfa18753d01661b7b361233569e8fe48;16;0
744;0xd42de95a9b26f1be134c8ecce389dc4fcfa18753d01661b7b361233569e8fe48;17;0
745;0xd42de95a9b26f1be134c8ecce389dc4fcfa18753d01661b7b361233569e8fe48;17;0
746;0xd42de95a9b26f1be134c8ecce389dc4fcfa18753d01661b7b361233569e8fe48;17;0
747;0xd42de95a9b26f1be134c8ecce389dc4fcfa18753d01661b7b361233569e8fe48;18;0
748;0xd42de95a9b26f1be134c8ecce389dc4fcfa18753d01661b7b361233569e8fe48;18;0
749;0xd42de95a9b26f1be134c8ecce389dc4fcfa18753d01661b7b361233569e8fe48;17;0
750;0xd42de95a9b26f1be134c8ecce389dc4fcfa18753d01661b7b361233569e8fe48;18;0
751;0xd42de95a9b26f1be134c8ecce389dc4fcfa18753d01661b7b361233569e8fe48;16;0
752;0xd42de95a9b26f1be134c8ecce389dc4fcfa18753d01661b7b361233569e8fe48;19;0
753;0xd42de95a9b26f1be134c8ecce389dc4fcfa18753d01661b7b361233569e8fe48;17;0
754;0xd42de95a9b26f1be134c8ecce389dc4fcfa18753d01661b7b361233569e8fe48;17;0
755;0xd42de95a9b26f1be134c8ecce389dc4fcfa18753d01661b7b361233569e8fe48;18;0
756;0xd42de95a9b26f1be134c8ecce389dc4fcfa18753d01661b7b361233569e8fe48;19;0
757;0xd42de95a9b26f1be134c8ecce389dc4fcfa18753d01661b7b361233569e8fe48;17;0
758;0xd42de95a9b26f1be134c8ecce389dc4fcfa18753d01661b7b361233569e8fe48;17;0
759;0xd42de95a9b26f1be134c8ecce389dc4fcfa18753d01661b7b361233569e8fe48;17;0
760;0xd42de95a9b26f1be134c8ecce389dc4fcfa18753d01661b7b361233569e8fe48;17;0
761;0xd42de95a9b26f1be134c8ecce389dc4fcfa18753d01661b7b361233569e8fe48;17;0
762;0xd42de95a9b26f1be134c8ecce389dc4fcfa18753d01661b7b361233569e8fe48;18;0
763;0xd42de95a9b26f1be134c8ecce389dc4fcfa18753d01661b7b361233569e8fe48;18;0
764;0xd42de95a9b26f1be134c8ecce389dc4fcfa18753d01661b7b361233569e8fe48;19;0
765;0xd42de95a9b26f1be134c8ecce389dc4fcfa18753d01661b7b361233569e8fe48;19;0
766;0xd42de95a9b26f1be134c8ecce389dc4fcfa18753d01661b7b361233569e8fe48;19;0
767;0xd42de95a9b26f1be134c8ecce389dc4fcfa18753d01661b7b361233569e8fe48;18;0
768;0xd42de95a9b26f1be134c8ecce389dc4fcfa18753d01661b7b361233569e8fe48;17;0
769;0xd42de95a9b26f1be134c8ecce389dc4fcfa18753d01661b7b361233569e8fe48;16;0
770;0xd42de95a9b26f1be134c8ecce389dc4fcfa18753d01661b7b361233569e8fe48;17;0
771;0xd42de95a9b26f1be134c8ecce389dc4fcfa18753d01661b7b361233569e8fe48;19;0
772;0xd42de95a9b26f1be134c8ecce389dc4fcfa18753d01661b7b361233569e8fe48;18;0
773;0xd42de95a9b26f1be134c8ecce389dc4fcfa18753d01661b7b361233569e8fe48;17;0
774;0xd42de95a9b26f1be134c8ecce389dc4fcfa18753d01661b7b361233569e8fe48;20;0
775;0xd42de95a9b26f1be134c8ecce389dc4fcfa18753d01661b7b361233569e8fe48;17;0
776;0xd42de95a9b26f1be134c8ecce389dc4fcfa18753d01661b7b361233569e8fe48;17;0
777;0xd42de95a9b26f1be134c8ecce389dc4fcfa18753d01661b7b361233569e8fe48;18;0
778;0xd42de95a9b26f1be134c8ecce389dc4fcfa18753d01661b7b361233569e8fe48;17;0
779;0xd42de95a9b26f1be134c8ecce389dc4fcfa18753d01661b7b361233569e8fe48;17;0
780;0xd42de95a9b26f1be134c8ecce389dc4fcfa18753d01661b7b361233569e8fe48;17;0
781;0xd42de95a9b26f1be134c8ecce389dc4fcfa18753d01661b7b361233569e8fe48;16;0
782;0xd42de95a9b26f1be134c8ecce389dc4fcfa18753d01661b7b361233569e8fe48;18;0
783;0xd42de95a9b26f1be134c8ecce389dc4fcfa18753d01661b7b361233569e8fe48;17;0
784;0xd42de95a9b26f1be134c8ecce389dc4fcfa18753d01661b7b361233569e8fe48;17;0
785;0xd42de95a9b26f1be134c8ecce389dc4fcfa18753d01661b7b361233569e8fe48;20;0
786;0xd42de95a9b26f1be134c8ecce389dc4fcfa18753d01661b7b361233569e8fe48;17;0
787;0xd42de95a9b26f1be134c8ecce389dc4fcfa18753d01661b7b361233569e8fe48;18;0
788;0xd42de95a9b26f1be134c8ecce389dc4fcfa18753d01661b7b361233569e8fe48;17;0
789;0xd42de95a9b26f1be134c8ecce389dc4fcfa18753d01661b7b361233569e8fe48;18;0
790;0xd42de95a9b26f1be134c8ecce389dc4fcfa18753d01661b7b361233569e8fe48;20;0
791;0xd42de95a9b26f1be134c8ecce389dc4fcfa18753d01661b7b361233569e8fe48;18;0
792;0xd42de95a9b26f1be134c8ecce389dc4fcfa18753d01661b7b361233569e8fe48;18;0
793;0xd42de95a9b26f1be134c8ecce389dc4fcfa18753d01661b7b361233569e8fe48;17;0
794;0xd42de95a9b26f1be134c8ecce389dc4fcfa18753d01661b7b361233569e8fe48;17;0
795;0xd42de95a9b26f1be134c8ecce389dc4fcfa18753d01661b7b361233569e8fe48;16;0
796;0xd42de95a9b26f1be134c8ecce389dc4fcfa18753d01661b7b361233569e8fe48;17;0
797;0xd42de95a9b26f1be134c8ecce389dc4fcfa18753d01661b7b361233569e8fe48;18;0
798;0xd42de95a9b26f1be134c8ecce389dc4fcfa18753d01661b7b361233569e8fe48;18;0
799;0xd42de95a9b26f1be134c8ecce389dc4fcfa18753d01661b7b361233569e8fe48;17;0
800;0xd42de95a9b26f1be134c8ecce389dc4fcfa18753d01661b7b361233569e8fe48;17;0
801;0xd42de95a9b26f1be134c8ecce389dc4fcfa18753d01661b7b361233569e8fe48;18;0
802;0xd42de95a9b26f1be134c8ecce389dc4fcfa18753d01661b7b361233569e8fe48;18;0
803;0xd42de95a9b26f1be134c8ecce389dc4fcfa18753d01661b7b361233569e8fe48;18;0
804;0xd42de95a9b26f1be134c8ecce389dc4fcfa18753d01661b7b361233569e8fe48;17;0
805;0xd42de95a9b26f1be134c8ecce389dc4fcfa18753d01661b7b361233569e8fe48;21;0
806;0xd42de95a9b26f1be134c8ecce389dc4fcfa18753d01661b7b361233569e8fe48;17;0
807;0xd42de95a9b26f1be134c8ecce389dc4fcfa18753d01661b7b361233569e8fe48;19;0
808;0xd42de95a9b26f1be134c8ecce389dc4fcfa18753d01661b7b361233569e8fe48;17;0
809;0xd42de95a9b26f1be134c8ecce389dc4fcfa18753d01661b7b361233569e8fe48;18;0
810;0xd42de95a9b26f1be134c8ecce389dc4fcfa18753d01661b7b361233569e8fe48;18;0
811;0xd42de95a9b26f1be134c8ecce389dc4fcfa18753d01661b7b361233569e8fe48;17;0
812;0xd42de95a9b26f1be134c8ecce389dc4fcfa18753d01661b7b361233569e8fe48;17;0
813;0xd42de95a9b26f1be134c8ecce389dc4fcfa18753d01661b7b361233569e8fe48;17;0
814;0xd42de95a9b26f1be134c8ecce389dc4fcfa18753d01661b7b361233569e8fe48;17;0
815;0xd42de95a9b26f1be134c8ecce389dc4fcfa18753d01661b7b361233569e8fe48;18;0
816;0xd42de95a9b26f1be134c8ecce389dc4fcfa18753d01661b7b361233569e8fe48;19;0
817;0xd42de95a9b26f1be134c8ecce389dc4fcfa18753d01661b7b361233569e8fe48;20;0
818;0xd42de95a9b26f1be134c8ecce389dc4fcfa18753d01661b7b361233569e8fe48;17;0
819;0xd42de95a9b26f1be134c8ecce389dc4fcfa18753d01661b7b361233569e8fe48;17;0
820;0xd42de95a9b26f1be134c8ecce389dc4fcfa18753d01661b7b361233569e8fe48;19;0
821;0xd42de95a9b26f1be134c8ecce389dc4fcfa18753d01661b7b361233569e8fe48;18;0
822;0xd42de95a9b26f1be134c8ecce389dc4fcfa18753d01661b7b361233569e8fe48;18;0
823;0xd42de95a9b26f1be134c8ecce389dc4fcfa18753d01661b7b361233569e8fe48;17;0
824;0xd42de95a9b26f1be134c8ecce389dc4fcfa18753d01661b7b361233569e8fe48;16;0
825;0xd42de95a9b26f1be134c8ecce389dc4fcfa18753d01661b7b361233569e8fe48;18;0
826;0xd42de95a9b26f1be134c8ecce389dc4fcfa18753d01661b7b361233569e8fe48;19;0
827;0xd42de95a9b26f1be134c8ecce389dc4fcfa18753d01661b7b361233569e8fe48;18;0
828;0xd42de95a9b26f1be134c8ecce389dc4fcfa18753d01661b7b361233569e8fe48;16;0
829;0xd42de95a9b26f1be134c8ecce389dc4fcfa18753d01661b7b361233569e8fe48;18;0
830;0xd42de95a9b26f1be134c8ecce389dc4fcfa18753d01661b7b361233569e8fe48;17;0
831;0xd42de95a9b26f1be134c8ecce389dc4fcfa18753d01661b7b361233569e8fe48;17;0
832;0xd42de95a9b26f1be134c8ecce389dc4fcfa18753d01661b7b361233569e8fe48;18;0
833;0xd42de95a9b26f1be134c8ecce389dc4fcfa18753d01661b7b361233569e8fe48;18;0
834;0xd42de95a9b26f1be134c8ecce389dc4fcfa18753d01661b7b361233569e8fe48;17;0
835;0xd42de95a9b26f1be134c8ecce389dc4fcfa18753d01661b7b361233569e8fe48;16;0
836;0xd42de95a9b26f1be134c8ecce389dc4fcfa18753d01661b7b361233569e8fe48;15;0
837;0xd42de95a9b26f1be134c8ecce389dc4fcfa18753d01661b7b361233569e8fe48;19;0
838;0xd42de95a9b26f1be134c8ecce389dc4fcfa18753d01661b7b361233569e8fe48;17;0
839;0xd42de95a9b26f1be134c8ecce389dc4fcfa18753d01661b7b361233569e8fe48;17;0
840;0xd42de95a9b26f1be134c8ecce389dc4fcfa18753d01661b7b361233569e8fe48;16;0
841;0xd42de95a9b26f1be134c8ecce389dc4fcfa18753d01661b7b361233569e8fe48;18;0
842;0xd42de95a9b26f1be134c8ecce389dc4fcfa18753d01661b7b361233569e8fe48;16;0
843;0xd42de95a9b26f1be134c8ecce389dc4fcfa18753d01661b7b361233569e8fe48;16;0
844;0xd42de95a9b26f1be134c8ecce389dc4fcfa18753d01661b7b361233569e8fe48;16;0
845;0xd42de95a9b26f1be134c8ecce389dc4fcfa18753d01661b7b361233569e8fe48;19;0
846;0xd42de95a9b26f1be134c8ecce389dc4fcfa18753d01661b7b361233569e8fe48;17;0
847;0xd42de95a9b26f1be134c8ecce389dc4fcfa18753d01661b7b361233569e8fe48;16;0
848;0xd42de95a9b26f1be134c8ecce389dc4fcfa18753d01661b7b361233569e8fe48;16;0
849;0xd42de95a9b26f1be134c8ecce389dc4fcfa18753d01661b7b361233569e8fe48;17;0
850;0xd42de95a9b26f1be134c8ecce389dc4fcfa18753d01661b7b361233569e8fe48;17;0
851;0xd42de95a9b26f1be134c8ecce389dc4fcfa18753d01661b7b361233569e8fe48;17;0
852;0xd42de95a9b26f1be134c8ecce389dc4fcfa18753d01661b7b361233569e8fe48;16;0
853;0xd42de95a9b26f1be134c8ecce389dc4fcfa18753d01661b7b361233569e8fe48;18;0
854;0xd42de95a9b26f1be134c8ecce389dc4fcfa18753d01661b7b361233569e8fe48;16;0
855;0xd42de95a9b26f1be134c8ecce389dc4fcfa18753d01661b7b361233569e8fe48;15;0
856;0xd42de95a9b26f1be134c8ecce389dc4fcfa18753d01661b7b361233569e8fe48;17;0
857;0xd42de95a9b26f1be134c8ecce389dc4fcfa18753d01661b7b361233569e8fe48;16;0
858;0xd42de95a9b26f1be134c8ecce389dc4fcfa18753d01661b7b361233569e8fe48;15;0
859;0xd42de95a9b26f1be134c8ecce389dc4fcfa18753d01661b7b361233569e8fe48;16;0
860;0xd42de95a9b26f1be134c8ecce389dc4fcfa18753d01661b7b361233569e8fe48;23;0
861;0xd42de95a9b26f1be134c8ecce389dc4fcfa18753d01661b7b361233569e8fe48;17;0
862;0xd42de95a9b26f1be134c8ecce389dc4fcfa18753d01661b7b361233569e8fe48;17;0
863;0xd42de95a9b26f1be134c8ecce389dc4fcfa18753d01661b7b361233569e8fe48;20;0
864;0xd42de95a9b26f1be134c8ecce389dc4fcfa18753d01661b7b361233569e8fe48;18;0
865;0xd42de95a9b26f1be134c8ecce389dc4fcfa18753d01661b7b361233569e8fe48;18;0
866;0xd42de95a9b26f1be134c8ecce389dc4fcfa18753d01661b7b361233569e8fe48;15;0
867;0xd42de95a9b26f1be134c8ecce389dc4fcfa18753d01661b7b361233569e8fe48;18;0
868;0xd42de95a9b26f1be134c8ecce389dc4fcfa18753d01661b7b361233569e8fe48;16;0
869;0xd42de95a9b26f1be134c8ecce389dc4fcfa18753d01661b7b361233569e8fe48;16;0
870;0xd42de95a9b26f1be134c8ecce389dc4fcfa18753d01661b7b361233569e8fe48;16;0
871;0xd42de95a9b26f1be134c8ecce389dc4fcfa18753d01661b7b361233569e8fe48;17;0
872;0xd42de95a9b26f1be134c8ecce389dc4fcfa18753d01661b7b361233569e8fe48;17;0
873;0xd42de95a9b26f1be134c8ecce389dc4fcfa18753d01661b7b361233569e8fe48;16;0
874;0xd42de95a9b26f1be134c8ecce389dc4fcfa18753d01661b7b361233569e8fe48;17;0
875;0xd42de95a9b26f1be134c8ecce389dc4fcfa18753d01661b7b361233569e8fe48;16;0
876;0xd42de95a9b26f1be134c8ecce389dc4fcfa18753d01661b7b361233569e8fe48;16;0
877;0xd42de95a9b26f1be134c8ecce389dc4fcfa18753d01661b7b361233569e8fe48;16;0
878;0xd42de95a9b26f1be134c8ecce389dc4fcfa18753d01661b7b361233569e8fe48;16;0
879;0xd42de95a9b26f1be134c8ecce389dc4fcfa18753d01661b7b361233569e8fe48;16;0
880;0xd42de95a9b26f1be134c8ecce389dc4fcfa18753d01661b7b361233569e8fe48;17;0
881;0xd42de95a9b26f1be134c8ecce389dc4fcfa18753d01661b7b361233569e8fe48;16;0
882;0xd42de95a9b26f1be134c8ecce389dc4fcfa18753d01661b7b361233569e8fe48;16;0
883;0xd42de95a9b26f1be134c8ecce389dc4fcfa18753d01661b7b361233569e8fe48;18;0
884;0xd42de95a9b26f1be134c8ecce389dc4fcfa18753d01661b7b361233569e8fe48;19;0
885;0xd42de95a9b26f1be134c8ecce389dc4fcfa18753d01661b7b361233569e8fe48;16;0
886;0xd42de95a9b26f1be134c8ecce389dc4fcfa18753d01661b7b361233569e8fe48;19;0
887;0xd42de95a9b26f1be134c8ecce389dc4fcfa18753d01661b7b361233569e8fe48;16;0
888;0xd42de95a9b26f1be134c8ecce389dc4fcfa18753d01661b7b361233569e8fe48;17;0
889;0xd42de95a9b26f1be134c8ecce389dc4fcfa18753d01661b7b361233569e8fe48;17;0
890;0xd42de95a9b26f1be134c8ecce389dc4fcfa18753d01661b7b361233569e8fe48;17;0
891;0xd42de95a9b26f1be134c8ecce389dc4fcfa18753d01661b7b361233569e8fe48;17;0
892;0xd42de95a9b26f1be134c8ecce389dc4fcfa18753d01661b7b361233569e8fe48;19;0
893;0xd42de95a9b26f1be134c8ecce389dc4fcfa18753d01661b7b361233569e8fe48;16;0
894;0xd42de95a9b26f1be134c8ecce389dc4fcfa18753d01661b7b361233569e8fe48;17;0
895;0xd42de95a9b26f1be134c8ecce389dc4fcfa18753d01661b7b361233569e8fe48;18;0
896;0xd42de95a9b26f1be134c8ecce389dc4fcfa18753d01661b7b361233569e8fe48;19;0
897;0xd42de95a9b26f1be134c8ecce389dc4fcfa18753d01661b7b361233569e8fe48;19;0
898;0xd42de95a9b26f1be134c8ecce389dc4fcfa18753d01661b7b361233569e8fe48;18;0
899;0xd42de95a9b26f1be134c8ecce389dc4fcfa18753d01661b7b361233569e8fe48;19;0
900;0xd42de95a9b26f1be134c8ecce389dc4fcfa18753d01661b7b361233569e8fe48;17;0
901;0xd42de95a9b26f1be134c8ecce389dc4fcfa18753d01661b7b361233569e8fe48;16;0
902;0xd42de95a9b26f1be134c8ecce389dc4fcfa18753d01661b7b361233569e8fe48;19;0
903;0xd42de95a9b26f1be134c8ecce389dc4fcfa18753d01661b7b361233569e8fe48;18;0
904;0xd42de95a9b26f1be134c8ecce389dc4fcfa18753d01661b7b361233569e8fe48;19;0
905;0xd42de95a9b26f1be134c8ecce389dc4fcfa18753d01661b7b361233569e8fe48;17;0
906;0xd42de95a9b26f1be134c8ecce389dc4fcfa18753d01661b7b361233569e8fe48;15;0
907;0xd42de95a9b26f1be134c8ecce389dc4fcfa18753d01661b7b361233569e8fe48;16;0
908;0xd42de95a9b26f1be134c8ecce389dc4fcfa18753d01661b7b361233569e8fe48;18;0
909;0xd42de95a9b26f1be134c8ecce389dc4fcfa18753d01661b7b361233569e8fe48;16;0
910;0xd42de95a9b26f1be134c8ecce389dc4fcfa18753d01661b7b361233569e8fe48;18;0
911;0xd42de95a9b26f1be134c8ecce389dc4fcfa18753d01661b7b361233569e8fe48;16;0
912;0xd42de95a9b26f1be134c8ecce389dc4fcfa18753d01661b7b361233569e8fe48;19;0
913;0xd42de95a9b26f1be134c8ecce389dc4fcfa18753d01661b7b361233569e8fe48;16;0
914;0xd42de95a9b26f1be134c8ecce389dc4fcfa18753d01661b7b361233569e8fe48;18;0
915;0xd42de95a9b26f1be134c8ecce389dc4fcfa18753d01661b7b361233569e8fe48;18;0
916;0xd42de95a9b26f1be134c8ecce389dc4fcfa18753d01661b7b361233569e8fe48;17;0
917;0xd42de95a9b26f1be134c8ecce389dc4fcfa18753d01661b7b361233569e8fe48;16;0
918;0xd42de95a9b26f1be134c8ecce389dc4fcfa18753d01661b7b361233569e8fe48;17;0
919;0xd42de95a9b26f1be134c8ecce389dc4fcfa18753d01661b7b361233569e8fe48;17;0
920;0xd42de95a9b26f1be134c8ecce389dc4fcfa18753d01661b7b361233569e8fe48;18;0
921;0xd42de95a9b26f1be134c8ecce389dc4fcfa18753d01661b7b361233569e8fe48;18;0
922;0xd42de95a9b26f1be134c8ecce389dc4fcfa18753d01661b7b361233569e8fe48;16;0
923;0xd42de95a9b26f1be134c8ecce389dc4fcfa18753d01661b7b361233569e8fe48;18;0
924;0xd42de95a9b26f1be134c8ecce389dc4fcfa18753d01661b7b361233569e8fe48;16;0
925;0xd42de95a9b26f1be134c8ecce389dc4fcfa18753d01661b7b361233569e8fe48;15;0
926;0xd42de95a9b26f1be134c8ecce389dc4fcfa18753d01661b7b361233569e8fe48;17;0
927;0xd42de95a9b26f1be134c8ecce389dc4fcfa18753d01661b7b361233569e8fe48;18;0
928;0xd42de95a9b26f1be134c8ecce389dc4fcfa18753d01661b7b361233569e8fe48;19;0
929;0xd42de95a9b26f1be134c8ecce389dc4fcfa18753d01661b7b361233569e8fe48;17;0
930;0xd42de95a9b26f1be134c8ecce389dc4fcfa18753d01661b7b361233569e8fe48;18;0
931;0xd42de95a9b26f1be134c8ecce389dc4fcfa18753d01661b7b361233569e8fe48;18;0
932;0xd42de95a9b26f1be134c8ecce389dc4fcfa18753d01661b7b361233569e8fe48;18;0
933;0xd42de95a9b26f1be134c8ecce389dc4fcfa18753d01661b7b361233569e8fe48;23;0
934;0xd42de95a9b26f1be134c8ecce389dc4fcfa18753d01661b7b361233569e8fe48;17;0
935;0xd42de95a9b26f1be134c8ecce389dc4fcfa18753d01661b7b361233569e8fe48;16;0
936;0xd42de95a9b26f1be134c8ecce389dc4fcfa18753d01661b7b361233569e8fe48;17;0
937;0xd42de95a9b26f1be134c8ecce389dc4fcfa18753d01661b7b361233569e8fe48;19;0
938;0xd42de95a9b26f1be134c8ecce389dc4fcfa18753d01661b7b361233569e8fe48;16;0
939;0xd42de95a9b26f1be134c8ecce389dc4fcfa18753d01661b7b361233569e8fe48;16;0
940;0xd42de95a9b26f1be134c8ecce389dc4fcfa18753d01661b7b361233569e8fe48;19;0
941;0xd42de95a9b26f1be134c8ecce389dc4fcfa18753d01661b7b361233569e8fe48;18;0
942;0xd42de95a9b26f1be134c8ecce389dc4fcfa18753d01661b7b361233569e8fe48;18;0
943;0xd42de95a9b26f1be134c8ecce389dc4fcfa18753d01661b7b361233569e8fe48;16;0
944;0xd42de95a9b26f1be134c8ecce389dc4fcfa18753d01661b7b361233569e8fe48;18;0
945;0xd42de95a9b26f1be134c8ecce389dc4fcfa18753d01661b7b361233569e8fe48;18;0
946;0xd42de95a9b26f1be134c8ecce389dc4fcfa18753d01661b7b361233569e8fe48;18;0
947;0xd42de95a9b26f1be134c8ecce389dc4fcfa18753d01661b7b361233569e8fe48;19;0
948;0xd42de95a9b26f1be134c8ecce389dc4fcfa18753d01661b7b361233569e8fe48;16;0
949;0xd42de95a9b26f1be134c8ecce389dc4fcfa18753d01661b7b361233569e8fe48;17;0
950;0xd42de95a9b26f1be134c8ecce389dc4fcfa18753d01661b7b361233569e8fe48;18;0
951;0xd42de95a9b26f1be134c8ecce389dc4fcfa18753d01661b7b361233569e8fe48;17;0
952;0xd42de95a9b26f1be134c8ecce389dc4fcfa18753d01661b7b361233569e8fe48;20;0
953;0xd42de95a9b26f1be134c8ecce389dc4fcfa18753d01661b7b361233569e8fe48;18;0
954;0xd42de95a9b26f1be134c8ecce389dc4fcfa18753d01661b7b361233569e8fe48;16;0
955;0xd42de95a9b26f1be134c8ecce389dc4fcfa18753d01661b7b361233569e8fe48;16;0
956;0xd42de95a9b26f1be134c8ecce389dc4fcfa18753d01661b7b361233569e8fe48;18;0
957;0xd42de95a9b26f1be134c8ecce389dc4fcfa18753d01661b7b361233569e8fe48;18;0
958;0xd42de95a9b26f1be134c8ecce389dc4fcfa18753d01661b7b361233569e8fe48;18;0
959;0xd42de95a9b26f1be134c8ecce389dc4fcfa18753d01661b7b361233569e8fe48;18;0
960;0xd42de95a9b26f1be134c8ecce389dc4fcfa18753d01661b7b361233569e8fe48;16;0
961;0xd42de95a9b26f1be134c8ecce389dc4fcfa18753d01661b7b361233569e8fe48;18;0
962;0xd42de95a9b26f1be134c8ecce389dc4fcfa18753d01661b7b361233569e8fe48;16;0
963;0xd42de95a9b26f1be134c8ecce389dc4fcfa18753d01661b7b361233569e8fe48;17;0
964;0xd42de95a9b26f1be134c8ecce389dc4fcfa18753d01661b7b361233569e8fe48;18;0
965;0xd42de95a9b26f1be134c8ecce389dc4fcfa18753d01661b7b361233569e8fe48;18;0
966;0xd42de95a9b26f1be134c8ecce389dc4fcfa18753d01661b7b361233569e8fe48;17;0
967;0xd42de95a9b26f1be134c8ecce389dc4fcfa18753d01661b7b361233569e8fe48;16;0
968;0xd42de95a9b26f1be134c8ecce389dc4fcfa18753d01661b7b361233569e8fe48;18;0
969;0xd42de95a9b26f1be134c8ecce389dc4fcfa18753d01661b7b361233569e8fe48;18;0
970;0xd42de95a9b26f1be134c8ecce389dc4fcfa18753d01661b7b361233569e8fe48;18;0
971;0xd42de95a9b26f1be134c8ecce389dc4fcfa18753d01661b7b361233569e8fe48;16;0
972;0xd42de95a9b26f1be134c8ecce389dc4fcfa18753d01661b7b361233569e8fe48;19;0
973;0xd42de95a9b26f1be134c8ecce389dc4fcfa18753d01661b7b361233569e8fe48;18;0
974;0xd42de95a9b26f1be134c8ecce389dc4fcfa18753d01661b7b361233569e8fe48;18;0
975;0xd42de95a9b26f1be134c8ecce389dc4fcfa18753d01661b7b361233569e8fe48;18;0
976;0xd42de95a9b26f1be134c8ecce389dc4fcfa18753d01661b7b361233569e8fe48;16;0
977;0xd42de95a9b26f1be134c8ecce389dc4fcfa18753d01661b7b361233569e8fe48;18;0
978;0xd42de95a9b26f1be134c8ecce389dc4fcfa18753d01661b7b361233569e8fe48;18;0
979;0xd42de95a9b26f1be134c8ecce389dc4fcfa18753d01661b7b361233569e8fe48;18;0
980;0xd42de95a9b26f1be134c8ecce389dc4fcfa18753d01661b7b361233569e8fe48;18;0
981;0xd42de95a9b26f1be134c8ecce389dc4fcfa18753d01661b7b361233569e8fe48;17;0
982;0xd42de95a9b26f1be134c8ecce389dc4fcfa18753d01661b7b361233569e8fe48;18;0
983;0xd42de95a9b26f1be134c8ecce389dc4fcfa18753d01661b7b361233569e8fe48;18;0
984;0xd42de95a9b26f1be134c8ecce389dc4fcfa18753d01661b7b361233569e8fe48;17;0
985;0xd42de95a9b26f1be134c8ecce389dc4fcfa18753d01661b7b361233569e8fe48;18;0
986;0xd42de95a9b26f1be134c8ecce389dc4fcfa18753d01661b7b361233569e8fe48;18;0
987;0xd42de95a9b26f1be134c8ecce389dc4fcfa18753d01661b7b361233569e8fe48;18;0
988;0xd42de95a9b26f1be134c8ecce389dc4fcfa18753d01661b7b361233569e8fe48;18;0
989;0xd42de95a9b26f1be134c8ecce389dc4fcfa18753d01661b7b361233569e8fe48;17;0
990;0xd42de95a9b26f1be134c8ecce389dc4fcfa18753d01661b7b361233569e8fe48;18;0
991;0xd42de95a9b26f1be134c8ecce389dc4fcfa18753d01661b7b361233569e8fe48;19;0
992;0xd42de95a9b26f1be134c8ecce389dc4fcfa18753d01661b7b361233569e8fe48;18;0
993;0xd42de95a9b26f1be134c8ecce389dc4fcfa18753d01661b7b361233569e8fe48;18;0
994;0xd42de95a9b26f1be134c8ecce389dc4fcfa18753d01661b7b361233569e8fe48;17;0
995;0xd42de95a9b26f1be134c8ecce389dc4fcfa18753d01661b7b361233569e8fe48;18;0
996;0xd42de95a9b26f1be134c8ecce389dc4fcfa18753d01661b7b361233569e8fe48;19;0
997;0xd42de95a9b26f1be134c8ecce389dc4fcfa18753d01661b7b361233569e8fe48;17;0
998;0xd42de95a9b26f1be134c8ecce389dc4fcfa18753d01661b7b361233569e8fe48;16;0
999;0xd42de95a9b26f1be134c8ecce389dc4fcfa18753d01661b7b361233569e8fe48;16;0
